Godot Engine v4.6.3.stable.mono.official.7d41c59c4 - https://godotengine.org

[lb]frameprofiler] env: managed-debugger=False godot-context=debug csharp=Debug vsync=Enabled maxfps=0 refresh=-1Hz cpu=24c gpu=[0m
[lb]frameprofiler] columns: proc=all _Process CPU | rcpu=render-thread submit | gpu=main viewport GPU | rest=present/vsync/stall (ms-proc-rcpu) | alloc=managed garbage/frame | pipe=shader-pipeline compiles[0m
=== XonoticGodot boot ===[0m
Weapons:   27[0m
Items:     21[0m
Mutators:  46[0m
GameTypes: 20[0m
[lb]MenuState] config: 6462 cvars from 25 cfg files (374 aliases, 0 missing).[0m
[lb]video] vid_vsync 2 → requested Mailbox, actual Enabled[0m
[lb]video] cl_maxfps 256 -> Engine.MaxFps 144 (refresh -1Hz)[0m
[lb]video] process priority AboveNormal (sys_priority_boost 1)[0m
[MenuCommand] 'playerstats_update' has no client backend yet (inert).
[lb]Shell] hosting listen server: gametype=dm map=stormkeep bots=5 skill=0 timelimit=0 fraglimit=0[0m
[AssetSystem] loaded 2439 shaders from 185 scripts.
[NetTransport.Server] listening on UDP 26000 (max 16).
[ServerNet] LAN discovery: answering getinfo on UDP 26001 (game port 26000).
[NetTransport.Client] connecting to 127.0.0.1:26000 …
[EffectSystem] effectinfo: 301 effects, particlefont atlas: loaded, style overlay: 0 effects
[Particles] backend=original (cl_particles_modern=0)
[MapLoader] occluder: 90035 verts / 107970 tris (r_occlusion_cull A/B)
[MapLoader] 'stormkeep' materials: lightmapped=35 vertexLit=3 plain=9 glow=4 normalMapped=34 (deluxe=True, internalPages=0, atlas=1p, cellSize=131072, cells=8, surfaces=194)
[MapLoader] 'stormkeep' portal surfaces: 2 (from 2 faces)
[DecalSplats] geometry: 106027 render triangles, 502 grid cells
[Skybox] loaded 'env/extragalactic/asteroids'.
[PortalRenderer] 2 live portal(s)
[NetGame] map music: 'cdtracks/track005' (from mapinfo/worldspawn)
[NetGame] precached 24 weapon models, skipped 0 (lazy), 24 muzzle tags.
[NetGame] precached 36 combat sounds, 10 player models (rendered for pipeline warm).
[NetGame] listen server on 127.0.0.1:26000 (map 'stormkeep', dm, 5 bots) — self-connecting.
[ServerNet] peer 1748397554 connected (awaiting handshake).
[ServerNet] peer 1748397554 accepted as 'player' (netId 1748397554, id e47019bb).
[ClientNet] handshake accepted by 'Xonotic  Server': netId 1, tickrate 72 Hz.
[NetGame] handshake accepted by 'Xonotic  Server': netId 1.
[lb]hitch EXTERNAL] 61.1ms (3 dropped @60Hz) (med 6.9, ×8.8) — rest-dominated, game-side quiet — OS/compositor/driver | proc 11.8 rcpu 0.0 gpu 0.0 rest 49.3 | alloc 908KB | ticks 4, remote.ents 21 | watchdog: 3/5 samples in 'ng.process'[0m
[lb]hitch]   events: [lb]-1f] net: PREDICTION DESYNC 1067qu (predicted vs acked-replay origin)[0m
[lb]hitch]   prev: 6.9 6.9 6.9 6.9 6.9 6.9 6.9 6.9[0m
[lb]hitch EXTERNAL ×2] 26.7–61.1ms over 0.0s (med 6.9) — rest-dominated, game-side quiet — OS/compositor/driver[0m
[lb]hitch VSYNC/PRESENT] 14.8ms (med 6.9, ×2.1) — present/vsync-bound (rest 10.1ms, gpu 0.0ms) | proc 4.7 rcpu 0.0 gpu 0.0 rest 10.1 | alloc 88KB | ticks 1, remote.ents 21[0m
[lb]frameprofile] scene: nodes 2839 objs-drawn 0 draws 0 vram 0MB[0m
[lb]frameprofile] census: Label 876  HBoxContainer 218  Control 157  Dependent 113  Button 110  CvarCheckBox 104  VBoxContainer 78  HSlider 62  CvarSlider 58  MarginContainer 52[0m
[lb]frameprofile] 316 frames: p50 6.9 p95 125.6 p99 145.4 p99.9 149.9ms (max 150.0) | 2 EXTERNAL, 1 VSYNC/PRESENT | alloc 9MB/s heap 192.9MB | proc 0.8 gpu 0.0[0m
[lb]frameprofile] ms/frame: iqm.mesh 26.2  iqm.materials 26.0  iqm.anims 5.0  cev.process 4.0  ng.process 1.8  proc:other 1.1  server.tick 0.6  net.send 0.3  cw.process 0.1  net.poll 0.1[0m
[lb]bots] waypoints for 'stormkeep': nodes=99 (file=loaded, cache=yes)[0m
[lb]hitch CPU-LOGIC] 113.6ms (6 dropped @60Hz) (med 6.9, ×16.4) — ng.process 117.4ms (typ 12.1ms, 10× over) | proc 113.6 rcpu 0.0 gpu 0.0 rest 0.0 | alloc 296KB | ticks 8, remote.ents 22 | watchdog: 35/81 samples in 'bot.strategy'[0m
[lb]hitch]   events: anim cache HIT models/player/ignismasked.iqm[0m
[lb]hitch]   prev: 6.9 6.9 6.9 6.9 6.9 6.9 6.9 6.9[0m
[lb]hitch GC-PAUSE] 133.3ms (7 dropped @60Hz) (med 6.9, ×19.2) — GC g0+1 g1+1 g2+1, pause 2.5ms, 62.3MB allocated | proc 11.3 rcpu 0.0 gpu 0.0 rest 122.0 | alloc 62.3MB | ticks 9, remote.ents 22[0m
[lb]hitch GC-PAUSE ×2] 35.0–133.3ms over 0.0s (med 6.9) — GC g0+1 g1+1 g2+1, pause 2.5ms, 62.3MB allocated[0m
[lb]hitch MIXED] 15.0ms (med 6.9, ×2.2) — mixed — ng.process 2.2ms | proc 6.8 rcpu 0.0 gpu 0.0 rest 8.2 | alloc 56KB | ticks 1, remote.ents 22[0m
[lb]hitch EXTERNAL] 46.9ms (2 dropped @60Hz) (med 6.9, ×6.8) — rest-dominated, game-side quiet — OS/compositor/driver | proc 3.5 rcpu 0.0 gpu 0.0 rest 43.4 | alloc 40KB | ticks 3, remote.ents 22 | watchdog: 23/40 samples in 'bot.path'[0m
[lb]hitch]   prev: 6.9 6.9 6.9 6.9 6.9 6.9 6.9 6.9[0m
[lb]hitch VSYNC/PRESENT] 16.7ms (med 6.9, ×2.4) — present/vsync-bound (rest 13.0ms, gpu 0.0ms) | proc 3.6 rcpu 0.0 gpu 0.0 rest 13.0 | alloc 131KB | ticks 2, remote.ents 22 | watchdog: 23/40 samples in 'bot.path'[0m
[lb]hitch VSYNC/PRESENT ×3] 13.9–19.1ms over 0.2s (med 6.9) — present/vsync-bound (rest 13.0ms, gpu 0.0ms)[0m
[lb]hitch EXTERNAL] 89.3ms (4 dropped @60Hz) (med 6.9, ×12.9) — rest-dominated, game-side quiet — OS/compositor/driver | proc 4.3 rcpu 0.0 gpu 0.0 rest 85.0 | alloc 56KB | ticks 6, remote.ents 22 | watchdog: 42/63 samples in 'bot.path'[0m
[lb]hitch]   prev: 6.9 6.9 6.9 6.9 6.9 6.9 6.9 6.9[0m
[lb]hitch VSYNC/PRESENT] 16.7ms (med 6.9, ×2.4) — present/vsync-bound (rest 11.9ms, gpu 0.0ms) | proc 4.8 rcpu 0.0 gpu 0.0 rest 11.9 | alloc 169KB | ticks 1, remote.ents 22[0m
[lb]hitch VSYNC/PRESENT ×2] 13.9–16.7ms over 0.7s (med 6.9) — present/vsync-bound (rest 11.9ms, gpu 0.0ms)[0m
[lb]hitch CPU-LOGIC] 32.5ms (1 dropped @60Hz) (med 6.9, ×4.7) — ng.process 13.7ms (typ 2.7ms, 5× over) | proc 21.8 rcpu 0.0 gpu 0.0 rest 10.6 | alloc 33.0MB | ticks 2, remote.ents 21 | watchdog: 5/10 samples in '(unscoped)'[0m
[lb]hitch]   events: [lb]-6f] stream: idle-warm models/player/nyx.iqm tex textures/shadowheadfb_shirt built (0.0ms); [lb]-3f] stream: idle-warm models/player/nyx.iqm tex textures/shadowheadfb_gloss built (0.0ms); [lb]-1f] stream: idle-warm models/player/nyx.iqm tex textures/shadowheadfb built (0.0ms); [lb]-1f] stream: idle-warm models/player/nyx.iqm tex textures/shadowheadfb_norm built (0.0ms); [lb]-1f] stream: idle-warm models/player/nyx.iqm tex textures/shadowheadfb_reflect built (0.0ms); [lb]-1f] stream: idle-warm models/player/pyria.iqm tex textures/pyriafullbright_reflect built (0.0ms); [lb]-1f] stream: idle-warm models/player/umbra.iqm tex textures/umbrafullbright_pants built (0.0ms); stream: idle-warm models/player/seraphina.iqm tex textures/seraphina_gloss built (0.0ms)[0m
[lb]hitch]   prev: 7.1 7.1 7.1 7.1 7.1 7.1 7.1 7.1[0m
[lb]hitch CPU-LOGIC ×3] 16.7–32.5ms over 0.0s (med 6.9) — ng.process 13.7ms (typ 2.7ms, 5× over)[0m
[lb]hitch MIXED] 22.2ms (med 6.9, ×3.2) — mixed — proc:other 8.5ms | proc 11.0 rcpu 0.0 gpu 0.0 rest 11.2 | alloc 1.1MB | ticks 2, remote.ents 21 | watchdog: 5/5 samples in '(unscoped)'[0m
[lb]hitch CPU-LOGIC] 20.8ms (med 6.9, ×3.0) — proc:other 16.1ms (typ 4.4ms, 4× over) | proc 19.0 rcpu 0.0 gpu 0.0 rest 1.8 | alloc 1.3MB | ticks 1, remote.ents 21 | watchdog: 8/8 samples in '(unscoped)'[0m
[lb]hitch CPU-LOGIC ×2] 20.8–20.8ms over 0.0s (med 6.9) — proc:other 16.1ms (typ 4.4ms, 4× over)[0m
[lb]hitch ASSET-BUILD] 20.8ms (med 6.9, ×3.0) — iqm.anims 281.4ms (asset build/upload) | proc 13.4 rcpu 0.0 gpu 0.0 rest 7.4 | alloc 46.4MB | ticks 1, remote.ents 21 | watchdog: 6/6 samples in '(unscoped)'[0m
[lb]hitch CPU-LOGIC] 13.9ms (med 6.9, ×2.0) — proc:other 8.6ms | proc 10.5 rcpu 0.0 gpu 0.0 rest 3.3 | alloc 734KB | ticks 1, remote.ents 21[0m
[lb]hitch MIXED] 13.9ms (med 6.9, ×2.0) — mixed — proc:other 4.9ms | proc 6.5 rcpu 0.0 gpu 0.0 rest 7.4 | alloc 16.7MB | ticks 1, remote.ents 21 | watchdog: 4/4 samples in '(unscoped)'[0m
[lb]hitch CPU-LOGIC] 13.9ms (med 6.9, ×2.0) — proc:other 11.9ms | proc 13.9 rcpu 0.0 gpu 0.0 rest 0.0 | alloc 753KB | ticks 1, remote.ents 21 | watchdog: 6/6 samples in '(unscoped)'[0m
[lb]frameprofile] scene: nodes 2855 objs-drawn 0 draws 0 vram 0MB[0m
[lb]frameprofile] census: Label 876  HBoxContainer 218  Control 157  Dependent 113  Button 110  CvarCheckBox 104  VBoxContainer 78  HSlider 62  CvarSlider 58  MarginContainer 52[0m
[lb]frameprofile] 633 frames: p50 6.9 p95 8.4 p99 22.1 p99.9 113.6ms (max 133.3) | 2 EXTERNAL, 1 ASSET-BUILD, 2 GC-PAUSE, 5 VSYNC/PRESENT, 9 CPU-LOGIC, 3 MIXED | alloc 236MB/s heap 826.8MB | proc 10.2 gpu 0.0[0m
[lb]frameprofile] ms/frame: ng.process 1.9  server.tick 1.5  sim.move 1.1  proc:other 0.9  move.in 0.9  bot.think 0.9  bot.strategy 0.8  iqm.anims 0.4  cw.process 0.3  bot.path 0.3[0m
[lb]hitch CPU-LOGIC ×6] 13.3–16.7ms over 0.1s (med 6.9) — proc:other 11.9ms[0m
[lb]hitch VSYNC/PRESENT] 13.9ms (med 6.9, ×2.0) — present/vsync-bound (rest 8.1ms, gpu 0.0ms) | proc 5.7 rcpu 0.0 gpu 0.0 rest 8.1 | alloc 107KB | ticks 1, remote.ents 21[0m
[lb]hitch ASSET-BUILD] 13.3ms (med 6.9, ×1.9) — stream.build 8.8ms (asset build/upload) | proc 13.3 rcpu 0.0 gpu 0.0 rest 0.0 | alloc 176KB | ticks 1, remote.ents 21 | watchdog: 3/8 samples in 'stream.build'[0m
[lb]hitch CPU-LOGIC] 21.4ms (med 6.9, ×3.1) — ng.process 5.1ms | proc 12.5 rcpu 0.0 gpu 0.0 rest 8.9 | alloc 318KB | ticks 2, remote.ents 21 | watchdog: 3/5 samples in '(unscoped)'[0m
[lb]hitch CPU-LOGIC ×3] 13.9–21.4ms over 0.0s (med 6.9) — ng.process 5.1ms[0m
[lb]hitch MIXED] 13.3ms (med 6.9, ×1.9) — mixed — proc:other 2.8ms | proc 6.8 rcpu 0.0 gpu 0.0 rest 6.6 | alloc 1.8MB | ticks 1, remote.ents 21[0m
[lb]hitch VSYNC/PRESENT] 13.3ms (med 6.9, ×1.9) — present/vsync-bound (rest 10.1ms, gpu 0.0ms) | proc 3.2 rcpu 0.0 gpu 0.0 rest 10.1 | alloc 1.3MB | ticks 0, remote.ents 21 | watchdog: 3/3 samples in '(unscoped)'[0m
[IdleWarmer] asset warm queue drained — full asset set is hot.
[lb]hitch CPU-LOGIC] 25.0ms (med 6.9, ×3.6) — ng.process 45.5ms (typ 5.5ms, 8× over) | proc 25.0 rcpu 0.0 gpu 0.0 rest 0.0 | alloc 40KB | ticks 2, remote.ents 21 | watchdog: 14/26 samples in 'bot.path'[0m
[lb]hitch]   prev: 6.9 6.9 6.9 6.9 6.9 6.9 6.9 6.9[0m
[lb]hitch EXTERNAL] 52.0ms (2 dropped @60Hz) (med 6.9, ×7.5) — rest-dominated, game-side quiet — OS/compositor/driver | proc 3.5 rcpu 0.0 gpu 0.0 rest 48.6 | alloc 184KB | ticks 3, remote.ents 21 | watchdog: 14/29 samples in 'bot.path'[0m
[lb]hitch VSYNC/PRESENT] 16.7ms (med 6.9, ×2.4) — present/vsync-bound (rest 13.4ms, gpu 0.0ms) | proc 3.2 rcpu 0.0 gpu 0.0 rest 13.4 | alloc 40KB | ticks 2, remote.ents 21 | watchdog: 14/29 samples in 'bot.path'[0m
[lb]hitch EXTERNAL] 68.1ms (3 dropped @60Hz) (med 6.9, ×9.8) — rest-dominated, game-side quiet — OS/compositor/driver | proc 4.9 rcpu 0.0 gpu 0.0 rest 63.2 | alloc 56KB | ticks 5, remote.ents 21 | watchdog: 26/51 samples in 'bot.path'[0m
[lb]hitch]   prev: 6.9 6.9 6.9 6.9 6.9 6.9 6.9 6.9[0m
[lb]hitch VSYNC/PRESENT] 13.2ms (med 6.9, ×1.9) — present/vsync-bound (rest 10.8ms, gpu 0.0ms) | proc 2.4 rcpu 0.0 gpu 0.0 rest 10.8 | alloc 40KB | ticks 1, remote.ents 21[0m
[lb]frameprofile] scene: nodes 2865 objs-drawn 0 draws 0 vram 0MB[0m
[lb]frameprofile] census: Label 876  HBoxContainer 218  Control 157  Dependent 113  Button 110  CvarCheckBox 104  VBoxContainer 78  HSlider 62  CvarSlider 58  MarginContainer 52[0m
[lb]frameprofile] 677 frames: p50 6.9 p95 8.4 p99 13.9 p99.9 52.1ms (max 68.1) | 2 EXTERNAL, 1 ASSET-BUILD, 5 VSYNC/PRESENT, 8 CPU-LOGIC, 1 MIXED | alloc 5MB/s heap 856.9MB | proc 2.5 gpu 0.0[0m
[lb]frameprofile] ms/frame: ng.process 1.6  server.tick 1.2  sim.move 0.8  proc:other 0.7  move.in 0.5  bot.think 0.5  bot.strategy 0.5  net.send 0.2  move.pm 0.2  bot.path 0.2[0m
[lb]hitch VSYNC/PRESENT ×2] 13.2–15.8ms over 0.4s (med 6.9) — present/vsync-bound (rest 10.8ms, gpu 0.0ms)[0m
[lb]hitch EXTERNAL] 61.1ms (3 dropped @60Hz) (med 6.9, ×8.8) — rest-dominated, game-side quiet — OS/compositor/driver | proc 3.3 rcpu 0.0 gpu 0.0 rest 57.8 | alloc 56KB | ticks 4, remote.ents 21 | watchdog: 40/45 samples in 'bot.strategy'[0m
[lb]hitch]   prev: 6.9 6.9 6.9 6.9 6.9 6.9 6.9 6.9[0m
[lb]hitch VSYNC/PRESENT] 15.3ms (med 6.9, ×2.2) — present/vsync-bound (rest 12.1ms, gpu 0.0ms) | proc 3.2 rcpu 0.0 gpu 0.0 rest 12.1 | alloc 48KB | ticks 1, remote.ents 21 | watchdog: 40/45 samples in 'bot.strategy'[0m
[lb]hitch VSYNC/PRESENT ×4] 13.0–15.3ms over 0.8s (med 6.9) — present/vsync-bound (rest 12.1ms, gpu 0.0ms)[0m
[lb]hitch VSYNC/PRESENT] 25.0ms (med 7.1, ×3.5) — present/vsync-bound (rest 22.4ms, gpu 0.0ms) | proc 2.6 rcpu 0.0 gpu 0.0 rest 22.4 | alloc 48KB | ticks 2, remote.ents 22 | watchdog: 13/24 samples in 'bot.path'[0m
[lb]hitch]   prev: 6.9 6.9 6.9 6.9 6.9 6.9 6.9 6.9[0m
[lb]frameprofile] scene: nodes 2881 objs-drawn 0 draws 0 vram 0MB[0m
[lb]frameprofile] census: Label 876  HBoxContainer 218  Control 157  Dependent 113  Button 110  CvarCheckBox 104  VBoxContainer 78  HSlider 62  CvarSlider 58  MarginContainer 52[0m
[lb]frameprofile] 698 frames: p50 6.9 p95 7.4 p99 11.1 p99.9 24.9ms (max 61.1) | 1 EXTERNAL, 5 VSYNC/PRESENT | alloc 5MB/s heap 930.2MB | proc 1.3 gpu 0.0[0m
[lb]frameprofile] ms/frame: ng.process 1.5  server.tick 1.1  sim.move 0.7  proc:other 0.6  move.in 0.5  bot.think 0.5  bot.strategy 0.4  net.send 0.2  cw.process 0.2  move.pm 0.2[0m
[lb]hitch EXTERNAL] 62.0ms (3 dropped @60Hz) (med 6.9, ×8.9) — rest-dominated, game-side quiet — OS/compositor/driver | proc 10.9 rcpu 0.0 gpu 0.0 rest 51.1 | alloc 48KB | ticks 4, remote.ents 22 | watchdog: 1/4 samples in 'bot.path'[0m
[lb]hitch]   prev: 6.9 6.9 6.9 6.9 6.9 6.9 6.9 6.9[0m
[lb]hitch VSYNC/PRESENT] 21.2ms (med 6.9, ×3.1) — present/vsync-bound (rest 18.5ms, gpu 0.0ms) | proc 2.7 rcpu 0.0 gpu 0.0 rest 18.5 | alloc 130KB | ticks 2, remote.ents 22 | watchdog: 3/6 samples in '(unscoped)'[0m
[lb]hitch VSYNC/PRESENT ×3] 13.0–21.2ms over 0.0s (med 6.9) — present/vsync-bound (rest 18.5ms, gpu 0.0ms)[0m
[lb]hitch EXTERNAL] 32.7ms (1 dropped @60Hz) (med 6.9, ×4.7) — rest-dominated, game-side quiet — OS/compositor/driver | proc 3.2 rcpu 0.0 gpu 0.0 rest 29.5 | alloc 40KB | ticks 2, remote.ents 22 | watchdog: 21/23 samples in 'bot.strategy'[0m
[lb]hitch]   prev: 6.9 6.9 6.9 6.9 6.9 6.9 6.9 6.9[0m
[lb]hitch EXTERNAL ×2] 28.1–32.7ms over 0.6s (med 6.9) — rest-dominated, game-side quiet — OS/compositor/driver[0m
[lb]frameprofile] scene: nodes 2956 objs-drawn 0 draws 0 vram 0MB[0m
[lb]frameprofile] census: Label 876  HBoxContainer 218  Control 157  Dependent 113  Button 110  CvarCheckBox 104  VBoxContainer 78  HSlider 62  CvarSlider 58  MeshInstance3D 54[0m
[lb]frameprofile] 697 frames: p50 6.9 p95 7.4 p99 11.1 p99.9 32.6ms (max 62.0) | 3 EXTERNAL, 3 VSYNC/PRESENT | alloc 5MB/s heap 932.7MB | proc 3.1 gpu 0.0[0m
[lb]frameprofile] ms/frame: ng.process 1.4  server.tick 1.0  sim.move 0.6  proc:other 0.6  cw.process 0.6  cw.players 0.5  move.in 0.4  bot.think 0.4  bot.strategy 0.3  net.send 0.2[0m
[lb]hitch VSYNC/PRESENT] 18.0ms (med 6.9, ×2.6) — present/vsync-bound (rest 14.9ms, gpu 0.0ms) | proc 3.1 rcpu 0.0 gpu 0.0 rest 14.9 | alloc 40KB | ticks 1, remote.ents 40 | watchdog: 16/18 samples in 'bot.strategy'[0m
[lb]hitch]   prev: 6.9 6.9 6.9 6.9 6.9 6.9 6.9 6.9[0m
[lb]hitch VSYNC/PRESENT ×3] 12.6–18.0ms over 0.8s (med 6.9) — present/vsync-bound (rest 14.9ms, gpu 0.0ms)[0m
[lb]hitch VSYNC/PRESENT] 18.9ms (med 6.9, ×2.7) — present/vsync-bound (rest 15.9ms, gpu 0.0ms) | proc 2.9 rcpu 0.0 gpu 0.0 rest 15.9 | alloc 40KB | ticks 1, remote.ents 40 | watchdog: 15/20 samples in 'bot.strategy'[0m
[lb]hitch]   prev: 6.9 6.9 6.9 6.9 6.9 6.9 6.9 6.9[0m
[lb]hitch VSYNC/PRESENT] 18.7ms (med 6.9, ×2.7) — present/vsync-bound (rest 16.0ms, gpu 0.0ms) | proc 2.8 rcpu 0.0 gpu 0.0 rest 16.0 | alloc 32KB | ticks 1, remote.ents 39 | watchdog: 16/19 samples in 'bot.strategy'[0m
[lb]hitch]   prev: 6.9 6.9 6.9 6.9 6.9 6.9 6.9 6.9[0m
[lb]frameprofile] scene: nodes 2951 objs-drawn 0 draws 0 vram 0MB[0m
[lb]frameprofile] census: Label 876  HBoxContainer 218  Control 157  Dependent 113  Button 110  CvarCheckBox 104  VBoxContainer 78  HSlider 62  CvarSlider 58  MeshInstance3D 53[0m
[lb]frameprofile] 700 frames: p50 6.9 p95 8.4 p99 9.1 p99.9 18.6ms (max 18.9) | 5 VSYNC/PRESENT | alloc 5MB/s heap 935.0MB | proc 3.1 gpu 0.0[0m
[lb]frameprofile] ms/frame: ng.process 1.4  server.tick 1.1  cw.process 0.9  cw.players 0.7  sim.move 0.7  proc:other 0.6  move.in 0.5  bot.think 0.5  bot.strategy 0.4  net.send 0.2[0m
[lb]hitch EXTERNAL] 47.2ms (2 dropped @60Hz) (med 6.9, ×6.8) — rest-dominated, game-side quiet — OS/compositor/driver | proc 3.7 rcpu 0.0 gpu 0.0 rest 43.6 | alloc 40KB | ticks 3, remote.ents 39 | watchdog: 20/36 samples in 'bot.path'[0m
[lb]hitch]   prev: 6.9 6.9 6.9 6.9 6.9 6.9 6.9 6.9[0m
[lb]hitch VSYNC/PRESENT] 14.1ms (med 6.9, ×2.0) — present/vsync-bound (rest 10.4ms, gpu 0.0ms) | proc 3.8 rcpu 0.0 gpu 0.0 rest 10.4 | alloc 40KB | ticks 1, remote.ents 39 | watchdog: 20/36 samples in 'bot.path'[0m
[lb]hitch EXTERNAL] 72.4ms (3 dropped @60Hz) (med 6.9, ×10.4) — rest-dominated, game-side quiet — OS/compositor/driver | proc 6.1 rcpu 0.0 gpu 0.0 rest 66.3 | alloc 48KB | ticks 5, remote.ents 39 | watchdog: 28/49 samples in 'bot.strategy'[0m
[lb]hitch]   events: [lb]-4f] stream: player model models/player/erebus.iqm tex textures/erebusfullbright_reflect built (0.0ms); [lb]-1f] stream: player model models/player/erebus.iqm tex textures/erebusfullbright built (0.0ms); [lb]-1f] stream: player model models/player/erebus.iqm tex textures/erebusfullbright_norm built (0.0ms); [lb]-1f] stream: player model models/player/erebus.iqm tex textures/erebusfullbright_gloss built (0.0ms); [lb]-1f] stream: player model models/player/erebus.iqm tex textures/erebusfullbright_glow built (0.0ms); [lb]-1f] stream: player model models/player/erebus.iqm tex textures/erebusfullbright_shirt built (1.8ms)[0m
[lb]hitch]   prev: 7.6 7.4 7.4 7.4 7.4 7.4 7.4 7.4[0m
[lb]hitch VSYNC/PRESENT] 12.5ms (med 6.9, ×1.8) — present/vsync-bound (rest 10.5ms, gpu 0.0ms) | proc 2.0 rcpu 0.0 gpu 0.0 rest 10.5 | alloc 32KB | ticks 0, remote.ents 39 | watchdog: 3/3 samples in '(unscoped)'[0m
[lb]hitch VSYNC/PRESENT ×2] 12.5–19.4ms over 0.5s (med 6.9) — present/vsync-bound (rest 10.5ms, gpu 0.0ms)[0m
[lb]frameprofile] scene: nodes 2951 objs-drawn 0 draws 0 vram 0MB[0m
[lb]frameprofile] census: Label 876  HBoxContainer 218  Control 157  Dependent 113  Button 110  CvarCheckBox 104  VBoxContainer 78  HSlider 62  CvarSlider 58  MeshInstance3D 53[0m
[lb]frameprofile] 698 frames: p50 6.9 p95 7.4 p99 8.9 p99.9 47.1ms (max 72.4) | 2 EXTERNAL, 3 VSYNC/PRESENT | alloc 5MB/s heap 967.9MB | proc 3.4 gpu 0.0[0m
[lb]frameprofile] ms/frame: ng.process 1.4  server.tick 1.0  cw.process 1.0  cw.players 0.8  proc:other 0.7  sim.move 0.6  move.in 0.4  bot.think 0.4  bot.strategy 0.4  net.send 0.2[0m
[lb]hitch EXTERNAL] 27.3ms (1 dropped @60Hz) (med 6.9, ×3.9) — rest-dominated, game-side quiet — OS/compositor/driver | proc 4.5 rcpu 0.0 gpu 0.0 rest 22.8 | alloc 40KB | ticks 2, remote.ents 42 | watchdog: 11/14 samples in 'bot.strategy'[0m
[lb]hitch]   prev: 6.9 6.9 6.9 6.9 6.9 6.9 12.5 7.4[0m
[lb]hitch VSYNC/PRESENT] 19.3ms (med 6.9, ×2.8) — present/vsync-bound (rest 14.9ms, gpu 0.0ms) | proc 4.4 rcpu 0.0 gpu 0.0 rest 14.9 | alloc 40KB | ticks 1, remote.ents 41 | watchdog: 12/16 samples in 'bot.strategy'[0m
[lb]hitch]   prev: 6.9 6.9 6.9 6.9 6.9 6.9 6.9 6.9[0m
[lb]frameprofile] scene: nodes 2987 objs-drawn 0 draws 0 vram 0MB[0m
[lb]frameprofile] census: Label 876  HBoxContainer 218  Control 157  Dependent 113  Button 110  CvarCheckBox 104  VBoxContainer 78  HSlider 62  CvarSlider 58  MeshInstance3D 58[0m
[lb]frameprofile] 707 frames: p50 6.9 p95 7.1 p99 8.4 p99.9 19.4ms (max 27.3) | 1 EXTERNAL, 1 VSYNC/PRESENT | alloc 5MB/s heap 969.1MB | proc 2.6 gpu 0.0[0m
[lb]frameprofile] ms/frame: cw.process 1.3  ng.process 1.3  cw.players 1.2  server.tick 0.9  proc:other 0.6  sim.move 0.5  move.in 0.3  bot.think 0.3  bot.strategy 0.3  net.send 0.2[0m
[lb]hitch VSYNC/PRESENT] 13.4ms (med 6.9, ×1.9) — present/vsync-bound (rest 8.1ms, gpu 0.0ms) | proc 5.3 rcpu 0.0 gpu 0.0 rest 8.1 | alloc 57KB | ticks 1, remote.ents 41 | watchdog: 2/5 samples in '(unscoped)'[0m
[lb]hitch]   prev: 6.9 6.9 6.9 6.9 6.9 6.9 11.1 7.4[0m
[lb]hitch CPU-LOGIC] 18.6ms (med 6.9, ×2.7) — ng.process 11.4ms (typ 3.1ms, 4× over) | proc 13.7 rcpu 0.0 gpu 0.0 rest 4.9 | alloc 40KB | ticks 1, remote.ents 40 | watchdog: 3/5 samples in 'bot.path'[0m
[lb]hitch]   prev: 6.9 6.9 6.9 6.9 6.9 6.9 6.9 6.9[0m
[lb]hitch VSYNC/PRESENT] 17.0ms (med 6.9, ×2.5) — present/vsync-bound (rest 13.4ms, gpu 0.0ms) | proc 3.6 rcpu 0.0 gpu 0.0 rest 13.4 | alloc 169KB | ticks 1, remote.ents 40 | watchdog: 3/7 samples in 'bot.path'[0m
[lb]hitch CPU-LOGIC] 126.4ms (7 dropped @60Hz) (med 6.9, ×18.2) — ng.process 356.3ms (typ 26.2ms, 14× over) | proc 126.4 rcpu 0.0 gpu 0.0 rest 0.0 | alloc 70KB | ticks 9, remote.ents 40 | watchdog: 113/230 samples in 'bot.path'[0m
[lb]hitch EXTERNAL] 133.3ms (7 dropped @60Hz) (med 6.9, ×19.2) — rest-dominated, game-side quiet — OS/compositor/driver | proc 8.4 rcpu 0.0 gpu 0.0 rest 124.9 | alloc 72KB | ticks 10, remote.ents 40[0m
[lb]hitch VSYNC/PRESENT] 20.0ms (med 6.9, ×2.9) — present/vsync-bound (rest 16.9ms, gpu 0.0ms) | proc 3.1 rcpu 0.0 gpu 0.0 rest 16.9 | alloc 48KB | ticks 1, remote.ents 40 | watchdog: 2/3 samples in '(unscoped)'[0m
[lb]hitch CPU-LOGIC] 13.3ms (med 6.9, ×1.9) — ng.process 5.5ms | proc 9.1 rcpu 0.0 gpu 0.0 rest 4.2 | alloc 120KB | ticks 1, remote.ents 41[0m
[lb]hitch EXTERNAL] 36.4ms (1 dropped @60Hz) (med 6.9, ×5.2) — rest-dominated, game-side quiet — OS/compositor/driver | proc 4.4 rcpu 0.0 gpu 0.0 rest 32.0 | alloc 40KB | ticks 2, remote.ents 41 | watchdog: 11/14 samples in 'bot.strategy'[0m
[lb]hitch]   prev: 6.7 6.7 6.7 6.7 6.7 6.7 6.7 6.7[0m
[lb]hitch VSYNC/PRESENT] 16.3ms (med 6.9, ×2.3) — present/vsync-bound (rest 13.3ms, gpu 0.0ms) | proc 3.0 rcpu 0.0 gpu 0.0 rest 13.3 | alloc 153KB | ticks 1, remote.ents 41[0m
[lb]frameprofile] scene: nodes 2983 objs-drawn 0 draws 0 vram 0MB[0m
[lb]frameprofile] census: Label 876  HBoxContainer 218  Control 157  Dependent 113  Button 110  CvarCheckBox 104  VBoxContainer 78  HSlider 62  CvarSlider 58  MeshInstance3D 56[0m
[lb]frameprofile] 666 frames: p50 6.9 p95 7.6 p99 13.4 p99.9 126.4ms (max 133.3) | 2 EXTERNAL, 4 VSYNC/PRESENT, 3 CPU-LOGIC | alloc 5MB/s heap 969.9MB | proc 2.5 gpu 0.0[0m
[lb]frameprofile] ms/frame: ng.process 2.1  server.tick 1.7  sim.move 1.3  cw.process 1.3  cw.players 1.1  move.in 1.1  bot.think 1.1  bot.strategy 1.0  proc:other 0.7  bot.path 0.5[0m
[lb]hitch EXTERNAL] 48.4ms (2 dropped @60Hz) (med 6.9, ×7.0) — rest-dominated, game-side quiet — OS/compositor/driver | proc 2.9 rcpu 0.0 gpu 0.0 rest 45.4 | alloc 40KB | ticks 3, remote.ents 39 | watchdog: 28/30 samples in 'bot.strategy'[0m
[lb]hitch]   prev: 6.9 6.9 6.9 6.9 6.9 6.9 6.9 6.9[0m
[lb]hitch VSYNC/PRESENT] 15.2ms (med 6.9, ×2.2) — present/vsync-bound (rest 11.7ms, gpu 0.0ms) | proc 3.5 rcpu 0.0 gpu 0.0 rest 11.7 | alloc 40KB | ticks 1, remote.ents 39 | watchdog: 28/30 samples in 'bot.strategy'[0m
[lb]frameprofile] scene: nodes 2957 objs-drawn 0 draws 0 vram 0MB[0m
[lb]frameprofile] census: Label 876  HBoxContainer 218  Control 157  Dependent 113  Button 110  CvarCheckBox 104  VBoxContainer 78  HSlider 62  CvarSlider 58  MeshInstance3D 53[0m
[lb]frameprofile] 712 frames: p50 6.9 p95 6.9 p99 7.1 p99.9 15.1ms (max 48.4) | 1 EXTERNAL, 1 VSYNC/PRESENT | alloc 5MB/s heap 964.4MB | proc 2.3 gpu 0.0[0m
[lb]frameprofile] ms/frame: ng.process 1.2  cw.process 1.2  cw.players 1.0  server.tick 0.8  proc:other 0.6  sim.move 0.4  net.send 0.2  move.in 0.2  bot.think 0.2  bot.strategy 0.2[0m
[lb]frameprofile] scene: nodes 2963 objs-drawn 0 draws 0 vram 0MB[0m
[lb]frameprofile] census: Label 876  HBoxContainer 218  Control 157  Dependent 113  Button 110  CvarCheckBox 104  VBoxContainer 78  HSlider 62  CvarSlider 58  MeshInstance3D 54[0m
[lb]frameprofile] 714 frames: p50 6.9 p95 7.4 p99 7.4 p99.9 11.1ms (max 12.5) | no hitches | alloc 5MB/s heap 969.3MB | proc 2.8 gpu 0.0[0m
[lb]frameprofile] ms/frame: ng.process 1.2  cw.process 0.9  server.tick 0.8  cw.players 0.8  proc:other 0.7  sim.move 0.4  net.send 0.2  move.in 0.2  bot.think 0.2  move.pm 0.2[0m
[lb]hitch CPU-LOGIC] 25.0ms (med 6.9, ×3.6) — ng.process 20.1ms (typ 3.8ms, 5× over) | proc 22.6 rcpu 0.0 gpu 0.0 rest 2.4 | alloc 48KB | ticks 2, remote.ents 67 | watchdog: 5/11 samples in 'bot.path'[0m
[lb]hitch]   prev: 6.9 6.9 6.9 6.9 6.9 6.9 6.9 6.9[0m
[lb]hitch VSYNC/PRESENT] 20.8ms (med 6.9, ×3.0) — present/vsync-bound (rest 17.2ms, gpu 0.0ms) | proc 3.6 rcpu 0.0 gpu 0.0 rest 17.2 | alloc 160KB | ticks 1, remote.ents 67 | watchdog: 5/13 samples in 'bot.path'[0m
[lb]hitch VSYNC/PRESENT ×3] 13.9–20.8ms over 0.0s (med 6.9) — present/vsync-bound (rest 17.2ms, gpu 0.0ms)[0m
[lb]hitch EXTERNAL] 26.4ms (1 dropped @60Hz) (med 6.9, ×3.8) — rest-dominated, game-side quiet — OS/compositor/driver | proc 7.7 rcpu 0.0 gpu 0.0 rest 18.7 | alloc 56KB | ticks 2, remote.ents 33[0m
[lb]hitch]   prev: 6.9 6.9 6.9 6.9 6.9 6.9 6.9 6.9[0m
[lb]hitch VSYNC/PRESENT] 13.9ms (med 6.9, ×2.0) — present/vsync-bound (rest 8.4ms, gpu 0.0ms) | proc 5.4 rcpu 0.0 gpu 0.0 rest 8.4 | alloc 182KB | ticks 1, remote.ents 33 | watchdog: 3/3 samples in '(unscoped)'[0m
[lb]frameprofile] scene: nodes 2951 objs-drawn 0 draws 0 vram 0MB[0m
[lb]frameprofile] census: Label 876  HBoxContainer 218  Control 157  Dependent 113  Button 110  CvarCheckBox 104  VBoxContainer 78  HSlider 62  CvarSlider 58  MarginContainer 52[0m
[lb]frameprofile] 702 frames: p50 6.9 p95 7.1 p99 11.1 p99.9 24.9ms (max 26.4) | 1 EXTERNAL, 4 VSYNC/PRESENT, 1 CPU-LOGIC | alloc 5MB/s heap 965.0MB | proc 2.0 gpu 0.0[0m
[lb]frameprofile] ms/frame: ng.process 1.4  cw.process 1.2  server.tick 1.0  cw.players 1.0  sim.move 0.7  proc:other 0.6  move.in 0.4  bot.think 0.4  bot.strategy 0.3  net.send 0.2[0m
[lb]hitch VSYNC/PRESENT] 24.0ms (med 6.9, ×3.5) — present/vsync-bound (rest 18.3ms, gpu 0.0ms) | proc 5.8 rcpu 0.0 gpu 0.0 rest 18.3 | alloc 40KB | ticks 1, remote.ents 31 | watchdog: 14/20 samples in 'bot.strategy'[0m
[lb]hitch]   prev: 12.4 7.4 7.6 7.6 7.1 7.6 7.6 7.6[0m
[lb]hitch EXTERNAL] 41.4ms (1 dropped @60Hz) (med 6.9, ×6.0) — rest-dominated, game-side quiet — OS/compositor/driver | proc 5.2 rcpu 0.0 gpu 0.0 rest 36.1 | alloc 40KB | ticks 3, remote.ents 31 | watchdog: 13/23 samples in 'bot.strategy'[0m
[lb]hitch]   prev: 6.9 6.9 6.9 6.9 6.9 6.9 6.9 6.9[0m
[lb]hitch VSYNC/PRESENT] 16.7ms (med 6.9, ×2.4) — present/vsync-bound (rest 13.7ms, gpu 0.0ms) | proc 3.0 rcpu 0.0 gpu 0.0 rest 13.7 | alloc 145KB | ticks 1, remote.ents 31[0m
[lb]frameprofile] scene: nodes 2951 objs-drawn 0 draws 0 vram 0MB[0m
[lb]frameprofile] census: Label 876  HBoxContainer 218  Control 157  Dependent 113  Button 110  CvarCheckBox 104  VBoxContainer 78  HSlider 62  CvarSlider 58  MarginContainer 52[0m
[lb]frameprofile] 709 frames: p50 6.9 p95 6.9 p99 8.9 p99.9 24.1ms (max 41.4) | 1 EXTERNAL, 3 VSYNC/PRESENT | alloc 5MB/s heap 965.1MB | proc 6.5 gpu 0.0[0m
[lb]frameprofile] ms/frame: ng.process 1.3  cw.process 1.0  server.tick 0.9  cw.players 0.9  proc:other 0.6  sim.move 0.6  move.in 0.3  bot.think 0.3  bot.strategy 0.3  net.send 0.2[0m
[lb]hitch VSYNC/PRESENT ×2] 12.8–16.7ms over 0.0s (med 6.9) — present/vsync-bound (rest 13.7ms, gpu 0.0ms)[0m
[lb]hitch EXTERNAL] 34.7ms (1 dropped @60Hz) (med 6.9, ×5.0) — rest-dominated, game-side quiet — OS/compositor/driver | proc 3.0 rcpu 0.0 gpu 0.0 rest 31.7 | alloc 32KB | ticks 2, remote.ents 26 | watchdog: 16/25 samples in 'bot.strategy'[0m
[lb]hitch]   prev: 6.9 6.9 6.9 6.9 6.9 6.9 6.9 6.9[0m
[lb]hitch VSYNC/PRESENT] 15.3ms (med 6.9, ×2.2) — present/vsync-bound (rest 12.6ms, gpu 0.0ms) | proc 2.7 rcpu 0.0 gpu 0.0 rest 12.6 | alloc 131KB | ticks 1, remote.ents 26 | watchdog: 16/25 samples in 'bot.strategy'[0m
[lb]frameprofile] scene: nodes 2943 objs-drawn 0 draws 0 vram 0MB[0m
[lb]frameprofile] census: Label 876  HBoxContainer 218  Control 157  Dependent 113  Button 110  CvarCheckBox 104  VBoxContainer 78  HSlider 62  CvarSlider 58  MarginContainer 52[0m
[lb]frameprofile] 711 frames: p50 6.9 p95 7.1 p99 7.4 p99.9 15.4ms (max 34.7) | 1 EXTERNAL, 1 VSYNC/PRESENT | alloc 5MB/s heap 964.6MB | proc 3.4 gpu 0.0[0m
[lb]frameprofile] ms/frame: ng.process 1.3  server.tick 1.0  cw.process 0.9  cw.players 0.8  proc:other 0.6  sim.move 0.6  move.in 0.3  bot.think 0.3  bot.strategy 0.3  net.send 0.2[0m
[lb]frameprofile] scene: nodes 2921 objs-drawn 0 draws 0 vram 0MB[0m
[lb]frameprofile] census: Label 876  HBoxContainer 218  Control 157  Dependent 113  Button 110  CvarCheckBox 104  VBoxContainer 78  HSlider 62  CvarSlider 58  MarginContainer 52[0m
[lb]frameprofile] 708 frames: p50 6.9 p95 7.6 p99 8.4 p99.9 12.4ms (max 12.5) | no hitches | alloc 4MB/s heap 970.2MB | proc 2.0 gpu 0.0[0m
[lb]frameprofile] ms/frame: ng.process 1.2  server.tick 0.9  cw.process 0.8  cw.players 0.7  proc:other 0.6  sim.move 0.6  move.in 0.3  bot.think 0.3  bot.strategy 0.3  net.send 0.2[0m
[lb]frameprofile] scene: nodes 2953 objs-drawn 0 draws 0 vram 0MB[0m
[lb]frameprofile] census: Label 876  HBoxContainer 218  Control 157  Dependent 113  Button 110  CvarCheckBox 104  VBoxContainer 78  HSlider 62  CvarSlider 58  MarginContainer 52[0m
[lb]frameprofile] 716 frames: p50 6.9 p95 7.1 p99 7.4 p99.9 7.9ms (max 11.0) | no hitches | alloc 4MB/s heap 968.2MB | proc 1.8 gpu 0.0[0m
[lb]frameprofile] ms/frame: ng.process 1.1  cw.process 1.0  cw.players 0.9  server.tick 0.8  proc:other 0.6  sim.move 0.5  move.in 0.3  bot.think 0.3  net.send 0.2  bot.strategy 0.2[0m
[lb]hitch EXTERNAL] 48.6ms (2 dropped @60Hz) (med 6.9, ×7.0) — rest-dominated, game-side quiet — OS/compositor/driver | proc 4.2 rcpu 0.0 gpu 0.0 rest 44.4 | alloc 40KB | ticks 3, remote.ents 26 | watchdog: 29/33 samples in 'bot.strategy'[0m
[lb]hitch]   prev: 6.9 6.9 6.9 6.9 6.9 6.9 6.9 6.9[0m
[lb]hitch VSYNC/PRESENT] 14.1ms (med 6.9, ×2.0) — present/vsync-bound (rest 11.1ms, gpu 0.0ms) | proc 2.9 rcpu 0.0 gpu 0.0 rest 11.1 | alloc 32KB | ticks 1, remote.ents 26[0m
[lb]hitch VSYNC/PRESENT] 25.0ms (med 6.9, ×3.6) — present/vsync-bound (rest 20.8ms, gpu 0.0ms) | proc 4.2 rcpu 0.0 gpu 0.0 rest 20.8 | alloc 40KB | ticks 2, remote.ents 25 | watchdog: 20/26 samples in 'bot.strategy'[0m
[lb]hitch]   prev: 6.9 6.9 6.9 6.9 6.9 6.9 6.9 6.9[0m
[lb]frameprofile] scene: nodes 2953 objs-drawn 0 draws 0 vram 0MB[0m
[lb]frameprofile] census: Label 876  HBoxContainer 218  Control 157  Dependent 113  Button 110  CvarCheckBox 104  VBoxContainer 78  HSlider 62  CvarSlider 58  MarginContainer 52[0m
[lb]frameprofile] 705 frames: p50 6.9 p95 7.1 p99 10.4 p99.9 24.9ms (max 48.6) | 1 EXTERNAL, 2 VSYNC/PRESENT | alloc 4MB/s heap 966.8MB | proc 2.4 gpu 0.0[0m
[lb]frameprofile] ms/frame: ng.process 1.2  cw.process 1.1  cw.players 1.0  server.tick 1.0  sim.move 0.6  proc:other 0.6  move.in 0.4  bot.think 0.4  bot.strategy 0.3  net.send 0.2[0m
[lb]hitch VSYNC/PRESENT] 25.0ms (med 6.9, ×3.6) — present/vsync-bound (rest 20.7ms, gpu 0.0ms) | proc 4.3 rcpu 0.0 gpu 0.0 rest 20.7 | alloc 32KB | ticks 2, remote.ents 33 | watchdog: 10/21 samples in 'bot.strategy'[0m
[lb]hitch]   prev: 6.9 6.9 6.9 6.9 6.9 6.9 6.9 6.9[0m
=== frame profiler session summary (107s, 12169 frames) ===[0m
  fps: avg 135.2  1%low 81  0.1%low 7  (median 6.9ms, worst 150.0ms)[0m
  hitches: 93 total — 20 EXTERNAL, 2 ASSET-BUILD, 2 GC-PAUSE, 44 VSYNC/PRESENT, 21 CPU-LOGIC, 4 MIXED[0m
    worst[lb]1]: 133.3ms GC-PAUSE (ng.process) @ t=21.8s[0m
    worst[lb]2]: 133.3ms EXTERNAL (ng.process) @ t=58.4s[0m
    worst[lb]3]: 126.4ms CPU-LOGIC (ng.process) @ t=58.4s[0m
    worst[lb]4]: 113.6ms CPU-LOGIC (ng.process) @ t=21.7s[0m
    worst[lb]5]: 89.3ms EXTERNAL (ng.process) @ t=23.6s[0m
  gc: g0+128 g1+62 g2+31, total pause 327ms[0m
  alloc: 3.2GB total, 5MB/s recent, peak 311.2MB in one frame @ t=6.7s, heap 966.5MB[0m
