Godot Engine v4.6.3.stable.mono.official.7d41c59c4 - https://godotengine.org

[lb]frameprofiler] env: managed-debugger=False godot-context=debug csharp=Debug vsync=Enabled maxfps=0 refresh=-1Hz cpu=24c gpu=[0m
[lb]frameprofiler] columns: proc=all _Process CPU | rcpu=render-thread submit | gpu=main viewport GPU | rest=present/vsync/stall (ms-proc-rcpu) | alloc=managed garbage/frame | pipe=shader-pipeline compiles[0m
=== XonoticGodot boot ===[0m
Weapons:   27[0m
Items:     21[0m
Mutators:  46[0m
GameTypes: 20[0m
[lb]MenuState] config: 6462 cvars from 25 cfg files (374 aliases, 0 missing).[0m
[lb]video] vid_vsync 2 → requested Mailbox, actual Enabled[0m
[lb]video] cl_maxfps 256 -> Engine.MaxFps 144 (refresh -1Hz)[0m
[lb]video] process priority AboveNormal (sys_priority_boost 1)[0m
[MenuCommand] 'playerstats_update' has no client backend yet (inert).
[lb]Shell] hosting listen server: gametype=dm map=stormkeep bots=5 skill=0 timelimit=0 fraglimit=0[0m
[AssetSystem] loaded 2439 shaders from 185 scripts.
[NetTransport.Server] listening on UDP 26000 (max 16).
[ServerNet] LAN discovery: answering getinfo on UDP 26001 (game port 26000).
[NetTransport.Client] connecting to 127.0.0.1:26000 …
[EffectSystem] effectinfo: 301 effects, particlefont atlas: loaded, style overlay: 0 effects
[Particles] backend=original (cl_particles_modern=0)
[MapLoader] occluder: 90035 verts / 107970 tris (r_occlusion_cull A/B)
[MapLoader] 'stormkeep' materials: lightmapped=35 vertexLit=3 plain=9 glow=4 normalMapped=34 (deluxe=True, internalPages=0, atlas=1p, cellSize=131072, cells=8, surfaces=194)
[MapLoader] 'stormkeep' portal surfaces: 2 (from 2 faces)
[DecalSplats] geometry: 106027 render triangles, 502 grid cells
[Skybox] loaded 'env/extragalactic/asteroids'.
[PortalRenderer] 2 live portal(s)
[NetGame] map music: 'cdtracks/track005' (from mapinfo/worldspawn)
[NetGame] precached 24 weapon models, skipped 0 (lazy), 24 muzzle tags.
[NetGame] precached 36 combat sounds, 10 player models (rendered for pipeline warm).
[NetGame] listen server on 127.0.0.1:26000 (map 'stormkeep', dm, 5 bots) — self-connecting.
[ServerNet] peer 1070215335 connected (awaiting handshake).
[ServerNet] peer 1070215335 accepted as 'player' (netId 1070215335, id 2a651100).
[ClientNet] handshake accepted by 'Xonotic  Server': netId 1, tickrate 72 Hz.
[NetGame] handshake accepted by 'Xonotic  Server': netId 1.
[lb]hitch VSYNC/PRESENT] 17.9ms (med 8.3, ×2.1) — present/vsync-bound (rest 12.1ms, gpu 0.0ms) | proc 5.8 rcpu 0.0 gpu 0.0 rest 12.1 | alloc 184KB | ticks 2, remote.ents 79[0m
[lb]hitch]   prev: 6.7 6.7 6.7 6.7 6.7 6.7 6.7 6.7[0m
[lb]hitch VSYNC/PRESENT ×2] 15.4–17.9ms over 0.0s (med 7.1) — present/vsync-bound (rest 12.1ms, gpu 0.0ms)[0m
[lb]hitch EXTERNAL] 53.8ms (2 dropped @60Hz) (med 7.1, ×7.5) — rest-dominated, game-side quiet — OS/compositor/driver | proc 12.6 rcpu 0.0 gpu 0.0 rest 41.2 | alloc 924KB | ticks 4, remote.ents 21[0m
[lb]hitch]   events: [lb]-1f] net: PREDICTION DESYNC 1067qu (predicted vs acked-replay origin)[0m
[lb]hitch]   prev: 6.9 7.1 7.1 6.9 6.9 6.9 6.9 6.9[0m
[lb]hitch VSYNC/PRESENT] 23.2ms (med 7.1, ×3.3) — present/vsync-bound (rest 18.8ms, gpu 0.0ms) | proc 4.5 rcpu 0.0 gpu 0.0 rest 18.8 | alloc 201KB | ticks 1, remote.ents 21[0m
[lb]frameprofile] scene: nodes 2839 objs-drawn 0 draws 0 vram 0MB[0m
[lb]frameprofile] census: Label 876  HBoxContainer 218  Control 157  Dependent 113  Button 110  CvarCheckBox 104  VBoxContainer 78  HSlider 62  CvarSlider 58  MarginContainer 52[0m
[lb]frameprofile] 294 frames: p50 7.6 p95 129.6 p99 146.1 p99.9 149.9ms (max 150.0) | 1 EXTERNAL, 3 VSYNC/PRESENT | alloc 9MB/s heap 205.1MB | proc 1.5 gpu 0.0[0m
[lb]frameprofile] ms/frame: iqm.mesh 27.0  iqm.materials 26.9  iqm.anims 5.3  cev.process 4.1  ng.process 1.9  proc:other 1.2  server.tick 0.7  net.send 0.3  cw.process 0.1  net.poll 0.1[0m
[lb]bots] waypoints for 'stormkeep': nodes=99 (file=loaded, cache=yes)[0m
[lb]hitch CPU-LOGIC] 135.6ms (7 dropped @60Hz) (med 7.6, ×17.9) — ng.process 516.7ms (typ 33.1ms, 16× over) | proc 135.6 rcpu 0.0 gpu 0.0 rest 0.0 | alloc 304KB | ticks 9, remote.ents 22 | watchdog: 29/34 samples in 'bot.strategy'[0m
[lb]hitch]   events: anim cache HIT models/player/ignismasked.iqm[0m
[lb]hitch]   prev: 8.3 7.6 7.6 6.1 8.3 7.6 7.6 7.6[0m
[lb]hitch GC-PAUSE] 129.4ms (7 dropped @60Hz) (med 7.6, ×17.1) — GC g0+1 g1+1 g2+1, pause 1.0ms, 62.3MB allocated | proc 10.2 rcpu 0.0 gpu 0.0 rest 119.2 | alloc 62.3MB | ticks 10, remote.ents 22 | watchdog: 29/34 samples in 'bot.strategy'[0m
[lb]hitch VSYNC/PRESENT] 20.6ms (med 7.6, ×2.7) — present/vsync-bound (rest 14.8ms, gpu 0.0ms) | proc 5.8 rcpu 0.0 gpu 0.0 rest 14.8 | alloc 96.1MB | ticks 1, remote.ents 22 | watchdog: 29/34 samples in 'bot.strategy'[0m
[lb]hitch VSYNC/PRESENT ×2] 16.2–20.6ms over 0.2s (med 7.6) — present/vsync-bound (rest 14.8ms, gpu 0.0ms)[0m
[lb]hitch EXTERNAL] 68.0ms (3 dropped @60Hz) (med 7.6, ×9.0) — rest-dominated, game-side quiet — OS/compositor/driver | proc 3.7 rcpu 0.0 gpu 0.0 rest 64.3 | alloc 48KB | ticks 5, remote.ents 22 | watchdog: 4/4 samples in 'bot.strategy'[0m
[lb]hitch]   prev: 7.4 7.4 7.4 7.4 7.6 7.4 7.6 7.4[0m
[lb]hitch VSYNC/PRESENT] 16.7ms (med 7.6, ×2.2) — present/vsync-bound (rest 13.6ms, gpu 0.0ms) | proc 3.0 rcpu 0.0 gpu 0.0 rest 13.6 | alloc 172KB | ticks 1, remote.ents 22 | watchdog: 4/4 samples in 'bot.strategy'[0m
[lb]hitch VSYNC/PRESENT ×2] 16.7–17.2ms over 0.0s (med 7.6) — present/vsync-bound (rest 13.6ms, gpu 0.0ms)[0m
[lb]hitch CPU-LOGIC] 88.5ms (4 dropped @60Hz) (med 7.6, ×11.7) — ng.process 176.5ms (typ 15.1ms, 12× over) | proc 88.5 rcpu 0.0 gpu 0.0 rest 0.0 | alloc 48KB | ticks 6, remote.ents 22 | watchdog: 11/11 samples in 'bot.strategy'[0m
[lb]hitch EXTERNAL] 130.6ms (7 dropped @60Hz) (med 7.6, ×17.2) — rest-dominated, game-side quiet — OS/compositor/driver | proc 7.3 rcpu 0.0 gpu 0.0 rest 123.3 | alloc 88KB | ticks 9, remote.ents 22 | watchdog: 11/12 samples in 'bot.strategy'[0m
[lb]hitch EXTERNAL ×2] 130.6–141.7ms over 0.2s (med 7.6) — rest-dominated, game-side quiet — OS/compositor/driver[0m
[lb]hitch VSYNC/PRESENT] 17.1ms (med 7.6, ×2.3) — present/vsync-bound (rest 13.1ms, gpu 0.0ms) | proc 4.0 rcpu 0.0 gpu 0.0 rest 13.1 | alloc 50KB | ticks 1, remote.ents 22 | watchdog: 8/10 samples in 'bot.strategy'[0m
[lb]hitch]   prev: 6.9 88.5 130.6 9.2 2.9 11.9 8.3 141.7[0m
[lb]hitch EXTERNAL] 135.6ms (7 dropped @60Hz) (med 7.6, ×17.9) — rest-dominated, game-side quiet — OS/compositor/driver | proc 8.4 rcpu 0.0 gpu 0.0 rest 127.2 | alloc 56KB | ticks 9, remote.ents 22 | watchdog: 7/8 samples in 'bot.strategy'[0m
[lb]hitch VSYNC/PRESENT] 16.7ms (med 7.6, ×2.2) — present/vsync-bound (rest 12.8ms, gpu 0.0ms) | proc 3.8 rcpu 0.0 gpu 0.0 rest 12.8 | alloc 48KB | ticks 2, remote.ents 22 | watchdog: 7/8 samples in 'bot.strategy'[0m
[lb]hitch VSYNC/PRESENT ×2] 14.4–16.7ms over 0.1s (med 7.6) — present/vsync-bound (rest 12.8ms, gpu 0.0ms)[0m
[lb]hitch EXTERNAL] 142.4ms (8 dropped @60Hz) (med 7.6, ×18.8) — rest-dominated, game-side quiet — OS/compositor/driver | proc 8.4 rcpu 0.0 gpu 0.0 rest 134.0 | alloc 65KB | ticks 10, remote.ents 22 | watchdog: 5/9 samples in 'bot.strategy'[0m
[lb]hitch]   prev: 10.4 3.5 13.2 5.0 2.7 5.6 5.6 5.6[0m
[lb]hitch VSYNC/PRESENT] 16.7ms (med 7.6, ×2.2) — present/vsync-bound (rest 13.8ms, gpu 0.0ms) | proc 2.9 rcpu 0.0 gpu 0.0 rest 13.8 | alloc 146KB | ticks 1, remote.ents 22[0m
[lb]hitch VSYNC/PRESENT ×3] 14.3–16.7ms over 0.5s (med 7.4) — present/vsync-bound (rest 13.8ms, gpu 0.0ms)[0m
[lb]hitch EXTERNAL] 50.2ms (2 dropped @60Hz) (med 7.4, ×6.8) — rest-dominated, game-side quiet — OS/compositor/driver | proc 3.7 rcpu 0.0 gpu 0.0 rest 46.5 | alloc 48KB | ticks 4, remote.ents 22 | watchdog: 2/3 samples in 'bot.strategy'[0m
[lb]hitch]   prev: 8.9 6.7 3.2 6.7 14.5 8.3 8.3 8.3[0m
[lb]hitch EXTERNAL ×2] 50.2–50.5ms over 0.1s (med 7.4) — rest-dominated, game-side quiet — OS/compositor/driver[0m
[lb]hitch VSYNC/PRESENT] 16.7ms (med 7.4, ×2.3) — present/vsync-bound (rest 13.3ms, gpu 0.0ms) | proc 3.4 rcpu 0.0 gpu 0.0 rest 13.3 | alloc 48KB | ticks 1, remote.ents 22[0m
[lb]hitch VSYNC/PRESENT ×2] 14.5–16.7ms over 0.5s (med 7.1) — present/vsync-bound (rest 13.3ms, gpu 0.0ms)[0m
[lb]hitch CPU-LOGIC] 53.7ms (2 dropped @60Hz) (med 7.1, ×7.5) — ng.process 59.8ms (typ 6.6ms, 9× over) | proc 53.7 rcpu 0.0 gpu 0.0 rest 0.0 | alloc 40KB | ticks 4, remote.ents 22 | watchdog: 3/4 samples in 'bot.strategy'[0m
[lb]hitch]   prev: 6.4 8.3 8.3 8.3 6.1 8.3 8.3 8.3[0m
[lb]frameprofile] scene: nodes 2859 objs-drawn 0 draws 0 vram 0MB[0m
[lb]frameprofile] census: Label 876  HBoxContainer 218  Control 157  Dependent 113  Button 110  CvarCheckBox 104  VBoxContainer 78  HSlider 62  CvarSlider 58  MarginContainer 52[0m
[lb]frameprofile] 361 frames: p50 7.4 p95 66.6 p99 137.1 p99.9 146.4ms (max 150.0) | 7 EXTERNAL, 1 GC-PAUSE, 12 VSYNC/PRESENT, 16 CPU-LOGIC | alloc 140MB/s heap 894.1MB | proc 116.7 gpu 0.0[0m
[lb]frameprofile] ms/frame: ng.process 13.1  server.tick 12.7  sim.move 12.3  move.in 11.9  bot.think 11.9  bot.strategy 11.7  proc:other 0.5  bot.path 0.5  iqm.anims 0.5  cw.process 0.3[0m
[lb]hitch CPU-LOGIC ×15…] ongoing 53.7–150.0ms over 3.1s — ng.process 59.8ms (typ 6.6ms, 9× over)[0m
[lb]hitch CPU-LOGIC ×25…] ongoing 53.7–150.0ms over 6.2s — ng.process 59.8ms (typ 6.6ms, 9× over)[0m
[lb]hitch CPU-LOGIC ×31] 53.7–150.0ms over 6.9s (med 7.6) — ng.process 59.8ms (typ 6.6ms, 9× over)[0m
[lb]hitch EXTERNAL] 98.7ms (5 dropped @60Hz) (med 7.6, ×13.0) — rest-dominated, game-side quiet — OS/compositor/driver | proc 11.4 rcpu 0.0 gpu 0.0 rest 87.3 | alloc 1.4MB | ticks 7, remote.ents 21 | watchdog: 2/4 samples in '(unscoped)'[0m
[lb]hitch]   prev: 150.0 124.3 131.8 127.2 100.0 100.0 142.1 141.3[0m
[lb]hitch EXTERNAL ×2] 40.6–98.7ms over 0.1s (med 7.6) — rest-dominated, game-side quiet — OS/compositor/driver[0m
[lb]hitch CPU-LOGIC] 16.7ms (med 7.6, ×2.2) — ng.process 47.4ms | proc 16.7 rcpu 0.0 gpu 0.0 rest 0.0 | alloc 321KB | ticks 1, remote.ents 21 | watchdog: 24/28 samples in 'bot.strategy'[0m
[lb]hitch EXTERNAL] 48.1ms (2 dropped @60Hz) (med 7.6, ×6.4) — rest-dominated, game-side quiet — OS/compositor/driver | proc 7.5 rcpu 0.0 gpu 0.0 rest 40.6 | alloc 210KB | ticks 3, remote.ents 21[0m
[lb]hitch CPU-LOGIC] 17.9ms (med 7.6, ×2.4) — ng.process 46.6ms | proc 17.9 rcpu 0.0 gpu 0.0 rest 0.0 | alloc 980KB | ticks 2, remote.ents 21 | watchdog: 25/28 samples in 'bot.strategy'[0m
[lb]hitch CPU-LOGIC ×7] 17.9–131.4ms over 0.5s (med 7.6) — ng.process 46.6ms[0m
[lb]hitch MIXED] 95.4ms (5 dropped @60Hz) (med 7.6, ×12.5) — mixed — ng.process 44.8ms | proc 47.9 rcpu 0.0 gpu 0.0 rest 47.5 | alloc 1.9MB | ticks 7, remote.ents 21 | watchdog: 23/27 samples in 'bot.strategy'[0m
[lb]hitch]   prev: 48.1 17.9 34.8 65.0 62.8 51.7 131.4 92.8[0m
[lb]hitch CPU-LOGIC] 50.0ms (2 dropped @60Hz) (med 7.6, ×6.6) — ng.process 44.2ms | proc 46.9 rcpu 0.0 gpu 0.0 rest 3.1 | alloc 2.0MB | ticks 4, remote.ents 21 | watchdog: 24/27 samples in 'bot.strategy'[0m
[IdleWarmer] asset warm queue drained — full asset set is hot.
[lb]hitch CPU-LOGIC ×5] 50.0–50.0ms over 0.2s (med 8.1) — ng.process 44.2ms[0m
[lb]hitch EXTERNAL] 47.2ms (2 dropped @60Hz) (med 8.1, ×5.8) — rest-dominated, game-side quiet — OS/compositor/driver | proc 3.5 rcpu 0.0 gpu 0.0 rest 43.7 | alloc 40KB | ticks 3, remote.ents 21 | watchdog: 21/27 samples in 'bot.strategy'[0m
[lb]hitch CPU-LOGIC] 59.3ms (3 dropped @60Hz) (med 8.1, ×7.3) — ng.process 43.5ms | proc 44.4 rcpu 0.0 gpu 0.0 rest 14.9 | alloc 56KB | ticks 4, remote.ents 21 | watchdog: 22/25 samples in 'bot.strategy'[0m
[lb]hitch EXTERNAL] 50.0ms (2 dropped @60Hz) (med 8.1, ×6.2) — rest-dominated, game-side quiet — OS/compositor/driver | proc 3.5 rcpu 0.0 gpu 0.0 rest 46.5 | alloc 56KB | ticks 3, remote.ents 21 | watchdog: 22/26 samples in 'bot.strategy'[0m
[lb]hitch EXTERNAL ×2] 46.3–50.0ms over 0.1s (med 8.1) — rest-dominated, game-side quiet — OS/compositor/driver[0m
[lb]hitch CPU-LOGIC] 20.2ms (med 8.1, ×2.5) — ng.process 52.1ms | proc 20.2 rcpu 0.0 gpu 0.0 rest 0.0 | alloc 40KB | ticks 2, remote.ents 21 | watchdog: 28/29 samples in 'bot.strategy'[0m
[lb]hitch]   prev: 6.7 5.6 5.6 6.3 59.3 50.0 7.3 46.3[0m
[lb]hitch CPU-LOGIC ×4] 20.2–133.6ms over 0.3s (med 8.3) — ng.process 52.1ms[0m
[lb]hitch MIXED] 78.6ms (4 dropped @60Hz) (med 8.3, ×9.4) — mixed — ng.process 38.7ms | proc 39.6 rcpu 0.0 gpu 0.0 rest 39.0 | alloc 48KB | ticks 5, remote.ents 21 | watchdog: 20/23 samples in 'bot.strategy'[0m
[lb]hitch CPU-LOGIC] 42.7ms (2 dropped @60Hz) (med 8.3, ×5.1) — ng.process 50.7ms | proc 42.7 rcpu 0.0 gpu 0.0 rest 0.0 | alloc 82KB | ticks 4, remote.ents 21 | watchdog: 20/29 samples in 'bot.strategy'[0m
[lb]hitch CPU-LOGIC ×2] 42.7–54.1ms over 0.0s (med 8.3) — ng.process 50.7ms[0m
[lb]hitch EXTERNAL] 45.9ms (2 dropped @60Hz) (med 8.3, ×5.5) — rest-dominated, game-side quiet — OS/compositor/driver | proc 3.4 rcpu 0.0 gpu 0.0 rest 42.5 | alloc 48KB | ticks 4, remote.ents 21 | watchdog: 19/25 samples in 'bot.strategy'[0m
[lb]hitch CPU-LOGIC] 65.7ms (3 dropped @60Hz) (med 7.6, ×8.6) — ng.process 56.1ms | proc 57.4 rcpu 0.0 gpu 0.0 rest 8.3 | alloc 48KB | ticks 4, remote.ents 21 | watchdog: 31/33 samples in 'bot.strategy'[0m
[lb]hitch]   prev: 5.6 6.9 6.9 6.9 6.9 6.9 6.9 6.9[0m
[lb]hitch CPU-LOGIC ×6] 60.6–145.8ms over 1.4s (med 8.1) — ng.process 56.1ms[0m
[lb]hitch CPU-LOGIC] 134.4ms (7 dropped @60Hz) (med 8.1, ×16.5) — ng.process 1077.4ms (typ 136.2ms, 8× over) | proc 134.4 rcpu 0.0 gpu 0.0 rest 0.0 | alloc 56KB | ticks 10, remote.ents 21 | watchdog: 669/689 samples in 'bot.strategy'[0m
[lb]hitch]   prev: 6.9 6.9 65.7 60.6 124.0 136.5 118.1 145.8[0m
[lb]frameprofile] scene: nodes 2865 objs-drawn 0 draws 0 vram 0MB[0m
[lb]frameprofile] census: Label 876  HBoxContainer 218  Control 157  Dependent 113  Button 110  CvarCheckBox 104  VBoxContainer 78  HSlider 62  CvarSlider 58  MarginContainer 52[0m
[lb]frameprofile] 88 frames: p50 47.1 p95 141.4 p99 145.9 p99.9 145.9ms (max 150.0) | 7 EXTERNAL, 45 CPU-LOGIC, 2 MIXED | alloc 71MB/s heap 938.1MB | proc 132.2 gpu 0.0[0m
[lb]frameprofile] ms/frame: ng.process 103.2  server.tick 102.5  sim.move 101.4  move.in 99.9  bot.think 99.9  bot.strategy 99.5  bot.path 2.1  move.pm 1.2  proc:other 0.8  net.send 0.4[0m
[lb]hitch CPU-LOGIC ×3] 122.4–134.4ms over 1.4s (med 8.3) — ng.process 1077.4ms (typ 136.2ms, 8× over)[0m
[lb]hitch EXTERNAL] 131.9ms (7 dropped @60Hz) (med 8.3, ×15.8) — rest-dominated, game-side quiet — OS/compositor/driver | proc 9.0 rcpu 0.0 gpu 0.0 rest 122.9 | alloc 64KB | ticks 10, remote.ents 21[0m
[lb]hitch VSYNC/PRESENT] 16.7ms (med 8.3, ×2.0) — present/vsync-bound (rest 14.1ms, gpu 0.0ms) | proc 2.6 rcpu 0.0 gpu 0.0 rest 14.1 | alloc 40KB | ticks 1, remote.ents 21 | watchdog: 2/3 samples in '(unscoped)'[0m
[lb]hitch CPU-LOGIC] 141.4ms (7 dropped @60Hz) (med 7.1, ×19.8) — ng.process 79.8ms (typ 16.9ms, 5× over) | proc 80.6 rcpu 0.0 gpu 0.0 rest 60.7 | alloc 56KB | ticks 10, remote.ents 21 | watchdog: 36/47 samples in 'bot.strategy'[0m
[lb]hitch]   prev: 6.9 6.9 6.9 6.9 6.9 6.9 6.9 6.9[0m
[lb]hitch EXTERNAL] 86.4ms (4 dropped @60Hz) (med 7.1, ×12.1) — rest-dominated, game-side quiet — OS/compositor/driver | proc 5.6 rcpu 0.0 gpu 0.0 rest 80.8 | alloc 182KB | ticks 6, remote.ents 21 | watchdog: 36/49 samples in 'bot.strategy'[0m
[lb]hitch CPU-LOGIC] 84.2ms (4 dropped @60Hz) (med 7.1, ×11.8) — ng.process 86.3ms (typ 16.6ms, 5× over) | proc 84.2 rcpu 0.0 gpu 0.0 rest 0.0 | alloc 56KB | ticks 6, remote.ents 21 | watchdog: 49/52 samples in 'bot.strategy'[0m
[lb]hitch CPU-LOGIC ×11…] ongoing 84.2–150.0ms over 3.1s — ng.process 86.3ms (typ 16.6ms, 5× over)[0m
[lb]hitch CPU-LOGIC ×13] 84.2–150.0ms over 3.6s (med 7.1) — ng.process 86.3ms (typ 16.6ms, 5× over)[0m
[lb]hitch EXTERNAL] 108.4ms (6 dropped @60Hz) (med 7.1, ×15.2) — rest-dominated, game-side quiet — OS/compositor/driver | proc 8.8 rcpu 0.0 gpu 0.0 rest 99.6 | alloc 240KB | ticks 8, remote.ents 22 | watchdog: 2/3 samples in 'cev.process'[0m
[lb]hitch]   events: anim cache HIT models/player/seraphina.iqm[0m
[lb]hitch]   prev: 122.2 133.3 150.0 121.5 128.5 142.8 131.5 138.9[0m
[lb]hitch VSYNC/PRESENT] 14.0ms (med 7.3, ×1.9) — present/vsync-bound (rest 11.6ms, gpu 0.0ms) | proc 2.4 rcpu 0.0 gpu 0.0 rest 11.6 | alloc 162KB | ticks 1, remote.ents 22 | watchdog: 3/5 samples in '(unscoped)'[0m
[lb]hitch EXTERNAL] 78.2ms (4 dropped @60Hz) (med 7.9, ×9.9) — rest-dominated, game-side quiet — OS/compositor/driver | proc 3.8 rcpu 0.0 gpu 0.0 rest 74.3 | alloc 48KB | ticks 5, remote.ents 22 | watchdog: 48/57 samples in 'bot.strategy'[0m
[lb]hitch VSYNC/PRESENT] 16.7ms (med 7.9, ×2.1) — present/vsync-bound (rest 14.2ms, gpu 0.0ms) | proc 2.5 rcpu 0.0 gpu 0.0 rest 14.2 | alloc 48KB | ticks 2, remote.ents 22 | watchdog: 48/57 samples in 'bot.strategy'[0m
[lb]hitch EXTERNAL] 90.1ms (4 dropped @60Hz) (med 6.9, ×13.0) — rest-dominated, game-side quiet — OS/compositor/driver | proc 5.7 rcpu 0.0 gpu 0.0 rest 84.4 | alloc 48KB | ticks 6, remote.ents 22 | watchdog: 49/53 samples in 'bot.strategy'[0m
[lb]hitch]   prev: 6.9 6.9 6.9 7.2 6.9 6.9 6.9 6.9[0m
[lb]hitch VSYNC/PRESENT] 16.7ms (med 6.9, ×2.4) — present/vsync-bound (rest 13.6ms, gpu 0.0ms) | proc 3.1 rcpu 0.0 gpu 0.0 rest 13.6 | alloc 154KB | ticks 2, remote.ents 22[0m
[lb]hitch CPU-LOGIC] 135.5ms (7 dropped @60Hz) (med 6.9, ×19.5) — ng.process 222.5ms (typ 19.0ms, 12× over) | proc 135.5 rcpu 0.0 gpu 0.0 rest 0.0 | alloc 48KB | ticks 9, remote.ents 22 | watchdog: 135/138 samples in 'bot.strategy'[0m
[lb]hitch CPU-LOGIC ×2] 135.5–137.7ms over 0.2s (med 6.9) — ng.process 222.5ms (typ 19.0ms, 12× over)[0m
[lb]hitch EXTERNAL] 116.7ms (6 dropped @60Hz) (med 6.9, ×16.8) — rest-dominated, game-side quiet — OS/compositor/driver | proc 6.0 rcpu 0.0 gpu 0.0 rest 110.6 | alloc 48KB | ticks 9, remote.ents 22[0m
[lb]hitch]   prev: 6.9 6.9 6.9 6.9 6.9 6.9 135.5 137.7[0m
[lb]hitch EXTERNAL ×2] 57.9–116.7ms over 0.1s (med 6.9) — rest-dominated, game-side quiet — OS/compositor/driver[0m
[lb]hitch VSYNC/PRESENT] 16.7ms (med 6.9, ×2.4) — present/vsync-bound (rest 14.2ms, gpu 0.0ms) | proc 2.5 rcpu 0.0 gpu 0.0 rest 14.2 | alloc 32KB | ticks 1, remote.ents 22 | watchdog: 31/35 samples in 'bot.strategy'[0m
[lb]hitch EXTERNAL] 75.9ms (4 dropped @60Hz) (med 6.9, ×10.9) — rest-dominated, game-side quiet — OS/compositor/driver | proc 6.6 rcpu 0.0 gpu 0.0 rest 69.3 | alloc 40KB | ticks 5, remote.ents 22 | watchdog: 40/45 samples in 'bot.strategy'[0m
[lb]hitch VSYNC/PRESENT] 16.8ms (med 6.9, ×2.4) — present/vsync-bound (rest 13.9ms, gpu 0.0ms) | proc 2.9 rcpu 0.0 gpu 0.0 rest 13.9 | alloc 64KB | ticks 1, remote.ents 22[0m
[lb]hitch EXTERNAL] 63.8ms (3 dropped @60Hz) (med 6.9, ×9.2) — rest-dominated, game-side quiet — OS/compositor/driver | proc 7.5 rcpu 0.0 gpu 0.0 rest 56.3 | alloc 56KB | ticks 4, remote.ents 22[0m
[lb]hitch]   prev: 16.8 4.7 3.6 5.6 5.6 5.6 5.6 5.6[0m
[lb]hitch CPU-LOGIC] 16.7ms (med 6.9, ×2.4) — ng.process 175.0ms (typ 16.1ms, 11× over) | proc 16.7 rcpu 0.0 gpu 0.0 rest 0.0 | alloc 136KB | ticks 2, remote.ents 22 | watchdog: 102/110 samples in 'bot.strategy'[0m
[lb]hitch EXTERNAL] 150.0ms (8 dropped @60Hz) (med 6.9, ×21.6) — rest-dominated, game-side quiet — OS/compositor/driver | proc 9.6 rcpu 0.0 gpu 0.0 rest 140.4 | alloc 56KB | ticks 10, remote.ents 22[0m
[lb]hitch VSYNC/PRESENT] 18.0ms (med 6.9, ×2.6) — present/vsync-bound (rest 14.0ms, gpu 0.0ms) | proc 4.0 rcpu 0.0 gpu 0.0 rest 14.0 | alloc 40KB | ticks 2, remote.ents 22 | watchdog: 2/3 samples in '(unscoped)'[0m
[lb]frameprofile] scene: nodes 2885 objs-drawn 0 draws 0 vram 0MB[0m
[lb]frameprofile] census: Label 876  HBoxContainer 218  Control 157  Dependent 113  Button 110  CvarCheckBox 104  VBoxContainer 78  HSlider 62  CvarSlider 58  MarginContainer 52[0m
[lb]frameprofile] 303 frames: p50 6.9 p95 121.6 p99 141.1 p99.9 150.1ms (max 150.0) | 10 EXTERNAL, 7 VSYNC/PRESENT, 18 CPU-LOGIC | alloc 2MB/s heap 933.6MB | proc 1.9 gpu 0.0[0m
[lb]frameprofile] ms/frame: ng.process 18.9  server.tick 18.4  sim.move 18.0  move.in 17.5  bot.think 17.5  bot.strategy 17.4  bot.path 1.0  proc:other 0.5  move.pm 0.4  net.send 0.2[0m
[lb]hitch CPU-LOGIC] 110.3ms (6 dropped @60Hz) (med 6.9, ×15.9) — ng.process 228.0ms (typ 18.1ms, 13× over) | proc 110.3 rcpu 0.0 gpu 0.0 rest 0.0 | alloc 68KB | ticks 8, remote.ents 22 | watchdog: 137/141 samples in 'bot.strategy'[0m
[lb]hitch]   prev: 6.9 6.9 6.9 6.9 6.9 6.9 6.9 6.9[0m
[lb]hitch CPU-LOGIC ×13…] ongoing 110.3–142.6ms over 3.1s — ng.process 228.0ms (typ 18.1ms, 13× over)[0m
[lb]hitch CPU-LOGIC ×19…] ongoing 110.3–142.6ms over 6.3s — ng.process 228.0ms (typ 18.1ms, 13× over)[0m
[lb]hitch CPU-LOGIC ×24…] ongoing 110.3–146.3ms over 9.4s — ng.process 228.0ms (typ 18.1ms, 13× over)[0m
[lb]hitch CPU-LOGIC ×30…] ongoing 110.3–146.9ms over 12.5s — ng.process 228.0ms (typ 18.1ms, 13× over)[0m
[lb]hitch CPU-LOGIC ×31] 110.3–146.9ms over 12.8s (med 6.9) — ng.process 228.0ms (typ 18.1ms, 13× over)[0m
[lb]hitch EXTERNAL] 125.0ms (7 dropped @60Hz) (med 6.9, ×18.0) — rest-dominated, game-side quiet — OS/compositor/driver | proc 6.4 rcpu 0.0 gpu 0.0 rest 118.6 | alloc 56KB | ticks 9, remote.ents 22 | watchdog: 184/197 samples in 'bot.strategy'[0m
[lb]hitch]   prev: 144.5 130.2 125.2 136.4 146.9 116.7 133.3 141.6[0m
[lb]hitch VSYNC/PRESENT] 16.7ms (med 6.9, ×2.4) — present/vsync-bound (rest 14.2ms, gpu 0.0ms) | proc 2.5 rcpu 0.0 gpu 0.0 rest 14.2 | alloc 129KB | ticks 1, remote.ents 22[0m
[lb]hitch EXTERNAL] 88.4ms (4 dropped @60Hz) (med 6.9, ×12.7) — rest-dominated, game-side quiet — OS/compositor/driver | proc 3.9 rcpu 0.0 gpu 0.0 rest 84.5 | alloc 48KB | ticks 6, remote.ents 22 | watchdog: 47/52 samples in 'bot.strategy'[0m
[lb]frameprofile] scene: nodes 2886 objs-drawn 0 draws 0 vram 0MB[0m
[lb]frameprofile] census: Label 876  HBoxContainer 218  Control 157  Dependent 113  Button 110  CvarCheckBox 104  VBoxContainer 78  HSlider 62  CvarSlider 58  MarginContainer 52[0m
[lb]frameprofile] 134 frames: p50 6.9 p95 138.4 p99 144.6 p99.9 146.4ms (max 146.9) | 2 EXTERNAL, 1 VSYNC/PRESENT, 31 CPU-LOGIC | alloc 1MB/s heap 939.1MB | proc 1.5 gpu 0.0[0m
[lb]frameprofile] ms/frame: ng.process 98.7  server.tick 98.0  sim.move 97.4  move.in 96.4  bot.think 96.4  bot.strategy 96.0  bot.path 2.6  move.pm 0.8  proc:other 0.4  cw.process 0.4[0m
[lb]hitch EXTERNAL] 66.9ms (3 dropped @60Hz) (med 6.9, ×9.6) — rest-dominated, game-side quiet — OS/compositor/driver | proc 3.5 rcpu 0.0 gpu 0.0 rest 63.4 | alloc 48KB | ticks 5, remote.ents 22 | watchdog: 46/51 samples in 'bot.strategy'[0m
[lb]hitch]   prev: 6.9 6.9 6.9 6.9 6.9 6.9 6.9 6.9[0m
[lb]hitch VSYNC/PRESENT] 16.7ms (med 6.9, ×2.4) — present/vsync-bound (rest 14.7ms, gpu 0.0ms) | proc 1.9 rcpu 0.0 gpu 0.0 rest 14.7 | alloc 169KB | ticks 1, remote.ents 22 | watchdog: 46/51 samples in 'bot.strategy'[0m
[lb]hitch EXTERNAL] 86.6ms (4 dropped @60Hz) (med 6.9, ×12.5) — rest-dominated, game-side quiet — OS/compositor/driver | proc 6.0 rcpu 0.0 gpu 0.0 rest 80.6 | alloc 48KB | ticks 6, remote.ents 22 | watchdog: 43/45 samples in 'bot.strategy'[0m
[lb]hitch]   prev: 6.9 6.9 6.9 6.9 6.9 6.9 6.9 6.9[0m
[lb]hitch VSYNC/PRESENT] 17.0ms (med 6.9, ×2.4) — present/vsync-bound (rest 14.7ms, gpu 0.0ms) | proc 2.3 rcpu 0.0 gpu 0.0 rest 14.7 | alloc 178KB | ticks 1, remote.ents 22[0m
[lb]hitch CPU-LOGIC] 94.4ms (5 dropped @60Hz) (med 6.9, ×13.6) — ng.process 93.1ms (typ 10.3ms, 9× over) | proc 94.3 rcpu 0.0 gpu 0.0 rest 0.1 | alloc 48KB | ticks 7, remote.ents 22 | watchdog: 51/58 samples in 'bot.strategy'[0m
[lb]hitch EXTERNAL] 98.7ms (5 dropped @60Hz) (med 6.9, ×14.2) — rest-dominated, game-side quiet — OS/compositor/driver | proc 6.5 rcpu 0.0 gpu 0.0 rest 92.2 | alloc 72KB | ticks 7, remote.ents 22[0m
[lb]hitch EXTERNAL] 82.9ms (4 dropped @60Hz) (med 6.9, ×11.9) — rest-dominated, game-side quiet — OS/compositor/driver | proc 7.4 rcpu 0.0 gpu 0.0 rest 75.6 | alloc 64KB | ticks 6, remote.ents 23[0m
[lb]hitch]   events: anim cache HIT models/player/gakmasked.iqm[0m
[lb]hitch]   prev: 6.9 6.9 6.9 6.9 6.9 6.9 6.9 6.9[0m
[lb]hitch GC-PAUSE] 20.4ms (med 6.9, ×2.9) — GC g0+1 g1+1 g2+1, pause 0.6ms, 12.2MB allocated | proc 3.1 rcpu 0.0 gpu 0.0 rest 17.2 | alloc 12.2MB | ticks 1, remote.ents 23 | watchdog: 4/4 samples in '(unscoped)'[0m
[lb]hitch VSYNC/PRESENT] 14.8ms (med 6.9, ×2.1) — present/vsync-bound (rest 11.3ms, gpu 0.0ms) | proc 3.4 rcpu 0.0 gpu 0.0 rest 11.3 | alloc 120KB | ticks 1, remote.ents 23[0m
[lb]hitch CPU-LOGIC] 150.0ms (8 dropped @60Hz) (med 6.9, ×21.6) — ng.process 125.8ms (typ 19.1ms, 7× over) | proc 127.4 rcpu 0.0 gpu 0.0 rest 22.6 | alloc 65KB | ticks 10, remote.ents 23 | watchdog: 70/76 samples in 'bot.strategy'[0m
[lb]hitch CPU-LOGIC ×2] 119.9–150.0ms over 0.2s (med 6.9) — ng.process 125.8ms (typ 19.1ms, 7× over)[0m
[lb]hitch GC-PAUSE] 134.3ms (7 dropped @60Hz) (med 6.9, ×19.3) — gen2/GC-pause tail (prior frame paused 3.0ms; this frame rest-dominated) | proc 10.6 rcpu 0.0 gpu 0.0 rest 123.8 | alloc 48KB | ticks 10, remote.ents 23 | watchdog: 1/3 samples in 'net.send'[0m
[lb]hitch VSYNC/PRESENT] 14.7ms (med 6.9, ×2.1) — present/vsync-bound (rest 11.7ms, gpu 0.0ms) | proc 3.1 rcpu 0.0 gpu 0.0 rest 11.7 | alloc 56KB | ticks 1, remote.ents 23 | watchdog: 3/5 samples in '(unscoped)'[0m
[lb]hitch VSYNC/PRESENT ×2] 14.4–14.7ms over 0.0s (med 6.9) — present/vsync-bound (rest 11.7ms, gpu 0.0ms)[0m
[lb]hitch EXTERNAL] 137.6ms (7 dropped @60Hz) (med 6.9, ×19.8) — rest-dominated, game-side quiet — OS/compositor/driver | proc 9.9 rcpu 0.0 gpu 0.0 rest 127.7 | alloc 56KB | ticks 10, remote.ents 23 | watchdog: 2/3 samples in 'ng.process'[0m
[lb]hitch]   prev: 14.7 14.4 0.6 7.3 4.2 4.7 5.6 5.1[0m
[lb]hitch VSYNC/PRESENT] 18.5ms (med 6.9, ×2.7) — present/vsync-bound (rest 15.4ms, gpu 0.0ms) | proc 3.1 rcpu 0.0 gpu 0.0 rest 15.4 | alloc 130KB | ticks 1, remote.ents 23 | watchdog: 3/5 samples in '(unscoped)'[0m
[lb]hitch EXTERNAL] 129.6ms (7 dropped @60Hz) (med 6.9, ×18.7) — rest-dominated, game-side quiet — OS/compositor/driver | proc 8.9 rcpu 0.0 gpu 0.0 rest 120.7 | alloc 48KB | ticks 9, remote.ents 24[0m
[lb]hitch]   prev: 6.9 6.9 6.9 6.9 6.9 6.9 6.9 6.9[0m
[lb]hitch VSYNC/PRESENT] 17.6ms (med 6.9, ×2.5) — present/vsync-bound (rest 13.8ms, gpu 0.0ms) | proc 3.8 rcpu 0.0 gpu 0.0 rest 13.8 | alloc 160KB | ticks 1, remote.ents 24 | watchdog: 2/4 samples in '(unscoped)'[0m
[lb]frameprofile] scene: nodes 2924 objs-drawn 0 draws 0 vram 0MB[0m
[lb]frameprofile] census: Label 876  HBoxContainer 218  Control 157  Dependent 113  Button 110  CvarCheckBox 104  VBoxContainer 78  HSlider 62  CvarSlider 58  MarginContainer 52[0m
[lb]frameprofile] 578 frames: p50 6.9 p95 7.1 p99 94.4 p99.9 137.6ms (max 150.0) | 6 EXTERNAL, 2 GC-PAUSE, 7 VSYNC/PRESENT, 3 CPU-LOGIC | alloc 57MB/s heap 333.8MB | proc 5.1 gpu 0.0[0m
[lb]frameprofile] ms/frame: ng.process 3.1  server.tick 2.7  sim.move 2.3  move.in 2.0  bot.think 2.0  bot.strategy 2.0  proc:other 0.5  cw.process 0.5  cw.players 0.4  move.pm 0.2[0m
[lb]hitch CPU-LOGIC] 141.7ms (7 dropped @60Hz) (med 6.9, ×20.4) — ng.process 96.8ms (typ 13.3ms, 7× over) | proc 99.0 rcpu 0.0 gpu 0.0 rest 42.6 | alloc 48KB | ticks 10, remote.ents 24 | watchdog: 51/60 samples in 'bot.strategy'[0m
[lb]hitch]   prev: 6.9 6.9 6.9 6.9 6.9 6.9 6.9 6.9[0m
[lb]hitch EXTERNAL] 104.1ms (5 dropped @60Hz) (med 6.9, ×15.0) — rest-dominated, game-side quiet — OS/compositor/driver | proc 7.1 rcpu 0.0 gpu 0.0 rest 97.0 | alloc 155KB | ticks 7, remote.ents 24 | watchdog: 51/62 samples in 'bot.strategy'[0m
[lb]hitch VSYNC/PRESENT] 12.6ms (med 6.9, ×1.8) — present/vsync-bound (rest 9.2ms, gpu 0.0ms) | proc 3.4 rcpu 0.0 gpu 0.0 rest 9.2 | alloc 48KB | ticks 1, remote.ents 24[0m
[lb]hitch VSYNC/PRESENT ×2] 12.6–14.4ms over 0.0s (med 6.9) — present/vsync-bound (rest 9.2ms, gpu 0.0ms)[0m
[lb]hitch CPU-LOGIC] 93.9ms (5 dropped @60Hz) (med 6.9, ×13.5) — ng.process 105.3ms (typ 14.3ms, 7× over) | proc 93.9 rcpu 0.0 gpu 0.0 rest 0.0 | alloc 48KB | ticks 7, remote.ents 24 | watchdog: 62/66 samples in 'bot.strategy'[0m
[lb]hitch CPU-LOGIC ×12…] ongoing 93.9–150.0ms over 3.3s — ng.process 105.3ms (typ 14.3ms, 7× over)[0m
[lb]hitch CPU-LOGIC ×25…] ongoing 93.9–150.0ms over 6.5s — ng.process 105.3ms (typ 14.3ms, 7× over)[0m
[lb]hitch CPU-LOGIC ×32…] ongoing 93.9–150.0ms over 9.9s — ng.process 105.3ms (typ 14.3ms, 7× over)[0m
[lb]frameprofile] scene: nodes 2944 objs-drawn 0 draws 0 vram 0MB[0m
[lb]frameprofile] census: Label 876  HBoxContainer 218  Control 157  Dependent 113  Button 110  CvarCheckBox 104  VBoxContainer 78  HSlider 62  CvarSlider 58  MarginContainer 52[0m
[lb]frameprofile] 98 frames: p50 6.9 p95 144.6 p99 150.1 p99.9 150.1ms (max 150.0) | 1 EXTERNAL, 2 VSYNC/PRESENT, 34 CPU-LOGIC | alloc 7MB/s heap 363.6MB | proc 128.3 gpu 0.0[0m
[lb]frameprofile] ms/frame: ng.process 109.1  server.tick 108.2  sim.move 107.4  move.in 106.1  bot.think 106.1  bot.strategy 105.7  move.pm 1.0  cw.process 0.8  bot.path 0.8  cw.players 0.7[0m
[lb]hitch CPU-LOGIC ×42…] ongoing 93.9–150.0ms over 12.9s — ng.process 105.3ms (typ 14.3ms, 7× over)[0m
[lb]hitch CPU-LOGIC ×46] 93.9–150.0ms over 13.9s (med 6.9) — ng.process 105.3ms (typ 14.3ms, 7× over)[0m
[lb]hitch EXTERNAL] 134.6ms (7 dropped @60Hz) (med 6.9, ×19.4) — rest-dominated, game-side quiet — OS/compositor/driver | proc 6.8 rcpu 0.0 gpu 0.0 rest 127.8 | alloc 56KB | ticks 10, remote.ents 25[0m
[lb]hitch]   events: [lb]-4f] anim cache HIT models/player/seraphina.iqm; [lb]-3f] stream: player model models/player/seraphina.iqm (parse) built (0.0ms); [lb]-2f] stream: player model models/player/seraphina.iqm tex textures/seraphina built (0.0ms); [lb]-2f] stream: player model models/player/seraphina.iqm tex textures/seraphina_norm built (0.0ms); [lb]-2f] stream: player model models/player/seraphina.iqm tex textures/seraphina_gloss built (0.0ms); [lb]-2f] stream: player model models/player/seraphina.iqm tex textures/seraphina_glow built (0.0ms); [lb]-2f] stream: player model models/player/seraphina.iqm tex textures/seraphina_reflect built (0.0ms); [lb]-2f] stream: player model models/player/seraphina.iqm tex textures/seraphina_shirt built (0.0ms); [lb]-2f] stream: player model models/player/seraphina.iqm tex textures/seraphina_pants built (0.0ms); [lb]-2f] stream: player model models/player/seraphina.iqm tex textures/ignisfullbright built (0.0ms); [lb]-2f] stream: player model models/player/seraphina.iqm tex textures/ignisfullbright_norm built (0.0ms); [lb]-2f] stream: player model models/player/seraphina.iqm tex textures/ignisfullbright_gloss built (0.0ms); [lb]-2f] stream: player model models/player/seraphina.iqm tex textures/ignisfullbright_glow built (0.0ms); [lb]-2f] stream: player model models/player/seraphina.iqm tex textures/ignisfullbright_reflect built (0.0ms); [lb]-2f] stream: player model models/player/seraphina.iqm tex textures/ignisfullbright_shirt built (0.0ms); [lb]-2f] stream: player model models/player/seraphina.iqm tex textures/ignisfullbright_pants built (2.1ms)[0m
[lb]hitch]   prev: 140.1 123.6 147.1 135.0 120.5 147.4 116.7 133.3[0m
[lb]hitch VSYNC/PRESENT] 15.4ms (med 6.9, ×2.2) — present/vsync-bound (rest 12.0ms, gpu 0.0ms) | proc 3.4 rcpu 0.0 gpu 0.0 rest 12.0 | alloc 212KB | ticks 1, remote.ents 25 | watchdog: 2/3 samples in '(unscoped)'[0m
[lb]hitch EXTERNAL] 103.4ms (5 dropped @60Hz) (med 6.9, ×14.9) — rest-dominated, game-side quiet — OS/compositor/driver | proc 5.0 rcpu 0.0 gpu 0.0 rest 98.4 | alloc 48KB | ticks 7, remote.ents 25 | watchdog: 56/59 samples in 'bot.strategy'[0m
[lb]hitch EXTERNAL ×2] 103.4–121.7ms over 0.3s (med 6.9) — rest-dominated, game-side quiet — OS/compositor/driver[0m
[lb]hitch CPU-LOGIC] 104.4ms (5 dropped @60Hz) (med 6.9, ×15.0) — ng.process 194.6ms (typ 22.7ms, 9× over) | proc 104.4 rcpu 0.0 gpu 0.0 rest 0.0 | alloc 48KB | ticks 7, remote.ents 24 | watchdog: 121/125 samples in 'bot.strategy'[0m
[lb]hitch]   prev: 6.3 6.3 6.3 6.3 6.7 6.7 6.7 6.7[0m
[lb]hitch CPU-LOGIC ×12…] ongoing 104.4–149.2ms over 3.1s — ng.process 194.6ms (typ 22.7ms, 9× over)[0m
[lb]frameprofile] scene: nodes 2985 objs-drawn 0 draws 0 vram 0MB[0m
[lb]frameprofile] census: Label 876  HBoxContainer 218  Control 157  Dependent 113  Button 110  CvarCheckBox 104  VBoxContainer 78  HSlider 62  CvarSlider 58  MeshInstance3D 58[0m
[lb]frameprofile] 109 frames: p50 6.6 p95 142.6 p99 147.4 p99.9 149.1ms (max 149.5) | 3 EXTERNAL, 1 VSYNC/PRESENT, 32 CPU-LOGIC | alloc 4MB/s heap 369.3MB | proc 142.7 gpu 0.0[0m
[lb]frameprofile] ms/frame: ng.process 89.7  server.tick 88.9  sim.move 88.2  move.in 87.1  bot.think 87.1  bot.strategy 86.8  bot.path 1.2  cw.process 0.9  move.pm 0.8  cw.players 0.8[0m
[lb]hitch CPU-LOGIC ×20…] ongoing 104.4–149.5ms over 6.3s — ng.process 194.6ms (typ 22.7ms, 9× over)[0m
[lb]hitch CPU-LOGIC ×30…] ongoing 104.4–149.5ms over 9.3s — ng.process 194.6ms (typ 22.7ms, 9× over)[0m
[lb]hitch CPU-LOGIC ×38] 104.4–150.0ms over 11.4s (med 6.9) — ng.process 194.6ms (typ 22.7ms, 9× over)[0m
[lb]hitch EXTERNAL] 139.7ms (7 dropped @60Hz) (med 6.9, ×20.1) — rest-dominated, game-side quiet — OS/compositor/driver | proc 9.7 rcpu 0.0 gpu 0.0 rest 130.0 | alloc 64KB | ticks 10, remote.ents 39 | watchdog: 2/3 samples in 'ng.process'[0m
[lb]hitch]   prev: 130.9 119.1 145.5 137.8 116.7 150.0 131.1 125.8[0m
[lb]hitch VSYNC/PRESENT] 19.9ms (med 6.9, ×2.9) — present/vsync-bound (rest 16.1ms, gpu 0.0ms) | proc 3.8 rcpu 0.0 gpu 0.0 rest 16.1 | alloc 130KB | ticks 2, remote.ents 39 | watchdog: 3/5 samples in '(unscoped)'[0m
[lb]hitch CPU-LOGIC] 99.6ms (5 dropped @60Hz) (med 6.9, ×14.3) — ng.process 95.9ms (typ 11.9ms, 8× over) | proc 97.5 rcpu 0.0 gpu 0.0 rest 2.1 | alloc 56KB | ticks 7, remote.ents 40 | watchdog: 54/58 samples in 'bot.strategy'[0m
[lb]hitch]   prev: 6.9 6.9 6.9 6.9 6.9 6.9 6.9 6.9[0m
[lb]hitch CPU-LOGIC ×14…] ongoing 99.6–147.0ms over 3.1s — ng.process 95.9ms (typ 11.9ms, 8× over)[0m
[lb]frameprofile] scene: nodes 2950 objs-drawn 0 draws 0 vram 0MB[0m
[lb]frameprofile] census: Label 876  HBoxContainer 218  Control 157  Dependent 113  Button 110  CvarCheckBox 104  VBoxContainer 78  HSlider 62  CvarSlider 58  MeshInstance3D 52[0m
[lb]frameprofile] 126 frames: p50 6.9 p95 142.1 p99 145.9 p99.9 146.9ms (max 150.0) | 1 EXTERNAL, 1 VSYNC/PRESENT, 33 CPU-LOGIC | alloc 1MB/s heap 367.8MB | proc 145.2 gpu 0.0[0m
[lb]frameprofile] ms/frame: ng.process 70.4  server.tick 69.8  sim.move 69.1  move.in 68.1  bot.think 68.0  bot.strategy 67.7  bot.path 1.8  move.pm 0.7  cw.process 0.7  cw.players 0.5[0m
[lb]hitch CPU-LOGIC ×23] 99.6–147.8ms over 5.2s (med 6.9) — ng.process 95.9ms (typ 11.9ms, 8× over)[0m
[lb]hitch EXTERNAL] 150.0ms (8 dropped @60Hz) (med 6.9, ×21.6) — rest-dominated, game-side quiet — OS/compositor/driver | proc 7.6 rcpu 0.0 gpu 0.0 rest 142.4 | alloc 56KB | ticks 11, remote.ents 39[0m
[lb]hitch]   events: [lb]-7f] stream: player model models/player/seraphina.iqm tex textures/seraphina built (0.0ms); [lb]-7f] stream: player model models/player/seraphina.iqm tex textures/seraphina_norm built (0.0ms); [lb]-7f] stream: player model models/player/seraphina.iqm tex textures/seraphina_gloss built (0.0ms); [lb]-7f] stream: player model models/player/seraphina.iqm tex textures/seraphina_glow built (0.0ms); [lb]-7f] stream: player model models/player/seraphina.iqm tex textures/seraphina_reflect built (0.0ms); [lb]-7f] stream: player model models/player/seraphina.iqm tex textures/seraphina_shirt built (0.0ms); [lb]-7f] stream: player model models/player/seraphina.iqm tex textures/seraphina_pants built (0.0ms); [lb]-7f] stream: player model models/player/seraphina.iqm tex textures/ignisfullbright built (0.0ms); [lb]-7f] stream: player model models/player/seraphina.iqm tex textures/ignisfullbright_norm built (0.0ms); [lb]-7f] stream: player model models/player/seraphina.iqm tex textures/ignisfullbright_gloss built (0.0ms); [lb]-7f] stream: player model models/player/seraphina.iqm tex textures/ignisfullbright_glow built (0.0ms); [lb]-7f] stream: player model models/player/seraphina.iqm tex textures/ignisfullbright_reflect built (0.0ms); [lb]-7f] stream: player model models/player/seraphina.iqm tex textures/ignisfullbright_shirt built (0.0ms); [lb]-7f] stream: player model models/player/seraphina.iqm tex textures/ignisfullbright_pants built (1.9ms)[0m
[lb]hitch]   prev: 116.7 147.8 121.1 135.5 145.6 121.6 145.1 116.7[0m
[lb]hitch VSYNC/PRESENT] 19.2ms (med 6.9, ×2.8) — present/vsync-bound (rest 15.6ms, gpu 0.0ms) | proc 3.5 rcpu 0.0 gpu 0.0 rest 15.6 | alloc 242KB | ticks 1, remote.ents 25 | watchdog: 3/3 samples in '(unscoped)'[0m
[lb]hitch EXTERNAL] 106.1ms (5 dropped @60Hz) (med 6.9, ×15.3) — rest-dominated, game-side quiet — OS/compositor/driver | proc 6.4 rcpu 0.0 gpu 0.0 rest 99.6 | alloc 48KB | ticks 7, remote.ents 39 | watchdog: 58/62 samples in 'bot.strategy'[0m
[lb]hitch EXTERNAL ×2] 62.5–106.1ms over 0.2s (med 6.9) — rest-dominated, game-side quiet — OS/compositor/driver[0m
[lb]hitch VSYNC/PRESENT] 16.7ms (med 6.9, ×2.4) — present/vsync-bound (rest 13.8ms, gpu 0.0ms) | proc 2.9 rcpu 0.0 gpu 0.0 rest 13.8 | alloc 40KB | ticks 1, remote.ents 39 | watchdog: 40/44 samples in 'bot.strategy'[0m
[lb]hitch EXTERNAL] 125.7ms (7 dropped @60Hz) (med 6.9, ×18.1) — rest-dominated, game-side quiet — OS/compositor/driver | proc 9.1 rcpu 0.0 gpu 0.0 rest 116.6 | alloc 64KB | ticks 9, remote.ents 39[0m
[lb]hitch]   prev: 6.9 6.9 6.9 6.9 6.9 6.9 6.9 6.9[0m
[lb]hitch VSYNC/PRESENT] 13.8ms (med 6.9, ×2.0) — present/vsync-bound (rest 8.9ms, gpu 0.0ms) | proc 4.9 rcpu 0.0 gpu 0.0 rest 8.9 | alloc 141KB | ticks 1, remote.ents 39 | watchdog: 3/4 samples in '(unscoped)'[0m
[lb]hitch EXTERNAL] 107.1ms (5 dropped @60Hz) (med 6.9, ×15.4) — rest-dominated, game-side quiet — OS/compositor/driver | proc 5.0 rcpu 0.0 gpu 0.0 rest 102.0 | alloc 56KB | ticks 7, remote.ents 40 | watchdog: 65/70 samples in 'bot.strategy'[0m
[lb]hitch VSYNC/PRESENT] 16.7ms (med 6.9, ×2.4) — present/vsync-bound (rest 13.3ms, gpu 0.0ms) | proc 3.3 rcpu 0.0 gpu 0.0 rest 13.3 | alloc 48KB | ticks 2, remote.ents 40[0m
[lb]hitch EXTERNAL] 98.6ms (5 dropped @60Hz) (med 6.9, ×14.2) — rest-dominated, game-side quiet — OS/compositor/driver | proc 6.6 rcpu 0.0 gpu 0.0 rest 92.0 | alloc 48KB | ticks 7, remote.ents 40[0m
[lb]hitch CPU-LOGIC] 95.7ms (5 dropped @60Hz) (med 6.9, ×13.8) — ng.process 247.8ms (typ 21.5ms, 12× over) | proc 95.7 rcpu 0.0 gpu 0.0 rest 0.0 | alloc 128KB | ticks 7, remote.ents 40 | watchdog: 150/156 samples in 'bot.strategy'[0m
[lb]hitch]   prev: 6.7 6.7 6.7 6.7 6.7 6.7 6.7 6.7[0m
[lb]hitch CPU-LOGIC ×12…] ongoing 95.7–147.9ms over 3.2s — ng.process 247.8ms (typ 21.5ms, 12× over)[0m
[lb]frameprofile] scene: nodes 2967 objs-drawn 0 draws 0 vram 0MB[0m
[lb]frameprofile] census: Label 876  HBoxContainer 218  Control 157  Dependent 113  Button 110  CvarCheckBox 104  VBoxContainer 78  HSlider 62  CvarSlider 58  MeshInstance3D 54[0m
[lb]frameprofile] 145 frames: p50 6.9 p95 138.1 p99 147.9 p99.9 147.9ms (max 150.0) | 6 EXTERNAL, 4 VSYNC/PRESENT, 28 CPU-LOGIC | alloc 2MB/s heap 367.9MB | proc 128.0 gpu 0.0[0m
[lb]frameprofile] ms/frame: ng.process 57.1  server.tick 56.5  sim.move 55.9  move.in 54.9  bot.think 54.9  bot.strategy 54.6  cw.process 0.9  cw.players 0.8  move.pm 0.7  proc:other 0.4[0m
[lb]hitch CPU-LOGIC ×22…] ongoing 95.7–147.9ms over 6.6s — ng.process 247.8ms (typ 21.5ms, 12× over)[0m
[lb]hitch CPU-LOGIC ×24] 95.7–147.9ms over 6.8s (med 6.9) — ng.process 247.8ms (typ 21.5ms, 12× over)[0m
[lb]hitch EXTERNAL] 141.7ms (8 dropped @60Hz) (med 6.9, ×20.4) — rest-dominated, game-side quiet — OS/compositor/driver | proc 7.3 rcpu 0.0 gpu 0.0 rest 134.4 | alloc 48KB | ticks 10, remote.ents 39[0m
[lb]hitch]   prev: 133.3 143.2 128.0 137.6 141.3 122.3 141.7 123.1[0m
[lb]hitch CPU-LOGIC] 117.7ms (6 dropped @60Hz) (med 6.9, ×17.0) — ng.process 105.9ms (typ 16.9ms, 6× over) | proc 107.6 rcpu 0.0 gpu 0.0 rest 10.1 | alloc 48KB | ticks 8, remote.ents 25 | watchdog: 58/65 samples in 'bot.strategy'[0m
[lb]hitch]   prev: 6.9 6.9 6.9 6.9 6.9 6.9 6.9 6.9[0m
[lb]hitch EXTERNAL] 110.6ms (6 dropped @60Hz) (med 6.9, ×15.9) — rest-dominated, game-side quiet — OS/compositor/driver | proc 8.1 rcpu 0.0 gpu 0.0 rest 102.5 | alloc 152KB | ticks 8, remote.ents 25[0m
[lb]hitch CPU-LOGIC] 98.5ms (5 dropped @60Hz) (med 6.9, ×14.2) — ng.process 103.2ms (typ 15.3ms, 7× over) | proc 98.5 rcpu 0.0 gpu 0.0 rest 0.0 | alloc 48KB | ticks 7, remote.ents 25 | watchdog: 61/65 samples in 'bot.strategy'[0m
[lb]hitch CPU-LOGIC ×10…] ongoing 98.5–144.6ms over 3.2s — ng.process 103.2ms (typ 15.3ms, 7× over)[0m
[lb]hitch CPU-LOGIC ×18…] ongoing 98.5–149.8ms over 6.4s — ng.process 103.2ms (typ 15.3ms, 7× over)[0m
[lb]hitch CPU-LOGIC ×26…] ongoing 98.5–149.8ms over 9.5s — ng.process 103.2ms (typ 15.3ms, 7× over)[0m
[lb]frameprofile] scene: nodes 2918 objs-drawn 0 draws 0 vram 0MB[0m
[lb]frameprofile] census: Label 876  HBoxContainer 218  Control 157  Dependent 113  Button 110  CvarCheckBox 104  VBoxContainer 78  HSlider 62  CvarSlider 58  MarginContainer 52[0m
[lb]frameprofile] 125 frames: p50 6.6 p95 141.4 p99 147.9 p99.9 148.4ms (max 149.8) | 2 EXTERNAL, 32 CPU-LOGIC | alloc 1MB/s heap 365.6MB | proc 144.9 gpu 0.0[0m
[lb]frameprofile] ms/frame: ng.process 91.4  server.tick 90.8  sim.move 90.1  move.in 89.1  bot.think 89.1  bot.strategy 88.9  cw.process 0.8  move.pm 0.7  cw.players 0.7  proc:other 0.4[0m
[lb]hitch CPU-LOGIC ×29] 92.1–149.8ms over 10.0s (med 6.9) — ng.process 103.2ms (typ 15.3ms, 7× over)[0m
[lb]hitch EXTERNAL] 74.3ms (3 dropped @60Hz) (med 6.9, ×10.7) — rest-dominated, game-side quiet — OS/compositor/driver | proc 7.7 rcpu 0.0 gpu 0.0 rest 66.6 | alloc 72KB | ticks 5, remote.ents 25[0m
[lb]hitch]   events: [lb]-2f] anim cache HIT models/player/seraphina.iqm; [lb]-1f] stream: player model models/player/seraphina.iqm (parse) built (0.0ms); stream: player model models/player/seraphina.iqm tex textures/seraphina built (0.0ms); stream: player model models/player/seraphina.iqm tex textures/seraphina_norm built (0.0ms); stream: player model models/player/seraphina.iqm tex textures/seraphina_gloss built (0.0ms); stream: player model models/player/seraphina.iqm tex textures/seraphina_glow built (0.0ms); stream: player model models/player/seraphina.iqm tex textures/seraphina_reflect built (0.0ms); stream: player model models/player/seraphina.iqm tex textures/seraphina_shirt built (0.0ms); stream: player model models/player/seraphina.iqm tex textures/seraphina_pants built (0.0ms); stream: player model models/player/seraphina.iqm tex textures/ignisfullbright built (0.0ms); stream: player model models/player/seraphina.iqm tex textures/ignisfullbright_norm built (0.0ms); stream: player model models/player/seraphina.iqm tex textures/ignisfullbright_gloss built (0.0ms); stream: player model models/player/seraphina.iqm tex textures/ignisfullbright_glow built (0.0ms); stream: player model models/player/seraphina.iqm tex textures/ignisfullbright_reflect built (0.0ms); stream: player model models/player/seraphina.iqm tex textures/ignisfullbright_shirt built (0.0ms); stream: player model models/player/seraphina.iqm tex textures/ignisfullbright_pants built (1.8ms)[0m
[lb]hitch]   prev: 116.7 136.0 134.1 129.8 144.9 125.5 137.5 92.1[0m
[lb]hitch EXTERNAL ×2] 74.3–107.6ms over 0.7s (med 6.9) — rest-dominated, game-side quiet — OS/compositor/driver[0m
[lb]hitch CPU-LOGIC] 68.5ms (3 dropped @60Hz) (med 6.9, ×9.9) — ng.process 88.1ms (typ 10.0ms, 9× over) | proc 68.5 rcpu 0.0 gpu 0.0 rest 0.0 | alloc 104KB | ticks 5, remote.ents 25 | watchdog: 51/55 samples in 'bot.strategy'[0m
[lb]hitch]   prev: 6.9 6.9 6.9 6.9 6.9 6.9 6.9 6.9[0m
[lb]hitch EXTERNAL] 93.2ms (5 dropped @60Hz) (med 6.9, ×13.4) — rest-dominated, game-side quiet — OS/compositor/driver | proc 4.7 rcpu 0.0 gpu 0.0 rest 88.5 | alloc 148KB | ticks 6, remote.ents 25 | watchdog: 51/56 samples in 'bot.strategy'[0m
[lb]hitch EXTERNAL ×2] 72.0–93.2ms over 0.2s (med 6.9) — rest-dominated, game-side quiet — OS/compositor/driver[0m
[lb]hitch VSYNC/PRESENT] 16.7ms (med 6.9, ×2.4) — present/vsync-bound (rest 13.7ms, gpu 0.0ms) | proc 3.0 rcpu 0.0 gpu 0.0 rest 13.7 | alloc 32KB | ticks 1, remote.ents 26[0m
[lb]hitch CPU-LOGIC] 86.9ms (4 dropped @60Hz) (med 6.9, ×12.5) — ng.process 164.0ms (typ 13.7ms, 12× over) | proc 86.9 rcpu 0.0 gpu 0.0 rest 0.0 | alloc 48KB | ticks 6, remote.ents 25 | watchdog: 98/102 samples in 'bot.strategy'[0m
[lb]hitch]   prev: 7.1 7.1 7.1 7.1 7.1 7.1 7.1 7.1[0m
[lb]hitch CPU-LOGIC ×9] 86.9–141.7ms over 2.3s (med 6.9) — ng.process 164.0ms (typ 13.7ms, 12× over)[0m
[lb]hitch EXTERNAL] 136.0ms (7 dropped @60Hz) (med 6.9, ×19.6) — rest-dominated, game-side quiet — OS/compositor/driver | proc 7.8 rcpu 0.0 gpu 0.0 rest 128.2 | alloc 56KB | ticks 9, remote.ents 25[0m
[lb]hitch]   prev: 135.3 134.4 133.3 116.7 141.4 141.7 116.8 141.7[0m
[lb]hitch EXTERNAL ×2] 132.0–136.0ms over 0.4s (med 6.9) — rest-dominated, game-side quiet — OS/compositor/driver[0m
[lb]hitch CPU-LOGIC] 119.5ms (6 dropped @60Hz) (med 6.9, ×17.2) — ng.process 120.6ms (typ 24.3ms, 5× over) | proc 119.5 rcpu 0.0 gpu 0.0 rest 0.0 | alloc 56KB | ticks 8, remote.ents 25 | watchdog: 68/75 samples in 'bot.strategy'[0m
[lb]hitch]   prev: 11.9 9.0 0.6 8.3 8.3 8.3 8.3 7.1[0m
[lb]hitch EXTERNAL] 122.8ms (6 dropped @60Hz) (med 6.9, ×17.7) — rest-dominated, game-side quiet — OS/compositor/driver | proc 8.0 rcpu 0.0 gpu 0.0 rest 114.8 | alloc 170KB | ticks 9, remote.ents 25[0m
[lb]hitch VSYNC/PRESENT] 16.7ms (med 6.9, ×2.4) — present/vsync-bound (rest 13.3ms, gpu 0.0ms) | proc 3.3 rcpu 0.0 gpu 0.0 rest 13.3 | alloc 32KB | ticks 1, remote.ents 25 | watchdog: 2/3 samples in '(unscoped)'[0m
[lb]hitch EXTERNAL] 93.5ms (5 dropped @60Hz) (med 6.9, ×13.5) — rest-dominated, game-side quiet — OS/compositor/driver | proc 6.8 rcpu 0.0 gpu 0.0 rest 86.7 | alloc 120KB | ticks 6, remote.ents 26[0m
[lb]hitch VSYNC/PRESENT] 17.1ms (med 6.9, ×2.5) — present/vsync-bound (rest 14.3ms, gpu 0.0ms) | proc 2.8 rcpu 0.0 gpu 0.0 rest 14.3 | alloc 64KB | ticks 2, remote.ents 26[0m
[lb]hitch CPU-LOGIC] 89.9ms (4 dropped @60Hz) (med 6.9, ×12.9) — ng.process 82.1ms (typ 9.1ms, 9× over) | proc 84.0 rcpu 0.0 gpu 0.0 rest 5.9 | alloc 48KB | ticks 6, remote.ents 25 | watchdog: 47/50 samples in 'bot.strategy'[0m
[lb]hitch]   prev: 6.9 6.9 6.9 6.9 6.9 6.9 6.9 6.9[0m
[lb]frameprofile] scene: nodes 2934 objs-drawn 0 draws 0 vram 0MB[0m
[lb]frameprofile] census: Label 876  HBoxContainer 218  Control 157  Dependent 113  Button 110  CvarCheckBox 104  VBoxContainer 78  HSlider 62  CvarSlider 58  MarginContainer 52[0m
[lb]frameprofile] 335 frames: p50 6.9 p95 93.6 p99 136.4 p99.9 141.6ms (max 141.7) | 8 EXTERNAL, 3 VSYNC/PRESENT, 18 CPU-LOGIC | alloc 2MB/s heap 368.4MB | proc 136.4 gpu 0.0[0m
[lb]frameprofile] ms/frame: ng.process 13.9  server.tick 13.6  sim.move 13.2  move.in 12.8  bot.think 12.7  bot.strategy 12.6  cw.process 0.8  cw.players 0.7  proc:other 0.5  move.pm 0.3[0m
[lb]hitch CPU-LOGIC ×14…] ongoing 83.3–146.1ms over 3.4s — ng.process 82.1ms (typ 9.1ms, 9× over)[0m
[lb]hitch CPU-LOGIC ×23…] ongoing 83.3–150.0ms over 6.7s — ng.process 82.1ms (typ 9.1ms, 9× over)[0m
[lb]hitch CPU-LOGIC ×29…] ongoing 83.3–150.0ms over 9.9s — ng.process 82.1ms (typ 9.1ms, 9× over)[0m
[lb]hitch CPU-LOGIC ×38…] ongoing 83.3–150.0ms over 13.3s — ng.process 82.1ms (typ 9.1ms, 9× over)[0m
[lb]frameprofile] scene: nodes 2919 objs-drawn 0 draws 0 vram 0MB[0m
[lb]frameprofile] census: Label 876  HBoxContainer 218  Control 157  Dependent 113  Button 110  CvarCheckBox 104  VBoxContainer 78  HSlider 62  CvarSlider 58  MarginContainer 52[0m
[lb]frameprofile] 38 frames: p50 133.4 p95 146.9 p99 149.9 p99.9 149.9ms (max 150.0) | 38 CPU-LOGIC | alloc 1MB/s heap 363.3MB | proc 99.5 gpu 0.0[0m
[lb]frameprofile] ms/frame: ng.process 362.1  server.tick 360.7  sim.move 359.3  move.in 356.0  bot.think 356.0  bot.strategy 354.7  bot.path 3.9  move.pm 2.2  cw.process 0.8  move.post 0.7[0m
[lb]hitch CPU-LOGIC ×42] 83.3–150.0ms over 14.4s (med 6.9) — ng.process 82.1ms (typ 9.1ms, 9× over)[0m
[lb]hitch EXTERNAL] 104.2ms (5 dropped @60Hz) (med 6.9, ×15.0) — rest-dominated, game-side quiet — OS/compositor/driver | proc 5.7 rcpu 0.0 gpu 0.0 rest 98.5 | alloc 112KB | ticks 8, remote.ents 24[0m
[lb]hitch]   prev: 120.6 134.6 146.9 116.7 133.3 137.5 143.2 119.3[0m
[lb]hitch VSYNC/PRESENT] 13.5ms (med 6.9, ×1.9) — present/vsync-bound (rest 10.4ms, gpu 0.0ms) | proc 3.1 rcpu 0.0 gpu 0.0 rest 10.4 | alloc 32KB | ticks 1, remote.ents 24[0m
[lb]hitch CPU-LOGIC] 90.2ms (4 dropped @60Hz) (med 6.9, ×13.0) — ng.process 76.8ms (typ 15.5ms, 5× over) | proc 78.2 rcpu 0.0 gpu 0.0 rest 11.9 | alloc 40KB | ticks 6, remote.ents 24 | watchdog: 42/46 samples in 'bot.strategy'[0m
[lb]hitch]   prev: 6.9 6.9 6.9 6.9 6.9 6.9 6.9 6.9[0m
[lb]hitch EXTERNAL] 81.3ms (4 dropped @60Hz) (med 6.9, ×11.7) — rest-dominated, game-side quiet — OS/compositor/driver | proc 4.9 rcpu 0.0 gpu 0.0 rest 76.4 | alloc 170KB | ticks 6, remote.ents 24 | watchdog: 42/47 samples in 'bot.strategy'[0m
[lb]hitch CPU-LOGIC] 74.9ms (3 dropped @60Hz) (med 6.9, ×10.8) — ng.process 81.3ms (typ 14.9ms, 5× over) | proc 74.9 rcpu 0.0 gpu 0.0 rest 0.0 | alloc 40KB | ticks 5, remote.ents 24 | watchdog: 47/49 samples in 'bot.strategy'[0m
[lb]hitch CPU-LOGIC ×16…] ongoing 74.9–150.0ms over 3.0s — ng.process 81.3ms (typ 14.9ms, 5× over)[0m
[lb]hitch CPU-LOGIC ×26…] ongoing 74.9–150.0ms over 6.6s — ng.process 81.3ms (typ 14.9ms, 5× over)[0m
[lb]hitch CPU-LOGIC ×26] 74.9–150.0ms over 6.6s (med 6.9) — ng.process 81.3ms (typ 14.9ms, 5× over)[0m
[lb]hitch EXTERNAL] 125.7ms (7 dropped @60Hz) (med 6.9, ×18.1) — rest-dominated, game-side quiet — OS/compositor/driver | proc 6.3 rcpu 0.0 gpu 0.0 rest 119.4 | alloc 56KB | ticks 9, remote.ents 25 | watchdog: 343/355 samples in 'bot.strategy'[0m
[lb]hitch]   prev: 133.3 149.8 120.7 142.1 120.7 147.9 118.8 141.0[0m
[lb]hitch VSYNC/PRESENT] 16.7ms (med 6.9, ×2.4) — present/vsync-bound (rest 12.7ms, gpu 0.0ms) | proc 4.0 rcpu 0.0 gpu 0.0 rest 12.7 | alloc 129KB | ticks 1, remote.ents 25[0m
[lb]hitch CPU-LOGIC] 115.5ms (6 dropped @60Hz) (med 6.9, ×16.6) — ng.process 215.9ms | proc 115.5 rcpu 0.0 gpu 0.0 rest 0.0 | alloc 48KB | ticks 8, remote.ents 25 | watchdog: 133/138 samples in 'bot.strategy'[0m
[lb]frameprofile] scene: nodes 2939 objs-drawn 0 draws 0 vram 0MB[0m
[lb]frameprofile] census: Label 876  HBoxContainer 218  Control 157  Dependent 113  Button 110  CvarCheckBox 104  VBoxContainer 78  HSlider 62  CvarSlider 58  MarginContainer 52[0m
[lb]frameprofile] 128 frames: p50 6.9 p95 136.4 p99 149.1 p99.9 149.9ms (max 150.0) | 3 EXTERNAL, 2 VSYNC/PRESENT, 32 CPU-LOGIC | alloc 1MB/s heap 368.5MB | proc 133.3 gpu 0.0[0m
[lb]frameprofile] ms/frame: ng.process 67.8  server.tick 67.3  sim.move 66.6  move.in 65.9  bot.think 65.8  bot.strategy 65.7  cw.process 0.7  move.pm 0.6  cw.players 0.6  proc:other 0.4[0m
[lb]hitch CPU-LOGIC ×9…] ongoing 115.5–146.3ms over 3.2s — ng.process 215.9ms[0m
[lb]hitch CPU-LOGIC ×15…] ongoing 115.5–146.3ms over 6.6s — ng.process 215.9ms[0m
[lb]hitch CPU-LOGIC ×21…] ongoing 115.5–146.8ms over 9.8s — ng.process 215.9ms[0m
[lb]hitch CPU-LOGIC ×30] 115.5–150.0ms over 12.6s (med 6.9) — ng.process 215.9ms[0m
[lb]hitch EXTERNAL] 139.6ms (7 dropped @60Hz) (med 6.9, ×20.1) — rest-dominated, game-side quiet — OS/compositor/driver | proc 6.9 rcpu 0.0 gpu 0.0 rest 132.8 | alloc 56KB | ticks 10, remote.ents 25[0m
[lb]hitch]   prev: 131.1 134.9 124.5 129.9 146.4 120.2 150.0 117.5[0m
[lb]hitch EXTERNAL ×2] 75.6–139.6ms over 0.3s (med 7.0) — rest-dominated, game-side quiet — OS/compositor/driver[0m
[lb]hitch CPU-LOGIC] 84.0ms (4 dropped @60Hz) (med 7.0, ×12.1) — ng.process 118.4ms (typ 36.7ms, 3× over) | proc 84.0 rcpu 0.0 gpu 0.0 rest 0.0 | alloc 48KB | ticks 6, remote.ents 25 | watchdog: 69/74 samples in 'bot.strategy'[0m
[lb]hitch]   prev: 7.1 6.9 6.9 6.9 6.9 6.9 6.9 6.9[0m
[lb]hitch EXTERNAL] 119.5ms (6 dropped @60Hz) (med 7.0, ×17.2) — rest-dominated, game-side quiet — OS/compositor/driver | proc 7.3 rcpu 0.0 gpu 0.0 rest 112.2 | alloc 182KB | ticks 8, remote.ents 25[0m
[lb]hitch VSYNC/PRESENT] 16.7ms (med 7.0, ×2.4) — present/vsync-bound (rest 13.0ms, gpu 0.0ms) | proc 3.7 rcpu 0.0 gpu 0.0 rest 13.0 | alloc 40KB | ticks 2, remote.ents 25[0m
[lb]hitch EXTERNAL] 88.6ms (4 dropped @60Hz) (med 6.9, ×12.8) — rest-dominated, game-side quiet — OS/compositor/driver | proc 5.3 rcpu 0.0 gpu 0.0 rest 83.3 | alloc 40KB | ticks 6, remote.ents 25 | watchdog: 47/50 samples in 'bot.strategy'[0m
[lb]hitch VSYNC/PRESENT] 16.7ms (med 6.9, ×2.4) — present/vsync-bound (rest 13.5ms, gpu 0.0ms) | proc 3.2 rcpu 0.0 gpu 0.0 rest 13.5 | alloc 40KB | ticks 1, remote.ents 25[0m
[lb]hitch CPU-LOGIC] 114.8ms (6 dropped @60Hz) (med 6.9, ×16.5) — ng.process 95.2ms (typ 14.5ms, 7× over) | proc 96.9 rcpu 0.0 gpu 0.0 rest 18.0 | alloc 48KB | ticks 8, remote.ents 25 | watchdog: 51/56 samples in 'bot.strategy'[0m
[lb]hitch]   prev: 6.9 6.9 6.9 6.9 6.9 6.9 6.9 6.9[0m
[lb]hitch EXTERNAL] 99.7ms (5 dropped @60Hz) (med 6.9, ×14.4) — rest-dominated, game-side quiet — OS/compositor/driver | proc 4.7 rcpu 0.0 gpu 0.0 rest 95.0 | alloc 155KB | ticks 7, remote.ents 25 | watchdog: 51/58 samples in 'bot.strategy'[0m
[lb]hitch CPU-LOGIC] 97.9ms (5 dropped @60Hz) (med 6.9, ×14.1) — ng.process 95.4ms (typ 19.0ms, 5× over) | proc 97.2 rcpu 0.0 gpu 0.0 rest 0.7 | alloc 48KB | ticks 7, remote.ents 25 | watchdog: 55/58 samples in 'bot.strategy'[0m
[lb]hitch EXTERNAL] 99.6ms (5 dropped @60Hz) (med 6.9, ×14.3) — rest-dominated, game-side quiet — OS/compositor/driver | proc 6.6 rcpu 0.0 gpu 0.0 rest 93.1 | alloc 48KB | ticks 7, remote.ents 25 | watchdog: 55/60 samples in 'bot.strategy'[0m
[lb]frameprofile] scene: nodes 2935 objs-drawn 0 draws 0 vram 0MB[0m
[lb]frameprofile] census: Label 876  HBoxContainer 218  Control 157  Dependent 113  Button 110  CvarCheckBox 104  VBoxContainer 78  HSlider 62  CvarSlider 58  MarginContainer 52[0m
[lb]frameprofile] 143 frames: p50 6.9 p95 135.9 p99 146.4 p99.9 146.9ms (max 150.0) | 6 EXTERNAL, 2 VSYNC/PRESENT, 28 CPU-LOGIC | alloc 1MB/s heap 366.5MB | proc 1.7 gpu 0.0[0m
[lb]frameprofile] ms/frame: ng.process 83.5  server.tick 82.9  sim.move 82.3  move.in 81.5  bot.think 81.5  bot.strategy 81.3  cw.process 0.8  cw.players 0.7  move.pm 0.5  bot.path 0.5[0m
[lb]hitch CPU-LOGIC] 117.2ms (6 dropped @60Hz) (med 6.9, ×16.9) — ng.process 240.6ms (typ 20.5ms, 12× over) | proc 117.2 rcpu 0.0 gpu 0.0 rest 0.0 | alloc 56KB | ticks 8, remote.ents 26 | watchdog: 147/154 samples in 'bot.strategy'[0m
[lb]hitch]   prev: 6.9 6.9 6.9 6.9 6.9 6.9 6.9 6.9[0m
[lb]hitch CPU-LOGIC ×9…] ongoing 117.2–150.0ms over 3.1s — ng.process 240.6ms (typ 20.5ms, 12× over)[0m
[lb]hitch CPU-LOGIC ×17…] ongoing 117.2–150.0ms over 6.3s — ng.process 240.6ms (typ 20.5ms, 12× over)[0m
[lb]hitch CPU-LOGIC ×26…] ongoing 116.7–150.0ms over 9.4s — ng.process 240.6ms (typ 20.5ms, 12× over)[0m
[lb]frameprofile] scene: nodes 2952 objs-drawn 0 draws 0 vram 0MB[0m
[lb]frameprofile] census: Label 876  HBoxContainer 218  Control 157  Dependent 113  Button 110  CvarCheckBox 104  VBoxContainer 78  HSlider 62  CvarSlider 58  MarginContainer 52[0m
[lb]frameprofile] 71 frames: p50 7.4 p95 145.1 p99 149.9 p99.9 149.9ms (max 150.0) | 36 CPU-LOGIC | alloc 1MB/s heap 370.0MB | proc 124.8 gpu 0.0[0m
[lb]frameprofile] ms/frame: ng.process 174.5  server.tick 173.7  sim.move 172.8  move.in 171.5  bot.think 171.5  bot.strategy 171.0  move.pm 0.9  cw.process 0.8  cw.players 0.7  bot.path 0.7[0m
[lb]hitch CPU-LOGIC ×37…] ongoing 116.7–150.0ms over 12.5s — ng.process 240.6ms (typ 20.5ms, 12× over)[0m
[lb]hitch CPU-LOGIC ×48…] ongoing 116.7–150.0ms over 16.0s — ng.process 240.6ms (typ 20.5ms, 12× over)[0m
[lb]hitch CPU-LOGIC ×56…] ongoing 116.7–150.0ms over 19.2s — ng.process 240.6ms (typ 20.5ms, 12× over)[0m
[lb]hitch CPU-LOGIC ×66…] ongoing 116.7–150.0ms over 22.3s — ng.process 240.6ms (typ 20.5ms, 12× over)[0m
[lb]frameprofile] scene: nodes 2957 objs-drawn 0 draws 0 vram 0MB[0m
[lb]frameprofile] census: Label 876  HBoxContainer 218  Control 157  Dependent 113  Button 110  CvarCheckBox 104  VBoxContainer 78  HSlider 62  CvarSlider 58  MarginContainer 52[0m
[lb]frameprofile] 38 frames: p50 136.6 p95 149.9 p99 150.1 p99.9 150.1ms (max 150.0) | 38 CPU-LOGIC | alloc 1MB/s heap 365.0MB | proc 133.3 gpu 0.0[0m
[lb]frameprofile] ms/frame: ng.process 337.5  server.tick 336.1  sim.move 334.3  move.in 331.0  bot.think 330.9  bot.strategy 330.3  move.pm 2.4  cw.process 1.2  cw.players 1.1  move.post 0.6[0m
[lb]hitch CPU-LOGIC ×76…] ongoing 116.7–150.0ms over 25.5s — ng.process 240.6ms (typ 20.5ms, 12× over)[0m
[lb]hitch CPU-LOGIC ×81] 116.7–150.0ms over 26.6s (med 7.0) — ng.process 240.6ms (typ 20.5ms, 12× over)[0m
[lb]hitch EXTERNAL] 121.8ms (6 dropped @60Hz) (med 7.0, ×17.5) — rest-dominated, game-side quiet — OS/compositor/driver | proc 7.8 rcpu 0.0 gpu 0.0 rest 114.0 | alloc 56KB | ticks 9, remote.ents 26[0m
[lb]hitch]   prev: 133.3 131.2 118.8 147.9 135.4 119.1 147.6 128.2[0m
[lb]hitch CPU-LOGIC] 16.7ms (med 7.0, ×2.4) — ng.process 92.1ms | proc 16.7 rcpu 0.0 gpu 0.0 rest 0.0 | alloc 129KB | ticks 1, remote.ents 26 | watchdog: 49/57 samples in 'bot.strategy'[0m
[lb]hitch CPU-LOGIC ×8] 16.7–139.2ms over 2.1s (med 7.1) — ng.process 92.1ms[0m
[lb]hitch CPU-LOGIC] 147.3ms (8 dropped @60Hz) (med 7.1, ×20.7) — ng.process 1470.9ms (typ 343.5ms, 4× over) | proc 147.3 rcpu 0.0 gpu 0.0 rest 0.0 | alloc 48KB | ticks 11, remote.ents 25 | watchdog: 524/939 samples in 'bot.strategy'[0m
[lb]hitch]   prev: 16.7 83.3 94.2 139.2 132.7 134.0 120.7 129.3[0m
[lb]hitch EXTERNAL] 136.0ms (7 dropped @60Hz) (med 7.1, ×19.1) — rest-dominated, game-side quiet — OS/compositor/driver | proc 8.5 rcpu 0.0 gpu 0.0 rest 127.4 | alloc 156KB | ticks 10, remote.ents 25[0m
[lb]hitch VSYNC/PRESENT] 18.4ms (med 7.1, ×2.6) — present/vsync-bound (rest 15.2ms, gpu 0.0ms) | proc 3.2 rcpu 0.0 gpu 0.0 rest 15.2 | alloc 32KB | ticks 1, remote.ents 25 | watchdog: 2/3 samples in '(unscoped)'[0m
[lb]hitch EXTERNAL] 88.5ms (4 dropped @60Hz) (med 6.9, ×12.7) — rest-dominated, game-side quiet — OS/compositor/driver | proc 5.3 rcpu 0.0 gpu 0.0 rest 83.2 | alloc 48KB | ticks 6, remote.ents 25 | watchdog: 45/50 samples in 'bot.strategy'[0m
[lb]hitch]   prev: 6.9 6.9 6.9 6.9 6.9 6.9 6.9 6.9[0m
[lb]hitch VSYNC/PRESENT] 16.7ms (med 6.9, ×2.4) — present/vsync-bound (rest 13.7ms, gpu 0.0ms) | proc 2.9 rcpu 0.0 gpu 0.0 rest 13.7 | alloc 152KB | ticks 1, remote.ents 25[0m
[lb]hitch EXTERNAL] 82.6ms (4 dropped @60Hz) (med 6.9, ×11.9) — rest-dominated, game-side quiet — OS/compositor/driver | proc 5.0 rcpu 0.0 gpu 0.0 rest 77.6 | alloc 48KB | ticks 6, remote.ents 25 | watchdog: 45/50 samples in 'bot.strategy'[0m
[lb]hitch VSYNC/PRESENT] 16.7ms (med 6.9, ×2.4) — present/vsync-bound (rest 14.1ms, gpu 0.0ms) | proc 2.5 rcpu 0.0 gpu 0.0 rest 14.1 | alloc 40KB | ticks 1, remote.ents 25[0m
[lb]hitch CPU-LOGIC] 143.2ms (8 dropped @60Hz) (med 6.9, ×20.6) — ng.process 1796.1ms (typ 145.9ms, 12× over) | proc 143.2 rcpu 0.0 gpu 0.0 rest 0.0 | alloc 64KB | ticks 10, remote.ents 25 | watchdog: 1143/1155 samples in 'bot.strategy'[0m
[lb]hitch EXTERNAL] 134.0ms (7 dropped @60Hz) (med 6.9, ×19.3) — rest-dominated, game-side quiet — OS/compositor/driver | proc 7.1 rcpu 0.0 gpu 0.0 rest 127.0 | alloc 56KB | ticks 10, remote.ents 25[0m
[lb]hitch EXTERNAL ×2] 104.4–134.0ms over 0.3s (med 6.9) — rest-dominated, game-side quiet — OS/compositor/driver[0m
[lb]hitch VSYNC/PRESENT] 18.5ms (med 6.9, ×2.7) — present/vsync-bound (rest 14.8ms, gpu 0.0ms) | proc 3.8 rcpu 0.0 gpu 0.0 rest 14.8 | alloc 40KB | ticks 2, remote.ents 26 | watchdog: 2/6 samples in 'ng.process'[0m
[lb]hitch]   prev: 6.7 6.7 6.7 6.7 6.7 6.7 6.7 104.4[0m
[lb]hitch CPU-LOGIC] 92.8ms (5 dropped @60Hz) (med 6.9, ×13.4) — ng.process 101.6ms (typ 10.3ms, 10× over) | proc 92.8 rcpu 0.0 gpu 0.0 rest 0.0 | alloc 48KB | ticks 7, remote.ents 25 | watchdog: 59/63 samples in 'bot.strategy'[0m
[lb]hitch]   prev: 6.9 6.9 6.9 7.0 6.9 6.9 6.9 6.9[0m
[lb]hitch EXTERNAL] 100.6ms (5 dropped @60Hz) (med 6.9, ×14.5) — rest-dominated, game-side quiet — OS/compositor/driver | proc 8.7 rcpu 0.0 gpu 0.0 rest 91.9 | alloc 201KB | ticks 7, remote.ents 26[0m
[lb]hitch VSYNC/PRESENT] 17.0ms (med 6.9, ×2.5) — present/vsync-bound (rest 12.3ms, gpu 0.0ms) | proc 4.7 rcpu 0.0 gpu 0.0 rest 12.3 | alloc 48KB | ticks 1, remote.ents 26 | watchdog: 3/4 samples in '(unscoped)'[0m
[lb]hitch EXTERNAL] 91.3ms (4 dropped @60Hz) (med 6.9, ×13.1) — rest-dominated, game-side quiet — OS/compositor/driver | proc 4.3 rcpu 0.0 gpu 0.0 rest 87.0 | alloc 48KB | ticks 6, remote.ents 26 | watchdog: 51/53 samples in 'bot.strategy'[0m
[lb]frameprofile] scene: nodes 2941 objs-drawn 0 draws 0 vram 0MB[0m
[lb]frameprofile] census: Label 876  HBoxContainer 218  Control 157  Dependent 113  Button 110  CvarCheckBox 104  VBoxContainer 78  HSlider 62  CvarSlider 58  MarginContainer 52[0m
[lb]frameprofile] 303 frames: p50 6.9 p95 118.9 p99 139.1 p99.9 147.6ms (max 147.9) | 9 EXTERNAL, 5 VSYNC/PRESENT, 18 CPU-LOGIC | alloc 3MB/s heap 368.8MB | proc 3.2 gpu 0.0[0m
[lb]frameprofile] ms/frame: ng.process 29.0  server.tick 28.6  sim.move 28.1  move.in 27.7  bot.think 27.7  bot.strategy 27.6  bot.path 2.3  cw.process 0.9  cw.players 0.8  proc:other 0.5[0m
[lb]hitch EXTERNAL ×2] 91.3–108.7ms over 0.5s (med 6.9) — rest-dominated, game-side quiet — OS/compositor/driver[0m
[lb]hitch CPU-LOGIC] 79.4ms (4 dropped @60Hz) (med 6.9, ×11.4) — ng.process 77.6ms (typ 8.9ms, 9× over) | proc 79.3 rcpu 0.0 gpu 0.0 rest 0.1 | alloc 56KB | ticks 6, remote.ents 25 | watchdog: 44/48 samples in 'bot.strategy'[0m
[lb]hitch]   prev: 6.9 6.9 6.9 6.9 6.9 6.9 6.9 6.9[0m
[lb]hitch EXTERNAL] 82.9ms (4 dropped @60Hz) (med 6.9, ×11.9) — rest-dominated, game-side quiet — OS/compositor/driver | proc 5.4 rcpu 0.0 gpu 0.0 rest 77.4 | alloc 169KB | ticks 6, remote.ents 25 | watchdog: 44/50 samples in 'bot.strategy'[0m
[lb]hitch EXTERNAL ×2] 82.9–87.5ms over 0.3s (med 6.9) — rest-dominated, game-side quiet — OS/compositor/driver[0m
[lb]hitch VSYNC/PRESENT] 18.4ms (med 6.9, ×2.6) — present/vsync-bound (rest 15.1ms, gpu 0.0ms) | proc 3.2 rcpu 0.0 gpu 0.0 rest 15.1 | alloc 40KB | ticks 1, remote.ents 25 | watchdog: 1/3 samples in 'ng.process'[0m
[lb]hitch EXTERNAL] 103.6ms (5 dropped @60Hz) (med 6.9, ×14.9) — rest-dominated, game-side quiet — OS/compositor/driver | proc 4.6 rcpu 0.0 gpu 0.0 rest 99.1 | alloc 48KB | ticks 7, remote.ents 25 | watchdog: 57/64 samples in 'bot.strategy'[0m
[lb]hitch]   prev: 6.9 6.9 6.9 6.9 6.9 6.9 6.9 6.9[0m
[lb]hitch VSYNC/PRESENT] 16.7ms (med 6.9, ×2.4) — present/vsync-bound (rest 14.3ms, gpu 0.0ms) | proc 2.4 rcpu 0.0 gpu 0.0 rest 14.3 | alloc 179KB | ticks 1, remote.ents 25 | watchdog: 57/64 samples in 'bot.strategy'[0m
[lb]hitch EXTERNAL] 82.9ms (4 dropped @60Hz) (med 6.9, ×11.9) — rest-dominated, game-side quiet — OS/compositor/driver | proc 8.1 rcpu 0.0 gpu 0.0 rest 74.8 | alloc 64KB | ticks 6, remote.ents 25[0m
[lb]hitch VSYNC/PRESENT] 18.3ms (med 6.9, ×2.6) — present/vsync-bound (rest 15.8ms, gpu 0.0ms) | proc 2.5 rcpu 0.0 gpu 0.0 rest 15.8 | alloc 40KB | ticks 1, remote.ents 25[0m
[lb]hitch EXTERNAL] 94.2ms (5 dropped @60Hz) (med 6.9, ×13.6) — rest-dominated, game-side quiet — OS/compositor/driver | proc 6.2 rcpu 0.0 gpu 0.0 rest 88.0 | alloc 48KB | ticks 7, remote.ents 25 | watchdog: 51/55 samples in 'bot.strategy'[0m
[lb]hitch VSYNC/PRESENT] 16.7ms (med 6.9, ×2.4) — present/vsync-bound (rest 13.6ms, gpu 0.0ms) | proc 3.1 rcpu 0.0 gpu 0.0 rest 13.6 | alloc 56KB | ticks 1, remote.ents 25[0m
[lb]hitch CPU-LOGIC] 92.4ms (5 dropped @60Hz) (med 6.9, ×13.3) — ng.process 110.2ms (typ 10.7ms, 10× over) | proc 92.4 rcpu 0.0 gpu 0.0 rest 0.0 | alloc 48KB | ticks 7, remote.ents 25 | watchdog: 66/67 samples in 'bot.strategy'[0m
[lb]hitch]   prev: 6.9 6.9 6.9 6.9 6.9 6.9 6.9 6.9[0m
[lb]hitch CPU-LOGIC ×2] 92.4–116.7ms over 0.1s (med 6.9) — ng.process 110.2ms (typ 10.7ms, 10× over)[0m
[lb]hitch EXTERNAL] 106.9ms (5 dropped @60Hz) (med 6.9, ×15.4) — rest-dominated, game-side quiet — OS/compositor/driver | proc 5.6 rcpu 0.0 gpu 0.0 rest 101.3 | alloc 56KB | ticks 8, remote.ents 25[0m
[lb]hitch CPU-LOGIC] 78.0ms (4 dropped @60Hz) (med 6.9, ×11.2) — ng.process 90.0ms (typ 9.3ms, 10× over) | proc 78.0 rcpu 0.0 gpu 0.0 rest 0.0 | alloc 48KB | ticks 5, remote.ents 25 | watchdog: 51/55 samples in 'bot.strategy'[0m
[lb]hitch]   prev: 6.9 6.9 6.9 6.9 6.9 6.9 6.9 6.9[0m
[lb]hitch CPU-LOGIC ×2] 78.0–98.6ms over 0.1s (med 6.9) — ng.process 90.0ms (typ 9.3ms, 10× over)[0m
[lb]hitch EXTERNAL] 101.4ms (5 dropped @60Hz) (med 6.9, ×14.6) — rest-dominated, game-side quiet — OS/compositor/driver | proc 6.9 rcpu 0.0 gpu 0.0 rest 94.5 | alloc 48KB | ticks 8, remote.ents 25 | watchdog: 62/65 samples in 'bot.strategy'[0m
[lb]hitch VSYNC/PRESENT] 17.6ms (med 6.9, ×2.5) — present/vsync-bound (rest 13.7ms, gpu 0.0ms) | proc 3.8 rcpu 0.0 gpu 0.0 rest 13.7 | alloc 40KB | ticks 1, remote.ents 25[0m
[lb]hitch CPU-LOGIC] 101.7ms (5 dropped @60Hz) (med 6.9, ×14.6) — ng.process 102.8ms (typ 10.4ms, 10× over) | proc 101.7 rcpu 0.0 gpu 0.0 rest 0.0 | alloc 48KB | ticks 7, remote.ents 25 | watchdog: 58/64 samples in 'bot.strategy'[0m
[lb]hitch]   prev: 6.9 6.9 6.9 6.9 6.9 6.9 6.9 6.9[0m
[lb]hitch EXTERNAL] 104.4ms (5 dropped @60Hz) (med 6.9, ×15.0) — rest-dominated, game-side quiet — OS/compositor/driver | proc 5.6 rcpu 0.0 gpu 0.0 rest 98.8 | alloc 184KB | ticks 8, remote.ents 25 | watchdog: 58/66 samples in 'bot.strategy'[0m
[lb]hitch VSYNC/PRESENT] 16.7ms (med 6.9, ×2.4) — present/vsync-bound (rest 14.2ms, gpu 0.0ms) | proc 2.5 rcpu 0.0 gpu 0.0 rest 14.2 | alloc 40KB | ticks 1, remote.ents 25[0m
[lb]hitch EXTERNAL] 114.5ms (6 dropped @60Hz) (med 6.9, ×16.5) — rest-dominated, game-side quiet — OS/compositor/driver | proc 7.8 rcpu 0.0 gpu 0.0 rest 106.7 | alloc 72KB | ticks 8, remote.ents 26[0m
[lb]hitch]   events: anim cache HIT models/player/ignismasked.iqm[0m
[lb]hitch]   prev: 6.9 6.9 6.9 6.9 6.9 6.9 6.9 6.9[0m
[lb]frameprofile] scene: nodes 2951 objs-drawn 0 draws 0 vram 0MB[0m
[lb]frameprofile] census: Label 876  HBoxContainer 218  Control 157  Dependent 113  Button 110  CvarCheckBox 104  VBoxContainer 78  HSlider 62  CvarSlider 58  MarginContainer 52[0m
[lb]frameprofile] 517 frames: p50 6.9 p95 9.9 p99 101.6 p99.9 114.4ms (max 116.7) | 10 EXTERNAL, 6 VSYNC/PRESENT, 6 CPU-LOGIC | alloc 3MB/s heap 363.7MB | proc 2.9 gpu 0.0[0m
[lb]frameprofile] ms/frame: ng.process 3.9  server.tick 3.5  sim.move 3.1  move.in 2.9  bot.think 2.9  bot.strategy 2.8  cw.process 0.9  cw.players 0.8  proc:other 0.5  net.send 0.2[0m
[lb]hitch EXTERNAL ×5] 80.8–114.5ms over 1.5s (med 6.9) — rest-dominated, game-side quiet — OS/compositor/driver[0m
[lb]hitch VSYNC/PRESENT] 16.7ms (med 6.9, ×2.4) — present/vsync-bound (rest 12.8ms, gpu 0.0ms) | proc 3.8 rcpu 0.0 gpu 0.0 rest 12.8 | alloc 40KB | ticks 2, remote.ents 26[0m
[lb]hitch]   prev: 6.9 6.9 6.9 6.9 6.9 6.9 6.9 80.8[0m
[lb]hitch EXTERNAL] 81.5ms (4 dropped @60Hz) (med 6.7, ×12.2) — rest-dominated, game-side quiet — OS/compositor/driver | proc 5.3 rcpu 0.0 gpu 0.0 rest 76.2 | alloc 48KB | ticks 6, remote.ents 26 | watchdog: 42/46 samples in 'bot.strategy'[0m
[lb]hitch VSYNC/PRESENT] 16.7ms (med 6.7, ×2.5) — present/vsync-bound (rest 13.9ms, gpu 0.0ms) | proc 2.7 rcpu 0.0 gpu 0.0 rest 13.9 | alloc 48KB | ticks 1, remote.ents 26[0m
[lb]hitch CPU-LOGIC] 110.8ms (6 dropped @60Hz) (med 6.9, ×16.0) — ng.process 104.7ms (typ 10.9ms, 10× over) | proc 107.2 rcpu 0.0 gpu 0.0 rest 3.6 | alloc 48KB | ticks 8, remote.ents 26 | watchdog: 60/64 samples in 'bot.strategy'[0m
[lb]hitch]   prev: 6.9 6.9 6.9 6.9 6.9 6.9 6.9 6.9[0m
[lb]hitch EXTERNAL] 112.0ms (6 dropped @60Hz) (med 6.9, ×16.1) — rest-dominated, game-side quiet — OS/compositor/driver | proc 6.2 rcpu 0.0 gpu 0.0 rest 105.8 | alloc 153KB | ticks 8, remote.ents 26 | watchdog: 60/66 samples in 'bot.strategy'[0m
[lb]hitch EXTERNAL ×2] 70.0–112.0ms over 0.1s (med 6.9) — rest-dominated, game-side quiet — OS/compositor/driver[0m
[lb]hitch VSYNC/PRESENT] 16.7ms (med 6.9, ×2.4) — present/vsync-bound (rest 13.2ms, gpu 0.0ms) | proc 3.5 rcpu 0.0 gpu 0.0 rest 13.2 | alloc 40KB | ticks 1, remote.ents 26 | watchdog: 47/50 samples in 'bot.strategy'[0m
[lb]hitch EXTERNAL] 98.4ms (5 dropped @60Hz) (med 6.9, ×14.2) — rest-dominated, game-side quiet — OS/compositor/driver | proc 5.1 rcpu 0.0 gpu 0.0 rest 93.4 | alloc 48KB | ticks 7, remote.ents 26 | watchdog: 53/55 samples in 'bot.strategy'[0m
[lb]hitch]   prev: 6.9 6.9 6.9 6.9 6.9 6.9 6.9 6.9[0m
[lb]hitch CPU-LOGIC] 92.0ms (5 dropped @60Hz) (med 6.9, ×13.3) — ng.process 201.6ms (typ 15.8ms, 13× over) | proc 92.0 rcpu 0.0 gpu 0.0 rest 0.0 | alloc 48KB | ticks 6, remote.ents 26 | watchdog: 123/128 samples in 'bot.strategy'[0m
[lb]hitch]   prev: 6.9 6.9 6.9 6.9 6.9 6.9 6.9 6.9[0m
[lb]hitch CPU-LOGIC ×2] 92.0–125.5ms over 0.1s (med 6.9) — ng.process 201.6ms (typ 15.8ms, 13× over)[0m
[lb]hitch EXTERNAL] 91.2ms (4 dropped @60Hz) (med 6.9, ×13.1) — rest-dominated, game-side quiet — OS/compositor/driver | proc 7.4 rcpu 0.0 gpu 0.0 rest 83.8 | alloc 48KB | ticks 7, remote.ents 27[0m
[lb]hitch EXTERNAL ×2] 81.4–91.2ms over 0.3s (med 6.9) — rest-dominated, game-side quiet — OS/compositor/driver[0m
[lb]hitch VSYNC/PRESENT] 16.7ms (med 6.9, ×2.4) — present/vsync-bound (rest 14.2ms, gpu 0.0ms) | proc 2.4 rcpu 0.0 gpu 0.0 rest 14.2 | alloc 40KB | ticks 1, remote.ents 26 | watchdog: 41/44 samples in 'bot.strategy'[0m
[lb]hitch]   prev: 6.9 6.9 6.9 6.9 6.9 6.9 6.9 81.4[0m
[lb]hitch EXTERNAL] 89.0ms (4 dropped @60Hz) (med 6.9, ×12.8) — rest-dominated, game-side quiet — OS/compositor/driver | proc 4.7 rcpu 0.0 gpu 0.0 rest 84.3 | alloc 48KB | ticks 6, remote.ents 26 | watchdog: 44/47 samples in 'bot.strategy'[0m
[lb]frameprofile] scene: nodes 2951 objs-drawn 0 draws 0 vram 0MB[0m
[lb]frameprofile] census: Label 876  HBoxContainer 218  Control 157  Dependent 113  Button 110  CvarCheckBox 104  VBoxContainer 78  HSlider 62  CvarSlider 58  MarginContainer 52[0m
[lb]frameprofile] 567 frames: p50 6.9 p95 8.4 p99 92.1 p99.9 112.1ms (max 125.5) | 10 EXTERNAL, 4 VSYNC/PRESENT, 3 CPU-LOGIC | alloc 4MB/s heap 368.0MB | proc 1.9 gpu 0.0[0m
[lb]frameprofile] ms/frame: ng.process 3.1  server.tick 2.8  sim.move 2.5  move.in 2.2  bot.think 2.2  bot.strategy 2.2  cw.process 1.1  cw.players 1.0  proc:other 0.5  net.send 0.2[0m
[lb]hitch EXTERNAL ×2] 89.0–101.4ms over 0.6s (med 6.9) — rest-dominated, game-side quiet — OS/compositor/driver[0m
[lb]hitch VSYNC/PRESENT] 16.7ms (med 6.9, ×2.4) — present/vsync-bound (rest 14.2ms, gpu 0.0ms) | proc 2.5 rcpu 0.0 gpu 0.0 rest 14.2 | alloc 40KB | ticks 1, remote.ents 26[0m
[lb]hitch]   prev: 6.9 6.9 6.9 6.9 6.9 6.9 6.9 101.4[0m
[lb]hitch EXTERNAL] 105.2ms (5 dropped @60Hz) (med 6.9, ×15.2) — rest-dominated, game-side quiet — OS/compositor/driver | proc 5.6 rcpu 0.0 gpu 0.0 rest 99.6 | alloc 48KB | ticks 7, remote.ents 26 | watchdog: 61/64 samples in 'bot.strategy'[0m
[lb]hitch EXTERNAL ×7] 63.9–105.2ms over 1.6s (med 6.9) — rest-dominated, game-side quiet — OS/compositor/driver[0m
[lb]hitch CPU-LOGIC] 75.0ms (3 dropped @60Hz) (med 6.9, ×10.8) — ng.process 87.5ms (typ 9.7ms, 9× over) | proc 75.0 rcpu 0.0 gpu 0.0 rest 0.0 | alloc 48KB | ticks 5, remote.ents 26 | watchdog: 50/54 samples in 'bot.strategy'[0m
[lb]hitch]   prev: 6.9 6.9 6.9 6.9 6.9 6.9 6.9 6.9[0m
[lb]hitch EXTERNAL] 97.8ms (5 dropped @60Hz) (med 6.9, ×14.1) — rest-dominated, game-side quiet — OS/compositor/driver | proc 12.6 rcpu 0.0 gpu 0.0 rest 85.2 | alloc 218KB | ticks 7, remote.ents 27 | watchdog: 1/4 samples in 'bot.aim'[0m
[lb]hitch VSYNC/PRESENT] 18.9ms (med 6.9, ×2.7) — present/vsync-bound (rest 14.4ms, gpu 0.0ms) | proc 4.5 rcpu 0.0 gpu 0.0 rest 14.4 | alloc 40KB | ticks 2, remote.ents 27 | watchdog: 2/6 samples in '(unscoped)'[0m
[lb]hitch EXTERNAL] 103.0ms (5 dropped @60Hz) (med 6.9, ×14.8) — rest-dominated, game-side quiet — OS/compositor/driver | proc 9.1 rcpu 0.0 gpu 0.0 rest 93.9 | alloc 56KB | ticks 7, remote.ents 26[0m
[lb]hitch VSYNC/PRESENT] 16.7ms (med 6.9, ×2.4) — present/vsync-bound (rest 13.2ms, gpu 0.0ms) | proc 3.5 rcpu 0.0 gpu 0.0 rest 13.2 | alloc 48KB | ticks 1, remote.ents 26 | watchdog: 2/4 samples in '(unscoped)'[0m
[lb]hitch CPU-LOGIC] 94.4ms (5 dropped @60Hz) (med 6.9, ×13.6) — ng.process 101.8ms (typ 10.7ms, 10× over) | proc 94.4 rcpu 0.0 gpu 0.0 rest 0.0 | alloc 136KB | ticks 7, remote.ents 28 | watchdog: 56/64 samples in 'bot.strategy'[0m
[lb]hitch]   prev: 6.9 6.9 6.9 6.9 6.9 6.9 6.9 6.9[0m
[lb]hitch EXTERNAL] 110.4ms (6 dropped @60Hz) (med 6.9, ×15.9) — rest-dominated, game-side quiet — OS/compositor/driver | proc 9.2 rcpu 0.0 gpu 0.0 rest 101.2 | alloc 176KB | ticks 8, remote.ents 27[0m
[lb]hitch EXTERNAL ×2] 85.2–110.4ms over 0.1s (med 6.9) — rest-dominated, game-side quiet — OS/compositor/driver[0m
[lb]hitch CPU-LOGIC] 100.1ms (5 dropped @60Hz) (med 6.9, ×14.4) — ng.process 105.6ms (typ 11.3ms, 9× over) | proc 100.1 rcpu 0.0 gpu 0.0 rest 0.0 | alloc 48KB | ticks 7, remote.ents 27 | watchdog: 59/66 samples in 'bot.strategy'[0m
[lb]hitch]   prev: 6.9 6.9 6.9 6.9 6.9 6.9 6.9 6.9[0m
[lb]hitch EXTERNAL] 104.0ms (5 dropped @60Hz) (med 6.9, ×15.0) — rest-dominated, game-side quiet — OS/compositor/driver | proc 6.4 rcpu 0.0 gpu 0.0 rest 97.5 | alloc 200KB | ticks 8, remote.ents 27 | watchdog: 59/68 samples in 'bot.strategy'[0m
[lb]hitch VSYNC/PRESENT] 16.7ms (med 6.9, ×2.4) — present/vsync-bound (rest 11.4ms, gpu 0.0ms) | proc 5.3 rcpu 0.0 gpu 0.0 rest 11.4 | alloc 120KB | ticks 1, remote.ents 28[0m
[lb]hitch EXTERNAL] 121.3ms (6 dropped @60Hz) (med 6.9, ×17.5) — rest-dominated, game-side quiet — OS/compositor/driver | proc 10.0 rcpu 0.0 gpu 0.0 rest 111.4 | alloc 48KB | ticks 8, remote.ents 27 | watchdog: 1/3 samples in 'ng.process'[0m
[lb]hitch VSYNC/PRESENT] 20.5ms (med 6.9, ×2.9) — present/vsync-bound (rest 15.7ms, gpu 0.0ms) | proc 4.8 rcpu 0.0 gpu 0.0 rest 15.7 | alloc 48KB | ticks 2, remote.ents 27 | watchdog: 2/4 samples in '(unscoped)'[0m
[lb]hitch EXTERNAL] 104.1ms (5 dropped @60Hz) (med 6.9, ×15.0) — rest-dominated, game-side quiet — OS/compositor/driver | proc 6.7 rcpu 0.0 gpu 0.0 rest 97.3 | alloc 40KB | ticks 7, remote.ents 26 | watchdog: 55/60 samples in 'bot.strategy'[0m
[lb]hitch]   prev: 6.9 7.0 8.2 7.1 7.1 7.1 6.7 6.7[0m
[lb]hitch VSYNC/PRESENT] 16.7ms (med 6.9, ×2.4) — present/vsync-bound (rest 13.4ms, gpu 0.0ms) | proc 3.3 rcpu 0.0 gpu 0.0 rest 13.4 | alloc 141KB | ticks 2, remote.ents 26[0m
[lb]hitch EXTERNAL] 111.7ms (6 dropped @60Hz) (med 6.9, ×16.1) — rest-dominated, game-side quiet — OS/compositor/driver | proc 7.8 rcpu 0.0 gpu 0.0 rest 103.9 | alloc 40KB | ticks 8, remote.ents 26[0m
[lb]hitch VSYNC/PRESENT] 16.7ms (med 6.9, ×2.4) — present/vsync-bound (rest 13.1ms, gpu 0.0ms) | proc 3.5 rcpu 0.0 gpu 0.0 rest 13.1 | alloc 40KB | ticks 1, remote.ents 26 | watchdog: 2/3 samples in '(unscoped)'[0m
[lb]frameprofile] scene: nodes 2951 objs-drawn 0 draws 0 vram 0MB[0m
[lb]frameprofile] census: Label 876  HBoxContainer 218  Control 157  Dependent 113  Button 110  CvarCheckBox 104  VBoxContainer 78  HSlider 62  CvarSlider 58  MarginContainer 52[0m
[lb]frameprofile] 488 frames: p50 6.9 p95 16.6 p99 103.9 p99.9 111.6ms (max 121.3) | 16 EXTERNAL, 7 VSYNC/PRESENT, 3 CPU-LOGIC | alloc 3MB/s heap 369.2MB | proc 3.5 gpu 0.0[0m
[lb]frameprofile] ms/frame: ng.process 4.7  server.tick 4.3  sim.move 3.9  move.in 3.6  bot.think 3.6  bot.strategy 3.5  cw.process 1.1  cw.players 1.0  proc:other 0.5  move.pm 0.3[0m
[lb]hitch CPU-LOGIC] 110.2ms (6 dropped @60Hz) (med 6.9, ×15.9) — ng.process 102.8ms (typ 10.9ms, 9× over) | proc 104.8 rcpu 0.0 gpu 0.0 rest 5.4 | alloc 48KB | ticks 8, remote.ents 26 | watchdog: 59/63 samples in 'bot.strategy'[0m
[lb]hitch]   prev: 6.9 6.9 6.9 6.9 6.9 6.9 6.9 6.9[0m
[lb]hitch EXTERNAL] 100.9ms (5 dropped @60Hz) (med 6.9, ×14.5) — rest-dominated, game-side quiet — OS/compositor/driver | proc 10.2 rcpu 0.0 gpu 0.0 rest 90.7 | alloc 234KB | ticks 7, remote.ents 27 | watchdog: 1/3 samples in 'net.send'[0m
[lb]hitch VSYNC/PRESENT] 20.4ms (med 6.9, ×2.9) — present/vsync-bound (rest 16.8ms, gpu 0.0ms) | proc 3.5 rcpu 0.0 gpu 0.0 rest 16.8 | alloc 40KB | ticks 1, remote.ents 27 | watchdog: 3/5 samples in '(unscoped)'[0m
[lb]hitch VSYNC/PRESENT ×2] 13.0–20.4ms over 0.0s (med 6.9) — present/vsync-bound (rest 16.8ms, gpu 0.0ms)[0m
[lb]hitch CPU-LOGIC] 117.6ms (6 dropped @60Hz) (med 6.9, ×16.9) — ng.process 102.7ms (typ 15.2ms, 7× over) | proc 104.8 rcpu 0.0 gpu 0.0 rest 12.8 | alloc 48KB | ticks 8, remote.ents 26 | watchdog: 60/65 samples in 'bot.strategy'[0m
[lb]hitch EXTERNAL] 108.0ms (5 dropped @60Hz) (med 6.9, ×15.5) — rest-dominated, game-side quiet — OS/compositor/driver | proc 7.3 rcpu 0.0 gpu 0.0 rest 100.6 | alloc 56KB | ticks 8, remote.ents 26[0m
[lb]hitch VSYNC/PRESENT] 15.2ms (med 6.9, ×2.2) — present/vsync-bound (rest 11.7ms, gpu 0.0ms) | proc 3.5 rcpu 0.0 gpu 0.0 rest 11.7 | alloc 40KB | ticks 1, remote.ents 26[0m
[lb]hitch VSYNC/PRESENT ×2] 15.2–15.9ms over 0.0s (med 6.9) — present/vsync-bound (rest 11.7ms, gpu 0.0ms)[0m
[lb]hitch EXTERNAL] 87.2ms (4 dropped @60Hz) (med 6.9, ×12.6) — rest-dominated, game-side quiet — OS/compositor/driver | proc 5.6 rcpu 0.0 gpu 0.0 rest 81.6 | alloc 40KB | ticks 6, remote.ents 26 | watchdog: 42/46 samples in 'bot.strategy'[0m
[lb]hitch]   prev: 5.6 5.6 5.6 5.6 5.6 5.6 6.9 6.9[0m
[lb]hitch EXTERNAL ×2] 66.2–87.2ms over 0.1s (med 6.9) — rest-dominated, game-side quiet — OS/compositor/driver[0m
[lb]hitch VSYNC/PRESENT] 16.7ms (med 6.9, ×2.4) — present/vsync-bound (rest 13.1ms, gpu 0.0ms) | proc 3.6 rcpu 0.0 gpu 0.0 rest 13.1 | alloc 32KB | ticks 1, remote.ents 27 | watchdog: 1/3 samples in 'cw.players'[0m
[lb]hitch CPU-LOGIC] 88.1ms (4 dropped @60Hz) (med 6.9, ×12.7) — ng.process 81.2ms (typ 10.9ms, 7× over) | proc 83.2 rcpu 0.0 gpu 0.0 rest 4.9 | alloc 48KB | ticks 6, remote.ents 27 | watchdog: 46/49 samples in 'bot.strategy'[0m
[lb]hitch CPU-LOGIC ×7] 83.3–133.3ms over 1.2s (med 6.9) — ng.process 81.2ms (typ 10.9ms, 7× over)[0m
[lb]hitch EXTERNAL] 106.0ms (5 dropped @60Hz) (med 6.9, ×15.3) — rest-dominated, game-side quiet — OS/compositor/driver | proc 5.7 rcpu 0.0 gpu 0.0 rest 100.4 | alloc 88KB | ticks 7, remote.ents 26 | watchdog: 56/64 samples in 'bot.strategy'[0m
[lb]hitch]   events: [lb]-1f] anim cache HIT models/player/erebus.iqm; stream: player model models/player/erebus.iqm (parse) built (0.0ms)[0m
[lb]hitch]   prev: 6.9 88.1 83.3 133.3 133.3 133.3 130.0 120.0[0m
[lb]hitch EXTERNAL ×3] 81.2–106.0ms over 0.5s (med 6.9) — rest-dominated, game-side quiet — OS/compositor/driver[0m
[lb]hitch VSYNC/PRESENT] 16.7ms (med 6.9, ×2.4) — present/vsync-bound (rest 15.0ms, gpu 0.0ms) | proc 1.6 rcpu 0.0 gpu 0.0 rest 15.0 | alloc 32KB | ticks 1, remote.ents 16 | watchdog: 53/56 samples in 'bot.strategy'[0m
[lb]hitch EXTERNAL] 103.2ms (5 dropped @60Hz) (med 6.9, ×14.9) — rest-dominated, game-side quiet — OS/compositor/driver | proc 3.7 rcpu 0.0 gpu 0.0 rest 99.5 | alloc 40KB | ticks 7, remote.ents 16 | watchdog: 52/57 samples in 'bot.strategy'[0m
[lb]hitch]   prev: 6.9 6.9 6.9 6.9 6.9 6.9 6.9 6.9[0m
[lb]hitch EXTERNAL ×2] 97.2–103.2ms over 0.3s (med 6.9) — rest-dominated, game-side quiet — OS/compositor/driver[0m
[lb]hitch VSYNC/PRESENT] 16.7ms (med 6.9, ×2.4) — present/vsync-bound (rest 15.0ms, gpu 0.0ms) | proc 1.7 rcpu 0.0 gpu 0.0 rest 15.0 | alloc 32KB | ticks 1, remote.ents 16[0m
[lb]hitch EXTERNAL] 104.2ms (5 dropped @60Hz) (med 6.9, ×15.0) — rest-dominated, game-side quiet — OS/compositor/driver | proc 6.3 rcpu 0.0 gpu 0.0 rest 97.9 | alloc 48KB | ticks 7, remote.ents 16 | watchdog: 54/56 samples in 'bot.strategy'[0m
[lb]hitch]   prev: 6.9 6.9 6.9 6.9 6.9 6.9 6.9 6.9[0m
[lb]hitch CPU-LOGIC] 91.8ms (5 dropped @60Hz) (med 6.9, ×13.2) — ng.process 82.1ms (typ 10.6ms, 8× over) | proc 82.9 rcpu 0.0 gpu 0.0 rest 8.9 | alloc 40KB | ticks 7, remote.ents 16 | watchdog: 45/49 samples in 'bot.strategy'[0m
[lb]hitch EXTERNAL] 83.9ms (4 dropped @60Hz) (med 6.9, ×12.1) — rest-dominated, game-side quiet — OS/compositor/driver | proc 8.1 rcpu 0.0 gpu 0.0 rest 75.8 | alloc 64KB | ticks 6, remote.ents 16[0m
[lb]hitch VSYNC/PRESENT] 16.7ms (med 6.9, ×2.4) — present/vsync-bound (rest 14.9ms, gpu 0.0ms) | proc 1.8 rcpu 0.0 gpu 0.0 rest 14.9 | alloc 40KB | ticks 1, remote.ents 16 | watchdog: 2/3 samples in '(unscoped)'[0m
[lb]hitch EXTERNAL] 89.0ms (4 dropped @60Hz) (med 6.9, ×12.8) — rest-dominated, game-side quiet — OS/compositor/driver | proc 4.0 rcpu 0.0 gpu 0.0 rest 84.9 | alloc 48KB | ticks 6, remote.ents 16 | watchdog: 44/47 samples in 'bot.strategy'[0m
[lb]hitch]   prev: 6.9 6.9 6.9 6.9 6.9 6.9 6.9 6.9[0m
[lb]hitch VSYNC/PRESENT] 16.7ms (med 6.9, ×2.4) — present/vsync-bound (rest 14.3ms, gpu 0.0ms) | proc 2.3 rcpu 0.0 gpu 0.0 rest 14.3 | alloc 147KB | ticks 1, remote.ents 16 | watchdog: 44/47 samples in 'bot.strategy'[0m
[lb]hitch EXTERNAL] 116.6ms (6 dropped @60Hz) (med 6.9, ×16.8) — rest-dominated, game-side quiet — OS/compositor/driver | proc 4.8 rcpu 0.0 gpu 0.0 rest 111.8 | alloc 48KB | ticks 8, remote.ents 16 | watchdog: 61/66 samples in 'bot.strategy'[0m
[lb]hitch EXTERNAL ×2] 86.9–116.6ms over 0.2s (med 6.9) — rest-dominated, game-side quiet — OS/compositor/driver[0m
[lb]hitch VSYNC/PRESENT] 16.7ms (med 6.9, ×2.4) — present/vsync-bound (rest 14.9ms, gpu 0.0ms) | proc 1.8 rcpu 0.0 gpu 0.0 rest 14.9 | alloc 32KB | ticks 1, remote.ents 16 | watchdog: 56/60 samples in 'bot.strategy'[0m
[lb]hitch EXTERNAL] 88.6ms (4 dropped @60Hz) (med 6.9, ×12.8) — rest-dominated, game-side quiet — OS/compositor/driver | proc 5.2 rcpu 0.0 gpu 0.0 rest 83.4 | alloc 48KB | ticks 6, remote.ents 16 | watchdog: 46/49 samples in 'bot.strategy'[0m
[lb]hitch]   prev: 5.6 5.6 5.6 5.8 6.9 6.9 6.9 6.9[0m
[lb]frameprofile] scene: nodes 2877 objs-drawn 0 draws 0 vram 0MB[0m
[lb]frameprofile] census: Label 876  HBoxContainer 218  Control 157  Dependent 113  Button 110  CvarCheckBox 104  VBoxContainer 78  HSlider 62  CvarSlider 58  MarginContainer 52[0m
[lb]frameprofile] 397 frames: p50 6.9 p95 83.9 p99 120.1 p99.9 133.4ms (max 133.3) | 15 EXTERNAL, 10 VSYNC/PRESENT, 10 CPU-LOGIC | alloc 3MB/s heap 366.6MB | proc 5.2 gpu 0.0[0m
[lb]frameprofile] ms/frame: ng.process 8.3  server.tick 7.9  sim.move 7.5  move.in 7.1  bot.think 7.1  bot.strategy 7.0  proc:other 0.5  cw.process 0.4  cw.players 0.3  move.pm 0.3[0m
[lb]hitch VSYNC/PRESENT] 16.7ms (med 6.9, ×2.4) — present/vsync-bound (rest 14.6ms, gpu 0.0ms) | proc 2.1 rcpu 0.0 gpu 0.0 rest 14.6 | alloc 180KB | ticks 1, remote.ents 16 | watchdog: 4/4 samples in '(unscoped)'[0m
[lb]hitch EXTERNAL] 96.4ms (5 dropped @60Hz) (med 6.9, ×13.9) — rest-dominated, game-side quiet — OS/compositor/driver | proc 7.4 rcpu 0.0 gpu 0.0 rest 89.1 | alloc 48KB | ticks 7, remote.ents 16[0m
[lb]hitch EXTERNAL ×2] 85.2–96.4ms over 0.4s (med 6.9) — rest-dominated, game-side quiet — OS/compositor/driver[0m
[lb]hitch VSYNC/PRESENT] 16.7ms (med 6.9, ×2.4) — present/vsync-bound (rest 15.2ms, gpu 0.0ms) | proc 1.4 rcpu 0.0 gpu 0.0 rest 15.2 | alloc 32KB | ticks 1, remote.ents 16 | watchdog: 57/61 samples in 'bot.strategy'[0m
[lb]hitch EXTERNAL] 98.6ms (5 dropped @60Hz) (med 6.9, ×14.2) — rest-dominated, game-side quiet — OS/compositor/driver | proc 4.1 rcpu 0.0 gpu 0.0 rest 94.4 | alloc 40KB | ticks 7, remote.ents 16 | watchdog: 53/56 samples in 'bot.strategy'[0m
[lb]hitch]   prev: 6.9 5.6 5.6 5.6 5.6 5.6 5.6 6.9[0m
[lb]hitch VSYNC/PRESENT] 16.7ms (med 6.9, ×2.4) — present/vsync-bound (rest 14.9ms, gpu 0.0ms) | proc 1.8 rcpu 0.0 gpu 0.0 rest 14.9 | alloc 131KB | ticks 1, remote.ents 16 | watchdog: 53/56 samples in 'bot.strategy'[0m
[lb]hitch EXTERNAL] 86.0ms (4 dropped @60Hz) (med 6.9, ×12.4) — rest-dominated, game-side quiet — OS/compositor/driver | proc 2.9 rcpu 0.0 gpu 0.0 rest 83.0 | alloc 40KB | ticks 6, remote.ents 16 | watchdog: 47/51 samples in 'bot.strategy'[0m
[lb]hitch VSYNC/PRESENT] 16.7ms (med 6.9, ×2.4) — present/vsync-bound (rest 15.0ms, gpu 0.0ms) | proc 1.6 rcpu 0.0 gpu 0.0 rest 15.0 | alloc 72KB | ticks 1, remote.ents 16 | watchdog: 47/51 samples in 'bot.strategy'[0m
[lb]hitch]   prev: 6.9 6.9 6.9 6.9 6.9 6.9 6.9 86.0[0m
[lb]hitch EXTERNAL] 96.0ms (5 dropped @60Hz) (med 6.9, ×13.8) — rest-dominated, game-side quiet — OS/compositor/driver | proc 3.6 rcpu 0.0 gpu 0.0 rest 92.4 | alloc 40KB | ticks 7, remote.ents 16 | watchdog: 49/52 samples in 'bot.strategy'[0m
[lb]hitch EXTERNAL ×2] 96.0–97.6ms over 0.3s (med 6.9) — rest-dominated, game-side quiet — OS/compositor/driver[0m
[lb]hitch CPU-LOGIC] 98.8ms (5 dropped @60Hz) (med 6.9, ×14.2) — ng.process 87.6ms (typ 9.5ms, 9× over) | proc 88.4 rcpu 0.0 gpu 0.0 rest 10.4 | alloc 48KB | ticks 7, remote.ents 16 | watchdog: 49/53 samples in 'bot.strategy'[0m
[lb]hitch]   prev: 6.9 6.9 6.9 6.9 6.9 6.9 6.9 6.9[0m
[lb]hitch CPU-LOGIC ×2] 83.3–98.8ms over 0.1s (med 6.9) — ng.process 87.6ms (typ 9.5ms, 9× over)[0m
[lb]hitch EXTERNAL] 94.8ms (5 dropped @60Hz) (med 6.9, ×13.6) — rest-dominated, game-side quiet — OS/compositor/driver | proc 5.6 rcpu 0.0 gpu 0.0 rest 89.1 | alloc 40KB | ticks 7, remote.ents 16 | watchdog: 47/51 samples in 'bot.strategy'[0m
[lb]hitch EXTERNAL ×3] 75.7–94.8ms over 0.6s (med 6.9) — rest-dominated, game-side quiet — OS/compositor/driver[0m
[lb]hitch VSYNC/PRESENT] 16.7ms (med 6.9, ×2.4) — present/vsync-bound (rest 15.4ms, gpu 0.0ms) | proc 1.3 rcpu 0.0 gpu 0.0 rest 15.4 | alloc 32KB | ticks 1, remote.ents 16 | watchdog: 52/55 samples in 'bot.strategy'[0m
[lb]hitch]   prev: 78.5 5.9 1.6 11.2 8.3 9.1 6.9 75.7[0m
[lb]hitch EXTERNAL] 91.6ms (4 dropped @60Hz) (med 6.9, ×13.2) — rest-dominated, game-side quiet — OS/compositor/driver | proc 3.2 rcpu 0.0 gpu 0.0 rest 88.4 | alloc 40KB | ticks 6, remote.ents 16 | watchdog: 49/52 samples in 'bot.strategy'[0m
[lb]hitch]   prev: 6.9 6.9 6.9 6.9 6.9 6.9 6.9 6.9[0m
[lb]hitch CPU-LOGIC] 16.7ms (med 6.9, ×2.4) — ng.process 86.2ms (typ 9.1ms, 9× over) | proc 16.7 rcpu 0.0 gpu 0.0 rest 0.0 | alloc 153KB | ticks 1, remote.ents 16 | watchdog: 48/51 samples in 'bot.strategy'[0m
[lb]hitch EXTERNAL] 80.9ms (4 dropped @60Hz) (med 6.9, ×11.7) — rest-dominated, game-side quiet — OS/compositor/driver | proc 6.7 rcpu 0.0 gpu 0.0 rest 74.2 | alloc 160KB | ticks 6, remote.ents 17 | watchdog: 48/52 samples in 'bot.strategy'[0m
Fatal error. Internal CLR error. (0x80131506)
   at System.Diagnostics.StackFrameHelper.InitializeSourceInfo(Int32, Boolean, System.Exception)
   at System.Diagnostics.StackTrace.CaptureStackTrace(Int32, Boolean, System.Exception)
   at System.Diagnostics.StackTrace..ctor(Int32, Boolean)
   at Godot.DebuggingUtils.GetCurrentStackInfo(Void*)
