Godot Engine v4.6.3.stable.mono.official.7d41c59c4 - https://godotengine.org
Vulkan 1.4.341 - Forward+ - Using Device #0: NVIDIA - NVIDIA GeForce RTX 3080

[lb]frameprofiler] env: managed-debugger=False godot-context=debug csharp=Debug vsync=Enabled maxfps=0 refresh=60Hz cpu=24c gpu=NVIDIA GeForce RTX 3080[0m
[lb]frameprofiler] columns: proc=all _Process CPU | rcpu=render-thread submit | gpu=main viewport GPU | rest=present/vsync/stall (ms-proc-rcpu) | alloc=managed garbage/frame | pipe=shader-pipeline compiles[0m
=== XonoticGodot boot ===[0m
Weapons:   27[0m
Items:     21[0m
Mutators:  46[0m
GameTypes: 20[0m
[lb]MenuState] config: 6462 cvars from 25 cfg files (374 aliases, 0 missing).[0m
[lb]shell] --cvar sv_warpzone_trace = "1"[0m
[lb]video] vid_vsync 2 → requested Mailbox, actual Mailbox[0m
[lb]video] cl_maxfps 256 -> Engine.MaxFps 144 (refresh 60Hz)[0m
[lb]video] process priority AboveNormal (sys_priority_boost 1)[0m
[MenuCommand] 'playerstats_update' has no client backend yet (inert).
[lb]Shell] hosting listen server: gametype=dm map=stormkeep bots=0 skill=0 timelimit=0 fraglimit=0[0m
[AssetSystem] loaded 2439 shaders from 185 scripts.
[NetTransport.Server] listening on UDP 26000 (max 16).
[ServerNet] LAN discovery: answering getinfo on UDP 26001 (game port 26000).
[NetTransport.Client] connecting to 127.0.0.1:26000 …
[EffectSystem] effectinfo: 301 effects, particlefont atlas: loaded, style overlay: 0 effects
[Particles] backend=original (cl_particles_modern=0)
[AssetLoader] model 'models/items/buff.md3' read failed: Asset not found in any mount: "models/items/buff.md3".
[AssetLoader] 'models/casing_shell.mdl' is not a known model (magic "IDPO?").
[MapLoader] occluder: 90016 verts / 107956 tris (r_occlusion_cull A/B)
[MapLoader] 'stormkeep' materials: lightmapped=34 vertexLit=3 plain=8 glow=4 normalMapped=34 (deluxe=True, internalPages=0, atlas=1p, cellSize=131072, cells=8, surfaces=188)
[MapLoader] 'stormkeep' portal surfaces: 2 (from 2 faces), pocket decor: 5 (from 5 faces)
[DecalSplats] geometry: 106027 render triangles, 502 grid cells
[Skybox] loaded 'env/extragalactic/asteroids'.
[PortalRenderer] 2 live portal(s)
[portal] 'Portal_0' facing=False onScreen=False -> off near=1.00 size=(512, 384) camQ=<0, -0, 0> inO=<1216, 208, 32> inF=<-4.371139E-08, 1, 0>
[portal] 'Portal_1' facing=False onScreen=False -> off near=1.00 size=(512, 384) camQ=<0, -0, 0> inO=<-592, 224, 80> inF=<-1, -8.742278E-08, 0>
[NetGame] map music: 'cdtracks/track005' (from mapinfo/worldspawn)
[portal] 'Portal_0' facing=False onScreen=False -> off near=1.00 size=(512, 384) camQ=<0, -0, 0> inO=<1216, 208, 32> inF=<-4.371139E-08, 1, 0>
[portal] 'Portal_1' facing=False onScreen=False -> off near=1.00 size=(512, 384) camQ=<0, -0, 0> inO=<-592, 224, 80> inF=<-1, -8.742278E-08, 0>
[portal] 'Portal_0' facing=False onScreen=False -> off near=1.00 size=(512, 384) camQ=<0, -0, 0> inO=<1216, 208, 32> inF=<-4.371139E-08, 1, 0>
[portal] 'Portal_1' facing=False onScreen=False -> off near=1.00 size=(512, 384) camQ=<0, -0, 0> inO=<-592, 224, 80> inF=<-1, -8.742278E-08, 0>
[portal] 'Portal_0' facing=False onScreen=False -> off near=1.00 size=(512, 384) camQ=<0, -0, 0> inO=<1216, 208, 32> inF=<-4.371139E-08, 1, 0>
[portal] 'Portal_1' facing=False onScreen=False -> off near=1.00 size=(512, 384) camQ=<0, -0, 0> inO=<-592, 224, 80> inF=<-1, -8.742278E-08, 0>
[portal] 'Portal_0' facing=False onScreen=False -> off near=1.00 size=(512, 384) camQ=<0, -0, 0> inO=<1216, 208, 32> inF=<-4.371139E-08, 1, 0>
[portal] 'Portal_1' facing=False onScreen=False -> off near=1.00 size=(512, 384) camQ=<0, -0, 0> inO=<-592, 224, 80> inF=<-1, -8.742278E-08, 0>
[NetGame] precached 24 weapon models, skipped 0 (lazy), 24 muzzle tags.
[portal] 'Portal_0' facing=False onScreen=False -> off near=1.00 size=(512, 384) camQ=<0, -0, 0> inO=<1216, 208, 32> inF=<-4.371139E-08, 1, 0>
[portal] 'Portal_1' facing=False onScreen=False -> off near=1.00 size=(512, 384) camQ=<0, -0, 0> inO=<-592, 224, 80> inF=<-1, -8.742278E-08, 0>
[portal] 'Portal_0' facing=False onScreen=False -> off near=1.00 size=(512, 384) camQ=<0, -0, 0> inO=<1216, 208, 32> inF=<-4.371139E-08, 1, 0>
[portal] 'Portal_1' facing=False onScreen=False -> off near=1.00 size=(512, 384) camQ=<0, -0, 0> inO=<-592, 224, 80> inF=<-1, -8.742278E-08, 0>
[portal] 'Portal_0' facing=False onScreen=False -> off near=1.00 size=(512, 384) camQ=<0, -0, 0> inO=<1216, 208, 32> inF=<-4.371139E-08, 1, 0>
[portal] 'Portal_1' facing=False onScreen=False -> off near=1.00 size=(512, 384) camQ=<0, -0, 0> inO=<-592, 224, 80> inF=<-1, -8.742278E-08, 0>
[portal] 'Portal_0' facing=False onScreen=False -> off near=1.00 size=(512, 384) camQ=<0, -0, 0> inO=<1216, 208, 32> inF=<-4.371139E-08, 1, 0>
[portal] 'Portal_1' facing=False onScreen=False -> off near=1.00 size=(512, 384) camQ=<0, -0, 0> inO=<-592, 224, 80> inF=<-1, -8.742278E-08, 0>
[NetGame] precached 36 combat sounds, 10 player models (rendered for pipeline warm).
[NetGame] listen server on 127.0.0.1:26000 (map 'stormkeep', dm, 0 bots) — self-connecting.
[ServerNet] peer 2095149896 connected (awaiting handshake).
[ServerNet] peer 2095149896 accepted as 'player' (netId 2095149896, id 2c72f277).
[ClientNet] handshake accepted by 'Xonotic  Server': netId 1, tickrate 72 Hz.
[NetGame] handshake accepted by 'Xonotic  Server': netId 1.
[portal] 'Portal_0' facing=False onScreen=True -> off near=1.00 size=(512, 384) camQ=<0, -0, 34.92284> inO=<1216, 208, 32> inF=<-4.371139E-08, 1, 0>
[portal] 'Portal_1' facing=False onScreen=False -> off near=1.00 size=(512, 384) camQ=<0, -0, 34.92284> inO=<-592, 224, 80> inF=<-1, -8.742278E-08, 0>
[wzview] authoritative snap -> <0, 135, 0>
[lb]hitch PIPELINE-COMPILE] 53.6ms (2 dropped @60Hz) (med 6.9, ×7.7) — 1 pipeline compile(s) — SYNC[lb]surface+0 draw+0] async[lb]mesh+0 spec+1] canvas+0 | proc 8.3 rcpu 0.7 gpu 0.4 rest 44.6 | alloc 804KB | ticks 3, remote.ents 21[0m
[lb]hitch]   gpu: draws 359, pipeline compiles +1 — SYNC[lb]surface+0 draw+0] async[lb]mesh+0 spec+1] canvas+0, vram 3197MB[0m
[lb]hitch]   events: [lb]-1f] net: PREDICTION DESYNC 1067qu (predicted vs acked-replay origin)[0m
[lb]hitch]   prev: 6.7 6.7 6.7 6.7 6.7 6.7 6.7 6.7[0m
[lb]hitch EXTERNAL] 29.5ms (1 dropped @60Hz) (med 6.9, ×4.2) — rest-dominated, game-side quiet — OS/compositor/driver | proc 1.8 rcpu 0.6 gpu 0.3 rest 27.1 | alloc 220KB | ticks 3, remote.ents 21 | watchdog: 8/9 samples in '(unscoped)'[0m
[lb]hitch VSYNC/PRESENT] 13.4ms (med 6.9, ×1.9) — present/vsync-bound (rest 11.2ms, gpu 0.3ms) | proc 1.7 rcpu 0.5 gpu 0.3 rest 11.2 | alloc 76KB | ticks 1, remote.ents 21[0m
[portal] 'Portal_0' facing=True onScreen=False -> off near=0.05 size=(512, 384) camQ=<1040, 240, 27.03125> inO=<1216, 208, 32> inF=<-4.371139E-08, 1, 0>
[portal] 'Portal_1' facing=False onScreen=True -> off near=1.00 size=(512, 384) camQ=<1040, 240, 27.03125> inO=<-592, 224, 80> inF=<-1, -8.742278E-08, 0>
[lb]frameprofile] scene: nodes 2863 objs-drawn 1505 draws 166 vram 3200MB[0m
[lb]frameprofile] census: Label 876  HBoxContainer 218  Control 157  Dependent 113  Button 110  CvarCheckBox 104  VBoxContainer 78  HSlider 62  CvarSlider 58  MarginContainer 52[0m
[lb]frameprofile] 285 frames: p50 6.9 p95 129.1 p99 149.9 p99.9 149.9ms (max 150.0) | 1 EXTERNAL, 1 PIPELINE-COMPILE, 1 VSYNC/PRESENT | alloc 8MB/s heap 215.1MB | proc 2.0 gpu 0.4[0m
[lb]frameprofile] ms/frame: iqm.mesh 29.4  iqm.materials 28.9  iqm.anims 4.9  cev.process 1.3  proc:other 1.2  ng.process 1.2  server.tick 0.7  net.send 0.3  cw.process 0.1  net.poll 0.1[0m
[lb]bots] waypoints for 'stormkeep': nodes=99 (file=loaded, cache=yes)[0m
[portal] 'Portal_0' facing=True onScreen=False -> off near=0.05 size=(512, 384) camQ=<968.4167, 382.8528, 27.03125> inO=<1216, 208, 32> inF=<-4.371139E-08, 1, 0>
[portal] 'Portal_1' facing=False onScreen=False -> off near=1.00 size=(512, 384) camQ=<968.4167, 382.8528, 27.03125> inO=<-592, 224, 80> inF=<-1, -8.742278E-08, 0>
[lb]hitch CPU-LOGIC] 113.6ms (6 dropped @60Hz) (med 6.9, ×16.4) — ng.process 73.1ms (typ 9.8ms, 7× over) | proc 75.5 rcpu 0.5 gpu 0.7 rest 37.6 | alloc 210KB | ticks 3, remote.ents 37 | watchdog: 25/45 samples in 'bot.strategy'[0m
[lb]hitch]   gpu: draws 128, pipeline compiles +0, vram 3201MB[0m
[lb]hitch]   prev: 6.9 6.9 6.9 6.9 6.9 6.9 6.9 6.9[0m
[lb]hitch VSYNC/PRESENT] 89.2ms (4 dropped @60Hz) (med 6.9, ×12.8) — present/vsync-bound (rest 59.0ms, gpu 0.7ms) | proc 29.4 rcpu 0.7 gpu 0.7 rest 59.0 | alloc 311KB | ticks 3, remote.ents 38 | watchdog: 6/15 samples in 'cev.process'[0m
[lb]hitch PIPELINE-COMPILE] 77.5ms (4 dropped @60Hz) (med 6.9, ×11.2) — 2 pipeline compile(s) — SYNC[lb]surface+1 draw+0] async[lb]mesh+0 spec+1] canvas+0 | proc 7.4 rcpu 0.6 gpu 0.7 rest 69.4 | alloc 92.9MB | ticks 3, remote.ents 38 | watchdog: 3/3 samples in '(unscoped)'[0m
[lb]hitch VSYNC/PRESENT] 16.7ms (med 6.9, ×2.4) — present/vsync-bound (rest 10.6ms, gpu 0.8ms) | proc 5.1 rcpu 0.9 gpu 0.8 rest 10.6 | alloc 48.1MB | ticks 3, remote.ents 38 | watchdog: 11/11 samples in '(unscoped)'[0m
[lb]hitch VSYNC/PRESENT ×4] 15.4–16.7ms over 0.4s (med 6.9) — present/vsync-bound (rest 10.6ms, gpu 0.8ms)[0m
[lb]hitch CPU-LOGIC] 16.4ms (med 6.9, ×2.4) — ng.process 42.3ms (typ 3.1ms, 14× over) | proc 16.4 rcpu 0.5 gpu 0.9 rest 0.0 | alloc 21.0MB | ticks 2, remote.ents 38 | watchdog: 21/25 samples in 'bot.strategy'[0m
[lb]hitch]   gpu: draws 391, pipeline compiles +0, vram 3193MB[0m
[lb]hitch]   events: [lb]-2f] anim cache HIT models/player/erebus.iqm; [lb]-1f] stream: player model models/player/erebus.iqm (parse) built (0.0ms); stream: player model models/player/erebus.iqm tex textures/erebusfullbright_pants built (0.0ms); stream: player model models/player/erebus.iqm tex textures/shadowheadfb built (0.0ms); stream: player model models/player/erebus.iqm tex textures/shadowheadfb_norm built (0.0ms); stream: player model models/player/erebus.iqm tex textures/shadowheadfb_gloss built (0.0ms); stream: player model models/player/erebus.iqm tex textures/shadowheadfb_glow built (0.0ms); stream: player model models/player/erebus.iqm tex textures/shadowheadfb_reflect built (0.0ms); stream: player model models/player/erebus.iqm tex textures/shadowheadfb_shirt built (0.0ms); stream: player model models/player/erebus.iqm tex textures/shadowheadfb_pants built (0.0ms)[0m
[lb]hitch]   prev: 6.7 6.7 6.7 6.7 6.7 6.7 6.7 7.9[0m
[lb]hitch EXTERNAL] 58.2ms (2 dropped @60Hz) (med 6.9, ×8.4) — rest-dominated, game-side quiet — OS/compositor/driver | proc 5.5 rcpu 1.0 gpu 0.9 rest 51.7 | alloc 250KB | ticks 3, remote.ents 38 | watchdog: 21/30 samples in 'bot.strategy'[0m
[portal] 'Portal_0' facing=True onScreen=True -> RENDER near=355.89 size=(512, 384) camQ=<1241.7856, 564.8205, 27.03125> inO=<1216, 208, 32> inF=<-4.371139E-08, 1, 0>
[portal] 'Portal_1' facing=False onScreen=True -> off near=1.00 size=(512, 384) camQ=<1241.7856, 564.8205, 27.03125> inO=<-592, 224, 80> inF=<-1, -8.742278E-08, 0>
[lb]hitch VSYNC/PRESENT] 16.7ms (med 6.9, ×2.4) — present/vsync-bound (rest 11.7ms, gpu 0.9ms) | proc 4.4 rcpu 0.5 gpu 0.9 rest 11.7 | alloc 64KB | ticks 2, remote.ents 37 | watchdog: 4/4 samples in '(unscoped)'[0m
[portal] 'Portal_0' facing=True onScreen=True -> RENDER near=294.87 size=(512, 384) camQ=<1475.161, 434.19562, 27.03125> inO=<1216, 208, 32> inF=<-4.371139E-08, 1, 0>
[portal] 'Portal_1' facing=False onScreen=True -> off near=1.00 size=(512, 384) camQ=<1475.161, 434.19562, 27.03125> inO=<-592, 224, 80> inF=<-1, -8.742278E-08, 0>
[portal] 'Portal_0' facing=True onScreen=True -> RENDER near=29.22 size=(512, 384) camQ=<1222.3485, 254.79349, 23.761675> inO=<1216, 208, 32> inF=<-4.371139E-08, 1, 0>
[portal] 'Portal_1' facing=False onScreen=True -> off near=1.00 size=(512, 384) camQ=<1222.3485, 254.79349, 23.761675> inO=<-592, 224, 80> inF=<-1, -8.742278E-08, 0>
[lb]hitch VSYNC/PRESENT ×8] 12.5–22.7ms over 1.4s (med 6.9) — present/vsync-bound (rest 11.7ms, gpu 0.9ms)[0m
[wz] cross client=True 'player' o <1263.9688, 206.40779, -7.9687514>-><-593.5922, 176.03125, 40.03125> v <0, -224.5724, 0>-><-224.5724, -9.816372E-06, 0> a <10.199995, -78.92706, 0>-><10.199982, -168.92706, 0> | in o=<1216, 208, 32> f=<-4.371139E-08, 1, 0> | out o=<-592, 224, 80> f=<-1, -8.742278E-08, 0>
[wzview] authoritative snap -> <10.199982, -168.92706, 0>
[lb]hitch VSYNC/PRESENT] 14.4ms (med 6.9, ×2.1) — present/vsync-bound (rest 8.4ms, gpu 1.0ms) | proc 3.9 rcpu 2.2 gpu 1.0 rest 8.4 | alloc 40KB | ticks 1, remote.ents 20 | watchdog: 4/5 samples in '(unscoped)'[0m
[lb]hitch]   gpu: draws 173, pipeline compiles +0, vram 3212MB[0m
[lb]hitch]   events: [lb]-7f] anim cache HIT models/player/gakmasked.iqm; [lb]-7f] anim cache HIT models/player/erebus.iqm; [lb]-7f] anim cache HIT models/player/ignismasked.iqm; [lb]-6f] stream: player model models/player/gakmasked.iqm (parse) built (0.0ms); [lb]-6f] stream: player model models/player/erebus.iqm (parse) built (0.0ms); [lb]-6f] stream: player model models/player/ignismasked.iqm (parse) built (0.0ms); [lb]-5f] stream: player model models/player/gakmasked.iqm tex textures/gakfullbright_pants built (0.0ms); [lb]-5f] stream: player model models/player/gakmasked.iqm tex textures/gakarmorfb_shirt built (0.0ms); [lb]-5f] stream: player model models/player/gakmasked.iqm tex textures/gakarmorfb_pants built (0.0ms); [lb]-5f] stream: player model models/player/erebus.iqm tex textures/erebusfullbright built (0.0ms); [lb]-5f] stream: player model models/player/erebus.iqm tex textures/erebusfullbright_norm built (0.0ms); [lb]-5f] stream: player model models/player/erebus.iqm tex textures/erebusfullbright_gloss built (0.0ms); [lb]-5f] stream: player model models/player/erebus.iqm tex textures/erebusfullbright_glow built (0.0ms); [lb]-5f] stream: player model models/player/erebus.iqm tex textures/erebusfullbright_reflect built (0.0ms); [lb]-5f] stream: player model models/player/erebus.iqm tex textures/erebusfullbright_shirt built (0.0ms); [lb]-5f] stream: player model models/player/erebus.iqm tex textures/erebusfullbright_pants built (0.0ms); [lb]-5f] stream: player model models/player/erebus.iqm tex textures/shadowheadfb built (0.0ms); [lb]-5f] stream: player model models/player/erebus.iqm tex textures/shadowheadfb_norm built (0.0ms); [lb]-5f] stream: player model models/player/erebus.iqm tex textures/shadowheadfb_gloss built (0.0ms); [lb]-5f] stream: player model models/player/erebus.iqm tex textures/shadowheadfb_glow built (0.0ms); [lb]-5f] stream: player model models/player/erebus.iqm tex textures/shadowheadfb_reflect built (0.0ms); [lb]-5f] stream: player model models/player/erebus.iqm tex textures/shadowheadfb_shirt built (0.0ms); [lb]-5f] stream: player model models/player/erebus.iqm tex textures/shadowheadfb_pants built (2.7ms); [lb]-4f] stream: player model models/player/ignismasked.iqm tex textures/ignisfullbright built (0.0ms); [lb]-4f] stream: player model models/player/ignismasked.iqm tex textures/ignisfullbright_norm built (0.0ms); [lb]-4f] stream: player model models/player/ignismasked.iqm tex textures/ignisfullbright_gloss built (0.0ms); [lb]-4f] stream: player model models/player/ignismasked.iqm tex textures/ignisfullbright_glow built (0.0ms); [lb]-4f] stream: player model models/player/ignismasked.iqm tex textures/ignisfullbright_reflect built (0.0ms); [lb]-4f] stream: player model models/player/ignismasked.iqm tex textures/ignisfullbright_shirt built (0.0ms); [lb]-4f] stream: player model models/player/ignismasked.iqm tex textures/ignisfullbright_pants built (0.0ms); [lb]-4f] stream: player model models/player/ignismasked.iqm tex textures/ignisheadfb_pants built (0.0ms); [lb]-1f] stream: player model models/player/gakmasked.iqm tex textures/gakarmorfb_reflect built (0.0ms); stream: player model models/player/gakmasked.iqm tex textures/gakarmorfb built (0.0ms); stream: player model models/player/gakmasked.iqm tex textures/gakarmorfb_norm built (0.0ms); stream: player model models/player/gakmasked.iqm tex textures/gakarmorfb_gloss built (0.0ms); stream: player model models/player/gakmasked.iqm tex textures/gakarmorfb_glow built (0.0ms)[0m
[lb]hitch]   prev: 6.9 6.9 12.2 8.7 12.4 9.4 8.3 10.8[0m
[lb]hitch VSYNC/PRESENT ×3] 12.7–16.7ms over 0.0s (med 6.9) — present/vsync-bound (rest 8.4ms, gpu 1.0ms)[0m
[lb]hitch CPU-LOGIC] 12.9ms (med 6.9, ×1.9) — ng.process 6.7ms (typ 2.0ms, 3× over) | proc 8.5 rcpu 0.9 gpu 1.0 rest 3.6 | alloc 51KB | ticks 1, remote.ents 20[0m
[lb]hitch VSYNC/PRESENT] 20.8ms (med 6.9, ×3.0) — present/vsync-bound (rest 14.1ms, gpu 1.0ms) | proc 5.2 rcpu 1.6 gpu 1.0 rest 14.1 | alloc 80KB | ticks 1, remote.ents 20 | watchdog: 9/10 samples in '(unscoped)'[0m
[lb]hitch VSYNC/PRESENT ×6] 13.3–20.8ms over 0.1s (med 6.9) — present/vsync-bound (rest 14.1ms, gpu 1.0ms)[0m
[lb]hitch MIXED] 13.3ms (med 6.9, ×1.9) — mixed — stream.build 3.3ms | proc 5.7 rcpu 0.9 gpu 1.0 rest 6.7 | alloc 80KB | ticks 1, remote.ents 20 | watchdog: 5/5 samples in '(unscoped)'[0m
[lb]hitch VSYNC/PRESENT] 13.3ms (med 6.9, ×1.9) — present/vsync-bound (rest 9.0ms, gpu 1.8ms) | proc 2.9 rcpu 1.4 gpu 1.8 rest 9.0 | alloc 64KB | ticks 1, remote.ents 20 | watchdog: 4/4 samples in '(unscoped)'[0m
[portal] 'Portal_0' facing=False onScreen=False -> off near=0.05 size=(512, 384) camQ=<-723.3876, 171.17683, 76.82382> inO=<1216, 208, 32> inF=<-4.371139E-08, 1, 0>
[portal] 'Portal_1' facing=True onScreen=False -> off near=0.05 size=(512, 384) camQ=<-723.3876, 171.17683, 76.82382> inO=<-592, 224, 80> inF=<-1, -8.742278E-08, 0>
[lb]hitch PIPELINE-COMPILE] 54.3ms (2 dropped @60Hz) (med 6.9, ×7.8) — 2 pipeline compile(s) — SYNC[lb]surface+1 draw+0] async[lb]mesh+0 spec+1] canvas+0 | proc 4.2 rcpu 0.4 gpu 1.2 rest 49.7 | alloc 48KB | ticks 3, remote.ents 21 | watchdog: 22/30 samples in 'cev.process'[0m
[lb]hitch]   gpu: draws 513, pipeline compiles +2 — SYNC[lb]surface+1 draw+0] async[lb]mesh+0 spec+1] canvas+0, vram 3213MB[0m
[lb]hitch]   prev: 6.7 6.7 6.7 6.7 6.9 6.9 6.9 6.9[0m
[lb]hitch VSYNC/PRESENT] 16.8ms (med 6.9, ×2.4) — present/vsync-bound (rest 13.4ms, gpu 1.2ms) | proc 3.0 rcpu 0.5 gpu 1.2 rest 13.4 | alloc 158KB | ticks 2, remote.ents 21 | watchdog: 3/3 samples in '(unscoped)'[0m
[lb]hitch GC-PAUSE] 16.2ms (med 6.9, ×2.3) — GC g0+2 g1+1 g2+1, pause 8.7ms, 52.1MB allocated | proc 16.2 rcpu 0.4 gpu 2.3 rest 0.0 | alloc 52.1MB | ticks 1, remote.ents 21 | watchdog: 40/43 samples in '(unscoped)'[0m
[lb]hitch GC-PAUSE ×2] 16.2–101.4ms over 0.0s (med 6.9) — GC g0+2 g1+1 g2+1, pause 8.7ms, 52.1MB allocated[0m
[lb]hitch VSYNC/PRESENT] 21.2ms (med 6.9, ×3.1) — present/vsync-bound (rest 13.1ms, gpu 3.4ms) | proc 7.0 rcpu 1.1 gpu 3.4 rest 13.1 | alloc 198KB | ticks 3, remote.ents 21[0m
[lb]hitch CPU-LOGIC] 16.7ms (med 6.9, ×2.4) — ng.process 31.5ms (typ 2.9ms, 11× over) | proc 16.7 rcpu 0.6 gpu 2.7 rest 0.0 | alloc 741KB | ticks 3, remote.ents 20 | watchdog: 11/21 samples in 'sim.integrate'[0m
[lb]hitch VSYNC/PRESENT] 50.0ms (2 dropped @60Hz) (med 6.9, ×7.2) — present/vsync-bound (rest 33.2ms, gpu 2.7ms) | proc 15.8 rcpu 1.0 gpu 2.7 rest 33.2 | alloc 473KB | ticks 3, remote.ents 29 | watchdog: 3/7 samples in 'iqm.mesh'[0m
[lb]hitch ASSET-BUILD] 33.3ms (1 dropped @60Hz) (med 6.9, ×4.8) — iqm.anims 214.8ms (asset build/upload) | proc 33.3 rcpu 1.2 gpu 2.6 rest 0.0 | alloc 30.0MB | ticks 3, remote.ents 29 | watchdog: 14/35 samples in 'bot.path'[0m
[lb]hitch CPU-LOGIC] 51.9ms (2 dropped @60Hz) (med 6.9, ×7.5) — ng.process 27.7ms (typ 6.2ms, 4× over) | proc 34.3 rcpu 0.6 gpu 2.6 rest 17.0 | alloc 388KB | ticks 3, remote.ents 29 | watchdog: 12/17 samples in 'bot.path'[0m
[lb]frameprofile] scene: nodes 2957 objs-drawn 1909 draws 487 vram 3216MB[0m
[lb]frameprofile] census: Label 876  HBoxContainer 218  Control 157  Dependent 113  Button 110  CvarCheckBox 104  VBoxContainer 78  HSlider 62  CvarSlider 58  MarginContainer 52[0m
[lb]frameprofile] 604 frames: p50 6.9 p95 13.4 p99 50.1 p99.9 101.4ms (max 113.6) | 1 EXTERNAL, 1 ASSET-BUILD, 2 PIPELINE-COMPILE, 2 GC-PAUSE, 26 VSYNC/PRESENT, 5 CPU-LOGIC, 1 MIXED | alloc 210MB/s heap 592.7MB | proc 34.3 gpu 2.6[0m
[lb]frameprofile] ms/frame: ng.process 1.7  server.tick 1.3  sim.move 0.9  move.in 0.7  bot.think 0.7  proc:other 0.6  bot.strategy 0.6  iqm.anims 0.4  cw.process 0.3  cw.players 0.2[0m
[lb]hitch EXTERNAL] 48.0ms (2 dropped @60Hz) (med 6.9, ×6.9) — rest-dominated, game-side quiet — OS/compositor/driver | proc 9.8 rcpu 0.7 gpu 2.5 rest 37.6 | alloc 319KB | ticks 3, remote.ents 29 | watchdog: 2/3 samples in '(unscoped)'[0m
[lb]hitch VSYNC/PRESENT] 33.3ms (1 dropped @60Hz) (med 6.9, ×4.8) — present/vsync-bound (rest 20.3ms, gpu 3.7ms) | proc 12.4 rcpu 0.6 gpu 3.7 rest 20.3 | alloc 176KB | ticks 3, remote.ents 29 | watchdog: 2/4 samples in '(unscoped)'[0m
[lb]hitch CPU-LOGIC] 22.9ms (med 6.9, ×3.3) — stream.build 7.8ms (typ 1.9ms, 4× over) | proc 15.3 rcpu 0.7 gpu 3.8 rest 6.9 | alloc 259KB | ticks 3, remote.ents 29 | watchdog: 3/6 samples in 'iqm.materials'[0m
[lb]hitch MIXED] 22.5ms (med 6.9, ×3.2) — mixed — stream.build 6.3ms | proc 11.0 rcpu 0.5 gpu 2.5 rest 11.0 | alloc 240KB | ticks 2, remote.ents 29 | watchdog: 2/4 samples in 'iqm.materials'[0m
[lb]hitch CPU-LOGIC] 17.3ms (med 6.9, ×2.5) — stream.build 5.8ms | proc 10.4 rcpu 0.5 gpu 3.7 rest 6.4 | alloc 206KB | ticks 1, remote.ents 29[0m
[lb]hitch CPU-LOGIC ×3] 15.5–17.3ms over 0.0s (med 6.9) — stream.build 5.8ms[0m
[lb]hitch VSYNC/PRESENT] 13.8ms (med 6.9, ×2.0) — present/vsync-bound (rest 9.0ms, gpu 2.2ms) | proc 4.3 rcpu 0.5 gpu 2.2 rest 9.0 | alloc 207KB | ticks 1, remote.ents 29 | watchdog: 4/5 samples in '(unscoped)'[0m
[lb]hitch]   gpu: draws 479, pipeline compiles +0, vram 3329MB[0m
[lb]hitch]   events: [lb]-7f] stream: idle-warm models/player/umbra.iqm tex textures/umbrafullbright built (0.0ms); [lb]-7f] stream: idle-warm models/player/umbra.iqm tex textures/umbrafullbright_norm built (0.0ms); [lb]-7f] stream: idle-warm models/player/umbra.iqm tex textures/umbrafullbright_shirt built (3.1ms); [lb]-6f] stream: idle-warm models/player/megaerebus.iqm tex textures/megaerebus_reflect built (5.5ms); [lb]-5f] stream: idle-warm models/player/megaerebus.iqm tex textures/megaerebus_glow built (7.8ms); [lb]-5f] warm: GPU warm pass done (1 instances); [lb]-4f] stream: idle-warm models/player/megaerebus.iqm tex textures/megaerebus built (6.3ms); [lb]-4f] warm: GPU warm pass done (1 instances); [lb]-3f] stream: idle-warm models/player/megaerebus.iqm tex textures/megaerebus_norm built (5.8ms); [lb]-3f] warm: GPU warm pass done (1 instances); [lb]-2f] stream: idle-warm models/player/megaerebus.iqm tex textures/megaerebus_gloss built (6.2ms); [lb]-1f] stream: idle-warm models/player/megaerebus.iqm tex textures/megaerebus_shirt built (0.0ms); [lb]-1f] stream: idle-warm models/player/megaerebus.iqm tex textures/megaerebus_pants built (0.0ms); [lb]-1f] stream: idle-warm models/player/megaerebus.iqm tex textures/shadowheadfb built (0.0ms); [lb]-1f] stream: idle-warm models/player/megaerebus.iqm tex textures/shadowheadfb_norm built (0.0ms); [lb]-1f] stream: idle-warm models/player/megaerebus.iqm tex textures/shadowheadfb_gloss built (0.0ms); [lb]-1f] stream: idle-warm models/player/megaerebus.iqm tex textures/shadowheadfb_glow built (0.0ms); [lb]-1f] stream: idle-warm models/player/megaerebus.iqm tex textures/shadowheadfb_reflect built (0.0ms); [lb]-1f] stream: idle-warm models/player/megaerebus.iqm tex textures/shadowheadfb_shirt built (0.0ms); [lb]-1f] stream: idle-warm models/player/megaerebus.iqm tex textures/shadowheadfb_pants built (4.5ms)[0m
[lb]hitch]   prev: 51.9 48.0 33.3 22.9 22.5 17.3 16.0 15.5[0m
[lb]hitch VSYNC/PRESENT ×2] 13.6–13.8ms over 0.0s (med 6.9) — present/vsync-bound (rest 9.0ms, gpu 2.2ms)[0m
[lb]hitch EXTERNAL] 44.8ms (2 dropped @60Hz) (med 6.9, ×6.5) — rest-dominated, game-side quiet — OS/compositor/driver | proc 5.4 rcpu 0.4 gpu 1.9 rest 39.0 | alloc 1.4MB | ticks 3, remote.ents 30 | watchdog: 17/32 samples in 'bot.path'[0m
[lb]hitch VSYNC/PRESENT] 16.7ms (med 6.9, ×2.4) — present/vsync-bound (rest 11.7ms, gpu 2.0ms) | proc 4.5 rcpu 0.4 gpu 2.0 rest 11.7 | alloc 1.4MB | ticks 1, remote.ents 30 | watchdog: 3/3 samples in '(unscoped)'[0m
[portal] 'Portal_0' facing=False onScreen=True -> off near=0.05 size=(512, 384) camQ=<-593.5184, 14.636904, 236.3594> inO=<1216, 208, 32> inF=<-4.371139E-08, 1, 0>
[portal] 'Portal_1' facing=True onScreen=True -> RENDER near=138.12 size=(512, 384) camQ=<-593.5184, 14.636904, 236.3594> inO=<-592, 224, 80> inF=<-1, -8.742278E-08, 0>
[lb]hitch VSYNC/PRESENT ×3] 16.2–16.7ms over 0.0s (med 6.9) — present/vsync-bound (rest 11.7ms, gpu 2.0ms)[0m
[lb]hitch EXTERNAL] 55.4ms (2 dropped @60Hz) (med 6.9, ×8.0) — rest-dominated, game-side quiet — OS/compositor/driver | proc 5.9 rcpu 0.5 gpu 2.4 rest 49.0 | alloc 2.0MB | ticks 3, remote.ents 29 | watchdog: 15/36 samples in 'bot.path'[0m
[lb]hitch VSYNC/PRESENT] 12.8ms (med 6.9, ×1.8) — present/vsync-bound (rest 7.6ms, gpu 2.4ms) | proc 4.7 rcpu 0.4 gpu 2.4 rest 7.6 | alloc 1.5MB | ticks 2, remote.ents 29 | watchdog: 4/4 samples in '(unscoped)'[0m
[IdleWarmer] asset warm queue drained — full asset set is hot.
[lb]hitch VSYNC/PRESENT ×2] 12.8–18.1ms over 0.0s (med 6.9) — present/vsync-bound (rest 7.6ms, gpu 2.4ms)[0m
[lb]hitch MIXED] 12.9ms (med 6.9, ×1.9) — mixed — proc:other 2.8ms | proc 5.7 rcpu 0.5 gpu 2.4 rest 6.8 | alloc 1.3MB | ticks 1, remote.ents 21[0m
[lb]hitch]   gpu: draws 543, pipeline compiles +0, vram 3327MB[0m
[lb]hitch]   prev: 9.7 8.5 9.5 55.4 12.8 18.1 8.9 7.9[0m
[lb]hitch VSYNC/PRESENT] 13.7ms (med 6.9, ×2.0) — present/vsync-bound (rest 10.4ms, gpu 2.4ms) | proc 2.8 rcpu 0.5 gpu 2.4 rest 10.4 | alloc 137KB | ticks 1, remote.ents 21 | watchdog: 5/5 samples in '(unscoped)'[0m
[lb]hitch CPU-LOGIC] 66.8ms (3 dropped @60Hz) (med 7.1, ×9.4) — ng.process 56.6ms (typ 6.9ms, 8× over) | proc 58.1 rcpu 0.4 gpu 0.6 rest 8.2 | alloc 48KB | ticks 3, remote.ents 21 | watchdog: 16/34 samples in 'bot.strategy'[0m
[lb]hitch EXTERNAL] 63.2ms (3 dropped @60Hz) (med 7.1, ×8.8) — rest-dominated, game-side quiet — OS/compositor/driver | proc 3.7 rcpu 0.4 gpu 0.6 rest 59.0 | alloc 72KB | ticks 3, remote.ents 21 | watchdog: 16/37 samples in 'bot.strategy'[0m
[lb]hitch]   gpu: draws 522, pipeline compiles +0, vram 3326MB[0m
[lb]hitch]   prev: 7.4 7.4 7.4 7.1 7.1 7.1 7.1 66.8[0m
[portal] 'Portal_0' facing=True onScreen=True -> RENDER near=736.17 size=(512, 384) camQ=<-673.98395, 225.87077, 61.867287> inO=<1216, 208, 32> inF=<-4.371139E-08, 1, 0>
[portal] 'Portal_1' facing=True onScreen=True -> RENDER near=0.05 size=(512, 384) camQ=<-673.98395, 225.87077, 61.867287> inO=<-592, 224, 80> inF=<-1, -8.742278E-08, 0>
[wz] cross client=True 'player' o <-590.3095, 213.58308, 40.03125>-><1226.4169, 209.69049, -7.96875> v <357.98996, -89.98927, 0>-><89.98929, 357.98996, 0> a <16.574972, -296.95193, 0>-><16.574982, 153.04805, 0> | in o=<-592, 224, 80> f=<-1, -8.742278E-08, 0> | out o=<1216, 208, 32> f=<-4.371139E-08, 1, 0>
[wzview] authoritative snap -> <16.574982, 153.04805, 0>
[lb]hitch EXTERNAL ×2] 29.7–63.2ms over 0.1s (med 7.4) — rest-dominated, game-side quiet — OS/compositor/driver[0m
[portal] 'Portal_0' facing=True onScreen=True -> RENDER near=97.24 size=(512, 384) camQ=<1253.7794, 363.4849, 27.013472> inO=<1216, 208, 32> inF=<-4.371139E-08, 1, 0>
[portal] 'Portal_1' facing=False onScreen=True -> off near=0.05 size=(512, 384) camQ=<1253.7794, 363.4849, 27.013472> inO=<-592, 224, 80> inF=<-1, -8.742278E-08, 0>
[wz] cross client=True 'player' o <1261.5967, 199.99174, -7.986528>-><-600.00824, 178.40332, 40.013474> v <-8.11568, -406.46072, 0>-><-406.46072, 8.115663, 0> a <11.549993, 239.0731, 0>-><11.549988, 149.07309, 0> | in o=<1216, 208, 32> f=<-4.371139E-08, 1, 0> | out o=<-592, 224, 80> f=<-1, -8.742278E-08, 0>
[wzview] authoritative snap -> <11.549988, 149.07309, 0>
[portal] 'Portal_0' facing=True onScreen=False -> off near=0.05 size=(512, 384) camQ=<-701.6855, 344.49112, 97.013466> inO=<1216, 208, 32> inF=<-4.371139E-08, 1, 0>
[portal] 'Portal_1' facing=True onScreen=False -> off near=0.05 size=(512, 384) camQ=<-701.6855, 344.49112, 97.013466> inO=<-592, 224, 80> inF=<-1, -8.742278E-08, 0>
[lb]hitch CPU-LOGIC] 15.1ms (med 6.9, ×2.2) — ng.process 34.3ms (typ 2.6ms, 13× over) | proc 15.1 rcpu 0.4 gpu 0.9 rest 0.0 | alloc 40KB | ticks 1, remote.ents 20 | watchdog: 18/20 samples in 'bot.strategy'[0m
[lb]hitch]   gpu: draws 591, pipeline compiles +0, vram 3332MB[0m
[lb]hitch]   prev: 6.9 6.9 6.9 7.2 7.1 7.1 7.0 7.1[0m
[lb]hitch EXTERNAL] 51.9ms (2 dropped @60Hz) (med 6.9, ×7.5) — rest-dominated, game-side quiet — OS/compositor/driver | proc 3.1 rcpu 0.9 gpu 1.7 rest 47.9 | alloc 201KB | ticks 3, remote.ents 20 | watchdog: 18/25 samples in 'bot.strategy'[0m
[lb]hitch VSYNC/PRESENT] 20.7ms (med 6.9, ×3.0) — present/vsync-bound (rest 16.8ms, gpu 0.9ms) | proc 3.5 rcpu 0.4 gpu 0.9 rest 16.8 | alloc 48KB | ticks 2, remote.ents 21 | watchdog: 4/4 samples in '(unscoped)'[0m
[portal] 'Portal_0' facing=True onScreen=True -> RENDER near=826.22 size=(512, 384) camQ=<-680.2231, 423.5259, 38.908924> inO=<1216, 208, 32> inF=<-4.371139E-08, 1, 0>
[portal] 'Portal_1' facing=True onScreen=True -> RENDER near=145.48 size=(512, 384) camQ=<-680.2231, 423.5259, 38.908924> inO=<-592, 224, 80> inF=<-1, -8.742278E-08, 0>
[lb]hitch EXTERNAL] 28.9ms (1 dropped @60Hz) (med 6.9, ×4.2) — rest-dominated, game-side quiet — OS/compositor/driver | proc 3.2 rcpu 0.4 gpu 1.0 rest 25.3 | alloc 40KB | ticks 2, remote.ents 29 | watchdog: 11/17 samples in 'bot.strategy'[0m
[lb]hitch]   gpu: draws 554, pipeline compiles +0, vram 3333MB[0m
[lb]hitch]   prev: 7.6 7.6 8.5 8.3 8.3 8.3 8.3 8.3[0m
[lb]frameprofile] scene: nodes 2939 objs-drawn 1987 draws 554 vram 3333MB[0m
[lb]frameprofile] census: Label 876  HBoxContainer 218  Control 157  Dependent 113  Button 110  CvarCheckBox 104  VBoxContainer 78  HSlider 62  CvarSlider 58  MarginContainer 52[0m
[lb]frameprofile] 613 frames: p50 7.1 p95 11.1 p99 29.6 p99.9 63.1ms (max 66.8) | 7 EXTERNAL, 10 VSYNC/PRESENT, 6 CPU-LOGIC, 2 MIXED | alloc 5MB/s heap 634.3MB | proc 1.6 gpu 1.0[0m
[lb]frameprofile] ms/frame: ng.process 1.6  server.tick 1.2  sim.move 0.9  proc:other 0.7  move.in 0.6  bot.think 0.6  bot.strategy 0.6  cw.process 0.5  cw.players 0.5  bot.path 0.3[0m
[wz] cross client=True 'player' o <-589.2396, 211.51874, 40.21782>-><1228.4812, 210.76038, -7.782181> v <165.68732, 57.281796, -329.05396>-><-57.281788, 165.68732, -329.05396> a <15.974977, -44.802, 0>-><15.974976, 45.197998, 0> | in o=<-592, 224, 80> f=<-1, -8.742278E-08, 0> | out o=<1216, 208, 32> f=<-4.371139E-08, 1, 0>
[wzview] authoritative snap -> <15.974976, 45.197998, 0>
[lb]hitch VSYNC/PRESENT] 17.1ms (med 7.1, ×2.4) — present/vsync-bound (rest 14.0ms, gpu 1.0ms) | proc 2.7 rcpu 0.4 gpu 1.0 rest 14.0 | alloc 112KB | ticks 1, remote.ents 7 | watchdog: 6/12 samples in '(unscoped)'[0m
[lb]hitch]   gpu: draws 348, pipeline compiles +0, vram 3333MB[0m
[lb]hitch]   prev: 7.4 7.4 7.5 7.3 7.4 7.4 7.4 7.3[0m
[portal] 'Portal_0' facing=True onScreen=True -> RENDER near=0.05 size=(512, 384) camQ=<1221.228, 224.35631, 23.651024> inO=<1216, 208, 32> inF=<-4.371139E-08, 1, 0>
[portal] 'Portal_1' facing=False onScreen=True -> off near=0.05 size=(512, 384) camQ=<1221.228, 224.35631, 23.651024> inO=<-592, 224, 80> inF=<-1, -8.742278E-08, 0>
[lb]hitch EXTERNAL] 56.7ms (2 dropped @60Hz) (med 7.1, ×7.9) — rest-dominated, game-side quiet — OS/compositor/driver | proc 3.3 rcpu 0.7 gpu 2.0 rest 52.7 | alloc 48KB | ticks 3, remote.ents 38 | watchdog: 19/28 samples in 'bot.strategy'[0m
[lb]hitch]   gpu: draws 381, pipeline compiles +0, vram 3335MB[0m
[lb]hitch]   prev: 7.2 7.1 7.9 7.6 7.4 7.7 7.7 8.3[0m
[lb]hitch VSYNC/PRESENT] 16.9ms (med 7.1, ×2.4) — present/vsync-bound (rest 13.8ms, gpu 2.0ms) | proc 2.7 rcpu 0.4 gpu 2.0 rest 13.8 | alloc 40KB | ticks 1, remote.ents 38[0m
[wz] cross client=True 'player' o <1189.3063, 206.62662, 28.312334>-><-593.3734, 250.69373, 76.31233> v <61.539047, -389.53885, 97.72521>-><-389.53885, -61.539066, 97.72521> a <11.999976, -40.677017, 0>-><11.9999695, -130.67702, 0> | in o=<1216, 208, 32> f=<-4.371139E-08, 1, 0> | out o=<-592, 224, 80> f=<-1, -8.742278E-08, 0>
[wzview] authoritative snap -> <11.9999695, -130.67702, 0>
[portal] 'Portal_0' facing=True onScreen=True -> RENDER near=1327.04 size=(512, 384) camQ=<-598.79724, 249.83171, 112.5911> inO=<1216, 208, 32> inF=<-4.371139E-08, 1, 0>
[portal] 'Portal_1' facing=True onScreen=True -> RENDER near=0.05 size=(512, 384) camQ=<-598.79724, 249.83171, 112.5911> inO=<-592, 224, 80> inF=<-1, -8.742278E-08, 0>
[lb]hitch VSYNC/PRESENT ×2] 15.8–16.9ms over 0.0s (med 7.1) — present/vsync-bound (rest 13.8ms, gpu 2.0ms)[0m
[lb]hitch EXTERNAL] 73.0ms (3 dropped @60Hz) (med 7.1, ×10.2) — rest-dominated, game-side quiet — OS/compositor/driver | proc 3.9 rcpu 0.5 gpu 0.7 rest 68.6 | alloc 40KB | ticks 3, remote.ents 21 | watchdog: 20/44 samples in 'bot.strategy'[0m
[lb]hitch]   gpu: draws 295, pipeline compiles +0, vram 3333MB[0m
[lb]hitch]   events: [lb]-7f] stream: player model models/player/ignismasked.iqm (parse) built (0.0ms); [lb]-7f] stream: player model models/player/erebus.iqm (parse) built (0.0ms); [lb]-7f] stream: player model models/player/gakmasked.iqm (parse) built (0.0ms); [lb]-6f] stream: player model models/player/ignismasked.iqm tex textures/ignisfullbright built (0.0ms); [lb]-6f] stream: player model models/player/ignismasked.iqm tex textures/ignisfullbright_norm built (0.0ms); [lb]-6f] stream: player model models/player/ignismasked.iqm tex textures/ignisfullbright_gloss built (0.0ms); [lb]-6f] stream: player model models/player/ignismasked.iqm tex textures/ignisfullbright_glow built (0.0ms); [lb]-6f] stream: player model models/player/ignismasked.iqm tex textures/ignisfullbright_reflect built (0.0ms); [lb]-6f] stream: player model models/player/ignismasked.iqm tex textures/ignisfullbright_shirt built (0.0ms); [lb]-6f] stream: player model models/player/ignismasked.iqm tex textures/ignisfullbright_pants built (0.0ms); [lb]-6f] stream: player model models/player/ignismasked.iqm tex textures/ignisheadfb built (0.0ms); [lb]-6f] stream: player model models/player/ignismasked.iqm tex textures/ignisheadfb_norm built (0.0ms); [lb]-6f] stream: player model models/player/ignismasked.iqm tex textures/ignisheadfb_gloss built (0.0ms); [lb]-6f] stream: player model models/player/ignismasked.iqm tex textures/ignisheadfb_glow built (0.0ms); [lb]-6f] stream: player model models/player/ignismasked.iqm tex textures/ignisheadfb_reflect built (0.0ms); [lb]-6f] stream: player model models/player/ignismasked.iqm tex textures/ignisheadfb_shirt built (0.0ms); [lb]-6f] stream: player model models/player/ignismasked.iqm tex textures/ignisheadfb_pants built (2.0ms); [lb]-5f] stream: player model models/player/erebus.iqm tex textures/erebusfullbright built (0.0ms); [lb]-5f] stream: player model models/player/erebus.iqm tex textures/erebusfullbright_norm built (0.0ms); [lb]-5f] stream: player model models/player/erebus.iqm tex textures/erebusfullbright_gloss built (0.0ms); [lb]-5f] stream: player model models/player/erebus.iqm tex textures/erebusfullbright_glow built (0.0ms); [lb]-5f] stream: player model models/player/erebus.iqm tex textures/erebusfullbright_reflect built (0.0ms); [lb]-5f] stream: player model models/player/erebus.iqm tex textures/erebusfullbright_shirt built (0.0ms); [lb]-5f] stream: player model models/player/erebus.iqm tex textures/erebusfullbright_pants built (0.0ms); [lb]-5f] stream: player model models/player/erebus.iqm tex textures/shadowheadfb built (0.0ms); [lb]-5f] stream: player model models/player/erebus.iqm tex textures/shadowheadfb_norm built (0.0ms); [lb]-5f] stream: player model models/player/erebus.iqm tex textures/shadowheadfb_gloss built (0.0ms); [lb]-5f] stream: player model models/player/erebus.iqm tex textures/shadowheadfb_glow built (0.0ms); [lb]-5f] stream: player model models/player/erebus.iqm tex textures/shadowheadfb_reflect built (0.0ms); [lb]-5f] stream: player model models/player/erebus.iqm tex textures/shadowheadfb_shirt built (0.0ms); [lb]-5f] stream: player model models/player/erebus.iqm tex textures/shadowheadfb_pants built (2.1ms); [lb]-4f] stream: player model models/player/gakmasked.iqm tex textures/gakfullbright built (0.0ms); [lb]-4f] stream: player model models/player/gakmasked.iqm tex textures/gakfullbright_norm built (0.0ms); [lb]-4f] stream: player model models/player/gakmasked.iqm tex textures/gakfullbright_gloss built (0.0ms); [lb]-4f] stream: player model models/player/gakmasked.iqm tex textures/gakfullbright_glow built (0.0ms); [lb]-4f] stream: player model models/player/gakmasked.iqm tex textures/gakfullbright_reflect built (0.0ms); [lb]-4f] stream: player model models/player/gakmasked.iqm tex textures/gakfullbright_shirt built (0.0ms); [lb]-4f] stream: player model models/player/gakmasked.iqm tex textures/gakfullbright_pants built (0.0ms); [lb]-4f] stream: player model models/player/gakmasked.iqm tex textures/gakarmorfb built (0.0ms); [lb]-4f] stream: player model models/player/gakmasked.iqm tex textures/gakarmorfb_norm built (0.0ms); [lb]-4f] stream: player model models/player/gakmasked.iqm tex textures/gakarmorfb_gloss built (0.0ms); [lb]-4f] stream: player model models/player/gakmasked.iqm tex textures/gakarmorfb_glow built (0.0ms); [lb]-4f] stream: player model models/player/gakmasked.iqm tex textures/gakarmorfb_reflect built (0.0ms); [lb]-4f] stream: player model models/player/gakmasked.iqm tex textures/gakarmorfb_shirt built (0.0ms); [lb]-4f] stream: player model models/player/gakmasked.iqm tex textures/gakarmorfb_pants built (1.6ms)[0m
[lb]hitch]   prev: 6.9 12.1 9.8 8.3 8.3 10.3 8.3 8.3[0m
[lb]hitch VSYNC/PRESENT] 18.8ms (med 7.1, ×2.6) — present/vsync-bound (rest 14.8ms, gpu 1.1ms) | proc 3.5 rcpu 0.5 gpu 1.1 rest 14.8 | alloc 652KB | ticks 3, remote.ents 21 | watchdog: 4/4 samples in '(unscoped)'[0m
[wz] cross client=True 'player' o <-590.49927, 211.04439, 40.03125>-><1228.9556, 209.50073, -7.96875> v <338.28784, 246.53078, 0>-><-246.53076, 338.28787, 0> a <11.774963, -20.652061, 0>-><11.774963, 69.34793, 0> | in o=<-592, 224, 80> f=<-1, -8.742278E-08, 0> | out o=<1216, 208, 32> f=<-4.371139E-08, 1, 0>
[wzview] authoritative snap -> <11.774963, 69.34793, 0>
[portal] 'Portal_0' facing=True onScreen=True -> RENDER near=0.05 size=(512, 384) camQ=<1163.564, 270.4419, 27.009302> inO=<1216, 208, 32> inF=<-4.371139E-08, 1, 0>
[portal] 'Portal_1' facing=False onScreen=False -> off near=0.05 size=(512, 384) camQ=<1163.564, 270.4419, 27.009302> inO=<-592, 224, 80> inF=<-1, -8.742278E-08, 0>
[lb]hitch VSYNC/PRESENT ×3] 14.6–18.8ms over 0.0s (med 6.9) — present/vsync-bound (rest 14.8ms, gpu 1.1ms)[0m
[lb]hitch EXTERNAL] 25.8ms (1 dropped @60Hz) (med 6.9, ×3.7) — rest-dominated, game-side quiet — OS/compositor/driver | proc 2.5 rcpu 0.4 gpu 0.6 rest 22.8 | alloc 40KB | ticks 1, remote.ents 22 | watchdog: 7/13 samples in 'bot.strategy'[0m
[lb]hitch]   gpu: draws 369, pipeline compiles +0, vram 3330MB[0m
[lb]hitch]   prev: 7.1 7.1 7.1 7.1 7.1 7.1 7.1 7.4[0m
[lb]hitch VSYNC/PRESENT] 13.3ms (med 6.9, ×1.9) — present/vsync-bound (rest 10.9ms, gpu 0.6ms) | proc 2.1 rcpu 0.4 gpu 0.6 rest 10.9 | alloc 40KB | ticks 1, remote.ents 22 | watchdog: 3/3 samples in '(unscoped)'[0m
[wz] cross client=True 'player' o <1182.638, 203.73035, -7.990698>-><-596.26965, 257.36206, 40.0093> v <1.2442219, -274.10764, 0>-><-274.10764, -1.2442338, 0> a <9.449969, -4.602064, 0>-><9.449982, -94.60205, 0> | in o=<1216, 208, 32> f=<-4.371139E-08, 1, 0> | out o=<-592, 224, 80> f=<-1, -8.742278E-08, 0>
[wzview] authoritative snap -> <9.449982, -94.60205, 0>
[wz] cross client=True 'player' o <-587.499, 255.07184, 40.0093>-><1184.9282, 212.50098, -7.9907> v <349.7469, -16.752579, 0>-><16.752594, 349.7469, 0> a <8.999983, -91.07705, 0>-><8.9999695, -1.0770569, 0> | in o=<-592, 224, 80> f=<-1, -8.742278E-08, 0> | out o=<1216, 208, 32> f=<-4.371139E-08, 1, 0>
[wzview] authoritative snap -> <8.9999695, -1.0770569, 0>
[wz] cross client=True 'player' o <1192.4248, 206.74171, -7.9907>-><-593.2583, 247.5752, 40.0093> v <15.2584505, -154.84425, 0>-><-154.84425, -15.258457, 0> a <8.84997, 0.64794314, 0>-><8.849976, -89.35205, 0> | in o=<1216, 208, 32> f=<-4.371139E-08, 1, 0> | out o=<-592, 224, 80> f=<-1, -8.742278E-08, 0>
[wzview] authoritative snap -> <8.849976, -89.35205, 0>
[portal] 'Portal_0' facing=True onScreen=True -> RENDER near=54.86 size=(512, 384) camQ=<-600.20465, 246.8907, 75.0093> inO=<1216, 208, 32> inF=<-4.371139E-08, 1, 0>
[portal] 'Portal_1' facing=True onScreen=True -> RENDER near=0.05 size=(512, 384) camQ=<-600.20465, 246.8907, 75.0093> inO=<-592, 224, 80> inF=<-1, -8.742278E-08, 0>
[wz] cross client=True 'player' o <-589.7236, 246.34871, 40.0093>-><1193.6512, 210.27643, -7.9907> v <314.24982, 0.1501522, 0>-><-0.15013847, 314.24982, 0> a <8.774976, -89.35205, 0>-><8.774963, 0.6479476, 0> | in o=<-592, 224, 80> f=<-1, -8.742278E-08, 0> | out o=<1216, 208, 32> f=<-4.371139E-08, 1, 0>
[wzview] authoritative snap -> <8.774963, 0.6479476, 0>
[wz] cross client=True 'player' o <1193.9249, 207.20676, -7.9907>-><-592.7933, 246.07507, 40.0093> v <4.211158, -292.6468, 0>-><-292.6468, -4.2111707, 0> a <8.774963, 0.6479476, 0>-><8.774963, -89.35205, 0> | in o=<1216, 208, 32> f=<-4.371139E-08, 1, 0> | out o=<-592, 224, 80> f=<-1, -8.742278E-08, 0>
[wzview] authoritative snap -> <8.774963, -89.35205, 0>
[wz] cross client=True 'player' o <-587.43414, 246.03247, 40.0093>-><1193.9675, 212.56586, -7.9907> v <334.58765, 3.6874716, 0>-><-3.6874568, 334.58765, 0> a <8.774963, -89.35205, 0>-><8.774963, 0.6479476, 0> | in o=<-592, 224, 80> f=<-1, -8.742278E-08, 0> | out o=<1216, 208, 32> f=<-4.371139E-08, 1, 0>
[wzview] authoritative snap -> <8.774963, 0.6479476, 0>
[lb]hitch VSYNC/PRESENT ×4] 12.7–19.7ms over 1.4s (med 6.9) — present/vsync-bound (rest 10.9ms, gpu 0.6ms)[0m
[lb]hitch EXTERNAL] 52.1ms (2 dropped @60Hz) (med 6.9, ×7.5) — rest-dominated, game-side quiet — OS/compositor/driver | proc 3.6 rcpu 0.4 gpu 0.6 rest 48.2 | alloc 32KB | ticks 3, remote.ents 7 | watchdog: 28/32 samples in 'bot.strategy'[0m
[lb]hitch]   gpu: draws 337, pipeline compiles +0, vram 3335MB[0m
[lb]hitch]   prev: 7.4 7.4 7.4 7.4 7.4 7.4 7.4 7.2[0m
[lb]hitch VSYNC/PRESENT] 16.7ms (med 6.9, ×2.4) — present/vsync-bound (rest 13.1ms, gpu 0.6ms) | proc 3.2 rcpu 0.4 gpu 0.6 rest 13.1 | alloc 170KB | ticks 2, remote.ents 7[0m
[wz] cross client=True 'player' o <1190.4563, 206.75812, -7.9907>-><-593.2419, 249.5437, 40.0093> v <-19.949677, -275.80383, 0>-><-275.80383, 19.949663, 0> a <8.774963, 0.6479476, 0>-><8.774963, -89.35205, 0> | in o=<1216, 208, 32> f=<-4.371139E-08, 1, 0> | out o=<-592, 224, 80> f=<-1, -8.742278E-08, 0>
[wzview] authoritative snap -> <8.774963, -89.35205, 0>
[lb]hitch CPU-LOGIC] 13.3ms (med 6.9, ×1.9) — cev.process 12.0ms (typ 0.9ms, 14× over) | proc 13.3 rcpu 0.4 gpu 0.6 rest 0.0 | alloc 965KB | ticks 1, remote.ents 20 | watchdog: 4/5 samples in 'iqm.mesh'[0m
[lb]hitch VSYNC/PRESENT] 16.7ms (med 6.9, ×2.4) — present/vsync-bound (rest 13.9ms, gpu 0.6ms) | proc 2.3 rcpu 0.4 gpu 0.6 rest 13.9 | alloc 80KB | ticks 1, remote.ents 20 | watchdog: 4/9 samples in 'iqm.mesh'[0m
[portal] 'Portal_0' facing=True onScreen=True -> RENDER near=60.59 size=(512, 384) camQ=<-618.3248, 252.53073, 75.0093> inO=<1216, 208, 32> inF=<-4.371139E-08, 1, 0>
[portal] 'Portal_1' facing=True onScreen=True -> RENDER near=0.05 size=(512, 384) camQ=<-618.3248, 252.53073, 75.0093> inO=<-592, 224, 80> inF=<-1, -8.742278E-08, 0>
[wz] cross client=True 'player' o <-586.536, 252.97293, 40.0093>-><1187.0271, 213.46399, -7.9907> v <349.9697, 4.654775, 0>-><-4.65476, 349.9697, 0> a <8.774963, -89.35205, 0>-><8.774963, 0.6479476, 0> | in o=<-592, 224, 80> f=<-1, -8.742278E-08, 0> | out o=<1216, 208, 32> f=<-4.371139E-08, 1, 0>
[wzview] authoritative snap -> <8.774963, 0.6479476, 0>
[lb]hitch EXTERNAL] 28.5ms (1 dropped @60Hz) (med 6.9, ×4.1) — rest-dominated, game-side quiet — OS/compositor/driver | proc 2.5 rcpu 0.4 gpu 0.6 rest 25.6 | alloc 32KB | ticks 2, remote.ents 22 | watchdog: 10/15 samples in 'bot.strategy'[0m
[lb]hitch]   gpu: draws 343, pipeline compiles +0, vram 3338MB[0m
[lb]hitch]   prev: 10.9 6.9 6.9 6.9 4.4 6.9 7.2 6.9[0m
[lb]frameprofile] scene: nodes 2869 objs-drawn 1749 draws 343 vram 3333MB[0m
[lb]frameprofile] census: Label 876  HBoxContainer 218  Control 157  Dependent 113  Button 110  CvarCheckBox 104  VBoxContainer 78  HSlider 62  CvarSlider 58  MarginContainer 52[0m
[lb]frameprofile] 664 frames: p50 6.9 p95 10.4 p99 17.1 p99.9 56.6ms (max 73.0) | 5 EXTERNAL, 12 VSYNC/PRESENT, 1 CPU-LOGIC | alloc 7MB/s heap 637.7MB | proc 2.4 gpu 0.6[0m
[lb]frameprofile] ms/frame: ng.process 1.4  server.tick 1.1  sim.move 0.7  proc:other 0.5  move.in 0.5  bot.think 0.5  bot.strategy 0.4  cw.process 0.4  cw.players 0.3  net.send 0.2[0m
[wz] cross client=True 'player' o <1193.6292, 201.14891, -7.9907>-><-598.8511, 246.37085, 40.0093> v <4.486012, -349.97162, 0>-><-349.97162, -4.4860272, 0> a <8.774963, 0.6479476, 0>-><8.774963, -89.35205, 0> | in o=<1216, 208, 32> f=<-4.371139E-08, 1, 0> | out o=<-592, 224, 80> f=<-1, -8.742278E-08, 0>
[wzview] authoritative snap -> <8.774963, -89.35205, 0>
[portal] 'Portal_0' facing=True onScreen=True -> RENDER near=48.30 size=(512, 384) camQ=<-662.7792, 239.55495, 75.0093> inO=<1216, 208, 32> inF=<-4.371139E-08, 1, 0>
[portal] 'Portal_1' facing=True onScreen=True -> RENDER near=0.05 size=(512, 384) camQ=<-662.7792, 239.55495, 75.0093> inO=<-592, 224, 80> inF=<-1, -8.742278E-08, 0>
[wz] cross client=True 'player' o <-588.08575, 239.86832, 40.0093>-><1200.1317, 211.91425, -7.9907> v <349.99146, 2.7355404, 0>-><-2.7355251, 349.99146, 0> a <8.774963, -89.35205, 0>-><8.774963, 0.6479476, 0> | in o=<-592, 224, 80> f=<-1, -8.742278E-08, 0> | out o=<1216, 208, 32> f=<-4.371139E-08, 1, 0>
[wzview] authoritative snap -> <8.774963, 0.6479476, 0>
[lb]hitch EXTERNAL] 38.7ms (1 dropped @60Hz) (med 6.9, ×5.6) — rest-dominated, game-side quiet — OS/compositor/driver | proc 3.8 rcpu 0.5 gpu 0.8 rest 34.4 | alloc 40KB | ticks 3, remote.ents 23 | watchdog: 8/16 samples in 'bot.strategy'[0m
[lb]hitch]   gpu: draws 349, pipeline compiles +0, vram 3337MB[0m
[lb]hitch]   prev: 6.9 6.9 6.9 6.9 6.9 6.9 7.1 7.1[0m
[lb]hitch VSYNC/PRESENT] 16.7ms (med 6.9, ×2.4) — present/vsync-bound (rest 12.9ms, gpu 0.8ms) | proc 3.4 rcpu 0.4 gpu 0.8 rest 12.9 | alloc 144KB | ticks 1, remote.ents 23[0m
[wz] cross client=True 'player' o <1200.3927, 205.82495, -7.9907>-><-594.17505, 239.6073, 40.0093> v <3.971327, -349.97748, 0>-><-349.97748, -3.9713423, 0> a <8.774963, 0.6479476, 0>-><8.774963, -89.35205, 0> | in o=<1216, 208, 32> f=<-4.371139E-08, 1, 0> | out o=<-592, 224, 80> f=<-1, -8.742278E-08, 0>
[wzview] authoritative snap -> <8.774963, -89.35205, 0>
[portal] 'Portal_0' facing=True onScreen=True -> RENDER near=44.10 size=(512, 384) camQ=<-636.30396, 235.48712, 75.0093> inO=<1216, 208, 32> inF=<-4.371139E-08, 1, 0>
[portal] 'Portal_1' facing=True onScreen=True -> RENDER near=0.05 size=(512, 384) camQ=<-636.30396, 235.48712, 75.0093> inO=<-592, 224, 80> inF=<-1, -8.742278E-08, 0>
[lb]hitch VSYNC/PRESENT ×2] 12.9–16.7ms over 0.2s (med 6.9) — present/vsync-bound (rest 12.9ms, gpu 0.8ms)[0m
[lb]hitch EXTERNAL] 56.3ms (2 dropped @60Hz) (med 6.9, ×8.1) — rest-dominated, game-side quiet — OS/compositor/driver | proc 3.3 rcpu 1.0 gpu 0.9 rest 51.9 | alloc 40KB | ticks 3, remote.ents 20 | watchdog: 32/37 samples in 'bot.strategy'[0m
[lb]hitch]   gpu: draws 212, pipeline compiles +0, vram 3328MB[0m
[lb]hitch]   prev: 6.9 6.9 6.9 6.9 6.9 6.9 6.9 6.9[0m
[lb]hitch VSYNC/PRESENT] 16.3ms (med 6.9, ×2.4) — present/vsync-bound (rest 13.0ms, gpu 0.9ms) | proc 2.7 rcpu 0.6 gpu 0.9 rest 13.0 | alloc 32KB | ticks 1, remote.ents 20[0m
Unknown command "messagemode"[0m
[portal] 'Portal_0' facing=True onScreen=False -> off near=41.88 size=(512, 384) camQ=<-762.33624, 230.79411, 75.0093> inO=<1216, 208, 32> inF=<-4.371139E-08, 1, 0>
[portal] 'Portal_1' facing=True onScreen=False -> off near=0.05 size=(512, 384) camQ=<-762.33624, 230.79411, 75.0093> inO=<-592, 224, 80> inF=<-1, -8.742278E-08, 0>
[lb]hitch EXTERNAL] 74.4ms (3 dropped @60Hz) (med 6.9, ×10.7) — rest-dominated, game-side quiet — OS/compositor/driver | proc 3.9 rcpu 0.7 gpu 1.0 rest 69.7 | alloc 40KB | ticks 3, remote.ents 20 | watchdog: 19/49 samples in 'bot.path'[0m
[lb]hitch PIPELINE-COMPILE] 28.3ms (1 dropped @60Hz) (med 6.9, ×4.1) — 1 pipeline compile(s) — SYNC[lb]surface+0 draw+0] async[lb]mesh+0 spec+0] canvas+1 | proc 4.0 rcpu 0.6 gpu 1.0 rest 23.7 | alloc 72KB | ticks 3, remote.ents 20 | watchdog: 4/4 samples in '(unscoped)'[0m
[lb]hitch]   gpu: draws 305, pipeline compiles +1 — SYNC[lb]surface+0 draw+0] async[lb]mesh+0 spec+0] canvas+1, vram 3330MB[0m
[lb]hitch]   prev: 6.9 6.9 6.9 6.9 6.9 6.9 6.9 74.4[0m
[lb]hitch VSYNC/PRESENT] 21.6ms (med 6.9, ×3.1) — present/vsync-bound (rest 17.3ms, gpu 1.0ms) | proc 3.2 rcpu 1.1 gpu 1.0 rest 17.3 | alloc 130KB | ticks 2, remote.ents 20 | watchdog: 5/5 samples in '(unscoped)'[0m
[lb]hitch EXTERNAL] 83.4ms (4 dropped @60Hz) (med 6.9, ×12.0) — rest-dominated, game-side quiet — OS/compositor/driver | proc 3.7 rcpu 0.8 gpu 2.4 rest 78.9 | alloc 40KB | ticks 3, remote.ents 19 | watchdog: 22/45 samples in 'bot.path'[0m
[portal] 'Portal_0' facing=True onScreen=False -> off near=41.88 size=(512, 384) camQ=<-762.33624, 230.79411, 75.0093> inO=<1216, 208, 32> inF=<-4.371139E-08, 1, 0>
[portal] 'Portal_1' facing=True onScreen=False -> off near=0.05 size=(512, 384) camQ=<-762.33624, 230.79411, 75.0093> inO=<-592, 224, 80> inF=<-1, -8.742278E-08, 0>
=== frame profiler session summary (42s, 2671 frames) ===[0m
  fps: avg 112.4  1%low 14  0.1%low 7  (median 6.9ms, worst 150.0ms)[0m
  hitches: 93 total — 18 EXTERNAL, 1 ASSET-BUILD, 4 PIPELINE-COMPILE, 2 GC-PAUSE, 53 VSYNC/PRESENT, 12 CPU-LOGIC, 3 MIXED[0m
    worst[lb]1]: 113.6ms CPU-LOGIC (ng.process) @ t=23.1s[0m
    worst[lb]2]: 101.4ms GC-PAUSE (ng.process) @ t=27.6s[0m
    worst[lb]3]: 89.2ms VSYNC/PRESENT (ng.process) @ t=23.2s[0m
    worst[lb]4]: 83.4ms EXTERNAL (ng.process) @ t=40.8s[0m
    worst[lb]5]: 77.5ms PIPELINE-COMPILE (proc:other) @ t=23.2s[0m
  gc: g0+92 g1+59 g2+35, total pause 281ms[0m
  alloc: 2.8GB total, 4MB/s recent, peak 433.9MB in one frame @ t=6.5s, heap 639.5MB[0m
