Godot Engine v4.6.3.stable.mono.official.7d41c59c4 - https://godotengine.org
Vulkan 1.4.341 - Forward+ - Using Device #0: NVIDIA - NVIDIA GeForce RTX 3080

[lb]frameprofiler] env: managed-debugger=False godot-context=debug csharp=Debug vsync=Enabled maxfps=0 refresh=60Hz cpu=24c gpu=NVIDIA GeForce RTX 3080[0m
[lb]frameprofiler] columns: proc=all _Process CPU | rcpu=render-thread submit | gpu=main viewport GPU | rest=present/vsync/stall (ms-proc-rcpu) | alloc=managed garbage/frame | pipe=shader-pipeline compiles[0m
=== XonoticGodot boot ===[0m
Weapons:   27[0m
Items:     21[0m
Mutators:  46[0m
GameTypes: 20[0m
[lb]MenuState] config: 6462 cvars from 25 cfg files (374 aliases, 0 missing).[0m
[lb]shell] --cvar sv_warpzone_trace = "1"[0m
[lb]video] vid_vsync 2 → requested Mailbox, actual Mailbox[0m
[lb]video] cl_maxfps 256 -> Engine.MaxFps 144 (refresh 60Hz)[0m
[lb]video] process priority AboveNormal (sys_priority_boost 1)[0m
[MenuCommand] 'playerstats_update' has no client backend yet (inert).
[lb]Shell] hosting listen server: gametype=dm map=stormkeep bots=0 skill=0 timelimit=0 fraglimit=0[0m
[AssetSystem] loaded 2439 shaders from 185 scripts.
[NetTransport.Server] listening on UDP 26000 (max 16).
[ServerNet] LAN discovery: answering getinfo on UDP 26001 (game port 26000).
[NetTransport.Client] connecting to 127.0.0.1:26000 …
[EffectSystem] effectinfo: 301 effects, particlefont atlas: loaded, style overlay: 0 effects
[Particles] backend=original (cl_particles_modern=0)
[AssetLoader] model 'models/items/buff.md3' read failed: Asset not found in any mount: "models/items/buff.md3".
[AssetLoader] 'models/casing_shell.mdl' is not a known model (magic "IDPO?").
[MapLoader] occluder: 90016 verts / 107956 tris (r_occlusion_cull A/B)
[MapLoader] 'stormkeep' materials: lightmapped=34 vertexLit=3 plain=8 glow=4 normalMapped=34 (deluxe=True, internalPages=0, atlas=1p, cellSize=131072, cells=8, surfaces=188)
[MapLoader] 'stormkeep' portal surfaces: 2 (from 2 faces), pocket decor: 5 (from 5 faces)
[DecalSplats] geometry: 106027 render triangles, 502 grid cells
[Skybox] loaded 'env/extragalactic/asteroids'.
[PortalRenderer] 2 live portal(s)
[portal] 'Portal_0' facing=False onScreen=False -> off near=0.05 size=(384, 384) camQ=<0, -0, 0> inO=<1216, 208, 32> inF=<-4.371139E-08, 1, 0>
[portal] 'Portal_1' facing=False onScreen=False -> off near=0.05 size=(384, 384) camQ=<0, -0, 0> inO=<-592, 224, 80> inF=<-1, -8.742278E-08, 0>
[NetGame] map music: 'cdtracks/track005' (from mapinfo/worldspawn)
[portal] 'Portal_0' facing=False onScreen=False -> off near=0.05 size=(384, 384) camQ=<0, -0, 0> inO=<1216, 208, 32> inF=<-4.371139E-08, 1, 0>
[portal] 'Portal_1' facing=False onScreen=False -> off near=0.05 size=(384, 384) camQ=<0, -0, 0> inO=<-592, 224, 80> inF=<-1, -8.742278E-08, 0>
[portal] 'Portal_0' facing=False onScreen=False -> off near=0.05 size=(384, 384) camQ=<0, -0, 0> inO=<1216, 208, 32> inF=<-4.371139E-08, 1, 0>
[portal] 'Portal_1' facing=False onScreen=False -> off near=0.05 size=(384, 384) camQ=<0, -0, 0> inO=<-592, 224, 80> inF=<-1, -8.742278E-08, 0>
[portal] 'Portal_0' facing=False onScreen=False -> off near=0.05 size=(384, 384) camQ=<0, -0, 0> inO=<1216, 208, 32> inF=<-4.371139E-08, 1, 0>
[portal] 'Portal_1' facing=False onScreen=False -> off near=0.05 size=(384, 384) camQ=<0, -0, 0> inO=<-592, 224, 80> inF=<-1, -8.742278E-08, 0>
[portal] 'Portal_0' facing=False onScreen=False -> off near=0.05 size=(384, 384) camQ=<0, -0, 0> inO=<1216, 208, 32> inF=<-4.371139E-08, 1, 0>
[portal] 'Portal_1' facing=False onScreen=False -> off near=0.05 size=(384, 384) camQ=<0, -0, 0> inO=<-592, 224, 80> inF=<-1, -8.742278E-08, 0>
[NetGame] precached 24 weapon models, skipped 0 (lazy), 24 muzzle tags.
[portal] 'Portal_0' facing=False onScreen=False -> off near=0.05 size=(384, 384) camQ=<0, -0, 0> inO=<1216, 208, 32> inF=<-4.371139E-08, 1, 0>
[portal] 'Portal_1' facing=False onScreen=False -> off near=0.05 size=(384, 384) camQ=<0, -0, 0> inO=<-592, 224, 80> inF=<-1, -8.742278E-08, 0>
[portal] 'Portal_0' facing=False onScreen=False -> off near=0.05 size=(384, 384) camQ=<0, -0, 0> inO=<1216, 208, 32> inF=<-4.371139E-08, 1, 0>
[portal] 'Portal_1' facing=False onScreen=False -> off near=0.05 size=(384, 384) camQ=<0, -0, 0> inO=<-592, 224, 80> inF=<-1, -8.742278E-08, 0>
[portal] 'Portal_0' facing=False onScreen=False -> off near=0.05 size=(384, 384) camQ=<0, -0, 0> inO=<1216, 208, 32> inF=<-4.371139E-08, 1, 0>
[portal] 'Portal_1' facing=False onScreen=False -> off near=0.05 size=(384, 384) camQ=<0, -0, 0> inO=<-592, 224, 80> inF=<-1, -8.742278E-08, 0>
[NetGame] precached 36 combat sounds, 10 player models (rendered for pipeline warm).
[NetGame] listen server on 127.0.0.1:26000 (map 'stormkeep', dm, 0 bots) — self-connecting.
[ServerNet] peer 565906654 connected (awaiting handshake).
[ServerNet] peer 565906654 accepted as 'player' (netId 565906654, id a8f5172b).
[ClientNet] handshake accepted by 'Xonotic  Server': netId 1, tickrate 72 Hz.
[NetGame] handshake accepted by 'Xonotic  Server': netId 1.
[portal] 'Portal_0' facing=False onScreen=True -> off near=0.05 size=(384, 384) camQ=<0, -0, 34.88889> inO=<1216, 208, 32> inF=<-4.371139E-08, 1, 0>
[portal] 'Portal_1' facing=False onScreen=False -> off near=0.05 size=(384, 384) camQ=<0, -0, 34.88889> inO=<-592, 224, 80> inF=<-1, -8.742278E-08, 0>
[wzview] authoritative snap -> <0, 135, 0>
[lb]hitch PIPELINE-COMPILE] 49.6ms (2 dropped @60Hz) (med 6.9, ×7.1) — 1 pipeline compile(s) — SYNC[lb]surface+0 draw+0] async[lb]mesh+0 spec+1] canvas+0 | proc 8.1 rcpu 0.7 gpu 0.4 rest 40.8 | alloc 808KB | ticks 3, remote.ents 21 | watchdog: 2/3 samples in '(unscoped)'[0m
[lb]hitch]   gpu: draws 341, pipeline compiles +1 — SYNC[lb]surface+0 draw+0] async[lb]mesh+0 spec+1] canvas+0, vram 3281MB[0m
[lb]hitch]   events: [lb]-1f] net: PREDICTION DESYNC 1067qu (predicted vs acked-replay origin)[0m
[lb]hitch]   prev: 6.9 6.9 6.9 6.9 6.9 6.9 6.9 6.9[0m
[lb]hitch VSYNC/PRESENT] 22.0ms (med 6.9, ×3.2) — present/vsync-bound (rest 19.4ms, gpu 0.3ms) | proc 1.8 rcpu 0.8 gpu 0.3 rest 19.4 | alloc 176KB | ticks 2, remote.ents 21 | watchdog: 9/10 samples in '(unscoped)'[0m
[portal] 'Portal_0' facing=True onScreen=False -> off near=32.50 size=(1024, 1024) camQ=<1040, 240, 27.031248> inO=<1216, 208, 32> inF=<-4.371139E-08, 1, 0>
[portal] 'Portal_1' facing=False onScreen=True -> off near=0.05 size=(384, 384) camQ=<1040, 240, 27.031248> inO=<-592, 224, 80> inF=<-1, -8.742278E-08, 0>
[lb]hitch VSYNC/PRESENT ×2] 14.6–22.0ms over 0.0s (med 6.9) — present/vsync-bound (rest 19.4ms, gpu 0.3ms)[0m
[lb]frameprofile] scene: nodes 2852 objs-drawn 1584 draws 247 vram 3283MB[0m
[lb]frameprofile] census: Label 876  HBoxContainer 218  Control 157  Dependent 113  Button 110  CvarCheckBox 104  VBoxContainer 78  HSlider 62  CvarSlider 58  MarginContainer 52[0m
[lb]frameprofile] 291 frames: p50 6.9 p95 126.9 p99 145.6 p99.9 149.9ms (max 150.0) | 1 PIPELINE-COMPILE, 2 VSYNC/PRESENT | alloc 8MB/s heap 215.2MB | proc 1.1 gpu 0.4[0m
[lb]frameprofile] ms/frame: iqm.mesh 26.7  iqm.materials 26.3  iqm.anims 4.7  proc:other 1.2  cev.process 1.2  ng.process 1.2  server.tick 0.7  net.send 0.3  cw.process 0.1  net.poll 0.1[0m
[lb]hitch VSYNC/PRESENT] 12.5ms (med 6.9, ×1.8) — present/vsync-bound (rest 10.3ms, gpu 0.4ms) | proc 1.6 rcpu 0.6 gpu 0.4 rest 10.3 | alloc 104KB | ticks 1, remote.ents 21 | watchdog: 4/4 samples in '(unscoped)'[0m
[lb]hitch]   gpu: draws 247, pipeline compiles +0, vram 3283MB[0m
[lb]hitch]   prev: 6.9 6.9 6.9 6.9 6.9 6.9 6.9 6.9[0m
[portal] 'Portal_0' facing=True onScreen=False -> off near=32.50 size=(1024, 1024) camQ=<1040, 240, 27.031248> inO=<1216, 208, 32> inF=<-4.371139E-08, 1, 0>
[portal] 'Portal_1' facing=False onScreen=True -> off near=0.05 size=(384, 384) camQ=<1040, 240, 27.031248> inO=<-592, 224, 80> inF=<-1, -8.742278E-08, 0>
[lb]bots] waypoints for 'stormkeep': nodes=99 (file=loaded, cache=yes)[0m
[lb]hitch CPU-LOGIC] 119.4ms (6 dropped @60Hz) (med 6.9, ×17.2) — ng.process 92.7ms (typ 10.6ms, 9× over) | proc 105.5 rcpu 0.6 gpu 0.8 rest 13.3 | alloc 262KB | ticks 3, remote.ents 22 | watchdog: 27/65 samples in 'bot.path'[0m
[lb]hitch PIPELINE-COMPILE] 133.3ms (7 dropped @60Hz) (med 6.9, ×19.2) — 1 pipeline compile(s) — SYNC[lb]surface+1 draw+0] async[lb]mesh+0 spec+0] canvas+0 | proc 23.2 rcpu 0.7 gpu 0.8 rest 109.4 | alloc 62.0MB | ticks 3, remote.ents 22 | watchdog: 3/9 samples in 'bot.strategy'[0m
[lb]hitch GC-PAUSE] 50.0ms (2 dropped @60Hz) (med 6.9, ×7.2) — gen2/GC-pause tail (prior frame paused 2.9ms; this frame rest-dominated) | proc 4.6 rcpu 0.8 gpu 0.8 rest 44.6 | alloc 112.2MB | ticks 3, remote.ents 22 | watchdog: 10/19 samples in '(unscoped)'[0m
[lb]hitch]   gpu: draws 247, pipeline compiles +0, vram 3285MB[0m
[lb]hitch]   events: [lb]-2f] anim cache HIT models/player/ignismasked.iqm; [lb]-1f] stream: player model models/player/ignismasked.iqm (parse) built (0.9ms); stream: player model models/player/ignismasked.iqm tex textures/ignisfullbright_pants built (0.2ms); stream: player model models/player/ignismasked.iqm tex textures/ignisheadfb_pants built (0.0ms)[0m
[lb]hitch]   prev: 6.9 6.9 6.9 6.9 6.9 6.9 119.4 133.3[0m
[portal] 'Portal_0' facing=True onScreen=False -> off near=32.50 size=(1024, 1024) camQ=<1040, 240, 27.031248> inO=<1216, 208, 32> inF=<-4.371139E-08, 1, 0>
[portal] 'Portal_1' facing=False onScreen=True -> off near=0.05 size=(384, 384) camQ=<1040, 240, 27.031248> inO=<-592, 224, 80> inF=<-1, -8.742278E-08, 0>
[lb]hitch EXTERNAL] 56.5ms (2 dropped @60Hz) (med 6.9, ×8.1) — rest-dominated, game-side quiet — OS/compositor/driver | proc 4.8 rcpu 0.6 gpu 0.9 rest 51.0 | alloc 48KB | ticks 3, remote.ents 22 | watchdog: 23/38 samples in 'bot.path'[0m
[lb]hitch]   gpu: draws 247, pipeline compiles +0, vram 3273MB[0m
[lb]hitch]   prev: 6.9 6.9 6.9 6.9 6.9 6.9 6.9 6.9[0m
[lb]hitch VSYNC/PRESENT] 16.7ms (med 6.9, ×2.4) — present/vsync-bound (rest 12.6ms, gpu 0.9ms) | proc 3.4 rcpu 0.7 gpu 0.9 rest 12.6 | alloc 138KB | ticks 2, remote.ents 22 | watchdog: 3/3 samples in '(unscoped)'[0m
[lb]hitch EXTERNAL] 39.9ms (1 dropped @60Hz) (med 6.9, ×5.7) — rest-dominated, game-side quiet — OS/compositor/driver | proc 3.6 rcpu 0.7 gpu 0.9 rest 35.5 | alloc 40KB | ticks 2, remote.ents 22 | watchdog: 20/23 samples in 'bot.strategy'[0m
[lb]hitch VSYNC/PRESENT] 16.7ms (med 6.9, ×2.4) — present/vsync-bound (rest 12.7ms, gpu 0.9ms) | proc 3.3 rcpu 0.7 gpu 0.9 rest 12.7 | alloc 64KB | ticks 2, remote.ents 22 | watchdog: 20/23 samples in 'bot.strategy'[0m
[portal] 'Portal_0' facing=True onScreen=False -> off near=32.50 size=(1024, 1024) camQ=<1040, 240, 27.031248> inO=<1216, 208, 32> inF=<-4.371139E-08, 1, 0>
[portal] 'Portal_1' facing=False onScreen=True -> off near=0.05 size=(384, 384) camQ=<1040, 240, 27.031248> inO=<-592, 224, 80> inF=<-1, -8.742278E-08, 0>
[lb]hitch VSYNC/PRESENT ×2] 13.8–16.7ms over 0.0s (med 6.9) — present/vsync-bound (rest 12.7ms, gpu 0.9ms)[0m
[lb]hitch EXTERNAL] 100.8ms (5 dropped @60Hz) (med 6.9, ×14.5) — rest-dominated, game-side quiet — OS/compositor/driver | proc 3.6 rcpu 0.6 gpu 1.0 rest 96.6 | alloc 40KB | ticks 3, remote.ents 22 | watchdog: 35/56 samples in 'bot.path'[0m
[lb]hitch]   gpu: draws 247, pipeline compiles +0, vram 3273MB[0m
[lb]hitch]   prev: 6.7 6.9 7.0 6.9 6.9 6.9 6.9 6.9[0m
[lb]hitch VSYNC/PRESENT] 19.9ms (med 6.9, ×2.9) — present/vsync-bound (rest 16.6ms, gpu 2.2ms) | proc 2.6 rcpu 0.6 gpu 2.2 rest 16.6 | alloc 40KB | ticks 1, remote.ents 22 | watchdog: 4/9 samples in 'bot.strategy'[0m
[lb]hitch]   gpu: draws 247, pipeline compiles +0, vram 3273MB[0m
[lb]hitch]   prev: 6.9 6.9 6.9 6.9 6.9 6.9 6.9 6.9[0m
[portal] 'Portal_0' facing=True onScreen=False -> off near=32.50 size=(1024, 1024) camQ=<1040, 240, 27.031248> inO=<1216, 208, 32> inF=<-4.371139E-08, 1, 0>
[portal] 'Portal_1' facing=False onScreen=True -> off near=0.05 size=(384, 384) camQ=<1040, 240, 27.031248> inO=<-592, 224, 80> inF=<-1, -8.742278E-08, 0>
[portal] 'Portal_0' facing=True onScreen=False -> off near=32.50 size=(1024, 1024) camQ=<1040, 240, 27.031248> inO=<1216, 208, 32> inF=<-4.371139E-08, 1, 0>
[portal] 'Portal_1' facing=False onScreen=False -> off near=0.05 size=(384, 384) camQ=<1040, 240, 27.031248> inO=<-592, 224, 80> inF=<-1, -8.742278E-08, 0>
[wz] cross client=True 'player' o <1230.1547, 206.15332, -7.968749>-><-593.8467, 209.84534, 40.03125> v <-217.70808, -316.20148, 0>-><-316.2015, 217.70807, 0> a <1.1264542, 215.12778, 0>-><1.1264648, 125.12778, 0> | in o=<1216, 208, 32> f=<-4.371139E-08, 1, 0> | out o=<-592, 224, 80> f=<-1, -8.742278E-08, 0>
[lb]hitch VSYNC/PRESENT ×4] 13.4–20.7ms over 1.8s (med 6.9) — present/vsync-bound (rest 16.6ms, gpu 2.2ms)[0m
[lb]hitch CPU-LOGIC] 33.7ms (1 dropped @60Hz) (med 6.9, ×4.9) — ng.process 19.0ms (typ 2.4ms, 8× over) | proc 25.0 rcpu 0.8 gpu 0.5 rest 7.8 | alloc 587KB | ticks 2, remote.ents 37 | watchdog: 7/13 samples in 'bot.strategy'[0m
[lb]hitch]   gpu: draws 170, pipeline compiles +0, vram 3274MB[0m
[lb]hitch]   events: [lb]-7f] stream: idle-warm models/player/nyx.iqm tex textures/shadowheadfb_gloss built (0.0ms); [lb]-6f] stream: idle-warm models/player/seraphina.iqm tex textures/seraphina_gloss built (0.0ms); [lb]-5f] stream: idle-warm models/player/nyx.iqm tex textures/shadowheadfb_norm built (0.0ms); [lb]-4f] stream: idle-warm models/player/nyx.iqm tex textures/shadowheadfb built (0.0ms); [lb]-4f] stream: idle-warm models/player/pyria.iqm tex textures/pyriafullbright_reflect built (0.0ms); [lb]-4f] stream: idle-warm models/player/umbra.iqm tex textures/umbrafullbright_pants built (0.0ms); [lb]-3f] stream: idle-warm models/player/seraphina.iqm tex textures/seraphina_reflect built (0.0ms); stream: idle-warm models/player/pyria.iqm tex textures/pyriafullbright_gloss built (0.0ms); stream: idle-warm models/player/umbra.iqm tex textures/umbrafullbright_reflect built (0.0ms)[0m
[lb]hitch]   prev: 11.1 11.1 11.1 11.1 11.1 11.1 11.1 11.1[0m
[lb]hitch ASSET-BUILD] 101.7ms (5 dropped @60Hz) (med 6.9, ×14.6) — iqm.anims 266.6ms (asset build/upload) | proc 8.3 rcpu 1.0 gpu 0.5 rest 92.4 | alloc 30.7MB | ticks 3, remote.ents 37[0m
[lb]frameprofile] scene: nodes 2908 objs-drawn 1708 draws 294 vram 3299MB[0m
[lb]frameprofile] census: Label 876  HBoxContainer 218  Control 157  Dependent 113  Button 110  CvarCheckBox 104  VBoxContainer 78  HSlider 62  CvarSlider 58  MeshInstance3D 53[0m
[lb]frameprofile] 623 frames: p50 6.9 p95 8.9 p99 33.6 p99.9 119.4ms (max 133.3) | 3 EXTERNAL, 1 ASSET-BUILD, 1 PIPELINE-COMPILE, 1 GC-PAUSE, 8 VSYNC/PRESENT, 2 CPU-LOGIC | alloc 206MB/s heap 781.6MB | proc 8.3 gpu 0.5[0m
[lb]frameprofile] ms/frame: ng.process 1.8  server.tick 1.5  sim.move 1.1  move.in 0.8  bot.think 0.8  bot.strategy 0.7  proc:other 0.6  iqm.anims 0.4  cw.process 0.3  bot.path 0.3[0m
[lb]hitch GC-PAUSE] 29.1ms (1 dropped @60Hz) (med 6.9, ×4.2) — gen2/GC-pause tail (prior frame paused 11.6ms; this frame rest-dominated) | proc 6.0 rcpu 0.8 gpu 0.6 rest 22.3 | alloc 477KB | ticks 3, remote.ents 37 | watchdog: 14/14 samples in '(unscoped)'[0m
[lb]hitch ASSET-BUILD] 15.1ms (med 6.9, ×2.2) — stream.build 9.0ms (asset build/upload) | proc 15.1 rcpu 0.9 gpu 0.6 rest 0.0 | alloc 550KB | ticks 3, remote.ents 37 | watchdog: 3/7 samples in 'stream.build'[0m
[lb]hitch EXTERNAL] 32.3ms (1 dropped @60Hz) (med 6.9, ×4.7) — rest-dominated, game-side quiet — OS/compositor/driver | proc 6.2 rcpu 0.8 gpu 0.5 rest 25.4 | alloc 148KB | ticks 3, remote.ents 37 | watchdog: 12/16 samples in '(unscoped)'[0m
[portal] 'Portal_0' facing=True onScreen=True -> RENDER near=185.66 size=(512, 512) camQ=<1020.6008, 404.1911, 27.031248> inO=<1216, 208, 32> inF=<-4.371139E-08, 1, 0>
[portal] 'Portal_1' facing=False onScreen=True -> off near=0.05 size=(384, 384) camQ=<1020.6008, 404.1911, 27.031248> inO=<-592, 224, 80> inF=<-1, -8.742278E-08, 0>
[lb]hitch MIXED] 31.0ms (1 dropped @60Hz) (med 6.9, ×4.5) — mixed — stream.build 5.5ms | proc 14.7 rcpu 1.4 gpu 0.5 rest 14.9 | alloc 1.4MB | ticks 3, remote.ents 37 | watchdog: 3/6 samples in '(unscoped)'[0m
[lb]hitch VSYNC/PRESENT] 30.9ms (1 dropped @60Hz) (med 6.9, ×4.4) — present/vsync-bound (rest 21.1ms, gpu 1.8ms) | proc 7.3 rcpu 2.5 gpu 1.8 rest 21.1 | alloc 962KB | ticks 3, remote.ents 37[0m
[lb]hitch CPU-LOGIC] 14.1ms (med 6.9, ×2.0) — stream.build 3.3ms | proc 8.0 rcpu 0.8 gpu 2.1 rest 5.3 | alloc 1.1MB | ticks 1, remote.ents 36[0m
[lb]hitch CPU-LOGIC ×4] 14.1–16.7ms over 0.1s (med 6.9) — stream.build 3.3ms[0m
[lb]hitch ASSET-BUILD] 16.7ms (med 6.9, ×2.4) — stream.build 10.3ms (asset build/upload) | proc 14.7 rcpu 0.4 gpu 2.2 rest 1.6 | alloc 1.3MB | ticks 1, remote.ents 36 | watchdog: 3/6 samples in '(unscoped)'[0m
[lb]hitch VSYNC/PRESENT] 16.7ms (med 6.9, ×2.4) — present/vsync-bound (rest 12.0ms, gpu 4.1ms) | proc 4.3 rcpu 0.4 gpu 4.1 rest 12.0 | alloc 1.3MB | ticks 1, remote.ents 36 | watchdog: 6/9 samples in '(unscoped)'[0m
[IdleWarmer] asset warm queue drained — full asset set is hot.
[portal] 'Portal_0' facing=True onScreen=True -> RENDER near=74.16 size=(640, 640) camQ=<1212.0675, 279.2773, 27.031248> inO=<1216, 208, 32> inF=<-4.371139E-08, 1, 0>
[portal] 'Portal_1' facing=False onScreen=False -> off near=0.05 size=(384, 384) camQ=<1212.0675, 279.2773, 27.031248> inO=<-592, 224, 80> inF=<-1, -8.742278E-08, 0>
[wzview] predicted warp apply -> <7.8000183, -175.0501, 0> (ring rotated)
[wzview] predicted warp apply -> <7.8000183, 94.9499, 0> (ring rotated)
[wz] cross client=True 'player' o <1198.7727, 204.99327, -7.9687524>-><-595.0067, 241.2273, 40.03125> v <-29.742088, -211.29297, 0>-><-211.29297, 29.742079, 0> a <7.8000183, 94.9499, 0>-><7.8000183, 4.9498973, 0> | in o=<1216, 208, 32> f=<-4.371139E-08, 1, 0> | out o=<-592, 224, 80> f=<-1, -8.742278E-08, 0>
[wzview] authoritative snap -> <7.8000183, 4.9498973, 0>
[wzview] predicted warp apply -> <7.8000183, 94.94989, 0> (ring rotated)
[wz] cross client=True 'player' o <-589.9654, 247.44016, 40.01084>-><1192.5598, 210.0346, -7.9891586> v <157.16917, 156.31848, 0>-><-156.31847, 157.16919, 0> a <7.8000183, 94.94989, 0>-><7.8000183, -175.05011, 0> | in o=<-592, 224, 80> f=<-1, -8.742278E-08, 0> | out o=<1216, 208, 32> f=<-4.371139E-08, 1, 0>
[wzview] authoritative snap -> <7.8000183, -175.05011, 0>
[portal] 'Portal_0' facing=True onScreen=True -> RENDER near=16.09 size=(1024, 1024) camQ=<1168.0312, 223.58588, 27.010841> inO=<1216, 208, 32> inF=<-4.371139E-08, 1, 0>
[portal] 'Portal_1' facing=False onScreen=False -> off near=4.27 size=(1024, 1024) camQ=<1168.0312, 223.58588, 27.010841> inO=<-592, 224, 80> inF=<-1, -8.742278E-08, 0>
[wzview] predicted warp apply -> <8.850006, -151.20009, 0> (ring rotated)
[wz] cross client=True 'player' o <1177.5962, 206.25256, -7.9891586>-><-593.74744, 262.4038, 40.01084> v <173.69069, -315.3278, 0>-><-315.3278, -173.6907, 0> a <8.850021, -61.200108, 0>-><8.850006, -151.20009, 0> | in o=<1216, 208, 32> f=<-4.371139E-08, 1, 0> | out o=<-592, 224, 80> f=<-1, -8.742278E-08, 0>
[wzview] authoritative skip (predicted already applied) -> <8.850006, -151.20009, 0>
[lb]hitch VSYNC/PRESENT ×5] 12.9–19.3ms over 1.2s (med 6.9) — present/vsync-bound (rest 12.0ms, gpu 4.1ms)[0m
[lb]hitch CPU-LOGIC] 51.2ms (2 dropped @60Hz) (med 6.9, ×7.4) — ng.process 78.3ms (typ 6.8ms, 12× over) | proc 51.2 rcpu 0.6 gpu 0.8 rest 0.0 | alloc 72KB | ticks 3, remote.ents 20 | watchdog: 26/48 samples in 'bot.path'[0m
[lb]hitch]   gpu: draws 198, pipeline compiles +0, vram 3495MB[0m
[lb]hitch]   prev: 6.7 6.9 7.1 6.9 6.9 6.9 6.9 6.9[0m
[lb]hitch EXTERNAL] 83.3ms (4 dropped @60Hz) (med 6.9, ×12.0) — rest-dominated, game-side quiet — OS/compositor/driver | proc 4.1 rcpu 0.6 gpu 0.8 rest 78.7 | alloc 169KB | ticks 3, remote.ents 20 | watchdog: 26/53 samples in 'bot.path'[0m
[lb]hitch VSYNC/PRESENT] 16.7ms (med 6.9, ×2.4) — present/vsync-bound (rest 12.2ms, gpu 0.8ms) | proc 3.8 rcpu 0.6 gpu 0.8 rest 12.2 | alloc 48KB | ticks 3, remote.ents 20[0m
[portal] 'Portal_0' facing=True onScreen=True -> RENDER near=29.71 size=(1024, 1024) camQ=<-735.11194, 239.70804, 75.01084> inO=<1216, 208, 32> inF=<-4.371139E-08, 1, 0>
[portal] 'Portal_1' facing=True onScreen=True -> RENDER near=144.09 size=(384, 384) camQ=<-735.11194, 239.70804, 75.01084> inO=<-592, 224, 80> inF=<-1, -8.742278E-08, 0>
[lb]hitch VSYNC/PRESENT ×2] 16.7–19.0ms over 0.4s (med 6.9) — present/vsync-bound (rest 12.2ms, gpu 0.8ms)[0m
[lb]hitch PIPELINE-COMPILE] 17.0ms (med 6.9, ×2.4) — 1 pipeline compile(s) — SYNC[lb]surface+1 draw+0] async[lb]mesh+0 spec+0] canvas+0 | proc 4.6 rcpu 0.4 gpu 1.2 rest 11.9 | alloc 40KB | ticks 1, remote.ents 21 | watchdog: 14/17 samples in 'cev.process'[0m
[lb]hitch]   gpu: draws 435, pipeline compiles +1 — SYNC[lb]surface+1 draw+0] async[lb]mesh+0 spec+0] canvas+0, vram 3410MB[0m
[lb]hitch]   prev: 6.9 6.9 6.9 6.9 6.9 6.9 6.9 6.9[0m
[lb]hitch VSYNC/PRESENT] 12.8ms (med 6.9, ×1.8) — present/vsync-bound (rest 9.8ms, gpu 0.6ms) | proc 2.6 rcpu 0.4 gpu 0.6 rest 9.8 | alloc 173KB | ticks 1, remote.ents 21 | watchdog: 4/4 samples in '(unscoped)'[0m
[wzview] predicted warp apply -> <4.125, 63.074875, 0> (ring rotated)
[wz] cross client=True 'player' o <-588.9477, 238.35841, 40.01084>-><1201.6416, 211.0523, -7.9891586> v <302.6631, -104.43062, 0>-><104.430626, 302.6631, 0> a <4.125, 63.074875, 0>-><4.125, 153.07486, 0> | in o=<-592, 224, 80> f=<-1, -8.742278E-08, 0> | out o=<1216, 208, 32> f=<-4.371139E-08, 1, 0>
[wzview] authoritative snap -> <4.125, 153.07486, 0>
[portal] 'Portal_0' facing=True onScreen=False -> off near=25.97 size=(1024, 1024) camQ=<1136.0312, 266.57272, 27.010841> inO=<1216, 208, 32> inF=<-4.371139E-08, 1, 0>
[portal] 'Portal_1' facing=False onScreen=True -> off near=3.65 size=(1024, 1024) camQ=<1136.0312, 266.57272, 27.010841> inO=<-592, 224, 80> inF=<-1, -8.742278E-08, 0>
[lb]hitch EXTERNAL] 49.8ms (2 dropped @60Hz) (med 6.9, ×7.2) — rest-dominated, game-side quiet — OS/compositor/driver | proc 5.8 rcpu 0.6 gpu 0.6 rest 43.4 | alloc 48KB | ticks 3, remote.ents 22 | watchdog: 16/31 samples in 'bot.path'[0m
[lb]hitch]   gpu: draws 243, pipeline compiles +0, vram 3493MB[0m
[lb]hitch]   prev: 6.9 6.9 6.9 6.9 6.9 6.9 6.9 6.9[0m
[lb]hitch CPU-LOGIC] 19.5ms (med 6.9, ×2.8) — ng.process 43.5ms (typ 5.8ms, 7× over) | proc 19.5 rcpu 0.7 gpu 0.6 rest 0.0 | alloc 193KB | ticks 2, remote.ents 22 | watchdog: 12/24 samples in 'bot.strategy'[0m
[lb]hitch EXTERNAL] 40.8ms (1 dropped @60Hz) (med 6.9, ×5.9) — rest-dominated, game-side quiet — OS/compositor/driver | proc 4.9 rcpu 0.7 gpu 0.6 rest 35.2 | alloc 48KB | ticks 3, remote.ents 22 | watchdog: 12/27 samples in 'bot.strategy'[0m
[lb]hitch VSYNC/PRESENT] 17.4ms (med 6.9, ×2.5) — present/vsync-bound (rest 13.6ms, gpu 0.6ms) | proc 3.2 rcpu 0.6 gpu 0.6 rest 13.6 | alloc 40KB | ticks 1, remote.ents 22[0m
[lb]frameprofile] scene: nodes 2876 objs-drawn 1805 draws 244 vram 3493MB[0m
[lb]frameprofile] census: Label 876  HBoxContainer 218  Control 157  Dependent 113  Button 110  CvarCheckBox 104  VBoxContainer 78  HSlider 62  CvarSlider 58  MarginContainer 52[0m
[lb]frameprofile] 647 frames: p50 6.9 p95 10.6 p99 29.1 p99.9 51.1ms (max 83.3) | 4 EXTERNAL, 2 ASSET-BUILD, 1 PIPELINE-COMPILE, 1 GC-PAUSE, 10 VSYNC/PRESENT, 6 CPU-LOGIC, 1 MIXED | alloc 6MB/s heap 939.5MB | proc 2.5 gpu 0.6[0m
[lb]frameprofile] ms/frame: ng.process 1.5  server.tick 1.1  sim.move 0.7  proc:other 0.7  move.in 0.5  bot.think 0.5  bot.strategy 0.4  net.send 0.2  move.pm 0.2  bot.path 0.2[0m
[portal] 'Portal_0' facing=True onScreen=False -> off near=25.97 size=(1024, 1024) camQ=<1282.2654, 240.03125, 27.010841> inO=<1216, 208, 32> inF=<-4.371139E-08, 1, 0>
[portal] 'Portal_1' facing=False onScreen=False -> off near=3.65 size=(1024, 1024) camQ=<1282.2654, 240.03125, 27.010841> inO=<-592, 224, 80> inF=<-1, -8.742278E-08, 0>
[lb]hitch VSYNC/PRESENT ×2] 17.4–90.0ms over 0.9s (med 6.9) — present/vsync-bound (rest 13.6ms, gpu 0.6ms)[0m
[lb]hitch EXTERNAL] 50.0ms (2 dropped @60Hz) (med 6.9, ×7.2) — rest-dominated, game-side quiet — OS/compositor/driver | proc 3.4 rcpu 0.6 gpu 0.8 rest 46.0 | alloc 40KB | ticks 3, remote.ents 22 | watchdog: 20/24 samples in 'bot.path'[0m
[lb]hitch]   gpu: draws 245, pipeline compiles +0, vram 3493MB[0m
[lb]hitch]   prev: 7.1 7.1 7.1 7.1 7.1 7.1 7.1 90.0[0m
[lb]hitch VSYNC/PRESENT] 16.7ms (med 6.9, ×2.4) — present/vsync-bound (rest 13.0ms, gpu 0.8ms) | proc 3.0 rcpu 0.7 gpu 0.8 rest 13.0 | alloc 162KB | ticks 3, remote.ents 22 | watchdog: 3/3 samples in '(unscoped)'[0m
[wzview] predicted warp apply -> <14.024994, 1.0498118, 0> (ring rotated)
[wz] cross client=True 'player' o <1196.8175, 204.47864, -7.9891586>-><-595.52136, 243.1825, 40.01084> v <-355.60477, -243.15091, 0>-><-243.15092, 355.60474, 0> a <14.024994, 1.0498118, 0>-><14.024994, -88.950195, 0> | in o=<1216, 208, 32> f=<-4.371139E-08, 1, 0> | out o=<-592, 224, 80> f=<-1, -8.742278E-08, 0>
[wzview] authoritative snap -> <14.024994, -88.950195, 0>
[lb]hitch MIXED] 14.1ms (med 6.9, ×2.0) — mixed — stream.build 3.5ms | proc 6.0 rcpu 0.4 gpu 0.9 rest 7.7 | alloc 176KB | ticks 1, remote.ents 20 | watchdog: 5/10 samples in 'iqm.mesh'[0m
[lb]hitch EXTERNAL] 81.5ms (4 dropped @60Hz) (med 6.9, ×11.7) — rest-dominated, game-side quiet — OS/compositor/driver | proc 4.9 rcpu 0.5 gpu 1.0 rest 76.0 | alloc 48KB | ticks 3, remote.ents 21 | watchdog: 24/54 samples in 'bot.strategy'[0m
[lb]hitch CPU-LOGIC] 16.7ms (med 6.9, ×2.4) — ng.process 41.4ms (typ 7.3ms, 6× over) | proc 16.7 rcpu 0.6 gpu 1.0 rest 0.0 | alloc 64KB | ticks 3, remote.ents 21 | watchdog: 22/24 samples in 'bot.path'[0m
[lb]hitch]   gpu: draws 367, pipeline compiles +0, vram 3496MB[0m
[lb]hitch]   prev: 6.9 6.9 6.9 6.9 6.9 6.9 6.9 81.5[0m
[lb]hitch EXTERNAL] 50.0ms (2 dropped @60Hz) (med 6.9, ×7.2) — rest-dominated, game-side quiet — OS/compositor/driver | proc 4.1 rcpu 0.5 gpu 1.0 rest 45.4 | alloc 149KB | ticks 3, remote.ents 21 | watchdog: 22/28 samples in 'bot.path'[0m
[portal] 'Portal_0' facing=True onScreen=False -> off near=153.80 size=(384, 384) camQ=<-638.9509, 365.0304, 64.57015> inO=<1216, 208, 32> inF=<-4.371139E-08, 1, 0>
[portal] 'Portal_1' facing=True onScreen=True -> RENDER near=47.39 size=(1024, 1024) camQ=<-638.9509, 365.0304, 64.57015> inO=<-592, 224, 80> inF=<-1, -8.742278E-08, 0>
[lb]hitch VSYNC/PRESENT] 16.9ms (med 6.9, ×2.4) — present/vsync-bound (rest 12.8ms, gpu 1.0ms) | proc 3.7 rcpu 0.5 gpu 1.0 rest 12.8 | alloc 40KB | ticks 1, remote.ents 21 | watchdog: 4/8 samples in 'bot.path'[0m
[lb]hitch]   gpu: draws 394, pipeline compiles +0, vram 3408MB[0m
[lb]hitch]   prev: 7.1 7.1 7.1 7.1 7.1 7.1 7.1 7.1[0m
[lb]hitch EXTERNAL] 88.6ms (4 dropped @60Hz) (med 6.9, ×12.8) — rest-dominated, game-side quiet — OS/compositor/driver | proc 6.4 rcpu 0.6 gpu 1.0 rest 81.7 | alloc 48KB | ticks 3, remote.ents 21 | watchdog: 26/55 samples in 'bot.strategy'[0m
[lb]hitch VSYNC/PRESENT] 20.3ms (med 6.9, ×2.9) — present/vsync-bound (rest 15.9ms, gpu 1.0ms) | proc 4.0 rcpu 0.5 gpu 1.0 rest 15.9 | alloc 48KB | ticks 3, remote.ents 21 | watchdog: 4/4 samples in '(unscoped)'[0m
[lb]hitch EXTERNAL] 86.9ms (4 dropped @60Hz) (med 6.9, ×12.5) — rest-dominated, game-side quiet — OS/compositor/driver | proc 4.3 rcpu 0.5 gpu 1.1 rest 82.0 | alloc 48KB | ticks 3, remote.ents 21 | watchdog: 32/50 samples in 'bot.path'[0m
[wzview] predicted warp apply -> <14.625, 19.724789, 0> (ring rotated)
[wz] cross client=True 'player' o <-590.72406, 191.98961, 40.03125>-><1248.0104, 209.27594, -7.96875> v <416.31528, -124.11106, 0>-><124.111084, 416.31528, 0> a <14.624992, -70.27521, 0>-><14.625, 19.724789, 0> | in o=<-592, 224, 80> f=<-1, -8.742278E-08, 0> | out o=<1216, 208, 32> f=<-4.371139E-08, 1, 0>
[wzview] authoritative skip (predicted already applied) -> <14.625, 19.724789, 0>
[lb]hitch VSYNC/PRESENT] 13.4ms (med 6.9, ×1.9) — present/vsync-bound (rest 10.5ms, gpu 0.9ms) | proc 2.5 rcpu 0.4 gpu 0.9 rest 10.5 | alloc 16KB | ticks 1, remote.ents 7 | watchdog: 4/5 samples in '(unscoped)'[0m
[portal] 'Portal_0' facing=True onScreen=False -> off near=31.67 size=(1024, 1024) camQ=<1249.3252, 308.0947, 27.03125> inO=<1216, 208, 32> inF=<-4.371139E-08, 1, 0>
[portal] 'Portal_1' facing=False onScreen=False -> off near=4.43 size=(1024, 1024) camQ=<1249.3252, 308.0947, 27.03125> inO=<-592, 224, 80> inF=<-1, -8.742278E-08, 0>
[lb]hitch CPU-LOGIC] 80.5ms (4 dropped @60Hz) (med 6.9, ×11.6) — ng.process 76.7ms (typ 9.4ms, 8× over) | proc 78.9 rcpu 0.5 gpu 1.0 rest 1.1 | alloc 48KB | ticks 3, remote.ents 22 | watchdog: 24/46 samples in 'bot.path'[0m
[lb]hitch]   gpu: draws 180, pipeline compiles +0, vram 3495MB[0m
[lb]hitch]   prev: 6.3 6.3 6.3 6.6 6.4 6.7 6.7 6.7[0m
[lb]hitch EXTERNAL] 84.0ms (4 dropped @60Hz) (med 6.9, ×12.1) — rest-dominated, game-side quiet — OS/compositor/driver | proc 4.5 rcpu 0.6 gpu 1.0 rest 78.9 | alloc 163KB | ticks 3, remote.ents 22 | watchdog: 24/50 samples in 'bot.path'[0m
[lb]hitch CPU-LOGIC] 16.7ms (med 6.9, ×2.4) — cev.process 6.4ms (typ 0.4ms, 15× over) | proc 9.8 rcpu 0.6 gpu 1.0 rest 6.3 | alloc 570KB | ticks 3, remote.ents 37 | watchdog: 2/3 samples in 'cev.process'[0m
[lb]hitch EXTERNAL] 50.0ms (2 dropped @60Hz) (med 6.9, ×7.2) — rest-dominated, game-side quiet — OS/compositor/driver | proc 3.7 rcpu 0.5 gpu 3.5 rest 45.8 | alloc 48KB | ticks 3, remote.ents 37 | watchdog: 23/30 samples in 'bot.path'[0m
[lb]hitch VSYNC/PRESENT] 16.7ms (med 6.9, ×2.4) — present/vsync-bound (rest 13.1ms, gpu 2.0ms) | proc 3.0 rcpu 0.6 gpu 2.0 rest 13.1 | alloc 48KB | ticks 2, remote.ents 37 | watchdog: 3/3 samples in '(unscoped)'[0m
[portal] 'Portal_0' facing=True onScreen=True -> RENDER near=60.05 size=(768, 768) camQ=<1188.4205, 265.16452, 27.03125> inO=<1216, 208, 32> inF=<-4.371139E-08, 1, 0>
[portal] 'Portal_1' facing=False onScreen=False -> off near=4.43 size=(1024, 1024) camQ=<1188.4205, 265.16452, 27.03125> inO=<-592, 224, 80> inF=<-1, -8.742278E-08, 0>
[wzview] predicted warp apply -> <8.850006, -173.85019, 0> (ring rotated)
[wz] cross client=True 'player' o <1194.2172, 206.72296, -7.96875>-><-593.27704, 245.78284, 40.03125> v <36.75425, -358.12347, 0>-><-358.12347, -36.754265, 0> a <8.850008, -83.850204, 0>-><8.850006, -173.85019, 0> | in o=<1216, 208, 32> f=<-4.371139E-08, 1, 0> | out o=<-592, 224, 80> f=<-1, -8.742278E-08, 0>
[wzview] authoritative skip (predicted already applied) -> <8.850006, -173.85019, 0>
[lb]hitch VSYNC/PRESENT] 16.7ms (med 7.1, ×2.3) — present/vsync-bound (rest 10.1ms, gpu 0.7ms) | proc 6.1 rcpu 0.4 gpu 0.7 rest 10.1 | alloc 160KB | ticks 1, remote.ents 20 | watchdog: 4/7 samples in '(unscoped)'[0m
[lb]hitch]   gpu: draws 388, pipeline compiles +0, vram 3450MB[0m
[lb]hitch]   events: [lb]-1f] anim cache HIT models/player/ignismasked.iqm; [lb]-1f] anim cache HIT models/player/ignismasked.iqm; [lb]-1f] anim cache HIT models/player/erebus.iqm; [lb]-1f] anim cache HIT models/player/gakmasked.iqm; stream: player model models/player/ignismasked.iqm (parse) built (0.0ms); stream: player model models/player/ignismasked.iqm (parse) built (0.0ms); stream: player model models/player/erebus.iqm (parse) built (0.0ms); stream: player model models/player/gakmasked.iqm (parse) built (0.0ms); stream: player model models/player/ignismasked.iqm tex textures/ignisfullbright built (0.0ms); stream: player model models/player/ignismasked.iqm tex textures/ignisfullbright_norm built (0.0ms); stream: player model models/player/ignismasked.iqm tex textures/ignisfullbright_gloss built (0.0ms); stream: player model models/player/ignismasked.iqm tex textures/ignisfullbright_glow built (0.0ms); stream: player model models/player/ignismasked.iqm tex textures/ignisfullbright_reflect built (0.0ms); stream: player model models/player/ignismasked.iqm tex textures/ignisfullbright_shirt built (0.0ms); stream: player model models/player/ignismasked.iqm tex textures/ignisfullbright_pants built (0.0ms); stream: player model models/player/ignismasked.iqm tex textures/ignisheadfb built (0.0ms); stream: player model models/player/ignismasked.iqm tex textures/ignisheadfb_norm built (0.0ms); stream: player model models/player/ignismasked.iqm tex textures/ignisheadfb_gloss built (0.0ms); stream: player model models/player/ignismasked.iqm tex textures/ignisheadfb_glow built (0.0ms); stream: player model models/player/ignismasked.iqm tex textures/ignisheadfb_reflect built (0.0ms); stream: player model models/player/ignismasked.iqm tex textures/ignisheadfb_shirt built (0.0ms); stream: player model models/player/ignismasked.iqm tex textures/ignisheadfb_pants built (1.7ms); stream: player model models/player/ignismasked.iqm tex textures/ignisfullbright built (0.0ms); stream: player model models/player/ignismasked.iqm tex textures/ignisfullbright_norm built (0.0ms); stream: player model models/player/ignismasked.iqm tex textures/ignisfullbright_gloss built (0.0ms); stream: player model models/player/ignismasked.iqm tex textures/ignisfullbright_glow built (0.0ms); stream: player model models/player/ignismasked.iqm tex textures/ignisfullbright_reflect built (0.0ms); stream: player model models/player/ignismasked.iqm tex textures/ignisfullbright_shirt built (0.0ms); stream: player model models/player/ignismasked.iqm tex textures/ignisfullbright_pants built (0.0ms); stream: player model models/player/ignismasked.iqm tex textures/ignisheadfb built (0.0ms); stream: player model models/player/ignismasked.iqm tex textures/ignisheadfb_norm built (0.0ms); stream: player model models/player/ignismasked.iqm tex textures/ignisheadfb_gloss built (0.0ms); stream: player model models/player/ignismasked.iqm tex textures/ignisheadfb_glow built (0.0ms); stream: player model models/player/ignismasked.iqm tex textures/ignisheadfb_reflect built (0.0ms); stream: player model models/player/ignismasked.iqm tex textures/ignisheadfb_shirt built (0.0ms); stream: player model models/player/ignismasked.iqm tex textures/ignisheadfb_pants built (2.1ms)[0m
[lb]hitch]   prev: 6.9 6.9 7.3 6.7 6.9 6.9 8.0 6.9[0m
[lb]hitch PIPELINE-COMPILE] 22.2ms (med 7.1, ×3.1) — 1 pipeline compile(s) — SYNC[lb]surface+0 draw+0] async[lb]mesh+0 spec+1] canvas+0 | proc 3.6 rcpu 0.5 gpu 0.7 rest 18.1 | alloc 91KB | ticks 1, remote.ents 22 | watchdog: 3/10 samples in 'bot.path'[0m
[lb]hitch VSYNC/PRESENT] 16.7ms (med 7.1, ×2.3) — present/vsync-bound (rest 12.8ms, gpu 0.7ms) | proc 3.4 rcpu 0.5 gpu 0.7 rest 12.8 | alloc 48KB | ticks 2, remote.ents 22[0m
[lb]hitch CPU-LOGIC] 16.1ms (med 7.1, ×2.3) — ng.process 26.7ms (typ 2.9ms, 9× over) | proc 16.1 rcpu 0.7 gpu 0.7 rest 0.0 | alloc 40KB | ticks 1, remote.ents 22 | watchdog: 13/15 samples in 'bot.strategy'[0m
[lb]hitch VSYNC/PRESENT] 16.7ms (med 7.1, ×2.3) — present/vsync-bound (rest 12.2ms, gpu 0.7ms) | proc 3.8 rcpu 0.6 gpu 0.7 rest 12.2 | alloc 48KB | ticks 1, remote.ents 22 | watchdog: 13/18 samples in 'bot.strategy'[0m
[lb]hitch VSYNC/PRESENT ×3] 14.5–16.7ms over 0.0s (med 6.9) — present/vsync-bound (rest 12.2ms, gpu 0.7ms)[0m
[lb]hitch EXTERNAL] 38.2ms (1 dropped @60Hz) (med 6.9, ×5.5) — rest-dominated, game-side quiet — OS/compositor/driver | proc 3.6 rcpu 1.0 gpu 0.7 rest 33.6 | alloc 40KB | ticks 2, remote.ents 21 | watchdog: 8/16 samples in 'bot.path'[0m
[lb]hitch]   gpu: draws 224, pipeline compiles +0, vram 3451MB[0m
[lb]hitch]   prev: 6.9 6.5 6.9 6.9 6.9 6.9 6.9 6.9[0m
[lb]hitch VSYNC/PRESENT] 16.7ms (med 6.9, ×2.4) — present/vsync-bound (rest 13.2ms, gpu 0.7ms) | proc 2.8 rcpu 0.6 gpu 0.7 rest 13.2 | alloc 175KB | ticks 2, remote.ents 21[0m
[portal] 'Portal_0' facing=True onScreen=False -> off near=38.28 size=(768, 768) camQ=<-614.6654, 243.96463, 75.01196> inO=<1216, 208, 32> inF=<-4.371139E-08, 1, 0>
[portal] 'Portal_1' facing=True onScreen=False -> off near=18.57 size=(1024, 1024) camQ=<-614.6654, 243.96463, 75.01196> inO=<-592, 224, 80> inF=<-1, -8.742278E-08, 0>
[wzview] predicted warp apply -> <8.925018, -83.700195, 0> (ring rotated)
[wz] cross client=True 'player' o <-586.7462, 248.45764, 40.01196>-><1191.5424, 213.25378, -7.988037> v <305.52313, 138.13202, 0>-><-138.132, 305.52313, 0> a <8.925018, -83.700195, 0>-><8.925018, 6.299799, 0> | in o=<-592, 224, 80> f=<-1, -8.742278E-08, 0> | out o=<1216, 208, 32> f=<-4.371139E-08, 1, 0>
[wzview] authoritative snap -> <8.925018, 6.299799, 0>
[lb]hitch EXTERNAL] 41.6ms (1 dropped @60Hz) (med 6.7, ×6.2) — rest-dominated, game-side quiet — OS/compositor/driver | proc 3.3 rcpu 0.4 gpu 0.6 rest 37.9 | alloc 40KB | ticks 3, remote.ents 22 | watchdog: 15/23 samples in 'bot.strategy'[0m
[lb]hitch]   gpu: draws 306, pipeline compiles +0, vram 3493MB[0m
[lb]hitch]   prev: 6.9 6.9 6.6 6.9 6.9 6.9 6.9 6.9[0m
[lb]hitch VSYNC/PRESENT] 16.7ms (med 6.8, ×2.4) — present/vsync-bound (rest 14.1ms, gpu 0.6ms) | proc 2.1 rcpu 0.4 gpu 0.6 rest 14.1 | alloc 189KB | ticks 1, remote.ents 22[0m
[lb]frameprofile] scene: nodes 2897 objs-drawn 1853 draws 306 vram 3494MB[0m
[lb]frameprofile] census: Label 876  HBoxContainer 218  Control 157  Dependent 113  Button 110  CvarCheckBox 104  VBoxContainer 78  HSlider 62  CvarSlider 58  MarginContainer 52[0m
[lb]frameprofile] 602 frames: p50 6.9 p95 12.4 p99 50.1 p99.9 88.6ms (max 90.0) | 9 EXTERNAL, 1 PIPELINE-COMPILE, 15 VSYNC/PRESENT, 4 CPU-LOGIC, 1 MIXED | alloc 6MB/s heap 936.7MB | proc 1.5 gpu 1.5[0m
[lb]frameprofile] ms/frame: ng.process 2.3  server.tick 1.9  sim.move 1.5  move.in 1.3  bot.think 1.3  bot.strategy 1.2  bot.path 0.6  proc:other 0.6  cw.process 0.5  cw.players 0.4[0m
[lb]hitch VSYNC/PRESENT ×3] 14.7–16.7ms over 0.1s (med 6.9) — present/vsync-bound (rest 14.1ms, gpu 0.6ms)[0m
[lb]hitch PIPELINE-COMPILE] 26.9ms (1 dropped @60Hz) (med 6.9, ×3.9) — 1 pipeline compile(s) — SYNC[lb]surface+0 draw+0] async[lb]mesh+0 spec+0] canvas+1 | proc 2.9 rcpu 0.4 gpu 0.8 rest 23.6 | alloc 40KB | ticks 2, remote.ents 23 | watchdog: 3/3 samples in '(unscoped)'[0m
[lb]hitch VSYNC/PRESENT] 16.7ms (med 6.9, ×2.4) — present/vsync-bound (rest 12.5ms, gpu 0.8ms) | proc 3.3 rcpu 0.9 gpu 0.8 rest 12.5 | alloc 56KB | ticks 2, remote.ents 23 | watchdog: 4/4 samples in '(unscoped)'[0m
[portal] 'Portal_0' facing=True onScreen=True -> RENDER near=32.50 size=(1024, 1024) camQ=<1136.0312, 240.00267, 27.011963> inO=<1216, 208, 32> inF=<-4.371139E-08, 1, 0>
[portal] 'Portal_1' facing=False onScreen=False -> off near=4.08 size=(1024, 1024) camQ=<1136.0312, 240.00267, 27.011963> inO=<-592, 224, 80> inF=<-1, -8.742278E-08, 0>
[portal] 'Portal_0' facing=True onScreen=True -> RENDER near=32.50 size=(1024, 1024) camQ=<1136.0312, 240.00267, 27.011963> inO=<1216, 208, 32> inF=<-4.371139E-08, 1, 0>
[portal] 'Portal_1' facing=False onScreen=False -> off near=4.08 size=(1024, 1024) camQ=<1136.0312, 240.00267, 27.011963> inO=<-592, 224, 80> inF=<-1, -8.742278E-08, 0>
[lb]hitch VSYNC/PRESENT ×3] 13.2–16.7ms over 0.8s (med 6.9) — present/vsync-bound (rest 12.5ms, gpu 0.8ms)[0m
=== frame profiler session summary (38s, 2446 frames) ===[0m
  fps: avg 111.0  1%low 11  0.1%low 7  (median 6.9ms, worst 150.0ms)[0m
  hitches: 78 total — 16 EXTERNAL, 3 ASSET-BUILD, 5 PIPELINE-COMPILE, 2 GC-PAUSE, 38 VSYNC/PRESENT, 12 CPU-LOGIC, 2 MIXED[0m
    worst[lb]1]: 133.3ms PIPELINE-COMPILE (ng.process) @ t=21.5s[0m
    worst[lb]2]: 119.4ms CPU-LOGIC (ng.process) @ t=21.5s[0m
    worst[lb]3]: 101.7ms ASSET-BUILD (iqm.anims) @ t=26.0s[0m
    worst[lb]4]: 100.8ms EXTERNAL (ng.process) @ t=23.3s[0m
    worst[lb]5]: 90.0ms VSYNC/PRESENT (ng.process) @ t=31.4s[0m
  gc: g0+89 g1+57 g2+34, total pause 256ms[0m
  alloc: 2.8GB total, 5MB/s recent, peak 433.9MB in one frame @ t=5.8s, heap 939.0MB[0m
