Godot Engine v4.6.3.stable.mono.official.7d41c59c4 - https://godotengine.org
Vulkan 1.4.341 - Forward+ - Using Device #0: NVIDIA - NVIDIA GeForce RTX 3080

[lb]frameprofiler] env: managed-debugger=False godot-context=debug csharp=Debug vsync=Enabled maxfps=0[0m
=== XonoticGodot boot ===[0m
Weapons:   24[0m
Items:     19[0m
Mutators:  41[0m
GameTypes: 20[0m
[lb]MenuState] config: 6462 cvars from 25 cfg files (374 aliases, 0 missing).[0m
[lb]video] vid_vsync 0 → requested Disabled, actual Disabled[0m
[lb]Shell] hosting listen server: gametype=dm map=stormkeep bots=3 skill=0 timelimit=0 fraglimit=0[0m
[AssetSystem] loaded 2439 shaders from 185 scripts.
[NetTransport.Server] listening on UDP 26000 (max 16).
[ServerNet] LAN discovery: answering getinfo on UDP 26001 (game port 26000).
[NetTransport.Client] connecting to 127.0.0.1:26000 …
[EffectSystem] effectinfo: 301 effects, particlefont atlas: loaded, style overlay: 0 effects
[Particles] backend=original (cl_particles_modern=0)
[MapLoader] 'stormkeep' materials: lightmapped=35 vertexLit=3 plain=10 glow=4 normalMapped=34 (deluxe=True, internalPages=0, atlas=1p, cells=31, surfaces=388)
[DecalSplats] geometry: 106027 render triangles, 502 grid cells
[Skybox] loaded 'env/extragalactic/asteroids'.
[NetGame] map music: 'cdtracks/track005' (from mapinfo/worldspawn)
[NetGame] precached 24 weapon models, skipped 0 (lazy), 24 muzzle tags.
[NetGame] precached 36 combat sounds, 1 player models.
[NetGame] listen server on 127.0.0.1:26000 (map 'stormkeep', dm, 3 bots) — self-connecting.
[ServerNet] peer 2103793690 connected (awaiting handshake).
[ServerNet] peer 2103793690 accepted as 'player' (netId 2103793690, id 8c6a8a56).
[ClientNet] handshake accepted by 'Xonotic  Server': netId 1, tickrate 72 Hz.
[NetGame] handshake accepted by 'Xonotic  Server': netId 1.
[lb]hitch] 34.8ms (med 19.0) | proc 34.8 rcpu 1.0 gpu 0.8 phys 0.1 rest 0.0 | alloc 22001KB | top: stream.build 44.6ms, iqm.materials 24.8ms, iqm.mesh 19.4ms | ticks 3[0m
[lb]hitch]   scopes: stream.build 44.6ms/302KB, iqm.materials 24.8ms/5KB, iqm.mesh 19.4ms/287KB, proc:other 9.2ms, ng.process 1.3ms/48KB, server.tick 0.4ms/17KB, iqm.skeleton 0.2ms/9KB, net.send 0.2ms/17KB, md3.morph 0.2ms, entitynode 0.1ms, sim.start 0.1ms, start.hooks 0.1ms[0m
[lb]hitch]   gpu: draws 381, pipeline compiles +0, vram 2098MB[0m
[lb]hitch]   events: [lb]-7f] stream: idle-warm models/player/seraphina.iqm tex seraphina built (9.1ms); [lb]-1f] stream: idle-warm models/player/umbra.iqm tex umbrafullbright built (32.2ms); stream: idle-warm models/player/pyria.iqm tex pyriafullbright built (44.6ms)[0m
[lb]hitch]   prev: 11.1 11.1 11.1 11.1 11.1 10.6 10.6 10.9[0m
[lb]hitch] 64.4ms (med 19.4) | proc 21.3 rcpu 0.8 gpu 0.8 phys 0.1 rest 42.3 | alloc 2414KB | top: proc:other 31.9ms, stream.build 13.5ms, iqm.materials 10.2ms | ticks 4[0m
[IdleWarmer] asset warm queue drained — full asset set is hot.
[lb]bots] waypoints for 'stormkeep': nodes=99 (file=loaded, cache=yes)[0m
[lb]hitch] 65.9ms (med 6.7) | proc 23.1 rcpu 0.8 gpu 1.4 phys 0.0 rest 42.0 | alloc 5661KB | top: ng.process 13.7ms, server.tick 11.7ms, sim.move 10.5ms | ticks 4[0m
[lb]hitch]   scopes: ng.process 13.7ms/72KB, server.tick 11.7ms/49KB, sim.move 10.5ms/19KB, move.in 10.0ms/18KB, bot.think 10.0ms/17KB, bot.path 9.3ms, iqm.mesh 2.6ms/725KB, cw.process 0.7ms/1KB, net.send 0.6ms/4KB, sim.start 0.5ms/26KB, start.bots 0.5ms/26KB, move.pm 0.4ms[0m
[lb]hitch]   gpu: draws 440, pipeline compiles +3 (uber +1, spec/draw +2), vram 2458MB[0m
[lb]hitch]   prev: 9.2 9.4 11.3 8.3 8.3 8.3 8.3 8.3[0m
[lb]hitch] 36.4ms (med 6.7) | proc 7.4 rcpu 1.1 gpu 1.4 phys 0.0 rest 27.9 | GC g0+1 g1+1 g2+0 | alloc 2923KB | top: proc:other 20.3ms, ng.process 2.0ms, server.tick 0.9ms | ticks 3[0m
[lb]hitch] 20.9ms (med 6.7) | proc 6.1 rcpu 1.0 gpu 1.4 phys 0.0 rest 13.7 | alloc 287KB | top: proc:other 5.8ms, ng.process 1.2ms, server.tick 0.7ms | ticks 2[0m
[lb]hitch] 15.2ms (med 6.7) | proc 5.7 rcpu 0.9 gpu 1.4 phys 0.0 rest 8.6 | alloc 119KB | top: ng.process 0.9ms, server.tick 0.5ms, proc:other 0.2ms | ticks 1[0m
[lb]hitch] 16.7ms (med 6.7) | proc 6.0 rcpu 0.9 gpu 1.4 phys 0.0 rest 9.8 | alloc 191KB | top: proc:other 4.1ms, ng.process 1.3ms, server.tick 0.6ms | ticks 1[0m
[lb]hitch] 17.3ms (med 6.7) | proc 8.3 rcpu 2.1 gpu 1.4 phys 0.0 rest 7.0 | alloc 16441KB | top: proc:other 8.3ms, ng.process 1.7ms, server.tick 1.1ms | ticks 1[0m
[lb]hitch] 13.8ms (med 6.7) | proc 8.6 rcpu 1.4 gpu 1.4 phys 0.0 rest 3.7 | alloc 68KB | top: proc:other 6.9ms, ng.process 0.9ms, server.tick 0.6ms | ticks 1[0m
[lb]hitch] 15.0ms (med 6.7) | proc 11.9 rcpu 0.9 gpu 1.4 phys 0.0 rest 2.2 | alloc 56KB | top: proc:other 4.8ms, hud.mgr 2.3ms, ng.process 1.1ms | ticks 2[0m
[lb]hitch] 17.8ms (med 6.7) | proc 5.9 rcpu 1.0 gpu 1.4 phys 0.0 rest 11.0 | alloc 61KB | top: proc:other 10.4ms, ng.process 1.0ms, server.tick 0.7ms | ticks 1[0m
[lb]hitch] 13.9ms (med 6.7) | proc 5.7 rcpu 0.9 gpu 1.4 phys 0.0 rest 7.3 | alloc 55KB | top: proc:other 4.5ms, ng.process 0.9ms, server.tick 0.6ms | ticks 1[0m
[lb]hitch] 13.9ms (med 6.7) | proc 9.9 rcpu 0.9 gpu 2.1 phys 0.0 rest 3.0 | alloc 12473KB | top: proc:other 3.4ms, ng.process 1.6ms, server.tick 1.1ms | ticks 1[0m
[lb]hitch] 14.3ms (med 6.7) | proc 6.8 rcpu 0.9 gpu 1.4 phys 0.0 rest 6.7 | alloc 74779KB | top: proc:other 7.6ms, ng.process 1.7ms, server.tick 1.1ms | ticks 1[0m
[lb]hitch] 13.3ms (med 6.7) | proc 5.4 rcpu 1.8 gpu 1.4 phys 0.0 rest 6.2 | alloc 57KB | top: proc:other 5.4ms, ng.process 1.0ms, server.tick 0.6ms | ticks 1[0m
[lb]hitch] 13.6ms (med 6.7) | proc 5.8 rcpu 0.8 gpu 1.4 phys 0.0 rest 7.0 | alloc 63KB | top: proc:other 4.0ms, ng.process 1.1ms, server.tick 0.7ms | ticks 1[0m
[lb]hitch] 12.5ms (med 6.7) | proc 6.2 rcpu 0.9 gpu 1.4 phys 0.0 rest 5.4 | alloc 127KB | top: proc:other 4.1ms, ng.process 1.4ms, server.tick 0.6ms | ticks 1[0m
[lb]hitch] 13.3ms (med 6.7) | proc 6.2 rcpu 0.9 gpu 1.4 phys 0.0 rest 6.2 | alloc 153KB | top: proc:other 4.3ms, ng.process 1.6ms, server.tick 0.6ms | ticks 1[0m
[lb]hitch] 13.3ms (med 6.7) | proc 6.1 rcpu 1.0 gpu 1.4 phys 0.0 rest 6.2 | alloc 57KB | top: proc:other 4.8ms, ng.process 1.0ms, server.tick 0.6ms | ticks 1[0m
[lb]hitch] 13.3ms (med 6.7) | proc 11.1 rcpu 0.8 gpu 1.4 phys 0.0 rest 1.4 | alloc 1877KB | top: proc:other 4.4ms, ng.process 0.8ms, server.tick 0.6ms | ticks 1[0m
[lb]hitch] 14.7ms (med 6.7) | proc 6.3 rcpu 0.9 gpu 1.4 phys 0.0 rest 7.4 | GC g0+1 g1+1 g2+1 | alloc 72570KB | top: proc:other 9.4ms, ng.process 1.2ms, server.tick 0.8ms | ticks 1[0m
[lb]hitch] 13.6ms (med 6.7) | proc 6.9 rcpu 2.6 gpu 1.4 phys 0.0 rest 4.1 | alloc 69KB | top: proc:other 4.7ms, ng.process 1.1ms, server.tick 0.8ms | ticks 1[0m
[lb]hitch] 13.6ms (med 6.7) | proc 5.9 rcpu 0.9 gpu 1.4 phys 0.0 rest 6.9 | alloc 52KB | top: proc:other 5.4ms, ng.process 1.0ms, server.tick 0.7ms | ticks 1[0m
[lb]hitch] 13.6ms (med 6.7) | proc 5.8 rcpu 0.9 gpu 1.4 phys 0.0 rest 6.9 | alloc 73KB | top: proc:other 4.4ms, ng.process 1.0ms, server.tick 0.6ms | ticks 1[0m
[lb]hitch]   scopes: proc:other 4.4ms, ng.process 1.0ms/6KB, server.tick 0.6ms/1KB, sim.move 0.3ms, move.pm 0.2ms, net.send 0.2ms, md3.morph 0.2ms, entitynode 0.1ms, cw.process 0.1ms, sim.start 0.1ms, cw.csqc 0.1ms[0m
[lb]hitch]   gpu: draws 374, pipeline compiles +0, vram 2470MB[0m
[lb]hitch]   prev: 13.6 12.5 13.3 13.3 13.3 14.7 13.6 13.6[0m
[lb]hitch] 13.6ms (med 6.7) | proc 8.0 rcpu 0.9 gpu 1.4 phys 0.0 rest 4.8 | alloc 18585KB | top: proc:other 4.1ms, ng.process 1.3ms, server.tick 0.9ms | ticks 1[0m
[lb]hitch] 13.6ms (med 6.7) | proc 8.1 rcpu 0.8 gpu 1.4 phys 0.0 rest 4.7 | GC g0+1 g1+0 g2+0 | alloc 59KB | top: proc:other 4.2ms, ng.process 1.8ms, md3.morph 1.7ms | ticks 1[0m
[lb]hitch] 13.6ms (med 6.7) | proc 7.2 rcpu 0.8 gpu 1.4 phys 0.0 rest 5.6 | alloc 59786KB | top: proc:other 5.2ms, ng.process 2.3ms, server.tick 1.3ms | ticks 1[0m
[lb]hitch] 13.5ms (med 6.7) | proc 5.1 rcpu 2.4 gpu 1.4 phys 0.0 rest 6.0 | alloc 56KB | top: proc:other 6.4ms, ng.process 0.4ms, md3.morph 0.2ms | ticks 0[0m
[lb]hitch] 13.6ms (med 6.7) | proc 6.0 rcpu 1.0 gpu 1.4 phys 0.0 rest 6.6 | alloc 56KB | top: proc:other 3.2ms, ng.process 1.5ms, server.tick 0.6ms | ticks 1[0m
[lb]hitch] 13.3ms (med 6.7) | proc 6.9 rcpu 0.8 gpu 1.4 phys 0.0 rest 5.7 | alloc 65KB | top: proc:other 4.7ms, ng.process 0.9ms, server.tick 0.7ms | ticks 1[0m
[lb]hitch] 13.3ms (med 6.7) | proc 13.3 rcpu 1.0 gpu 1.4 phys 0.0 rest 0.0 | GC g0+1 g1+1 g2+1 | alloc 57298KB | top: stream.build 26.4ms, iqm.materials 20.8ms, proc:other 5.6ms | ticks 1[0m
[lb]hitch] 27.6ms (med 6.7) | proc 10.3 rcpu 1.0 gpu 2.1 phys 0.0 rest 16.3 | alloc 79KB | top: proc:other 7.5ms, cw.process 4.1ms, cw.players 3.9ms | ticks 2[0m
[lb]hitch] 16.7ms (med 6.7) | proc 6.2 rcpu 0.9 gpu 1.4 phys 0.0 rest 9.5 | alloc 59KB | top: proc:other 8.4ms, ng.process 1.2ms, server.tick 1.0ms | ticks 2[0m
[lb]hitch] 16.7ms (med 6.7) | proc 5.6 rcpu 0.9 gpu 1.4 phys 0.0 rest 10.1 | alloc 64KB | top: proc:other 4.9ms, ng.process 0.8ms, server.tick 0.6ms | ticks 1[0m
[lb]hitch] 16.7ms (med 6.7) | proc 16.7 rcpu 0.9 gpu 1.4 phys 0.0 rest 0.0 | alloc 94KB | top: stream.build 27.7ms, iqm.materials 27.7ms, proc:other 4.3ms | ticks 1[0m
[lb]hitch] 25.3ms (med 6.7) | proc 9.2 rcpu 1.0 gpu 1.4 phys 0.0 rest 15.0 | alloc 756KB | top: proc:other 14.7ms, stream.build 3.4ms, iqm.mesh 2.4ms | ticks 2[0m
[lb]hitch] 16.7ms (med 6.7) | proc 8.1 rcpu 0.8 gpu 1.4 phys 0.0 rest 7.8 | alloc 72KB | top: proc:other 6.4ms, ng.process 1.3ms, cw.process 1.1ms | ticks 1[0m
[lb]hitch] 16.7ms (med 6.7) | proc 5.9 rcpu 0.8 gpu 1.4 phys 0.0 rest 10.0 | alloc 64KB | top: proc:other 5.8ms, ng.process 1.3ms, cw.process 0.8ms | ticks 1[0m
[lb]hitch] 16.7ms (med 6.7) | proc 5.7 rcpu 0.8 gpu 1.4 phys 0.0 rest 10.1 | alloc 56KB | top: proc:other 3.8ms, ng.process 0.9ms, cw.process 0.9ms | ticks 1[0m
[lb]hitch] 13.0ms (med 6.7) | proc 7.0 rcpu 0.8 gpu 1.4 phys 0.0 rest 5.1 | alloc 56KB | top: proc:other 3.2ms, ng.process 1.2ms, cw.process 1.0ms | ticks 1[0m
[lb]hitch] 12.3ms (med 6.7) | proc 5.7 rcpu 0.8 gpu 1.4 phys 0.0 rest 5.8 | alloc 56KB | top: proc:other 5.4ms, ng.process 0.9ms, cw.process 0.8ms | ticks 1[0m
[lb]hitch] 18.0ms (med 9.7) | proc 9.1 rcpu 1.0 gpu 1.9 phys 0.2 rest 7.9 | alloc 56KB | top: proc:other 9.2ms, ng.process 1.8ms, server.tick 1.5ms | ticks 2[0m
[lb]hitch]   scopes: proc:other 9.2ms, ng.process 1.8ms/4KB, server.tick 1.5ms/1KB, sim.move 1.0ms, cw.process 0.8ms, cw.players 0.7ms, move.in 0.5ms, bot.think 0.5ms, move.pm 0.4ms, net.send 0.2ms, sim.start 0.2ms, md3.morph 0.2ms[0m
[lb]hitch]   gpu: draws 427, pipeline compiles +0, vram 2663MB[0m
[lb]hitch]   prev: 14.8 16.4 13.7 14.4 13.6 13.6 13.6 13.6[0m
[lb]hitch] 19.8ms (med 9.7) | proc 8.7 rcpu 0.9 gpu 1.9 phys 0.2 rest 10.2 | alloc 88KB | top: proc:other 9.1ms, ng.process 1.5ms, server.tick 1.1ms | ticks 1[0m
[lb]hitch] 19.9ms (med 9.1) | proc 7.6 rcpu 1.4 gpu 1.8 phys 0.1 rest 11.0 | alloc 48KB | top: proc:other 9.2ms, ng.process 1.7ms, server.tick 0.8ms | ticks 1[0m
[lb]hitch]   scopes: proc:other 9.2ms, ng.process 1.7ms/4KB, server.tick 0.8ms/1KB, cw.process 0.8ms, cw.players 0.7ms, sim.move 0.4ms, move.pm 0.3ms, net.send 0.2ms, md3.morph 0.1ms, move.in 0.1ms, entitynode 0.1ms, bot.think 0.1ms[0m
[lb]hitch]   gpu: draws 641, pipeline compiles +0, vram 2664MB[0m
[lb]hitch]   prev: 11.7 11.7 11.7 11.7 12.7 12.4 11.9 11.9[0m
[lb]hitch] 18.3ms (med 10.0) | proc 9.4 rcpu 0.9 gpu 2.5 phys 0.2 rest 8.0 | alloc 64KB | top: proc:other 6.6ms, ng.process 2.7ms, server.tick 2.1ms | ticks 1[0m
[lb]hitch]   scopes: proc:other 6.6ms, ng.process 2.7ms/6KB, server.tick 2.1ms/1KB, sim.move 1.7ms, move.in 1.3ms, bot.think 1.3ms, cw.process 1.0ms, cw.players 0.9ms, move.pm 0.3ms, net.send 0.2ms, md3.morph 0.2ms, entitynode 0.1ms[0m
[lb]hitch]   gpu: draws 401, pipeline compiles +0, vram 2665MB[0m
[lb]hitch]   prev: 10.6 10.6 10.6 10.9 10.6 10.6 10.6 10.6[0m
[lb]hitch] 31.6ms (med 10.6) | proc 7.9 rcpu 1.0 gpu 2.5 phys 0.2 rest 22.7 | alloc 56KB | top: proc:other 4.8ms, ng.process 3.2ms, server.tick 2.4ms | ticks 2[0m
[lb]hitch]   scopes: proc:other 4.8ms, ng.process 3.2ms/7KB, server.tick 2.4ms/2KB, sim.move 2.0ms, move.in 1.4ms, bot.think 1.4ms, bot.path 0.9ms, cw.process 0.8ms, cw.players 0.7ms, move.pm 0.6ms, net.send 0.2ms, md3.morph 0.1ms[0m
[lb]hitch]   gpu: draws 372, pipeline compiles +0, vram 2665MB[0m
[lb]hitch]   prev: 9.1 9.1 9.1 9.1 9.1 9.1 9.1 9.1[0m
[lb]hitch] 27.6ms (med 10.0) | proc 7.6 rcpu 1.1 gpu 2.1 phys 0.2 rest 18.9 | alloc 568KB | top: proc:other 10.8ms, ng.process 1.1ms, server.tick 0.8ms | ticks 2[0m
[lb]hitch]   scopes: proc:other 10.8ms, ng.process 1.1ms/5KB, server.tick 0.8ms/2KB, cw.process 0.8ms, cw.players 0.7ms, sim.move 0.4ms, move.pm 0.3ms, net.send 0.2ms, md3.morph 0.1ms, sim.start 0.1ms, entitynode 0.1ms, cw.csqc 0.1ms[0m
[lb]hitch]   gpu: draws 573, pipeline compiles +0, vram 2705MB[0m
[lb]hitch]   prev: 13.7 12.6 13.3 12.5 16.9 12.5 13.0 13.0[0m
Unknown command "f"[0m
[lb]hitch] 20.8ms (med 9.5) | proc 8.6 rcpu 0.8 gpu 2.2 phys 0.4 rest 11.4 | alloc 125KB | top: proc:other 7.3ms, ng.process 2.6ms, server.tick 2.1ms | ticks 1[0m
[lb]hitch]   scopes: proc:other 7.3ms, ng.process 2.6ms/9KB, server.tick 2.1ms/4KB, sim.move 1.7ms/3KB, move.post 1.4ms/3KB, cw.process 0.9ms, cw.players 0.8ms, iqm.mesh 0.4ms/63KB, move.pm 0.3ms, net.send 0.2ms, md3.morph 0.1ms, entitynode 0.1ms[0m
[lb]hitch]   gpu: draws 362, pipeline compiles +0, vram 2712MB[0m
[lb]hitch]   prev: 12.4 9.6 9.5 9.7 9.5 9.5 16.6 11.1[0m
[lb]hitch] 17.2ms (med 9.5) | proc 6.0 rcpu 0.8 gpu 2.2 phys 0.4 rest 10.4 | alloc 72KB | top: proc:other 6.1ms, ng.process 1.3ms, server.tick 0.9ms | ticks 1[0m
[lb]hitch] 30.8ms (med 9.1) | proc 6.3 rcpu 0.7 gpu 2.4 phys 0.2 rest 23.7 | alloc 48KB | top: proc:other 6.6ms, ng.process 1.4ms, server.tick 0.9ms | ticks 2[0m
[lb]hitch]   scopes: proc:other 6.6ms, ng.process 1.4ms/7KB, server.tick 0.9ms/1KB, cw.process 0.8ms, cw.players 0.7ms, sim.move 0.5ms, move.pm 0.4ms, net.send 0.2ms, md3.morph 0.1ms, net.poll 0.1ms, sim.start 0.1ms, entitynode 0.1ms[0m
[lb]hitch]   gpu: draws 280, pipeline compiles +0, vram 2712MB[0m
[lb]hitch]   prev: 9.1 9.1 9.1 9.1 9.1 9.1 9.1 9.1[0m
[lb]hitch] 16.7ms (med 9.1) | proc 6.1 rcpu 0.8 gpu 2.4 phys 0.2 rest 9.8 | alloc 72KB | top: proc:other 4.0ms, ng.process 1.2ms, server.tick 0.9ms | ticks 1[0m
[lb]hitch] 16.7ms (med 9.1) | proc 6.9 rcpu 1.0 gpu 2.4 phys 0.2 rest 8.8 | alloc 48KB | top: proc:other 3.5ms, ng.process 1.5ms, server.tick 1.2ms | ticks 2[0m
ERROR: 1 RID allocations of type 'N10RendererRD14TextureStorage7TextureE' were leaked at exit.
ERROR: Parameter "RenderingServer::get_singleton()" is null.
   at: ~ImageTexture (scene/resources/image_texture.cpp:230)
WARNING: 2 RIDs of type "Texture" were leaked.
   at: finalize (servers/rendering/rendering_device.cpp:7505)
