Godot Engine v4.6.3.stable.mono.official.7d41c59c4 - https://godotengine.org
Vulkan 1.4.341 - Forward+ - Using Device #0: NVIDIA - NVIDIA GeForce RTX 3080

[lb]frameprofiler] env: managed-debugger=False godot-context=debug csharp=Debug vsync=Enabled maxfps=0 refresh=60Hz cpu=24c gpu=NVIDIA GeForce RTX 3080[0m
[lb]frameprofiler] columns: proc=all _Process CPU | rcpu=render-thread submit | gpu=main viewport GPU | rest=present/vsync/stall (ms-proc-rcpu) | alloc=managed garbage/frame | pipe=shader-pipeline compiles[0m
=== XonoticGodot boot ===[0m
Weapons:   27[0m
Items:     21[0m
Mutators:  46[0m
GameTypes: 20[0m
[lb]MenuState] config: 6462 cvars from 25 cfg files (374 aliases, 0 missing).[0m
[lb]shell] --cvar sv_warpzone_trace = "1"[0m
[lb]video] vid_vsync 2 → requested Mailbox, actual Mailbox[0m
[lb]video] cl_maxfps 256 -> Engine.MaxFps 144 (refresh 60Hz)[0m
[lb]video] process priority AboveNormal (sys_priority_boost 1)[0m
[MenuCommand] 'playerstats_update' has no client backend yet (inert).
[lb]Shell] hosting listen server: gametype=dm map=stormkeep bots=0 skill=0 timelimit=0 fraglimit=0[0m
[AssetSystem] loaded 2439 shaders from 185 scripts.
[NetTransport.Server] listening on UDP 26000 (max 16).
[ServerNet] LAN discovery: answering getinfo on UDP 26001 (game port 26000).
[NetTransport.Client] connecting to 127.0.0.1:26000 …
[EffectSystem] effectinfo: 301 effects, particlefont atlas: loaded, style overlay: 0 effects
[Particles] backend=original (cl_particles_modern=0)
[AssetLoader] model 'models/items/buff.md3' read failed: Asset not found in any mount: "models/items/buff.md3".
[AssetLoader] 'models/casing_shell.mdl' is not a known model (magic "IDPO?").
[MapLoader] occluder: 90016 verts / 107956 tris (r_occlusion_cull A/B)
[MapLoader] 'stormkeep' materials: lightmapped=34 vertexLit=3 plain=8 glow=4 normalMapped=34 (deluxe=True, internalPages=0, atlas=1p, cellSize=131072, cells=8, surfaces=188)
[MapLoader] 'stormkeep' portal surfaces: 2 (from 2 faces), pocket decor: 5 (from 5 faces)
[DecalSplats] geometry: 106027 render triangles, 502 grid cells
[Skybox] loaded 'env/extragalactic/asteroids'.
[PortalRenderer] 2 live portal(s)
[portal] 'Portal_0' facing=False onScreen=False -> off near=1.00 size=(512, 384) camQ=<0, -0, 0> inO=<1216, 208, 32> inF=<-4.371139E-08, 1, 0>
[portal] 'Portal_1' facing=False onScreen=False -> off near=1.00 size=(512, 384) camQ=<0, -0, 0> inO=<-592, 224, 80> inF=<-1, -8.742278E-08, 0>
[NetGame] map music: 'cdtracks/track005' (from mapinfo/worldspawn)
[portal] 'Portal_0' facing=False onScreen=False -> off near=1.00 size=(512, 384) camQ=<0, -0, 0> inO=<1216, 208, 32> inF=<-4.371139E-08, 1, 0>
[portal] 'Portal_1' facing=False onScreen=False -> off near=1.00 size=(512, 384) camQ=<0, -0, 0> inO=<-592, 224, 80> inF=<-1, -8.742278E-08, 0>
[portal] 'Portal_0' facing=False onScreen=False -> off near=1.00 size=(512, 384) camQ=<0, -0, 0> inO=<1216, 208, 32> inF=<-4.371139E-08, 1, 0>
[portal] 'Portal_1' facing=False onScreen=False -> off near=1.00 size=(512, 384) camQ=<0, -0, 0> inO=<-592, 224, 80> inF=<-1, -8.742278E-08, 0>
[portal] 'Portal_0' facing=False onScreen=False -> off near=1.00 size=(512, 384) camQ=<0, -0, 0> inO=<1216, 208, 32> inF=<-4.371139E-08, 1, 0>
[portal] 'Portal_1' facing=False onScreen=False -> off near=1.00 size=(512, 384) camQ=<0, -0, 0> inO=<-592, 224, 80> inF=<-1, -8.742278E-08, 0>
[portal] 'Portal_0' facing=False onScreen=False -> off near=1.00 size=(512, 384) camQ=<0, -0, 0> inO=<1216, 208, 32> inF=<-4.371139E-08, 1, 0>
[portal] 'Portal_1' facing=False onScreen=False -> off near=1.00 size=(512, 384) camQ=<0, -0, 0> inO=<-592, 224, 80> inF=<-1, -8.742278E-08, 0>
[NetGame] precached 24 weapon models, skipped 0 (lazy), 24 muzzle tags.
[portal] 'Portal_0' facing=False onScreen=False -> off near=1.00 size=(512, 384) camQ=<0, -0, 0> inO=<1216, 208, 32> inF=<-4.371139E-08, 1, 0>
[portal] 'Portal_1' facing=False onScreen=False -> off near=1.00 size=(512, 384) camQ=<0, -0, 0> inO=<-592, 224, 80> inF=<-1, -8.742278E-08, 0>
[portal] 'Portal_0' facing=False onScreen=False -> off near=1.00 size=(512, 384) camQ=<0, -0, 0> inO=<1216, 208, 32> inF=<-4.371139E-08, 1, 0>
[portal] 'Portal_1' facing=False onScreen=False -> off near=1.00 size=(512, 384) camQ=<0, -0, 0> inO=<-592, 224, 80> inF=<-1, -8.742278E-08, 0>
[portal] 'Portal_0' facing=False onScreen=False -> off near=1.00 size=(512, 384) camQ=<0, -0, 0> inO=<1216, 208, 32> inF=<-4.371139E-08, 1, 0>
[portal] 'Portal_1' facing=False onScreen=False -> off near=1.00 size=(512, 384) camQ=<0, -0, 0> inO=<-592, 224, 80> inF=<-1, -8.742278E-08, 0>
[NetGame] precached 36 combat sounds, 10 player models (rendered for pipeline warm).
[NetGame] listen server on 127.0.0.1:26000 (map 'stormkeep', dm, 0 bots) — self-connecting.
[ServerNet] peer 187310321 connected (awaiting handshake).
[ServerNet] peer 187310321 accepted as 'player' (netId 187310321, id eca648e9).
[ClientNet] handshake accepted by 'Xonotic  Server': netId 1, tickrate 72 Hz.
[NetGame] handshake accepted by 'Xonotic  Server': netId 1.
[portal] 'Portal_0' facing=False onScreen=True -> off near=1.00 size=(512, 384) camQ=<0, -0, 34.99607> inO=<1216, 208, 32> inF=<-4.371139E-08, 1, 0>
[portal] 'Portal_1' facing=False onScreen=False -> off near=1.00 size=(512, 384) camQ=<0, -0, 34.99607> inO=<-592, 224, 80> inF=<-1, -8.742278E-08, 0>
[wzview] authoritative snap -> <0, 135, 0>
[lb]hitch PIPELINE-COMPILE] 65.6ms (3 dropped @60Hz) (med 6.9, ×9.4) — 1 pipeline compile(s) — SYNC[lb]surface+0 draw+0] async[lb]mesh+0 spec+1] canvas+0 | proc 7.0 rcpu 0.6 gpu 0.6 rest 58.0 | alloc 831KB | ticks 3, remote.ents 21[0m
[lb]hitch]   gpu: draws 359, pipeline compiles +1 — SYNC[lb]surface+0 draw+0] async[lb]mesh+0 spec+1] canvas+0, vram 3198MB[0m
[lb]hitch]   events: [lb]-1f] net: PREDICTION DESYNC 1067qu (predicted vs acked-replay origin)[0m
[lb]hitch]   prev: 6.9 6.9 6.9 6.7 6.9 6.9 6.9 6.9[0m
[lb]hitch VSYNC/PRESENT] 23.3ms (med 6.9, ×3.4) — present/vsync-bound (rest 19.2ms, gpu 0.5ms) | proc 3.6 rcpu 0.5 gpu 0.5 rest 19.2 | alloc 182KB | ticks 3, remote.ents 21 | watchdog: 9/9 samples in '(unscoped)'[0m
[portal] 'Portal_0' facing=True onScreen=False -> off near=0.05 size=(512, 384) camQ=<1040, 240, 27.03125> inO=<1216, 208, 32> inF=<-4.371139E-08, 1, 0>
[portal] 'Portal_1' facing=False onScreen=False -> off near=1.00 size=(512, 384) camQ=<1040, 240, 27.03125> inO=<-592, 224, 80> inF=<-1, -8.742278E-08, 0>
[lb]frameprofile] scene: nodes 2852 objs-drawn 1585 draws 247 vram 3200MB[0m
[lb]frameprofile] census: Label 876  HBoxContainer 218  Control 157  Dependent 113  Button 110  CvarCheckBox 104  VBoxContainer 78  HSlider 62  CvarSlider 58  MarginContainer 52[0m
[lb]frameprofile] 297 frames: p50 6.9 p95 127.9 p99 144.6 p99.9 145.4ms (max 150.0) | 1 PIPELINE-COMPILE, 1 VSYNC/PRESENT | alloc 8MB/s heap 215.5MB | proc 1.1 gpu 0.6[0m
[lb]frameprofile] ms/frame: iqm.mesh 25.9  iqm.materials 25.5  iqm.anims 4.6  proc:other 1.2  cev.process 1.2  ng.process 1.2  server.tick 0.6  net.send 0.3  cw.process 0.1  net.poll 0.1[0m
[lb]hitch VSYNC/PRESENT] 13.3ms (med 6.9, ×1.9) — present/vsync-bound (rest 10.9ms, gpu 0.6ms) | proc 1.8 rcpu 0.6 gpu 0.6 rest 10.9 | alloc 104KB | ticks 1, remote.ents 21 | watchdog: 5/5 samples in '(unscoped)'[0m
[lb]hitch]   gpu: draws 247, pipeline compiles +0, vram 3200MB[0m
[lb]hitch]   prev: 6.9 6.9 6.9 6.9 6.9 6.9 6.9 6.9[0m
[portal] 'Portal_0' facing=True onScreen=False -> off near=0.05 size=(512, 384) camQ=<1040, 240, 27.03125> inO=<1216, 208, 32> inF=<-4.371139E-08, 1, 0>
[portal] 'Portal_1' facing=False onScreen=True -> off near=1.00 size=(512, 384) camQ=<1040, 240, 27.03125> inO=<-592, 224, 80> inF=<-1, -8.742278E-08, 0>
[lb]bots] waypoints for 'stormkeep': nodes=99 (file=loaded, cache=yes)[0m
[lb]hitch CPU-LOGIC] 110.7ms (6 dropped @60Hz) (med 6.9, ×15.9) — ng.process 94.3ms (typ 10.8ms, 9× over) | proc 106.0 rcpu 0.8 gpu 0.6 rest 3.9 | alloc 271KB | ticks 3, remote.ents 22 | watchdog: 28/64 samples in 'bot.path'[0m
[lb]hitch PIPELINE-COMPILE] 123.8ms (6 dropped @60Hz) (med 6.9, ×17.8) — 1 pipeline compile(s) — SYNC[lb]surface+1 draw+0] async[lb]mesh+0 spec+0] canvas+0 | proc 19.2 rcpu 0.7 gpu 0.6 rest 103.9 | alloc 207KB | ticks 3, remote.ents 22 | watchdog: 3/9 samples in 'bot.path'[0m
[lb]hitch GC-PAUSE] 50.0ms (2 dropped @60Hz) (med 6.9, ×7.2) — GC g0+1 g1+1 g2+1, pause 3.7ms, 189.9MB allocated | proc 5.6 rcpu 0.7 gpu 0.6 rest 43.7 | alloc 189.9MB | ticks 3, remote.ents 22 | watchdog: 10/17 samples in '(unscoped)'[0m
[lb]hitch]   gpu: draws 247, pipeline compiles +0, vram 3203MB[0m
[lb]hitch]   gc: g0+1 g1+1 g2+1 pause 3.7ms alloc 189.9MB (rate 101MB/s, heap 408.1MB)[0m
[lb]hitch]   events: [lb]-2f] anim cache HIT models/player/ignismasked.iqm; [lb]-1f] stream: player model models/player/ignismasked.iqm (parse) built (1.0ms); stream: player model models/player/ignismasked.iqm tex textures/ignisfullbright_pants built (0.2ms); stream: player model models/player/ignismasked.iqm tex textures/ignisheadfb_pants built (0.0ms)[0m
[lb]hitch]   prev: 6.9 6.9 6.9 6.9 6.9 6.9 110.7 123.8[0m
[portal] 'Portal_0' facing=True onScreen=False -> off near=0.05 size=(512, 384) camQ=<1040, 240, 27.03125> inO=<1216, 208, 32> inF=<-4.371139E-08, 1, 0>
[portal] 'Portal_1' facing=False onScreen=True -> off near=1.00 size=(512, 384) camQ=<1040, 240, 27.03125> inO=<-592, 224, 80> inF=<-1, -8.742278E-08, 0>
[lb]hitch EXTERNAL] 57.0ms (2 dropped @60Hz) (med 6.9, ×8.2) — rest-dominated, game-side quiet — OS/compositor/driver | proc 4.0 rcpu 0.5 gpu 0.7 rest 52.4 | alloc 40KB | ticks 3, remote.ents 22 | watchdog: 21/36 samples in 'bot.path'[0m
[lb]hitch]   gpu: draws 247, pipeline compiles +0, vram 3191MB[0m
[lb]hitch]   prev: 6.9 6.9 6.9 6.9 6.9 6.9 6.9 6.9[0m
[lb]hitch VSYNC/PRESENT] 16.7ms (med 6.9, ×2.4) — present/vsync-bound (rest 12.8ms, gpu 0.7ms) | proc 3.2 rcpu 0.7 gpu 0.7 rest 12.8 | alloc 141KB | ticks 2, remote.ents 22[0m
[lb]hitch EXTERNAL] 41.5ms (1 dropped @60Hz) (med 6.9, ×6.0) — rest-dominated, game-side quiet — OS/compositor/driver | proc 3.8 rcpu 0.5 gpu 0.7 rest 37.2 | alloc 40KB | ticks 3, remote.ents 22 | watchdog: 20/23 samples in 'bot.strategy'[0m
[lb]hitch VSYNC/PRESENT] 16.7ms (med 6.9, ×2.4) — present/vsync-bound (rest 13.2ms, gpu 1.4ms) | proc 2.8 rcpu 0.7 gpu 1.4 rest 13.2 | alloc 48KB | ticks 1, remote.ents 22[0m
[portal] 'Portal_0' facing=True onScreen=False -> off near=0.05 size=(512, 384) camQ=<1040, 240, 27.03125> inO=<1216, 208, 32> inF=<-4.371139E-08, 1, 0>
[portal] 'Portal_1' facing=False onScreen=True -> off near=1.00 size=(512, 384) camQ=<1040, 240, 27.03125> inO=<-592, 224, 80> inF=<-1, -8.742278E-08, 0>
[lb]hitch VSYNC/PRESENT ×2] 13.7–16.7ms over 0.0s (med 6.9) — present/vsync-bound (rest 13.2ms, gpu 1.4ms)[0m
[lb]hitch EXTERNAL] 76.2ms (4 dropped @60Hz) (med 6.9, ×11.0) — rest-dominated, game-side quiet — OS/compositor/driver | proc 3.4 rcpu 0.6 gpu 0.7 rest 72.3 | alloc 40KB | ticks 3, remote.ents 22 | watchdog: 34/54 samples in 'bot.path'[0m
[lb]hitch]   gpu: draws 247, pipeline compiles +0, vram 3191MB[0m
[lb]hitch]   prev: 6.9 6.9 6.9 6.9 6.9 6.9 6.9 6.9[0m
[lb]hitch VSYNC/PRESENT] 16.7ms (med 6.9, ×2.4) — present/vsync-bound (rest 13.0ms, gpu 0.7ms) | proc 3.1 rcpu 0.6 gpu 0.7 rest 13.0 | alloc 159KB | ticks 3, remote.ents 22[0m
[portal] 'Portal_0' facing=True onScreen=False -> off near=0.05 size=(512, 384) camQ=<1040, 240, 27.03125> inO=<1216, 208, 32> inF=<-4.371139E-08, 1, 0>
[portal] 'Portal_1' facing=False onScreen=True -> off near=1.00 size=(512, 384) camQ=<1040, 240, 27.03125> inO=<-592, 224, 80> inF=<-1, -8.742278E-08, 0>
[lb]hitch VSYNC/PRESENT ×2] 16.7–19.6ms over 0.7s (med 6.9) — present/vsync-bound (rest 13.0ms, gpu 0.7ms)[0m
[portal] 'Portal_0' facing=True onScreen=False -> off near=0.05 size=(512, 384) camQ=<1040, 240, 27.03125> inO=<1216, 208, 32> inF=<-4.371139E-08, 1, 0>
[portal] 'Portal_1' facing=False onScreen=True -> off near=1.00 size=(512, 384) camQ=<1040, 240, 27.03125> inO=<-592, 224, 80> inF=<-1, -8.742278E-08, 0>
[wz] cross client=True 'player' o <1230.1547, 206.15332, -7.968749>-><-593.8467, 209.84534, 40.03125> v <-217.70808, -316.20148, 0>-><-316.2015, 217.70807, 0> a <1.1264542, 215.12778, 0>-><1.1264648, 125.12778, 0> | in o=<1216, 208, 32> f=<-4.371139E-08, 1, 0> | out o=<-592, 224, 80> f=<-1, -8.742278E-08, 0>
[lb]hitch VSYNC/PRESENT] 22.2ms (med 6.9, ×3.2) — present/vsync-bound (rest 14.5ms, gpu 1.0ms) | proc 6.4 rcpu 1.4 gpu 1.0 rest 14.5 | alloc 160KB | ticks 1, remote.ents 21 | watchdog: 4/4 samples in '(unscoped)'[0m
[lb]hitch]   gpu: draws 247, pipeline compiles +0, vram 3190MB[0m
[lb]hitch]   events: [lb]-7f] stream: idle-warm models/player/nyx.iqm tex textures/shadowheadfb_gloss built (0.0ms); [lb]-7f] stream: idle-warm models/player/nyx.iqm tex textures/shadowheadfb_glow built (0.0ms); [lb]-7f] stream: idle-warm models/player/nyx.iqm tex textures/shadowheadfb_shirt built (0.0ms); [lb]-7f] stream: idle-warm models/player/seraphina.iqm tex textures/seraphina_shirt built (0.0ms); [lb]-7f] stream: idle-warm models/player/seraphina.iqm tex textures/seraphina_pants built (0.0ms); [lb]-7f] stream: idle-warm models/player/seraphina.iqm tex textures/ignisfullbright built (0.0ms); [lb]-7f] stream: idle-warm models/player/seraphina.iqm tex textures/ignisfullbright_norm built (0.0ms); [lb]-7f] stream: idle-warm models/player/seraphina.iqm tex textures/ignisfullbright_gloss built (0.0ms); [lb]-7f] stream: idle-warm models/player/seraphina.iqm tex textures/ignisfullbright_glow built (0.0ms); [lb]-7f] stream: idle-warm models/player/seraphina.iqm tex textures/ignisfullbright_reflect built (0.0ms); [lb]-7f] stream: idle-warm models/player/seraphina.iqm tex textures/ignisfullbright_shirt built (0.0ms); [lb]-7f] stream: idle-warm models/player/seraphina.iqm tex textures/ignisfullbright_pants built (0.0ms); [lb]-6f] stream: idle-warm models/player/nyx.iqm tex textures/shadowheadfb built (0.0ms); [lb]-6f] stream: idle-warm models/player/nyx.iqm tex textures/shadowheadfb_norm built (0.0ms); [lb]-5f] stream: idle-warm models/player/pyria.iqm tex textures/pyriafullbright_reflect built (0.0ms); [lb]-4f] stream: idle-warm models/player/nyx.iqm tex textures/shadowheadfb_reflect built (0.0ms); [lb]-4f] stream: idle-warm models/player/seraphina.iqm tex textures/seraphina_gloss built (0.0ms); [lb]-4f] stream: idle-warm models/player/umbra.iqm tex textures/umbrafullbright_pants built (0.0ms); [lb]-1f] stream: idle-warm models/player/seraphina.iqm tex textures/seraphina_reflect built (0.0ms); stream: idle-warm models/player/pyria.iqm tex textures/pyriafullbright_gloss built (0.0ms); stream: idle-warm models/player/umbra.iqm tex textures/umbrafullbright_reflect built (0.0ms)[0m
[lb]hitch]   prev: 8.1 10.5 9.7 8.7 10.2 10.8 10.5 12.1[0m
[lb]hitch CPU-LOGIC] 14.4ms (med 6.9, ×2.1) — ng.process 13.1ms (typ 2.0ms, 6× over) | proc 14.4 rcpu 1.4 gpu 0.7 rest 0.0 | alloc 817KB | ticks 1, remote.ents 21 | watchdog: 5/8 samples in 'bot.strategy'[0m
[lb]hitch MIXED] 26.1ms (1 dropped @60Hz) (med 6.9, ×3.8) — mixed — ng.process 6.4ms | proc 11.1 rcpu 0.9 gpu 1.4 rest 14.0 | alloc 368KB | ticks 2, remote.ents 21 | watchdog: 2/4 samples in '(unscoped)'[0m
[lb]hitch CPU-LOGIC] 17.1ms (med 6.9, ×2.5) — proc:other 7.8ms (typ 2.5ms, 3× over) | proc 11.1 rcpu 2.3 gpu 0.6 rest 3.7 | alloc 886KB | ticks 2, remote.ents 21 | watchdog: 4/4 samples in '(unscoped)'[0m
[lb]hitch MIXED] 17.1ms (med 6.9, ×2.5) — mixed — proc:other 5.3ms | proc 7.4 rcpu 0.8 gpu 0.6 rest 8.9 | alloc 1018KB | ticks 1, remote.ents 21[0m
[lb]hitch CPU-LOGIC] 16.7ms (med 6.9, ×2.4) — proc:other 10.3ms (typ 3.0ms, 3× over) | proc 12.2 rcpu 1.5 gpu 0.6 rest 3.0 | alloc 1.4MB | ticks 1, remote.ents 21 | watchdog: 4/4 samples in '(unscoped)'[0m
[lb]hitch ASSET-BUILD] 16.7ms (med 6.9, ×2.4) — iqm.anims 255.8ms (asset build/upload) | proc 8.7 rcpu 0.9 gpu 0.6 rest 7.1 | alloc 1.1MB | ticks 1, remote.ents 21 | watchdog: 3/3 samples in '(unscoped)'[0m
[lb]frameprofile] scene: nodes 2868 objs-drawn 1658 draws 247 vram 3190MB[0m
[lb]frameprofile] census: Label 876  HBoxContainer 218  Control 157  Dependent 113  Button 110  CvarCheckBox 104  VBoxContainer 78  HSlider 62  CvarSlider 58  MarginContainer 52[0m
[lb]frameprofile] 636 frames: p50 6.9 p95 8.4 p99 22.1 p99.9 110.6ms (max 123.8) | 3 EXTERNAL, 1 ASSET-BUILD, 1 PIPELINE-COMPILE, 1 GC-PAUSE, 7 VSYNC/PRESENT, 4 CPU-LOGIC, 2 MIXED | alloc 202MB/s heap 757.4MB | proc 8.7 gpu 0.6[0m
[lb]frameprofile] ms/frame: ng.process 1.8  server.tick 1.4  sim.move 1.0  move.in 0.8  bot.think 0.8  bot.strategy 0.7  proc:other 0.7  iqm.anims 0.4  cw.process 0.3  bot.path 0.2[0m
[lb]hitch CPU-LOGIC] 18.4ms (med 6.9, ×2.6) — proc:other 10.6ms | proc 13.4 rcpu 0.8 gpu 0.6 rest 4.2 | alloc 30.8MB | ticks 2, remote.ents 21 | watchdog: 4/4 samples in '(unscoped)'[0m
[portal] 'Portal_0' facing=True onScreen=False -> off near=0.05 size=(512, 384) camQ=<1040, 240, 27.03125> inO=<1216, 208, 32> inF=<-4.371139E-08, 1, 0>
[portal] 'Portal_1' facing=False onScreen=True -> off near=1.00 size=(512, 384) camQ=<1040, 240, 27.03125> inO=<-592, 224, 80> inF=<-1, -8.742278E-08, 0>
[lb]hitch CPU-LOGIC ×3] 18.4–21.6ms over 0.0s (med 6.9) — proc:other 10.6ms[0m
[lb]hitch MIXED] 23.6ms (med 6.9, ×3.4) — mixed — proc:other 7.4ms | proc 13.0 rcpu 0.9 gpu 0.6 rest 9.8 | alloc 733KB | ticks 2, remote.ents 21 | watchdog: 7/7 samples in '(unscoped)'[0m
[lb]hitch VSYNC/PRESENT] 28.6ms (1 dropped @60Hz) (med 6.9, ×4.1) — present/vsync-bound (rest 17.3ms, gpu 0.6ms) | proc 9.9 rcpu 1.4 gpu 0.6 rest 17.3 | alloc 736KB | ticks 2, remote.ents 21 | watchdog: 2/3 samples in '(unscoped)'[0m
[lb]hitch VSYNC/PRESENT ×3] 22.2–28.6ms over 0.0s (med 6.9) — present/vsync-bound (rest 17.3ms, gpu 0.6ms)[0m
[lb]hitch CPU-LOGIC] 12.9ms (med 6.9, ×1.9) — proc:other 3.8ms | proc 7.7 rcpu 0.8 gpu 0.6 rest 4.5 | alloc 1.4MB | ticks 1, remote.ents 21[0m
[lb]hitch ASSET-BUILD] 13.5ms (med 6.9, ×1.9) — stream.build 6.0ms (asset build/upload) | proc 9.5 rcpu 0.6 gpu 1.4 rest 3.5 | alloc 760KB | ticks 0, remote.ents 21 | watchdog: 2/3 samples in '(unscoped)'[0m
[lb]hitch MIXED] 15.1ms (med 6.9, ×2.2) — mixed — proc:other 3.6ms | proc 6.2 rcpu 0.6 gpu 0.6 rest 8.3 | alloc 1.4MB | ticks 2, remote.ents 21[0m
[lb]hitch VSYNC/PRESENT] 14.8ms (med 6.9, ×2.1) — present/vsync-bound (rest 9.3ms, gpu 1.3ms) | proc 4.8 rcpu 0.7 gpu 1.3 rest 9.3 | alloc 1.9MB | ticks 1, remote.ents 21 | watchdog: 4/6 samples in '(unscoped)'[0m
[IdleWarmer] asset warm queue drained — full asset set is hot.
[portal] 'Portal_0' facing=True onScreen=False -> off near=0.05 size=(512, 384) camQ=<1040, 240, 27.03125> inO=<1216, 208, 32> inF=<-4.371139E-08, 1, 0>
[portal] 'Portal_1' facing=False onScreen=True -> off near=1.00 size=(512, 384) camQ=<1040, 240, 27.03125> inO=<-592, 224, 80> inF=<-1, -8.742278E-08, 0>
[lb]hitch VSYNC/PRESENT ×3] 14.4–21.5ms over 0.8s (med 6.9) — present/vsync-bound (rest 9.3ms, gpu 1.3ms)[0m
[portal] 'Portal_0' facing=True onScreen=False -> off near=0.05 size=(512, 384) camQ=<1040, 240, 27.03125> inO=<1216, 208, 32> inF=<-4.371139E-08, 1, 0>
[portal] 'Portal_1' facing=False onScreen=True -> off near=1.00 size=(512, 384) camQ=<1040, 240, 27.03125> inO=<-592, 224, 80> inF=<-1, -8.742278E-08, 0>
[lb]hitch CPU-LOGIC] 35.3ms (1 dropped @60Hz) (med 6.9, ×5.1) — ng.process 43.1ms (typ 5.2ms, 8× over) | proc 35.3 rcpu 0.7 gpu 0.7 rest 0.0 | alloc 40KB | ticks 2, remote.ents 21 | watchdog: 13/24 samples in 'bot.path'[0m
[lb]hitch]   gpu: draws 262, pipeline compiles +0, vram 3304MB[0m
[lb]hitch]   prev: 6.9 6.9 6.9 6.9 6.9 6.9 6.9 6.9[0m
[lb]hitch EXTERNAL] 50.0ms (2 dropped @60Hz) (med 6.9, ×7.2) — rest-dominated, game-side quiet — OS/compositor/driver | proc 3.2 rcpu 0.8 gpu 0.9 rest 46.1 | alloc 192KB | ticks 3, remote.ents 21 | watchdog: 13/27 samples in 'bot.path'[0m
[lb]hitch VSYNC/PRESENT] 16.7ms (med 6.9, ×2.4) — present/vsync-bound (rest 13.0ms, gpu 0.9ms) | proc 3.0 rcpu 0.6 gpu 0.9 rest 13.0 | alloc 48KB | ticks 2, remote.ents 21[0m
[portal] 'Portal_0' facing=True onScreen=False -> off near=0.05 size=(512, 384) camQ=<1040, 240, 27.03125> inO=<1216, 208, 32> inF=<-4.371139E-08, 1, 0>
[portal] 'Portal_1' facing=False onScreen=True -> off near=1.00 size=(512, 384) camQ=<1040, 240, 27.03125> inO=<-592, 224, 80> inF=<-1, -8.742278E-08, 0>
[portal] 'Portal_0' facing=True onScreen=False -> off near=0.05 size=(512, 384) camQ=<1040, 240, 27.03125> inO=<1216, 208, 32> inF=<-4.371139E-08, 1, 0>
[portal] 'Portal_1' facing=False onScreen=True -> off near=1.00 size=(512, 384) camQ=<1040, 240, 27.03125> inO=<-592, 224, 80> inF=<-1, -8.742278E-08, 0>
[lb]hitch VSYNC/PRESENT ×4] 14.7–16.7ms over 1.0s (med 6.9) — present/vsync-bound (rest 13.0ms, gpu 0.9ms)[0m
[lb]hitch EXTERNAL] 41.5ms (1 dropped @60Hz) (med 6.9, ×6.0) — rest-dominated, game-side quiet — OS/compositor/driver | proc 4.0 rcpu 0.6 gpu 0.7 rest 36.9 | alloc 40KB | ticks 3, remote.ents 21 | watchdog: 13/27 samples in 'bot.strategy'[0m
[lb]hitch]   gpu: draws 266, pipeline compiles +0, vram 3304MB[0m
[lb]hitch]   prev: 7.6 7.6 7.6 7.6 7.6 8.3 8.3 8.3[0m
[lb]hitch VSYNC/PRESENT] 16.7ms (med 6.9, ×2.4) — present/vsync-bound (rest 12.7ms, gpu 0.7ms) | proc 3.3 rcpu 0.7 gpu 0.7 rest 12.7 | alloc 153KB | ticks 1, remote.ents 21[0m
[lb]hitch VSYNC/PRESENT ×2] 16.4–16.7ms over 0.0s (med 6.9) — present/vsync-bound (rest 12.7ms, gpu 0.7ms)[0m
[lb]hitch EXTERNAL] 61.0ms (3 dropped @60Hz) (med 6.9, ×8.8) — rest-dominated, game-side quiet — OS/compositor/driver | proc 8.1 rcpu 0.7 gpu 0.7 rest 52.2 | alloc 80KB | ticks 3, remote.ents 21[0m
[lb]hitch]   gpu: draws 266, pipeline compiles +0, vram 3304MB[0m
[lb]hitch]   prev: 6.9 6.9 6.9 6.9 6.9 6.9 6.9 6.9[0m
[lb]hitch VSYNC/PRESENT] 20.4ms (med 6.9, ×2.9) — present/vsync-bound (rest 16.9ms, gpu 0.7ms) | proc 2.9 rcpu 0.7 gpu 0.7 rest 16.9 | alloc 169KB | ticks 2, remote.ents 21 | watchdog: 4/5 samples in '(unscoped)'[0m
[lb]frameprofile] scene: nodes 2870 objs-drawn 1729 draws 266 vram 3304MB[0m
[lb]frameprofile] census: Label 876  HBoxContainer 218  Control 157  Dependent 113  Button 110  CvarCheckBox 104  VBoxContainer 78  HSlider 62  CvarSlider 58  MarginContainer 52[0m
[lb]frameprofile] 663 frames: p50 6.9 p95 8.4 p99 22.1 p99.9 50.1ms (max 61.0) | 3 EXTERNAL, 1 ASSET-BUILD, 13 VSYNC/PRESENT, 5 CPU-LOGIC, 2 MIXED | alloc 5MB/s heap 840.5MB | proc 1.1 gpu 0.7[0m
[lb]frameprofile] ms/frame: ng.process 1.6  server.tick 1.2  sim.move 0.8  proc:other 0.7  move.in 0.6  bot.think 0.6  bot.strategy 0.5  net.send 0.2  move.pm 0.2  bot.path 0.2[0m
[portal] 'Portal_0' facing=True onScreen=False -> off near=0.05 size=(512, 384) camQ=<1040, 240, 27.03125> inO=<1216, 208, 32> inF=<-4.371139E-08, 1, 0>
[portal] 'Portal_1' facing=False onScreen=True -> off near=1.00 size=(512, 384) camQ=<1040, 240, 27.03125> inO=<-592, 224, 80> inF=<-1, -8.742278E-08, 0>
[lb]hitch EXTERNAL] 29.1ms (1 dropped @60Hz) (med 6.9, ×4.2) — rest-dominated, game-side quiet — OS/compositor/driver | proc 3.6 rcpu 0.8 gpu 2.1 rest 24.8 | alloc 48KB | ticks 2, remote.ents 21 | watchdog: 6/11 samples in 'bot.path'[0m
[lb]hitch]   gpu: draws 266, pipeline compiles +0, vram 3304MB[0m
[lb]hitch]   prev: 6.9 6.9 6.9 6.9 6.9 6.9 6.9 6.9[0m
[portal] 'Portal_0' facing=True onScreen=False -> off near=0.05 size=(512, 384) camQ=<1040, 240, 27.03125> inO=<1216, 208, 32> inF=<-4.371139E-08, 1, 0>
[portal] 'Portal_1' facing=False onScreen=True -> off near=1.00 size=(512, 384) camQ=<1040, 240, 27.03125> inO=<-592, 224, 80> inF=<-1, -8.742278E-08, 0>
[lb]hitch EXTERNAL] 74.9ms (3 dropped @60Hz) (med 6.9, ×10.8) — rest-dominated, game-side quiet — OS/compositor/driver | proc 14.5 rcpu 0.5 gpu 0.6 rest 59.9 | alloc 67KB | ticks 3, remote.ents 21 | watchdog: 2/6 samples in 'bot.enemy'[0m
[lb]hitch]   gpu: draws 266, pipeline compiles +0, vram 3304MB[0m
[lb]hitch]   prev: 6.9 6.9 6.9 6.9 6.9 6.9 6.9 6.9[0m
[lb]hitch VSYNC/PRESENT] 22.3ms (med 6.9, ×3.2) — present/vsync-bound (rest 18.0ms, gpu 0.6ms) | proc 3.7 rcpu 0.6 gpu 0.6 rest 18.0 | alloc 218KB | ticks 3, remote.ents 21 | watchdog: 4/9 samples in '(unscoped)'[0m
[portal] 'Portal_0' facing=True onScreen=False -> off near=0.05 size=(512, 384) camQ=<1040, 240, 27.03125> inO=<1216, 208, 32> inF=<-4.371139E-08, 1, 0>
[portal] 'Portal_1' facing=False onScreen=True -> off near=1.00 size=(512, 384) camQ=<1040, 240, 27.03125> inO=<-592, 224, 80> inF=<-1, -8.742278E-08, 0>
[lb]hitch EXTERNAL] 83.3ms (4 dropped @60Hz) (med 6.9, ×12.0) — rest-dominated, game-side quiet — OS/compositor/driver | proc 3.8 rcpu 0.6 gpu 3.5 rest 78.9 | alloc 40KB | ticks 3, remote.ents 21 | watchdog: 26/51 samples in 'bot.strategy'[0m
[lb]hitch]   gpu: draws 273, pipeline compiles +0, vram 3304MB[0m
[lb]hitch]   prev: 6.9 6.9 6.9 6.9 6.9 6.9 6.9 6.9[0m
[lb]hitch VSYNC/PRESENT] 16.7ms (med 6.9, ×2.4) — present/vsync-bound (rest 11.0ms, gpu 2.1ms) | proc 5.0 rcpu 0.7 gpu 2.1 rest 11.0 | alloc 208KB | ticks 3, remote.ents 21[0m
[portal] 'Portal_0' facing=True onScreen=False -> off near=0.05 size=(512, 384) camQ=<1040, 240, 27.03125> inO=<1216, 208, 32> inF=<-4.371139E-08, 1, 0>
[portal] 'Portal_1' facing=False onScreen=True -> off near=1.00 size=(512, 384) camQ=<1040, 240, 27.03125> inO=<-592, 224, 80> inF=<-1, -8.742278E-08, 0>
[portal] 'Portal_0' facing=True onScreen=False -> off near=0.05 size=(512, 384) camQ=<1040, 240, 27.03125> inO=<1216, 208, 32> inF=<-4.371139E-08, 1, 0>
[portal] 'Portal_1' facing=False onScreen=True -> off near=1.00 size=(512, 384) camQ=<1040, 240, 27.03125> inO=<-592, 224, 80> inF=<-1, -8.742278E-08, 0>
[lb]hitch VSYNC/PRESENT ×2] 16.7–17.6ms over 0.4s (med 6.9) — present/vsync-bound (rest 11.0ms, gpu 2.1ms)[0m
[lb]hitch EXTERNAL] 75.0ms (3 dropped @60Hz) (med 6.9, ×10.8) — rest-dominated, game-side quiet — OS/compositor/driver | proc 2.9 rcpu 0.7 gpu 1.3 rest 71.4 | alloc 40KB | ticks 3, remote.ents 22 | watchdog: 26/55 samples in 'bot.strategy'[0m
[lb]hitch]   gpu: draws 286, pipeline compiles +0, vram 3305MB[0m
[lb]hitch]   prev: 6.9 6.9 6.9 6.9 6.9 6.9 6.9 6.9[0m
[lb]hitch VSYNC/PRESENT] 16.7ms (med 6.9, ×2.4) — present/vsync-bound (rest 12.1ms, gpu 0.7ms) | proc 3.9 rcpu 0.7 gpu 0.7 rest 12.1 | alloc 167KB | ticks 3, remote.ents 22[0m
[lb]frameprofile] scene: nodes 2890 objs-drawn 1798 draws 286 vram 3305MB[0m
[lb]frameprofile] census: Label 876  HBoxContainer 218  Control 157  Dependent 113  Button 110  CvarCheckBox 104  VBoxContainer 78  HSlider 62  CvarSlider 58  MarginContainer 52[0m
[lb]frameprofile] 684 frames: p50 6.9 p95 6.9 p99 16.6 p99.9 74.9ms (max 83.3) | 4 EXTERNAL, 4 VSYNC/PRESENT | alloc 23MB/s heap 874.5MB | proc 2.4 gpu 0.7[0m
[lb]frameprofile] ms/frame: ng.process 1.5  server.tick 1.1  sim.move 0.7  proc:other 0.6  move.in 0.5  bot.think 0.5  bot.strategy 0.4  net.send 0.2  move.pm 0.2  bot.path 0.2[0m
[portal] 'Portal_0' facing=True onScreen=False -> off near=0.05 size=(512, 384) camQ=<1040, 240, 27.03125> inO=<1216, 208, 32> inF=<-4.371139E-08, 1, 0>
[portal] 'Portal_1' facing=False onScreen=True -> off near=1.00 size=(512, 384) camQ=<1040, 240, 27.03125> inO=<-592, 224, 80> inF=<-1, -8.742278E-08, 0>
[lb]hitch VSYNC/PRESENT ×2] 16.7–24.8ms over 0.6s (med 6.9) — present/vsync-bound (rest 12.1ms, gpu 0.7ms)[0m
[lb]hitch EXTERNAL] 26.2ms (1 dropped @60Hz) (med 6.9, ×3.8) — rest-dominated, game-side quiet — OS/compositor/driver | proc 2.4 rcpu 0.7 gpu 3.2 rest 23.0 | alloc 32KB | ticks 2, remote.ents 22 | watchdog: 11/23 samples in 'bot.path'[0m
[lb]hitch]   gpu: draws 286, pipeline compiles +0, vram 3305MB[0m
[lb]hitch]   prev: 6.9 24.8 8.2 8.3 8.3 8.3 8.3 8.3[0m
[lb]hitch VSYNC/PRESENT] 16.7ms (med 6.9, ×2.4) — present/vsync-bound (rest 13.7ms, gpu 2.1ms) | proc 2.2 rcpu 0.7 gpu 2.1 rest 13.7 | alloc 171KB | ticks 1, remote.ents 22[0m
[lb]hitch VSYNC/PRESENT ×3] 14.6–22.3ms over 0.3s (med 6.9) — present/vsync-bound (rest 13.7ms, gpu 2.1ms)[0m
[lb]hitch EXTERNAL] 35.0ms (1 dropped @60Hz) (med 6.9, ×5.0) — rest-dominated, game-side quiet — OS/compositor/driver | proc 2.3 rcpu 0.7 gpu 0.7 rest 32.0 | alloc 40KB | ticks 2, remote.ents 22 | watchdog: 22/25 samples in 'bot.strategy'[0m
[lb]hitch VSYNC/PRESENT] 13.1ms (med 6.9, ×1.9) — present/vsync-bound (rest 10.4ms, gpu 0.7ms) | proc 2.0 rcpu 0.7 gpu 0.7 rest 10.4 | alloc 40KB | ticks 1, remote.ents 22[0m
[portal] 'Portal_0' facing=True onScreen=False -> off near=0.05 size=(512, 384) camQ=<1040, 240, 27.03125> inO=<1216, 208, 32> inF=<-4.371139E-08, 1, 0>
[portal] 'Portal_1' facing=False onScreen=True -> off near=1.00 size=(512, 384) camQ=<1040, 240, 27.03125> inO=<-592, 224, 80> inF=<-1, -8.742278E-08, 0>
[lb]hitch CPU-LOGIC] 37.6ms (1 dropped @60Hz) (med 6.9, ×5.4) — ng.process 41.2ms (typ 4.5ms, 9× over) | proc 37.6 rcpu 0.7 gpu 0.6 rest 0.0 | alloc 32KB | ticks 3, remote.ents 22 | watchdog: 17/24 samples in 'bot.strategy'[0m
[lb]hitch]   gpu: draws 271, pipeline compiles +0, vram 3305MB[0m
[lb]hitch]   prev: 6.9 6.9 6.9 6.9 6.9 6.9 6.9 6.9[0m
[lb]hitch EXTERNAL] 48.0ms (2 dropped @60Hz) (med 6.9, ×6.9) — rest-dominated, game-side quiet — OS/compositor/driver | proc 10.5 rcpu 0.7 gpu 0.7 rest 36.8 | alloc 201KB | ticks 3, remote.ents 22 | watchdog: 1/3 samples in 'net.flush'[0m
[lb]hitch VSYNC/PRESENT] 14.5ms (med 6.9, ×2.1) — present/vsync-bound (rest 11.4ms, gpu 0.7ms) | proc 2.3 rcpu 0.8 gpu 0.7 rest 11.4 | alloc 40KB | ticks 1, remote.ents 22 | watchdog: 3/5 samples in '(unscoped)'[0m
[portal] 'Portal_0' facing=True onScreen=False -> off near=0.05 size=(512, 384) camQ=<1040, 240, 27.03125> inO=<1216, 208, 32> inF=<-4.371139E-08, 1, 0>
[portal] 'Portal_1' facing=False onScreen=True -> off near=1.00 size=(512, 384) camQ=<1040, 240, 27.03125> inO=<-592, 224, 80> inF=<-1, -8.742278E-08, 0>
[lb]hitch EXTERNAL] 98.3ms (5 dropped @60Hz) (med 6.9, ×14.2) — rest-dominated, game-side quiet — OS/compositor/driver | proc 15.3 rcpu 0.6 gpu 0.7 rest 82.4 | alloc 56KB | ticks 3, remote.ents 22 | watchdog: 2/6 samples in 'ng.process'[0m
[lb]hitch]   gpu: draws 273, pipeline compiles +0, vram 3305MB[0m
[lb]hitch]   prev: 6.9 6.9 6.9 6.9 6.9 6.9 6.9 6.9[0m
[lb]hitch CPU-LOGIC] 20.6ms (med 6.9, ×3.0) — ng.process 10.2ms | proc 11.3 rcpu 0.7 gpu 2.2 rest 8.5 | alloc 169KB | ticks 3, remote.ents 22 | watchdog: 1/4 samples in 'bot.strategy'[0m
[lb]hitch VSYNC/PRESENT] 15.5ms (med 6.9, ×2.2) — present/vsync-bound (rest 11.2ms, gpu 2.1ms) | proc 3.6 rcpu 0.7 gpu 2.1 rest 11.2 | alloc 40KB | ticks 3, remote.ents 22 | watchdog: 3/6 samples in '(unscoped)'[0m
[lb]hitch VSYNC/PRESENT ×2] 14.8–15.5ms over 0.0s (med 6.9) — present/vsync-bound (rest 11.2ms, gpu 2.1ms)[0m
[lb]hitch EXTERNAL] 36.0ms (1 dropped @60Hz) (med 6.9, ×5.2) — rest-dominated, game-side quiet — OS/compositor/driver | proc 2.5 rcpu 0.7 gpu 0.7 rest 32.9 | alloc 32KB | ticks 2, remote.ents 22 | watchdog: 14/18 samples in 'bot.strategy'[0m
[lb]hitch VSYNC/PRESENT] 16.7ms (med 6.9, ×2.4) — present/vsync-bound (rest 13.5ms, gpu 0.7ms) | proc 2.5 rcpu 0.7 gpu 0.7 rest 13.5 | alloc 80KB | ticks 1, remote.ents 22 | watchdog: 14/18 samples in 'bot.strategy'[0m
[portal] 'Portal_0' facing=True onScreen=False -> off near=0.05 size=(512, 384) camQ=<1040, 240, 27.03125> inO=<1216, 208, 32> inF=<-4.371139E-08, 1, 0>
[portal] 'Portal_1' facing=False onScreen=True -> off near=1.00 size=(512, 384) camQ=<1040, 240, 27.03125> inO=<-592, 224, 80> inF=<-1, -8.742278E-08, 0>
[lb]hitch MIXED] 13.5ms (med 6.9, ×2.0) — mixed — ng.process 2.3ms | proc 4.4 rcpu 2.8 gpu 0.7 rest 6.3 | alloc 32KB | ticks 1, remote.ents 23 | watchdog: 5/5 samples in '(unscoped)'[0m
[lb]hitch]   gpu: draws 273, pipeline compiles +0, vram 3305MB[0m
[lb]hitch]   events: [lb]-3f] anim cache HIT models/player/gakmasked.iqm; [lb]-2f] stream: player model models/player/gakmasked.iqm (parse) built (0.0ms); [lb]-1f] stream: player model models/player/gakmasked.iqm tex textures/gakfullbright_pants built (0.0ms); [lb]-1f] stream: player model models/player/gakmasked.iqm tex textures/gakarmorfb_shirt built (0.0ms); [lb]-1f] stream: player model models/player/gakmasked.iqm tex textures/gakarmorfb_pants built (0.0ms); stream: player model models/player/gakmasked.iqm tex textures/gakarmorfb_glow built (0.0ms); stream: player model models/player/gakmasked.iqm tex textures/gakarmorfb_reflect built (0.0ms)[0m
[lb]hitch]   prev: 6.9 6.9 6.9 6.9 6.9 6.9 7.7 11.8[0m
[lb]hitch VSYNC/PRESENT] 13.0ms (med 6.9, ×1.9) — present/vsync-bound (rest 9.3ms, gpu 0.7ms) | proc 2.3 rcpu 1.3 gpu 0.7 rest 9.3 | alloc 151KB | ticks 1, remote.ents 23 | watchdog: 5/5 samples in '(unscoped)'[0m
[portal] 'Portal_0' facing=True onScreen=False -> off near=0.05 size=(512, 384) camQ=<1040, 240, 27.03125> inO=<1216, 208, 32> inF=<-4.371139E-08, 1, 0>
[portal] 'Portal_1' facing=False onScreen=True -> off near=1.00 size=(512, 384) camQ=<1040, 240, 27.03125> inO=<-592, 224, 80> inF=<-1, -8.742278E-08, 0>
[lb]frameprofile] scene: nodes 2890 objs-drawn 1791 draws 273 vram 3305MB[0m
[lb]frameprofile] census: Label 876  HBoxContainer 218  Control 157  Dependent 113  Button 110  CvarCheckBox 104  VBoxContainer 78  HSlider 62  CvarSlider 58  MarginContainer 52[0m
[lb]frameprofile] 676 frames: p50 6.9 p95 8.4 p99 22.4 p99.9 48.1ms (max 98.3) | 5 EXTERNAL, 10 VSYNC/PRESENT, 2 CPU-LOGIC, 1 MIXED | alloc 51MB/s heap 952.3MB | proc 6.9 gpu 3.9[0m
[lb]frameprofile] ms/frame: ng.process 1.5  server.tick 1.1  sim.move 0.8  move.in 0.6  bot.think 0.6  proc:other 0.6  bot.strategy 0.5  cw.process 0.4  cw.players 0.3  net.send 0.2[0m
[portal] 'Portal_0' facing=True onScreen=False -> off near=0.05 size=(512, 384) camQ=<1040, 240, 27.03125> inO=<1216, 208, 32> inF=<-4.371139E-08, 1, 0>
[portal] 'Portal_1' facing=False onScreen=True -> off near=1.00 size=(512, 384) camQ=<1040, 240, 27.03125> inO=<-592, 224, 80> inF=<-1, -8.742278E-08, 0>
[portal] 'Portal_0' facing=True onScreen=False -> off near=0.05 size=(512, 384) camQ=<1040, 240, 27.03125> inO=<1216, 208, 32> inF=<-4.371139E-08, 1, 0>
[portal] 'Portal_1' facing=False onScreen=True -> off near=1.00 size=(512, 384) camQ=<1040, 240, 27.03125> inO=<-592, 224, 80> inF=<-1, -8.742278E-08, 0>
[lb]hitch EXTERNAL] 32.9ms (1 dropped @60Hz) (med 6.9, ×4.7) — rest-dominated, game-side quiet — OS/compositor/driver | proc 2.8 rcpu 0.7 gpu 0.6 rest 29.5 | alloc 40KB | ticks 2, remote.ents 22 | watchdog: 7/18 samples in 'bot.strategy'[0m
[lb]hitch]   gpu: draws 272, pipeline compiles +0, vram 3305MB[0m
[lb]hitch]   prev: 6.9 6.9 6.9 6.9 6.9 6.9 6.9 6.9[0m
[lb]hitch VSYNC/PRESENT] 16.1ms (med 6.9, ×2.3) — present/vsync-bound (rest 12.0ms, gpu 0.7ms) | proc 3.4 rcpu 0.7 gpu 0.7 rest 12.0 | alloc 185KB | ticks 2, remote.ents 22[0m
[portal] 'Portal_0' facing=True onScreen=False -> off near=0.05 size=(512, 384) camQ=<1040, 240, 27.03125> inO=<1216, 208, 32> inF=<-4.371139E-08, 1, 0>
[portal] 'Portal_1' facing=False onScreen=True -> off near=1.00 size=(512, 384) camQ=<1040, 240, 27.03125> inO=<-592, 224, 80> inF=<-1, -8.742278E-08, 0>
[lb]hitch VSYNC/PRESENT ×2] 16.1–16.3ms over 0.6s (med 6.9) — present/vsync-bound (rest 12.0ms, gpu 0.7ms)[0m
[lb]hitch PIPELINE-COMPILE] 21.4ms (med 6.9, ×3.1) — 1 pipeline compile(s) — SYNC[lb]surface+1 draw+0] async[lb]mesh+0 spec+0] canvas+0 | proc 3.6 rcpu 0.7 gpu 2.1 rest 17.2 | alloc 56KB | ticks 1, remote.ents 24 | watchdog: 15/16 samples in 'cev.process'[0m
[lb]hitch]   gpu: draws 266, pipeline compiles +1 — SYNC[lb]surface+1 draw+0] async[lb]mesh+0 spec+0] canvas+0, vram 3306MB[0m
[lb]hitch]   prev: 6.9 6.9 6.9 6.9 6.5 6.9 6.9 6.9[0m
[lb]hitch EXTERNAL] 50.3ms (2 dropped @60Hz) (med 6.9, ×7.2) — rest-dominated, game-side quiet — OS/compositor/driver | proc 4.0 rcpu 0.8 gpu 1.4 rest 45.5 | alloc 48KB | ticks 3, remote.ents 25 | watchdog: 26/32 samples in 'bot.strategy'[0m
[lb]hitch VSYNC/PRESENT] 14.5ms (med 6.9, ×2.1) — present/vsync-bound (rest 10.7ms, gpu 0.7ms) | proc 3.1 rcpu 0.7 gpu 0.7 rest 10.7 | alloc 40KB | ticks 1, remote.ents 25[0m
[portal] 'Portal_0' facing=True onScreen=False -> off near=0.05 size=(512, 384) camQ=<1040, 240, 27.03125> inO=<1216, 208, 32> inF=<-4.371139E-08, 1, 0>
[portal] 'Portal_1' facing=False onScreen=True -> off near=1.00 size=(512, 384) camQ=<1040, 240, 27.03125> inO=<-592, 224, 80> inF=<-1, -8.742278E-08, 0>
[lb]hitch EXTERNAL] 37.3ms (1 dropped @60Hz) (med 6.9, ×5.4) — rest-dominated, game-side quiet — OS/compositor/driver | proc 3.5 rcpu 0.7 gpu 0.7 rest 33.1 | alloc 40KB | ticks 3, remote.ents 25 | watchdog: 17/21 samples in 'bot.strategy'[0m
[lb]hitch]   gpu: draws 272, pipeline compiles +0, vram 3306MB[0m
[lb]hitch]   prev: 6.9 6.9 6.9 6.9 6.9 6.9 6.9 6.9[0m
[lb]hitch VSYNC/PRESENT] 16.7ms (med 6.9, ×2.4) — present/vsync-bound (rest 12.5ms, gpu 1.4ms) | proc 3.4 rcpu 0.8 gpu 1.4 rest 12.5 | alloc 157KB | ticks 1, remote.ents 25[0m
[portal] 'Portal_0' facing=True onScreen=False -> off near=0.05 size=(512, 384) camQ=<1040, 240, 27.03125> inO=<1216, 208, 32> inF=<-4.371139E-08, 1, 0>
[portal] 'Portal_1' facing=False onScreen=True -> off near=1.00 size=(512, 384) camQ=<1040, 240, 27.03125> inO=<-592, 224, 80> inF=<-1, -8.742278E-08, 0>
[lb]hitch EXTERNAL] 38.9ms (1 dropped @60Hz) (med 6.9, ×5.6) — rest-dominated, game-side quiet — OS/compositor/driver | proc 3.8 rcpu 0.8 gpu 2.3 rest 34.3 | alloc 40KB | ticks 3, remote.ents 24 | watchdog: 16/19 samples in 'bot.strategy'[0m
[lb]hitch]   gpu: draws 266, pipeline compiles +0, vram 3307MB[0m
[lb]hitch]   prev: 6.9 6.9 6.9 6.9 6.9 6.9 6.9 6.9[0m
[lb]hitch VSYNC/PRESENT] 16.7ms (med 6.9, ×2.4) — present/vsync-bound (rest 13.2ms, gpu 2.3ms) | proc 2.7 rcpu 0.8 gpu 2.3 rest 13.2 | alloc 154KB | ticks 1, remote.ents 24[0m
[lb]frameprofile] scene: nodes 2922 objs-drawn 1748 draws 266 vram 3307MB[0m
[lb]frameprofile] census: Label 876  HBoxContainer 218  Control 157  Dependent 113  Button 110  CvarCheckBox 104  VBoxContainer 78  HSlider 62  CvarSlider 58  MarginContainer 52[0m
[lb]frameprofile] 696 frames: p50 6.9 p95 7.1 p99 16.4 p99.9 38.9ms (max 50.3) | 4 EXTERNAL, 1 PIPELINE-COMPILE, 5 VSYNC/PRESENT | alloc 5MB/s heap 953.5MB | proc 2.7 gpu 2.3[0m
[lb]frameprofile] ms/frame: ng.process 1.3  server.tick 1.0  sim.move 0.6  cw.process 0.6  proc:other 0.5  cw.players 0.5  move.in 0.4  bot.think 0.4  bot.strategy 0.3  net.send 0.2[0m
[portal] 'Portal_0' facing=True onScreen=False -> off near=0.05 size=(512, 384) camQ=<1040, 240, 27.03125> inO=<1216, 208, 32> inF=<-4.371139E-08, 1, 0>
[portal] 'Portal_1' facing=False onScreen=True -> off near=1.00 size=(512, 384) camQ=<1040, 240, 27.03125> inO=<-592, 224, 80> inF=<-1, -8.742278E-08, 0>
[portal] 'Portal_0' facing=True onScreen=False -> off near=0.05 size=(512, 384) camQ=<1040, 240, 27.03125> inO=<1216, 208, 32> inF=<-4.371139E-08, 1, 0>
[portal] 'Portal_1' facing=False onScreen=True -> off near=1.00 size=(512, 384) camQ=<1040, 240, 27.03125> inO=<-592, 224, 80> inF=<-1, -8.742278E-08, 0>
[lb]hitch VSYNC/PRESENT ×2] 15.7–16.7ms over 0.6s (med 6.9) — present/vsync-bound (rest 13.2ms, gpu 2.3ms)[0m
[lb]hitch EXTERNAL] 38.0ms (1 dropped @60Hz) (med 6.9, ×5.5) — rest-dominated, game-side quiet — OS/compositor/driver | proc 3.3 rcpu 0.6 gpu 1.0 rest 34.0 | alloc 40KB | ticks 2, remote.ents 24 | watchdog: 19/23 samples in 'bot.strategy'[0m
[lb]hitch]   gpu: draws 272, pipeline compiles +0, vram 3306MB[0m
[lb]hitch]   prev: 6.9 6.9 6.9 7.0 6.9 6.9 6.9 6.9[0m
[lb]hitch VSYNC/PRESENT] 16.7ms (med 6.9, ×2.4) — present/vsync-bound (rest 13.4ms, gpu 0.9ms) | proc 2.5 rcpu 0.7 gpu 0.9 rest 13.4 | alloc 166KB | ticks 1, remote.ents 24[0m
[portal] 'Portal_0' facing=True onScreen=False -> off near=0.05 size=(512, 384) camQ=<1059.4354, 315.7002, 27.03125> inO=<1216, 208, 32> inF=<-4.371139E-08, 1, 0>
[portal] 'Portal_1' facing=False onScreen=True -> off near=1.00 size=(512, 384) camQ=<1059.4354, 315.7002, 27.03125> inO=<-592, 224, 80> inF=<-1, -8.742278E-08, 0>
[lb]hitch EXTERNAL] 60.6ms (3 dropped @60Hz) (med 6.9, ×8.7) — rest-dominated, game-side quiet — OS/compositor/driver | proc 3.5 rcpu 0.6 gpu 0.9 rest 56.4 | alloc 40KB | ticks 3, remote.ents 25 | watchdog: 21/35 samples in 'bot.strategy'[0m
[lb]hitch VSYNC/PRESENT] 16.7ms (med 6.9, ×2.4) — present/vsync-bound (rest 12.3ms, gpu 1.0ms) | proc 3.7 rcpu 0.7 gpu 1.0 rest 12.3 | alloc 72KB | ticks 2, remote.ents 25[0m
[lb]hitch]   gpu: draws 262, pipeline compiles +0, vram 3306MB[0m
[lb]hitch]   prev: 7.0 8.4 6.7 6.7 6.7 6.7 6.7 60.6[0m
[portal] 'Portal_0' facing=True onScreen=False -> off near=0.05 size=(512, 384) camQ=<1059.7892, 317.07742, 27.03125> inO=<1216, 208, 32> inF=<-4.371139E-08, 1, 0>
[portal] 'Portal_1' facing=False onScreen=True -> off near=1.00 size=(512, 384) camQ=<1059.7892, 317.07742, 27.03125> inO=<-592, 224, 80> inF=<-1, -8.742278E-08, 0>
[lb]hitch VSYNC/PRESENT ×2] 13.2–16.7ms over 0.1s (med 6.9) — present/vsync-bound (rest 12.3ms, gpu 1.0ms)[0m
[lb]hitch EXTERNAL] 63.0ms (3 dropped @60Hz) (med 6.9, ×9.1) — rest-dominated, game-side quiet — OS/compositor/driver | proc 4.1 rcpu 0.7 gpu 0.7 rest 58.2 | alloc 40KB | ticks 3, remote.ents 25 | watchdog: 25/43 samples in 'bot.strategy'[0m
[lb]hitch]   gpu: draws 255, pipeline compiles +0, vram 3306MB[0m
[lb]hitch]   prev: 6.9 6.9 6.9 6.9 6.9 6.9 6.9 6.9[0m
[lb]hitch VSYNC/PRESENT] 16.7ms (med 6.9, ×2.4) — present/vsync-bound (rest 13.0ms, gpu 0.7ms) | proc 3.0 rcpu 0.7 gpu 0.7 rest 13.0 | alloc 178KB | ticks 2, remote.ents 25[0m
[lb]hitch EXTERNAL] 54.2ms (2 dropped @60Hz) (med 6.9, ×7.8) — rest-dominated, game-side quiet — OS/compositor/driver | proc 4.6 rcpu 0.7 gpu 0.7 rest 48.9 | alloc 48KB | ticks 3, remote.ents 25 | watchdog: 12/26 samples in 'bot.path'[0m
[lb]hitch VSYNC/PRESENT] 16.7ms (med 6.9, ×2.4) — present/vsync-bound (rest 13.0ms, gpu 0.7ms) | proc 2.9 rcpu 0.7 gpu 0.7 rest 13.0 | alloc 72KB | ticks 2, remote.ents 25[0m
[lb]hitch EXTERNAL] 35.1ms (1 dropped @60Hz) (med 6.9, ×5.1) — rest-dominated, game-side quiet — OS/compositor/driver | proc 8.3 rcpu 1.0 gpu 0.7 rest 25.8 | alloc 40KB | ticks 2, remote.ents 25[0m
[lb]hitch]   gpu: draws 270, pipeline compiles +0, vram 3306MB[0m
[lb]hitch]   prev: 7.7 6.2 6.9 7.0 6.9 7.1 7.1 7.1[0m
[lb]hitch VSYNC/PRESENT] 18.0ms (med 6.9, ×2.6) — present/vsync-bound (rest 13.1ms, gpu 0.7ms) | proc 4.2 rcpu 0.7 gpu 0.7 rest 13.1 | alloc 138KB | ticks 1, remote.ents 25 | watchdog: 3/4 samples in '(unscoped)'[0m
[portal] 'Portal_0' facing=True onScreen=False -> off near=0.05 size=(512, 384) camQ=<1059.7892, 317.07742, 27.03125> inO=<1216, 208, 32> inF=<-4.371139E-08, 1, 0>
[portal] 'Portal_1' facing=False onScreen=True -> off near=1.00 size=(512, 384) camQ=<1059.7892, 317.07742, 27.03125> inO=<-592, 224, 80> inF=<-1, -8.742278E-08, 0>
[lb]hitch VSYNC/PRESENT ×2] 15.3–18.0ms over 0.0s (med 6.9) — present/vsync-bound (rest 13.1ms, gpu 0.7ms)[0m
[lb]hitch CPU-LOGIC] 26.0ms (1 dropped @60Hz) (med 6.9, ×3.7) — ng.process 35.6ms (typ 4.0ms, 9× over) | proc 26.0 rcpu 0.7 gpu 0.7 rest 0.0 | alloc 40KB | ticks 2, remote.ents 25 | watchdog: 14/21 samples in 'bot.strategy'[0m
[lb]hitch]   gpu: draws 272, pipeline compiles +0, vram 3306MB[0m
[lb]hitch]   prev: 7.4 7.4 7.4 7.4 7.4 7.4 7.4 7.4[0m
[lb]hitch EXTERNAL] 51.0ms (2 dropped @60Hz) (med 6.9, ×7.3) — rest-dominated, game-side quiet — OS/compositor/driver | proc 11.0 rcpu 0.7 gpu 0.7 rest 39.2 | alloc 176KB | ticks 3, remote.ents 25 | watchdog: 1/3 samples in 'bot.strategy'[0m
[lb]hitch VSYNC/PRESENT] 17.1ms (med 6.9, ×2.5) — present/vsync-bound (rest 13.6ms, gpu 0.7ms) | proc 2.8 rcpu 0.7 gpu 0.7 rest 13.6 | alloc 35KB | ticks 2, remote.ents 25 | watchdog: 3/6 samples in '(unscoped)'[0m
[lb]frameprofile] scene: nodes 2924 objs-drawn 1707 draws 272 vram 3306MB[0m
[lb]frameprofile] census: Label 876  HBoxContainer 218  Control 157  Dependent 113  Button 110  CvarCheckBox 104  VBoxContainer 78  HSlider 62  CvarSlider 58  MarginContainer 52[0m
[lb]frameprofile] 682 frames: p50 6.9 p95 7.4 p99 17.9 p99.9 60.6ms (max 63.0) | 6 EXTERNAL, 9 VSYNC/PRESENT, 1 CPU-LOGIC | alloc 4MB/s heap 952.6MB | proc 2.6 gpu 1.7[0m
[lb]frameprofile] ms/frame: ng.process 1.5  server.tick 1.1  sim.move 0.8  move.in 0.6  bot.think 0.6  cw.process 0.6  proc:other 0.6  bot.strategy 0.5  cw.players 0.5  net.send 0.2[0m
[portal] 'Portal_0' facing=True onScreen=False -> off near=0.05 size=(512, 384) camQ=<1059.7892, 317.07742, 27.03125> inO=<1216, 208, 32> inF=<-4.371139E-08, 1, 0>
[portal] 'Portal_1' facing=False onScreen=True -> off near=1.00 size=(512, 384) camQ=<1059.7892, 317.07742, 27.03125> inO=<-592, 224, 80> inF=<-1, -8.742278E-08, 0>
[lb]hitch EXTERNAL] 59.5ms (3 dropped @60Hz) (med 6.9, ×8.6) — rest-dominated, game-side quiet — OS/compositor/driver | proc 4.4 rcpu 0.7 gpu 0.9 rest 54.4 | alloc 40KB | ticks 3, remote.ents 25 | watchdog: 31/39 samples in 'bot.strategy'[0m
[lb]hitch]   gpu: draws 282, pipeline compiles +0, vram 3306MB[0m
[lb]hitch]   prev: 7.4 7.4 7.4 7.4 7.4 7.4 7.4 7.1[0m
[lb]hitch VSYNC/PRESENT] 17.4ms (med 6.9, ×2.5) — present/vsync-bound (rest 12.5ms, gpu 2.7ms) | proc 4.2 rcpu 0.7 gpu 2.7 rest 12.5 | alloc 136KB | ticks 2, remote.ents 25 | watchdog: 3/3 samples in '(unscoped)'[0m
[portal] 'Portal_0' facing=True onScreen=False -> off near=0.05 size=(512, 384) camQ=<1059.7892, 317.07742, 27.03125> inO=<1216, 208, 32> inF=<-4.371139E-08, 1, 0>
[portal] 'Portal_1' facing=False onScreen=True -> off near=1.00 size=(512, 384) camQ=<1059.7892, 317.07742, 27.03125> inO=<-592, 224, 80> inF=<-1, -8.742278E-08, 0>
[lb]hitch VSYNC/PRESENT ×6] 13.1–52.5ms over 1.4s (med 6.9) — present/vsync-bound (rest 12.5ms, gpu 2.7ms)[0m
[lb]hitch CPU-LOGIC] 20.6ms (med 6.9, ×3.0) — ng.process 10.3ms | proc 11.8 rcpu 0.7 gpu 0.6 rest 8.2 | alloc 40KB | ticks 2, remote.ents 25 | watchdog: 2/5 samples in 'bot.path'[0m
[lb]hitch]   gpu: draws 273, pipeline compiles +0, vram 3306MB[0m
[lb]hitch]   prev: 6.9 6.9 6.9 6.9 6.9 6.9 6.9 52.5[0m
[lb]hitch VSYNC/PRESENT] 17.2ms (med 6.9, ×2.5) — present/vsync-bound (rest 13.8ms, gpu 0.7ms) | proc 2.5 rcpu 0.9 gpu 0.7 rest 13.8 | alloc 163KB | ticks 1, remote.ents 25 | watchdog: 4/8 samples in '(unscoped)'[0m
[portal] 'Portal_0' facing=True onScreen=False -> off near=0.05 size=(512, 384) camQ=<1059.7892, 317.07742, 27.03125> inO=<1216, 208, 32> inF=<-4.371139E-08, 1, 0>
[portal] 'Portal_1' facing=False onScreen=True -> off near=1.00 size=(512, 384) camQ=<1059.7892, 317.07742, 27.03125> inO=<-592, 224, 80> inF=<-1, -8.742278E-08, 0>
[lb]hitch VSYNC/PRESENT ×2] 13.7–17.2ms over 0.0s (med 6.9) — present/vsync-bound (rest 13.8ms, gpu 0.7ms)[0m
[portal] 'Portal_0' facing=True onScreen=False -> off near=0.05 size=(512, 384) camQ=<1059.7892, 317.07742, 27.03125> inO=<1216, 208, 32> inF=<-4.371139E-08, 1, 0>
[portal] 'Portal_1' facing=False onScreen=True -> off near=1.00 size=(512, 384) camQ=<1059.7892, 317.07742, 27.03125> inO=<-592, 224, 80> inF=<-1, -8.742278E-08, 0>
[lb]hitch EXTERNAL] 42.7ms (2 dropped @60Hz) (med 6.9, ×6.2) — rest-dominated, game-side quiet — OS/compositor/driver | proc 3.6 rcpu 0.7 gpu 3.9 rest 38.5 | alloc 40KB | ticks 3, remote.ents 24 | watchdog: 14/29 samples in 'bot.strategy'[0m
[lb]hitch]   gpu: draws 271, pipeline compiles +0, vram 3306MB[0m
[lb]hitch]   prev: 6.9 6.9 6.9 6.9 6.9 6.9 6.9 6.9[0m
[lb]hitch VSYNC/PRESENT] 16.6ms (med 6.9, ×2.4) — present/vsync-bound (rest 13.0ms, gpu 0.7ms) | proc 2.8 rcpu 0.7 gpu 0.7 rest 13.0 | alloc 185KB | ticks 1, remote.ents 24[0m
[portal] 'Portal_0' facing=True onScreen=False -> off near=0.05 size=(512, 384) camQ=<1071.9688, 318.41537, 27.03125> inO=<1216, 208, 32> inF=<-4.371139E-08, 1, 0>
[portal] 'Portal_1' facing=False onScreen=True -> off near=1.00 size=(512, 384) camQ=<1071.9688, 318.41537, 27.03125> inO=<-592, 224, 80> inF=<-1, -8.742278E-08, 0>
[lb]hitch VSYNC/PRESENT] 24.7ms (med 6.9, ×3.6) — present/vsync-bound (rest 21.3ms, gpu 0.7ms) | proc 2.8 rcpu 0.7 gpu 0.7 rest 21.3 | alloc 32KB | ticks 1, remote.ents 25 | watchdog: 8/17 samples in 'bot.path'[0m
[lb]hitch]   gpu: draws 266, pipeline compiles +0, vram 3306MB[0m
[lb]hitch]   prev: 6.9 6.9 6.9 6.9 6.9 6.9 6.9 6.9[0m
[lb]frameprofile] scene: nodes 2927 objs-drawn 1676 draws 266 vram 3306MB[0m
[lb]frameprofile] census: Label 876  HBoxContainer 218  Control 157  Dependent 113  Button 110  CvarCheckBox 104  VBoxContainer 78  HSlider 62  CvarSlider 58  MarginContainer 52[0m
[lb]frameprofile] 687 frames: p50 6.9 p95 8.4 p99 16.6 p99.9 52.4ms (max 59.5) | 2 EXTERNAL, 10 VSYNC/PRESENT, 1 CPU-LOGIC | alloc 5MB/s heap 951.2MB | proc 1.7 gpu 0.7[0m
[lb]frameprofile] ms/frame: ng.process 1.4  server.tick 1.1  sim.move 0.7  proc:other 0.6  cw.process 0.6  move.in 0.5  bot.think 0.5  cw.players 0.4  bot.strategy 0.4  net.send 0.2[0m
[portal] 'Portal_0' facing=True onScreen=False -> off near=0.05 size=(512, 384) camQ=<1071.9688, 318.41537, 27.03125> inO=<1216, 208, 32> inF=<-4.371139E-08, 1, 0>
[portal] 'Portal_1' facing=False onScreen=True -> off near=1.00 size=(512, 384) camQ=<1071.9688, 318.41537, 27.03125> inO=<-592, 224, 80> inF=<-1, -8.742278E-08, 0>
[lb]hitch EXTERNAL] 36.0ms (1 dropped @60Hz) (med 6.9, ×5.2) — rest-dominated, game-side quiet — OS/compositor/driver | proc 6.2 rcpu 0.6 gpu 0.7 rest 29.2 | alloc 40KB | ticks 3, remote.ents 25 | watchdog: 8/19 samples in 'bot.path'[0m
[lb]hitch]   gpu: draws 269, pipeline compiles +0, vram 3306MB[0m
[lb]hitch]   prev: 6.9 6.9 6.9 6.9 9.5 7.4 7.4 7.4[0m
[lb]hitch MIXED] 16.7ms (med 6.9, ×2.4) — mixed — cev.process 5.6ms | proc 8.8 rcpu 0.7 gpu 0.7 rest 7.2 | alloc 602KB | ticks 1, remote.ents 40[0m
[lb]hitch VSYNC/PRESENT] 16.7ms (med 6.9, ×2.4) — present/vsync-bound (rest 12.6ms, gpu 0.7ms) | proc 3.4 rcpu 0.7 gpu 0.7 rest 12.6 | alloc 56KB | ticks 1, remote.ents 40 | watchdog: 4/5 samples in '(unscoped)'[0m
[lb]hitch CPU-LOGIC] 50.0ms (2 dropped @60Hz) (med 6.9, ×7.2) — ng.process 32.6ms (typ 4.8ms, 7× over) | proc 34.1 rcpu 0.6 gpu 3.5 rest 15.3 | alloc 64KB | ticks 3, remote.ents 39 | watchdog: 8/18 samples in 'bot.strategy'[0m
[lb]hitch]   gpu: draws 215, pipeline compiles +0, vram 3307MB[0m
[lb]hitch]   prev: 6.9 6.9 6.9 6.9 6.9 6.9 6.9 6.9[0m
[lb]hitch EXTERNAL] 49.0ms (2 dropped @60Hz) (med 6.9, ×7.1) — rest-dominated, game-side quiet — OS/compositor/driver | proc 4.4 rcpu 0.6 gpu 2.1 rest 44.0 | alloc 232KB | ticks 3, remote.ents 39 | watchdog: 8/23 samples in 'bot.strategy'[0m
[lb]hitch VSYNC/PRESENT] 15.0ms (med 6.9, ×2.2) — present/vsync-bound (rest 10.7ms, gpu 2.1ms) | proc 3.7 rcpu 0.6 gpu 2.1 rest 10.7 | alloc 40KB | ticks 2, remote.ents 39[0m
[portal] 'Portal_0' facing=True onScreen=False -> off near=0.05 size=(512, 384) camQ=<1056.634, 387.11194, 27.03125> inO=<1216, 208, 32> inF=<-4.371139E-08, 1, 0>
[portal] 'Portal_1' facing=False onScreen=True -> off near=1.00 size=(512, 384) camQ=<1056.634, 387.11194, 27.03125> inO=<-592, 224, 80> inF=<-1, -8.742278E-08, 0>
[lb]hitch EXTERNAL] 34.9ms (1 dropped @60Hz) (med 6.9, ×5.0) — rest-dominated, game-side quiet — OS/compositor/driver | proc 3.2 rcpu 0.8 gpu 0.6 rest 31.0 | alloc 32KB | ticks 2, remote.ents 39 | watchdog: 10/14 samples in 'bot.strategy'[0m
[lb]hitch VSYNC/PRESENT] 13.9ms (med 6.9, ×2.0) — present/vsync-bound (rest 10.5ms, gpu 0.6ms) | proc 2.7 rcpu 0.6 gpu 0.6 rest 10.5 | alloc 32KB | ticks 1, remote.ents 39[0m
[lb]hitch]   gpu: draws 215, pipeline compiles +0, vram 3308MB[0m
[lb]hitch]   events: [lb]-6f] anim cache HIT models/player/erebus.iqm; [lb]-5f] stream: player model models/player/erebus.iqm (parse) built (0.0ms); [lb]-4f] stream: player model models/player/erebus.iqm tex textures/erebusfullbright built (0.0ms); [lb]-4f] stream: player model models/player/erebus.iqm tex textures/erebusfullbright_norm built (0.0ms); [lb]-4f] stream: player model models/player/erebus.iqm tex textures/erebusfullbright_gloss built (0.0ms); [lb]-4f] stream: player model models/player/erebus.iqm tex textures/erebusfullbright_glow built (0.0ms); [lb]-4f] stream: player model models/player/erebus.iqm tex textures/erebusfullbright_reflect built (0.0ms); [lb]-4f] stream: player model models/player/erebus.iqm tex textures/erebusfullbright_shirt built (0.0ms); [lb]-4f] stream: player model models/player/erebus.iqm tex textures/erebusfullbright_pants built (0.0ms); [lb]-4f] stream: player model models/player/erebus.iqm tex textures/shadowheadfb built (0.0ms); [lb]-4f] stream: player model models/player/erebus.iqm tex textures/shadowheadfb_norm built (0.0ms); [lb]-4f] stream: player model models/player/erebus.iqm tex textures/shadowheadfb_gloss built (0.0ms); [lb]-4f] stream: player model models/player/erebus.iqm tex textures/shadowheadfb_glow built (0.0ms); [lb]-4f] stream: player model models/player/erebus.iqm tex textures/shadowheadfb_reflect built (0.0ms); [lb]-4f] stream: player model models/player/erebus.iqm tex textures/shadowheadfb_shirt built (0.0ms); [lb]-4f] stream: player model models/player/erebus.iqm tex textures/shadowheadfb_pants built (2.0ms)[0m
[lb]hitch]   prev: 6.9 6.9 6.9 8.8 6.9 6.9 34.9 7.2[0m
[lb]hitch EXTERNAL] 54.7ms (2 dropped @60Hz) (med 6.7, ×8.2) — rest-dominated, game-side quiet — OS/compositor/driver | proc 5.7 rcpu 0.7 gpu 0.6 rest 48.3 | alloc 48KB | ticks 3, remote.ents 40 | watchdog: 23/28 samples in 'bot.strategy'[0m
[lb]hitch VSYNC/PRESENT] 12.8ms (med 6.7, ×1.9) — present/vsync-bound (rest 9.0ms, gpu 1.2ms) | proc 3.1 rcpu 0.7 gpu 1.2 rest 9.0 | alloc 40KB | ticks 1, remote.ents 40[0m
[portal] 'Portal_0' facing=True onScreen=False -> off near=0.05 size=(512, 384) camQ=<1025.054, 446.2636, 27.03125> inO=<1216, 208, 32> inF=<-4.371139E-08, 1, 0>
[portal] 'Portal_1' facing=False onScreen=False -> off near=1.00 size=(512, 384) camQ=<1025.054, 446.2636, 27.03125> inO=<-592, 224, 80> inF=<-1, -8.742278E-08, 0>
[lb]hitch EXTERNAL] 74.0ms (3 dropped @60Hz) (med 6.7, ×11.1) — rest-dominated, game-side quiet — OS/compositor/driver | proc 5.4 rcpu 0.7 gpu 0.7 rest 67.9 | alloc 40KB | ticks 3, remote.ents 40 | watchdog: 37/42 samples in 'bot.strategy'[0m
[lb]hitch]   gpu: draws 241, pipeline compiles +0, vram 3308MB[0m
[lb]hitch]   prev: 6.9 6.9 6.9 6.9 6.9 6.9 6.9 6.9[0m
[lb]hitch MIXED] 12.1ms (med 6.7, ×1.8) — mixed — ng.process 3.5ms | proc 5.2 rcpu 0.8 gpu 0.7 rest 6.1 | alloc 194KB | ticks 3, remote.ents 40 | watchdog: 4/4 samples in '(unscoped)'[0m
[lb]hitch VSYNC/PRESENT] 12.5ms (med 6.7, ×1.9) — present/vsync-bound (rest 8.0ms, gpu 0.7ms) | proc 3.7 rcpu 0.8 gpu 0.7 rest 8.0 | alloc 32KB | ticks 1, remote.ents 40[0m
[lb]hitch EXTERNAL] 76.9ms (4 dropped @60Hz) (med 6.9, ×11.1) — rest-dominated, game-side quiet — OS/compositor/driver | proc 7.2 rcpu 0.7 gpu 1.0 rest 69.1 | alloc 40KB | ticks 3, remote.ents 40[0m
[lb]hitch]   gpu: draws 226, pipeline compiles +0, vram 3308MB[0m
[lb]hitch]   prev: 6.9 6.9 6.9 6.9 6.9 6.9 6.9 6.7[0m
[lb]hitch MIXED] 13.7ms (med 6.9, ×2.0) — mixed — ng.process 5.5ms | proc 7.0 rcpu 0.7 gpu 0.9 rest 6.0 | alloc 173KB | ticks 3, remote.ents 40 | watchdog: 4/5 samples in '(unscoped)'[0m
[lb]hitch VSYNC/PRESENT] 13.6ms (med 6.9, ×2.0) — present/vsync-bound (rest 10.1ms, gpu 0.9ms) | proc 2.9 rcpu 0.7 gpu 0.9 rest 10.1 | alloc 32KB | ticks 1, remote.ents 40 | watchdog: 4/4 samples in '(unscoped)'[0m
[portal] 'Portal_0' facing=True onScreen=False -> off near=0.05 size=(512, 384) camQ=<1025.054, 446.2636, 27.03125> inO=<1216, 208, 32> inF=<-4.371139E-08, 1, 0>
[portal] 'Portal_1' facing=False onScreen=False -> off near=1.00 size=(512, 384) camQ=<1025.054, 446.2636, 27.03125> inO=<-592, 224, 80> inF=<-1, -8.742278E-08, 0>
[lb]hitch EXTERNAL] 43.2ms (2 dropped @60Hz) (med 6.9, ×6.2) — rest-dominated, game-side quiet — OS/compositor/driver | proc 3.8 rcpu 0.6 gpu 0.9 rest 38.8 | alloc 40KB | ticks 3, remote.ents 40 | watchdog: 17/22 samples in 'bot.path'[0m
[lb]hitch VSYNC/PRESENT] 16.7ms (med 6.9, ×2.4) — present/vsync-bound (rest 12.7ms, gpu 1.7ms) | proc 3.3 rcpu 0.6 gpu 1.7 rest 12.7 | alloc 56KB | ticks 1, remote.ents 40[0m
[lb]hitch EXTERNAL] 59.3ms (3 dropped @60Hz) (med 6.9, ×8.5) — rest-dominated, game-side quiet — OS/compositor/driver | proc 5.2 rcpu 0.7 gpu 0.9 rest 53.4 | alloc 48KB | ticks 3, remote.ents 40 | watchdog: 31/36 samples in 'bot.strategy'[0m
[lb]hitch]   gpu: draws 226, pipeline compiles +0, vram 3308MB[0m
[lb]hitch]   prev: 6.7 6.7 6.7 6.7 6.7 6.7 6.7 6.7[0m
[lb]hitch VSYNC/PRESENT] 16.7ms (med 6.9, ×2.4) — present/vsync-bound (rest 12.6ms, gpu 0.9ms) | proc 3.5 rcpu 0.6 gpu 0.9 rest 12.6 | alloc 144KB | ticks 2, remote.ents 40 | watchdog: 4/4 samples in '(unscoped)'[0m
[portal] 'Portal_0' facing=True onScreen=False -> off near=0.05 size=(512, 384) camQ=<1025.054, 446.2636, 27.03125> inO=<1216, 208, 32> inF=<-4.371139E-08, 1, 0>
[portal] 'Portal_1' facing=False onScreen=False -> off near=1.00 size=(512, 384) camQ=<1025.054, 446.2636, 27.03125> inO=<-592, 224, 80> inF=<-1, -8.742278E-08, 0>
[lb]hitch VSYNC/PRESENT ×2] 14.5–16.7ms over 0.1s (med 6.9) — present/vsync-bound (rest 12.6ms, gpu 0.9ms)[0m
[lb]hitch EXTERNAL] 119.7ms (6 dropped @60Hz) (med 6.9, ×17.2) — rest-dominated, game-side quiet — OS/compositor/driver | proc 5.2 rcpu 0.6 gpu 0.7 rest 113.8 | alloc 64KB | ticks 3, remote.ents 39 | watchdog: 37/77 samples in 'bot.path'[0m
[lb]hitch]   gpu: draws 219, pipeline compiles +0, vram 3307MB[0m
[lb]hitch]   prev: 6.9 6.9 6.9 6.9 6.9 6.9 6.9 6.9[0m
[lb]frameprofile] scene: nodes 2959 objs-drawn 1651 draws 219 vram 3307MB[0m
[lb]frameprofile] census: Label 876  HBoxContainer 218  Control 157  Dependent 113  Button 110  CvarCheckBox 104  VBoxContainer 78  HSlider 62  MeshInstance3D 58  CvarSlider 58[0m
[lb]frameprofile] 644 frames: p50 6.9 p95 9.1 p99 43.1 p99.9 76.9ms (max 119.7) | 9 EXTERNAL, 9 VSYNC/PRESENT, 1 CPU-LOGIC, 3 MIXED | alloc 4MB/s heap 951.2MB | proc 5.2 gpu 0.7[0m
[lb]frameprofile] ms/frame: ng.process 2.0  server.tick 1.7  sim.move 1.3  move.in 1.0  bot.think 1.0  bot.strategy 0.9  cw.process 0.7  proc:other 0.6  cw.players 0.5  move.pm 0.2[0m
[lb]hitch VSYNC/PRESENT] 19.9ms (med 6.9, ×2.9) — present/vsync-bound (rest 13.0ms, gpu 0.7ms) | proc 6.2 rcpu 0.6 gpu 0.7 rest 13.0 | alloc 210KB | ticks 3, remote.ents 40 | watchdog: 6/6 samples in '(unscoped)'[0m
[portal] 'Portal_0' facing=True onScreen=False -> off near=0.05 size=(512, 384) camQ=<1025.054, 446.2636, 27.03125> inO=<1216, 208, 32> inF=<-4.371139E-08, 1, 0>
[portal] 'Portal_1' facing=False onScreen=False -> off near=1.00 size=(512, 384) camQ=<1025.054, 446.2636, 27.03125> inO=<-592, 224, 80> inF=<-1, -8.742278E-08, 0>
[lb]hitch EXTERNAL] 39.0ms (1 dropped @60Hz) (med 6.9, ×5.6) — rest-dominated, game-side quiet — OS/compositor/driver | proc 3.6 rcpu 0.7 gpu 0.7 rest 34.7 | alloc 32KB | ticks 3, remote.ents 40 | watchdog: 22/26 samples in 'bot.strategy'[0m
[lb]hitch]   gpu: draws 234, pipeline compiles +0, vram 3308MB[0m
[lb]hitch]   prev: 6.9 6.9 6.9 6.9 6.9 6.9 6.9 6.9[0m
[lb]hitch VSYNC/PRESENT] 16.7ms (med 6.9, ×2.4) — present/vsync-bound (rest 12.7ms, gpu 0.7ms) | proc 3.3 rcpu 0.7 gpu 0.7 rest 12.7 | alloc 141KB | ticks 1, remote.ents 40[0m
[portal] 'Portal_0' facing=True onScreen=False -> off near=0.05 size=(512, 384) camQ=<1025.054, 446.2636, 27.03125> inO=<1216, 208, 32> inF=<-4.371139E-08, 1, 0>
[portal] 'Portal_1' facing=False onScreen=False -> off near=1.00 size=(512, 384) camQ=<1025.054, 446.2636, 27.03125> inO=<-592, 224, 80> inF=<-1, -8.742278E-08, 0>
[portal] 'Portal_0' facing=True onScreen=False -> off near=0.05 size=(512, 384) camQ=<1025.054, 446.2636, 27.03125> inO=<1216, 208, 32> inF=<-4.371139E-08, 1, 0>
[portal] 'Portal_1' facing=False onScreen=False -> off near=1.00 size=(512, 384) camQ=<1025.054, 446.2636, 27.03125> inO=<-592, 224, 80> inF=<-1, -8.742278E-08, 0>
[lb]hitch VSYNC/PRESENT ×2] 14.0–16.7ms over 0.5s (med 6.9) — present/vsync-bound (rest 12.7ms, gpu 0.7ms)[0m
[portal] 'Portal_0' facing=True onScreen=False -> off near=0.05 size=(512, 384) camQ=<1025.054, 446.2636, 27.03125> inO=<1216, 208, 32> inF=<-4.371139E-08, 1, 0>
[portal] 'Portal_1' facing=False onScreen=False -> off near=1.00 size=(512, 384) camQ=<1025.054, 446.2636, 27.03125> inO=<-592, 224, 80> inF=<-1, -8.742278E-08, 0>
[portal] 'Portal_0' facing=True onScreen=False -> off near=0.05 size=(512, 384) camQ=<1025.054, 446.2636, 27.03125> inO=<1216, 208, 32> inF=<-4.371139E-08, 1, 0>
[portal] 'Portal_1' facing=False onScreen=False -> off near=1.00 size=(512, 384) camQ=<1025.054, 446.2636, 27.03125> inO=<-592, 224, 80> inF=<-1, -8.742278E-08, 0>
[lb]hitch MIXED] 13.5ms (med 6.9, ×1.9) — mixed — ng.process 2.4ms | proc 5.0 rcpu 1.1 gpu 0.6 rest 7.4 | alloc 40KB | ticks 1, remote.ents 41 | watchdog: 4/5 samples in '(unscoped)'[0m
[lb]hitch]   gpu: draws 223, pipeline compiles +0, vram 3309MB[0m
[lb]hitch]   prev: 7.1 7.5 7.1 7.1 7.1 7.1 7.1 7.1[0m
[lb]hitch VSYNC/PRESENT] 14.6ms (med 6.9, ×2.1) — present/vsync-bound (rest 8.9ms, gpu 0.7ms) | proc 4.6 rcpu 1.1 gpu 0.7 rest 8.9 | alloc 176KB | ticks 1, remote.ents 41 | watchdog: 6/6 samples in '(unscoped)'[0m
[lb]hitch EXTERNAL] 47.1ms (2 dropped @60Hz) (med 6.9, ×6.8) — rest-dominated, game-side quiet — OS/compositor/driver | proc 5.3 rcpu 0.7 gpu 0.7 rest 41.1 | alloc 40KB | ticks 3, remote.ents 41 | watchdog: 22/26 samples in 'bot.strategy'[0m
[lb]hitch]   gpu: draws 227, pipeline compiles +0, vram 3309MB[0m
[lb]hitch]   prev: 6.9 6.9 6.9 6.9 6.9 6.9 6.9 6.9[0m
[lb]hitch VSYNC/PRESENT] 16.7ms (med 6.9, ×2.4) — present/vsync-bound (rest 12.9ms, gpu 0.7ms) | proc 3.2 rcpu 0.6 gpu 0.7 rest 12.9 | alloc 172KB | ticks 1, remote.ents 41 | watchdog: 3/3 samples in '(unscoped)'[0m
[lb]frameprofile] scene: nodes 2991 objs-drawn 1692 draws 225 vram 3309MB[0m
[lb]frameprofile] census: Label 876  HBoxContainer 218  Control 157  Dependent 113  Button 110  CvarCheckBox 104  VBoxContainer 78  HSlider 62  MeshInstance3D 62  CvarSlider 58[0m
[lb]frameprofile] 701 frames: p50 6.9 p95 7.9 p99 13.6 p99.9 38.9ms (max 47.1) | 2 EXTERNAL, 6 VSYNC/PRESENT, 1 MIXED | alloc 5MB/s heap 953.8MB | proc 6.3 gpu 0.7[0m
[lb]frameprofile] ms/frame: ng.process 1.2  cw.process 1.0  cw.players 0.9  server.tick 0.8  proc:other 0.6  sim.move 0.5  move.in 0.3  bot.think 0.3  net.send 0.2  bot.strategy 0.2[0m
[portal] 'Portal_0' facing=True onScreen=False -> off near=0.05 size=(512, 384) camQ=<1025.054, 446.2636, 27.03125> inO=<1216, 208, 32> inF=<-4.371139E-08, 1, 0>
[portal] 'Portal_1' facing=False onScreen=False -> off near=1.00 size=(512, 384) camQ=<1025.054, 446.2636, 27.03125> inO=<-592, 224, 80> inF=<-1, -8.742278E-08, 0>
[lb]hitch VSYNC/PRESENT ×2] 16.7–16.7ms over 0.0s (med 6.9) — present/vsync-bound (rest 12.9ms, gpu 0.7ms)[0m
[lb]hitch EXTERNAL] 35.6ms (1 dropped @60Hz) (med 6.9, ×5.1) — rest-dominated, game-side quiet — OS/compositor/driver | proc 3.9 rcpu 0.6 gpu 0.7 rest 31.1 | alloc 40KB | ticks 2, remote.ents 41 | watchdog: 14/19 samples in 'bot.strategy'[0m
[lb]hitch]   gpu: draws 219, pipeline compiles +0, vram 3309MB[0m
[lb]hitch]   prev: 7.2 6.7 6.9 6.9 7.0 6.9 7.0 6.9[0m
[lb]hitch VSYNC/PRESENT] 17.3ms (med 6.9, ×2.5) — present/vsync-bound (rest 13.0ms, gpu 0.7ms) | proc 3.6 rcpu 0.6 gpu 0.7 rest 13.0 | alloc 163KB | ticks 2, remote.ents 41[0m
[lb]hitch EXTERNAL] 37.2ms (1 dropped @60Hz) (med 6.7, ×5.6) — rest-dominated, game-side quiet — OS/compositor/driver | proc 3.7 rcpu 0.6 gpu 0.7 rest 32.9 | alloc 40KB | ticks 2, remote.ents 41 | watchdog: 12/15 samples in 'bot.strategy'[0m
[lb]hitch]   gpu: draws 210, pipeline compiles +0, vram 3309MB[0m
[lb]hitch]   prev: 6.9 6.9 6.9 6.9 6.9 6.9 6.9 6.9[0m
[lb]hitch VSYNC/PRESENT] 16.7ms (med 6.7, ×2.5) — present/vsync-bound (rest 12.8ms, gpu 0.7ms) | proc 3.3 rcpu 0.6 gpu 0.7 rest 12.8 | alloc 170KB | ticks 2, remote.ents 41 | watchdog: 3/3 samples in '(unscoped)'[0m
[portal] 'Portal_0' facing=True onScreen=False -> off near=0.05 size=(512, 384) camQ=<1025.054, 446.2636, 27.03125> inO=<1216, 208, 32> inF=<-4.371139E-08, 1, 0>
[portal] 'Portal_1' facing=False onScreen=False -> off near=1.00 size=(512, 384) camQ=<1025.054, 446.2636, 27.03125> inO=<-592, 224, 80> inF=<-1, -8.742278E-08, 0>
[portal] 'Portal_0' facing=True onScreen=False -> off near=0.05 size=(512, 384) camQ=<1025.054, 446.2636, 27.03125> inO=<1216, 208, 32> inF=<-4.371139E-08, 1, 0>
[portal] 'Portal_1' facing=False onScreen=False -> off near=1.00 size=(512, 384) camQ=<1025.054, 446.2636, 27.03125> inO=<-592, 224, 80> inF=<-1, -8.742278E-08, 0>
[lb]hitch VSYNC/PRESENT ×2] 15.2–16.7ms over 1.0s (med 6.9) — present/vsync-bound (rest 12.8ms, gpu 0.7ms)[0m
[portal] 'Portal_0' facing=True onScreen=False -> off near=0.05 size=(512, 384) camQ=<1025.054, 446.2636, 27.03125> inO=<1216, 208, 32> inF=<-4.371139E-08, 1, 0>
[portal] 'Portal_1' facing=False onScreen=False -> off near=1.00 size=(512, 384) camQ=<1025.054, 446.2636, 27.03125> inO=<-592, 224, 80> inF=<-1, -8.742278E-08, 0>
[lb]hitch EXTERNAL] 27.0ms (1 dropped @60Hz) (med 6.9, ×3.9) — rest-dominated, game-side quiet — OS/compositor/driver | proc 3.7 rcpu 0.6 gpu 2.6 rest 22.7 | alloc 40KB | ticks 2, remote.ents 42 | watchdog: 8/18 samples in 'bot.strategy'[0m
[lb]hitch]   gpu: draws 225, pipeline compiles +0, vram 3309MB[0m
[lb]hitch]   prev: 6.9 6.9 6.9 6.9 6.9 6.9 6.9 6.9[0m
[lb]hitch VSYNC/PRESENT] 15.8ms (med 6.9, ×2.3) — present/vsync-bound (rest 11.7ms, gpu 0.8ms) | proc 3.4 rcpu 0.7 gpu 0.8 rest 11.7 | alloc 40KB | ticks 1, remote.ents 41 | watchdog: 3/6 samples in '(unscoped)'[0m
[portal] 'Portal_0' facing=True onScreen=False -> off near=0.05 size=(512, 384) camQ=<1025.054, 446.2636, 27.03125> inO=<1216, 208, 32> inF=<-4.371139E-08, 1, 0>
[portal] 'Portal_1' facing=False onScreen=False -> off near=1.00 size=(512, 384) camQ=<1025.054, 446.2636, 27.03125> inO=<-592, 224, 80> inF=<-1, -8.742278E-08, 0>
[lb]frameprofile] scene: nodes 2981 objs-drawn 1668 draws 198 vram 3308MB[0m
[lb]frameprofile] census: Label 876  HBoxContainer 218  Control 157  Dependent 113  Button 110  CvarCheckBox 104  VBoxContainer 78  HSlider 62  MeshInstance3D 60  CvarSlider 58[0m
[lb]frameprofile] 707 frames: p50 6.9 p95 8.1 p99 11.1 p99.9 35.6ms (max 37.2) | 3 EXTERNAL, 5 VSYNC/PRESENT | alloc 5MB/s heap 948.3MB | proc 3.1 gpu 0.7[0m
[lb]frameprofile] ms/frame: ng.process 1.2  cw.process 0.9  server.tick 0.8  cw.players 0.8  proc:other 0.6  sim.move 0.5  move.in 0.3  bot.think 0.3  bot.strategy 0.2  net.send 0.2[0m
[portal] 'Portal_0' facing=True onScreen=False -> off near=0.05 size=(512, 384) camQ=<1025.054, 446.2636, 27.03125> inO=<1216, 208, 32> inF=<-4.371139E-08, 1, 0>
[portal] 'Portal_1' facing=False onScreen=False -> off near=1.00 size=(512, 384) camQ=<1025.054, 446.2636, 27.03125> inO=<-592, 224, 80> inF=<-1, -8.742278E-08, 0>
[lb]hitch VSYNC/PRESENT ×2] 15.8–23.9ms over 0.4s (med 6.9) — present/vsync-bound (rest 11.7ms, gpu 0.8ms)[0m
[lb]hitch VSYNC/PRESENT] 15.6ms (med 6.9, ×2.2) — present/vsync-bound (rest 11.9ms, gpu 0.9ms) | proc 3.1 rcpu 0.6 gpu 0.9 rest 11.9 | alloc 40KB | ticks 1, remote.ents 41 | watchdog: 7/12 samples in 'bot.strategy'[0m
[lb]hitch]   gpu: draws 200, pipeline compiles +0, vram 3308MB[0m
[lb]hitch]   prev: 6.9 6.9 6.9 6.9 6.9 6.9 6.9 6.9[0m
[lb]hitch EXTERNAL] 29.3ms (1 dropped @60Hz) (med 6.9, ×4.2) — rest-dominated, game-side quiet — OS/compositor/driver | proc 3.6 rcpu 0.9 gpu 1.0 rest 24.8 | alloc 40KB | ticks 2, remote.ents 40 | watchdog: 6/12 samples in 'bot.strategy'[0m
[lb]hitch VSYNC/PRESENT] 13.4ms (med 6.9, ×1.9) — present/vsync-bound (rest 9.9ms, gpu 1.0ms) | proc 2.9 rcpu 0.6 gpu 1.0 rest 9.9 | alloc 40KB | ticks 1, remote.ents 40[0m
[portal] 'Portal_0' facing=True onScreen=False -> off near=0.05 size=(512, 384) camQ=<1025.054, 446.2636, 27.03125> inO=<1216, 208, 32> inF=<-4.371139E-08, 1, 0>
[portal] 'Portal_1' facing=False onScreen=False -> off near=1.00 size=(512, 384) camQ=<1025.054, 446.2636, 27.03125> inO=<-592, 224, 80> inF=<-1, -8.742278E-08, 0>
[lb]hitch VSYNC/PRESENT] 15.4ms (med 6.9, ×2.2) — present/vsync-bound (rest 10.1ms, gpu 2.2ms) | proc 4.7 rcpu 0.6 gpu 2.2 rest 10.1 | alloc 37KB | ticks 1, remote.ents 40 | watchdog: 12/15 samples in 'bot.strategy'[0m
[lb]hitch]   gpu: draws 205, pipeline compiles +0, vram 3308MB[0m
[lb]hitch]   prev: 6.9 7.0 6.9 6.9 6.9 6.9 6.9 6.9[0m
[portal] 'Portal_0' facing=True onScreen=False -> off near=0.05 size=(512, 384) camQ=<1025.054, 446.2636, 27.03125> inO=<1216, 208, 32> inF=<-4.371139E-08, 1, 0>
[portal] 'Portal_1' facing=False onScreen=False -> off near=1.00 size=(512, 384) camQ=<1025.054, 446.2636, 27.03125> inO=<-592, 224, 80> inF=<-1, -8.742278E-08, 0>
[portal] 'Portal_0' facing=True onScreen=False -> off near=0.05 size=(512, 384) camQ=<1048.6034, 369.78326, 27.03125> inO=<1216, 208, 32> inF=<-4.371139E-08, 1, 0>
[portal] 'Portal_1' facing=False onScreen=True -> off near=1.00 size=(512, 384) camQ=<1048.6034, 369.78326, 27.03125> inO=<-592, 224, 80> inF=<-1, -8.742278E-08, 0>
[lb]hitch VSYNC/PRESENT] 24.7ms (med 6.9, ×3.6) — present/vsync-bound (rest 16.2ms, gpu 0.7ms) | proc 7.7 rcpu 0.8 gpu 0.7 rest 16.2 | alloc 40KB | ticks 2, remote.ents 40[0m
[lb]hitch]   gpu: draws 196, pipeline compiles +0, vram 3308MB[0m
[lb]hitch]   prev: 6.9 6.9 7.1 7.1 7.1 7.1 7.1 7.1[0m
[lb]hitch VSYNC/PRESENT ×3] 13.3–24.7ms over 0.0s (med 6.9) — present/vsync-bound (rest 16.2ms, gpu 0.7ms)[0m
[lb]hitch EXTERNAL] 56.4ms (2 dropped @60Hz) (med 6.9, ×8.1) — rest-dominated, game-side quiet — OS/compositor/driver | proc 7.7 rcpu 0.8 gpu 0.4 rest 47.9 | alloc 48KB | ticks 3, remote.ents 40[0m
[lb]hitch VSYNC/PRESENT] 16.7ms (med 6.9, ×2.4) — present/vsync-bound (rest 11.4ms, gpu 0.4ms) | proc 4.6 rcpu 0.6 gpu 0.4 rest 11.4 | alloc 56KB | ticks 2, remote.ents 40 | watchdog: 3/4 samples in '(unscoped)'[0m
[lb]hitch VSYNC/PRESENT ×2] 15.7–16.7ms over 0.0s (med 6.9) — present/vsync-bound (rest 11.4ms, gpu 0.4ms)[0m
[lb]hitch EXTERNAL] 46.6ms (2 dropped @60Hz) (med 6.9, ×6.7) — rest-dominated, game-side quiet — OS/compositor/driver | proc 3.8 rcpu 0.8 gpu 0.4 rest 42.1 | alloc 40KB | ticks 3, remote.ents 40 | watchdog: 18/22 samples in 'bot.strategy'[0m
[lb]hitch]   gpu: draws 193, pipeline compiles +0, vram 3308MB[0m
[lb]hitch]   prev: 6.7 6.7 6.7 6.7 6.7 6.7 6.7 6.7[0m
[lb]hitch VSYNC/PRESENT] 13.0ms (med 6.9, ×1.9) — present/vsync-bound (rest 9.9ms, gpu 0.4ms) | proc 2.4 rcpu 0.7 gpu 0.4 rest 9.9 | alloc 40KB | ticks 1, remote.ents 40[0m
[portal] 'Portal_0' facing=True onScreen=False -> off near=0.05 size=(512, 384) camQ=<980.3809, 387.57962, 27.005615> inO=<1216, 208, 32> inF=<-4.371139E-08, 1, 0>
[portal] 'Portal_1' facing=False onScreen=True -> off near=1.00 size=(512, 384) camQ=<980.3809, 387.57962, 27.005615> inO=<-592, 224, 80> inF=<-1, -8.742278E-08, 0>
[lb]frameprofile] scene: nodes 2983 objs-drawn 1623 draws 198 vram 3308MB[0m
[lb]frameprofile] census: Label 876  HBoxContainer 218  Control 157  Dependent 113  Button 110  CvarCheckBox 104  VBoxContainer 78  HSlider 62  MeshInstance3D 61  CvarSlider 58[0m
[lb]frameprofile] 690 frames: p50 6.9 p95 8.4 p99 15.6 p99.9 46.6ms (max 56.4) | 3 EXTERNAL, 10 VSYNC/PRESENT | alloc 5MB/s heap 950.2MB | proc 2.6 gpu 0.4[0m
[lb]frameprofile] ms/frame: ng.process 1.4  server.tick 1.0  cw.process 0.7  sim.move 0.7  proc:other 0.6  cw.players 0.6  move.in 0.4  bot.think 0.4  bot.strategy 0.4  net.send 0.2[0m
[portal] 'Portal_0' facing=True onScreen=False -> off near=0.05 size=(512, 384) camQ=<980.3809, 387.57962, 27.00562> inO=<1216, 208, 32> inF=<-4.371139E-08, 1, 0>
[portal] 'Portal_1' facing=False onScreen=True -> off near=1.00 size=(512, 384) camQ=<980.3809, 387.57962, 27.00562> inO=<-592, 224, 80> inF=<-1, -8.742278E-08, 0>
[lb]hitch VSYNC/PRESENT ×2] 13.0–18.6ms over 0.6s (med 6.9) — present/vsync-bound (rest 9.9ms, gpu 0.4ms)[0m
[lb]hitch EXTERNAL] 30.9ms (1 dropped @60Hz) (med 6.9, ×4.4) — rest-dominated, game-side quiet — OS/compositor/driver | proc 2.9 rcpu 0.6 gpu 0.4 rest 27.4 | alloc 40KB | ticks 2, remote.ents 42 | watchdog: 23/26 samples in 'bot.strategy'[0m
[lb]hitch]   gpu: draws 190, pipeline compiles +0, vram 3308MB[0m
[lb]hitch]   prev: 6.9 6.9 6.9 6.9 6.9 6.9 6.9 6.9[0m
[lb]hitch VSYNC/PRESENT] 16.7ms (med 6.9, ×2.4) — present/vsync-bound (rest 13.3ms, gpu 0.4ms) | proc 2.8 rcpu 0.6 gpu 0.4 rest 13.3 | alloc 149KB | ticks 1, remote.ents 42[0m
[portal] 'Portal_0' facing=True onScreen=False -> off near=0.05 size=(512, 384) camQ=<980.3809, 387.57962, 27.00562> inO=<1216, 208, 32> inF=<-4.371139E-08, 1, 0>
[portal] 'Portal_1' facing=False onScreen=True -> off near=1.00 size=(512, 384) camQ=<980.3809, 387.57962, 27.00562> inO=<-592, 224, 80> inF=<-1, -8.742278E-08, 0>
[lb]hitch VSYNC/PRESENT ×2] 16.7–16.7ms over 0.0s (med 6.9) — present/vsync-bound (rest 13.3ms, gpu 0.4ms)[0m
[lb]hitch VSYNC/PRESENT] 23.1ms (med 6.9, ×3.3) — present/vsync-bound (rest 19.9ms, gpu 0.7ms) | proc 2.5 rcpu 0.7 gpu 0.7 rest 19.9 | alloc 40KB | ticks 1, remote.ents 41 | watchdog: 16/19 samples in 'bot.strategy'[0m
[lb]hitch]   gpu: draws 194, pipeline compiles +0, vram 3309MB[0m
[lb]hitch]   prev: 6.7 6.7 6.7 6.7 6.7 6.7 6.7 6.7[0m
[portal] 'Portal_0' facing=True onScreen=False -> off near=0.05 size=(512, 384) camQ=<980.3809, 387.57962, 27.00562> inO=<1216, 208, 32> inF=<-4.371139E-08, 1, 0>
[portal] 'Portal_1' facing=False onScreen=False -> off near=1.00 size=(512, 384) camQ=<980.3809, 387.57962, 27.00562> inO=<-592, 224, 80> inF=<-1, -8.742278E-08, 0>
[lb]hitch EXTERNAL] 30.2ms (1 dropped @60Hz) (med 6.9, ×4.4) — rest-dominated, game-side quiet — OS/compositor/driver | proc 3.4 rcpu 0.4 gpu 1.5 rest 26.4 | alloc 32KB | ticks 2, remote.ents 39 | watchdog: 11/19 samples in 'bot.strategy'[0m
[lb]hitch]   gpu: draws 374, pipeline compiles +0, vram 3308MB[0m
[lb]hitch]   prev: 6.9 6.9 6.9 6.9 6.9 6.9 6.9 6.9[0m
[portal] 'Portal_0' facing=True onScreen=True -> RENDER near=231.70 size=(512, 384) camQ=<1191.7969, 471.17587, 27.00562> inO=<1216, 208, 32> inF=<-4.371139E-08, 1, 0>
[portal] 'Portal_1' facing=False onScreen=True -> off near=1.00 size=(512, 384) camQ=<1191.7969, 471.17587, 27.00562> inO=<-592, 224, 80> inF=<-1, -8.742278E-08, 0>
[portal] 'Portal_0' facing=True onScreen=True -> RENDER near=55.03 size=(512, 384) camQ=<1209.1759, 278.53333, 27.00562> inO=<1216, 208, 32> inF=<-4.371139E-08, 1, 0>
[portal] 'Portal_1' facing=False onScreen=True -> off near=1.00 size=(512, 384) camQ=<1209.1759, 278.53333, 27.00562> inO=<-592, 224, 80> inF=<-1, -8.742278E-08, 0>
[lb]hitch VSYNC/PRESENT] 12.7ms (med 6.9, ×1.8) — present/vsync-bound (rest 9.4ms, gpu 0.6ms) | proc 2.8 rcpu 0.5 gpu 0.6 rest 9.4 | alloc 40KB | ticks 1, remote.ents 41 | watchdog: 4/10 samples in '(unscoped)'[0m
[lb]hitch]   gpu: draws 370, pipeline compiles +0, vram 3309MB[0m
[lb]hitch]   prev: 6.9 6.9 6.9 6.9 6.9 6.9 7.1 7.1[0m
[lb]frameprofile] scene: nodes 2921 objs-drawn 1748 draws 322 vram 3309MB[0m
[lb]frameprofile] census: Label 876  HBoxContainer 218  Control 157  Dependent 113  Button 110  CvarCheckBox 104  VBoxContainer 78  HSlider 62  CvarSlider 58  MarginContainer 52[0m
[lb]frameprofile] 696 frames: p50 6.9 p95 8.4 p99 12.1 p99.9 30.1ms (max 30.9) | 2 EXTERNAL, 4 VSYNC/PRESENT | alloc 6MB/s heap 952.4MB | proc 1.5 gpu 0.7[0m
[lb]frameprofile] ms/frame: ng.process 1.3  server.tick 0.9  cw.process 0.6  proc:other 0.6  sim.move 0.6  cw.players 0.5  move.in 0.4  bot.think 0.4  bot.strategy 0.3  net.send 0.2[0m
[portal] 'Portal_0' facing=True onScreen=True -> RENDER near=49.19 size=(512, 384) camQ=<1194.6371, 271.38602, 27.00562> inO=<1216, 208, 32> inF=<-4.371139E-08, 1, 0>
[portal] 'Portal_1' facing=False onScreen=True -> off near=1.00 size=(512, 384) camQ=<1194.6371, 271.38602, 27.00562> inO=<-592, 224, 80> inF=<-1, -8.742278E-08, 0>
[lb]hitch VSYNC/PRESENT] 23.6ms (med 6.9, ×3.4) — present/vsync-bound (rest 20.5ms, gpu 0.9ms) | proc 2.7 rcpu 0.4 gpu 0.9 rest 20.5 | alloc 40KB | ticks 2, remote.ents 25 | watchdog: 7/12 samples in 'bot.strategy'[0m
[lb]hitch]   gpu: draws 320, pipeline compiles +0, vram 3308MB[0m
[lb]hitch]   prev: 6.9 6.9 6.9 6.9 6.9 6.9 6.9 6.9[0m
[portal] 'Portal_0' facing=True onScreen=True -> RENDER near=40.80 size=(512, 384) camQ=<1193.6462, 263.37006, 27.00562> inO=<1216, 208, 32> inF=<-4.371139E-08, 1, 0>
[portal] 'Portal_1' facing=False onScreen=True -> off near=1.00 size=(512, 384) camQ=<1193.6462, 263.37006, 27.00562> inO=<-592, 224, 80> inF=<-1, -8.742278E-08, 0>
Wrote C:/Users/Bryan/XonData/screenshots/xonotic20260702225725-00.jpg[0m
[portal] 'Portal_0' facing=True onScreen=True -> RENDER near=40.80 size=(512, 384) camQ=<1193.6462, 263.37006, 27.00562> inO=<1216, 208, 32> inF=<-4.371139E-08, 1, 0>
[portal] 'Portal_1' facing=False onScreen=True -> off near=1.00 size=(512, 384) camQ=<1193.6462, 263.37006, 27.00562> inO=<-592, 224, 80> inF=<-1, -8.742278E-08, 0>
[lb]hitch VSYNC/PRESENT] 16.4ms (med 6.9, ×2.4) — present/vsync-bound (rest 13.7ms, gpu 1.4ms) | proc 2.3 rcpu 0.5 gpu 1.4 rest 13.7 | alloc 32KB | ticks 1, remote.ents 24 | watchdog: 9/12 samples in 'bot.strategy'[0m
[lb]hitch]   gpu: draws 319, pipeline compiles +0, vram 3309MB[0m
[lb]hitch]   prev: 6.9 6.9 6.9 7.0 7.1 7.1 6.9 6.9[0m
[portal] 'Portal_0' facing=True onScreen=True -> RENDER near=40.80 size=(512, 384) camQ=<1193.6462, 263.37006, 27.00562> inO=<1216, 208, 32> inF=<-4.371139E-08, 1, 0>
[portal] 'Portal_1' facing=False onScreen=True -> off near=1.00 size=(512, 384) camQ=<1193.6462, 263.37006, 27.00562> inO=<-592, 224, 80> inF=<-1, -8.742278E-08, 0>
[lb]hitch VSYNC/PRESENT] 19.2ms (med 6.9, ×2.8) — present/vsync-bound (rest 15.4ms, gpu 1.3ms) | proc 3.3 rcpu 0.5 gpu 1.3 rest 15.4 | alloc 40KB | ticks 1, remote.ents 42 | watchdog: 4/9 samples in 'bot.strategy'[0m
[lb]hitch]   gpu: draws 354, pipeline compiles +0, vram 3310MB[0m
[lb]hitch]   prev: 7.1 7.4 7.4 7.4 7.4 7.4 7.4 7.4[0m
[portal] 'Portal_0' facing=True onScreen=True -> RENDER near=67.48 size=(512, 384) camQ=<1136.0312, 275.30692, 50.147556> inO=<1216, 208, 32> inF=<-4.371139E-08, 1, 0>
[portal] 'Portal_1' facing=False onScreen=True -> off near=1.00 size=(512, 384) camQ=<1136.0312, 275.30692, 50.147556> inO=<-592, 224, 80> inF=<-1, -8.742278E-08, 0>
[lb]frameprofile] scene: nodes 2917 objs-drawn 1765 draws 331 vram 3310MB[0m
[lb]frameprofile] census: Label 876  HBoxContainer 218  Control 157  Dependent 113  Button 110  CvarCheckBox 104  VBoxContainer 78  HSlider 62  CvarSlider 58  MarginContainer 52[0m
[lb]frameprofile] 705 frames: p50 6.9 p95 8.4 p99 10.9 p99.9 19.1ms (max 23.6) | 4 VSYNC/PRESENT | alloc 5MB/s heap 952.7MB | proc 2.8 gpu 2.2[0m
[lb]frameprofile] ms/frame: ng.process 1.2  server.tick 0.8  proc:other 0.6  sim.move 0.5  cw.process 0.5  cw.players 0.4  move.in 0.3  bot.think 0.3  net.send 0.2  bot.strategy 0.2[0m
[lb]hitch VSYNC/PRESENT ×2] 12.9–19.2ms over 0.1s (med 6.9) — present/vsync-bound (rest 15.4ms, gpu 1.3ms)[0m
[portal] 'Portal_0' facing=True onScreen=True -> RENDER near=23.69 size=(512, 384) camQ=<1136.0312, 240.03125, 27.031254> inO=<1216, 208, 32> inF=<-4.371139E-08, 1, 0>
[portal] 'Portal_1' facing=False onScreen=True -> off near=1.00 size=(512, 384) camQ=<1136.0312, 240.03125, 27.031254> inO=<-592, 224, 80> inF=<-1, -8.742278E-08, 0>
Wrote C:/Users/Bryan/XonData/screenshots/xonotic20260702225729-00.jpg[0m
[lb]hitch VSYNC/PRESENT] 13.7ms (med 6.9, ×2.0) — present/vsync-bound (rest 10.8ms, gpu 0.5ms) | proc 2.4 rcpu 0.4 gpu 0.5 rest 10.8 | alloc 32KB | ticks 1, remote.ents 24 | watchdog: 6/10 samples in 'bot.strategy'[0m
[lb]hitch]   gpu: draws 349, pipeline compiles +0, vram 3310MB[0m
[lb]hitch]   prev: 7.1 7.1 7.1 7.0 6.9 6.9 6.9 6.9[0m
[portal] 'Portal_0' facing=True onScreen=True -> RENDER near=22.43 size=(512, 384) camQ=<1136.0312, 240.03125, 27.031254> inO=<1216, 208, 32> inF=<-4.371139E-08, 1, 0>
[portal] 'Portal_1' facing=False onScreen=True -> off near=1.00 size=(512, 384) camQ=<1136.0312, 240.03125, 27.031254> inO=<-592, 224, 80> inF=<-1, -8.742278E-08, 0>
[lb]hitch PIPELINE-COMPILE] 41.5ms (1 dropped @60Hz) (med 6.9, ×6.0) — 1 pipeline compile(s) — SYNC[lb]surface+0 draw+0] async[lb]mesh+0 spec+0] canvas+1 | proc 3.7 rcpu 0.4 gpu 0.8 rest 37.4 | alloc 40KB | ticks 3, remote.ents 25 | watchdog: 3/3 samples in '(unscoped)'[0m
[lb]hitch]   gpu: draws 468, pipeline compiles +1 — SYNC[lb]surface+0 draw+0] async[lb]mesh+0 spec+0] canvas+1, vram 3312MB[0m
[lb]hitch]   prev: 7.1 7.1 7.1 6.9 6.9 6.9 6.9 7.4[0m
[lb]hitch VSYNC/PRESENT] 16.7ms (med 6.9, ×2.4) — present/vsync-bound (rest 12.4ms, gpu 0.8ms) | proc 3.2 rcpu 1.0 gpu 0.8 rest 12.4 | alloc 128KB | ticks 2, remote.ents 25 | watchdog: 7/7 samples in '(unscoped)'[0m
[lb]hitch VSYNC/PRESENT ×2] 16.7–16.7ms over 0.0s (med 6.9) — present/vsync-bound (rest 12.4ms, gpu 0.8ms)[0m
[lb]hitch MIXED] 15.2ms (med 6.9, ×2.2) — mixed — ng.process 5.8ms | proc 7.0 rcpu 0.6 gpu 0.8 rest 7.5 | alloc 41KB | ticks 1, remote.ents 25[0m
[lb]hitch VSYNC/PRESENT] 12.5ms (med 6.9, ×1.8) — present/vsync-bound (rest 9.2ms, gpu 0.8ms) | proc 2.7 rcpu 0.6 gpu 0.8 rest 9.2 | alloc 48KB | ticks 1, remote.ents 25 | watchdog: 3/4 samples in '(unscoped)'[0m
[portal] 'Portal_0' facing=True onScreen=True -> RENDER near=22.67 size=(512, 384) camQ=<1136.0312, 240.03125, 27.031254> inO=<1216, 208, 32> inF=<-4.371139E-08, 1, 0>
[portal] 'Portal_1' facing=False onScreen=True -> off near=1.00 size=(512, 384) camQ=<1136.0312, 240.03125, 27.031254> inO=<-592, 224, 80> inF=<-1, -8.742278E-08, 0>
[portal] 'Portal_0' facing=True onScreen=True -> RENDER near=22.67 size=(512, 384) camQ=<1136.0312, 240.03125, 27.031254> inO=<1216, 208, 32> inF=<-4.371139E-08, 1, 0>
[portal] 'Portal_1' facing=False onScreen=True -> off near=1.00 size=(512, 384) camQ=<1136.0312, 240.03125, 27.031254> inO=<-592, 224, 80> inF=<-1, -8.742278E-08, 0>
[lb]hitch VSYNC/PRESENT ×2] 12.5–14.0ms over 0.5s (med 6.9) — present/vsync-bound (rest 9.2ms, gpu 0.8ms)[0m
=== frame profiler session summary (90s, 9719 frames) ===[0m
  fps: avg 131.3  1%low 47  0.1%low 7  (median 6.9ms, worst 150.0ms)[0m
  hitches: 179 total — 46 EXTERNAL, 2 ASSET-BUILD, 4 PIPELINE-COMPILE, 1 GC-PAUSE, 102 VSYNC/PRESENT, 14 CPU-LOGIC, 10 MIXED[0m
    worst[lb]1]: 123.8ms PIPELINE-COMPILE (ng.process) @ t=21.6s[0m
    worst[lb]2]: 119.7ms EXTERNAL (ng.process) @ t=61.1s[0m
    worst[lb]3]: 110.7ms CPU-LOGIC (ng.process) @ t=21.5s[0m
    worst[lb]4]: 98.3ms EXTERNAL (ng.process) @ t=38.6s[0m
    worst[lb]5]: 83.3ms EXTERNAL (ng.process) @ t=34.0s[0m
  gc: g0+121 g1+63 g2+34, total pause 303ms[0m
  alloc: 3.1GB total, 5MB/s recent, peak 433.9MB in one frame @ t=5.9s, heap 947.6MB[0m
