Godot Engine v4.6.3.stable.mono.official.7d41c59c4 - https://godotengine.org
Vulkan 1.4.341 - Forward+ - Using Device #0: NVIDIA - NVIDIA GeForce RTX 3080

[lb]frameprofiler] env: managed-debugger=False godot-context=debug csharp=Debug vsync=Enabled maxfps=0[0m
=== XonoticGodot boot ===[0m
Weapons:   24[0m
Items:     19[0m
Mutators:  41[0m
GameTypes: 20[0m
[lb]MenuState] config: 6462 cvars from 25 cfg files (374 aliases, 0 missing).[0m
[lb]shell] --cvar cl_frameprofiler = "2"[0m
[lb]video] vid_vsync 0 → requested Disabled, actual Disabled[0m
[lb]Shell] hosting listen server: gametype=dm map=stormkeep bots=4 skill=0 timelimit=0 fraglimit=0[0m
[AssetSystem] loaded 2439 shaders from 185 scripts.
[NetTransport.Server] listening on UDP 26000 (max 16).
[ServerNet] LAN discovery: answering getinfo on UDP 26001 (game port 26000).
[NetTransport.Client] connecting to 127.0.0.1:26000 …
[EffectSystem] effectinfo: 301 effects, particlefont atlas: loaded, style overlay: 0 effects
[Particles] backend=original (cl_particles_modern=0)
[MapLoader] 'stormkeep' materials: lightmapped=35 vertexLit=3 plain=10 glow=4 normalMapped=34 (deluxe=True, internalPages=0, atlas=1p, cells=31, surfaces=388)
[DecalSplats] geometry: 106027 render triangles, 502 grid cells
[Skybox] loaded 'env/extragalactic/asteroids'.
[NetGame] map music: 'cdtracks/track005' (from mapinfo/worldspawn)
[lb]frameprofile] med 133.0ms p99 145.8ms | proc 2.1 rcpu 0.8 gpu 16.9 rest 130.1 | iqm.mesh 199.1ms, iqm.materials 185.2ms, proc:other 1.0ms, particles.cpu 1.0ms[0m
[NetGame] precached 24 weapon models, skipped 0 (lazy), 24 muzzle tags.
[NetGame] precached 36 combat sounds, 1 player models.
[NetGame] listen server on 127.0.0.1:26000 (map 'stormkeep', dm, 4 bots) — self-connecting.
[ServerNet] peer 1043857852 connected (awaiting handshake).
[ServerNet] peer 1043857852 accepted as 'player' (netId 1043857852, id 2147ba93).
[ClientNet] handshake accepted by 'Xonotic  Server': netId 1, tickrate 72 Hz.
[NetGame] handshake accepted by 'Xonotic  Server': netId 1.
[lb]frameprofile] med 37.1ms p99 147.8ms | proc 23.3 rcpu 1.8 gpu 14.7 rest 12.0 | stream.build 17.4ms, iqm.materials 17.3ms, ng.process 3.2ms, particles.cpu 2.5ms | ticks 1[0m
[IdleWarmer] asset warm queue drained — full asset set is hot.
[lb]frameprofile] med 7.4ms p99 145.8ms | proc 4.2 rcpu 0.8 gpu 0.8 rest 2.4 | proc:other 1.9ms, particles.cpu 1.3ms, ng.process 0.7ms, server.tick 0.4ms | ticks 1[0m
[lb]hitch] 13.7ms (med 6.7) | proc 5.5 rcpu 0.8 gpu 0.8 phys 0.0 rest 7.4 | alloc 201KB | top: proc:other 2.4ms, ng.process 1.4ms, particles.cpu 1.3ms | ticks 1[0m
[lb]hitch]   scopes: proc:other 2.4ms, ng.process 1.4ms/23KB, particles.cpu 1.3ms, server.tick 0.4ms, net.send 0.2ms, md3.morph 0.1ms, sim.move 0.1ms, entitynode 0.1ms, move.pm 0.1ms, cw.process 0.1ms, sim.start 0.1ms, start.hooks 0.1ms[0m
[lb]hitch]   gpu: draws 369, pipeline compiles +0, vram 2457MB[0m
[lb]hitch]   prev: 8.3 7.8 7.9 9.1 10.3 9.3 8.6 10.2[0m
[lb]hitch] 14.3ms (med 6.7) | proc 4.8 rcpu 1.3 gpu 0.8 phys 0.0 rest 8.2 | alloc 64KB | top: proc:other 2.4ms, particles.cpu 1.4ms, ng.process 0.6ms | ticks 1[0m
[lb]bots] waypoints for 'stormkeep': nodes=99 (file=loaded, cache=yes)[0m
[lb]hitch] 33.3ms (med 6.7) | proc 23.9 rcpu 0.8 gpu 1.3 phys 0.0 rest 8.7 | alloc 7853KB | top: proc:other 13.8ms, ng.process 8.1ms, server.tick 7.5ms | ticks 2[0m
[lb]frameprofile] med 6.7ms p99 33.3ms | proc 23.9 rcpu 0.8 gpu 1.3 rest 0.0 | proc:other 13.8ms, ng.process 8.1ms, server.tick 7.5ms, sim.move 6.3ms | ticks 2[0m
[lb]hitch] 50.0ms (med 6.7) | proc 10.8 rcpu 0.8 gpu 1.3 phys 0.2 rest 38.4 | GC g0+1 g1+1 g2+0 | alloc 3456KB | top: ng.process 5.2ms, server.tick 4.3ms, sim.move 3.6ms | ticks 4[0m
[lb]hitch] 20.9ms (med 6.7) | proc 7.5 rcpu 1.3 gpu 1.4 phys 0.2 rest 12.1 | alloc 2474KB | top: proc:other 4.4ms, particles.cpu 1.7ms, iqm.mesh 1.4ms | ticks 1[0m
[lb]hitch] 20.7ms (med 6.7) | proc 5.4 rcpu 0.8 gpu 1.3 phys 0.2 rest 14.5 | alloc 1681KB | top: proc:other 2.6ms, particles.cpu 1.4ms, ng.process 1.1ms | ticks 2[0m
[lb]hitch] 12.4ms (med 6.7) | proc 5.3 rcpu 0.9 gpu 1.3 phys 0.2 rest 6.2 | alloc 223KB | top: proc:other 2.6ms, particles.cpu 1.4ms, ng.process 1.0ms | ticks 1[0m
[lb]hitch] 12.6ms (med 6.7) | proc 12.6 rcpu 1.3 gpu 1.4 phys 0.2 rest 0.0 | GC g0+1 g1+1 g2+1 | alloc 76893KB | top: iqm.anims 331.0ms, proc:other 9.9ms, particles.cpu 1.3ms | ticks 1[0m
[lb]hitch] 33.0ms (med 6.7) | proc 8.5 rcpu 1.2 gpu 1.4 phys 0.2 rest 23.2 | alloc 208KB | top: proc:other 2.7ms, ng.process 2.1ms, stream.build 2.0ms | ticks 3[0m
[lb]hitch] 16.7ms (med 6.7) | proc 12.2 rcpu 2.0 gpu 1.4 phys 0.2 rest 2.4 | alloc 206KB | top: proc:other 7.3ms, stream.build 2.1ms, iqm.materials 2.1ms | ticks 1[0m
[lb]hitch] 18.9ms (med 6.7) | proc 9.6 rcpu 1.6 gpu 1.3 phys 0.2 rest 7.6 | alloc 185KB | top: proc:other 3.3ms, stream.build 3.2ms, iqm.materials 3.1ms | ticks 1[0m
[lb]hitch] 26.3ms (med 6.7) | proc 22.0 rcpu 1.3 gpu 1.3 phys 0.2 rest 3.0 | GC g0+1 g1+1 g2+1 | alloc 391121KB | top: iqm.anims 191.4ms, proc:other 8.3ms, stream.build 6.2ms | ticks 2[0m
[lb]hitch] 31.9ms (med 6.7) | proc 11.9 rcpu 6.5 gpu 1.3 phys 0.2 rest 13.6 | alloc 36924KB | top: proc:other 4.5ms, stream.build 2.6ms, iqm.materials 2.5ms | ticks 2[0m
[lb]hitch] 24.0ms (med 6.7) | proc 24.0 rcpu 1.3 gpu 1.3 phys 0.2 rest 0.0 | alloc 16770KB | top: stream.build 15.3ms, iqm.mesh 6.2ms, proc:other 3.7ms | ticks 2[0m
[lb]hitch] 32.3ms (med 6.7) | proc 27.9 rcpu 1.6 gpu 1.3 phys 0.2 rest 2.8 | alloc 72484KB | top: proc:other 8.3ms, stream.build 6.5ms, cw.process 6.5ms | ticks 2[0m
[lb]hitch] 44.2ms (med 6.7) | proc 44.2 rcpu 1.8 gpu 1.3 phys 0.2 rest 0.0 | alloc 58205KB | top: stream.build 36.5ms, iqm.materials 36.3ms, ng.process 4.5ms | ticks 4[0m
[lb]hitch]   scopes: stream.build 36.5ms/2KB, iqm.materials 36.3ms, ng.process 4.5ms/10KB, server.tick 3.5ms/3KB, particles.cpu 2.5ms, sim.move 1.8ms/2KB, move.pm 1.2ms, md3.morph 0.9ms, cw.process 0.6ms, net.send 0.5ms, net.poll 0.5ms, sim.start 0.4ms[0m
[lb]hitch]   gpu: draws 378, pipeline compiles +0, vram 2585MB[0m
[lb]hitch]   events: [lb]-7f] stream: player model models/player/gakmasked.iqm tex textures/gakfullbright_reflect built (1.9ms); [lb]-7f] stream: player model models/player/erebus.iqm tex textures/erebusfullbright_pants built (0.0ms); [lb]-7f] stream: player model models/player/erebus.iqm tex textures/shadowheadfb built (0.0ms); [lb]-7f] stream: player model models/player/erebus.iqm tex textures/shadowheadfb_norm built (0.0ms); [lb]-7f] stream: player model models/player/erebus.iqm tex textures/shadowheadfb_gloss built (0.0ms); [lb]-7f] stream: player model models/player/erebus.iqm tex textures/shadowheadfb_glow built (0.0ms); [lb]-7f] stream: player model models/player/erebus.iqm tex textures/shadowheadfb_reflect built (0.0ms); [lb]-7f] stream: player model models/player/erebus.iqm tex textures/shadowheadfb_shirt built (0.0ms); [lb]-7f] stream: player model models/player/erebus.iqm tex textures/shadowheadfb_pants built (0.0ms); [lb]-7f] stream: player model models/player/ignismasked.iqm tex textures/ignisfullbright_pants built (0.0ms); [lb]-6f] stream: player model models/player/gakmasked.iqm tex textures/gakfullbright_glow built (2.1ms); [lb]-5f] stream: player model models/player/gakmasked.iqm tex textures/gakfullbright built (3.1ms); [lb]-4f] stream: player model models/player/ignismasked.iqm (parse) built (0.1ms); [lb]-4f] stream: player model models/player/gakmasked.iqm tex textures/gakfullbright_norm built (6.1ms); [lb]-3f] stream: player model models/player/gakmasked.iqm tex textures/gakfullbright_gloss built (2.6ms); [lb]-2f] stream: player model models/player/gakmasked.iqm tex textures/gakfullbright_shirt built (15.3ms); [lb]-1f] stream: player model models/player/erebus.iqm tex textures/erebusfullbright_reflect built (0.0ms); [lb]-1f] stream: player model models/player/ignismasked.iqm tex textures/ignisfullbright_reflect built (0.0ms); [lb]-1f] stream: player model models/player/ignismasked.iqm tex textures/ignisheadfb_reflect built (6.5ms); stream: player model models/player/erebus.iqm tex textures/erebusfullbright_gloss built (0.1ms); stream: player model models/player/erebus.iqm tex textures/erebusfullbright_shirt built (0.0ms); stream: player model models/player/ignismasked.iqm tex textures/ignisfullbright_norm built (0.0ms); stream: player model models/player/ignismasked.iqm tex textures/ignisheadfb_norm built (36.3ms)[0m
[lb]hitch]   prev: 12.6 33.0 16.7 18.9 26.3 31.9 24.0 32.3[0m
[lb]hitch] 82.1ms (med 6.7) | proc 13.3 rcpu 3.2 gpu 1.3 phys 0.2 rest 65.6 | alloc 834KB | top: stream.build 4.4ms, ng.process 3.7ms, proc:other 3.4ms | ticks 4[0m
[lb]hitch] 24.7ms (med 6.7) | proc 9.9 rcpu 0.8 gpu 1.4 phys 0.2 rest 14.0 | alloc 162KB | top: proc:other 3.0ms, stream.build 2.5ms, iqm.materials 2.4ms | ticks 3[0m
[lb]hitch] 16.7ms (med 6.7) | proc 10.6 rcpu 0.8 gpu 1.3 phys 0.2 rest 5.3 | alloc 73KB | top: stream.build 4.1ms, iqm.materials 4.0ms, proc:other 3.0ms | ticks 2[0m
[lb]hitch] 16.7ms (med 6.7) | proc 9.6 rcpu 0.8 gpu 1.3 phys 0.2 rest 6.2 | alloc 735KB | top: stream.build 3.4ms, proc:other 3.0ms, iqm.mesh 2.3ms | ticks 1[0m
[lb]hitch] 18.0ms (med 6.7) | proc 6.6 rcpu 1.0 gpu 1.3 phys 0.2 rest 10.5 | alloc 72KB | top: proc:other 3.0ms, particles.cpu 1.2ms, cw.process 1.1ms | ticks 1[0m
[lb]hitch] 12.3ms (med 6.7) | proc 6.6 rcpu 0.8 gpu 1.4 phys 0.2 rest 4.9 | alloc 56KB | top: proc:other 2.9ms, particles.cpu 1.2ms, ng.process 1.1ms | ticks 1[0m
[lb]frameprofile] med 6.9ms p99 44.2ms | proc 4.8 rcpu 0.8 gpu 2.1 rest 1.4 | proc:other 1.9ms, particles.cpu 1.3ms, cw.process 1.0ms, cw.players 0.9ms | ticks 0[0m
[lb]hitch] 14.8ms (med 6.9) | proc 13.3 rcpu 0.8 gpu 2.4 phys 0.3 rest 0.7 | GC g0+1 g1+1 g2+0 | alloc 0KB | top: proc:other 9.5ms, ng.process 1.3ms, particles.cpu 1.2ms | ticks 1[0m
[lb]hitch]   scopes: proc:other 9.5ms, ng.process 1.3ms/5KB, particles.cpu 1.2ms, cw.process 1.0ms, server.tick 0.9ms/1KB, cw.players 0.9ms, sim.move 0.5ms, move.pm 0.3ms, net.send 0.3ms, md3.morph 0.2ms, entitynode 0.1ms, sim.start 0.1ms[0m
[lb]hitch]   gpu: draws 364, pipeline compiles +0, vram 2665MB[0m
[lb]hitch]   gc: g0+1 g1+1 g2+0 pause 5.6ms alloc 0KB[0m
[lb]hitch]   prev: 9.1 9.1 9.4 10.0 10.9 11.6 11.6 10.0[0m
[lb]hitch] 22.6ms (med 6.9) | proc 7.6 rcpu 1.2 gpu 1.4 phys 0.3 rest 13.8 | alloc 0KB | top: proc:other 3.3ms, ng.process 1.8ms, server.tick 1.5ms | ticks 2[0m
[lb]hitch] 13.9ms (med 6.9) | proc 7.1 rcpu 0.9 gpu 1.4 phys 0.3 rest 5.8 | alloc 45KB | top: proc:other 3.2ms, particles.cpu 1.5ms, cw.process 1.1ms | ticks 1[0m
[lb]hitch] 13.9ms (med 6.9) | proc 7.2 rcpu 0.8 gpu 1.4 phys 0.3 rest 5.9 | alloc 56KB | top: proc:other 3.2ms, particles.cpu 1.5ms, cw.process 1.1ms | ticks 1[0m
[lb]hitch] 13.9ms (med 6.9) | proc 6.9 rcpu 0.9 gpu 1.4 phys 0.3 rest 6.1 | alloc 56KB | top: proc:other 3.2ms, particles.cpu 1.5ms, cw.process 1.0ms | ticks 1[0m
[lb]hitch] 13.3ms (med 6.9) | proc 6.9 rcpu 1.1 gpu 1.5 phys 0.3 rest 5.3 | alloc 64KB | top: proc:other 3.2ms, particles.cpu 1.4ms, cw.process 1.1ms | ticks 1[0m
[lb]hitch] 13.3ms (med 6.9) | proc 7.1 rcpu 0.8 gpu 1.5 phys 0.3 rest 5.4 | alloc 56KB | top: proc:other 3.1ms, particles.cpu 1.7ms, cw.process 1.1ms | ticks 1[0m
[lb]hitch] 13.3ms (med 6.9) | proc 5.8 rcpu 0.8 gpu 1.5 phys 0.3 rest 6.7 | alloc 56KB | top: proc:other 3.0ms, particles.cpu 1.3ms, cw.process 1.0ms | ticks 0[0m
[lb]hitch] 13.3ms (med 6.9) | proc 7.0 rcpu 0.8 gpu 1.4 phys 0.3 rest 5.5 | alloc 56KB | top: proc:other 3.1ms, particles.cpu 1.4ms, cw.process 1.2ms | ticks 1[0m
[lb]frameprofile] med 9.5ms p99 44.2ms | proc 6.6 rcpu 0.8 gpu 1.7 rest 2.1 | proc:other 2.6ms, particles.cpu 1.5ms, ng.process 1.3ms, cw.process 1.0ms | ticks 1[0m
[lb]frameprofile] med 9.7ms p99 13.9ms | proc 5.7 rcpu 0.7 gpu 1.8 rest 3.3 | proc:other 2.0ms, particles.cpu 1.5ms, ng.process 1.0ms, cw.process 1.0ms | ticks 1[0m
[lb]frameprofile] med 9.7ms p99 11.7ms | proc 5.9 rcpu 1.0 gpu 2.1 rest 2.8 | proc:other 2.3ms, particles.cpu 1.4ms, ng.process 1.0ms, cw.process 1.0ms | ticks 1[0m
[lb]hitch] 27.1ms (med 9.7) | proc 7.1 rcpu 0.9 gpu 2.2 phys 0.2 rest 19.1 | alloc 56KB | top: proc:other 2.6ms, ng.process 1.3ms, particles.cpu 1.2ms | ticks 2[0m
[lb]hitch]   scopes: proc:other 2.6ms, ng.process 1.3ms/6KB, particles.cpu 1.2ms, cw.process 1.0ms, server.tick 1.0ms/2KB, cw.players 0.9ms, proj 0.7ms, sim.move 0.5ms, move.pm 0.3ms, net.send 0.3ms, md3.morph 0.1ms, sim.start 0.1ms[0m
[lb]hitch]   gpu: draws 445, pipeline compiles +1 (uber +0, spec/draw +1), vram 2665MB[0m
[lb]hitch]   prev: 9.3 9.2 9.8 10.0 10.8 10.2 9.6 9.1[0m
[lb]frameprofile] med 9.3ms p99 15.9ms | proc 6.2 rcpu 0.9 gpu 2.3 rest 2.2 | proc:other 2.9ms, particles.cpu 1.1ms, cw.process 1.0ms, ng.process 0.9ms | ticks 1[0m
[lb]frameprofile] med 9.3ms p99 15.0ms | proc 7.0 rcpu 0.8 gpu 2.0 rest 1.5 | proc:other 3.6ms, particles.cpu 1.2ms, cw.process 1.0ms, ng.process 0.9ms | ticks 1[0m
[lb]hitch] 18.2ms (med 9.5) | proc 6.6 rcpu 1.0 gpu 2.3 phys 0.2 rest 10.6 | alloc 56KB | top: proc:other 3.2ms, particles.cpu 1.2ms, cw.process 1.0ms | ticks 1[0m
[lb]hitch]   scopes: proc:other 3.2ms, particles.cpu 1.2ms, cw.process 1.0ms, ng.process 0.9ms/4KB, cw.players 0.9ms, server.tick 0.7ms/1KB, sim.move 0.3ms, move.pm 0.2ms, net.send 0.2ms, md3.morph 0.1ms, entitynode 0.1ms, sim.start 0.1ms[0m
[lb]hitch]   gpu: draws 518, pipeline compiles +0, vram 2666MB[0m
[lb]hitch]   prev: 10.4 10.4 10.4 10.4 10.4 10.4 10.6 11.6[0m
[lb]frameprofile] med 9.5ms p99 13.0ms | proc 7.1 rcpu 1.0 gpu 2.5 rest 1.4 | proc:other 3.6ms, particles.cpu 1.2ms, cw.process 1.0ms, ng.process 1.0ms | ticks 1[0m
[lb]frameprofile] med 10.0ms p99 13.0ms | proc 5.8 rcpu 0.8 gpu 2.3 rest 3.3 | proc:other 2.4ms, particles.cpu 1.3ms, cw.process 0.9ms, ng.process 0.9ms | ticks 1[0m
[lb]frameprofile] med 10.4ms p99 15.2ms | proc 7.7 rcpu 1.0 gpu 2.2 rest 1.7 | proc:other 3.3ms, particles.cpu 1.8ms, ng.process 1.2ms, cw.process 1.0ms | ticks 1[0m
[lb]frameprofile] med 11.1ms p99 15.2ms | proc 8.3 rcpu 1.0 gpu 2.5 rest 1.9 | proc:other 3.0ms, ng.process 2.2ms, particles.cpu 1.7ms, server.tick 1.3ms | ticks 1[0m
[lb]frameprofile] med 11.1ms p99 15.3ms | proc 5.6 rcpu 0.7 gpu 2.1 rest 4.9 | proc:other 1.8ms, particles.cpu 1.5ms, ng.process 1.0ms, cw.process 1.0ms | ticks 1[0m
[lb]frameprofile] med 9.1ms p99 14.0ms | proc 4.3 rcpu 0.7 gpu 2.1 rest 4.1 | proc:other 1.7ms, particles.cpu 1.2ms, cw.process 1.0ms, cw.players 0.9ms | ticks 0[0m
[lb]frameprofile] med 9.1ms p99 9.5ms | proc 5.6 rcpu 0.6 gpu 2.7 rest 2.9 | proc:other 1.7ms, ng.process 1.7ms, server.tick 1.3ms, cw.process 1.0ms | ticks 1[0m
[lb]frameprofile] med 9.1ms p99 11.7ms | proc 5.3 rcpu 0.7 gpu 2.1 rest 3.1 | proc:other 2.1ms, particles.cpu 1.2ms, cw.process 1.0ms, cw.players 0.9ms | ticks 1[0m
[lb]hitch] 17.2ms (med 9.1) | proc 7.7 rcpu 0.7 gpu 2.1 phys 0.2 rest 8.8 | alloc 56KB | top: ng.process 2.6ms, proc:other 2.4ms, server.tick 1.8ms | ticks 1[0m
[lb]hitch]   scopes: ng.process 2.6ms/8KB, proc:other 2.4ms, server.tick 1.8ms/4KB, sim.move 1.4ms/3KB, particles.cpu 1.3ms, move.post 1.1ms/3KB, cw.process 1.0ms, cw.players 0.9ms, move.pm 0.3ms, net.send 0.2ms/1KB, md3.morph 0.1ms, entitynode 0.1ms[0m
[lb]hitch]   gpu: draws 341, pipeline compiles +0, vram 2666MB[0m
[lb]hitch]   prev: 8.3 8.3 8.3 8.4 8.9 11.0 10.0 9.3[0m
[lb]frameprofile] med 9.3ms p99 13.7ms | proc 5.5 rcpu 1.1 gpu 3.7 rest 2.8 | proc:other 2.5ms, particles.cpu 1.3ms, cw.process 1.0ms, cw.players 0.9ms | ticks 0[0m
[lb]frameprofile] med 10.6ms p99 13.7ms | proc 6.2 rcpu 0.9 gpu 3.5 rest 3.4 | proc:other 2.7ms, particles.cpu 1.2ms, cw.process 1.1ms, cw.players 1.0ms | ticks 1[0m
[lb]frameprofile] med 10.6ms p99 15.0ms | proc 5.8 rcpu 0.8 gpu 3.2 rest 4.0 | proc:other 2.0ms, ng.process 1.4ms, particles.cpu 1.1ms, cw.process 1.0ms | ticks 1[0m
[lb]frameprofile] med 9.1ms p99 15.0ms | proc 6.7 rcpu 0.7 gpu 2.2 rest 1.7 | proc:other 3.0ms, particles.cpu 1.3ms, ng.process 1.0ms, cw.process 1.0ms | ticks 1[0m
[lb]frameprofile] med 9.1ms p99 12.4ms | proc 7.8 rcpu 0.7 gpu 2.2 rest 0.6 | proc:other 2.7ms, ng.process 2.4ms, server.tick 1.4ms, particles.cpu 1.3ms | ticks 1[0m
[lb]frameprofile] med 10.4ms p99 13.5ms | proc 5.7 rcpu 0.7 gpu 2.6 rest 4.0 | proc:other 2.9ms, particles.cpu 1.4ms, cw.process 1.0ms, cw.players 0.9ms | ticks 0[0m
[lb]frameprofile] med 9.8ms p99 11.7ms | proc 6.9 rcpu 0.8 gpu 2.3 rest 2.2 | proc:other 2.2ms, ng.process 2.0ms, server.tick 1.7ms, particles.cpu 1.4ms | ticks 1[0m
[lb]hitch] 21.4ms (med 9.7) | proc 6.0 rcpu 0.8 gpu 2.4 phys 0.1 rest 14.6 | alloc 56KB | top: proc:other 2.7ms, particles.cpu 1.0ms, ng.process 1.0ms | ticks 1[0m
[lb]hitch]   scopes: proc:other 2.7ms, particles.cpu 1.0ms, ng.process 1.0ms/7KB, cw.process 1.0ms, cw.players 0.9ms, server.tick 0.6ms/1KB, sim.move 0.3ms, net.send 0.2ms, move.pm 0.2ms, md3.morph 0.1ms, entitynode 0.1ms, sim.start 0.1ms[0m
[lb]hitch]   gpu: draws 363, pipeline compiles +0, vram 2667MB[0m
[lb]hitch]   prev: 9.1 9.7 9.1 9.1 9.1 9.1 9.1 9.1[0m
[lb]frameprofile] med 9.7ms p99 11.7ms | proc 5.0 rcpu 0.8 gpu 2.2 rest 3.9 | proc:other 2.4ms, particles.cpu 1.2ms, cw.process 1.0ms, cw.players 0.9ms | ticks 0[0m
[lb]frameprofile] med 9.3ms p99 12.8ms | proc 4.0 rcpu 0.6 gpu 2.0 rest 4.7 | proc:other 1.8ms, cw.process 1.0ms, cw.players 0.9ms, particles.cpu 0.9ms | ticks 0[0m
[lb]frameprofile] med 8.3ms p99 10.6ms | proc 4.6 rcpu 1.0 gpu 2.3 rest 2.8 | proc:other 1.9ms, particles.cpu 1.0ms, cw.process 1.0ms, cw.players 0.9ms | ticks 0[0m
[lb]frameprofile] med 8.3ms p99 11.7ms | proc 9.9 rcpu 0.9 gpu 2.2 rest 0.0 | proc:other 3.6ms, particles.cpu 2.4ms, ng.process 2.1ms, cw.process 1.4ms | ticks 1[0m
[lb]frameprofile] med 10.4ms p99 14.9ms | proc 6.7 rcpu 0.9 gpu 2.4 rest 2.9 | proc:other 2.9ms, particles.cpu 1.5ms, cw.process 1.0ms, ng.process 0.9ms | ticks 1[0m
[lb]frameprofile] med 10.4ms p99 15.4ms | proc 6.4 rcpu 0.9 gpu 2.6 rest 3.1 | proc:other 2.2ms, ng.process 1.5ms, particles.cpu 1.4ms, server.tick 1.3ms | ticks 1[0m
[lb]frameprofile] med 10.4ms p99 15.7ms | proc 6.4 rcpu 0.8 gpu 2.6 rest 3.2 | proc:other 2.0ms, ng.process 2.0ms, particles.cpu 1.1ms, server.tick 1.0ms | ticks 1[0m
[lb]hitch] 94.2ms (med 10.4) | proc 34.3 rcpu 0.9 gpu 2.7 phys 0.2 rest 59.0 | alloc 72KB | top: ng.process 30.1ms, server.tick 28.0ms, sim.move 26.0ms | ticks 4[0m
[lb]hitch]   scopes: ng.process 30.1ms/31KB, server.tick 28.0ms/8KB, sim.move 26.0ms/2KB, move.in 24.5ms, bot.think 24.4ms, bot.path 24.0ms, proc:other 1.9ms, sim.start 1.4ms/5KB, move.pm 1.4ms, particles.cpu 1.1ms, cw.process 1.0ms, cw.players 0.9ms[0m
[lb]hitch]   gpu: draws 420, pipeline compiles +0, vram 2667MB[0m
[lb]hitch]   prev: 10.4 10.4 10.0 10.0 10.0 10.0 10.0 10.0[0m
[lb]hitch] 50.0ms (med 10.4) | proc 13.6 rcpu 0.9 gpu 2.7 phys 0.2 rest 35.6 | alloc 88KB | top: ng.process 8.9ms, server.tick 8.4ms, sim.move 7.8ms | ticks 4[0m
[lb]frameprofile] med 10.4ms p99 18.5ms | proc 5.8 rcpu 0.7 gpu 2.7 rest 3.9 | proc:other 1.8ms, ng.process 1.4ms, particles.cpu 1.3ms, cw.process 1.0ms | ticks 1[0m
[lb]hitch] 24.5ms (med 10.0) | proc 7.9 rcpu 0.7 gpu 3.3 phys 0.1 rest 15.9 | alloc 56KB | top: proc:other 3.5ms, ng.process 1.8ms, particles.cpu 1.3ms | ticks 1[0m
[lb]hitch]   scopes: proc:other 3.5ms, ng.process 1.8ms/8KB, particles.cpu 1.3ms, server.tick 1.1ms/1KB, cw.process 1.0ms, cw.players 0.9ms, sim.move 0.7ms, move.pm 0.4ms, move.in 0.2ms, bot.think 0.2ms, net.send 0.2ms, md3.morph 0.1ms[0m
[lb]hitch]   gpu: draws 294, pipeline compiles +0, vram 2667MB[0m
[lb]hitch]   prev: 8.9 9.0 8.8 8.9 9.1 9.1 9.1 9.1[0m
[lb]frameprofile] med 10.0ms p99 24.5ms | proc 11.1 rcpu 0.9 gpu 2.2 rest 0.0 | ng.process 296.0ms, server.tick 295.7ms, sim.move 295.3ms, move.in 294.9ms | ticks 1[0m
[lb]hitch] 134.9ms (med 10.0) | proc 13.4 rcpu 0.9 gpu 2.2 phys 0.2 rest 120.6 | alloc 96KB | top: ng.process 7.6ms, server.tick 5.0ms, sim.move 4.4ms | ticks 4[0m
[lb]hitch]   scopes: ng.process 7.6ms/36KB, server.tick 5.0ms/5KB, sim.move 4.4ms/4KB, proc:other 3.5ms, move.post 2.5ms/3KB, particles.cpu 1.1ms, cw.process 1.0ms, cw.players 0.9ms, move.pm 0.9ms, move.in 0.9ms, bot.think 0.9ms, net.send 0.3ms/1KB[0m
[lb]hitch]   gpu: draws 452, pipeline compiles +0, vram 2667MB[0m
[lb]hitch]   prev: 10.7 11.1 10.9 10.8 11.1 11.1 11.1 11.1[0m
[lb]hitch] 19.6ms (med 10.0) | proc 9.7 rcpu 0.9 gpu 2.2 phys 0.2 rest 9.0 | alloc 72KB | top: ng.process 5.4ms, server.tick 4.0ms, sim.move 3.4ms | ticks 4[0m
[lb]hitch] 19.3ms (med 10.0) | proc 6.5 rcpu 0.6 gpu 2.1 phys 0.2 rest 12.1 | alloc 48KB | top: proc:other 1.9ms, ng.process 1.9ms, server.tick 1.7ms | ticks 1[0m
[lb]hitch] 33.4ms (med 9.7) | proc 7.2 rcpu 0.6 gpu 2.0 phys 0.2 rest 25.6 | alloc 56KB | top: proc:other 2.4ms, ng.process 2.2ms, server.tick 2.0ms | ticks 2[0m
[lb]hitch]   scopes: proc:other 2.4ms, ng.process 2.2ms/4KB, server.tick 2.0ms/2KB, sim.move 1.5ms, particles.cpu 1.3ms, move.pm 1.2ms, cw.process 1.0ms, cw.players 0.9ms, move.in 0.3ms, bot.think 0.3ms, md3.morph 0.2ms, net.send 0.2ms[0m
[lb]hitch]   gpu: draws 197, pipeline compiles +0, vram 2668MB[0m
[lb]hitch]   prev: 9.3 9.3 9.3 9.3 9.3 9.3 9.3 9.1[0m
[lb]frameprofile] med 9.4ms p99 50.0ms | proc 4.8 rcpu 0.6 gpu 1.9 rest 4.0 | proc:other 1.8ms, particles.cpu 1.4ms, cw.process 1.0ms, cw.players 0.9ms | ticks 0[0m
[lb]hitch] 29.7ms (med 9.3) | proc 6.7 rcpu 0.6 gpu 3.2 phys 0.2 rest 22.4 | alloc 48KB | top: proc:other 2.2ms, ng.process 2.0ms, server.tick 1.8ms | ticks 2[0m
[lb]hitch]   scopes: proc:other 2.2ms, ng.process 2.0ms/3KB, server.tick 1.8ms/2KB, sim.move 1.4ms, particles.cpu 1.2ms, move.pm 1.1ms, cw.process 1.0ms, cw.players 0.9ms, move.in 0.2ms, bot.think 0.2ms, net.send 0.2ms, md3.morph 0.1ms[0m
[lb]hitch]   gpu: draws 172, pipeline compiles +0, vram 2668MB[0m
[lb]hitch]   prev: 7.0 9.1 7.9 8.3 8.3 8.3 8.3 8.3[0m
[lb]hitch] 79.0ms (med 9.3) | proc 9.3 rcpu 0.6 gpu 2.2 phys 0.2 rest 69.1 | alloc 64KB | top: ng.process 5.1ms, server.tick 4.2ms, sim.move 3.6ms | ticks 4[0m
[lb]hitch] 17.0ms (med 9.3) | proc 17.0 rcpu 0.6 gpu 2.2 phys 0.2 rest 0.0 | alloc 56KB | top: ng.process 81.4ms, server.tick 80.8ms, sim.move 80.3ms | ticks 3[0m
[lb]hitch] 83.3ms (med 9.3) | proc 8.8 rcpu 0.6 gpu 2.2 phys 0.2 rest 73.9 | alloc 72KB | top: ng.process 4.7ms, server.tick 3.7ms, sim.move 3.1ms | ticks 4[0m
[lb]hitch] 26.2ms (med 9.3) | proc 7.0 rcpu 0.6 gpu 2.3 phys 0.2 rest 18.6 | alloc 64KB | top: ng.process 3.0ms, server.tick 2.4ms, sim.move 2.0ms | ticks 3[0m
[lb]frameprofile] med 9.4ms p99 79.0ms | proc 6.9 rcpu 1.0 gpu 2.9 rest 1.5 | particles.cpu 2.1ms, proc:other 2.1ms, ng.process 1.2ms, cw.process 1.1ms | ticks 1[0m
[lb]hitch] 47.9ms (med 9.7) | proc 9.8 rcpu 1.0 gpu 2.8 phys 0.2 rest 37.0 | alloc 56KB | top: proc:other 4.8ms, ng.process 2.8ms, server.tick 2.1ms | ticks 3[0m
[lb]hitch]   scopes: proc:other 4.8ms, ng.process 2.8ms/8KB, server.tick 2.1ms/2KB, sim.move 1.7ms, cw.process 1.0ms, move.pm 0.9ms, particles.cpu 0.9ms, cw.players 0.9ms, move.in 0.6ms, bot.think 0.6ms, net.send 0.2ms, md3.morph 0.2ms[0m
[lb]hitch]   gpu: draws 536, pipeline compiles +0, vram 2668MB[0m
[lb]hitch]   prev: 13.1 13.6 16.7 13.6 13.6 13.6 12.1 13.6[0m
[lb]hitch] 21.8ms (med 9.7) | proc 9.6 rcpu 1.0 gpu 2.8 phys 0.2 rest 11.2 | alloc 72KB | top: proc:other 4.6ms, ng.process 2.6ms, server.tick 1.6ms | ticks 2[0m
[lb]frameprofile] med 9.7ms p99 47.9ms | proc 7.9 rcpu 1.2 gpu 2.9 rest 0.6 | proc:other 3.7ms, particles.cpu 1.6ms, ng.process 1.4ms, server.tick 1.1ms | ticks 1[0m
[lb]hitch] 28.6ms (med 11.1) | proc 7.1 rcpu 1.0 gpu 3.9 phys 0.1 rest 20.6 | alloc 64KB | top: ng.process 2.2ms, proc:other 2.1ms, server.tick 1.8ms | ticks 2[0m
[lb]hitch]   scopes: ng.process 2.2ms/7KB, proc:other 2.1ms, server.tick 1.8ms/2KB, particles.cpu 1.5ms, sim.move 1.4ms, move.pm 1.1ms, cw.process 1.0ms, cw.players 0.9ms, move.in 0.2ms, net.send 0.2ms, bot.think 0.2ms, md3.morph 0.2ms[0m
[lb]hitch]   gpu: draws 508, pipeline compiles +0, vram 2668MB[0m
[lb]hitch]   prev: 10.1 10.7 10.9 10.4 10.2 10.2 8.4 9.7[0m
[lb]frameprofile] med 11.1ms p99 47.9ms | proc 6.1 rcpu 1.0 gpu 2.8 rest 4.0 | proc:other 2.4ms, particles.cpu 1.5ms, cw.process 1.0ms, ng.process 1.0ms | ticks 1[0m
[lb]frameprofile] med 10.0ms p99 21.8ms | proc 4.8 rcpu 0.8 gpu 2.3 rest 4.3 | proc:other 1.9ms, particles.cpu 1.5ms, cw.process 1.0ms, cw.players 0.9ms | ticks 0[0m
[lb]frameprofile] med 9.1ms p99 11.0ms | proc 4.6 rcpu 0.6 gpu 2.0 rest 3.8 | proc:other 1.8ms, particles.cpu 1.2ms, cw.process 1.1ms, cw.players 0.9ms | ticks 0[0m
[lb]frameprofile] med 9.1ms p99 12.7ms | proc 10.3 rcpu 1.3 gpu 2.5 rest 0.0 | proc:other 5.3ms, particles.cpu 1.9ms, ng.process 1.8ms, server.tick 1.5ms | ticks 1[0m
[lb]hitch] 16.9ms (med 9.1) | proc 10.0 rcpu 1.3 gpu 2.5 phys 0.2 rest 5.7 | alloc 56KB | top: proc:other 5.8ms, ng.process 1.4ms, particles.cpu 1.4ms | ticks 1[0m
[lb]hitch]   scopes: proc:other 5.8ms, ng.process 1.4ms/5KB, particles.cpu 1.4ms, server.tick 1.2ms/1KB, cw.process 1.0ms, cw.players 0.9ms, sim.move 0.8ms, move.pm 0.7ms, net.send 0.2ms, md3.morph 0.2ms, entitynode 0.1ms, sim.start 0.1ms[0m
[lb]hitch]   gpu: draws 676, pipeline compiles +0, vram 2668MB[0m
[lb]hitch]   prev: 12.5 11.2 11.3 11.4 12.7 13.4 16.3 15.6[0m
[lb]frameprofile] med 9.3ms p99 16.3ms | proc 5.2 rcpu 0.9 gpu 2.3 rest 3.1 | proc:other 1.8ms, particles.cpu 1.1ms, ng.process 1.1ms, cw.process 1.0ms | ticks 1[0m
[lb]frameprofile] med 9.1ms p99 16.3ms | proc 8.1 rcpu 1.0 gpu 2.4 rest 0.0 | proc:other 4.5ms, particles.cpu 1.2ms, ng.process 1.1ms, cw.process 1.0ms | ticks 1[0m
[lb]frameprofile] med 9.7ms p99 13.6ms | proc 6.5 rcpu 0.9 gpu 2.0 rest 2.4 | proc:other 2.7ms, particles.cpu 1.4ms, ng.process 1.1ms, cw.process 1.0ms | ticks 1[0m
[lb]frameprofile] med 10.4ms p99 13.6ms | proc 5.8 rcpu 0.8 gpu 2.2 rest 3.8 | proc:other 2.0ms, particles.cpu 1.7ms, cw.process 1.0ms, cw.players 0.9ms | ticks 1[0m
[lb]frameprofile] med 9.6ms p99 12.0ms | proc 7.0 rcpu 1.0 gpu 2.2 rest 1.6 | proc:other 3.0ms, cw.process 1.3ms, particles.cpu 1.3ms, cw.players 1.2ms | ticks 1[0m
[lb]frameprofile] med 9.5ms p99 12.0ms | proc 8.0 rcpu 0.7 gpu 2.4 rest 0.9 | ng.process 3.8ms, server.tick 2.9ms, sim.move 2.5ms, move.post 1.8ms | ticks 1[0m
[lb]frameprofile] med 9.5ms p99 12.0ms | proc 5.5 rcpu 0.6 gpu 2.2 rest 3.4 | proc:other 2.0ms, particles.cpu 1.1ms, cw.process 1.1ms, ng.process 1.0ms | ticks 1[0m
[lb]frameprofile] med 8.7ms p99 10.4ms | proc 5.4 rcpu 0.6 gpu 2.0 rest 2.7 | proc:other 2.6ms, particles.cpu 1.2ms, cw.process 1.0ms, cw.players 0.9ms | ticks 0[0m
[lb]frameprofile] med 9.3ms p99 14.3ms | proc 8.8 rcpu 1.1 gpu 2.2 rest 0.0 | proc:other 3.5ms, particles.cpu 2.2ms, ng.process 1.8ms, server.tick 1.4ms | ticks 1[0m
[lb]frameprofile] med 9.3ms p99 14.3ms | proc 5.8 rcpu 0.6 gpu 1.9 rest 2.9 | ng.process 1.7ms, proc:other 1.7ms, particles.cpu 1.1ms, cw.process 1.0ms | ticks 1[0m
[lb]frameprofile] med 9.7ms p99 14.8ms | proc 7.1 rcpu 1.0 gpu 2.2 rest 1.6 | proc:other 3.3ms, particles.cpu 1.4ms, ng.process 1.1ms, cw.process 1.0ms | ticks 1[0m
[lb]frameprofile] med 11.1ms p99 14.7ms | proc 7.5 rcpu 0.7 gpu 2.3 rest 2.9 | proc:other 3.3ms, particles.cpu 1.6ms, ng.process 1.3ms, cw.process 1.0ms | ticks 1[0m
[lb]frameprofile] med 11.4ms p99 14.8ms | proc 7.3 rcpu 0.7 gpu 3.6 rest 3.3 | proc:other 2.6ms, particles.cpu 2.0ms, ng.process 1.5ms, cw.process 1.0ms | ticks 1[0m
[lb]frameprofile] med 11.5ms p99 14.2ms | proc 7.1 rcpu 0.9 gpu 3.9 rest 3.5 | proc:other 2.2ms, ng.process 1.9ms, particles.cpu 1.8ms, server.tick 1.4ms | ticks 1[0m
[lb]frameprofile] med 11.7ms p99 14.3ms | proc 7.6 rcpu 1.0 gpu 2.9 rest 3.1 | proc:other 3.3ms, particles.cpu 2.1ms, cw.process 1.0ms, ng.process 1.0ms | ticks 1[0m
[lb]frameprofile] med 11.7ms p99 14.3ms | proc 5.9 rcpu 0.9 gpu 3.7 rest 4.9 | proc:other 2.3ms, particles.cpu 1.3ms, cw.process 1.0ms, ng.process 1.0ms | ticks 1[0m
[lb]frameprofile] med 10.0ms p99 14.3ms | proc 5.3 rcpu 0.6 gpu 2.2 rest 4.1 | proc:other 1.8ms, particles.cpu 1.3ms, cw.process 1.0ms, ng.process 1.0ms | ticks 1[0m
[lb]frameprofile] med 9.2ms p99 11.5ms | proc 7.3 rcpu 0.9 gpu 2.6 rest 1.0 | proc:other 3.4ms, particles.cpu 1.4ms, ng.process 1.3ms, server.tick 1.1ms | ticks 1[0m
[lb]frameprofile] med 9.6ms p99 12.9ms | proc 5.6 rcpu 0.8 gpu 3.4 rest 3.2 | proc:other 2.6ms, particles.cpu 1.4ms, cw.process 1.0ms, cw.players 0.9ms | ticks 0[0m
[lb]frameprofile] med 10.4ms p99 13.9ms | proc 5.6 rcpu 0.8 gpu 2.4 rest 4.0 | proc:other 1.9ms, particles.cpu 1.3ms, ng.process 1.2ms, cw.process 1.0ms | ticks 1[0m
[lb]frameprofile] med 10.0ms p99 13.9ms | proc 6.5 rcpu 0.8 gpu 2.2 rest 2.7 | proc:other 3.3ms, particles.cpu 1.6ms, cw.process 1.0ms, cw.players 0.9ms | ticks 0[0m
[lb]frameprofile] med 10.0ms p99 12.6ms | proc 6.1 rcpu 0.7 gpu 2.3 rest 3.3 | proc:other 2.3ms, particles.cpu 1.3ms, ng.process 1.1ms, cw.process 1.1ms | ticks 1[0m
[lb]hitch] 18.4ms (med 10.0) | proc 7.4 rcpu 0.6 gpu 2.2 phys 0.3 rest 10.4 | alloc 597KB | top: proc:other 2.2ms, particles.cpu 2.2ms, ng.process 1.8ms | ticks 1[0m
[lb]hitch]   scopes: proc:other 2.2ms, particles.cpu 2.2ms, ng.process 1.8ms/6KB, cw.process 0.9ms, server.tick 0.9ms/2KB, cw.players 0.9ms, sim.move 0.5ms, move.pm 0.4ms, net.send 0.2ms/1KB, md3.morph 0.1ms, entitynode 0.1ms, sim.start 0.1ms[0m
[lb]hitch]   gpu: draws 211, pipeline compiles +0, vram 2669MB[0m
[lb]hitch]   prev: 9.3 9.3 9.3 9.3 9.3 9.3 9.3 9.3[0m
[lb]frameprofile] med 10.4ms p99 14.8ms | proc 6.1 rcpu 0.8 gpu 3.2 rest 3.5 | proc:other 2.2ms, particles.cpu 1.4ms, ng.process 1.2ms, cw.process 1.0ms | ticks 1[0m
[lb]frameprofile] med 10.0ms p99 14.8ms | proc 4.1 rcpu 0.6 gpu 2.1 rest 5.3 | proc:other 1.8ms, cw.process 1.0ms, cw.players 0.9ms, particles.cpu 0.9ms | ticks 0[0m
[lb]frameprofile] med 9.1ms p99 13.1ms | proc 5.3 rcpu 0.9 gpu 2.4 rest 2.8 | proc:other 1.8ms, ng.process 1.2ms, particles.cpu 1.0ms, cw.process 1.0ms | ticks 1[0m
[lb]frameprofile] med 9.5ms p99 13.9ms | proc 6.9 rcpu 1.1 gpu 2.4 rest 1.6 | proc:other 2.8ms, particles.cpu 1.5ms, ng.process 1.2ms, cw.process 1.0ms | ticks 1[0m
[lb]frameprofile] med 11.1ms p99 13.9ms | proc 7.5 rcpu 1.0 gpu 2.5 rest 2.7 | proc:other 3.2ms, particles.cpu 1.6ms, ng.process 1.5ms, server.tick 1.2ms | ticks 1[0m
[lb]frameprofile] med 11.6ms p99 13.9ms | proc 6.6 rcpu 0.9 gpu 2.5 rest 4.1 | proc:other 2.5ms, particles.cpu 1.6ms, ng.process 1.2ms, cw.process 1.0ms | ticks 1[0m
[lb]frameprofile] med 10.6ms p99 12.8ms | proc 5.4 rcpu 0.8 gpu 2.4 rest 4.5 | proc:other 2.1ms, particles.cpu 1.5ms, cw.process 1.0ms, cw.players 0.9ms | ticks 0[0m
[lb]frameprofile] med 10.4ms p99 13.8ms | proc 9.2 rcpu 1.2 gpu 2.3 rest 0.1 | ng.process 3.4ms, server.tick 2.8ms, proc:other 2.5ms, sim.move 2.5ms | ticks 1[0m
[lb]frameprofile] med 9.7ms p99 14.4ms | proc 4.4 rcpu 0.6 gpu 2.0 rest 4.7 | proc:other 1.8ms, particles.cpu 1.3ms, cw.process 1.0ms, cw.players 0.9ms | ticks 0[0m
[lb]frameprofile] med 8.6ms p99 12.9ms | proc 4.8 rcpu 0.8 gpu 2.0 rest 3.1 | proc:other 1.8ms, particles.cpu 1.2ms, cw.process 1.0ms, cw.players 0.9ms | ticks 0[0m
[lb]frameprofile] med 8.3ms p99 10.4ms | proc 5.3 rcpu 1.0 gpu 2.4 rest 2.1 | proc:other 1.7ms, particles.cpu 1.2ms, ng.process 1.1ms, cw.process 1.0ms | ticks 1[0m
[lb]frameprofile] med 8.3ms p99 12.0ms | proc 7.7 rcpu 1.1 gpu 2.0 rest 0.0 | proc:other 3.6ms, ng.process 1.7ms, server.tick 1.4ms, cw.process 1.1ms | ticks 1[0m
[lb]frameprofile] med 8.7ms p99 12.9ms | proc 6.7 rcpu 1.1 gpu 2.1 rest 0.9 | proc:other 3.4ms, particles.cpu 1.5ms, cw.process 1.1ms, cw.players 0.9ms | ticks 0[0m
[lb]frameprofile] med 10.8ms p99 13.8ms | proc 9.7 rcpu 1.9 gpu 3.5 rest 0.0 | proc:other 4.7ms, particles.cpu 1.7ms, ng.process 1.6ms, cw.process 1.3ms | ticks 1[0m
[lb]frameprofile] med 11.7ms p99 14.2ms | proc 7.5 rcpu 1.0 gpu 2.6 rest 3.1 | proc:other 3.3ms, particles.cpu 1.8ms, cw.process 1.0ms, ng.process 1.0ms | ticks 1[0m
[lb]frameprofile] med 10.4ms p99 14.2ms | proc 7.8 rcpu 1.0 gpu 2.7 rest 1.6 | proc:other 4.3ms, particles.cpu 1.3ms, ng.process 1.0ms, cw.process 1.0ms | ticks 1[0m
[lb]frameprofile] med 10.9ms p99 14.0ms | proc 6.8 rcpu 1.0 gpu 3.8 rest 3.1 | proc:other 3.3ms, particles.cpu 1.8ms, cw.process 1.0ms, cw.players 0.9ms | ticks 0[0m
[lb]frameprofile] med 11.1ms p99 14.0ms | proc 7.9 rcpu 1.1 gpu 4.1 rest 2.1 | proc:other 3.4ms, particles.cpu 2.0ms, ng.process 1.2ms, cw.process 1.0ms | ticks 1[0m
[lb]frameprofile] med 11.1ms p99 14.0ms | proc 6.5 rcpu 1.0 gpu 2.8 rest 3.5 | proc:other 3.4ms, particles.cpu 1.4ms, cw.process 1.0ms, cw.players 0.9ms | ticks 0[0m
[lb]frameprofile] med 10.6ms p99 12.8ms | proc 7.7 rcpu 1.0 gpu 2.7 rest 1.9 | proc:other 3.3ms, ng.process 1.9ms, server.tick 1.6ms, particles.cpu 1.3ms | ticks 1[0m
[lb]frameprofile] med 10.6ms p99 11.1ms | proc 6.0 rcpu 1.0 gpu 2.7 rest 3.6 | proc:other 3.2ms, particles.cpu 1.3ms, cw.process 1.0ms, cw.players 0.9ms | ticks 0[0m
[lb]frameprofile] med 10.6ms p99 13.0ms | proc 7.2 rcpu 1.1 gpu 2.8 rest 2.4 | proc:other 3.4ms, particles.cpu 1.3ms, ng.process 1.2ms, cw.process 1.0ms | ticks 1[0m
[lb]frameprofile] med 10.6ms p99 13.0ms | proc 6.7 rcpu 1.0 gpu 3.8 rest 2.9 | proc:other 3.3ms, particles.cpu 1.2ms, cw.process 1.0ms, ng.process 0.9ms | ticks 1[0m
[lb]frameprofile] med 10.0ms p99 11.1ms | proc 7.7 rcpu 1.1 gpu 2.6 rest 1.2 | proc:other 3.4ms, ng.process 1.9ms, particles.cpu 1.1ms, cw.process 1.0ms | ticks 1[0m
[lb]frameprofile] med 10.0ms p99 12.6ms | proc 6.8 rcpu 1.2 gpu 2.5 rest 2.0 | proc:other 3.1ms, ng.process 1.3ms, cw.process 1.1ms, particles.cpu 1.0ms | ticks 1[0m
[lb]frameprofile] med 10.4ms p99 13.6ms | proc 6.8 rcpu 1.0 gpu 2.3 rest 2.7 | proc:other 3.1ms, particles.cpu 1.2ms, ng.process 1.2ms, cw.process 1.0ms | ticks 1[0m
[lb]frameprofile] med 10.0ms p99 14.1ms | proc 8.9 rcpu 0.7 gpu 2.2 rest 0.4 | ng.process 3.6ms, proc:other 2.7ms, particles.cpu 1.2ms, cw.process 1.1ms | ticks 1[0m
[lb]frameprofile] med 10.3ms p99 13.8ms | proc 6.8 rcpu 0.9 gpu 2.4 rest 2.5 | proc:other 3.3ms, particles.cpu 1.3ms, cw.process 1.0ms, ng.process 0.9ms | ticks 1[0m
[lb]frameprofile] med 9.8ms p99 13.8ms | proc 5.3 rcpu 0.7 gpu 2.0 rest 3.8 | proc:other 1.7ms, particles.cpu 1.2ms, ng.process 1.1ms, cw.process 1.0ms | ticks 1[0m
[lb]frameprofile] med 8.3ms p99 13.8ms | proc 6.1 rcpu 1.0 gpu 2.2 rest 1.2 | proc:other 2.8ms, particles.cpu 1.9ms, cw.process 1.0ms, cw.players 0.9ms | ticks 0[0m
[lb]frameprofile] med 10.0ms p99 13.8ms | proc 6.6 rcpu 0.7 gpu 2.4 rest 2.8 | proc:other 2.7ms, particles.cpu 1.4ms, ng.process 1.2ms, cw.process 1.0ms | ticks 1[0m
[lb]frameprofile] med 10.0ms p99 12.1ms | proc 5.7 rcpu 0.6 gpu 2.2 rest 3.7 | proc:other 2.0ms, ng.process 1.2ms, particles.cpu 1.2ms, cw.process 1.0ms | ticks 1[0m
[lb]frameprofile] med 8.4ms p99 10.0ms | proc 5.3 rcpu 0.5 gpu 1.7 rest 2.5 | proc:other 2.1ms, cw.process 1.3ms, cw.players 1.1ms, ng.process 0.9ms | ticks 1[0m
[lb]hitch] 18.0ms (med 8.3) | proc 9.6 rcpu 1.1 gpu 1.9 phys 0.1 rest 7.2 | alloc 64KB | top: proc:other 3.6ms, ng.process 2.8ms, particles.cpu 1.9ms | ticks 2[0m
[lb]hitch]   scopes: proc:other 3.6ms, ng.process 2.8ms/7KB, particles.cpu 1.9ms, server.tick 1.4ms/2KB, cw.process 1.1ms, sim.move 1.0ms, cw.players 0.9ms, move.in 0.6ms, bot.think 0.6ms, move.pm 0.3ms, net.send 0.2ms, md3.morph 0.1ms[0m
[lb]hitch]   gpu: draws 623, pipeline compiles +0, vram 2670MB[0m
[lb]hitch]   prev: 10.4 10.4 10.4 12.0 12.3 14.1 12.0 11.9[0m
[lb]hitch] 15.9ms (med 8.3) | proc 8.7 rcpu 1.6 gpu 1.9 phys 0.1 rest 5.6 | alloc 72KB | top: proc:other 3.6ms, particles.cpu 1.9ms, ng.process 1.8ms | ticks 1[0m
[lb]frameprofile] med 8.3ms p99 14.4ms | proc 8.2 rcpu 1.1 gpu 2.1 rest 0.0 | proc:other 3.3ms, ng.process 1.9ms, particles.cpu 1.7ms, cw.process 1.0ms | ticks 1[0m
[lb]frameprofile] med 9.3ms p99 14.4ms | proc 4.5 rcpu 0.6 gpu 2.0 rest 4.2 | proc:other 1.7ms, particles.cpu 1.2ms, cw.process 1.0ms, cw.players 0.9ms | ticks 0[0m
[lb]frameprofile] med 9.3ms p99 14.1ms | proc 7.2 rcpu 1.1 gpu 3.3 rest 0.9 | proc:other 3.9ms, particles.cpu 1.6ms, cw.process 1.0ms, cw.players 0.9ms | ticks 0[0m
[lb]frameprofile] med 10.3ms p99 12.9ms | proc 9.6 rcpu 1.0 gpu 3.9 rest 0.0 | ng.process 4.2ms, server.tick 3.3ms, sim.move 2.9ms, move.post 2.3ms | ticks 1[0m
[lb]frameprofile] med 10.6ms p99 12.9ms | proc 6.3 rcpu 1.0 gpu 2.4 rest 3.4 | proc:other 2.5ms, particles.cpu 1.5ms, cw.process 1.0ms, ng.process 1.0ms | ticks 1[0m
[lb]frameprofile] med 10.6ms p99 12.5ms | proc 6.1 rcpu 0.8 gpu 2.1 rest 3.7 | proc:other 2.0ms, particles.cpu 1.6ms, ng.process 1.1ms, cw.process 1.0ms | ticks 1[0m
[lb]frameprofile] med 10.6ms p99 12.7ms | proc 6.5 rcpu 0.7 gpu 2.4 rest 3.3 | proc:other 2.7ms, particles.cpu 1.5ms, ng.process 1.0ms, cw.process 1.0ms | ticks 1[0m
[lb]frameprofile] med 10.2ms p99 13.4ms | proc 5.5 rcpu 1.1 gpu 2.3 rest 3.7 | particles.cpu 2.1ms, proc:other 1.7ms, cw.process 1.0ms, cw.players 0.9ms | ticks 0[0m
[lb]frameprofile] med 10.6ms p99 13.4ms | proc 5.9 rcpu 0.8 gpu 2.4 rest 3.9 | proc:other 2.4ms, particles.cpu 1.3ms, cw.process 1.0ms, ng.process 0.9ms | ticks 1[0m
[lb]hitch] 20.0ms (med 10.0) | proc 10.6 rcpu 1.0 gpu 2.4 phys 0.2 rest 8.4 | GC g0+1 g1+0 g2+0 | alloc 90KB | top: proc:other 4.2ms, ng.process 3.4ms, particles.cpu 1.9ms | ticks 1[0m
[lb]hitch]   scopes: proc:other 4.2ms, ng.process 3.4ms/44KB, particles.cpu 1.9ms, cw.process 1.0ms, server.tick 1.0ms/2KB, cw.players 0.9ms, sim.move 0.5ms, move.in 0.3ms, bot.think 0.3ms, net.send 0.2ms/1KB, move.pm 0.2ms, md3.morph 0.1ms[0m
[lb]hitch]   gpu: draws 540, pipeline compiles +0, vram 2670MB[0m
[lb]hitch]   gc: g0+1 g1+0 g2+0 pause 1.4ms alloc 90KB[0m
[lb]hitch]   prev: 10.9 8.9 10.4 10.4 10.4 10.4 10.4 13.2[0m
[lb]hitch] 20.1ms (med 10.0) | proc 9.1 rcpu 1.6 gpu 2.4 phys 0.2 rest 9.4 | alloc 112KB | top: proc:other 4.2ms, particles.cpu 2.1ms, ng.process 1.5ms | ticks 2[0m
[lb]frameprofile] med 10.4ms p99 16.7ms | proc 10.1 rcpu 1.1 gpu 2.5 rest 0.0 | proc:other 4.3ms, ng.process 2.9ms, server.tick 2.0ms, particles.cpu 1.6ms | ticks 1[0m
[lb]frameprofile] med 11.3ms p99 16.7ms | proc 9.2 rcpu 0.9 gpu 2.3 rest 1.3 | proc:other 3.9ms, particles.cpu 2.4ms, ng.process 1.6ms, cw.process 1.0ms | ticks 1[0m
[lb]frameprofile] med 13.0ms p99 16.7ms | proc 7.6 rcpu 1.1 gpu 2.7 rest 4.2 | proc:other 3.2ms, particles.cpu 2.0ms, ng.process 1.2ms, cw.process 1.0ms | ticks 1[0m
[lb]frameprofile] med 12.5ms p99 14.4ms | proc 6.7 rcpu 1.0 gpu 2.9 rest 4.8 | proc:other 2.8ms, particles.cpu 2.3ms, cw.process 1.0ms, cw.players 0.9ms | ticks 0[0m
[lb]frameprofile] med 11.9ms p99 13.6ms | proc 6.7 rcpu 0.8 gpu 2.6 rest 4.4 | proc:other 2.4ms, particles.cpu 1.9ms, ng.process 1.2ms, cw.process 1.0ms | ticks 1[0m
[lb]frameprofile] med 10.6ms p99 13.6ms | proc 5.0 rcpu 0.7 gpu 2.8 rest 4.9 | proc:other 1.8ms, particles.cpu 1.6ms, cw.process 1.0ms, cw.players 0.9ms | ticks 0[0m
[lb]frameprofile] med 9.7ms p99 12.5ms | proc 6.2 rcpu 0.6 gpu 3.5 rest 2.9 | proc:other 2.1ms, particles.cpu 1.7ms, ng.process 1.1ms, cw.process 1.0ms | ticks 1[0m
[lb]frameprofile] med 9.5ms p99 11.1ms | proc 6.2 rcpu 0.6 gpu 2.1 rest 2.7 | proc:other 2.4ms, ng.process 1.4ms, server.tick 1.2ms, particles.cpu 1.2ms | ticks 1[0m
[lb]frameprofile] med 9.7ms p99 13.5ms | proc 6.0 rcpu 0.8 gpu 2.3 rest 2.9 | proc:other 1.8ms, particles.cpu 1.7ms, ng.process 1.2ms, cw.process 1.0ms | ticks 1[0m
[lb]frameprofile] med 9.1ms p99 13.5ms | proc 6.7 rcpu 0.9 gpu 2.3 rest 1.5 | proc:other 2.9ms, particles.cpu 1.4ms, cw.process 1.1ms, ng.process 1.0ms | ticks 1[0m
[lb]frameprofile] med 10.4ms p99 13.9ms | proc 6.6 rcpu 0.7 gpu 2.1 rest 3.1 | proc:other 2.6ms, particles.cpu 1.6ms, ng.process 1.1ms, cw.process 1.0ms | ticks 1[0m
[lb]frameprofile] med 10.6ms p99 13.2ms | proc 7.3 rcpu 0.8 gpu 2.5 rest 2.5 | proc:other 3.3ms, particles.cpu 1.5ms, ng.process 1.2ms, cw.process 1.0ms | ticks 1[0m
[lb]frameprofile] med 10.6ms p99 13.2ms | proc 8.4 rcpu 1.0 gpu 2.6 rest 1.3 | ng.process 3.4ms, proc:other 2.4ms, particles.cpu 1.4ms, server.tick 1.0ms | ticks 1[0m
[lb]frameprofile] med 9.5ms p99 13.2ms | proc 9.3 rcpu 0.8 gpu 2.3 rest 0.0 | ng.process 15.0ms, server.tick 6.3ms, sim.move 5.9ms, move.post 5.2ms | ticks 1[0m
[lb]hitch] 25.9ms (med 9.5) | proc 6.5 rcpu 0.7 gpu 2.3 phys 0.2 rest 18.8 | alloc 199KB | top: particles.cpu 1.9ms, proc:other 1.8ms, ng.process 1.5ms | ticks 2[0m
[lb]hitch]   scopes: particles.cpu 1.9ms, proc:other 1.8ms, ng.process 1.5ms/7KB, server.tick 1.2ms/2KB, cw.process 1.0ms, cw.players 0.9ms, sim.move 0.8ms, move.pm 0.4ms, move.in 0.3ms, bot.think 0.3ms, net.send 0.2ms, md3.morph 0.1ms[0m
[lb]hitch]   gpu: draws 271, pipeline compiles +0, vram 2670MB[0m
[lb]hitch]   prev: 9.3 9.3 9.3 9.3 9.3 9.3 9.3 9.3[0m
[lb]frameprofile] med 9.3ms p99 13.9ms | proc 7.2 rcpu 1.0 gpu 2.2 rest 1.1 | proc:other 2.9ms, particles.cpu 2.0ms, ng.process 1.0ms, cw.process 1.0ms | ticks 1[0m
[lb]frameprofile] med 9.3ms p99 13.3ms | proc 5.9 rcpu 0.7 gpu 3.2 rest 2.6 | proc:other 1.9ms, particles.cpu 1.6ms, ng.process 1.1ms, cw.process 1.0ms | ticks 1[0m
[lb]frameprofile] med 9.3ms p99 13.1ms | proc 8.4 rcpu 1.2 gpu 2.7 rest 0.0 | proc:other 4.6ms, particles.cpu 1.4ms, ng.process 1.1ms, cw.process 1.0ms | ticks 1[0m
[lb]hitch] 17.0ms (med 9.3) | proc 8.4 rcpu 1.2 gpu 2.6 phys 0.1 rest 7.4 | alloc 72KB | top: proc:other 3.8ms, particles.cpu 2.1ms, cw.process 1.1ms | ticks 1[0m
[lb]hitch]   scopes: proc:other 3.8ms, particles.cpu 2.1ms, cw.process 1.1ms, ng.process 1.1ms/8KB, cw.players 1.0ms, server.tick 0.7ms/1KB, sim.move 0.3ms, move.pm 0.2ms, net.send 0.2ms, md3.morph 0.2ms, cw.csqc 0.1ms, entitynode 0.1ms[0m
[lb]hitch]   gpu: draws 597, pipeline compiles +0, vram 2670MB[0m
[lb]hitch]   prev: 13.0 13.0 13.0 13.0 13.0 13.0 13.0 13.0[0m
[lb]frameprofile] med 9.3ms p99 16.5ms | proc 6.8 rcpu 0.8 gpu 3.5 rest 1.7 | proc:other 2.7ms, ng.process 1.5ms, particles.cpu 1.3ms, cw.process 1.0ms | ticks 1[0m
[lb]frameprofile] med 10.6ms p99 16.5ms | proc 6.7 rcpu 0.9 gpu 2.6 rest 3.1 | proc:other 3.1ms, particles.cpu 1.9ms, cw.process 1.0ms, cw.players 0.9ms | ticks 0[0m
[lb]frameprofile] med 11.1ms p99 15.7ms | proc 6.1 rcpu 0.7 gpu 2.4 rest 4.3 | proc:other 2.5ms, particles.cpu 1.3ms, cw.process 1.0ms, ng.process 1.0ms | ticks 1[0m
[lb]frameprofile] med 10.6ms p99 13.3ms | proc 5.1 rcpu 0.8 gpu 3.6 rest 4.7 | proc:other 1.9ms, particles.cpu 1.6ms, cw.process 1.0ms, cw.players 0.9ms | ticks 0[0m
[lb]frameprofile] med 10.0ms p99 13.2ms | proc 7.7 rcpu 0.9 gpu 2.5 rest 1.3 | proc:other 3.2ms, ng.process 1.6ms, particles.cpu 1.6ms, cw.process 1.0ms | ticks 1[0m
[lb]frameprofile] med 10.0ms p99 12.1ms | proc 5.7 rcpu 0.7 gpu 3.8 rest 3.6 | proc:other 2.4ms, particles.cpu 1.6ms, cw.process 1.0ms, cw.players 0.9ms | ticks 0[0m
[lb]frameprofile] med 10.0ms p99 12.1ms | proc 5.3 rcpu 0.6 gpu 2.3 rest 4.1 | proc:other 2.0ms, ng.process 1.1ms, particles.cpu 1.0ms, cw.process 1.0ms | ticks 1[0m
[lb]frameprofile] med 9.5ms p99 13.6ms | proc 7.9 rcpu 1.2 gpu 3.0 rest 0.5 | proc:other 3.9ms, particles.cpu 1.4ms, ng.process 1.3ms, cw.process 1.0ms | ticks 1[0m
[lb]hitch] 18.5ms (med 9.5) | proc 7.5 rcpu 1.1 gpu 2.2 phys 0.2 rest 9.9 | alloc 56KB | top: proc:other 3.6ms, ng.process 1.4ms, particles.cpu 1.3ms | ticks 1[0m
[lb]hitch]   scopes: proc:other 3.6ms, ng.process 1.4ms/5KB, particles.cpu 1.3ms, server.tick 1.0ms/1KB, cw.process 1.0ms, cw.players 0.9ms, sim.move 0.6ms, move.pm 0.4ms, net.send 0.2ms, move.in 0.2ms, bot.think 0.2ms, md3.morph 0.2ms[0m
[lb]hitch]   gpu: draws 628, pipeline compiles +0, vram 2670MB[0m
[lb]hitch]   prev: 12.6 13.2 13.1 13.8 13.9 13.8 13.0 13.3[0m
[lb]frameprofile] med 9.7ms p99 14.0ms | proc 4.7 rcpu 0.7 gpu 2.3 rest 4.3 | proc:other 1.9ms, particles.cpu 1.5ms, cw.process 1.0ms, cw.players 0.9ms | ticks 0[0m
[lb]frameprofile] med 8.3ms p99 14.0ms | proc 4.7 rcpu 0.7 gpu 2.8 rest 3.0 | proc:other 1.7ms, particles.cpu 1.3ms, cw.process 1.0ms, cw.players 0.9ms | ticks 0[0m
[lb]hitch] 15.6ms (med 8.3) | proc 6.9 rcpu 1.2 gpu 2.3 phys 0.1 rest 7.4 | alloc 64KB | top: proc:other 3.1ms, particles.cpu 1.6ms, cw.process 1.0ms | ticks 1[0m
[lb]hitch]   scopes: proc:other 3.1ms, particles.cpu 1.6ms, cw.process 1.0ms, ng.process 1.0ms/5KB, cw.players 0.9ms, server.tick 0.7ms/1KB, sim.move 0.3ms, net.send 0.2ms, move.pm 0.2ms, md3.morph 0.1ms, entitynode 0.1ms, sim.start 0.1ms[0m
[lb]hitch]   gpu: draws 640, pipeline compiles +0, vram 2670MB[0m
[lb]hitch]   prev: 11.7 12.6 13.7 12.1 12.1 14.1 13.2 12.5[0m
[lb]frameprofile] med 8.3ms p99 14.1ms | proc 7.6 rcpu 1.2 gpu 2.3 rest 0.0 | proc:other 3.4ms, particles.cpu 1.7ms, cw.process 1.2ms, cw.players 1.1ms | ticks 1[0m
[lb]frameprofile] med 10.6ms p99 14.1ms | proc 4.9 rcpu 0.6 gpu 2.3 rest 5.1 | proc:other 1.9ms, particles.cpu 1.6ms, cw.process 1.0ms, cw.players 0.9ms | ticks 0[0m
[lb]frameprofile] med 10.7ms p99 14.5ms | proc 6.7 rcpu 0.9 gpu 2.5 rest 3.1 | proc:other 2.0ms, particles.cpu 1.9ms, ng.process 1.5ms, cw.process 1.0ms | ticks 1[0m
[lb]frameprofile] med 10.6ms p99 12.3ms | proc 6.0 rcpu 0.8 gpu 2.7 rest 3.9 | proc:other 2.3ms, particles.cpu 1.5ms, cw.process 1.0ms, ng.process 0.9ms | ticks 1[0m
[lb]frameprofile] med 10.6ms p99 12.0ms | proc 5.7 rcpu 0.8 gpu 2.4 rest 4.1 | proc:other 1.9ms, particles.cpu 1.4ms, ng.process 1.1ms, cw.process 1.0ms | ticks 1[0m
[lb]frameprofile] med 9.7ms p99 12.2ms | proc 6.9 rcpu 0.8 gpu 2.5 rest 2.1 | proc:other 3.3ms, particles.cpu 1.3ms, cw.process 1.1ms, cw.players 1.0ms | ticks 1[0m
[lb]frameprofile] med 10.4ms p99 13.1ms | proc 5.7 rcpu 0.8 gpu 2.5 rest 3.9 | proc:other 2.2ms, particles.cpu 1.4ms, cw.process 1.0ms, ng.process 0.9ms | ticks 1[0m
[lb]frameprofile] med 9.5ms p99 13.1ms | proc 5.8 rcpu 0.8 gpu 2.1 rest 3.0 | proc:other 2.0ms, particles.cpu 1.4ms, ng.process 1.2ms, cw.process 1.0ms | ticks 1[0m
[lb]frameprofile] med 9.1ms p99 11.1ms | proc 7.1 rcpu 0.7 gpu 2.2 rest 1.2 | proc:other 3.1ms, particles.cpu 1.6ms, ng.process 1.1ms, cw.process 1.0ms | ticks 1[0m
[lb]frameprofile] med 9.7ms p99 12.0ms | proc 6.3 rcpu 0.7 gpu 2.5 rest 2.7 | proc:other 3.0ms, particles.cpu 1.6ms, cw.process 1.0ms, cw.players 0.9ms | ticks 0[0m
[lb]frameprofile] med 10.6ms p99 12.0ms | proc 5.4 rcpu 0.5 gpu 2.1 rest 4.7 | proc:other 1.6ms, particles.cpu 1.4ms, ng.process 1.1ms, cw.process 1.0ms | ticks 1[0m
[lb]frameprofile] med 9.7ms p99 11.2ms | proc 5.5 rcpu 0.6 gpu 2.1 rest 3.6 | proc:other 2.0ms, particles.cpu 1.2ms, ng.process 1.1ms, cw.process 1.0ms | ticks 1[0m
[lb]frameprofile] med 8.3ms p99 12.0ms | proc 6.4 rcpu 0.9 gpu 2.0 rest 1.0 | proc:other 2.3ms, ng.process 2.0ms, cw.process 1.0ms, server.tick 1.0ms | ticks 1[0m
[lb]hitch] 17.8ms (med 8.5) | proc 6.8 rcpu 1.2 gpu 2.2 phys 0.2 rest 9.9 | alloc 64KB | top: proc:other 2.2ms, particles.cpu 1.9ms, ng.process 1.4ms | ticks 1[0m
[lb]hitch]   scopes: proc:other 2.2ms, particles.cpu 1.9ms, ng.process 1.4ms/6KB, server.tick 1.1ms/2KB, cw.process 1.0ms, cw.players 0.9ms, sim.move 0.7ms, move.in 0.5ms, bot.think 0.5ms, net.send 0.2ms, move.pm 0.2ms, bot.path 0.2ms[0m
[lb]hitch]   gpu: draws 668, pipeline compiles +0, vram 2671MB[0m
[lb]hitch]   prev: 10.5 10.6 8.9 10.4 10.4 10.4 10.6 10.6[0m
[lb]frameprofile] med 9.1ms p99 14.3ms | proc 6.6 rcpu 0.7 gpu 2.1 rest 1.8 | proc:other 1.9ms, ng.process 1.6ms, particles.cpu 1.4ms, server.tick 1.4ms | ticks 1[0m
[lb]frameprofile] med 9.7ms p99 14.3ms | proc 6.3 rcpu 0.9 gpu 2.3 rest 2.5 | proc:other 2.6ms, particles.cpu 1.2ms, ng.process 1.1ms, cw.process 1.0ms | ticks 1[0m
[lb]frameprofile] med 10.0ms p99 15.6ms | proc 7.2 rcpu 1.0 gpu 3.2 rest 1.8 | proc:other 2.9ms, particles.cpu 1.7ms, ng.process 1.2ms, cw.process 1.0ms | ticks 1[0m
[lb]frameprofile] med 11.7ms p99 15.6ms | proc 9.0 rcpu 1.0 gpu 3.8 rest 1.7 | proc:other 3.2ms, particles.cpu 2.3ms, ng.process 2.1ms, server.tick 1.8ms | ticks 1[0m
[lb]frameprofile] med 12.2ms p99 15.6ms | proc 8.1 rcpu 1.0 gpu 2.6 rest 3.1 | proc:other 2.6ms, ng.process 2.2ms, particles.cpu 1.9ms, server.tick 1.4ms | ticks 1[0m
[lb]frameprofile] med 12.5ms p99 14.7ms | proc 5.7 rcpu 0.6 gpu 2.7 rest 6.2 | proc:other 1.9ms, particles.cpu 1.4ms, ng.process 1.2ms, cw.process 1.0ms | ticks 1[0m
[lb]frameprofile] med 10.6ms p99 13.9ms | proc 9.4 rcpu 0.7 gpu 2.1 rest 0.5 | ng.process 4.6ms, proc:other 1.8ms, particles.cpu 1.7ms, server.tick 1.4ms | ticks 1[0m
[lb]frameprofile] med 9.5ms p99 13.2ms | proc 6.1 rcpu 0.6 gpu 2.3 rest 2.8 | proc:other 2.2ms, ng.process 1.5ms, particles.cpu 1.1ms, server.tick 1.1ms | ticks 1[0m
[lb]frameprofile] med 9.7ms p99 13.3ms | proc 8.7 rcpu 1.1 gpu 2.8 rest 0.0 | proc:other 4.6ms, ng.process 1.4ms, particles.cpu 1.4ms, cw.process 1.0ms | ticks 1[0m
[lb]frameprofile] med 9.7ms p99 16.6ms | proc 10.2 rcpu 1.1 gpu 2.9 rest 0.0 | proc:other 4.6ms, particles.cpu 2.2ms, ng.process 2.0ms, server.tick 1.2ms | ticks 1[0m
[lb]hitch] 17.6ms (med 9.7) | proc 9.1 rcpu 1.4 gpu 2.9 phys 0.2 rest 7.1 | alloc 56KB | top: proc:other 4.8ms, particles.cpu 1.7ms, ng.process 1.3ms | ticks 1[0m
[lb]hitch]   scopes: proc:other 4.8ms, particles.cpu 1.7ms, ng.process 1.3ms/5KB, cw.process 1.0ms, server.tick 1.0ms/1KB, cw.players 0.9ms, sim.move 0.6ms, move.in 0.3ms, bot.think 0.3ms, move.pm 0.2ms, net.send 0.2ms, md3.morph 0.2ms[0m
[lb]hitch]   gpu: draws 549, pipeline compiles +0, vram 2671MB[0m
[lb]hitch]   prev: 13.7 13.6 13.6 14.0 13.6 13.7 13.6 13.6[0m
[lb]frameprofile] med 12.1ms p99 16.7ms | proc 6.3 rcpu 0.8 gpu 2.9 rest 5.1 | proc:other 2.9ms, particles.cpu 1.6ms, cw.process 1.0ms, cw.players 0.9ms | ticks 0[0m
[lb]frameprofile] med 11.1ms p99 16.6ms | proc 5.4 rcpu 0.7 gpu 2.3 rest 5.0 | proc:other 1.8ms, particles.cpu 1.2ms, ng.process 1.2ms, cw.process 1.0ms | ticks 1[0m
[lb]frameprofile] med 9.5ms p99 13.3ms | proc 7.0 rcpu 0.9 gpu 2.5 rest 1.6 | proc:other 3.6ms, particles.cpu 1.2ms, cw.process 1.0ms, ng.process 1.0ms | ticks 1[0m
[lb]hitch] 21.2ms (med 9.5) | proc 8.7 rcpu 0.9 gpu 3.3 phys 0.1 rest 11.5 | alloc 56KB | top: proc:other 3.9ms, ng.process 1.9ms, particles.cpu 1.7ms | ticks 1[0m
[lb]hitch]   scopes: proc:other 3.9ms, ng.process 1.9ms/5KB, particles.cpu 1.7ms, server.tick 1.6ms/1KB, sim.move 1.2ms, cw.process 1.0ms, cw.players 0.9ms, move.in 0.7ms, bot.think 0.7ms, move.pm 0.5ms, net.send 0.2ms, md3.morph 0.1ms[0m
[lb]hitch]   gpu: draws 445, pipeline compiles +0, vram 2671MB[0m
[lb]hitch]   prev: 11.1 11.1 11.1 11.1 11.1 11.1 11.1 11.8[0m
[lb]frameprofile] med 9.5ms p99 15.1ms | proc 7.6 rcpu 0.7 gpu 2.4 rest 1.2 | proc:other 3.1ms, particles.cpu 1.8ms, ng.process 1.5ms, server.tick 1.2ms | ticks 1[0m
[lb]frameprofile] med 11.1ms p99 15.1ms | proc 5.1 rcpu 0.7 gpu 3.7 rest 5.3 | proc:other 2.2ms, particles.cpu 1.5ms, cw.process 1.0ms, cw.players 0.9ms | ticks 0[0m
[lb]frameprofile] med 9.6ms p99 11.9ms | proc 5.0 rcpu 0.6 gpu 2.1 rest 4.0 | proc:other 1.6ms, particles.cpu 1.1ms, ng.process 1.0ms, cw.process 1.0ms | ticks 1[0m
[lb]hitch] 17.1ms (med 9.1) | proc 8.7 rcpu 1.1 gpu 3.7 phys 0.2 rest 7.2 | alloc 56KB | top: proc:other 4.4ms, ng.process 1.7ms, server.tick 1.3ms | ticks 1[0m
[lb]hitch]   scopes: proc:other 4.4ms, ng.process 1.7ms/6KB, server.tick 1.3ms/1KB, cw.process 1.2ms, particles.cpu 1.1ms, cw.players 1.1ms, sim.move 1.0ms, move.in 0.7ms, bot.think 0.7ms, net.send 0.2ms, move.pm 0.2ms, md3.morph 0.2ms[0m
[lb]hitch]   gpu: draws 641, pipeline compiles +0, vram 2667MB[0m
[lb]hitch]   prev: 10.4 10.6 11.0 13.0 13.0 13.2 13.0 12.7[0m
[lb]frameprofile] med 9.1ms p99 15.1ms | proc 8.1 rcpu 1.2 gpu 2.5 rest 0.0 | proc:other 3.9ms, particles.cpu 1.5ms, cw.process 1.2ms, ng.process 1.2ms | ticks 1[0m
[lb]hitch] 18.8ms (med 9.1) | proc 9.5 rcpu 1.7 gpu 2.6 phys 0.2 rest 7.6 | alloc 149KB | top: particles.cpu 3.2ms, proc:other 3.0ms, ng.process 2.1ms | ticks 2[0m
[lb]hitch]   scopes: particles.cpu 3.2ms, proc:other 3.0ms, ng.process 2.1ms/8KB, server.tick 1.6ms/2KB, sim.move 1.2ms, cw.process 1.0ms, cw.players 0.9ms, move.pm 0.6ms, move.in 0.5ms, bot.think 0.5ms, net.send 0.2ms, md3.morph 0.2ms[0m
[lb]hitch]   gpu: draws 579, pipeline compiles +0, vram 2669MB[0m
[lb]hitch]   prev: 12.5 12.5 12.5 12.5 12.5 12.5 12.5 14.5[0m
[lb]hitch] 17.0ms (med 9.1) | proc 9.3 rcpu 1.1 gpu 2.6 phys 0.2 rest 6.6 | alloc 48KB | top: proc:other 3.4ms, particles.cpu 2.9ms, ng.process 1.5ms | ticks 1[0m
[lb]frameprofile] med 10.6ms p99 17.0ms | proc 7.6 rcpu 1.3 gpu 2.8 rest 1.7 | proc:other 2.6ms, particles.cpu 2.3ms, ng.process 1.2ms, cw.process 1.2ms | ticks 1[0m
[lb]hitch] 20.5ms (med 11.1) | proc 7.3 rcpu 0.9 gpu 3.0 phys 0.3 rest 12.3 | alloc 56KB | top: particles.cpu 2.3ms, proc:other 2.2ms, ng.process 1.6ms | ticks 1[0m
[lb]hitch]   scopes: particles.cpu 2.3ms, proc:other 2.2ms, ng.process 1.6ms/5KB, server.tick 1.2ms/1KB, cw.process 1.0ms, cw.players 0.9ms, sim.move 0.8ms, move.in 0.5ms, bot.think 0.4ms, move.pm 0.3ms, net.send 0.2ms, md3.morph 0.1ms[0m
[lb]hitch]   gpu: draws 429, pipeline compiles +1 (uber +0, spec/draw +1), vram 2669MB[0m
[lb]hitch]   prev: 11.5 11.7 12.0 11.1 11.1 11.1 11.1 11.6[0m
[lb]frameprofile] med 12.1ms p99 17.1ms | proc 8.0 rcpu 0.9 gpu 2.9 rest 3.2 | ng.process 2.5ms, server.tick 2.3ms, proc:other 2.2ms, particles.cpu 2.0ms | ticks 1[0m
[lb]frameprofile] med 12.1ms p99 17.0ms | proc 7.6 rcpu 1.0 gpu 2.9 rest 3.5 | proc:other 3.2ms, particles.cpu 2.0ms, ng.process 1.1ms, cw.process 1.0ms | ticks 1[0m
[lb]frameprofile] med 12.1ms p99 15.8ms | proc 6.5 rcpu 0.9 gpu 2.7 rest 4.7 | proc:other 2.8ms, particles.cpu 1.5ms, cw.process 1.0ms, ng.process 0.9ms | ticks 1[0m
[lb]frameprofile] med 10.6ms p99 14.3ms | proc 5.4 rcpu 0.8 gpu 2.4 rest 4.4 | proc:other 2.5ms, particles.cpu 1.3ms, cw.process 1.0ms, cw.players 0.9ms | ticks 0[0m
[lb]frameprofile] med 10.0ms p99 12.6ms | proc 7.1 rcpu 0.8 gpu 2.3 rest 2.1 | proc:other 3.0ms, particles.cpu 1.4ms, ng.process 1.4ms, cw.process 1.1ms | ticks 1[0m
[lb]frameprofile] med 10.6ms p99 15.1ms | proc 7.5 rcpu 0.7 gpu 2.4 rest 2.4 | proc:other 2.6ms, ng.process 1.9ms, particles.cpu 1.6ms, server.tick 1.5ms | ticks 1[0m
[lb]frameprofile] med 9.5ms p99 15.1ms | proc 4.7 rcpu 0.6 gpu 2.3 rest 4.1 | proc:other 2.0ms, cw.process 1.2ms, cw.players 1.1ms, particles.cpu 1.0ms | ticks 0[0m
[lb]frameprofile] med 9.1ms p99 12.5ms | proc 5.0 rcpu 0.9 gpu 2.1 rest 3.2 | proc:other 2.3ms, particles.cpu 1.0ms, cw.process 1.0ms, cw.players 0.9ms | ticks 0[0m
[lb]frameprofile] med 9.1ms p99 13.0ms | proc 5.6 rcpu 0.8 gpu 2.1 rest 2.7 | proc:other 1.8ms, particles.cpu 1.4ms, ng.process 1.1ms, cw.process 1.0ms | ticks 1[0m
[lb]frameprofile] med 9.3ms p99 13.0ms | proc 4.5 rcpu 0.8 gpu 2.1 rest 4.0 | proc:other 1.8ms, cw.process 1.0ms, particles.cpu 0.9ms, cw.players 0.9ms | ticks 0[0m
[lb]frameprofile] med 9.3ms p99 12.8ms | proc 6.2 rcpu 1.0 gpu 2.1 rest 2.1 | proc:other 2.9ms, particles.cpu 1.5ms, cw.process 1.0ms, cw.players 0.9ms | ticks 0[0m
[lb]frameprofile] med 11.1ms p99 13.2ms | proc 8.2 rcpu 1.0 gpu 2.5 rest 1.9 | proc:other 3.3ms, particles.cpu 2.2ms, ng.process 1.3ms, cw.process 1.1ms | ticks 1[0m
[lb]hitch] 21.1ms (med 11.1) | proc 9.0 rcpu 1.0 gpu 2.6 phys 0.1 rest 11.1 | alloc 56KB | top: proc:other 3.2ms, particles.cpu 2.3ms, ng.process 2.1ms | ticks 2[0m
[lb]hitch]   scopes: proc:other 3.2ms, particles.cpu 2.3ms, ng.process 2.1ms/7KB, server.tick 1.7ms/2KB, sim.move 1.1ms, cw.process 1.0ms, cw.players 0.9ms, move.pm 0.7ms, move.in 0.3ms, bot.think 0.3ms, net.send 0.2ms, md3.morph 0.2ms[0m
[lb]hitch]   gpu: draws 514, pipeline compiles +0, vram 2669MB[0m
[lb]hitch]   prev: 13.1 12.4 13.6 12.0 12.5 12.5 12.5 12.5[0m
[lb]frameprofile] med 11.7ms p99 17.3ms | proc 7.5 rcpu 1.0 gpu 3.0 rest 3.1 | proc:other 3.0ms, particles.cpu 2.0ms, ng.process 1.2ms, cw.process 1.0ms | ticks 1[0m
[lb]frameprofile] med 11.2ms p99 17.3ms | proc 6.2 rcpu 0.8 gpu 2.3 rest 4.2 | proc:other 2.3ms, particles.cpu 1.6ms, cw.process 1.0ms, ng.process 0.9ms | ticks 1[0m
[lb]frameprofile] med 10.6ms p99 14.5ms | proc 5.0 rcpu 0.7 gpu 2.3 rest 4.9 | proc:other 2.0ms, particles.cpu 1.6ms, cw.process 1.0ms, cw.players 0.9ms | ticks 0[0m
[lb]frameprofile] med 9.8ms p99 12.1ms | proc 5.3 rcpu 0.7 gpu 2.1 rest 3.7 | proc:other 1.8ms, particles.cpu 1.1ms, cw.process 1.1ms, ng.process 1.0ms | ticks 1[0m
[lb]hitch] 18.1ms (med 9.5) | proc 8.4 rcpu 1.0 gpu 2.1 phys 0.2 rest 8.6 | alloc 56KB | top: proc:other 4.4ms, particles.cpu 1.5ms, ng.process 1.1ms | ticks 1[0m
[lb]hitch]   scopes: proc:other 4.4ms, particles.cpu 1.5ms, ng.process 1.1ms/6KB, cw.process 1.0ms, cw.players 1.0ms, server.tick 0.7ms/1KB, sim.move 0.4ms, net.send 0.2ms, md3.morph 0.2ms, move.in 0.2ms, move.pm 0.2ms, bot.think 0.2ms[0m
[lb]hitch]   gpu: draws 552, pipeline compiles +0, vram 2669MB[0m
[lb]hitch]   prev: 13.3 13.3 14.3 13.3 13.3 13.3 16.6 14.7[0m
[lb]frameprofile] med 9.8ms p99 16.1ms | proc 8.3 rcpu 1.0 gpu 1.9 rest 0.6 | proc:other 4.0ms, particles.cpu 1.9ms, ng.process 1.2ms, cw.process 1.0ms | ticks 1[0m
[lb]frameprofile] med 8.7ms p99 16.1ms | proc 4.2 rcpu 0.6 gpu 1.9 rest 3.9 | proc:other 1.7ms, particles.cpu 1.1ms, cw.process 1.0ms, cw.players 0.9ms | ticks 0[0m
[lb]hitch] 15.4ms (med 8.3) | proc 8.3 rcpu 1.0 gpu 2.4 phys 0.1 rest 6.1 | alloc 56KB | top: proc:other 4.6ms, ng.process 1.2ms, particles.cpu 1.2ms | ticks 1[0m
[lb]hitch]   scopes: proc:other 4.6ms, ng.process 1.2ms/6KB, particles.cpu 1.2ms, cw.process 1.1ms, cw.players 0.9ms, server.tick 0.8ms/1KB, sim.move 0.4ms, move.pm 0.2ms, net.send 0.2ms, md3.morph 0.2ms, move.in 0.1ms, bot.think 0.1ms[0m
[lb]hitch]   gpu: draws 542, pipeline compiles +0, vram 2669MB[0m
[lb]hitch]   prev: 9.1 9.1 9.1 9.1 9.1 9.1 9.1 9.5[0m
[lb]frameprofile] med 8.3ms p99 14.9ms | proc 7.7 rcpu 1.0 gpu 2.4 rest 0.0 | proc:other 4.4ms, particles.cpu 1.0ms, ng.process 1.0ms, cw.process 1.0ms | ticks 1[0m
[lb]hitch] 15.7ms (med 8.3) | proc 8.7 rcpu 1.1 gpu 3.5 phys 0.1 rest 5.9 | alloc 192KB | top: proc:other 4.8ms, particles.cpu 1.6ms, ng.process 1.0ms | ticks 1[0m
[lb]frameprofile] med 9.1ms p99 14.9ms | proc 5.5 rcpu 0.9 gpu 2.5 rest 2.8 | proc:other 2.2ms, particles.cpu 1.5ms, cw.process 1.0ms, cw.players 0.9ms | ticks 0[0m
[lb]frameprofile] med 10.4ms p99 14.9ms | proc 6.8 rcpu 0.8 gpu 2.5 rest 2.8 | proc:other 2.9ms, particles.cpu 1.7ms, cw.process 1.0ms, cw.players 0.9ms | ticks 1[0m
[lb]frameprofile] med 10.7ms p99 14.2ms | proc 8.9 rcpu 0.8 gpu 2.3 rest 1.0 | proc:other 3.7ms, particles.cpu 2.2ms, ng.process 1.4ms, cw.process 1.3ms | ticks 1[0m
[lb]frameprofile] med 10.4ms p99 12.5ms | proc 6.3 rcpu 0.8 gpu 2.5 rest 3.2 | particles.cpu 2.0ms, proc:other 1.9ms, ng.process 1.1ms, cw.process 1.0ms | ticks 1[0m
[lb]hitch] 20.0ms (med 10.5) | proc 20.0 rcpu 0.7 gpu 2.4 phys 0.1 rest 0.0 | alloc 64KB | top: particles.cpu 415.3ms, ng.process 2.0ms, server.tick 1.1ms | ticks 2[0m
[lb]hitch]   scopes: particles.cpu 415.3ms, ng.process 2.0ms/8KB, server.tick 1.1ms/2KB, cw.process 1.0ms, cw.players 0.9ms, sim.move 0.6ms, move.pm 0.5ms, net.send 0.2ms, md3.morph 0.2ms, entitynode 0.1ms, sim.start 0.1ms, cw.csqc 0.1ms[0m
[lb]hitch]   gpu: draws 284, pipeline compiles +0, vram 2669MB[0m
[lb]hitch]   prev: 9.8 9.7 11.1 10.9 14.9 11.6 11.1 13.0[0m
[lb]hitch] 137.4ms (med 10.5) | proc 8.4 rcpu 0.7 gpu 2.5 phys 0.1 rest 128.4 | alloc 104KB | top: ng.process 3.1ms, proc:other 2.1ms, particles.cpu 1.8ms | ticks 4[0m
[lb]frameprofile] med 9.9ms p99 16.7ms | proc 6.8 rcpu 0.8 gpu 2.4 rest 2.2 | proc:other 2.8ms, particles.cpu 2.0ms, cw.process 1.0ms, cw.players 0.9ms | ticks 1[0m
[lb]hitch] 34.5ms (med 10.6) | proc 8.9 rcpu 1.2 gpu 2.4 phys 0.1 rest 24.4 | alloc 48KB | top: particles.cpu 3.4ms, proc:other 2.8ms, ng.process 1.3ms | ticks 2[0m
[lb]hitch]   scopes: particles.cpu 3.4ms, proc:other 2.8ms, ng.process 1.3ms/5KB, cw.process 1.0ms, server.tick 0.9ms/2KB, cw.players 0.9ms, sim.move 0.5ms, move.pm 0.4ms, net.send 0.2ms, md3.morph 0.2ms, entitynode 0.1ms, sim.start 0.1ms[0m
[lb]hitch]   gpu: draws 617, pipeline compiles +0, vram 2672MB[0m
[lb]hitch]   prev: 12.5 12.5 12.5 12.5 12.5 12.5 12.5 12.5[0m
[lb]frameprofile] med 10.6ms p99 20.0ms | proc 9.1 rcpu 1.2 gpu 2.5 rest 0.3 | particles.cpu 4.4ms, proc:other 2.5ms, cw.process 1.0ms, ng.process 0.9ms | ticks 1[0m
[lb]hitch] 35.2ms (med 10.6) | proc 35.2 rcpu 1.4 gpu 2.5 phys 0.1 rest 0.0 | alloc 56KB | top: particles.cpu 1644.0ms, ng.process 2.8ms, server.tick 1.7ms | ticks 3[0m
[lb]hitch] 135.0ms (med 10.6) | proc 11.5 rcpu 1.2 gpu 2.5 phys 0.1 rest 122.3 | alloc 80KB | top: ng.process 5.5ms, proc:other 3.1ms, server.tick 2.5ms | ticks 4[0m
[lb]hitch] 22.5ms (med 10.6) | proc 8.7 rcpu 1.2 gpu 6.7 phys 29.8 rest 12.6 | alloc 56KB | top: proc:other 2.8ms, ng.process 2.6ms, server.tick 2.4ms | ticks 4[0m
[lb]frameprofile] med 11.1ms p99 35.2ms | proc 7.6 rcpu 1.2 gpu 5.2 rest 2.3 | proc:other 2.8ms, particles.cpu 2.4ms, ng.process 1.1ms, cw.process 1.0ms | ticks 1[0m
[lb]frameprofile] med 11.7ms p99 34.5ms | proc 6.8 rcpu 1.2 gpu 1.2 rest 3.6 | proc:other 2.8ms, particles.cpu 2.3ms, cw.process 1.0ms, cw.players 0.9ms | ticks 0[0m
ERROR: 1 RID allocations of type 'N10RendererRD14TextureStorage7TextureE' were leaked at exit.
ERROR: Parameter "RenderingServer::get_singleton()" is null.
   at: ~ImageTexture (scene/resources/image_texture.cpp:230)
WARNING: 2 RIDs of type "Texture" were leaked.
   at: finalize (servers/rendering/rendering_device.cpp:7505)
