Godot Engine v4.6.3.stable.mono.official.7d41c59c4 - https://godotengine.org
Vulkan 1.4.341 - Forward+ - Using Device #0: NVIDIA - NVIDIA GeForce RTX 3080

[lb]frameprofiler] env: managed-debugger=False godot-context=debug csharp=Debug vsync=Enabled maxfps=0 refresh=60Hz cpu=24c gpu=NVIDIA GeForce RTX 3080[0m
[lb]frameprofiler] columns: proc=all _Process CPU | rcpu=render-thread submit | gpu=main viewport GPU | rest=present/vsync/stall (ms-proc-rcpu) | alloc=managed garbage/frame | pipe=shader-pipeline compiles[0m
=== XonoticGodot boot ===[0m
Weapons:   27[0m
Items:     21[0m
Mutators:  46[0m
GameTypes: 20[0m
[lb]MenuState] config: 6462 cvars from 25 cfg files (374 aliases, 0 missing).[0m
[lb]shell] --cvar sv_warpzone_trace = "1"[0m
[lb]video] vid_vsync 2 → requested Mailbox, actual Mailbox[0m
[lb]video] cl_maxfps 256 -> Engine.MaxFps 144 (refresh 60Hz)[0m
[lb]video] process priority AboveNormal (sys_priority_boost 1)[0m
[MenuCommand] 'playerstats_update' has no client backend yet (inert).
[lb]Shell] hosting listen server: gametype=dm map=stormkeep bots=0 skill=0 timelimit=0 fraglimit=0[0m
[AssetSystem] loaded 2439 shaders from 185 scripts.
[NetTransport.Server] listening on UDP 26000 (max 16).
[ServerNet] LAN discovery: answering getinfo on UDP 26001 (game port 26000).
[NetTransport.Client] connecting to 127.0.0.1:26000 …
[EffectSystem] effectinfo: 301 effects, particlefont atlas: loaded, style overlay: 0 effects
[Particles] backend=original (cl_particles_modern=0)
[AssetLoader] model 'models/items/buff.md3' read failed: Asset not found in any mount: "models/items/buff.md3".
[AssetLoader] 'models/casing_shell.mdl' is not a known model (magic "IDPO?").
[MapLoader] occluder: 90035 verts / 107970 tris (r_occlusion_cull A/B)
[MapLoader] 'stormkeep' materials: lightmapped=35 vertexLit=3 plain=9 glow=4 normalMapped=34 (deluxe=True, internalPages=0, atlas=1p, cellSize=131072, cells=8, surfaces=194)
[MapLoader] 'stormkeep' portal surfaces: 2 (from 2 faces)
[DecalSplats] geometry: 106027 render triangles, 502 grid cells
[Skybox] loaded 'env/extragalactic/asteroids'.
[PortalRenderer] 2 live portal(s)
[NetGame] map music: 'cdtracks/track005' (from mapinfo/worldspawn)
[NetGame] precached 24 weapon models, skipped 0 (lazy), 24 muzzle tags.
[NetGame] precached 36 combat sounds, 10 player models (rendered for pipeline warm).
[NetGame] listen server on 127.0.0.1:26000 (map 'stormkeep', dm, 0 bots) — self-connecting.
[ServerNet] peer 1697122497 connected (awaiting handshake).
[ServerNet] peer 1697122497 accepted as 'player' (netId 1697122497, id 94db49f2).
[ClientNet] handshake accepted by 'Xonotic  Server': netId 1, tickrate 72 Hz.
[NetGame] handshake accepted by 'Xonotic  Server': netId 1.
[wzview] authoritative snap -> <0, 135, 0>
[lb]hitch PIPELINE-COMPILE] 56.3ms (2 dropped @60Hz) (med 7.0, ×8.1) — 1 pipeline compile(s) — SYNC[lb]surface+0 draw+0] async[lb]mesh+0 spec+1] canvas+0 | proc 8.8 rcpu 0.9 gpu 0.4 rest 46.6 | alloc 812KB | ticks 3, remote.ents 21 | watchdog: 2/3 samples in '(unscoped)'[0m
[lb]hitch]   gpu: draws 369, pipeline compiles +1 — SYNC[lb]surface+0 draw+0] async[lb]mesh+0 spec+1] canvas+0, vram 3254MB[0m
[lb]hitch]   events: [lb]-1f] net: PREDICTION DESYNC 1067qu (predicted vs acked-replay origin)[0m
[lb]hitch]   prev: 6.9 6.9 6.9 6.9 6.9 6.9 6.9 6.9[0m
[lb]hitch EXTERNAL] 26.6ms (1 dropped @60Hz) (med 7.5, ×3.6) — rest-dominated, game-side quiet — OS/compositor/driver | proc 2.3 rcpu 0.5 gpu 0.3 rest 23.8 | alloc 193KB | ticks 3, remote.ents 21 | watchdog: 10/11 samples in '(unscoped)'[0m
[lb]frameprofile] scene: nodes 2847 objs-drawn 1571 draws 227 vram 3256MB[0m
[lb]frameprofile] census: Label 876  HBoxContainer 218  Control 157  Dependent 113  Button 110  CvarCheckBox 104  VBoxContainer 78  HSlider 62  CvarSlider 58  MarginContainer 52[0m
[lb]frameprofile] 286 frames: p50 6.9 p95 128.6 p99 148.1 p99.9 148.6ms (max 150.0) | 1 EXTERNAL, 1 PIPELINE-COMPILE | alloc 8MB/s heap 215.0MB | proc 1.2 gpu 0.4[0m
[lb]frameprofile] ms/frame: iqm.mesh 30.6  iqm.materials 30.2  iqm.anims 5.3  ng.process 1.3  cev.process 1.3  proc:other 1.2  server.tick 0.7  net.send 0.3  cw.process 0.1  sim.move 0.1[0m
[lb]bots] waypoints for 'stormkeep': nodes=99 (file=loaded, cache=yes)[0m
[lb]hitch CPU-LOGIC] 128.4ms (7 dropped @60Hz) (med 6.9, ×18.5) — ng.process 397.5ms (typ 26.2ms, 15× over) | proc 128.4 rcpu 0.7 gpu 0.7 rest 0.0 | alloc 264KB | ticks 3, remote.ents 22 | watchdog: 217/259 samples in 'bot.strategy'[0m
[lb]hitch]   gpu: draws 227, pipeline compiles +0, vram 3256MB[0m
[lb]hitch]   events: anim cache HIT models/player/ignismasked.iqm[0m
[lb]hitch]   prev: 6.9 6.9 6.9 6.9 6.9 6.9 6.9 6.9[0m
[lb]hitch PIPELINE-COMPILE] 138.3ms (7 dropped @60Hz) (med 6.9, ×19.9) — 1 pipeline compile(s) — SYNC[lb]surface+1 draw+0] async[lb]mesh+0 spec+0] canvas+0 | proc 131.2 rcpu 0.7 gpu 0.7 rest 6.4 | alloc 62.1MB | ticks 3, remote.ents 22 | watchdog: 73/82 samples in 'bot.strategy'[0m
[lb]hitch GC-PAUSE] 117.4ms (6 dropped @60Hz) (med 6.9, ×16.9) — gen2/GC-pause tail (prior frame paused 2.1ms; this frame rest-dominated) | proc 4.8 rcpu 0.7 gpu 0.8 rest 111.9 | alloc 112.1MB | ticks 3, remote.ents 22 | watchdog: 73/93 samples in 'bot.strategy'[0m
[lb]hitch VSYNC/PRESENT] 16.0ms (med 6.9, ×2.3) — present/vsync-bound (rest 10.6ms, gpu 0.8ms) | proc 2.7 rcpu 2.6 gpu 0.8 rest 10.6 | alloc 48KB | ticks 1, remote.ents 22[0m
[lb]hitch CPU-LOGIC] 14.8ms (med 6.9, ×2.1) — ng.process 5.3ms | proc 8.2 rcpu 0.8 gpu 0.9 rest 5.8 | alloc 80KB | ticks 1, remote.ents 22[0m
[lb]hitch MIXED] 21.2ms (med 6.9, ×3.1) — mixed — ng.process 5.5ms | proc 7.3 rcpu 3.0 gpu 0.9 rest 10.9 | alloc 104KB | ticks 1, remote.ents 22[0m
[lb]hitch MIXED ×2] 14.0–21.2ms over 0.0s (med 6.9) — mixed — ng.process 5.5ms[0m
[lb]hitch ASSET-BUILD] 13.3ms (med 6.9, ×1.9) — stream.build 7.0ms (asset build/upload) | proc 9.6 rcpu 1.0 gpu 0.9 rest 2.7 | alloc 137KB | ticks 1, remote.ents 22 | watchdog: 2/3 samples in 'stream.build'[0m
[lb]hitch VSYNC/PRESENT] 13.3ms (med 6.9, ×1.9) — present/vsync-bound (rest 9.9ms, gpu 0.9ms) | proc 2.7 rcpu 0.7 gpu 0.9 rest 9.9 | alloc 40KB | ticks 1, remote.ents 22 | watchdog: 3/3 samples in '(unscoped)'[0m
[lb]hitch EXTERNAL] 78.3ms (4 dropped @60Hz) (med 6.9, ×11.3) — rest-dominated, game-side quiet — OS/compositor/driver | proc 4.0 rcpu 0.7 gpu 0.9 rest 73.6 | alloc 48KB | ticks 3, remote.ents 23 | watchdog: 38/46 samples in 'bot.strategy'[0m
[lb]hitch]   gpu: draws 228, pipeline compiles +0, vram 3246MB[0m
[lb]hitch]   prev: 6.9 8.3 8.3 7.4 7.4 7.4 7.4 7.4[0m
[lb]hitch VSYNC/PRESENT] 17.6ms (med 6.9, ×2.5) — present/vsync-bound (rest 9.9ms, gpu 1.0ms) | proc 7.1 rcpu 0.7 gpu 1.0 rest 9.9 | alloc 210KB | ticks 3, remote.ents 23[0m
[lb]hitch VSYNC/PRESENT ×2] 17.6–20.3ms over 0.0s (med 6.9) — present/vsync-bound (rest 9.9ms, gpu 1.0ms)[0m
[lb]hitch PIPELINE-COMPILE] 13.1ms (med 6.9, ×1.9) — 1 pipeline compile(s) — SYNC[lb]surface+0 draw+0] async[lb]mesh+0 spec+1] canvas+0 | proc 3.1 rcpu 0.6 gpu 1.0 rest 9.4 | alloc 40KB | ticks 1, remote.ents 23[0m
[lb]hitch CPU-LOGIC] 81.9ms (4 dropped @60Hz) (med 6.9, ×11.8) — ng.process 178.3ms (typ 16.5ms, 11× over) | proc 81.9 rcpu 0.6 gpu 1.0 rest 0.0 | alloc 56KB | ticks 3, remote.ents 37 | watchdog: 108/113 samples in 'bot.strategy'[0m
[lb]hitch EXTERNAL] 133.1ms (7 dropped @60Hz) (med 6.9, ×19.2) — rest-dominated, game-side quiet — OS/compositor/driver | proc 6.4 rcpu 0.7 gpu 1.0 rest 126.0 | alloc 80KB | ticks 3, remote.ents 38 | watchdog: 108/121 samples in 'bot.strategy'[0m
[lb]hitch VSYNC/PRESENT] 16.9ms (med 6.9, ×2.4) — present/vsync-bound (rest 10.4ms, gpu 1.9ms) | proc 5.8 rcpu 0.7 gpu 1.9 rest 10.4 | alloc 58.6MB | ticks 3, remote.ents 38 | watchdog: 6/6 samples in '(unscoped)'[0m
[lb]hitch VSYNC/PRESENT ×3] 16.9–34.8ms over 0.1s (med 6.9) — present/vsync-bound (rest 10.4ms, gpu 1.9ms)[0m
[lb]hitch CPU-LOGIC] 22.5ms (med 6.9, ×3.2) — ng.process 180.2ms (typ 22.5ms, 8× over) | proc 22.5 rcpu 0.6 gpu 1.1 rest 0.0 | alloc 134KB | ticks 3, remote.ents 38 | watchdog: 88/114 samples in 'bot.strategy'[0m
[lb]hitch EXTERNAL] 135.5ms (7 dropped @60Hz) (med 6.9, ×19.5) — rest-dominated, game-side quiet — OS/compositor/driver | proc 4.8 rcpu 0.9 gpu 1.1 rest 129.8 | alloc 96KB | ticks 3, remote.ents 38 | watchdog: 88/119 samples in 'bot.strategy'[0m
[lb]hitch]   gpu: draws 387, pipeline compiles +0, vram 3249MB[0m
[lb]hitch]   events: [lb]-5f] anim cache HIT models/player/gakmasked.iqm; [lb]-4f] stream: player model models/player/gakmasked.iqm (parse) built (0.1ms); [lb]-3f] stream: player model models/player/gakmasked.iqm tex textures/gakfullbright_pants built (0.0ms); [lb]-3f] stream: player model models/player/gakmasked.iqm tex textures/gakarmorfb_reflect built (0.0ms); [lb]-3f] stream: player model models/player/gakmasked.iqm tex textures/gakarmorfb_shirt built (0.0ms); [lb]-3f] stream: player model models/player/gakmasked.iqm tex textures/gakarmorfb_pants built (0.0ms); [lb]-2f] stream: player model models/player/gakmasked.iqm tex textures/gakarmorfb built (0.0ms); [lb]-2f] stream: player model models/player/gakmasked.iqm tex textures/gakarmorfb_norm built (0.0ms); [lb]-2f] stream: player model models/player/gakmasked.iqm tex textures/gakarmorfb_gloss built (0.0ms); [lb]-2f] stream: player model models/player/gakmasked.iqm tex textures/gakarmorfb_glow built (0.0ms); [lb]-1f] stream: player model models/player/gakmasked.iqm tex textures/gakfullbright built (0.0ms); [lb]-1f] stream: player model models/player/gakmasked.iqm tex textures/gakfullbright_norm built (0.0ms); [lb]-1f] stream: player model models/player/gakmasked.iqm tex textures/gakfullbright_gloss built (0.0ms); [lb]-1f] stream: player model models/player/gakmasked.iqm tex textures/gakfullbright_glow built (0.0ms); [lb]-1f] stream: player model models/player/gakmasked.iqm tex textures/gakfullbright_reflect built (0.0ms); [lb]-1f] stream: player model models/player/gakmasked.iqm tex textures/gakfullbright_shirt built (0.0ms); [lb]-1f] anim cache HIT models/player/gakmasked.iqm; stream: player model models/player/gakmasked.iqm (parse) built (0.0ms)[0m
[lb]hitch]   prev: 8.3 7.8 81.9 133.1 16.9 34.8 20.9 22.5[0m
[lb]hitch VSYNC/PRESENT] 19.7ms (med 6.9, ×2.8) — present/vsync-bound (rest 12.9ms, gpu 1.1ms) | proc 6.4 rcpu 0.4 gpu 1.1 rest 12.9 | alloc 252KB | ticks 3, remote.ents 38[0m
[lb]hitch EXTERNAL] 115.2ms (6 dropped @60Hz) (med 6.9, ×16.6) — rest-dominated, game-side quiet — OS/compositor/driver | proc 4.1 rcpu 0.4 gpu 1.1 rest 110.7 | alloc 40KB | ticks 3, remote.ents 38 | watchdog: 66/71 samples in 'bot.strategy'[0m
[lb]hitch EXTERNAL ×2] 115.2–145.2ms over 0.4s (med 6.9) — rest-dominated, game-side quiet — OS/compositor/driver[0m
[lb]hitch VSYNC/PRESENT] 16.7ms (med 6.9, ×2.4) — present/vsync-bound (rest 12.9ms, gpu 3.0ms) | proc 3.3 rcpu 0.4 gpu 3.0 rest 12.9 | alloc 48KB | ticks 3, remote.ents 37[0m
[lb]hitch]   gpu: draws 360, pipeline compiles +0, vram 3249MB[0m
[lb]hitch]   prev: 6.7 6.7 6.7 6.9 6.7 6.7 6.7 145.2[0m
[lb]hitch EXTERNAL] 32.6ms (1 dropped @60Hz) (med 6.7, ×4.9) — rest-dominated, game-side quiet — OS/compositor/driver | proc 3.2 rcpu 0.4 gpu 2.1 rest 28.9 | alloc 40KB | ticks 3, remote.ents 37 | watchdog: 16/16 samples in '(unscoped)'[0m
[lb]hitch VSYNC/PRESENT] 24.5ms (med 6.7, ×3.7) — present/vsync-bound (rest 21.6ms, gpu 2.8ms) | proc 2.5 rcpu 0.4 gpu 2.8 rest 21.6 | alloc 64KB | ticks 1, remote.ents 37 | watchdog: 11/11 samples in '(unscoped)'[0m
[lb]hitch VSYNC/PRESENT ×3] 16.7–24.5ms over 0.0s (med 6.7) — present/vsync-bound (rest 21.6ms, gpu 2.8ms)[0m
[lb]hitch CPU-LOGIC] 39.1ms (1 dropped @60Hz) (med 6.7, ×5.9) — ng.process 54.6ms (typ 6.2ms, 9× over) | proc 39.1 rcpu 0.5 gpu 0.6 rest 0.0 | alloc 48KB | ticks 3, remote.ents 37 | watchdog: 30/33 samples in 'bot.strategy'[0m
[lb]hitch]   gpu: draws 358, pipeline compiles +0, vram 3249MB[0m
[lb]hitch]   prev: 7.6 7.6 4.7 7.6 7.6 7.6 7.6 7.6[0m
[lb]hitch EXTERNAL] 73.0ms (3 dropped @60Hz) (med 6.7, ×11.0) — rest-dominated, game-side quiet — OS/compositor/driver | proc 4.3 rcpu 0.5 gpu 0.6 rest 68.2 | alloc 104KB | ticks 3, remote.ents 37 | watchdog: 30/38 samples in 'bot.strategy'[0m
[lb]hitch VSYNC/PRESENT] 16.7ms (med 6.7, ×2.5) — present/vsync-bound (rest 12.0ms, gpu 0.6ms) | proc 4.2 rcpu 0.5 gpu 0.6 rest 12.0 | alloc 56KB | ticks 3, remote.ents 37 | watchdog: 3/3 samples in '(unscoped)'[0m
[lb]hitch EXTERNAL] 65.4ms (3 dropped @60Hz) (med 6.9, ×9.4) — rest-dominated, game-side quiet — OS/compositor/driver | proc 3.3 rcpu 0.5 gpu 0.7 rest 61.6 | alloc 48KB | ticks 3, remote.ents 37 | watchdog: 33/37 samples in 'bot.strategy'[0m
[lb]hitch]   gpu: draws 440, pipeline compiles +0, vram 3248MB[0m
[lb]hitch]   prev: 6.9 6.9 6.9 6.9 6.9 6.9 6.9 6.9[0m
[lb]hitch VSYNC/PRESENT] 18.3ms (med 6.9, ×2.6) — present/vsync-bound (rest 14.5ms, gpu 0.6ms) | proc 3.4 rcpu 0.5 gpu 0.6 rest 14.5 | alloc 178KB | ticks 3, remote.ents 37 | watchdog: 4/4 samples in '(unscoped)'[0m
[lb]hitch VSYNC/PRESENT ×2] 17.0–18.3ms over 0.0s (med 6.9) — present/vsync-bound (rest 14.5ms, gpu 0.6ms)[0m
[lb]hitch CPU-LOGIC] 42.1ms (2 dropped @60Hz) (med 6.9, ×6.1) — cev.process 25.7ms (typ 1.3ms, 19× over) | proc 40.6 rcpu 0.5 gpu 0.6 rest 0.9 | alloc 506KB | ticks 3, remote.ents 38 | watchdog: 16/24 samples in 'cev.process'[0m
[lb]hitch PIPELINE-COMPILE] 51.3ms (2 dropped @60Hz) (med 6.9, ×7.4) — 1 pipeline compile(s) — SYNC[lb]surface+1 draw+0] async[lb]mesh+0 spec+0] canvas+0 | proc 5.3 rcpu 0.5 gpu 0.6 rest 45.5 | alloc 64KB | ticks 3, remote.ents 38 | watchdog: 16/29 samples in 'cev.process'[0m
[lb]hitch EXTERNAL] 95.8ms (5 dropped @60Hz) (med 6.9, ×13.8) — rest-dominated, game-side quiet — OS/compositor/driver | proc 4.1 rcpu 0.5 gpu 0.6 rest 91.1 | alloc 48KB | ticks 3, remote.ents 38 | watchdog: 58/58 samples in '(unscoped)'[0m
[lb]hitch CPU-LOGIC] 24.8ms (med 6.9, ×3.6) — ng.process 50.9ms (typ 7.2ms, 7× over) | proc 24.8 rcpu 0.5 gpu 1.3 rest 0.0 | alloc 48KB | ticks 3, remote.ents 38 | watchdog: 26/29 samples in 'bot.strategy'[0m
[lb]hitch EXTERNAL] 93.2ms (5 dropped @60Hz) (med 6.9, ×13.4) — rest-dominated, game-side quiet — OS/compositor/driver | proc 3.3 rcpu 0.5 gpu 0.6 rest 89.5 | alloc 48KB | ticks 3, remote.ents 38 | watchdog: 26/55 samples in 'bot.strategy'[0m
[lb]hitch VSYNC/PRESENT] 19.6ms (med 6.9, ×2.8) — present/vsync-bound (rest 10.8ms, gpu 0.6ms) | proc 8.1 rcpu 0.6 gpu 0.6 rest 10.8 | alloc 65KB | ticks 3, remote.ents 37[0m
[lb]hitch EXTERNAL] 42.5ms (2 dropped @60Hz) (med 6.9, ×6.1) — rest-dominated, game-side quiet — OS/compositor/driver | proc 3.0 rcpu 0.5 gpu 1.1 rest 39.0 | alloc 88KB | ticks 3, remote.ents 23 | watchdog: 21/27 samples in 'bot.strategy'[0m
[lb]hitch VSYNC/PRESENT] 20.8ms (med 6.9, ×3.0) — present/vsync-bound (rest 17.3ms, gpu 1.1ms) | proc 3.1 rcpu 0.5 gpu 1.1 rest 17.3 | alloc 56KB | ticks 3, remote.ents 23[0m
[lb]hitch VSYNC/PRESENT ×3] 13.1–20.8ms over 0.3s (med 6.9) — present/vsync-bound (rest 17.3ms, gpu 1.1ms)[0m
[lb]hitch MIXED] 13.4ms (med 6.9, ×1.9) — mixed — ng.process 3.1ms | proc 6.0 rcpu 0.9 gpu 2.9 rest 6.5 | alloc 35.9MB | ticks 1, remote.ents 23[0m
[lb]hitch]   gpu: draws 316, pipeline compiles +0, vram 3248MB[0m
[lb]hitch]   events: [lb]-6f] stream: idle-warm models/player/pyria.iqm tex textures/pyriahair built (0.0ms); [lb]-1f] stream: idle-warm models/player/nyx.iqm tex textures/shadowheadfb_glow built (0.0ms); [lb]-1f] stream: idle-warm models/player/nyx.iqm tex textures/shadowheadfb_shirt built (0.0ms); [lb]-1f] stream: idle-warm models/player/seraphina.iqm tex textures/seraphina_shirt built (0.0ms); [lb]-1f] stream: idle-warm models/player/seraphina.iqm tex textures/seraphina_pants built (0.0ms); [lb]-1f] stream: idle-warm models/player/seraphina.iqm tex textures/ignisfullbright built (0.0ms); [lb]-1f] stream: idle-warm models/player/seraphina.iqm tex textures/ignisfullbright_norm built (0.0ms); [lb]-1f] stream: idle-warm models/player/seraphina.iqm tex textures/ignisfullbright_gloss built (0.0ms); [lb]-1f] stream: idle-warm models/player/seraphina.iqm tex textures/ignisfullbright_glow built (0.0ms); [lb]-1f] stream: idle-warm models/player/seraphina.iqm tex textures/ignisfullbright_reflect built (0.0ms); [lb]-1f] stream: idle-warm models/player/seraphina.iqm tex textures/ignisfullbright_shirt built (0.0ms); [lb]-1f] stream: idle-warm models/player/seraphina.iqm tex textures/ignisfullbright_pants built (0.0ms); stream: idle-warm models/player/nyx.iqm tex textures/shadowheadfb built (0.0ms); stream: idle-warm models/player/nyx.iqm tex textures/shadowheadfb_gloss built (0.0ms); stream: idle-warm models/player/nyx.iqm tex textures/shadowheadfb_reflect built (0.0ms); stream: idle-warm models/player/pyria.iqm tex textures/pyriafullbright_reflect built (0.0ms); stream: idle-warm models/player/seraphina.iqm tex textures/seraphina_gloss built (0.0ms); stream: idle-warm models/player/umbra.iqm tex textures/umbrafullbright_pants built (0.0ms)[0m
[lb]hitch]   prev: 13.1 8.2 9.7 8.5 8.4 8.3 8.3 10.0[0m
[lb]hitch MIXED ×2] 13.4–16.6ms over 0.0s (med 6.9) — mixed — ng.process 3.1ms[0m
[lb]hitch VSYNC/PRESENT] 13.3ms (med 6.9, ×1.9) — present/vsync-bound (rest 7.7ms, gpu 2.1ms) | proc 4.9 rcpu 0.7 gpu 2.1 rest 7.7 | alloc 344KB | ticks 1, remote.ents 23 | watchdog: 4/4 samples in '(unscoped)'[0m
[lb]hitch MIXED] 13.3ms (med 6.9, ×1.9) — mixed — proc:other 2.7ms | proc 5.4 rcpu 0.7 gpu 2.2 rest 7.2 | alloc 268KB | ticks 1, remote.ents 23 | watchdog: 3/3 samples in '(unscoped)'[0m
[lb]hitch CPU-LOGIC] 13.3ms (med 6.9, ×1.9) — proc:other 5.3ms | proc 8.2 rcpu 0.7 gpu 2.1 rest 4.5 | alloc 965KB | ticks 1, remote.ents 23[0m
[lb]hitch MIXED] 12.8ms (med 6.9, ×1.8) — mixed — proc:other 3.6ms | proc 6.9 rcpu 0.8 gpu 2.0 rest 5.0 | alloc 566KB | ticks 1, remote.ents 23[0m
[lb]hitch CPU-LOGIC] 15.8ms (med 6.9, ×2.3) — ng.process 5.2ms | proc 9.1 rcpu 0.7 gpu 2.3 rest 6.0 | alloc 215KB | ticks 1, remote.ents 23[0m
[lb]hitch ASSET-BUILD] 21.0ms (med 6.9, ×3.0) — iqm.anims 244.9ms (asset build/upload) | proc 21.0 rcpu 0.9 gpu 2.1 rest 0.0 | alloc 46.3MB | ticks 2, remote.ents 23 | watchdog: 36/41 samples in 'bot.strategy'[0m
[lb]hitch EXTERNAL] 88.4ms (4 dropped @60Hz) (med 6.9, ×12.7) — rest-dominated, game-side quiet — OS/compositor/driver | proc 8.8 rcpu 1.1 gpu 2.1 rest 78.5 | alloc 264KB | ticks 3, remote.ents 23[0m
[lb]frameprofile] scene: nodes 2882 objs-drawn 1728 draws 316 vram 3248MB[0m
[lb]frameprofile] census: Label 876  HBoxContainer 218  Control 157  Dependent 113  Button 110  CvarCheckBox 104  VBoxContainer 78  HSlider 62  CvarSlider 58  MarginContainer 52[0m
[lb]frameprofile] 443 frames: p50 6.9 p95 21.1 p99 117.4 p99.9 138.4ms (max 145.2) | 12 EXTERNAL, 2 ASSET-BUILD, 3 PIPELINE-COMPILE, 1 GC-PAUSE, 20 VSYNC/PRESENT, 9 CPU-LOGIC, 6 MIXED | alloc 180MB/s heap 939.8MB | proc 8.8 gpu 2.1[0m
[lb]frameprofile] ms/frame: ng.process 5.3  server.tick 4.8  sim.move 4.3  move.in 4.0  bot.think 4.0  bot.strategy 3.9  proc:other 0.7  iqm.anims 0.6  bot.path 0.4  net.send 0.3[0m
[lb]hitch MIXED] 33.3ms (1 dropped @60Hz) (med 6.9, ×4.8) — mixed — proc:other 10.9ms | proc 15.0 rcpu 0.5 gpu 2.2 rest 17.8 | alloc 903KB | ticks 3, remote.ents 23 | watchdog: 5/5 samples in '(unscoped)'[0m
[lb]hitch CPU-LOGIC] 33.3ms (1 dropped @60Hz) (med 6.9, ×4.8) — ng.process 90.4ms (typ 9.7ms, 9× over) | proc 33.3 rcpu 0.6 gpu 2.0 rest 0.0 | alloc 1.0MB | ticks 3, remote.ents 23 | watchdog: 55/64 samples in 'bot.strategy'[0m
[lb]hitch EXTERNAL] 109.6ms (6 dropped @60Hz) (med 6.9, ×15.8) — rest-dominated, game-side quiet — OS/compositor/driver | proc 20.0 rcpu 0.9 gpu 2.1 rest 88.7 | alloc 1.5MB | ticks 3, remote.ents 24 | watchdog: 2/9 samples in '(unscoped)'[0m
[wzview] predicted snap -> <7.950012, -177.07498, 0>
[lb]hitch VSYNC/PRESENT] 40.4ms (1 dropped @60Hz) (med 6.9, ×5.8) — present/vsync-bound (rest 26.8ms, gpu 2.4ms) | proc 12.5 rcpu 1.1 gpu 2.4 rest 26.8 | alloc 2.1MB | ticks 3, remote.ents 23 | watchdog: 2/4 samples in '(unscoped)'[0m
[wz] cross client=True 'player' o <1198.6063, 198.45003, -7.968751>-><-601.55, 241.39368, 40.03125> v <18.370369, -359.531, 0>-><-359.531, -18.370384, 0> a <7.9499993, -87.075, 0>-><7.950012, -177.07498, 0> | in o=<1216, 208, 32> f=<-4.371139E-08, 1, 0> | out o=<-592, 224, 80> f=<-1, -8.742278E-08, 0>
[wzview] authoritative skip (predicted already applied) -> <7.950012, -177.07498, 0>
[lb]hitch CPU-LOGIC] 35.0ms (1 dropped @60Hz) (med 6.9, ×5.0) — cev.process 11.0ms (typ 0.7ms, 16× over) | proc 21.7 rcpu 0.6 gpu 1.9 rest 12.8 | alloc 2.0MB | ticks 3, remote.ents 18 | watchdog: 4/11 samples in 'iqm.mesh'[0m
[lb]hitch EXTERNAL] 32.7ms (1 dropped @60Hz) (med 6.9, ×4.7) — rest-dominated, game-side quiet — OS/compositor/driver | proc 9.1 rcpu 0.5 gpu 2.6 rest 23.0 | alloc 1.2MB | ticks 3, remote.ents 19 | watchdog: 3/3 samples in '(unscoped)'[0m
[lb]hitch PIPELINE-COMPILE] 29.3ms (1 dropped @60Hz) (med 6.9, ×4.2) — 4 pipeline compile(s) — SYNC[lb]surface+0 draw+2] async[lb]mesh+0 spec+2] canvas+0 | proc 8.4 rcpu 0.8 gpu 2.2 rest 20.2 | alloc 1.3MB | ticks 3, remote.ents 19[0m
[lb]hitch]   gpu: draws 225, pipeline compiles +4 — SYNC[lb]surface+0 draw+2] async[lb]mesh+0 spec+2] canvas+0, vram 3360MB[0m
[lb]hitch]   events: [lb]-7f] stream: idle-warm models/player/megaerebus.iqm tex textures/megaerebus_shirt built (0.0ms); [lb]-7f] stream: idle-warm models/player/megaerebus.iqm tex textures/megaerebus_pants built (0.0ms); [lb]-7f] stream: idle-warm models/player/megaerebus.iqm tex textures/shadowheadfb built (0.0ms); [lb]-7f] stream: idle-warm models/player/megaerebus.iqm tex textures/shadowheadfb_norm built (0.0ms); [lb]-7f] stream: idle-warm models/player/megaerebus.iqm tex textures/shadowheadfb_gloss built (0.0ms); [lb]-7f] stream: idle-warm models/player/megaerebus.iqm tex textures/shadowheadfb_glow built (0.0ms); [lb]-7f] stream: idle-warm models/player/megaerebus.iqm tex textures/shadowheadfb_reflect built (0.0ms); [lb]-7f] stream: idle-warm models/player/megaerebus.iqm tex textures/shadowheadfb_shirt built (0.0ms); [lb]-7f] stream: idle-warm models/player/megaerebus.iqm tex textures/shadowheadfb_pants built (0.0ms); [lb]-5f] stream: idle-warm models/player/nyx.iqm tex textures/nyxfullbright built (0.0ms); [lb]-5f] stream: idle-warm models/player/nyx.iqm tex textures/nyxfullbright_norm built (0.0ms); [lb]-5f] stream: idle-warm models/player/nyx.iqm tex textures/nyxfullbright_gloss built (7.0ms); [lb]-4f] stream: idle-warm models/player/pyria.iqm tex textures/pyriafullbright built (0.0ms); [lb]-4f] stream: idle-warm models/player/pyria.iqm tex textures/pyriafullbright_norm built (0.0ms); [lb]-4f] stream: idle-warm models/player/pyria.iqm tex textures/pyriafullbright_glow built (0.0ms); [lb]-4f] stream: idle-warm models/player/pyria.iqm tex textures/pyriafullbright_shirt built (3.4ms); [lb]-3f] stream: idle-warm models/player/seraphina.iqm tex textures/seraphina built (0.0ms); [lb]-3f] stream: idle-warm models/player/seraphina.iqm tex textures/seraphina_norm built (0.0ms); [lb]-3f] stream: idle-warm models/player/seraphina.iqm tex textures/seraphina_glow built (3.2ms); [lb]-2f] stream: idle-warm models/player/umbra.iqm tex textures/umbrafullbright built (0.0ms); [lb]-2f] stream: idle-warm models/player/umbra.iqm tex textures/umbrafullbright_norm built (0.0ms); [lb]-2f] stream: idle-warm models/player/umbra.iqm tex textures/umbrafullbright_glow built (0.0ms); [lb]-2f] stream: idle-warm models/player/umbra.iqm tex textures/umbrafullbright_shirt built (2.7ms); [lb]-2f] anim cache HIT models/player/gakmasked.iqm; [lb]-2f] anim cache HIT models/player/ignismasked.iqm; [lb]-1f] stream: player model models/player/gakmasked.iqm (parse) built (0.0ms); [lb]-1f] stream: player model models/player/ignismasked.iqm (parse) built (0.0ms); [lb]-1f] stream: idle-warm models/player/megaerebus.iqm tex textures/megaerebus built (2.9ms); [lb]-1f] warm: GPU warm pass done (1 instances); stream: player model models/player/gakmasked.iqm tex textures/gakfullbright built (0.0ms); stream: player model models/player/gakmasked.iqm tex textures/gakfullbright_norm built (0.0ms); stream: player model models/player/gakmasked.iqm tex textures/gakfullbright_gloss built (0.0ms); stream: player model models/player/gakmasked.iqm tex textures/gakfullbright_glow built (0.0ms); stream: player model models/player/gakmasked.iqm tex textures/gakfullbright_reflect built (0.0ms); stream: player model models/player/gakmasked.iqm tex textures/gakfullbright_shirt built (0.0ms); stream: player model models/player/gakmasked.iqm tex textures/gakfullbright_pants built (0.0ms); stream: player model models/player/gakmasked.iqm tex textures/gakarmorfb built (0.0ms); stream: player model models/player/gakmasked.iqm tex textures/gakarmorfb_norm built (0.0ms); stream: player model models/player/gakmasked.iqm tex textures/gakarmorfb_gloss built (0.0ms); stream: player model models/player/gakmasked.iqm tex textures/gakarmorfb_glow built (0.0ms); stream: player model models/player/gakmasked.iqm tex textures/gakarmorfb_reflect built (0.0ms); stream: player model models/player/gakmasked.iqm tex textures/gakarmorfb_shirt built (0.0ms); stream: player model models/player/gakmasked.iqm tex textures/gakarmorfb_pants built (2.2ms); warm: GPU warm pass done (1 instances)[0m
[lb]hitch]   prev: 21.0 88.4 33.3 33.3 109.6 40.4 35.0 32.7[0m
[lb]hitch MIXED] 17.4ms (med 6.9, ×2.5) — mixed — ng.process 3.0ms | proc 8.7 rcpu 5.8 gpu 2.6 rest 2.9 | alloc 1.8MB | ticks 3, remote.ents 19[0m
[lb]hitch CPU-LOGIC] 14.2ms (med 6.9, ×2.0) — stream.build 4.3ms | proc 10.4 rcpu 0.5 gpu 2.5 rest 3.3 | alloc 1.4MB | ticks 3, remote.ents 19 | watchdog: 2/3 samples in 'iqm.materials'[0m
[lb]hitch CPU-LOGIC ×3] 14.2–19.3ms over 0.0s (med 6.9) — stream.build 4.3ms[0m
[lb]hitch ASSET-BUILD] 16.5ms (med 6.9, ×2.4) — stream.build 12.3ms (asset build/upload) | proc 16.5 rcpu 0.6 gpu 3.4 rest 0.0 | alloc 890KB | ticks 1, remote.ents 19 | watchdog: 2/7 samples in 'iqm.materials'[0m
[lb]hitch VSYNC/PRESENT] 19.1ms (med 6.9, ×2.7) — present/vsync-bound (rest 13.8ms, gpu 1.9ms) | proc 4.6 rcpu 0.7 gpu 1.9 rest 13.8 | alloc 1.1MB | ticks 1, remote.ents 19 | watchdog: 6/11 samples in '(unscoped)'[0m
[lb]hitch VSYNC/PRESENT ×2] 15.4–19.1ms over 0.0s (med 6.9) — present/vsync-bound (rest 13.8ms, gpu 1.9ms)[0m
[lb]hitch EXTERNAL] 38.1ms (1 dropped @60Hz) (med 6.9, ×5.5) — rest-dominated, game-side quiet — OS/compositor/driver | proc 4.8 rcpu 0.8 gpu 2.9 rest 32.5 | alloc 1.5MB | ticks 2, remote.ents 19 | watchdog: 19/25 samples in 'bot.strategy'[0m
[lb]hitch VSYNC/PRESENT] 16.7ms (med 6.9, ×2.4) — present/vsync-bound (rest 11.2ms, gpu 2.7ms) | proc 4.8 rcpu 0.6 gpu 2.7 rest 11.2 | alloc 2.2MB | ticks 2, remote.ents 19 | watchdog: 3/3 samples in '(unscoped)'[0m
[IdleWarmer] asset warm queue drained — full asset set is hot.
[lb]hitch VSYNC/PRESENT ×2] 16.7–16.7ms over 0.0s (med 6.9) — present/vsync-bound (rest 11.2ms, gpu 2.7ms)[0m
[lb]hitch EXTERNAL] 72.9ms (3 dropped @60Hz) (med 6.9, ×10.5) — rest-dominated, game-side quiet — OS/compositor/driver | proc 3.0 rcpu 0.6 gpu 1.8 rest 69.3 | alloc 40KB | ticks 3, remote.ents 19 | watchdog: 34/37 samples in 'bot.strategy'[0m
[lb]hitch]   gpu: draws 172, pipeline compiles +0, vram 3441MB[0m
[lb]hitch]   prev: 6.7 6.7 6.7 6.7 6.7 6.7 6.7 6.9[0m
[lb]hitch VSYNC/PRESENT] 16.7ms (med 6.9, ×2.4) — present/vsync-bound (rest 13.0ms, gpu 1.9ms) | proc 3.0 rcpu 0.7 gpu 1.9 rest 13.0 | alloc 164KB | ticks 3, remote.ents 19 | watchdog: 4/4 samples in '(unscoped)'[0m
[wz] cross client=True 'player' o <1183.0471, 207.18674, -7.968749>-><-592.8133, 256.95288, 40.03125> v <4.244241, -63.395042, 0>-><-63.395042, -4.244244, 0> a <0.7763722, 254.31496, 0>-><0.7763672, 164.31496, 0> | in o=<1216, 208, 32> f=<-4.371139E-08, 1, 0> | out o=<-592, 224, 80> f=<-1, -8.742278E-08, 0>
[lb]hitch EXTERNAL] 124.6ms (6 dropped @60Hz) (med 6.9, ×17.9) — rest-dominated, game-side quiet — OS/compositor/driver | proc 6.2 rcpu 0.7 gpu 1.9 rest 117.7 | alloc 72KB | ticks 3, remote.ents 20 | watchdog: 44/71 samples in 'bot.strategy'[0m
[lb]hitch VSYNC/PRESENT] 16.7ms (med 6.9, ×2.4) — present/vsync-bound (rest 12.7ms, gpu 2.0ms) | proc 3.3 rcpu 0.6 gpu 2.0 rest 12.7 | alloc 88KB | ticks 3, remote.ents 20 | watchdog: 3/3 samples in '(unscoped)'[0m
[lb]hitch EXTERNAL] 55.1ms (2 dropped @60Hz) (med 6.9, ×7.9) — rest-dominated, game-side quiet — OS/compositor/driver | proc 3.4 rcpu 0.6 gpu 1.9 rest 51.1 | alloc 40KB | ticks 3, remote.ents 20 | watchdog: 22/27 samples in 'bot.strategy'[0m
[lb]hitch]   gpu: draws 190, pipeline compiles +0, vram 3442MB[0m
[lb]hitch]   prev: 6.3 7.3 6.5 6.9 6.9 6.9 7.3 6.7[0m
[lb]hitch VSYNC/PRESENT] 16.7ms (med 6.9, ×2.4) — present/vsync-bound (rest 11.9ms, gpu 2.0ms) | proc 4.0 rcpu 0.7 gpu 2.0 rest 11.9 | alloc 145KB | ticks 2, remote.ents 20[0m
[lb]hitch EXTERNAL] 81.1ms (4 dropped @60Hz) (med 6.7, ×12.2) — rest-dominated, game-side quiet — OS/compositor/driver | proc 3.8 rcpu 0.7 gpu 1.9 rest 76.6 | alloc 48KB | ticks 3, remote.ents 20 | watchdog: 28/42 samples in 'bot.strategy'[0m
[lb]hitch VSYNC/PRESENT] 16.9ms (med 6.7, ×2.5) — present/vsync-bound (rest 12.6ms, gpu 2.2ms) | proc 3.6 rcpu 0.6 gpu 2.2 rest 12.6 | alloc 56KB | ticks 3, remote.ents 20[0m
[wz] cross client=False 'blasterbolt' o <-590.00616, 204.94849, 64.75563>-><1235.0515, 209.99384, 16.75563> v <354.34518, -1967.642, -53.148514>-><1967.642, 354.3451, -53.148514> a <358.47723, 280.20877, 0>-><-1.522767, 10.208754, 0> | in o=<-592, 224, 80> f=<-1, -8.742278E-08, 0> | out o=<1216, 208, 32> f=<-4.371139E-08, 1, 0>
[wz] cross client=True 'player' o <-591.4628, 257.0815, 40.03125>-><1182.9185, 208.53717, -7.96875> v <141.04208, 13.288179, 0>-><-13.288173, 141.04208, 0> a <1.6185017, 280.14584, 0>-><1.6184998, 10.145834, 0> | in o=<-592, 224, 80> f=<-1, -8.742278E-08, 0> | out o=<1216, 208, 32> f=<-4.371139E-08, 1, 0>
[wzview] predicted snap -> <7.950012, -87.07498, 0>
[wz] cross client=True 'player' o <-591.8383, 204.7634, 40.03125>-><1235.2366, 208.16168, -7.96875> v <357.6236, 55.70087, 0>-><-55.700855, 357.6236, 0> a <7.950012, -177.07498, 0>-><7.950012, -87.07498, 0> | in o=<-592, 224, 80> f=<-1, -8.742278E-08, 0> | out o=<1216, 208, 32> f=<-4.371139E-08, 1, 0>
[wzview] authoritative skip (predicted already applied) -> <7.950012, -87.07498, 0>
[lb]hitch VSYNC/PRESENT ×2] 16.9–18.3ms over 0.4s (med 6.9) — present/vsync-bound (rest 12.6ms, gpu 2.2ms)[0m
[lb]hitch EXTERNAL] 39.5ms (1 dropped @60Hz) (med 6.9, ×5.7) — rest-dominated, game-side quiet — OS/compositor/driver | proc 3.0 rcpu 0.5 gpu 0.8 rest 36.0 | alloc 40KB | ticks 2, remote.ents 23 | watchdog: 26/30 samples in 'bot.strategy'[0m
[lb]hitch]   gpu: draws 349, pipeline compiles +0, vram 3443MB[0m
[lb]hitch]   prev: 6.9 7.0 6.9 6.9 6.9 6.9 6.9 6.9[0m
[lb]hitch VSYNC/PRESENT] 16.7ms (med 6.9, ×2.4) — present/vsync-bound (rest 13.0ms, gpu 0.8ms) | proc 3.2 rcpu 0.4 gpu 0.8 rest 13.0 | alloc 192KB | ticks 2, remote.ents 23[0m
[wz] cross client=True 'player' o <1263.9688, 207.36873, -7.96875>-><-592.6313, 176.03125, 40.03125> v <0, -142.50746, 0>-><-142.50746, -6.229199E-06, 0> a <1.91002, 265.63712, 0>-><1.9100342, 175.63712, 0> | in o=<1216, 208, 32> f=<-4.371139E-08, 1, 0> | out o=<-592, 224, 80> f=<-1, -8.742278E-08, 0>
[wz] cross client=True 'player' o <-590.9444, 176.03125, 40.03125>-><1263.9688, 209.0556, -7.96875> v <218.44318, 0, 0>-><9.548455E-06, 218.44318, 0> a <0.9968387, 242.94978, 0>-><0.9968262, -27.050232, 0> | in o=<-592, 224, 80> f=<-1, -8.742278E-08, 0> | out o=<1216, 208, 32> f=<-4.371139E-08, 1, 0>
[wz] cross client=False 'blasterbolt' o <1246.4879, 164.60374, 17.553068>-><-635.39624, 193.51208, 65.55307> v <-454.37265, -1947.5741, -22.373861>-><-1947.5741, 454.37256, -22.373861> a <359.359, 256.86768, 0>-><-0.6409896, 166.86768, 0> | in o=<1216, 208, 32> f=<-4.371139E-08, 1, 0> | out o=<-592, 224, 80> f=<-1, -8.742278E-08, 0>
[lb]hitch VSYNC/PRESENT ×3] 12.5–16.7ms over 0.2s (med 6.9) — present/vsync-bound (rest 13.0ms, gpu 0.8ms)[0m
[lb]hitch EXTERNAL] 122.2ms (6 dropped @60Hz) (med 6.9, ×17.6) — rest-dominated, game-side quiet — OS/compositor/driver | proc 4.6 rcpu 0.6 gpu 0.7 rest 117.1 | alloc 80KB | ticks 3, remote.ents 38 | watchdog: 55/74 samples in 'bot.strategy'[0m
[wz] cross client=True 'player' o <1263.9688, 207.47598, -7.96875>-><-592.524, 176.03125, 40.03125> v <0, -119.105354, 0>-><-119.105354, -5.2062605E-06, 0> a <0.58878005, 264.68353, 0>-><0.58877563, 174.68352, 0> | in o=<1216, 208, 32> f=<-4.371139E-08, 1, 0> | out o=<-592, 224, 80> f=<-1, -8.742278E-08, 0>
[lb]hitch VSYNC/PRESENT] 16.7ms (med 6.9, ×2.4) — present/vsync-bound (rest 10.4ms, gpu 0.7ms) | proc 5.7 rcpu 0.6 gpu 0.7 rest 10.4 | alloc 96KB | ticks 3, remote.ents 37[0m
[wz] cross client=True 'player' o <-591.66235, 176.03125, 40.03125>-><1263.9688, 208.33765, -7.96875> v <185.35408, 0, 0>-><8.102084E-06, 185.35408, 0> a <0.17231391, 234.72182, 0>-><0.17230225, -35.278168, 0> | in o=<-592, 224, 80> f=<-1, -8.742278E-08, 0> | out o=<1216, 208, 32> f=<-4.371139E-08, 1, 0>
[lb]hitch EXTERNAL] 85.0ms (4 dropped @60Hz) (med 6.9, ×12.2) — rest-dominated, game-side quiet — OS/compositor/driver | proc 7.1 rcpu 0.6 gpu 0.6 rest 77.3 | alloc 119KB | ticks 3, remote.ents 38[0m
[lb]hitch]   gpu: draws 382, pipeline compiles +0, vram 3445MB[0m
[lb]hitch]   events: anim cache HIT models/player/ignismasked.iqm[0m
[lb]hitch]   prev: 7.4 7.4 7.4 122.2 16.7 7.0 10.4 7.2[0m
[lb]hitch VSYNC/PRESENT] 23.8ms (med 6.9, ×3.4) — present/vsync-bound (rest 19.2ms, gpu 0.6ms) | proc 4.0 rcpu 0.6 gpu 0.6 rest 19.2 | alloc 216KB | ticks 3, remote.ents 38 | watchdog: 5/6 samples in '(unscoped)'[0m
[wz] cross client=True 'player' o <1263.9688, 207.13774, -7.96875>-><-592.86224, 176.03125, 40.03125> v <0, -85.78672, 0>-><-85.78672, -3.7498567E-06, 0> a <0.35955408, 269.0139, 0>-><0.3595581, 179.01389, 0> | in o=<1216, 208, 32> f=<-4.371139E-08, 1, 0> | out o=<-592, 224, 80> f=<-1, -8.742278E-08, 0>
[wzview] predicted snap -> <7.950012, -177.07497, 0>
[wz] cross client=True 'player' o <1207.6252, 205.58711, -7.989158>-><-594.4129, 232.37476, 40.01084> v <-25.399029, -361.7674, 0>-><-361.7674, 25.399012, 0> a <7.950012, -87.07498, 0>-><7.950012, -177.07497, 0> | in o=<1216, 208, 32> f=<-4.371139E-08, 1, 0> | out o=<-592, 224, 80> f=<-1, -8.742278E-08, 0>
[wzview] authoritative skip (predicted already applied) -> <7.950012, -177.07497, 0>
[lb]hitch MIXED] 21.1ms (med 6.9, ×3.0) — mixed — ng.process 4.2ms | proc 9.5 rcpu 0.5 gpu 0.6 rest 11.1 | alloc 256KB | ticks 1, remote.ents 20[0m
[lb]hitch PIPELINE-COMPILE] 15.2ms (med 6.9, ×2.2) — 1 pipeline compile(s) — SYNC[lb]surface+0 draw+0] async[lb]mesh+0 spec+1] canvas+0 | proc 6.7 rcpu 0.6 gpu 0.7 rest 7.9 | alloc 136KB | ticks 1, remote.ents 20 | watchdog: 4/5 samples in '(unscoped)'[0m
[lb]hitch VSYNC/PRESENT] 13.3ms (med 6.9, ×1.9) — present/vsync-bound (rest 7.4ms, gpu 0.7ms) | proc 5.4 rcpu 0.5 gpu 0.7 rest 7.4 | alloc 56KB | ticks 1, remote.ents 20 | watchdog: 4/4 samples in '(unscoped)'[0m
[wzview] predicted snap -> <5.100006, 27.52504, 0>
[lb]hitch VSYNC/PRESENT ×8] 12.9–17.8ms over 0.8s (med 7.1) — present/vsync-bound (rest 7.4ms, gpu 0.7ms)[0m
[lb]hitch EXTERNAL] 82.0ms (4 dropped @60Hz) (med 7.1, ×11.5) — rest-dominated, game-side quiet — OS/compositor/driver | proc 7.0 rcpu 0.7 gpu 3.9 rest 74.3 | alloc 48KB | ticks 3, remote.ents 20[0m
[lb]hitch]   gpu: draws 392, pipeline compiles +0, vram 3443MB[0m
[lb]hitch]   prev: 11.7 11.7 11.1 11.1 11.1 11.1 10.7 9.8[0m
[lb]hitch VSYNC/PRESENT] 22.9ms (med 7.1, ×3.2) — present/vsync-bound (rest 15.5ms, gpu 2.5ms) | proc 6.6 rcpu 0.8 gpu 2.5 rest 15.5 | alloc 186KB | ticks 3, remote.ents 19 | watchdog: 6/7 samples in '(unscoped)'[0m
[wz] cross client=True 'player' o <-584.2104, 203.31618, 40.01084>-><1236.6838, 215.78961, -7.9891586> v <278.545, 124.614975, 0>-><-124.61497, 278.545, 0> a <5.100006, 27.52504, 0>-><5.100006, 117.525024, 0> | in o=<-592, 224, 80> f=<-1, -8.742278E-08, 0> | out o=<1216, 208, 32> f=<-4.371139E-08, 1, 0>
[wzview] authoritative snap -> <5.100006, 117.525024, 0>
[lb]hitch VSYNC/PRESENT ×2] 16.9–22.9ms over 0.0s (med 7.4) — present/vsync-bound (rest 15.5ms, gpu 2.5ms)[0m
[lb]hitch EXTERNAL] 139.1ms (7 dropped @60Hz) (med 7.4, ×18.9) — rest-dominated, game-side quiet — OS/compositor/driver | proc 5.2 rcpu 0.9 gpu 2.1 rest 133.0 | alloc 48KB | ticks 3, remote.ents 22 | watchdog: 58/88 samples in 'bot.strategy'[0m
[lb]frameprofile] scene: nodes 2868 objs-drawn 1935 draws 480 vram 3443MB[0m
[lb]frameprofile] census: Label 876  HBoxContainer 218  Control 157  Dependent 113  Button 110  CvarCheckBox 104  VBoxContainer 78  HSlider 62  CvarSlider 58  MarginContainer 52[0m
[lb]frameprofile] 515 frames: p50 6.9 p95 16.9 p99 81.1 p99.9 124.6ms (max 139.1) | 12 EXTERNAL, 1 ASSET-BUILD, 2 PIPELINE-COMPILE, 25 VSYNC/PRESENT, 5 CPU-LOGIC, 3 MIXED | alloc 5MB/s heap 983.3MB | proc 5.2 gpu 2.1[0m
[lb]frameprofile] ms/frame: ng.process 3.0  server.tick 2.5  sim.move 2.0  move.in 1.7  bot.think 1.7  bot.strategy 1.7  proc:other 0.8  cw.process 0.5  cw.players 0.4  net.send 0.3[0m
[lb]hitch VSYNC/PRESENT] 22.7ms (med 7.4, ×3.1) — present/vsync-bound (rest 18.9ms, gpu 1.9ms) | proc 3.3 rcpu 0.5 gpu 1.9 rest 18.9 | alloc 152KB | ticks 3, remote.ents 7 | watchdog: 7/7 samples in '(unscoped)'[0m
[wzview] predicted echo discarded -> <5.1750183, 19.500023, 0>
[lb]hitch EXTERNAL] 63.8ms (3 dropped @60Hz) (med 7.4, ×8.6) — rest-dominated, game-side quiet — OS/compositor/driver | proc 5.1 rcpu 0.4 gpu 1.9 rest 58.3 | alloc 48KB | ticks 3, remote.ents 7 | watchdog: 31/38 samples in 'bot.strategy'[0m
[wz] cross client=True 'player' o <1168.0312, 206.59329, -7.9891586>-><-593.40674, 271.96875, 40.01084> v <0, -174.96906, 0>-><-174.96906, -7.64814E-06, 0> a <5.175006, 109.50002, 0>-><5.1750183, 19.500023, 0> | in o=<1216, 208, 32> f=<-4.371139E-08, 1, 0> | out o=<-592, 224, 80> f=<-1, -8.742278E-08, 0>
[wzview] authoritative snap -> <5.1750183, 19.500023, 0>
[lb]hitch CPU-LOGIC] 24.8ms (med 7.4, ×3.3) — cev.process 15.5ms (typ 1.0ms, 15× over) | proc 20.4 rcpu 0.5 gpu 1.9 rest 3.9 | alloc 966KB | ticks 3, remote.ents 19 | watchdog: 5/9 samples in 'iqm.mesh'[0m
[lb]hitch EXTERNAL] 28.9ms (1 dropped @60Hz) (med 7.4, ×3.9) — rest-dominated, game-side quiet — OS/compositor/driver | proc 4.0 rcpu 0.8 gpu 2.6 rest 24.1 | alloc 120KB | ticks 3, remote.ents 19 | watchdog: 5/14 samples in 'iqm.mesh'[0m
[lb]hitch VSYNC/PRESENT] 13.9ms (med 7.4, ×1.9) — present/vsync-bound (rest 8.1ms, gpu 2.0ms) | proc 5.4 rcpu 0.4 gpu 2.0 rest 8.1 | alloc 72KB | ticks 3, remote.ents 19 | watchdog: 5/5 samples in '(unscoped)'[0m
[lb]hitch VSYNC/PRESENT ×3] 13.9–16.7ms over 0.0s (med 7.4) — present/vsync-bound (rest 8.1ms, gpu 2.0ms)[0m
[lb]hitch EXTERNAL] 148.4ms (8 dropped @60Hz) (med 7.4, ×20.0) — rest-dominated, game-side quiet — OS/compositor/driver | proc 4.6 rcpu 0.4 gpu 2.3 rest 143.5 | alloc 48KB | ticks 3, remote.ents 20 | watchdog: 60/97 samples in 'bot.strategy'[0m
[lb]hitch]   gpu: draws 747, pipeline compiles +0, vram 3443MB[0m
[lb]hitch]   events: [lb]-7f] anim cache HIT models/player/ignismasked.iqm; [lb]-7f] anim cache HIT models/player/ignismasked.iqm; [lb]-7f] anim cache HIT models/player/gakmasked.iqm; [lb]-6f] stream: player model models/player/ignismasked.iqm (parse) built (0.0ms); [lb]-6f] stream: player model models/player/ignismasked.iqm (parse) built (0.0ms); [lb]-6f] stream: player model models/player/gakmasked.iqm (parse) built (0.0ms); [lb]-5f] stream: player model models/player/ignismasked.iqm tex textures/ignisfullbright built (0.0ms); [lb]-5f] stream: player model models/player/ignismasked.iqm tex textures/ignisfullbright_norm built (0.0ms); [lb]-5f] stream: player model models/player/ignismasked.iqm tex textures/ignisfullbright_gloss built (0.0ms); [lb]-5f] stream: player model models/player/ignismasked.iqm tex textures/ignisfullbright_glow built (0.0ms); [lb]-5f] stream: player model models/player/ignismasked.iqm tex textures/ignisfullbright_reflect built (0.0ms); [lb]-5f] stream: player model models/player/ignismasked.iqm tex textures/ignisfullbright_shirt built (0.0ms); [lb]-5f] stream: player model models/player/ignismasked.iqm tex textures/ignisfullbright_pants built (0.0ms); [lb]-5f] stream: player model models/player/ignismasked.iqm tex textures/ignisheadfb built (0.0ms); [lb]-5f] stream: player model models/player/ignismasked.iqm tex textures/ignisheadfb_norm built (0.0ms); [lb]-5f] stream: player model models/player/ignismasked.iqm tex textures/ignisheadfb_gloss built (0.0ms); [lb]-5f] stream: player model models/player/ignismasked.iqm tex textures/ignisheadfb_glow built (0.0ms); [lb]-5f] stream: player model models/player/ignismasked.iqm tex textures/ignisheadfb_reflect built (0.0ms); [lb]-5f] stream: player model models/player/ignismasked.iqm tex textures/ignisheadfb_shirt built (0.0ms); [lb]-5f] stream: player model models/player/ignismasked.iqm tex textures/ignisheadfb_pants built (2.0ms); [lb]-4f] stream: player model models/player/ignismasked.iqm tex textures/ignisfullbright built (0.0ms); [lb]-4f] stream: player model models/player/ignismasked.iqm tex textures/ignisfullbright_norm built (0.0ms); [lb]-4f] stream: player model models/player/ignismasked.iqm tex textures/ignisfullbright_gloss built (0.0ms); [lb]-4f] stream: player model models/player/ignismasked.iqm tex textures/ignisfullbright_glow built (0.0ms); [lb]-4f] stream: player model models/player/ignismasked.iqm tex textures/ignisfullbright_reflect built (0.0ms); [lb]-4f] stream: player model models/player/ignismasked.iqm tex textures/ignisfullbright_shirt built (0.0ms); [lb]-4f] stream: player model models/player/ignismasked.iqm tex textures/ignisfullbright_pants built (0.0ms); [lb]-4f] stream: player model models/player/ignismasked.iqm tex textures/ignisheadfb built (0.0ms); [lb]-4f] stream: player model models/player/ignismasked.iqm tex textures/ignisheadfb_norm built (0.0ms); [lb]-4f] stream: player model models/player/ignismasked.iqm tex textures/ignisheadfb_gloss built (0.0ms); [lb]-4f] stream: player model models/player/ignismasked.iqm tex textures/ignisheadfb_glow built (0.0ms); [lb]-4f] stream: player model models/player/ignismasked.iqm tex textures/ignisheadfb_reflect built (0.0ms); [lb]-4f] stream: player model models/player/ignismasked.iqm tex textures/ignisheadfb_shirt built (0.0ms); [lb]-4f] stream: player model models/player/ignismasked.iqm tex textures/ignisheadfb_pants built (2.1ms); [lb]-3f] stream: player model models/player/gakmasked.iqm tex textures/gakfullbright built (0.0ms); [lb]-3f] stream: player model models/player/gakmasked.iqm tex textures/gakfullbright_norm built (0.0ms); [lb]-3f] stream: player model models/player/gakmasked.iqm tex textures/gakfullbright_gloss built (0.0ms); [lb]-3f] stream: player model models/player/gakmasked.iqm tex textures/gakfullbright_glow built (0.0ms); [lb]-3f] stream: player model models/player/gakmasked.iqm tex textures/gakfullbright_reflect built (0.0ms); [lb]-3f] stream: player model models/player/gakmasked.iqm tex textures/gakfullbright_shirt built (0.0ms); [lb]-3f] stream: player model models/player/gakmasked.iqm tex textures/gakfullbright_pants built (0.0ms); [lb]-3f] stream: player model models/player/gakmasked.iqm tex textures/gakarmorfb built (0.0ms); [lb]-3f] stream: player model models/player/gakmasked.iqm tex textures/gakarmorfb_norm built (0.0ms); [lb]-3f] stream: player model models/player/gakmasked.iqm tex textures/gakarmorfb_gloss built (0.0ms); [lb]-3f] stream: player model models/player/gakmasked.iqm tex textures/gakarmorfb_glow built (0.0ms); [lb]-3f] stream: player model models/player/gakmasked.iqm tex textures/gakarmorfb_reflect built (0.0ms); [lb]-3f] stream: player model models/player/gakmasked.iqm tex textures/gakarmorfb_shirt built (0.0ms); [lb]-3f] stream: player model models/player/gakmasked.iqm tex textures/gakarmorfb_pants built (1.9ms)[0m
[lb]hitch]   prev: 63.8 24.8 28.9 13.9 3.9 16.7 16.7 12.8[0m
[lb]hitch VSYNC/PRESENT] 17.7ms (med 7.4, ×2.4) — present/vsync-bound (rest 13.6ms, gpu 2.3ms) | proc 3.6 rcpu 0.5 gpu 2.3 rest 13.6 | alloc 649KB | ticks 3, remote.ents 20 | watchdog: 8/8 samples in '(unscoped)'[0m
[wzview] predicted snap -> <6.075012, 73.20001, 0>
[lb]hitch VSYNC/PRESENT ×3] 16.3–17.7ms over 0.0s (med 7.6) — present/vsync-bound (rest 13.6ms, gpu 2.3ms)[0m
[lb]hitch EXTERNAL] 26.6ms (1 dropped @60Hz) (med 7.6, ×3.5) — rest-dominated, game-side quiet — OS/compositor/driver | proc 7.0 rcpu 0.8 gpu 0.7 rest 18.9 | alloc 120KB | ticks 2, remote.ents 20[0m
[wz] cross client=True 'player' o <-584.5528, 271.96872, 40.01084>-><1168.0312, 215.4472, -7.9891586> v <528.443, 0, -0>-><2.3098977E-05, 528.443, 0> a <6.0750175, -16.799978, 0>-><6.075012, 73.20001, 0> | in o=<-592, 224, 80> f=<-1, -8.742278E-08, 0> | out o=<1216, 208, 32> f=<-4.371139E-08, 1, 0>
[wzview] authoritative skip (predicted already applied) -> <6.075012, 73.20001, 0>
[lb]hitch MIXED] 21.3ms (med 7.6, ×2.8) — mixed — cev.process 4.1ms | proc 9.1 rcpu 0.5 gpu 0.8 rest 11.7 | alloc 239KB | ticks 1, remote.ents 7[0m
[lb]hitch MIXED ×2] 21.3–22.1ms over 0.0s (med 7.6) — mixed — cev.process 4.1ms[0m
[lb]hitch VSYNC/PRESENT] 18.4ms (med 7.6, ×2.4) — present/vsync-bound (rest 13.7ms, gpu 1.3ms) | proc 3.8 rcpu 0.9 gpu 1.3 rest 13.7 | alloc 63KB | ticks 1, remote.ents 22 | watchdog: 4/8 samples in 'cev.process'[0m
[lb]hitch VSYNC/PRESENT ×5] 15.5–18.4ms over 0.7s (med 8.3) — present/vsync-bound (rest 13.7ms, gpu 1.3ms)[0m
[lb]hitch EXTERNAL] 131.0ms (7 dropped @60Hz) (med 8.3, ×15.7) — rest-dominated, game-side quiet — OS/compositor/driver | proc 6.2 rcpu 0.5 gpu 0.7 rest 124.3 | alloc 48KB | ticks 3, remote.ents 37 | watchdog: 74/89 samples in 'bot.strategy'[0m
[lb]hitch]   gpu: draws 380, pipeline compiles +0, vram 3441MB[0m
[lb]hitch]   prev: 6.7 6.7 6.7 6.7 6.7 6.7 6.7 6.7[0m
[lb]hitch VSYNC/PRESENT] 22.9ms (med 8.3, ×2.7) — present/vsync-bound (rest 16.4ms, gpu 0.7ms) | proc 5.7 rcpu 0.9 gpu 0.7 rest 16.4 | alloc 148KB | ticks 3, remote.ents 37[0m
[lb]hitch VSYNC/PRESENT ×2] 18.3–22.9ms over 0.0s (med 8.3) — present/vsync-bound (rest 16.4ms, gpu 0.7ms)[0m
[lb]hitch EXTERNAL] 66.7ms (3 dropped @60Hz) (med 8.3, ×8.0) — rest-dominated, game-side quiet — OS/compositor/driver | proc 4.5 rcpu 0.6 gpu 0.6 rest 61.6 | alloc 40KB | ticks 3, remote.ents 37 | watchdog: 34/45 samples in 'bot.strategy'[0m
[lb]hitch VSYNC/PRESENT] 19.2ms (med 8.3, ×2.3) — present/vsync-bound (rest 12.7ms, gpu 0.6ms) | proc 6.0 rcpu 0.5 gpu 0.6 rest 12.7 | alloc 65KB | ticks 3, remote.ents 37 | watchdog: 5/5 samples in '(unscoped)'[0m
[wzview] predicted snap -> <3.1500244, 179.99998, 0>
[lb]hitch VSYNC/PRESENT ×2] 19.2–20.2ms over 0.0s (med 6.9) — present/vsync-bound (rest 12.7ms, gpu 0.6ms)[0m
[lb]hitch EXTERNAL] 102.7ms (5 dropped @60Hz) (med 6.9, ×14.8) — rest-dominated, game-side quiet — OS/compositor/driver | proc 6.1 rcpu 0.5 gpu 0.9 rest 96.1 | alloc 49KB | ticks 3, remote.ents 22[0m
[lb]hitch]   gpu: draws 369, pipeline compiles +0, vram 3441MB[0m
[lb]hitch]   prev: 6.7 6.8 6.9 7.7 6.7 6.7 6.9 6.9[0m
[wz] cross client=True 'player' o <1207.9371, 201.92393, 23.08969>-><-598.07605, 232.06287, 71.08969> v <0.5936209, -427.25287, -133.69308>-><-427.25287, -0.5936396, -133.69308> a <3.1500113, -90.00001, 0>-><3.1500244, 179.99998, 0> | in o=<1216, 208, 32> f=<-4.371139E-08, 1, 0> | out o=<-592, 224, 80> f=<-1, -8.742278E-08, 0>
[wzview] authoritative skip (predicted already applied) -> <3.1500244, 179.99998, 0>
[lb]hitch CPU-LOGIC] 13.5ms (med 6.9, ×1.9) — cev.process 12.0ms (typ 0.6ms, 19× over) | proc 13.5 rcpu 0.5 gpu 0.9 rest 0.0 | alloc 1.1MB | ticks 3, remote.ents 19 | watchdog: 4/7 samples in 'iqm.mesh'[0m
[lb]hitch VSYNC/PRESENT] 24.3ms (med 7.0, ×3.5) — present/vsync-bound (rest 20.5ms, gpu 0.8ms) | proc 3.4 rcpu 0.5 gpu 0.8 rest 20.5 | alloc 88KB | ticks 3, remote.ents 19 | watchdog: 5/12 samples in '(unscoped)'[0m
[lb]hitch VSYNC/PRESENT ×4] 12.9–24.3ms over 0.3s (med 6.9) — present/vsync-bound (rest 20.5ms, gpu 0.8ms)[0m
[lb]hitch EXTERNAL] 138.8ms (7 dropped @60Hz) (med 6.9, ×20.0) — rest-dominated, game-side quiet — OS/compositor/driver | proc 4.2 rcpu 0.7 gpu 3.1 rest 133.9 | alloc 40KB | ticks 3, remote.ents 29 | watchdog: 71/96 samples in 'bot.strategy'[0m
[lb]hitch]   gpu: draws 202, pipeline compiles +0, vram 3444MB[0m
[lb]hitch]   prev: 9.1 9.1 8.6 9.1 9.1 9.1 8.3 8.3[0m
[lb]hitch VSYNC/PRESENT] 17.3ms (med 6.9, ×2.5) — present/vsync-bound (rest 12.9ms, gpu 2.2ms) | proc 3.7 rcpu 0.7 gpu 2.2 rest 12.9 | alloc 173KB | ticks 3, remote.ents 29 | watchdog: 6/6 samples in '(unscoped)'[0m
[lb]hitch VSYNC/PRESENT ×3] 16.7–17.3ms over 0.0s (med 6.9) — present/vsync-bound (rest 12.9ms, gpu 2.2ms)[0m
[lb]hitch EXTERNAL] 80.3ms (4 dropped @60Hz) (med 6.9, ×11.6) — rest-dominated, game-side quiet — OS/compositor/driver | proc 4.2 rcpu 0.7 gpu 2.3 rest 75.3 | alloc 40KB | ticks 3, remote.ents 20 | watchdog: 38/53 samples in 'bot.strategy'[0m
[lb]hitch VSYNC/PRESENT] 13.5ms (med 6.9, ×2.0) — present/vsync-bound (rest 9.4ms, gpu 2.4ms) | proc 3.4 rcpu 0.7 gpu 2.4 rest 9.4 | alloc 40KB | ticks 2, remote.ents 20 | watchdog: 4/4 samples in '(unscoped)'[0m
[lb]hitch VSYNC/PRESENT ×6] 13.5–17.0ms over 0.5s (med 7.6) — present/vsync-bound (rest 9.4ms, gpu 2.4ms)[0m
[lb]hitch CPU-LOGIC] 63.8ms (3 dropped @60Hz) (med 7.6, ×8.4) — ng.process 140.2ms (typ 11.6ms, 12× over) | proc 63.8 rcpu 0.5 gpu 2.2 rest 0.0 | alloc 40KB | ticks 3, remote.ents 29 | watchdog: 69/87 samples in 'bot.strategy'[0m
[lb]hitch]   gpu: draws 774, pipeline compiles +0, vram 3445MB[0m
[lb]hitch]   prev: 11.7 11.7 12.6 11.7 11.7 11.7 11.7 11.7[0m
[lb]hitch EXTERNAL] 133.3ms (7 dropped @60Hz) (med 7.6, ×17.6) — rest-dominated, game-side quiet — OS/compositor/driver | proc 4.5 rcpu 0.5 gpu 2.2 rest 128.3 | alloc 176KB | ticks 3, remote.ents 29 | watchdog: 69/92 samples in 'bot.strategy'[0m
[lb]hitch VSYNC/PRESENT] 17.6ms (med 7.6, ×2.3) — present/vsync-bound (rest 13.2ms, gpu 3.2ms) | proc 3.8 rcpu 0.7 gpu 3.2 rest 13.2 | alloc 40KB | ticks 3, remote.ents 29 | watchdog: 3/3 samples in '(unscoped)'[0m
[lb]hitch VSYNC/PRESENT ×2] 15.7–17.6ms over 0.0s (med 7.6) — present/vsync-bound (rest 13.2ms, gpu 3.2ms)[0m
[lb]hitch MIXED] 16.7ms (med 7.6, ×2.2) — mixed — ng.process 5.9ms | proc 8.3 rcpu 0.5 gpu 2.1 rest 7.9 | alloc 176KB | ticks 3, remote.ents 30[0m
[lb]hitch VSYNC/PRESENT] 15.2ms (med 7.6, ×2.0) — present/vsync-bound (rest 11.5ms, gpu 2.3ms) | proc 3.2 rcpu 0.5 gpu 2.3 rest 11.5 | alloc 40KB | ticks 1, remote.ents 30 | watchdog: 4/6 samples in '(unscoped)'[0m
[lb]hitch EXTERNAL] 135.7ms (7 dropped @60Hz) (med 7.6, ×17.9) — rest-dominated, game-side quiet — OS/compositor/driver | proc 4.7 rcpu 0.5 gpu 2.2 rest 130.5 | alloc 40KB | ticks 3, remote.ents 30 | watchdog: 76/111 samples in 'bot.strategy'[0m
[lb]hitch VSYNC/PRESENT] 18.0ms (med 7.6, ×2.4) — present/vsync-bound (rest 13.1ms, gpu 2.2ms) | proc 4.4 rcpu 0.5 gpu 2.2 rest 13.1 | alloc 80KB | ticks 3, remote.ents 20 | watchdog: 4/4 samples in '(unscoped)'[0m
[lb]hitch EXTERNAL] 137.6ms (7 dropped @60Hz) (med 7.6, ×18.2) — rest-dominated, game-side quiet — OS/compositor/driver | proc 4.6 rcpu 0.5 gpu 2.3 rest 132.5 | alloc 40KB | ticks 3, remote.ents 20 | watchdog: 69/105 samples in 'bot.strategy'[0m
[lb]hitch]   gpu: draws 740, pipeline compiles +0, vram 3445MB[0m
[lb]hitch]   prev: 8.9 9.4 7.1 9.0 135.7 18.0 7.5 13.3[0m
[lb]frameprofile] scene: nodes 2914 objs-drawn 2203 draws 740 vram 3445MB[0m
[lb]frameprofile] census: Label 876  HBoxContainer 218  Control 157  Dependent 113  Button 110  CvarCheckBox 104  VBoxContainer 78  HSlider 62  CvarSlider 58  MarginContainer 52[0m
[lb]frameprofile] 447 frames: p50 7.6 p95 18.1 p99 131.1 p99.9 138.9ms (max 148.4) | 12 EXTERNAL, 33 VSYNC/PRESENT, 3 CPU-LOGIC, 3 MIXED | alloc 4MB/s heap 474.6MB | proc 4.6 gpu 2.3[0m
[lb]frameprofile] ms/frame: ng.process 4.1  server.tick 3.6  sim.move 3.1  move.in 2.8  bot.think 2.8  bot.strategy 2.7  proc:other 0.6  cw.process 0.5  bot.path 0.5  cw.players 0.4[0m
[lb]hitch VSYNC/PRESENT] 24.9ms (med 7.6, ×3.3) — present/vsync-bound (rest 21.4ms, gpu 2.3ms) | proc 3.1 rcpu 0.5 gpu 2.3 rest 21.4 | alloc 186KB | ticks 3, remote.ents 20 | watchdog: 8/8 samples in '(unscoped)'[0m
[lb]hitch EXTERNAL] 113.4ms (6 dropped @60Hz) (med 7.7, ×14.8) — rest-dominated, game-side quiet — OS/compositor/driver | proc 4.1 rcpu 0.5 gpu 2.3 rest 108.7 | alloc 40KB | ticks 3, remote.ents 20 | watchdog: 59/68 samples in 'bot.strategy'[0m
[lb]hitch VSYNC/PRESENT] 16.3ms (med 8.3, ×2.0) — present/vsync-bound (rest 12.5ms, gpu 2.6ms) | proc 3.2 rcpu 0.5 gpu 2.6 rest 12.5 | alloc 32KB | ticks 3, remote.ents 20[0m
[lb]hitch EXTERNAL] 93.1ms (5 dropped @60Hz) (med 8.3, ×11.2) — rest-dominated, game-side quiet — OS/compositor/driver | proc 4.5 rcpu 0.5 gpu 2.5 rest 88.1 | alloc 83KB | ticks 3, remote.ents 20 | watchdog: 50/62 samples in 'bot.strategy'[0m
[lb]hitch VSYNC/PRESENT] 16.7ms (med 8.3, ×2.0) — present/vsync-bound (rest 13.1ms, gpu 3.1ms) | proc 3.0 rcpu 0.5 gpu 3.1 rest 13.1 | alloc 48KB | ticks 3, remote.ents 20 | watchdog: 3/3 samples in '(unscoped)'[0m
[wzview] predicted snap -> <12.150024, 64.87491, 0>
[lb]hitch VSYNC/PRESENT ×2] 16.7–22.4ms over 0.3s (med 9.1) — present/vsync-bound (rest 13.1ms, gpu 3.1ms)[0m
[lb]hitch EXTERNAL] 142.2ms (8 dropped @60Hz) (med 9.1, ×15.7) — rest-dominated, game-side quiet — OS/compositor/driver | proc 4.8 rcpu 0.4 gpu 0.5 rest 136.9 | alloc 40KB | ticks 3, remote.ents 20 | watchdog: 78/96 samples in 'bot.strategy'[0m
[lb]hitch]   gpu: draws 688, pipeline compiles +0, vram 3442MB[0m
[lb]hitch]   prev: 13.6 13.3 13.3 11.9 10.6 9.6 10.4 8.3[0m
[lb]hitch VSYNC/PRESENT] 20.6ms (med 9.1, ×2.3) — present/vsync-bound (rest 14.8ms, gpu 0.5ms) | proc 5.3 rcpu 0.5 gpu 0.5 rest 14.8 | alloc 189KB | ticks 3, remote.ents 19 | watchdog: 5/5 samples in '(unscoped)'[0m
[wz] cross client=True 'player' o <-576.52637, 237.76173, 40.179462>-><1202.2383, 223.47363, -7.8205414> v <255.04654, 154.07516, 0.059354395>-><-154.07516, 255.04655, 0.059354395> a <12.300024, 66.89991, 0>-><12.300018, 156.89989, 0> | in o=<-592, 224, 80> f=<-1, -8.742278E-08, 0> | out o=<1216, 208, 32> f=<-4.371139E-08, 1, 0>
[wzview] authoritative snap -> <12.300018, 156.89989, 0>
[wzview] predicted echo discarded -> <12.450012, 69.74988, 0>
[wz] cross client=True 'player' o <1168.0312, 206.32466, -7.968751>-><-593.67535, 271.96875, 40.03125> v <0, -233.85638, 0>-><-233.85638, -1.02221875E-05, 0> a <12.450018, 159.74988, 0>-><12.450012, 69.74988, 0> | in o=<1216, 208, 32> f=<-4.371139E-08, 1, 0> | out o=<-592, 224, 80> f=<-1, -8.742278E-08, 0>
[wzview] authoritative snap -> <12.450012, 69.74988, 0>
[lb]hitch VSYNC/PRESENT ×3] 17.2–20.8ms over 0.1s (med 9.0) — present/vsync-bound (rest 14.8ms, gpu 0.5ms)[0m
[lb]hitch EXTERNAL] 26.3ms (1 dropped @60Hz) (med 9.0, ×2.9) — rest-dominated, game-side quiet — OS/compositor/driver | proc 2.8 rcpu 0.4 gpu 0.4 rest 23.1 | alloc 96KB | ticks 2, remote.ents 19 | watchdog: 5/9 samples in '(unscoped)'[0m
[lb]hitch PIPELINE-COMPILE] 141.6ms (7 dropped @60Hz) (med 9.0, ×15.8) — 2 pipeline compile(s) — SYNC[lb]surface+0 draw+1] async[lb]mesh+0 spec+1] canvas+0 | proc 140.9 rcpu 0.5 gpu 0.7 rest 0.3 | alloc 104KB | ticks 3, remote.ents 19 | watchdog: 61/86 samples in 'bot.strategy'[0m
[lb]hitch]   gpu: draws 737, pipeline compiles +2 — SYNC[lb]surface+0 draw+1] async[lb]mesh+0 spec+1] canvas+0, vram 3444MB[0m
[lb]hitch]   events: [lb]-2f] anim cache HIT models/player/gakmasked.iqm; [lb]-2f] anim cache HIT models/player/ignismasked.iqm; [lb]-2f] anim cache HIT models/player/erebus.iqm; [lb]-1f] stream: player model models/player/gakmasked.iqm (parse) built (0.0ms); [lb]-1f] stream: player model models/player/ignismasked.iqm (parse) built (0.0ms); [lb]-1f] stream: player model models/player/erebus.iqm (parse) built (0.0ms); stream: player model models/player/gakmasked.iqm tex textures/gakfullbright built (0.0ms); stream: player model models/player/gakmasked.iqm tex textures/gakfullbright_norm built (0.0ms); stream: player model models/player/gakmasked.iqm tex textures/gakfullbright_gloss built (0.0ms); stream: player model models/player/gakmasked.iqm tex textures/gakfullbright_glow built (0.0ms); stream: player model models/player/gakmasked.iqm tex textures/gakfullbright_reflect built (0.0ms); stream: player model models/player/gakmasked.iqm tex textures/gakfullbright_shirt built (0.0ms); stream: player model models/player/gakmasked.iqm tex textures/gakfullbright_pants built (0.0ms); stream: player model models/player/gakmasked.iqm tex textures/gakarmorfb built (0.0ms); stream: player model models/player/gakmasked.iqm tex textures/gakarmorfb_norm built (0.0ms); stream: player model models/player/gakmasked.iqm tex textures/gakarmorfb_gloss built (0.0ms); stream: player model models/player/gakmasked.iqm tex textures/gakarmorfb_glow built (0.0ms); stream: player model models/player/gakmasked.iqm tex textures/gakarmorfb_reflect built (0.0ms); stream: player model models/player/gakmasked.iqm tex textures/gakarmorfb_shirt built (0.0ms); stream: player model models/player/gakmasked.iqm tex textures/gakarmorfb_pants built (2.7ms)[0m
[lb]hitch]   prev: 6.7 6.7 6.7 6.7 6.7 6.7 6.7 26.3[0m
[lb]hitch PIPELINE-COMPILE ×2] 116.7–141.6ms over 0.0s (med 9.0) — 2 pipeline compile(s) — SYNC[lb]surface+0 draw+1] async[lb]mesh+0 spec+1] canvas+0[0m
[lb]hitch CPU-LOGIC] 16.7ms (med 9.0, ×1.9) — ng.process 4.6ms | proc 9.9 rcpu 1.7 gpu 1.2 rest 5.1 | alloc 96KB | ticks 3, remote.ents 20 | watchdog: 2/3 samples in 'iqm.mesh'[0m
[lb]hitch VSYNC/PRESENT] 16.7ms (med 9.0, ×1.9) — present/vsync-bound (rest 10.8ms, gpu 1.2ms) | proc 5.1 rcpu 0.8 gpu 1.2 rest 10.8 | alloc 56KB | ticks 3, remote.ents 20 | watchdog: 7/9 samples in '(unscoped)'[0m
[lb]hitch VSYNC/PRESENT ×3] 16.7–16.7ms over 0.0s (med 9.0) — present/vsync-bound (rest 10.8ms, gpu 1.2ms)[0m
[lb]hitch EXTERNAL] 84.9ms (4 dropped @60Hz) (med 9.0, ×9.4) — rest-dominated, game-side quiet — OS/compositor/driver | proc 5.3 rcpu 0.7 gpu 1.2 rest 78.9 | alloc 40KB | ticks 3, remote.ents 20 | watchdog: 41/51 samples in 'bot.strategy'[0m
[lb]hitch VSYNC/PRESENT] 20.6ms (med 9.0, ×2.3) — present/vsync-bound (rest 14.6ms, gpu 1.2ms) | proc 5.0 rcpu 1.0 gpu 1.2 rest 14.6 | alloc 40KB | ticks 3, remote.ents 20 | watchdog: 7/7 samples in '(unscoped)'[0m
[lb]hitch VSYNC/PRESENT ×3] 16.5–20.8ms over 0.0s (med 9.7) — present/vsync-bound (rest 14.6ms, gpu 1.2ms)[0m
[lb]hitch EXTERNAL] 106.7ms (5 dropped @60Hz) (med 9.7, ×11.0) — rest-dominated, game-side quiet — OS/compositor/driver | proc 10.4 rcpu 0.6 gpu 1.3 rest 95.7 | alloc 48KB | ticks 3, remote.ents 20 | watchdog: 2/3 samples in 'iqm.mesh'[0m
[lb]hitch]   gpu: draws 952, pipeline compiles +0, vram 3450MB[0m
[lb]hitch]   prev: 12.3 11.6 10.8 8.3 11.1 11.1 11.1 11.1[0m
[lb]hitch VSYNC/PRESENT] 23.1ms (med 9.7, ×2.4) — present/vsync-bound (rest 14.1ms, gpu 1.3ms) | proc 8.0 rcpu 1.0 gpu 1.3 rest 14.1 | alloc 160KB | ticks 3, remote.ents 20[0m
[lb]hitch CPU-LOGIC] 27.9ms (1 dropped @60Hz) (med 9.7, ×2.9) — ng.process 123.0ms (typ 14.4ms, 9× over) | proc 27.9 rcpu 1.0 gpu 1.3 rest 0.0 | alloc 40KB | ticks 3, remote.ents 20 | watchdog: 70/74 samples in 'bot.strategy'[0m
[lb]hitch EXTERNAL] 128.3ms (7 dropped @60Hz) (med 9.7, ×13.2) — rest-dominated, game-side quiet — OS/compositor/driver | proc 5.4 rcpu 0.9 gpu 1.3 rest 122.0 | alloc 40KB | ticks 3, remote.ents 20 | watchdog: 70/80 samples in 'bot.strategy'[0m
[lb]hitch CPU-LOGIC] 21.7ms (med 9.7, ×2.2) — ng.process 132.4ms (typ 19.7ms, 7× over) | proc 21.7 rcpu 0.9 gpu 1.3 rest 0.0 | alloc 48KB | ticks 3, remote.ents 20 | watchdog: 75/82 samples in 'bot.strategy'[0m
[lb]hitch EXTERNAL] 133.3ms (7 dropped @60Hz) (med 9.7, ×13.7) — rest-dominated, game-side quiet — OS/compositor/driver | proc 5.5 rcpu 1.0 gpu 2.0 rest 126.8 | alloc 48KB | ticks 3, remote.ents 20 | watchdog: 75/88 samples in 'bot.strategy'[0m
[lb]hitch VSYNC/PRESENT] 21.0ms (med 9.7, ×2.2) — present/vsync-bound (rest 13.3ms, gpu 1.4ms) | proc 6.6 rcpu 1.0 gpu 1.4 rest 13.3 | alloc 40KB | ticks 3, remote.ents 20 | watchdog: 6/6 samples in '(unscoped)'[0m
[lb]hitch VSYNC/PRESENT ×2] 19.2–21.0ms over 0.0s (med 9.7) — present/vsync-bound (rest 13.3ms, gpu 1.4ms)[0m
[lb]hitch EXTERNAL] 100.0ms (5 dropped @60Hz) (med 9.7, ×10.3) — rest-dominated, game-side quiet — OS/compositor/driver | proc 4.2 rcpu 0.9 gpu 1.1 rest 94.9 | alloc 40KB | ticks 3, remote.ents 19 | watchdog: 61/69 samples in 'bot.strategy'[0m
[lb]hitch]   gpu: draws 922, pipeline compiles +0, vram 3449MB[0m
[lb]hitch]   prev: 9.6 9.3 9.4 9.7 9.7 9.7 9.7 9.8[0m
[lb]hitch VSYNC/PRESENT] 21.1ms (med 9.7, ×2.2) — present/vsync-bound (rest 15.7ms, gpu 1.1ms) | proc 4.5 rcpu 0.8 gpu 1.1 rest 15.7 | alloc 181KB | ticks 3, remote.ents 19 | watchdog: 6/6 samples in '(unscoped)'[0m
[lb]hitch EXTERNAL] 127.6ms (7 dropped @60Hz) (med 9.7, ×13.1) — rest-dominated, game-side quiet — OS/compositor/driver | proc 6.2 rcpu 0.8 gpu 0.9 rest 120.6 | alloc 40KB | ticks 3, remote.ents 19[0m
[lb]hitch]   gpu: draws 920, pipeline compiles +0, vram 3449MB[0m
[lb]hitch]   prev: 7.6 7.6 7.6 7.6 7.6 7.6 7.6 7.6[0m
[lb]hitch VSYNC/PRESENT] 17.8ms (med 9.7, ×1.8) — present/vsync-bound (rest 10.3ms, gpu 0.9ms) | proc 6.7 rcpu 0.9 gpu 0.9 rest 10.3 | alloc 294KB | ticks 3, remote.ents 20 | watchdog: 6/6 samples in '(unscoped)'[0m
[lb]hitch EXTERNAL] 133.3ms (7 dropped @60Hz) (med 9.7, ×13.7) — rest-dominated, game-side quiet — OS/compositor/driver | proc 5.8 rcpu 0.9 gpu 0.9 rest 126.6 | alloc 40KB | ticks 3, remote.ents 20 | watchdog: 79/86 samples in 'bot.strategy'[0m
[lb]hitch EXTERNAL ×2] 115.7–133.3ms over 0.5s (med 9.7) — rest-dominated, game-side quiet — OS/compositor/driver[0m
[lb]hitch CPU-LOGIC] 113.2ms (6 dropped @60Hz) (med 9.7, ×11.6) — ng.process 110.1ms (typ 18.3ms, 6× over) | proc 111.7 rcpu 0.8 gpu 0.9 rest 0.7 | alloc 40KB | ticks 3, remote.ents 19 | watchdog: 66/70 samples in 'bot.strategy'[0m
[lb]hitch]   gpu: draws 913, pipeline compiles +0, vram 3449MB[0m
[lb]hitch]   prev: 8.3 8.3 8.3 7.7 8.3 8.0 115.7 17.2[0m
[lb]frameprofile] scene: nodes 2900 objs-drawn 3359 draws 913 vram 3449MB[0m
[lb]frameprofile] census: Label 876  HBoxContainer 218  Control 157  Dependent 113  Button 110  CvarCheckBox 104  VBoxContainer 78  HSlider 62  CvarSlider 58  MarginContainer 52[0m
[lb]frameprofile] 367 frames: p50 9.4 p95 21.6 p99 128.4 p99.9 141.6ms (max 142.2) | 12 EXTERNAL, 2 PIPELINE-COMPILE, 18 VSYNC/PRESENT, 4 CPU-LOGIC | alloc 3MB/s heap 473.9MB | proc 111.7 gpu 0.9[0m
[lb]frameprofile] ms/frame: ng.process 5.9  server.tick 5.4  sim.move 4.8  move.in 4.4  bot.think 4.4  bot.strategy 4.3  proc:other 0.7  cw.process 0.7  cw.players 0.5  net.send 0.4[0m
[lb]hitch EXTERNAL] 131.3ms (7 dropped @60Hz) (med 9.7, ×13.5) — rest-dominated, game-side quiet — OS/compositor/driver | proc 4.0 rcpu 0.9 gpu 0.9 rest 126.4 | alloc 216KB | ticks 3, remote.ents 19 | watchdog: 66/85 samples in 'bot.strategy'[0m
=== frame profiler session summary (45s, 2059 frames) ===[0m
  fps: avg 81.5  1%low 7  0.1%low 7  (median 6.9ms, worst 150.0ms)[0m
  hitches: 191 total — 50 EXTERNAL, 3 ASSET-BUILD, 8 PIPELINE-COMPILE, 1 GC-PAUSE, 96 VSYNC/PRESENT, 21 CPU-LOGIC, 12 MIXED[0m
    worst[lb]1]: 148.4ms EXTERNAL (ng.process) @ t=34.2s[0m
    worst[lb]2]: 145.2ms EXTERNAL (ng.process) @ t=26.4s[0m
    worst[lb]3]: 142.2ms EXTERNAL (ng.process) @ t=40.0s[0m
    worst[lb]4]: 141.6ms PIPELINE-COMPILE (ng.process) @ t=41.8s[0m
    worst[lb]5]: 139.1ms EXTERNAL (ng.process) @ t=33.8s[0m
  gc: g0+89 g1+60 g2+35, total pause 306ms[0m
  alloc: 2.9GB total, 2MB/s recent, peak 432.0MB in one frame @ t=6.5s, heap 474.2MB[0m
