Godot Engine v4.6.3.stable.mono.official.7d41c59c4 - https://godotengine.org
Vulkan 1.4.341 - Forward+ - Using Device #0: NVIDIA - NVIDIA GeForce RTX 3080

[lb]frameprofiler] env: managed-debugger=False godot-context=debug csharp=Debug vsync=Enabled maxfps=0 refresh=60Hz cpu=24c gpu=NVIDIA GeForce RTX 3080[0m
[lb]frameprofiler] columns: proc=all _Process CPU | rcpu=render-thread submit | gpu=main viewport GPU | rest=present/vsync/stall (ms-proc-rcpu) | alloc=managed garbage/frame | pipe=shader-pipeline compiles[0m
=== XonoticGodot boot ===[0m
Weapons:   27[0m
Items:     21[0m
Mutators:  46[0m
GameTypes: 20[0m
[lb]MenuState] config: 6462 cvars from 25 cfg files (374 aliases, 0 missing).[0m
[lb]shell] --cvar sv_warpzone_trace = "1"[0m
[lb]video] vid_vsync 2 → requested Mailbox, actual Mailbox[0m
[lb]video] cl_maxfps 256 -> Engine.MaxFps 144 (refresh 60Hz)[0m
[lb]video] process priority AboveNormal (sys_priority_boost 1)[0m
[MenuCommand] 'playerstats_update' has no client backend yet (inert).
[lb]Shell] hosting listen server: gametype=dm map=stormkeep bots=0 skill=0 timelimit=0 fraglimit=0[0m
[AssetSystem] loaded 2439 shaders from 185 scripts.
[NetTransport.Server] listening on UDP 26000 (max 16).
[ServerNet] LAN discovery: answering getinfo on UDP 26001 (game port 26000).
[NetTransport.Client] connecting to 127.0.0.1:26000 …
[EffectSystem] effectinfo: 301 effects, particlefont atlas: loaded, style overlay: 0 effects
[Particles] backend=original (cl_particles_modern=0)
[AssetLoader] model 'models/items/buff.md3' read failed: Asset not found in any mount: "models/items/buff.md3".
[AssetLoader] 'models/casing_shell.mdl' is not a known model (magic "IDPO?").
[MapLoader] occluder: 90035 verts / 107970 tris (r_occlusion_cull A/B)
[MapLoader] 'stormkeep' materials: lightmapped=35 vertexLit=3 plain=9 glow=4 normalMapped=34 (deluxe=True, internalPages=0, atlas=1p, cellSize=131072, cells=8, surfaces=194)
[MapLoader] 'stormkeep' portal surfaces: 2 (from 2 faces)
[DecalSplats] geometry: 106027 render triangles, 502 grid cells
[Skybox] loaded 'env/extragalactic/asteroids'.
[PortalRenderer] 2 live portal(s)
[portal] 'Portal_0' facing=False onScreen=False -> off near=1.00 size=(512, 384) camQ=<0, -0, 0> inO=<1216, 208, 32> inF=<-4.371139E-08, 1, 0>
[portal] 'Portal_1' facing=False onScreen=False -> off near=1.00 size=(512, 384) camQ=<0, -0, 0> inO=<-592, 224, 80> inF=<-1, -8.742278E-08, 0>
[NetGame] map music: 'cdtracks/track005' (from mapinfo/worldspawn)
[portal] 'Portal_0' facing=False onScreen=False -> off near=1.00 size=(512, 384) camQ=<0, -0, 0> inO=<1216, 208, 32> inF=<-4.371139E-08, 1, 0>
[portal] 'Portal_1' facing=False onScreen=False -> off near=1.00 size=(512, 384) camQ=<0, -0, 0> inO=<-592, 224, 80> inF=<-1, -8.742278E-08, 0>
[portal] 'Portal_0' facing=False onScreen=False -> off near=1.00 size=(512, 384) camQ=<0, -0, 0> inO=<1216, 208, 32> inF=<-4.371139E-08, 1, 0>
[portal] 'Portal_1' facing=False onScreen=False -> off near=1.00 size=(512, 384) camQ=<0, -0, 0> inO=<-592, 224, 80> inF=<-1, -8.742278E-08, 0>
[portal] 'Portal_0' facing=False onScreen=False -> off near=1.00 size=(512, 384) camQ=<0, -0, 0> inO=<1216, 208, 32> inF=<-4.371139E-08, 1, 0>
[portal] 'Portal_1' facing=False onScreen=False -> off near=1.00 size=(512, 384) camQ=<0, -0, 0> inO=<-592, 224, 80> inF=<-1, -8.742278E-08, 0>
[portal] 'Portal_0' facing=False onScreen=False -> off near=1.00 size=(512, 384) camQ=<0, -0, 0> inO=<1216, 208, 32> inF=<-4.371139E-08, 1, 0>
[portal] 'Portal_1' facing=False onScreen=False -> off near=1.00 size=(512, 384) camQ=<0, -0, 0> inO=<-592, 224, 80> inF=<-1, -8.742278E-08, 0>
[NetGame] precached 24 weapon models, skipped 0 (lazy), 24 muzzle tags.
[portal] 'Portal_0' facing=False onScreen=False -> off near=1.00 size=(512, 384) camQ=<0, -0, 0> inO=<1216, 208, 32> inF=<-4.371139E-08, 1, 0>
[portal] 'Portal_1' facing=False onScreen=False -> off near=1.00 size=(512, 384) camQ=<0, -0, 0> inO=<-592, 224, 80> inF=<-1, -8.742278E-08, 0>
[portal] 'Portal_0' facing=False onScreen=False -> off near=1.00 size=(512, 384) camQ=<0, -0, 0> inO=<1216, 208, 32> inF=<-4.371139E-08, 1, 0>
[portal] 'Portal_1' facing=False onScreen=False -> off near=1.00 size=(512, 384) camQ=<0, -0, 0> inO=<-592, 224, 80> inF=<-1, -8.742278E-08, 0>
[portal] 'Portal_0' facing=False onScreen=False -> off near=1.00 size=(512, 384) camQ=<0, -0, 0> inO=<1216, 208, 32> inF=<-4.371139E-08, 1, 0>
[portal] 'Portal_1' facing=False onScreen=False -> off near=1.00 size=(512, 384) camQ=<0, -0, 0> inO=<-592, 224, 80> inF=<-1, -8.742278E-08, 0>
[portal] 'Portal_0' facing=False onScreen=False -> off near=1.00 size=(512, 384) camQ=<0, -0, 0> inO=<1216, 208, 32> inF=<-4.371139E-08, 1, 0>
[portal] 'Portal_1' facing=False onScreen=False -> off near=1.00 size=(512, 384) camQ=<0, -0, 0> inO=<-592, 224, 80> inF=<-1, -8.742278E-08, 0>
[NetGame] precached 36 combat sounds, 10 player models (rendered for pipeline warm).
[NetGame] listen server on 127.0.0.1:26000 (map 'stormkeep', dm, 0 bots) — self-connecting.
[ServerNet] peer 1034063008 connected (awaiting handshake).
[ServerNet] peer 1034063008 accepted as 'player' (netId 1034063008, id d1f750ae).
[ClientNet] handshake accepted by 'Xonotic  Server': netId 1, tickrate 72 Hz.
[NetGame] handshake accepted by 'Xonotic  Server': netId 1.
[portal] 'Portal_0' facing=False onScreen=True -> off near=1.00 size=(512, 384) camQ=<0, -0, 34.715557> inO=<1216, 208, 32> inF=<-4.371139E-08, 1, 0>
[portal] 'Portal_1' facing=False onScreen=False -> off near=1.00 size=(512, 384) camQ=<0, -0, 34.715557> inO=<-592, 224, 80> inF=<-1, -8.742278E-08, 0>
[wzview] authoritative snap -> <0, 135, 0>
[lb]hitch PIPELINE-COMPILE] 64.9ms (3 dropped @60Hz) (med 6.9, ×9.3) — 1 pipeline compile(s) — SYNC[lb]surface+0 draw+0] async[lb]mesh+0 spec+1] canvas+0 | proc 8.1 rcpu 0.6 gpu 0.4 rest 56.2 | alloc 807KB | ticks 3, remote.ents 21 | watchdog: 1/3 samples in 'sim.end'[0m
[lb]hitch]   gpu: draws 369, pipeline compiles +1 — SYNC[lb]surface+0 draw+0] async[lb]mesh+0 spec+1] canvas+0, vram 3194MB[0m
[lb]hitch]   events: [lb]-1f] net: PREDICTION DESYNC 1067qu (predicted vs acked-replay origin)[0m
[lb]hitch]   prev: 6.9 6.9 6.9 6.9 6.9 6.1 6.9 6.9[0m
[lb]hitch VSYNC/PRESENT] 21.9ms (med 6.9, ×3.2) — present/vsync-bound (rest 19.3ms, gpu 0.3ms) | proc 2.1 rcpu 0.6 gpu 0.3 rest 19.3 | alloc 172KB | ticks 3, remote.ents 21 | watchdog: 9/11 samples in '(unscoped)'[0m
[portal] 'Portal_0' facing=True onScreen=False -> off near=0.05 size=(512, 384) camQ=<1040, 240, 27.03125> inO=<1216, 208, 32> inF=<-4.371139E-08, 1, 0>
[portal] 'Portal_1' facing=False onScreen=True -> off near=1.00 size=(512, 384) camQ=<1040, 240, 27.03125> inO=<-592, 224, 80> inF=<-1, -8.742278E-08, 0>
[lb]frameprofile] scene: nodes 2847 objs-drawn 1590 draws 251 vram 3196MB[0m
[lb]frameprofile] census: Label 876  HBoxContainer 218  Control 157  Dependent 113  Button 110  CvarCheckBox 104  VBoxContainer 78  HSlider 62  CvarSlider 58  MarginContainer 52[0m
[lb]frameprofile] 294 frames: p50 6.9 p95 129.1 p99 147.9 p99.9 150.1ms (max 150.0) | 1 PIPELINE-COMPILE, 1 VSYNC/PRESENT | alloc 8MB/s heap 215.2MB | proc 1.8 gpu 0.4[0m
[lb]frameprofile] ms/frame: iqm.mesh 28.2  iqm.materials 27.9  iqm.anims 4.7  cev.process 1.3  proc:other 1.2  ng.process 1.1  server.tick 0.6  net.send 0.2  cw.process 0.1  net.poll 0.1[0m
[lb]hitch VSYNC/PRESENT] 13.6ms (med 6.9, ×2.0) — present/vsync-bound (rest 11.2ms, gpu 0.4ms) | proc 1.8 rcpu 0.6 gpu 0.4 rest 11.2 | alloc 96KB | ticks 1, remote.ents 21 | watchdog: 4/4 samples in '(unscoped)'[0m
[lb]hitch]   gpu: draws 251, pipeline compiles +0, vram 3196MB[0m
[lb]hitch]   prev: 6.9 6.9 6.9 6.9 6.9 6.9 6.9 6.9[0m
[lb]bots] waypoints for 'stormkeep': nodes=99 (file=loaded, cache=yes)[0m
[portal] 'Portal_0' facing=True onScreen=False -> off near=0.05 size=(512, 384) camQ=<1040, 240, 27.03125> inO=<1216, 208, 32> inF=<-4.371139E-08, 1, 0>
[portal] 'Portal_1' facing=False onScreen=True -> off near=1.00 size=(512, 384) camQ=<1040, 240, 27.03125> inO=<-592, 224, 80> inF=<-1, -8.742278E-08, 0>
[lb]hitch CPU-LOGIC] 111.3ms (6 dropped @60Hz) (med 6.9, ×16.0) — ng.process 95.4ms (typ 10.9ms, 9× over) | proc 108.6 rcpu 1.0 gpu 0.8 rest 1.7 | alloc 268KB | ticks 3, remote.ents 22 | watchdog: 27/65 samples in 'bot.strategy'[0m
[lb]hitch PIPELINE-COMPILE] 134.0ms (7 dropped @60Hz) (med 6.9, ×19.3) — 1 pipeline compile(s) — SYNC[lb]surface+1 draw+0] async[lb]mesh+0 spec+0] canvas+0 | proc 21.8 rcpu 0.7 gpu 0.8 rest 111.5 | alloc 62.0MB | ticks 3, remote.ents 22 | watchdog: 3/11 samples in 'bot.strategy'[0m
[lb]hitch GC-PAUSE] 37.4ms (1 dropped @60Hz) (med 6.9, ×5.4) — gen2/GC-pause tail (prior frame paused 1.1ms; this frame rest-dominated) | proc 3.8 rcpu 0.8 gpu 0.8 rest 32.8 | alloc 112.1MB | ticks 3, remote.ents 22 | watchdog: 10/20 samples in '(unscoped)'[0m
[lb]hitch]   gpu: draws 251, pipeline compiles +0, vram 3198MB[0m
[lb]hitch]   events: [lb]-2f] anim cache HIT models/player/ignismasked.iqm; [lb]-1f] stream: player model models/player/ignismasked.iqm (parse) built (1.0ms); stream: player model models/player/ignismasked.iqm tex textures/ignisfullbright_pants built (0.1ms); stream: player model models/player/ignismasked.iqm tex textures/ignisheadfb_pants built (0.0ms)[0m
[lb]hitch]   prev: 6.9 6.9 6.9 6.9 6.9 6.9 111.3 134.0[0m
[lb]hitch VSYNC/PRESENT] 16.7ms (med 6.9, ×2.4) — present/vsync-bound (rest 10.6ms, gpu 0.8ms) | proc 4.6 rcpu 1.4 gpu 0.8 rest 10.6 | alloc 233KB | ticks 3, remote.ents 22 | watchdog: 3/3 samples in '(unscoped)'[0m
[portal] 'Portal_0' facing=True onScreen=False -> off near=0.05 size=(512, 384) camQ=<1040, 240, 27.03125> inO=<1216, 208, 32> inF=<-4.371139E-08, 1, 0>
[portal] 'Portal_1' facing=False onScreen=True -> off near=1.00 size=(512, 384) camQ=<1040, 240, 27.03125> inO=<-592, 224, 80> inF=<-1, -8.742278E-08, 0>
[lb]hitch VSYNC/PRESENT ×2] 13.7–16.7ms over 0.6s (med 6.9) — present/vsync-bound (rest 10.6ms, gpu 0.8ms)[0m
[lb]hitch EXTERNAL] 65.2ms (3 dropped @60Hz) (med 6.9, ×9.4) — rest-dominated, game-side quiet — OS/compositor/driver | proc 4.5 rcpu 0.6 gpu 0.9 rest 60.1 | alloc 48KB | ticks 3, remote.ents 22 | watchdog: 23/39 samples in 'bot.path'[0m
[lb]hitch]   gpu: draws 251, pipeline compiles +0, vram 3186MB[0m
[lb]hitch]   prev: 6.9 6.9 6.9 6.9 6.9 6.9 6.9 6.9[0m
[lb]hitch EXTERNAL ×2] 43.3–65.2ms over 0.2s (med 6.9) — rest-dominated, game-side quiet — OS/compositor/driver[0m
[lb]hitch VSYNC/PRESENT] 16.7ms (med 6.9, ×2.4) — present/vsync-bound (rest 13.0ms, gpu 2.1ms) | proc 3.0 rcpu 0.7 gpu 2.1 rest 13.0 | alloc 32KB | ticks 1, remote.ents 22[0m
[lb]hitch EXTERNAL] 102.8ms (5 dropped @60Hz) (med 6.7, ×15.4) — rest-dominated, game-side quiet — OS/compositor/driver | proc 3.8 rcpu 1.3 gpu 2.3 rest 97.6 | alloc 56KB | ticks 3, remote.ents 22 | watchdog: 34/57 samples in 'bot.path'[0m
[lb]hitch]   gpu: draws 251, pipeline compiles +0, vram 3186MB[0m
[lb]hitch]   prev: 6.7 6.7 6.7 6.7 6.7 6.7 6.9 6.9[0m
[lb]hitch VSYNC/PRESENT] 16.7ms (med 6.7, ×2.5) — present/vsync-bound (rest 12.6ms, gpu 2.0ms) | proc 3.4 rcpu 0.7 gpu 2.0 rest 12.6 | alloc 154KB | ticks 3, remote.ents 22[0m
[portal] 'Portal_0' facing=True onScreen=False -> off near=0.05 size=(512, 384) camQ=<1040, 240, 27.031254> inO=<1216, 208, 32> inF=<-4.371139E-08, 1, 0>
[portal] 'Portal_1' facing=False onScreen=True -> off near=1.00 size=(512, 384) camQ=<1040, 240, 27.031254> inO=<-592, 224, 80> inF=<-1, -8.742278E-08, 0>
[portal] 'Portal_0' facing=True onScreen=False -> off near=0.05 size=(512, 384) camQ=<1040, 240, 27.031254> inO=<1216, 208, 32> inF=<-4.371139E-08, 1, 0>
[portal] 'Portal_1' facing=False onScreen=True -> off near=1.00 size=(512, 384) camQ=<1040, 240, 27.031254> inO=<-592, 224, 80> inF=<-1, -8.742278E-08, 0>
[lb]hitch VSYNC/PRESENT ×2] 13.9–16.7ms over 0.9s (med 6.9) — present/vsync-bound (rest 12.6ms, gpu 2.0ms)[0m
[lb]hitch EXTERNAL] 33.9ms (1 dropped @60Hz) (med 6.9, ×4.9) — rest-dominated, game-side quiet — OS/compositor/driver | proc 2.4 rcpu 0.6 gpu 0.6 rest 30.9 | alloc 40KB | ticks 2, remote.ents 22 | watchdog: 9/12 samples in 'bot.strategy'[0m
[lb]hitch]   gpu: draws 229, pipeline compiles +0, vram 3186MB[0m
[lb]hitch]   prev: 6.9 6.9 6.9 6.9 6.9 6.9 6.9 6.9[0m
[lb]hitch VSYNC/PRESENT] 16.7ms (med 6.9, ×2.4) — present/vsync-bound (rest 13.6ms, gpu 0.6ms) | proc 2.5 rcpu 0.6 gpu 0.6 rest 13.6 | alloc 163KB | ticks 2, remote.ents 22[0m
[wz] cross client=True 'player' o <1230.1547, 206.15332, -7.968749>-><-593.8467, 209.84534, 40.03125> v <-217.70808, -316.20148, 0>-><-316.2015, 217.70807, 0> a <1.1264542, 215.12778, 0>-><1.1264648, 125.12778, 0> | in o=<1216, 208, 32> f=<-4.371139E-08, 1, 0> | out o=<-592, 224, 80> f=<-1, -8.742278E-08, 0>
[portal] 'Portal_0' facing=True onScreen=False -> off near=0.05 size=(512, 384) camQ=<1040, 240, 27.03125> inO=<1216, 208, 32> inF=<-4.371139E-08, 1, 0>
[portal] 'Portal_1' facing=False onScreen=True -> off near=1.00 size=(512, 384) camQ=<1040, 240, 27.03125> inO=<-592, 224, 80> inF=<-1, -8.742278E-08, 0>
[lb]hitch VSYNC/PRESENT ×2] 12.9–16.7ms over 0.7s (med 6.9) — present/vsync-bound (rest 13.6ms, gpu 0.6ms)[0m
[lb]hitch MIXED] 18.9ms (med 6.9, ×2.7) — mixed — proc:other 3.9ms | proc 8.1 rcpu 2.4 gpu 0.9 rest 8.4 | alloc 113.5MB | ticks 1, remote.ents 21[0m
[lb]hitch]   gpu: draws 208, pipeline compiles +0, vram 3186MB[0m
[lb]hitch]   events: [lb]-2f] anim cache HIT models/player/umbra.iqm; [lb]-2f] anim cache HIT models/player/nyx.iqm; [lb]-2f] anim cache HIT models/player/seraphina.iqm; [lb]-2f] anim cache HIT models/player/pyria.iqm; [lb]-2f] stream: idle-warm models/player/nyx.iqm (parse) built (0.2ms); [lb]-2f] stream: idle-warm models/player/pyria.iqm (parse) built (0.0ms); [lb]-2f] stream: idle-warm models/player/seraphina.iqm (parse) built (0.0ms); [lb]-2f] stream: idle-warm models/player/umbra.iqm (parse) built (0.0ms); [lb]-1f] stream: idle-warm models/player/nyx.iqm tex textures/shadowheadfb_pants built (0.0ms); [lb]-1f] stream: idle-warm models/player/nyx.iqm tex textures/nyxfullbright_pants built (0.0ms); [lb]-1f] stream: idle-warm models/player/pyria.iqm tex textures/pyriahair built (0.0ms); [lb]-1f] stream: idle-warm models/player/pyria.iqm tex textures/pyriahair_gloss built (0.0ms); [lb]-1f] stream: idle-warm models/player/pyria.iqm tex textures/pyriahair_glow built (0.0ms); [lb]-1f] stream: idle-warm models/player/pyria.iqm tex textures/pyriahair_reflect built (0.0ms); [lb]-1f] stream: idle-warm models/player/pyria.iqm tex textures/pyriahair_shirt built (0.0ms); [lb]-1f] stream: idle-warm models/player/pyria.iqm tex textures/pyriahair_pants built (0.0ms); [lb]-1f] stream: idle-warm models/player/pyria.iqm tex textures/pyriafullbright_pants built (0.0ms); stream: idle-warm models/player/nyx.iqm tex textures/shadowheadfb_reflect built (0.0ms); stream: idle-warm models/player/nyx.iqm tex textures/shadowheadfb_shirt built (0.0ms); stream: idle-warm models/player/pyria.iqm tex textures/pyriahair_norm built (0.0ms); stream: idle-warm models/player/seraphina.iqm tex textures/seraphina_shirt built (0.0ms); stream: idle-warm models/player/seraphina.iqm tex textures/seraphina_pants built (0.0ms); stream: idle-warm models/player/seraphina.iqm tex textures/ignisfullbright built (0.0ms); stream: idle-warm models/player/seraphina.iqm tex textures/ignisfullbright_norm built (0.0ms); stream: idle-warm models/player/seraphina.iqm tex textures/ignisfullbright_gloss built (0.0ms); stream: idle-warm models/player/seraphina.iqm tex textures/ignisfullbright_glow built (0.0ms); stream: idle-warm models/player/seraphina.iqm tex textures/ignisfullbright_reflect built (0.0ms); stream: idle-warm models/player/seraphina.iqm tex textures/ignisfullbright_shirt built (0.0ms); stream: idle-warm models/player/seraphina.iqm tex textures/ignisfullbright_pants built (0.0ms)[0m
[lb]hitch]   prev: 7.1 7.1 7.1 7.1 7.1 7.1 7.1 7.1[0m
[lb]hitch VSYNC/PRESENT] 18.6ms (med 6.9, ×2.7) — present/vsync-bound (rest 10.5ms, gpu 0.9ms) | proc 5.7 rcpu 2.5 gpu 0.9 rest 10.5 | alloc 68.5MB | ticks 2, remote.ents 21 | watchdog: 8/8 samples in '(unscoped)'[0m
[lb]hitch MIXED] 54.6ms (2 dropped @60Hz) (med 6.9, ×7.9) — mixed — ng.process 15.7ms | proc 27.3 rcpu 3.0 gpu 0.9 rest 24.3 | alloc 692KB | ticks 3, remote.ents 21 | watchdog: 4/14 samples in 'bot.strategy'[0m
[lb]hitch GC-PAUSE] 41.5ms (1 dropped @60Hz) (med 6.9, ×6.0) — gen2/GC-pause tail (prior frame paused 9.6ms; this frame rest-dominated) | proc 8.1 rcpu 2.4 gpu 0.9 rest 31.0 | alloc 1.0MB | ticks 3, remote.ents 21[0m
[lb]hitch VSYNC/PRESENT] 22.8ms (med 6.9, ×3.3) — present/vsync-bound (rest 14.6ms, gpu 0.9ms) | proc 7.6 rcpu 0.7 gpu 0.9 rest 14.6 | alloc 577KB | ticks 2, remote.ents 21[0m
[lb]hitch ASSET-BUILD] 15.2ms (med 6.9, ×2.2) — iqm.anims 248.8ms (asset build/upload) | proc 8.6 rcpu 1.0 gpu 0.9 rest 5.6 | alloc 30.3MB | ticks 1, remote.ents 21[0m
[lb]frameprofile] scene: nodes 2899 objs-drawn 1701 draws 281 vram 3196MB[0m
[lb]frameprofile] census: Label 876  HBoxContainer 218  Control 157  Dependent 113  Button 110  CvarCheckBox 104  VBoxContainer 78  HSlider 62  CvarSlider 58  MarginContainer 52[0m
[lb]frameprofile] 627 frames: p50 6.9 p95 10.4 p99 37.4 p99.9 111.4ms (max 134.0) | 4 EXTERNAL, 1 ASSET-BUILD, 1 PIPELINE-COMPILE, 2 GC-PAUSE, 10 VSYNC/PRESENT, 1 CPU-LOGIC, 2 MIXED | alloc 208MB/s heap 782.9MB | proc 8.6 gpu 0.9[0m
[lb]frameprofile] ms/frame: ng.process 1.9  server.tick 1.5  sim.move 1.1  move.in 0.8  bot.think 0.8  bot.strategy 0.7  proc:other 0.6  iqm.anims 0.4  bot.path 0.3  cw.process 0.3[0m
[lb]hitch EXTERNAL] 25.0ms (1 dropped @60Hz) (med 6.9, ×3.6) — rest-dominated, game-side quiet — OS/compositor/driver | proc 4.9 rcpu 0.7 gpu 0.9 rest 19.3 | alloc 924KB | ticks 2, remote.ents 21 | watchdog: 17/17 samples in '(unscoped)'[0m
[lb]hitch VSYNC/PRESENT] 18.8ms (med 6.9, ×2.7) — present/vsync-bound (rest 13.0ms, gpu 0.9ms) | proc 5.0 rcpu 0.8 gpu 0.9 rest 13.0 | alloc 948KB | ticks 2, remote.ents 21 | watchdog: 3/3 samples in '(unscoped)'[0m
[lb]hitch PIPELINE-COMPILE] 14.0ms (med 6.9, ×2.0) — 2 pipeline compile(s) — SYNC[lb]surface+0 draw+1] async[lb]mesh+0 spec+1] canvas+0 | proc 5.9 rcpu 0.7 gpu 0.9 rest 7.5 | alloc 2.3MB | ticks 1, remote.ents 21 | watchdog: 5/5 samples in '(unscoped)'[0m
[lb]hitch PIPELINE-COMPILE ×2] 14.0–16.0ms over 0.0s (med 6.9) — 2 pipeline compile(s) — SYNC[lb]surface+0 draw+1] async[lb]mesh+0 spec+1] canvas+0[0m
[lb]hitch MIXED] 12.6ms (med 6.9, ×1.8) — mixed — proc:other 3.2ms | proc 5.3 rcpu 3.4 gpu 1.4 rest 3.9 | alloc 2.2MB | ticks 1, remote.ents 21 | watchdog: 4/4 samples in '(unscoped)'[0m
[lb]hitch CPU-LOGIC] 16.7ms (med 6.9, ×2.4) — stream.build 5.6ms (typ 1.8ms, 3× over) | proc 10.7 rcpu 0.9 gpu 0.9 rest 5.1 | alloc 1.3MB | ticks 1, remote.ents 21 | watchdog: 1/3 samples in 'iqm.materials'[0m
[lb]hitch MIXED] 16.7ms (med 6.9, ×2.4) — mixed — stream.build 3.5ms | proc 7.8 rcpu 1.2 gpu 0.9 rest 7.7 | alloc 1.3MB | ticks 1, remote.ents 21[0m
[lb]hitch ASSET-BUILD] 12.6ms (med 6.9, ×1.8) — stream.build 7.7ms (asset build/upload) | proc 11.8 rcpu 0.8 gpu 0.9 rest 0.0 | alloc 1.4MB | ticks 1, remote.ents 21 | watchdog: 2/3 samples in 'stream.build'[0m
[lb]hitch VSYNC/PRESENT] 16.7ms (med 6.9, ×2.4) — present/vsync-bound (rest 11.8ms, gpu 0.9ms) | proc 4.2 rcpu 0.7 gpu 0.9 rest 11.8 | alloc 1.4MB | ticks 1, remote.ents 21 | watchdog: 5/7 samples in '(unscoped)'[0m
[IdleWarmer] asset warm queue drained — full asset set is hot.
[portal] 'Portal_0' facing=True onScreen=False -> off near=0.05 size=(512, 384) camQ=<1059.7015, 324.38678, 27.03125> inO=<1216, 208, 32> inF=<-4.371139E-08, 1, 0>
[portal] 'Portal_1' facing=False onScreen=False -> off near=1.00 size=(512, 384) camQ=<1059.7015, 324.38678, 27.03125> inO=<-592, 224, 80> inF=<-1, -8.742278E-08, 0>
[lb]hitch EXTERNAL] 31.3ms (1 dropped @60Hz) (med 6.9, ×4.5) — rest-dominated, game-side quiet — OS/compositor/driver | proc 3.0 rcpu 0.5 gpu 1.9 rest 27.8 | alloc 40KB | ticks 2, remote.ents 36 | watchdog: 11/15 samples in 'bot.strategy'[0m
[lb]hitch]   gpu: draws 358, pipeline compiles +0, vram 3304MB[0m
[lb]hitch]   prev: 7.1 7.1 7.1 7.1 7.1 7.1 7.1 7.1[0m
[lb]hitch VSYNC/PRESENT] 14.5ms (med 6.9, ×2.1) — present/vsync-bound (rest 11.4ms, gpu 2.1ms) | proc 2.7 rcpu 0.4 gpu 2.1 rest 11.4 | alloc 40KB | ticks 1, remote.ents 36[0m
[lb]hitch EXTERNAL] 35.9ms (1 dropped @60Hz) (med 6.9, ×5.2) — rest-dominated, game-side quiet — OS/compositor/driver | proc 3.2 rcpu 0.5 gpu 1.9 rest 32.2 | alloc 40KB | ticks 3, remote.ents 36 | watchdog: 8/17 samples in 'bot.path'[0m
[lb]hitch VSYNC/PRESENT] 16.7ms (med 6.9, ×2.4) — present/vsync-bound (rest 13.5ms, gpu 2.0ms) | proc 2.7 rcpu 0.5 gpu 2.0 rest 13.5 | alloc 64KB | ticks 1, remote.ents 36 | watchdog: 3/3 samples in '(unscoped)'[0m
[portal] 'Portal_0' facing=True onScreen=True -> RENDER near=247.29 size=(512, 384) camQ=<1245.4884, 463.36667, 27.03125> inO=<1216, 208, 32> inF=<-4.371139E-08, 1, 0>
[portal] 'Portal_1' facing=False onScreen=True -> off near=1.00 size=(512, 384) camQ=<1245.4884, 463.36667, 27.03125> inO=<-592, 224, 80> inF=<-1, -8.742278E-08, 0>
[lb]hitch PIPELINE-COMPILE] 13.9ms (med 6.9, ×2.0) — 1 pipeline compile(s) — SYNC[lb]surface+0 draw+0] async[lb]mesh+0 spec+0] canvas+1 | proc 2.5 rcpu 0.5 gpu 0.5 rest 10.9 | alloc 48KB | ticks 1, remote.ents 36 | watchdog: 5/5 samples in '(unscoped)'[0m
[lb]hitch]   gpu: draws 362, pipeline compiles +1 — SYNC[lb]surface+0 draw+0] async[lb]mesh+0 spec+0] canvas+1, vram 3303MB[0m
[lb]hitch]   prev: 6.9 6.9 7.4 6.9 7.2 6.9 6.9 6.9[0m
[portal] 'Portal_0' facing=True onScreen=True -> RENDER near=46.81 size=(512, 384) camQ=<1279.2549, 274.0528, 27.03125> inO=<1216, 208, 32> inF=<-4.371139E-08, 1, 0>
[portal] 'Portal_1' facing=False onScreen=True -> off near=1.00 size=(512, 384) camQ=<1279.2549, 274.0528, 27.03125> inO=<-592, 224, 80> inF=<-1, -8.742278E-08, 0>
[lb]hitch CPU-LOGIC] 25.1ms (1 dropped @60Hz) (med 6.9, ×3.6) — ng.process 44.9ms (typ 5.0ms, 9× over) | proc 25.1 rcpu 0.5 gpu 0.5 rest 0.0 | alloc 40KB | ticks 2, remote.ents 22 | watchdog: 14/25 samples in 'bot.path'[0m
[lb]hitch]   gpu: draws 395, pipeline compiles +0, vram 3303MB[0m
[lb]hitch]   prev: 6.9 6.9 6.9 6.9 6.9 6.9 6.9 6.9[0m
[lb]hitch EXTERNAL] 64.7ms (3 dropped @60Hz) (med 6.9, ×9.3) — rest-dominated, game-side quiet — OS/compositor/driver | proc 4.1 rcpu 0.5 gpu 0.6 rest 60.2 | alloc 169KB | ticks 3, remote.ents 22 | watchdog: 14/31 samples in 'bot.path'[0m
[lb]hitch VSYNC/PRESENT] 15.1ms (med 6.9, ×2.2) — present/vsync-bound (rest 11.5ms, gpu 0.6ms) | proc 3.1 rcpu 0.5 gpu 0.6 rest 11.5 | alloc 40KB | ticks 1, remote.ents 22[0m
[wzview] predicted snap -> <6.299988, 150.52501, 0>
[wz] cross client=True 'player' o <1216.0845, 203.338, -7.9687505>-><-596.662, 223.91553, 40.03125> v <-159.99344, -387.1282, 0>-><-387.1282, 159.99342, 0> a <6.299988, 150.52501, 0>-><6.299988, 60.52501, 0> | in o=<1216, 208, 32> f=<-4.371139E-08, 1, 0> | out o=<-592, 224, 80> f=<-1, -8.742278E-08, 0>
[wzview] authoritative snap -> <6.299988, 60.52501, 0>
[lb]hitch PIPELINE-COMPILE] 46.4ms (2 dropped @60Hz) (med 6.9, ×6.7) — 3 pipeline compile(s) — SYNC[lb]surface+1 draw+0] async[lb]mesh+0 spec+2] canvas+0 | proc 4.6 rcpu 0.4 gpu 1.2 rest 41.3 | alloc 58.6MB | ticks 3, remote.ents 20[0m
[lb]hitch VSYNC/PRESENT] 24.6ms (med 6.9, ×3.5) — present/vsync-bound (rest 15.5ms, gpu 0.8ms) | proc 8.6 rcpu 0.5 gpu 0.8 rest 15.5 | alloc 20.1MB | ticks 2, remote.ents 21[0m
[portal] 'Portal_0' facing=True onScreen=True -> RENDER near=1483.27 size=(512, 384) camQ=<-678.1898, 331.72504, 75.015625> inO=<1216, 208, 32> inF=<-4.371139E-08, 1, 0>
[portal] 'Portal_1' facing=True onScreen=True -> RENDER near=0.05 size=(512, 384) camQ=<-678.1898, 331.72504, 75.015625> inO=<-592, 224, 80> inF=<-1, -8.742278E-08, 0>
[lb]hitch VSYNC/PRESENT ×9] 12.9–24.6ms over 0.2s (med 7.0) — present/vsync-bound (rest 15.5ms, gpu 0.8ms)[0m
[lb]hitch EXTERNAL] 27.4ms (1 dropped @60Hz) (med 7.0, ×3.9) — rest-dominated, game-side quiet — OS/compositor/driver | proc 5.0 rcpu 0.5 gpu 0.9 rest 21.9 | alloc 40KB | ticks 2, remote.ents 22 | watchdog: 12/17 samples in 'bot.strategy'[0m
[lb]hitch]   gpu: draws 703, pipeline compiles +0, vram 3326MB[0m
[lb]hitch]   prev: 10.9 9.1 9.9 11.0 9.1 9.1 9.1 9.1[0m
[lb]hitch VSYNC/PRESENT] 13.3ms (med 7.0, ×1.9) — present/vsync-bound (rest 8.9ms, gpu 0.9ms) | proc 3.9 rcpu 0.4 gpu 0.9 rest 8.9 | alloc 40KB | ticks 1, remote.ents 22 | watchdog: 4/4 samples in '(unscoped)'[0m
[lb]hitch EXTERNAL] 33.9ms (1 dropped @60Hz) (med 7.0, ×4.8) — rest-dominated, game-side quiet — OS/compositor/driver | proc 5.4 rcpu 0.4 gpu 0.8 rest 28.0 | alloc 48KB | ticks 2, remote.ents 22 | watchdog: 18/25 samples in 'bot.strategy'[0m
[lb]hitch VSYNC/PRESENT] 16.7ms (med 7.0, ×2.4) — present/vsync-bound (rest 11.6ms, gpu 0.9ms) | proc 4.6 rcpu 0.4 gpu 0.9 rest 11.6 | alloc 56KB | ticks 2, remote.ents 22 | watchdog: 5/5 samples in '(unscoped)'[0m
[portal] 'Portal_0' facing=True onScreen=True -> RENDER near=1775.01 size=(512, 384) camQ=<-729.9947, 241.38335, 75.015625> inO=<1216, 208, 32> inF=<-4.371139E-08, 1, 0>
[portal] 'Portal_1' facing=True onScreen=True -> RENDER near=98.30 size=(512, 384) camQ=<-729.9947, 241.38335, 75.015625> inO=<-592, 224, 80> inF=<-1, -8.742278E-08, 0>
[lb]hitch VSYNC/PRESENT ×2] 16.7–16.7ms over 0.0s (med 7.1) — present/vsync-bound (rest 11.6ms, gpu 0.9ms)[0m
[lb]hitch CPU-LOGIC] 22.6ms (med 7.1, ×3.2) — ng.process 88.2ms (typ 7.4ms, 12× over) | proc 22.6 rcpu 0.5 gpu 1.0 rest 0.0 | alloc 64KB | ticks 1, remote.ents 24 | watchdog: 28/54 samples in 'bot.strategy'[0m
[lb]hitch]   gpu: draws 744, pipeline compiles +0, vram 3326MB[0m
[lb]hitch]   prev: 6.9 6.4 6.9 6.9 6.9 6.9 8.2 6.9[0m
[lb]hitch EXTERNAL] 103.8ms (5 dropped @60Hz) (med 7.1, ×14.5) — rest-dominated, game-side quiet — OS/compositor/driver | proc 5.6 rcpu 0.4 gpu 1.0 rest 97.8 | alloc 171KB | ticks 3, remote.ents 23 | watchdog: 28/58 samples in 'bot.strategy'[0m
[lb]hitch VSYNC/PRESENT] 16.9ms (med 7.1, ×2.4) — present/vsync-bound (rest 10.4ms, gpu 1.0ms) | proc 6.1 rcpu 0.5 gpu 1.0 rest 10.4 | alloc 48KB | ticks 3, remote.ents 23 | watchdog: 4/4 samples in '(unscoped)'[0m
[lb]hitch VSYNC/PRESENT ×3] 16.4–16.9ms over 0.0s (med 7.2) — present/vsync-bound (rest 10.4ms, gpu 1.0ms)[0m
[lb]hitch EXTERNAL] 55.6ms (2 dropped @60Hz) (med 7.2, ×7.7) — rest-dominated, game-side quiet — OS/compositor/driver | proc 4.7 rcpu 0.4 gpu 1.1 rest 50.4 | alloc 40KB | ticks 3, remote.ents 21 | watchdog: 13/39 samples in 'bot.path'[0m
[lb]hitch CPU-LOGIC] 16.7ms (med 7.2, ×2.3) — ng.process 8.8ms | proc 12.4 rcpu 0.5 gpu 1.2 rest 3.8 | alloc 90KB | ticks 2, remote.ents 22 | watchdog: 2/4 samples in 'ng.process'[0m
[lb]hitch VSYNC/PRESENT] 16.7ms (med 7.2, ×2.3) — present/vsync-bound (rest 13.3ms, gpu 1.3ms) | proc 2.9 rcpu 0.5 gpu 1.3 rest 13.3 | alloc 48KB | ticks 1, remote.ents 22 | watchdog: 4/7 samples in '(unscoped)'[0m
[wzview] predicted snap -> <8.024994, 125.92501, 0>
[wz] cross client=True 'player' o <-589.5991, 176.00395, 95.958015>-><1263.9961, 210.40088, 47.958008> v <509.75943, -0.80091095, 304.00348>-><0.80093324, 509.75943, 304.00348> a <8.024986, 35.925014, 0>-><8.024994, 125.92501, 0> | in o=<-592, 224, 80> f=<-1, -8.742278E-08, 0> | out o=<1216, 208, 32> f=<-4.371139E-08, 1, 0>
[wzview] authoritative skip (predicted already applied) -> <8.024994, 125.92501, 0>
[lb]frameprofile] scene: nodes 2919 objs-drawn 1739 draws 274 vram 3327MB[0m
[lb]frameprofile] census: Label 876  HBoxContainer 218  Control 157  Dependent 113  Button 110  CvarCheckBox 104  VBoxContainer 78  HSlider 62  CvarSlider 58  MarginContainer 52[0m
[lb]frameprofile] 601 frames: p50 6.9 p95 15.1 p99 27.4 p99.9 64.6ms (max 103.8) | 8 EXTERNAL, 1 ASSET-BUILD, 4 PIPELINE-COMPILE, 22 VSYNC/PRESENT, 4 CPU-LOGIC, 2 MIXED | alloc 87MB/s heap 458.3MB | proc 2.9 gpu 1.0[0m
[lb]frameprofile] ms/frame: ng.process 1.9  server.tick 1.5  sim.move 1.0  proc:other 0.7  move.in 0.7  bot.think 0.7  bot.strategy 0.6  cw.process 0.3  net.send 0.3  move.pm 0.2[0m
[portal] 'Portal_0' facing=True onScreen=True -> RENDER near=144.70 size=(512, 384) camQ=<1281.1401, 428.1144, 27.03125> inO=<1216, 208, 32> inF=<-4.371139E-08, 1, 0>
[portal] 'Portal_1' facing=False onScreen=True -> off near=0.05 size=(512, 384) camQ=<1281.1401, 428.1144, 27.03125> inO=<-592, 224, 80> inF=<-1, -8.742278E-08, 0>
[wzview] predicted snap -> <5.100006, 150.59995, 0>
[wz] cross client=True 'player' o <1195.2344, 203.30103, -7.968751>-><-596.699, 244.76562, 40.03125> v <-225.8318, -388.24915, 0>-><-388.24918, 225.83179, 0> a <5.100006, 150.59995, 0>-><5.100006, 60.59995, 0> | in o=<1216, 208, 32> f=<-4.371139E-08, 1, 0> | out o=<-592, 224, 80> f=<-1, -8.742278E-08, 0>
[wzview] authoritative snap -> <5.100006, 60.59995, 0>
[portal] 'Portal_0' facing=True onScreen=True -> RENDER near=787.00 size=(512, 384) camQ=<-656.7678, 319.93524, 75.01196> inO=<1216, 208, 32> inF=<-4.371139E-08, 1, 0>
[portal] 'Portal_1' facing=True onScreen=True -> RENDER near=0.05 size=(512, 384) camQ=<-656.7678, 319.93524, 75.01196> inO=<-592, 224, 80> inF=<-1, -8.742278E-08, 0>
[lb]hitch VSYNC/PRESENT ×4] 16.5–18.8ms over 1.0s (med 6.9) — present/vsync-bound (rest 13.3ms, gpu 1.3ms)[0m
[portal] 'Portal_0' facing=True onScreen=True -> RENDER near=1673.12 size=(512, 384) camQ=<-681.9926, 279.5299, 75.127266> inO=<1216, 208, 32> inF=<-4.371139E-08, 1, 0>
[portal] 'Portal_1' facing=True onScreen=True -> RENDER near=71.85 size=(512, 384) camQ=<-681.9926, 279.5299, 75.127266> inO=<-592, 224, 80> inF=<-1, -8.742278E-08, 0>
[wzview] predicted snap -> <9.450012, 76.94995, 0>
[wz] cross client=True 'player' o <-587.0075, 206.48958, 40.18295>-><1233.5104, 212.9925, -7.817047> v <324.39044, -57.661617, 0.058378994>-><57.66163, 324.39044, 0.058378994> a <9.450012, 76.94995, 0>-><9.450012, 166.94994, 0> | in o=<-592, 224, 80> f=<-1, -8.742278E-08, 0> | out o=<1216, 208, 32> f=<-4.371139E-08, 1, 0>
[wzview] authoritative snap -> <9.450012, 166.94994, 0>
[portal] 'Portal_0' facing=True onScreen=False -> off near=0.05 size=(512, 384) camQ=<1146.2626, 388.78305, 27.012331> inO=<1216, 208, 32> inF=<-4.371139E-08, 1, 0>
[portal] 'Portal_1' facing=False onScreen=True -> off near=0.05 size=(512, 384) camQ=<1146.2626, 388.78305, 27.012331> inO=<-592, 224, 80> inF=<-1, -8.742278E-08, 0>
[lb]hitch EXTERNAL] 35.8ms (1 dropped @60Hz) (med 7.1, ×5.0) — rest-dominated, game-side quiet — OS/compositor/driver | proc 3.2 rcpu 0.5 gpu 0.8 rest 32.1 | alloc 40KB | ticks 2, remote.ents 38 | watchdog: 12/17 samples in 'bot.strategy'[0m
[lb]hitch]   gpu: draws 403, pipeline compiles +0, vram 3329MB[0m
[lb]hitch]   prev: 6.1 6.1 6.1 6.3 6.3 6.3 6.3 6.3[0m
[lb]hitch VSYNC/PRESENT] 16.7ms (med 7.1, ×2.3) — present/vsync-bound (rest 13.2ms, gpu 0.8ms) | proc 3.0 rcpu 0.5 gpu 0.8 rest 13.2 | alloc 155KB | ticks 2, remote.ents 38[0m
[wzview] predicted snap -> <6.3750305, 169.125, 0>
[wz] cross client=True 'player' o <1196.3307, 205.53558, -7.987669>-><-594.4644, 243.66931, 40.01233> v <97.45676, -360.03076, 0>-><-360.03076, -97.45677, 0> a <6.3750176, 259.125, 0>-><6.3750305, 169.125, 0> | in o=<1216, 208, 32> f=<-4.371139E-08, 1, 0> | out o=<-592, 224, 80> f=<-1, -8.742278E-08, 0>
[wzview] authoritative skip (predicted already applied) -> <6.3750305, 169.125, 0>
[portal] 'Portal_0' facing=True onScreen=False -> off near=0.05 size=(512, 384) camQ=<-615.76013, 239.15009, 75.01233> inO=<1216, 208, 32> inF=<-4.371139E-08, 1, 0>
[portal] 'Portal_1' facing=True onScreen=False -> off near=0.05 size=(512, 384) camQ=<-615.76013, 239.15009, 75.01233> inO=<-592, 224, 80> inF=<-1, -8.742278E-08, 0>
[lb]frameprofile] scene: nodes 2916 objs-drawn 1741 draws 226 vram 3330MB[0m
[lb]frameprofile] census: Label 876  HBoxContainer 218  Control 157  Dependent 113  Button 110  CvarCheckBox 104  VBoxContainer 78  HSlider 62  CvarSlider 58  MarginContainer 52[0m
[lb]frameprofile] 683 frames: p50 7.1 p95 8.4 p99 12.4 p99.9 24.4ms (max 35.8) | 1 EXTERNAL, 5 VSYNC/PRESENT | alloc 6MB/s heap 456.9MB | proc 2.9 gpu 3.2[0m
[lb]frameprofile] ms/frame: ng.process 1.2  server.tick 0.8  proc:other 0.6  cw.process 0.6  sim.move 0.5  cw.players 0.5  move.in 0.2  net.send 0.2  bot.think 0.2  bot.strategy 0.2[0m
[portal] 'Portal_0' facing=True onScreen=True -> RENDER near=1620.63 size=(512, 384) camQ=<-639.688, 221.47536, 75.01233> inO=<1216, 208, 32> inF=<-4.371139E-08, 1, 0>
[portal] 'Portal_1' facing=True onScreen=True -> RENDER near=15.74 size=(512, 384) camQ=<-639.688, 221.47536, 75.01233> inO=<-592, 224, 80> inF=<-1, -8.742278E-08, 0>
[wzview] predicted snap -> <3.3000183, 116.85002, 0>
[wz] cross client=True 'player' o <-585.01807, 207.75354, 40.01233>-><1232.2465, 214.98193, -7.987671> v <336.9152, -7.183071, 0>-><7.183086, 336.9152, 0> a <3.3000183, 117.000015, 0>-><3.3000183, -152.99997, 0> | in o=<-592, 224, 80> f=<-1, -8.742278E-08, 0> | out o=<1216, 208, 32> f=<-4.371139E-08, 1, 0>
[wzview] authoritative snap -> <3.3000183, -152.99997, 0>
[lb]hitch VSYNC/PRESENT ×3] 16.2–24.3ms over 0.7s (med 7.4) — present/vsync-bound (rest 13.2ms, gpu 0.8ms)[0m
[lb]hitch PIPELINE-COMPILE] 32.2ms (1 dropped @60Hz) (med 7.4, ×4.3) — 1 pipeline compile(s) — SYNC[lb]surface+0 draw+0] async[lb]mesh+0 spec+0] canvas+1 | proc 3.3 rcpu 0.5 gpu 0.5 rest 28.4 | alloc 32KB | ticks 3, remote.ents 23[0m
[lb]hitch]   gpu: draws 583, pipeline compiles +1 — SYNC[lb]surface+0 draw+0] async[lb]mesh+0 spec+0] canvas+1, vram 3333MB[0m
[lb]hitch]   prev: 6.7 6.7 6.7 6.7 6.7 6.7 6.7 13.2[0m
[lb]hitch CPU-LOGIC] 16.7ms (med 7.4, ×2.3) — ng.process 13.4ms (typ 2.0ms, 7× over) | proc 14.3 rcpu 1.0 gpu 0.7 rest 1.4 | alloc 162KB | ticks 1, remote.ents 23 | watchdog: 4/5 samples in 'bot.path'[0m
[lb]hitch VSYNC/PRESENT] 16.7ms (med 7.4, ×2.3) — present/vsync-bound (rest 13.7ms, gpu 0.5ms) | proc 2.2 rcpu 0.7 gpu 0.5 rest 13.7 | alloc 40KB | ticks 1, remote.ents 23 | watchdog: 4/9 samples in 'bot.path'[0m
[portal] 'Portal_0' facing=True onScreen=True -> RENDER near=0.05 size=(512, 384) camQ=<1136.0312, 277.3596, 27.01233> inO=<1216, 208, 32> inF=<-4.371139E-08, 1, 0>
[portal] 'Portal_1' facing=False onScreen=True -> off near=0.05 size=(512, 384) camQ=<1136.0312, 277.3596, 27.01233> inO=<-592, 224, 80> inF=<-1, -8.742278E-08, 0>
[lb]hitch VSYNC/PRESENT ×2] 16.4–16.7ms over 0.0s (med 7.4) — present/vsync-bound (rest 13.7ms, gpu 0.5ms)[0m
[lb]hitch EXTERNAL] 136.8ms (7 dropped @60Hz) (med 7.4, ×18.5) — rest-dominated, game-side quiet — OS/compositor/driver | proc 4.1 rcpu 0.6 gpu 0.5 rest 132.2 | alloc 40KB | ticks 3, remote.ents 24 | watchdog: 44/78 samples in 'bot.path'[0m
[lb]hitch]   gpu: draws 678, pipeline compiles +0, vram 3336MB[0m
[lb]hitch]   prev: 6.7 6.7 6.8 6.9 7.0 6.9 6.9 7.0[0m
[lb]hitch VSYNC/PRESENT] 15.8ms (med 7.4, ×2.1) — present/vsync-bound (rest 12.2ms, gpu 0.5ms) | proc 2.9 rcpu 0.7 gpu 0.5 rest 12.2 | alloc 32KB | ticks 2, remote.ents 24[0m
[lb]hitch EXTERNAL] 60.4ms (3 dropped @60Hz) (med 6.7, ×9.1) — rest-dominated, game-side quiet — OS/compositor/driver | proc 4.3 rcpu 0.6 gpu 0.8 rest 55.5 | alloc 40KB | ticks 3, remote.ents 24 | watchdog: 22/31 samples in 'bot.strategy'[0m
[lb]hitch]   gpu: draws 659, pipeline compiles +0, vram 3336MB[0m
[lb]hitch]   prev: 6.7 6.7 6.7 6.8 8.2 6.9 6.9 6.9[0m
[lb]hitch VSYNC/PRESENT] 12.6ms (med 6.7, ×1.9) — present/vsync-bound (rest 9.2ms, gpu 1.2ms) | proc 2.8 rcpu 0.7 gpu 1.2 rest 9.2 | alloc 164KB | ticks 2, remote.ents 24 | watchdog: 4/4 samples in '(unscoped)'[0m
[portal] 'Portal_0' facing=True onScreen=True -> RENDER near=0.05 size=(512, 384) camQ=<1136.0312, 277.3596, 27.01233> inO=<1216, 208, 32> inF=<-4.371139E-08, 1, 0>
[portal] 'Portal_1' facing=False onScreen=True -> off near=0.05 size=(512, 384) camQ=<1136.0312, 277.3596, 27.01233> inO=<-592, 224, 80> inF=<-1, -8.742278E-08, 0>
[lb]hitch EXTERNAL] 35.8ms (1 dropped @60Hz) (med 6.7, ×5.4) — rest-dominated, game-side quiet — OS/compositor/driver | proc 3.5 rcpu 0.6 gpu 0.8 rest 31.7 | alloc 32KB | ticks 3, remote.ents 24 | watchdog: 12/21 samples in 'bot.strategy'[0m
[lb]hitch VSYNC/PRESENT] 14.7ms (med 6.7, ×2.2) — present/vsync-bound (rest 9.5ms, gpu 0.8ms) | proc 4.4 rcpu 0.8 gpu 0.8 rest 9.5 | alloc 48KB | ticks 1, remote.ents 24 | watchdog: 4/4 samples in '(unscoped)'[0m
[lb]hitch VSYNC/PRESENT ×3] 13.0–16.7ms over 0.0s (med 6.7) — present/vsync-bound (rest 9.5ms, gpu 0.8ms)[0m
[lb]hitch EXTERNAL] 41.0ms (1 dropped @60Hz) (med 6.7, ×6.2) — rest-dominated, game-side quiet — OS/compositor/driver | proc 3.1 rcpu 0.6 gpu 0.9 rest 37.3 | alloc 48KB | ticks 3, remote.ents 24 | watchdog: 10/23 samples in 'bot.strategy'[0m
[lb]hitch]   gpu: draws 572, pipeline compiles +0, vram 3336MB[0m
[lb]hitch]   prev: 6.9 6.9 6.9 6.9 6.9 6.9 6.9 6.9[0m
[lb]hitch VSYNC/PRESENT] 16.7ms (med 6.7, ×2.5) — present/vsync-bound (rest 13.1ms, gpu 0.9ms) | proc 2.7 rcpu 0.9 gpu 0.9 rest 13.1 | alloc 185KB | ticks 1, remote.ents 24 | watchdog: 3/3 samples in '(unscoped)'[0m
[portal] 'Portal_0' facing=True onScreen=True -> RENDER near=0.05 size=(512, 384) camQ=<1136.0312, 277.3596, 27.01233> inO=<1216, 208, 32> inF=<-4.371139E-08, 1, 0>
[portal] 'Portal_1' facing=False onScreen=True -> off near=0.05 size=(512, 384) camQ=<1136.0312, 277.3596, 27.01233> inO=<-592, 224, 80> inF=<-1, -8.742278E-08, 0>
[lb]hitch VSYNC/PRESENT ×2] 12.5–16.7ms over 0.0s (med 6.9) — present/vsync-bound (rest 13.1ms, gpu 0.9ms)[0m
[lb]hitch EXTERNAL] 42.9ms (2 dropped @60Hz) (med 6.9, ×6.2) — rest-dominated, game-side quiet — OS/compositor/driver | proc 3.8 rcpu 0.5 gpu 0.6 rest 38.5 | alloc 48KB | ticks 3, remote.ents 24 | watchdog: 17/27 samples in 'bot.path'[0m
[lb]hitch]   gpu: draws 396, pipeline compiles +0, vram 3336MB[0m
[lb]hitch]   prev: 7.1 7.1 7.1 8.5 7.4 7.4 7.4 7.4[0m
[lb]hitch VSYNC/PRESENT] 16.7ms (med 6.9, ×2.4) — present/vsync-bound (rest 13.5ms, gpu 0.6ms) | proc 2.7 rcpu 0.5 gpu 0.6 rest 13.5 | alloc 185KB | ticks 1, remote.ents 24 | watchdog: 3/3 samples in '(unscoped)'[0m
[portal] 'Portal_0' facing=True onScreen=True -> RENDER near=0.05 size=(512, 384) camQ=<1153.0366, 240.03125, 27.01233> inO=<1216, 208, 32> inF=<-4.371139E-08, 1, 0>
[portal] 'Portal_1' facing=False onScreen=True -> off near=0.05 size=(512, 384) camQ=<1153.0366, 240.03125, 27.01233> inO=<-592, 224, 80> inF=<-1, -8.742278E-08, 0>
[lb]hitch VSYNC/PRESENT ×2] 16.7–16.7ms over 0.0s (med 6.7) — present/vsync-bound (rest 13.5ms, gpu 0.6ms)[0m
[lb]hitch EXTERNAL] 53.1ms (2 dropped @60Hz) (med 6.7, ×7.9) — rest-dominated, game-side quiet — OS/compositor/driver | proc 5.4 rcpu 0.5 gpu 0.6 rest 47.2 | alloc 48KB | ticks 3, remote.ents 24 | watchdog: 16/29 samples in 'bot.strategy'[0m
[lb]hitch VSYNC/PRESENT] 16.7ms (med 6.7, ×2.5) — present/vsync-bound (rest 13.1ms, gpu 0.6ms) | proc 3.2 rcpu 0.5 gpu 0.6 rest 13.1 | alloc 72KB | ticks 2, remote.ents 24[0m
[lb]hitch]   gpu: draws 395, pipeline compiles +0, vram 3331MB[0m
[lb]hitch]   prev: 6.7 6.7 6.7 6.7 6.7 6.7 6.9 53.1[0m
[lb]hitch EXTERNAL] 59.3ms (3 dropped @60Hz) (med 6.7, ×8.8) — rest-dominated, game-side quiet — OS/compositor/driver | proc 3.7 rcpu 0.5 gpu 0.6 rest 55.2 | alloc 48KB | ticks 3, remote.ents 24 | watchdog: 19/31 samples in 'bot.strategy'[0m
[lb]hitch VSYNC/PRESENT] 16.7ms (med 6.7, ×2.5) — present/vsync-bound (rest 12.5ms, gpu 0.6ms) | proc 3.7 rcpu 0.5 gpu 0.6 rest 12.5 | alloc 48KB | ticks 2, remote.ents 24[0m
[lb]frameprofile] scene: nodes 2892 objs-drawn 1865 draws 398 vram 3331MB[0m
[lb]frameprofile] census: Label 876  HBoxContainer 218  Control 157  Dependent 113  Button 110  CvarCheckBox 104  VBoxContainer 78  HSlider 62  CvarSlider 58  MarginContainer 52[0m
[lb]frameprofile] 651 frames: p50 6.6 p95 9.6 p99 32.1 p99.9 60.4ms (max 136.8) | 7 EXTERNAL, 1 PIPELINE-COMPILE, 13 VSYNC/PRESENT, 1 CPU-LOGIC | alloc 5MB/s heap 456.6MB | proc 2.3 gpu 0.6[0m
[lb]frameprofile] ms/frame: ng.process 1.7  server.tick 1.3  sim.move 0.9  move.in 0.7  bot.think 0.7  bot.strategy 0.6  proc:other 0.6  cw.process 0.5  cw.players 0.3  bot.path 0.2[0m
[portal] 'Portal_0' facing=True onScreen=True -> RENDER near=186.74 size=(512, 384) camQ=<1247.3676, 453.64804, 27.01233> inO=<1216, 208, 32> inF=<-4.371139E-08, 1, 0>
[portal] 'Portal_1' facing=False onScreen=True -> off near=0.05 size=(512, 384) camQ=<1247.3676, 453.64804, 27.01233> inO=<-592, 224, 80> inF=<-1, -8.742278E-08, 0>
[lb]hitch EXTERNAL] 38.1ms (1 dropped @60Hz) (med 6.9, ×5.5) — rest-dominated, game-side quiet — OS/compositor/driver | proc 3.8 rcpu 0.5 gpu 0.6 rest 33.8 | alloc 48KB | ticks 3, remote.ents 38 | watchdog: 13/31 samples in 'bot.path'[0m
[lb]hitch]   gpu: draws 500, pipeline compiles +0, vram 3332MB[0m
[lb]hitch]   prev: 7.4 6.9 6.9 7.0 6.8 7.0 7.4 7.2[0m
[lb]hitch VSYNC/PRESENT] 16.7ms (med 6.9, ×2.4) — present/vsync-bound (rest 13.4ms, gpu 0.8ms) | proc 2.8 rcpu 0.5 gpu 0.8 rest 13.4 | alloc 188KB | ticks 1, remote.ents 38 | watchdog: 3/3 samples in '(unscoped)'[0m
[lb]hitch EXTERNAL] 34.0ms (1 dropped @60Hz) (med 6.9, ×4.9) — rest-dominated, game-side quiet — OS/compositor/driver | proc 3.3 rcpu 0.6 gpu 0.6 rest 30.2 | alloc 48KB | ticks 2, remote.ents 39 | watchdog: 6/14 samples in 'bot.path'[0m
[lb]hitch]   gpu: draws 483, pipeline compiles +0, vram 3333MB[0m
[lb]hitch]   events: [lb]-3f] anim cache HIT models/player/gakmasked.iqm; [lb]-2f] stream: player model models/player/gakmasked.iqm (parse) built (0.0ms); [lb]-1f] stream: player model models/player/gakmasked.iqm tex textures/gakfullbright built (0.0ms); [lb]-1f] stream: player model models/player/gakmasked.iqm tex textures/gakfullbright_norm built (0.0ms); [lb]-1f] stream: player model models/player/gakmasked.iqm tex textures/gakfullbright_gloss built (0.0ms); [lb]-1f] stream: player model models/player/gakmasked.iqm tex textures/gakfullbright_glow built (0.0ms); [lb]-1f] stream: player model models/player/gakmasked.iqm tex textures/gakfullbright_reflect built (0.0ms); [lb]-1f] stream: player model models/player/gakmasked.iqm tex textures/gakfullbright_shirt built (0.0ms); [lb]-1f] stream: player model models/player/gakmasked.iqm tex textures/gakfullbright_pants built (0.0ms); [lb]-1f] stream: player model models/player/gakmasked.iqm tex textures/gakarmorfb built (0.0ms); [lb]-1f] stream: player model models/player/gakmasked.iqm tex textures/gakarmorfb_norm built (0.0ms); [lb]-1f] stream: player model models/player/gakmasked.iqm tex textures/gakarmorfb_gloss built (0.0ms); [lb]-1f] stream: player model models/player/gakmasked.iqm tex textures/gakarmorfb_glow built (0.0ms); [lb]-1f] stream: player model models/player/gakmasked.iqm tex textures/gakarmorfb_reflect built (0.0ms); [lb]-1f] stream: player model models/player/gakmasked.iqm tex textures/gakarmorfb_shirt built (0.0ms); [lb]-1f] stream: player model models/player/gakmasked.iqm tex textures/gakarmorfb_pants built (1.7ms)[0m
[lb]hitch]   prev: 6.7 6.7 6.7 6.7 6.7 6.9 6.9 6.9[0m
[lb]hitch VSYNC/PRESENT] 16.7ms (med 6.9, ×2.4) — present/vsync-bound (rest 12.3ms, gpu 0.6ms) | proc 3.7 rcpu 0.6 gpu 0.6 rest 12.3 | alloc 255KB | ticks 2, remote.ents 39 | watchdog: 4/4 samples in '(unscoped)'[0m
[portal] 'Portal_0' facing=True onScreen=True -> RENDER near=237.61 size=(512, 384) camQ=<1351.795, 457.8579, 27.01233> inO=<1216, 208, 32> inF=<-4.371139E-08, 1, 0>
[portal] 'Portal_1' facing=False onScreen=True -> off near=0.05 size=(512, 384) camQ=<1351.795, 457.8579, 27.01233> inO=<-592, 224, 80> inF=<-1, -8.742278E-08, 0>
[lb]hitch VSYNC/PRESENT ×2] 13.6–16.7ms over 0.0s (med 6.9) — present/vsync-bound (rest 12.3ms, gpu 0.6ms)[0m
[lb]hitch EXTERNAL] 31.0ms (1 dropped @60Hz) (med 6.9, ×4.5) — rest-dominated, game-side quiet — OS/compositor/driver | proc 3.6 rcpu 0.8 gpu 0.6 rest 26.6 | alloc 48KB | ticks 2, remote.ents 38 | watchdog: 8/18 samples in 'bot.path'[0m
[lb]hitch]   gpu: draws 282, pipeline compiles +0, vram 3332MB[0m
[lb]hitch]   prev: 4.5 5.4 6.7 6.7 6.7 6.7 6.7 6.3[0m
[lb]hitch VSYNC/PRESENT] 14.7ms (med 6.9, ×2.1) — present/vsync-bound (rest 9.7ms, gpu 0.6ms) | proc 4.2 rcpu 0.7 gpu 0.6 rest 9.7 | alloc 48KB | ticks 1, remote.ents 39[0m
[lb]hitch EXTERNAL] 139.0ms (7 dropped @60Hz) (med 7.1, ×19.5) — rest-dominated, game-side quiet — OS/compositor/driver | proc 4.3 rcpu 0.8 gpu 0.6 rest 133.9 | alloc 48KB | ticks 3, remote.ents 39 | watchdog: 41/85 samples in 'bot.strategy'[0m
[lb]hitch VSYNC/PRESENT] 18.9ms (med 7.1, ×2.6) — present/vsync-bound (rest 11.6ms, gpu 0.6ms) | proc 6.4 rcpu 0.8 gpu 0.6 rest 11.6 | alloc 80KB | ticks 3, remote.ents 40 | watchdog: 6/6 samples in '(unscoped)'[0m
[portal] 'Portal_0' facing=True onScreen=False -> off near=30.76 size=(512, 384) camQ=<927.6356, 510.18433, 39.79119> inO=<1216, 208, 32> inF=<-4.371139E-08, 1, 0>
[portal] 'Portal_1' facing=False onScreen=True -> off near=0.05 size=(512, 384) camQ=<927.6356, 510.18433, 39.79119> inO=<-592, 224, 80> inF=<-1, -8.742278E-08, 0>
[lb]hitch VSYNC/PRESENT ×2] 14.3–18.9ms over 0.0s (med 7.4) — present/vsync-bound (rest 11.6ms, gpu 0.6ms)[0m
[lb]hitch EXTERNAL] 53.5ms (2 dropped @60Hz) (med 7.4, ×7.2) — rest-dominated, game-side quiet — OS/compositor/driver | proc 5.6 rcpu 0.7 gpu 0.6 rest 47.2 | alloc 40KB | ticks 3, remote.ents 40 | watchdog: 13/31 samples in 'bot.path'[0m
[lb]hitch]   gpu: draws 251, pipeline compiles +0, vram 3333MB[0m
[lb]hitch]   prev: 7.8 7.6 7.6 7.6 7.6 7.6 8.2 7.6[0m
[lb]hitch VSYNC/PRESENT] 18.4ms (med 7.4, ×2.5) — present/vsync-bound (rest 14.6ms, gpu 0.6ms) | proc 3.0 rcpu 0.7 gpu 0.6 rest 14.6 | alloc 148KB | ticks 2, remote.ents 40 | watchdog: 5/5 samples in '(unscoped)'[0m
[lb]hitch CPU-LOGIC] 16.8ms (med 6.9, ×2.4) — ng.process 28.7ms (typ 2.5ms, 11× over) | proc 16.8 rcpu 0.6 gpu 0.8 rest 0.0 | alloc 88KB | ticks 1, remote.ents 25 | watchdog: 11/16 samples in 'bot.strategy'[0m
[lb]hitch]   gpu: draws 181, pipeline compiles +0, vram 3333MB[0m
[lb]hitch]   events: [lb]-1f] anim cache HIT models/player/erebus.iqm; [lb]-1f] anim cache HIT models/player/ignismasked.iqm; stream: player model models/player/erebus.iqm (parse) built (0.0ms); stream: player model models/player/ignismasked.iqm (parse) built (0.0ms)[0m
[lb]hitch]   prev: 7.2 7.8 7.1 6.5 6.9 6.9 6.9 6.9[0m
[lb]hitch EXTERNAL] 47.2ms (2 dropped @60Hz) (med 6.9, ×6.8) — rest-dominated, game-side quiet — OS/compositor/driver | proc 7.4 rcpu 0.8 gpu 0.8 rest 39.0 | alloc 199KB | ticks 3, remote.ents 25[0m
[lb]hitch VSYNC/PRESENT] 15.2ms (med 6.9, ×2.2) — present/vsync-bound (rest 8.9ms, gpu 0.8ms) | proc 5.6 rcpu 0.6 gpu 0.8 rest 8.9 | alloc 80KB | ticks 2, remote.ents 25 | watchdog: 6/6 samples in '(unscoped)'[0m
[portal] 'Portal_0' facing=True onScreen=True -> RENDER near=497.48 size=(512, 384) camQ=<954.48773, 942.9184, 245.89227> inO=<1216, 208, 32> inF=<-4.371139E-08, 1, 0>
[portal] 'Portal_1' facing=False onScreen=True -> off near=0.05 size=(512, 384) camQ=<954.48773, 942.9184, 245.89227> inO=<-592, 224, 80> inF=<-1, -8.742278E-08, 0>
[lb]hitch VSYNC/PRESENT ×3] 15.1–21.5ms over 0.3s (med 7.1) — present/vsync-bound (rest 8.9ms, gpu 0.8ms)[0m
[lb]hitch MIXED] 28.5ms (1 dropped @60Hz) (med 7.1, ×4.0) — mixed — ng.process 12.4ms | proc 14.2 rcpu 0.4 gpu 0.9 rest 13.9 | alloc 40KB | ticks 2, remote.ents 65 | watchdog: 3/6 samples in 'bot.path'[0m
[lb]hitch]   gpu: draws 434, pipeline compiles +0, vram 3335MB[0m
[lb]hitch]   prev: 8.3 8.3 8.3 8.3 8.3 8.3 8.3 8.2[0m
[lb]hitch VSYNC/PRESENT] 22.9ms (med 7.1, ×3.2) — present/vsync-bound (rest 19.2ms, gpu 0.9ms) | proc 3.2 rcpu 0.4 gpu 0.9 rest 19.2 | alloc 177KB | ticks 1, remote.ents 65 | watchdog: 6/11 samples in '(unscoped)'[0m
[lb]hitch VSYNC/PRESENT ×2] 16.7–22.9ms over 0.0s (med 7.1) — present/vsync-bound (rest 19.2ms, gpu 0.9ms)[0m
[lb]hitch CPU-LOGIC] 16.7ms (med 7.1, ×2.3) — ng.process 7.8ms | proc 9.5 rcpu 0.4 gpu 0.9 rest 6.7 | alloc 40KB | ticks 1, remote.ents 65 | watchdog: 1/3 samples in 'bot.path'[0m
[lb]hitch VSYNC/PRESENT] 16.7ms (med 7.1, ×2.3) — present/vsync-bound (rest 11.1ms, gpu 0.9ms) | proc 5.1 rcpu 0.5 gpu 0.9 rest 11.1 | alloc 68KB | ticks 1, remote.ents 64 | watchdog: 5/7 samples in '(unscoped)'[0m
[lb]hitch MIXED] 14.1ms (med 7.1, ×2.0) — mixed — cev.process 3.6ms | proc 6.4 rcpu 0.5 gpu 0.9 rest 7.2 | alloc 136KB | ticks 1, remote.ents 42 | watchdog: 3/3 samples in '(unscoped)'[0m
[lb]hitch VSYNC/PRESENT] 14.7ms (med 7.1, ×2.1) — present/vsync-bound (rest 11.0ms, gpu 1.0ms) | proc 3.2 rcpu 0.4 gpu 1.0 rest 11.0 | alloc 64KB | ticks 1, remote.ents 42 | watchdog: 6/6 samples in '(unscoped)'[0m
[portal] 'Portal_0' facing=True onScreen=True -> RENDER near=269.06 size=(512, 384) camQ=<1146.4639, 626.26013, 68.96088> inO=<1216, 208, 32> inF=<-4.371139E-08, 1, 0>
[portal] 'Portal_1' facing=False onScreen=True -> off near=0.05 size=(512, 384) camQ=<1146.4639, 626.26013, 68.96088> inO=<-592, 224, 80> inF=<-1, -8.742278E-08, 0>
[lb]frameprofile] scene: nodes 2956 objs-drawn 1781 draws 364 vram 3333MB[0m
[lb]frameprofile] census: Label 876  HBoxContainer 218  Control 157  Dependent 113  Button 110  CvarCheckBox 104  VBoxContainer 78  HSlider 62  CvarSlider 58  MeshInstance3D 53[0m
[lb]frameprofile] 593 frames: p50 7.1 p95 12.4 p99 28.4 p99.9 53.4ms (max 139.0) | 6 EXTERNAL, 16 VSYNC/PRESENT, 2 CPU-LOGIC, 2 MIXED | alloc 5MB/s heap 457.4MB | proc 2.9 gpu 1.9[0m
[lb]frameprofile] ms/frame: ng.process 1.8  server.tick 1.4  sim.move 1.0  move.in 0.8  bot.think 0.8  bot.strategy 0.7  proc:other 0.6  cw.process 0.5  cw.players 0.4  bot.path 0.3[0m
[lb]hitch VSYNC/PRESENT ×3] 13.6–17.1ms over 0.4s (med 7.7) — present/vsync-bound (rest 11.0ms, gpu 1.0ms)[0m
[portal] 'Portal_0' facing=True onScreen=True -> RENDER near=156.63 size=(512, 384) camQ=<1344.011, 495.5556, 43.427284> inO=<1216, 208, 32> inF=<-4.371139E-08, 1, 0>
[portal] 'Portal_1' facing=False onScreen=True -> off near=0.05 size=(512, 384) camQ=<1344.011, 495.5556, 43.427284> inO=<-592, 224, 80> inF=<-1, -8.742278E-08, 0>
[lb]hitch VSYNC/PRESENT] 24.3ms (med 7.6, ×3.2) — present/vsync-bound (rest 20.8ms, gpu 0.6ms) | proc 3.0 rcpu 0.5 gpu 0.6 rest 20.8 | alloc 40KB | ticks 1, remote.ents 39 | watchdog: 6/16 samples in 'bot.strategy'[0m
[lb]hitch]   gpu: draws 348, pipeline compiles +0, vram 3333MB[0m
[lb]hitch]   prev: 6.9 6.9 8.1 6.9 6.9 6.9 6.9 6.9[0m
[portal] 'Portal_0' facing=True onScreen=False -> off near=214.40 size=(512, 384) camQ=<1567.6674, 315.25806, 27.03125> inO=<1216, 208, 32> inF=<-4.371139E-08, 1, 0>
[portal] 'Portal_1' facing=False onScreen=False -> off near=0.05 size=(512, 384) camQ=<1567.6674, 315.25806, 27.03125> inO=<-592, 224, 80> inF=<-1, -8.742278E-08, 0>
[lb]hitch VSYNC/PRESENT] 17.9ms (med 6.9, ×2.6) — present/vsync-bound (rest 14.5ms, gpu 0.6ms) | proc 2.7 rcpu 0.7 gpu 0.6 rest 14.5 | alloc 40KB | ticks 1, remote.ents 36 | watchdog: 6/9 samples in 'bot.strategy'[0m
[lb]hitch]   gpu: draws 242, pipeline compiles +0, vram 3334MB[0m
[lb]hitch]   prev: 6.9 6.9 6.9 6.9 6.9 6.9 6.9 6.9[0m
[portal] 'Portal_0' facing=True onScreen=True -> RENDER near=129.36 size=(512, 384) camQ=<1314.2979, 522.36945, 27.111187> inO=<1216, 208, 32> inF=<-4.371139E-08, 1, 0>
[portal] 'Portal_1' facing=False onScreen=True -> off near=0.05 size=(512, 384) camQ=<1314.2979, 522.36945, 27.111187> inO=<-592, 224, 80> inF=<-1, -8.742278E-08, 0>
[lb]hitch EXTERNAL] 26.1ms (1 dropped @60Hz) (med 6.9, ×3.8) — rest-dominated, game-side quiet — OS/compositor/driver | proc 2.8 rcpu 0.5 gpu 0.9 rest 22.8 | alloc 40KB | ticks 2, remote.ents 40 | watchdog: 10/21 samples in 'bot.strategy'[0m
[lb]hitch]   gpu: draws 478, pipeline compiles +0, vram 3332MB[0m
[lb]hitch]   prev: 7.1 7.1 7.1 7.1 7.1 7.1 7.1 7.1[0m
[wzview] predicted snap -> <6.450012, 176.39989, 0>
[portal] 'Portal_0' facing=True onScreen=True -> RENDER near=0.05 size=(512, 384) camQ=<-595.1601, 225.12158, 116.83966> inO=<1216, 208, 32> inF=<-4.371139E-08, 1, 0>
[portal] 'Portal_1' facing=True onScreen=True -> RENDER near=0.05 size=(512, 384) camQ=<-595.1601, 225.12158, 116.83966> inO=<-592, 224, 80> inF=<-1, -8.742278E-08, 0>
[wz] cross client=True 'player' o <1214.8784, 204.83992, 33.83966>-><-595.1601, 225.12158, 81.83966> v <-25.110249, -419.54294, -28.888607>-><-419.54294, 25.110231, -28.888607> a <6.450012, 176.39989, 0>-><6.450012, 86.39988, 0> | in o=<1216, 208, 32> f=<-4.371139E-08, 1, 0> | out o=<-592, 224, 80> f=<-1, -8.742278E-08, 0>
[wzview] authoritative snap -> <6.450012, 86.39988, 0>
[lb]hitch EXTERNAL] 38.1ms (1 dropped @60Hz) (med 6.9, ×5.5) — rest-dominated, game-side quiet — OS/compositor/driver | proc 3.2 rcpu 0.4 gpu 1.0 rest 34.5 | alloc 40KB | ticks 3, remote.ents 19 | watchdog: 9/21 samples in 'bot.path'[0m
[lb]hitch]   gpu: draws 678, pipeline compiles +0, vram 3334MB[0m
[lb]hitch]   prev: 7.4 7.4 7.4 7.4 7.4 7.4 7.4 7.4[0m
[lb]hitch VSYNC/PRESENT] 16.7ms (med 6.9, ×2.4) — present/vsync-bound (rest 13.6ms, gpu 1.0ms) | proc 2.7 rcpu 0.4 gpu 1.0 rest 13.6 | alloc 146KB | ticks 1, remote.ents 18 | watchdog: 4/4 samples in '(unscoped)'[0m
[lb]hitch EXTERNAL] 78.4ms (4 dropped @60Hz) (med 6.9, ×11.3) — rest-dominated, game-side quiet — OS/compositor/driver | proc 2.8 rcpu 0.4 gpu 1.4 rest 75.2 | alloc 40KB | ticks 3, remote.ents 18 | watchdog: 22/41 samples in 'bot.strategy'[0m
[lb]hitch]   gpu: draws 633, pipeline compiles +0, vram 3333MB[0m
[lb]hitch]   prev: 6.9 6.9 6.9 6.9 6.8 6.9 6.9 6.9[0m
[lb]hitch VSYNC/PRESENT] 17.4ms (med 6.9, ×2.5) — present/vsync-bound (rest 14.0ms, gpu 0.9ms) | proc 3.0 rcpu 0.4 gpu 0.9 rest 14.0 | alloc 178KB | ticks 3, remote.ents 18 | watchdog: 3/3 samples in '(unscoped)'[0m
[portal] 'Portal_0' facing=True onScreen=True -> RENDER near=62.74 size=(512, 384) camQ=<-757.96405, 547.8675, 31.77283> inO=<1216, 208, 32> inF=<-4.371139E-08, 1, 0>
[portal] 'Portal_1' facing=True onScreen=True -> RENDER near=0.05 size=(512, 384) camQ=<-757.96405, 547.8675, 31.77283> inO=<-592, 224, 80> inF=<-1, -8.742278E-08, 0>
[lb]frameprofile] scene: nodes 2930 objs-drawn 1791 draws 372 vram 3335MB[0m
[lb]frameprofile] census: Label 876  HBoxContainer 218  Control 157  Dependent 113  Button 110  CvarCheckBox 104  VBoxContainer 78  HSlider 62  CvarSlider 58  MarginContainer 52[0m
[lb]frameprofile] 683 frames: p50 6.9 p95 8.9 p99 16.1 p99.9 38.1ms (max 78.4) | 3 EXTERNAL, 5 VSYNC/PRESENT | alloc 5MB/s heap 459.6MB | proc 2.7 gpu 1.6[0m
[lb]frameprofile] ms/frame: ng.process 1.3  server.tick 0.9  proc:other 0.6  sim.move 0.5  cw.process 0.4  move.in 0.3  bot.think 0.3  bot.strategy 0.3  cw.players 0.3  net.send 0.2[0m
[lb]hitch VSYNC/PRESENT ×2] 16.1–17.4ms over 0.0s (med 6.9) — present/vsync-bound (rest 14.0ms, gpu 0.9ms)[0m
[lb]hitch EXTERNAL] 56.0ms (2 dropped @60Hz) (med 6.9, ×8.1) — rest-dominated, game-side quiet — OS/compositor/driver | proc 3.6 rcpu 0.4 gpu 0.9 rest 52.0 | alloc 48KB | ticks 3, remote.ents 28 | watchdog: 24/32 samples in 'bot.strategy'[0m
[lb]hitch]   gpu: draws 369, pipeline compiles +0, vram 3335MB[0m
[lb]hitch]   prev: 8.3 8.1 7.8 7.4 7.6 7.6 7.6 7.6[0m
[lb]hitch VSYNC/PRESENT] 15.4ms (med 6.9, ×2.2) — present/vsync-bound (rest 12.1ms, gpu 0.9ms) | proc 2.7 rcpu 0.6 gpu 0.9 rest 12.1 | alloc 32KB | ticks 1, remote.ents 28[0m
[lb]hitch VSYNC/PRESENT ×2] 12.9–15.4ms over 0.0s (med 6.9) — present/vsync-bound (rest 12.1ms, gpu 0.9ms)[0m
[lb]hitch EXTERNAL] 144.2ms (8 dropped @60Hz) (med 6.9, ×20.8) — rest-dominated, game-side quiet — OS/compositor/driver | proc 3.2 rcpu 0.7 gpu 0.9 rest 140.3 | alloc 48KB | ticks 3, remote.ents 33 | watchdog: 71/92 samples in 'bot.strategy'[0m
[lb]hitch VSYNC/PRESENT] 15.1ms (med 6.9, ×2.2) — present/vsync-bound (rest 11.5ms, gpu 0.9ms) | proc 3.0 rcpu 0.5 gpu 0.9 rest 11.5 | alloc 40KB | ticks 3, remote.ents 33[0m
[portal] 'Portal_0' facing=True onScreen=False -> off near=0.05 size=(512, 384) camQ=<-1025.6626, 850.21594, 168.46774> inO=<1216, 208, 32> inF=<-4.371139E-08, 1, 0>
[portal] 'Portal_1' facing=True onScreen=False -> off near=0.05 size=(512, 384) camQ=<-1025.6626, 850.21594, 168.46774> inO=<-592, 224, 80> inF=<-1, -8.742278E-08, 0>
[lb]hitch EXTERNAL] 73.7ms (3 dropped @60Hz) (med 6.9, ×10.7) — rest-dominated, game-side quiet — OS/compositor/driver | proc 6.5 rcpu 0.6 gpu 1.9 rest 66.6 | alloc 40KB | ticks 3, remote.ents 28[0m
[lb]hitch]   gpu: draws 170, pipeline compiles +0, vram 3335MB[0m
[lb]hitch]   prev: 6.7 6.7 6.7 6.7 6.7 6.7 6.7 6.7[0m
[lb]hitch VSYNC/PRESENT] 13.1ms (med 6.9, ×1.9) — present/vsync-bound (rest 8.2ms, gpu 1.9ms) | proc 4.3 rcpu 0.6 gpu 1.9 rest 8.2 | alloc 147KB | ticks 3, remote.ents 28 | watchdog: 4/5 samples in '(unscoped)'[0m
[lb]hitch VSYNC/PRESENT ×2] 12.5–13.1ms over 0.0s (med 6.7) — present/vsync-bound (rest 8.2ms, gpu 1.9ms)[0m
[lb]hitch EXTERNAL] 50.7ms (2 dropped @60Hz) (med 6.7, ×7.6) — rest-dominated, game-side quiet — OS/compositor/driver | proc 3.6 rcpu 0.5 gpu 3.5 rest 46.6 | alloc 40KB | ticks 3, remote.ents 24 | watchdog: 13/26 samples in 'bot.path'[0m
[lb]hitch EXTERNAL ×3] 50.7–139.3ms over 0.5s (med 6.7) — rest-dominated, game-side quiet — OS/compositor/driver[0m
[lb]hitch CPU-LOGIC] 12.3ms (med 6.7, ×1.8) — stream.build 3.4ms | proc 6.9 rcpu 1.4 gpu 0.5 rest 4.0 | alloc 104KB | ticks 3, remote.ents 84[0m
[lb]hitch]   gpu: draws 448, pipeline compiles +0, vram 3338MB[0m
[lb]hitch]   events: [lb]-2f] anim cache HIT models/player/gakmasked.iqm; [lb]-2f] anim cache HIT models/player/ignismasked.iqm; [lb]-2f] anim cache HIT models/player/seraphina.iqm; [lb]-1f] stream: player model models/player/gakmasked.iqm (parse) built (0.0ms); [lb]-1f] stream: player model models/player/ignismasked.iqm (parse) built (0.0ms); [lb]-1f] stream: player model models/player/seraphina.iqm (parse) built (0.0ms); stream: player model models/player/gakmasked.iqm tex textures/gakfullbright built (0.0ms); stream: player model models/player/gakmasked.iqm tex textures/gakfullbright_norm built (0.0ms); stream: player model models/player/gakmasked.iqm tex textures/gakfullbright_gloss built (0.0ms); stream: player model models/player/gakmasked.iqm tex textures/gakfullbright_glow built (0.0ms); stream: player model models/player/gakmasked.iqm tex textures/gakfullbright_reflect built (0.0ms); stream: player model models/player/gakmasked.iqm tex textures/gakfullbright_shirt built (0.0ms); stream: player model models/player/gakmasked.iqm tex textures/gakfullbright_pants built (0.0ms); stream: player model models/player/gakmasked.iqm tex textures/gakarmorfb built (0.0ms); stream: player model models/player/gakmasked.iqm tex textures/gakarmorfb_norm built (0.0ms); stream: player model models/player/gakmasked.iqm tex textures/gakarmorfb_gloss built (0.0ms); stream: player model models/player/gakmasked.iqm tex textures/gakarmorfb_glow built (0.0ms); stream: player model models/player/gakmasked.iqm tex textures/gakarmorfb_reflect built (0.0ms); stream: player model models/player/gakmasked.iqm tex textures/gakarmorfb_shirt built (0.0ms); stream: player model models/player/gakmasked.iqm tex textures/gakarmorfb_pants built (1.7ms); stream: player model models/player/ignismasked.iqm tex textures/ignisfullbright built (0.0ms); stream: player model models/player/ignismasked.iqm tex textures/ignisfullbright_norm built (0.0ms); stream: player model models/player/ignismasked.iqm tex textures/ignisfullbright_gloss built (0.0ms); stream: player model models/player/ignismasked.iqm tex textures/ignisfullbright_glow built (0.0ms); stream: player model models/player/ignismasked.iqm tex textures/ignisfullbright_reflect built (0.0ms); stream: player model models/player/ignismasked.iqm tex textures/ignisfullbright_shirt built (0.0ms); stream: player model models/player/ignismasked.iqm tex textures/ignisfullbright_pants built (0.0ms); stream: player model models/player/ignismasked.iqm tex textures/ignisheadfb built (0.0ms); stream: player model models/player/ignismasked.iqm tex textures/ignisheadfb_norm built (0.0ms); stream: player model models/player/ignismasked.iqm tex textures/ignisheadfb_gloss built (0.0ms); stream: player model models/player/ignismasked.iqm tex textures/ignisheadfb_glow built (0.0ms); stream: player model models/player/ignismasked.iqm tex textures/ignisheadfb_reflect built (0.0ms); stream: player model models/player/ignismasked.iqm tex textures/ignisheadfb_shirt built (0.0ms); stream: player model models/player/ignismasked.iqm tex textures/ignisheadfb_pants built (1.6ms)[0m
[lb]hitch]   prev: 6.7 6.7 6.7 6.7 6.7 6.7 139.3 54.4[0m
[lb]hitch VSYNC/PRESENT] 16.7ms (med 6.7, ×2.5) — present/vsync-bound (rest 10.0ms, gpu 0.5ms) | proc 6.1 rcpu 0.6 gpu 0.5 rest 10.0 | alloc 431KB | ticks 3, remote.ents 84[0m
[lb]hitch VSYNC/PRESENT ×2] 16.7–16.7ms over 0.0s (med 6.7) — present/vsync-bound (rest 10.0ms, gpu 0.5ms)[0m
[lb]hitch MIXED] 12.5ms (med 6.7, ×1.9) — mixed — ng.process 3.1ms | proc 5.2 rcpu 0.5 gpu 1.3 rest 6.8 | alloc 56KB | ticks 3, remote.ents 84 | watchdog: 3/3 samples in '(unscoped)'[0m
[portal] 'Portal_0' facing=True onScreen=True -> RENDER near=659.19 size=(512, 384) camQ=<-1216.1786, 674.05664, 62.198215> inO=<1216, 208, 32> inF=<-4.371139E-08, 1, 0>
[portal] 'Portal_1' facing=True onScreen=True -> RENDER near=410.95 size=(512, 384) camQ=<-1216.1786, 674.05664, 62.198215> inO=<-592, 224, 80> inF=<-1, -8.742278E-08, 0>
[lb]hitch VSYNC/PRESENT] 20.5ms (med 7.6, ×2.7) — present/vsync-bound (rest 16.5ms, gpu 0.6ms) | proc 3.6 rcpu 0.5 gpu 0.6 rest 16.5 | alloc 64KB | ticks 1, remote.ents 85 | watchdog: 9/17 samples in '(unscoped)'[0m
[lb]hitch]   gpu: draws 582, pipeline compiles +0, vram 3339MB[0m
[lb]hitch]   prev: 8.3 8.3 8.3 8.3 8.3 8.3 8.3 8.3[0m
[portal] 'Portal_0' facing=True onScreen=True -> RENDER near=725.27 size=(512, 384) camQ=<-1222.1781, 737.5268, 77.503975> inO=<1216, 208, 32> inF=<-4.371139E-08, 1, 0>
[portal] 'Portal_1' facing=True onScreen=True -> RENDER near=477.03 size=(512, 384) camQ=<-1222.1781, 737.5268, 77.503975> inO=<-592, 224, 80> inF=<-1, -8.742278E-08, 0>
[wzview] authoritative snap -> <0, 135, 0>
[portal] 'Portal_0' facing=False onScreen=False -> off near=740.01 size=(512, 384) camQ=<720, -944, 27.03125> inO=<1216, 208, 32> inF=<-4.371139E-08, 1, 0>
[portal] 'Portal_1' facing=False onScreen=True -> off near=491.77 size=(512, 384) camQ=<720, -944, 27.03125> inO=<-592, 224, 80> inF=<-1, -8.742278E-08, 0>
[lb]hitch VSYNC/PRESENT ×3] 15.7–20.5ms over 1.0s (med 6.9) — present/vsync-bound (rest 16.5ms, gpu 0.6ms)[0m
[lb]hitch EXTERNAL] 51.7ms (2 dropped @60Hz) (med 6.9, ×7.4) — rest-dominated, game-side quiet — OS/compositor/driver | proc 3.9 rcpu 0.8 gpu 0.7 rest 47.0 | alloc 48KB | ticks 3, remote.ents 54 | watchdog: 20/25 samples in 'bot.strategy'[0m
[lb]hitch]   gpu: draws 291, pipeline compiles +0, vram 3339MB[0m
[lb]hitch]   prev: 6.9 6.9 6.9 6.9 6.9 6.9 6.9 6.9[0m
[lb]hitch VSYNC/PRESENT] 14.6ms (med 6.9, ×2.1) — present/vsync-bound (rest 11.3ms, gpu 0.7ms) | proc 2.5 rcpu 0.8 gpu 0.7 rest 11.3 | alloc 40KB | ticks 1, remote.ents 54 | watchdog: 3/3 samples in '(unscoped)'[0m
[portal] 'Portal_0' facing=False onScreen=False -> off near=740.01 size=(512, 384) camQ=<559.227, -697.2568, -13.402016> inO=<1216, 208, 32> inF=<-4.371139E-08, 1, 0>
[portal] 'Portal_1' facing=False onScreen=True -> off near=491.77 size=(512, 384) camQ=<559.227, -697.2568, -13.402016> inO=<-592, 224, 80> inF=<-1, -8.742278E-08, 0>
[lb]hitch EXTERNAL] 64.5ms (3 dropped @60Hz) (med 6.9, ×9.3) — rest-dominated, game-side quiet — OS/compositor/driver | proc 3.2 rcpu 0.8 gpu 1.0 rest 60.4 | alloc 48KB | ticks 3, remote.ents 45[0m
[lb]hitch]   gpu: draws 291, pipeline compiles +0, vram 3335MB[0m
[lb]hitch]   prev: 7.0 6.9 6.7 6.9 6.9 6.9 6.9 6.9[0m
[lb]frameprofile] scene: nodes 2942 objs-drawn 1884 draws 291 vram 3335MB[0m
[lb]frameprofile] census: Label 876  HBoxContainer 218  Control 157  Dependent 113  Button 110  CvarCheckBox 104  VBoxContainer 78  HSlider 62  CvarSlider 58  MeshInstance3D 56[0m
[lb]frameprofile] 587 frames: p50 6.9 p95 11.1 p99 51.6 p99.9 139.4ms (max 144.2) | 8 EXTERNAL, 11 VSYNC/PRESENT, 1 CPU-LOGIC, 1 MIXED | alloc 6MB/s heap 457.2MB | proc 3.2 gpu 1.0[0m
[lb]frameprofile] ms/frame: ng.process 2.1  server.tick 1.7  sim.move 1.3  move.in 1.1  bot.think 1.1  bot.strategy 1.0  proc:other 0.7  cw.process 0.6  cw.players 0.5  net.send 0.2[0m
[portal] 'Portal_0' facing=False onScreen=False -> off near=740.01 size=(512, 384) camQ=<554.3513, -594.89764, -84.96875> inO=<1216, 208, 32> inF=<-4.371139E-08, 1, 0>
[portal] 'Portal_1' facing=False onScreen=True -> off near=491.77 size=(512, 384) camQ=<554.3513, -594.89764, -84.96875> inO=<-592, 224, 80> inF=<-1, -8.742278E-08, 0>
[lb]hitch EXTERNAL ×3] 40.0–64.5ms over 0.6s (med 6.9) — rest-dominated, game-side quiet — OS/compositor/driver[0m
[lb]hitch VSYNC/PRESENT] 14.6ms (med 6.9, ×2.1) — present/vsync-bound (rest 11.4ms, gpu 2.3ms) | proc 2.4 rcpu 0.9 gpu 2.3 rest 11.4 | alloc 40KB | ticks 1, remote.ents 45 | watchdog: 23/27 samples in 'bot.strategy'[0m
[lb]hitch]   gpu: draws 487, pipeline compiles +0, vram 3335MB[0m
[lb]hitch]   prev: 7.1 7.1 7.1 7.1 7.1 7.1 53.6 6.6[0m
[portal] 'Portal_0' facing=False onScreen=False -> off near=740.01 size=(512, 384) camQ=<554.3513, -594.89764, -84.96875> inO=<1216, 208, 32> inF=<-4.371139E-08, 1, 0>
[portal] 'Portal_1' facing=False onScreen=True -> off near=491.77 size=(512, 384) camQ=<554.3513, -594.89764, -84.96875> inO=<-592, 224, 80> inF=<-1, -8.742278E-08, 0>
=== frame profiler session summary (58s, 4944 frames) ===[0m
  fps: avg 118.5  1%low 23  0.1%low 7  (median 6.9ms, worst 150.0ms)[0m
  hitches: 150 total — 39 EXTERNAL, 2 ASSET-BUILD, 7 PIPELINE-COMPILE, 2 GC-PAUSE, 84 VSYNC/PRESENT, 9 CPU-LOGIC, 7 MIXED[0m
    worst[lb]1]: 144.2ms EXTERNAL (ng.process) @ t=52.1s[0m
    worst[lb]2]: 139.3ms EXTERNAL (cev.process) @ t=53.2s[0m
    worst[lb]3]: 139.0ms EXTERNAL (ng.process) @ t=44.0s[0m
    worst[lb]4]: 136.8ms EXTERNAL (ng.process) @ t=38.5s[0m
    worst[lb]5]: 134.0ms PIPELINE-COMPILE (ng.process) @ t=22.2s[0m
  gc: g0+103 g1+62 g2+35, total pause 306ms[0m
  alloc: 3.0GB total, 5MB/s recent, peak 431.9MB in one frame @ t=5.6s, heap 458.5MB[0m
