Godot Engine v4.6.3.stable.mono.official.7d41c59c4 - https://godotengine.org
Vulkan 1.4.341 - Forward+ - Using Device #0: NVIDIA - NVIDIA GeForce RTX 3080

[lb]frameprofiler] env: managed-debugger=False godot-context=debug csharp=Debug vsync=Enabled maxfps=0 refresh=60Hz cpu=24c gpu=NVIDIA GeForce RTX 3080[0m
[lb]frameprofiler] columns: proc=all _Process CPU | rcpu=render-thread submit | gpu=main viewport GPU | rest=present/vsync/stall (ms-proc-rcpu) | alloc=managed garbage/frame | pipe=shader-pipeline compiles[0m
=== XonoticGodot boot ===[0m
Weapons:   27[0m
Items:     21[0m
Mutators:  46[0m
GameTypes: 20[0m
[lb]MenuState] config: 6462 cvars from 25 cfg files (374 aliases, 0 missing).[0m
[lb]shell] --cvar sv_warpzone_trace = "1"[0m
[lb]shell] --cvar wz_portal_force = "1"[0m
[lb]shell] --cvar wz_portal_dump = "1"[0m
[lb]video] vid_vsync 2 → requested Mailbox, actual Mailbox[0m
[lb]video] cl_maxfps 256 -> Engine.MaxFps 144 (refresh 60Hz)[0m
[lb]video] process priority AboveNormal (sys_priority_boost 1)[0m
[MenuCommand] 'playerstats_update' has no client backend yet (inert).
[lb]Shell] hosting listen server: gametype=dm map=stormkeep bots=0 skill=0 timelimit=0 fraglimit=0[0m
[AssetSystem] loaded 2439 shaders from 185 scripts.
[NetTransport.Server] listening on UDP 26000 (max 16).
[ServerNet] LAN discovery: answering getinfo on UDP 26001 (game port 26000).
[NetTransport.Client] connecting to 127.0.0.1:26000 …
[EffectSystem] effectinfo: 301 effects, particlefont atlas: loaded, style overlay: 0 effects
[Particles] backend=original (cl_particles_modern=0)
[AssetLoader] model 'models/items/buff.md3' read failed: Asset not found in any mount: "models/items/buff.md3".
[AssetLoader] 'models/casing_shell.mdl' is not a known model (magic "IDPO?").
[MapLoader] occluder: 90016 verts / 107956 tris (r_occlusion_cull A/B)
[MapLoader] 'stormkeep' materials: lightmapped=34 vertexLit=3 plain=8 glow=4 normalMapped=34 (deluxe=True, internalPages=0, atlas=1p, cellSize=131072, cells=8, surfaces=188)
[MapLoader] 'stormkeep' portal surfaces: 2 (from 2 faces), pocket decor: 5 (from 5 faces)
[DecalSplats] geometry: 106027 render triangles, 502 grid cells
[Skybox] loaded 'env/extragalactic/asteroids'.
[PortalRenderer] 2 live portal(s)
[portal] 'Portal_0' facing=False onScreen=False -> RENDER near=0.05 size=(384, 384) camQ=<0, -0, 0> inO=<1216, 208, 32> inF=<-4.371139E-08, 1, 0>
[portal] dump portal0: camG=(0, 0, 0) near=0.05 size=(384, 384) halfR=64 halfU=64 exitC=<-592, 224, 80>
[portal] 'Portal_1' facing=False onScreen=False -> RENDER near=0.05 size=(384, 384) camQ=<0, -0, 0> inO=<-592, 224, 80> inF=<-1, -8.742278E-08, 0>
[portal] dump portal1: camG=(0, 0, 0) near=0.05 size=(384, 384) halfR=64 halfU=64 exitC=<1216, 208, 32>
ERROR: Condition "!res" is true. Returning: false
   at: prepare_camera (servers/rendering/rendering_light_culler.cpp:544)
[NetGame] map music: 'cdtracks/track005' (from mapinfo/worldspawn)
ERROR: Condition "!res" is true. Returning: false
   at: prepare_camera (servers/rendering/rendering_light_culler.cpp:544)
[portal] 'Portal_0' facing=False onScreen=False -> RENDER near=1.50 size=(384, 384) camQ=<0, -0, 0> inO=<1216, 208, 32> inF=<-4.371139E-08, 1, 0>
[portal] dump portal0: camG=(-800.00006, 48, -1440) near=1.50 size=(384, 384) halfR=64 halfU=64 exitC=<-592, 224, 80>
[portal] 'Portal_1' facing=False onScreen=False -> RENDER near=1.50 size=(384, 384) camQ=<0, -0, 0> inO=<-592, 224, 80> inF=<-1, -8.742278E-08, 0>
[portal] dump portal1: camG=(1440, -48, -800) near=1.50 size=(384, 384) halfR=64 halfU=64 exitC=<1216, 208, 32>
ERROR: Condition "!res" is true. Returning: false
   at: prepare_camera (servers/rendering/rendering_light_culler.cpp:544)
[portal] 'Portal_0' facing=False onScreen=False -> RENDER near=1.50 size=(384, 384) camQ=<0, -0, 0> inO=<1216, 208, 32> inF=<-4.371139E-08, 1, 0>
[portal] dump portal0: camG=(-800.00006, 48, -1440) near=1.50 size=(384, 384) halfR=64 halfU=64 exitC=<-592, 224, 80>
[portal] 'Portal_1' facing=False onScreen=False -> RENDER near=1.50 size=(384, 384) camQ=<0, -0, 0> inO=<-592, 224, 80> inF=<-1, -8.742278E-08, 0>
[portal] dump portal1: camG=(1440, -48, -800) near=1.50 size=(384, 384) halfR=64 halfU=64 exitC=<1216, 208, 32>
ERROR: Condition "!res" is true. Returning: false
   at: prepare_camera (servers/rendering/rendering_light_culler.cpp:544)
[portal] 'Portal_0' facing=False onScreen=False -> RENDER near=1.50 size=(384, 384) camQ=<0, -0, 0> inO=<1216, 208, 32> inF=<-4.371139E-08, 1, 0>
[portal] dump portal0: camG=(-800.00006, 48, -1440) near=1.50 size=(384, 384) halfR=64 halfU=64 exitC=<-592, 224, 80>
[portal] 'Portal_1' facing=False onScreen=False -> RENDER near=1.50 size=(384, 384) camQ=<0, -0, 0> inO=<-592, 224, 80> inF=<-1, -8.742278E-08, 0>
[portal] dump portal1: camG=(1440, -48, -800) near=1.50 size=(384, 384) halfR=64 halfU=64 exitC=<1216, 208, 32>
ERROR: Condition "!res" is true. Returning: false
   at: prepare_camera (servers/rendering/rendering_light_culler.cpp:544)
ERROR: Condition "!res" is true. Returning: false
   at: prepare_camera (servers/rendering/rendering_light_culler.cpp:544)
ERROR: Condition "!res" is true. Returning: false
   at: prepare_camera (servers/rendering/rendering_light_culler.cpp:544)
[portal] 'Portal_0' facing=False onScreen=False -> RENDER near=1.50 size=(384, 384) camQ=<0, -0, 0> inO=<1216, 208, 32> inF=<-4.371139E-08, 1, 0>
[portal] dump portal0: camG=(-800.00006, 48, -1440) near=1.50 size=(384, 384) halfR=64 halfU=64 exitC=<-592, 224, 80>
[portal] 'Portal_1' facing=False onScreen=False -> RENDER near=1.50 size=(384, 384) camQ=<0, -0, 0> inO=<-592, 224, 80> inF=<-1, -8.742278E-08, 0>
[portal] dump portal1: camG=(1440, -48, -800) near=1.50 size=(384, 384) halfR=64 halfU=64 exitC=<1216, 208, 32>
ERROR: Condition "!res" is true. Returning: false
   at: prepare_camera (servers/rendering/rendering_light_culler.cpp:544)
[NetGame] precached 24 weapon models, skipped 0 (lazy), 24 muzzle tags.
ERROR: Condition "!res" is true. Returning: false
   at: prepare_camera (servers/rendering/rendering_light_culler.cpp:544)
ERROR: Condition "!res" is true. Returning: false
   at: prepare_camera (servers/rendering/rendering_light_culler.cpp:544)
ERROR: Condition "!res" is true. Returning: false
   at: prepare_camera (servers/rendering/rendering_light_culler.cpp:544)
[portal] 'Portal_0' facing=False onScreen=False -> RENDER near=1.50 size=(384, 384) camQ=<0, -0, 0> inO=<1216, 208, 32> inF=<-4.371139E-08, 1, 0>
[portal] dump portal0: camG=(-800.00006, 48, -1440) near=1.50 size=(384, 384) halfR=64 halfU=64 exitC=<-592, 224, 80>
[portal] 'Portal_1' facing=False onScreen=False -> RENDER near=1.50 size=(384, 384) camQ=<0, -0, 0> inO=<-592, 224, 80> inF=<-1, -8.742278E-08, 0>
[portal] dump portal1: camG=(1440, -48, -800) near=1.50 size=(384, 384) halfR=64 halfU=64 exitC=<1216, 208, 32>
ERROR: Condition "!res" is true. Returning: false
   at: prepare_camera (servers/rendering/rendering_light_culler.cpp:544)
[portal] 'Portal_0' facing=False onScreen=False -> RENDER near=1.50 size=(384, 384) camQ=<0, -0, 0> inO=<1216, 208, 32> inF=<-4.371139E-08, 1, 0>
[portal] dump portal0: camG=(-800.00006, 48, -1440) near=1.50 size=(384, 384) halfR=64 halfU=64 exitC=<-592, 224, 80>
[portal] 'Portal_1' facing=False onScreen=False -> RENDER near=1.50 size=(384, 384) camQ=<0, -0, 0> inO=<-592, 224, 80> inF=<-1, -8.742278E-08, 0>
[portal] dump portal1: camG=(1440, -48, -800) near=1.50 size=(384, 384) halfR=64 halfU=64 exitC=<1216, 208, 32>
ERROR: Condition "!res" is true. Returning: false
   at: prepare_camera (servers/rendering/rendering_light_culler.cpp:544)
ERROR: Condition "!res" is true. Returning: false
   at: prepare_camera (servers/rendering/rendering_light_culler.cpp:544)
[portal] 'Portal_0' facing=False onScreen=False -> RENDER near=1.50 size=(384, 384) camQ=<0, -0, 0> inO=<1216, 208, 32> inF=<-4.371139E-08, 1, 0>
[portal] dump portal0: camG=(-800.00006, 48, -1440) near=1.50 size=(384, 384) halfR=64 halfU=64 exitC=<-592, 224, 80>
[portal] 'Portal_1' facing=False onScreen=False -> RENDER near=1.50 size=(384, 384) camQ=<0, -0, 0> inO=<-592, 224, 80> inF=<-1, -8.742278E-08, 0>
[portal] dump portal1: camG=(1440, -48, -800) near=1.50 size=(384, 384) halfR=64 halfU=64 exitC=<1216, 208, 32>
ERROR: Condition "!res" is true. Returning: false
   at: prepare_camera (servers/rendering/rendering_light_culler.cpp:544)
ERROR: Condition "!res" is true. Returning: false
   at: prepare_camera (servers/rendering/rendering_light_culler.cpp:544)
ERROR: Condition "!res" is true. Returning: false
   at: prepare_camera (servers/rendering/rendering_light_culler.cpp:544)
[portal] 'Portal_0' facing=False onScreen=False -> RENDER near=1.50 size=(384, 384) camQ=<0, -0, 0> inO=<1216, 208, 32> inF=<-4.371139E-08, 1, 0>
[portal] dump portal0: camG=(-800.00006, 48, -1440) near=1.50 size=(384, 384) halfR=64 halfU=64 exitC=<-592, 224, 80>
[portal] 'Portal_1' facing=False onScreen=False -> RENDER near=1.50 size=(384, 384) camQ=<0, -0, 0> inO=<-592, 224, 80> inF=<-1, -8.742278E-08, 0>
[portal] dump portal1: camG=(1440, -48, -800) near=1.50 size=(384, 384) halfR=64 halfU=64 exitC=<1216, 208, 32>
ERROR: Condition "!res" is true. Returning: false
   at: prepare_camera (servers/rendering/rendering_light_culler.cpp:544)
ERROR: Condition "!res" is true. Returning: false
   at: prepare_camera (servers/rendering/rendering_light_culler.cpp:544)
[portal] 'Portal_0' facing=False onScreen=False -> RENDER near=1.50 size=(384, 384) camQ=<0, -0, 0> inO=<1216, 208, 32> inF=<-4.371139E-08, 1, 0>
[portal] dump portal0: camG=(-800.00006, 48, -1440) near=1.50 size=(384, 384) halfR=64 halfU=64 exitC=<-592, 224, 80>
[portal] 'Portal_1' facing=False onScreen=False -> RENDER near=1.50 size=(384, 384) camQ=<0, -0, 0> inO=<-592, 224, 80> inF=<-1, -8.742278E-08, 0>
[portal] dump portal1: camG=(1440, -48, -800) near=1.50 size=(384, 384) halfR=64 halfU=64 exitC=<1216, 208, 32>
ERROR: Condition "!res" is true. Returning: false
   at: prepare_camera (servers/rendering/rendering_light_culler.cpp:544)
ERROR: Condition "!res" is true. Returning: false
   at: prepare_camera (servers/rendering/rendering_light_culler.cpp:544)
[NetGame] precached 36 combat sounds, 10 player models (rendered for pipeline warm).
[NetGame] listen server on 127.0.0.1:26000 (map 'stormkeep', dm, 0 bots) — self-connecting.
[ServerNet] peer 2012389990 connected (awaiting handshake).
[ServerNet] peer 2012389990 accepted as 'player' (netId 2012389990, id b0b142d9).
[ClientNet] handshake accepted by 'Xonotic  Server': netId 1, tickrate 72 Hz.
[NetGame] handshake accepted by 'Xonotic  Server': netId 1.
[portal] 'Portal_0' facing=False onScreen=True -> RENDER near=1.50 size=(384, 384) camQ=<0, -0, 34.93595> inO=<1216, 208, 32> inF=<-4.371139E-08, 1, 0>
[portal] dump portal0: camG=(-800.00006, 82.74952, -1440) near=1.50 size=(384, 384) halfR=64 halfU=64 exitC=<-592, 224, 80>
[portal] 'Portal_1' facing=False onScreen=False -> RENDER near=1.50 size=(384, 384) camQ=<0, -0, 34.93595> inO=<-592, 224, 80> inF=<-1, -8.742278E-08, 0>
[portal] dump portal1: camG=(1440, -13.250481, -800) near=1.50 size=(384, 384) halfR=64 halfU=64 exitC=<1216, 208, 32>
[wzview] authoritative snap -> <0, 135, 0>
[lb]hitch PIPELINE-COMPILE] 54.3ms (2 dropped @60Hz) (med 6.9, ×7.8) — 2 pipeline compile(s) — SYNC[lb]surface+0 draw+0] async[lb]mesh+0 spec+2] canvas+0 | proc 8.2 rcpu 0.5 gpu 0.4 rest 45.6 | alloc 812KB | ticks 3, remote.ents 21 | watchdog: 1/3 samples in 'move.post'[0m
[lb]hitch]   gpu: draws 411, pipeline compiles +2 — SYNC[lb]surface+0 draw+0] async[lb]mesh+0 spec+2] canvas+0, vram 3213MB[0m
[lb]hitch]   events: [lb]-1f] net: PREDICTION DESYNC 1067qu (predicted vs acked-replay origin)[0m
[lb]hitch]   prev: 6.9 6.9 6.9 6.9 6.9 6.9 6.9 6.9[0m
[lb]hitch EXTERNAL] 26.3ms (1 dropped @60Hz) (med 6.9, ×3.8) — rest-dominated, game-side quiet — OS/compositor/driver | proc 2.0 rcpu 0.5 gpu 0.3 rest 23.8 | alloc 212KB | ticks 3, remote.ents 21 | watchdog: 8/10 samples in '(unscoped)'[0m
[lb]hitch VSYNC/PRESENT] 12.9ms (med 6.9, ×1.9) — present/vsync-bound (rest 10.6ms, gpu 0.3ms) | proc 1.8 rcpu 0.4 gpu 0.3 rest 10.6 | alloc 76KB | ticks 1, remote.ents 21[0m
[portal] 'Portal_0' facing=True onScreen=False -> RENDER near=32.50 size=(384, 384) camQ=<1040, 240, 27.031252> inO=<1216, 208, 32> inF=<-4.371139E-08, 1, 0>
[portal] dump portal0: camG=(-560, 75.03125, -400) near=32.50 size=(384, 384) halfR=64 halfU=64 exitC=<-592, 224, 80>
[portal] 'Portal_1' facing=False onScreen=True -> RENDER near=1.50 size=(384, 384) camQ=<1040, 240, 27.031252> inO=<-592, 224, 80> inF=<-1, -8.742278E-08, 0>
[portal] dump portal1: camG=(1200.0001, -20.96875, -1840) near=1.50 size=(384, 384) halfR=64 halfU=64 exitC=<1216, 208, 32>
[lb]hitch EXTERNAL] 128.0ms (7 dropped @60Hz) (med 6.9, ×18.4) — rest-dominated, game-side quiet — OS/compositor/driver | proc 2.0 rcpu 0.4 gpu 0.4 rest 125.5 | alloc 40KB | ticks 3, remote.ents 21 | watchdog: 268/268 samples in '(unscoped)'[0m
[portal] 'Portal_0' facing=True onScreen=False -> RENDER near=32.50 size=(384, 384) camQ=<1040, 240, 27.031252> inO=<1216, 208, 32> inF=<-4.371139E-08, 1, 0>
[portal] dump portal0: camG=(-560, 75.03125, -400) near=32.50 size=(384, 384) halfR=64 halfU=64 exitC=<-592, 224, 80>
[portal] 'Portal_1' facing=False onScreen=True -> RENDER near=1.50 size=(384, 384) camQ=<1040, 240, 27.031252> inO=<-592, 224, 80> inF=<-1, -8.742278E-08, 0>
[portal] dump portal1: camG=(1200.0001, -20.96875, -1840) near=1.50 size=(384, 384) halfR=64 halfU=64 exitC=<1216, 208, 32>
[lb]hitch EXTERNAL] 146.1ms (8 dropped @60Hz) (med 6.9, ×21.0) — rest-dominated, game-side quiet — OS/compositor/driver | proc 2.4 rcpu 0.5 gpu 0.7 rest 143.3 | alloc 40KB | ticks 3, remote.ents 21 | watchdog: 278/278 samples in '(unscoped)'[0m
[lb]hitch]   gpu: draws 445, pipeline compiles +0, vram 3216MB[0m
[lb]hitch]   prev: 6.9 6.9 6.9 6.9 6.9 6.9 6.9 6.9[0m
[lb]frameprofile] scene: nodes 2852 objs-drawn 1795 draws 445 vram 3216MB[0m
[lb]frameprofile] census: Label 876  HBoxContainer 218  Control 157  Dependent 113  Button 110  CvarCheckBox 104  VBoxContainer 78  HSlider 62  CvarSlider 58  MarginContainer 52[0m
[lb]frameprofile] 243 frames: p50 6.9 p95 133.9 p99 148.6 p99.9 149.9ms (max 150.0) | 3 EXTERNAL, 1 PIPELINE-COMPILE, 1 VSYNC/PRESENT | alloc 385MB/s heap 219.9MB | proc 2.4 gpu 0.7[0m
[lb]frameprofile] ms/frame: iqm.mesh 31.9  iqm.materials 31.5  iqm.anims 5.7  proc:other 5.5  cev.process 1.5  ng.process 1.3  server.tick 0.7  net.send 0.3  net.poll 0.1  cw.process 0.1[0m
[lb]hitch VSYNC/PRESENT] 17.4ms (med 6.9, ×2.5) — present/vsync-bound (rest 15.1ms, gpu 0.7ms) | proc 1.8 rcpu 0.5 gpu 0.7 rest 15.1 | alloc 189KB | ticks 3, remote.ents 21 | watchdog: 7/7 samples in '(unscoped)'[0m
[lb]bots] waypoints for 'stormkeep': nodes=99 (file=loaded, cache=yes)[0m
[lb]hitch CPU-LOGIC] 131.1ms (7 dropped @60Hz) (med 6.9, ×19.0) — ng.process 95.3ms (typ 11.1ms, 9× over) | proc 108.0 rcpu 0.5 gpu 0.8 rest 22.7 | alloc 272KB | ticks 3, remote.ents 22 | watchdog: 29/64 samples in 'bot.path'[0m
[lb]hitch PIPELINE-COMPILE] 132.9ms (7 dropped @60Hz) (med 6.9, ×19.3) — 1 pipeline compile(s) — SYNC[lb]surface+1 draw+0] async[lb]mesh+0 spec+0] canvas+0 | proc 23.1 rcpu 0.4 gpu 0.8 rest 109.3 | alloc 60.2MB | ticks 3, remote.ents 22 | watchdog: 4/11 samples in 'bot.strategy'[0m
[lb]hitch GC-PAUSE] 38.5ms (1 dropped @60Hz) (med 6.9, ×5.6) — gen2/GC-pause tail (prior frame paused 2.5ms; this frame rest-dominated) | proc 4.0 rcpu 0.5 gpu 0.8 rest 34.0 | alloc 113.9MB | ticks 3, remote.ents 22 | watchdog: 9/19 samples in '(unscoped)'[0m
[portal] 'Portal_0' facing=True onScreen=False -> RENDER near=32.50 size=(384, 384) camQ=<1040, 240, 27.031252> inO=<1216, 208, 32> inF=<-4.371139E-08, 1, 0>
[portal] dump portal0: camG=(-560, 75.03125, -400) near=32.50 size=(384, 384) halfR=64 halfU=64 exitC=<-592, 224, 80>
[portal] 'Portal_1' facing=False onScreen=True -> RENDER near=1.50 size=(384, 384) camQ=<1040, 240, 27.031252> inO=<-592, 224, 80> inF=<-1, -8.742278E-08, 0>
[portal] dump portal1: camG=(1200.0001, -20.96875, -1840) near=1.50 size=(384, 384) halfR=64 halfU=64 exitC=<1216, 208, 32>
[lb]hitch EXTERNAL] 133.2ms (7 dropped @60Hz) (med 6.9, ×19.3) — rest-dominated, game-side quiet — OS/compositor/driver | proc 9.0 rcpu 0.7 gpu 0.8 rest 123.5 | alloc 72KB | ticks 3, remote.ents 22[0m
[lb]hitch]   gpu: draws 449, pipeline compiles +0, vram 3206MB[0m
[lb]hitch]   events: [lb]-7f] stream: player model models/player/ignismasked.iqm tex textures/ignisheadfb_reflect built (0.0ms); [lb]-4f] stream: player model models/player/ignismasked.iqm tex textures/ignisfullbright_glow built (0.0ms); [lb]-3f] stream: player model models/player/ignismasked.iqm tex textures/ignisheadfb built (0.0ms); [lb]-3f] stream: player model models/player/ignismasked.iqm tex textures/ignisheadfb_shirt built (0.0ms); [lb]-2f] stream: player model models/player/ignismasked.iqm tex textures/ignisfullbright built (0.0ms); [lb]-2f] stream: player model models/player/ignismasked.iqm tex textures/ignisfullbright_shirt built (0.0ms); stream: player model models/player/ignismasked.iqm tex textures/ignisfullbright_norm built (0.0ms); stream: player model models/player/ignismasked.iqm tex textures/ignisfullbright_gloss built (0.0ms); stream: player model models/player/ignismasked.iqm tex textures/ignisheadfb_norm built (0.0ms); stream: player model models/player/ignismasked.iqm tex textures/ignisheadfb_gloss built (0.0ms); stream: player model models/player/ignismasked.iqm tex textures/ignisheadfb_glow built (5.9ms)[0m
[lb]hitch]   prev: 8.3 8.3 8.3 7.3 7.6 7.6 7.6 7.6[0m
[lb]hitch VSYNC/PRESENT] 20.9ms (med 6.9, ×3.0) — present/vsync-bound (rest 13.4ms, gpu 2.1ms) | proc 7.0 rcpu 0.5 gpu 2.1 rest 13.4 | alloc 261KB | ticks 3, remote.ents 22[0m
[portal] 'Portal_0' facing=True onScreen=False -> RENDER near=32.50 size=(384, 384) camQ=<1040, 240, 27.031252> inO=<1216, 208, 32> inF=<-4.371139E-08, 1, 0>
[portal] dump portal0: camG=(-560, 75.03125, -400) near=32.50 size=(384, 384) halfR=64 halfU=64 exitC=<-592, 224, 80>
[portal] 'Portal_1' facing=False onScreen=True -> RENDER near=1.50 size=(384, 384) camQ=<1040, 240, 27.031252> inO=<-592, 224, 80> inF=<-1, -8.742278E-08, 0>
[portal] dump portal1: camG=(1200.0001, -20.96875, -1840) near=1.50 size=(384, 384) halfR=64 halfU=64 exitC=<1216, 208, 32>
[lb]hitch VSYNC/PRESENT ×2] 14.4–20.9ms over 0.3s (med 6.9) — present/vsync-bound (rest 13.4ms, gpu 2.1ms)[0m
[lb]hitch EXTERNAL] 144.0ms (8 dropped @60Hz) (med 6.9, ×20.7) — rest-dominated, game-side quiet — OS/compositor/driver | proc 4.3 rcpu 0.5 gpu 0.5 rest 139.2 | alloc 48KB | ticks 3, remote.ents 22 | watchdog: 273/273 samples in '(unscoped)'[0m
[lb]hitch]   gpu: draws 453, pipeline compiles +0, vram 3206MB[0m
[lb]hitch]   prev: 6.9 6.9 6.9 6.9 6.9 6.9 6.9 6.9[0m
[lb]hitch VSYNC/PRESENT] 16.7ms (med 6.9, ×2.4) — present/vsync-bound (rest 12.3ms, gpu 0.5ms) | proc 3.9 rcpu 0.4 gpu 0.5 rest 12.3 | alloc 182KB | ticks 3, remote.ents 22 | watchdog: 3/3 samples in '(unscoped)'[0m
[lb]hitch EXTERNAL] 69.4ms (3 dropped @60Hz) (med 6.9, ×10.0) — rest-dominated, game-side quiet — OS/compositor/driver | proc 4.3 rcpu 0.5 gpu 0.5 rest 64.7 | alloc 48KB | ticks 3, remote.ents 22 | watchdog: 23/41 samples in 'bot.path'[0m
[lb]hitch VSYNC/PRESENT] 13.9ms (med 6.9, ×2.0) — present/vsync-bound (rest 10.6ms, gpu 0.5ms) | proc 2.8 rcpu 0.5 gpu 0.5 rest 10.6 | alloc 40KB | ticks 1, remote.ents 22[0m
[lb]hitch EXTERNAL] 45.6ms (2 dropped @60Hz) (med 6.9, ×6.6) — rest-dominated, game-side quiet — OS/compositor/driver | proc 3.6 rcpu 0.4 gpu 0.5 rest 41.5 | alloc 40KB | ticks 3, remote.ents 22 | watchdog: 22/26 samples in 'bot.strategy'[0m
[lb]hitch VSYNC/PRESENT] 16.7ms (med 6.9, ×2.4) — present/vsync-bound (rest 13.2ms, gpu 0.5ms) | proc 3.0 rcpu 0.5 gpu 0.5 rest 13.2 | alloc 0B | ticks 1, remote.ents 22 | watchdog: 3/3 samples in '(unscoped)'[0m
[portal] 'Portal_0' facing=True onScreen=False -> RENDER near=32.50 size=(384, 384) camQ=<1040, 240, 27.031252> inO=<1216, 208, 32> inF=<-4.371139E-08, 1, 0>
[portal] dump portal0: camG=(-560, 75.03125, -400) near=32.50 size=(384, 384) halfR=64 halfU=64 exitC=<-592, 224, 80>
[portal] 'Portal_1' facing=False onScreen=True -> RENDER near=1.50 size=(384, 384) camQ=<1040, 240, 27.031252> inO=<-592, 224, 80> inF=<-1, -8.742278E-08, 0>
[portal] dump portal1: camG=(1200.0001, -20.96875, -1840) near=1.50 size=(384, 384) halfR=64 halfU=64 exitC=<1216, 208, 32>
[lb]hitch EXTERNAL] 132.5ms (7 dropped @60Hz) (med 6.9, ×19.1) — rest-dominated, game-side quiet — OS/compositor/driver | proc 3.5 rcpu 0.4 gpu 0.5 rest 128.6 | alloc 40KB | ticks 3, remote.ents 22 | watchdog: 273/273 samples in '(unscoped)'[0m
[lb]hitch]   gpu: draws 454, pipeline compiles +0, vram 3206MB[0m
[lb]hitch]   prev: 6.7 6.7 6.7 6.7 6.7 6.7 6.7 6.7[0m
[lb]hitch CPU-LOGIC] 13.4ms (med 6.9, ×1.9) — ng.process 90.1ms (typ 6.0ms, 15× over) | proc 13.4 rcpu 0.5 gpu 0.5 rest 0.0 | alloc 57KB | ticks 3, remote.ents 22 | watchdog: 34/55 samples in 'bot.path'[0m
[lb]hitch EXTERNAL] 83.3ms (4 dropped @60Hz) (med 6.9, ×12.0) — rest-dominated, game-side quiet — OS/compositor/driver | proc 3.9 rcpu 0.4 gpu 0.5 rest 79.0 | alloc 56KB | ticks 3, remote.ents 22 | watchdog: 34/57 samples in 'bot.path'[0m
[lb]hitch VSYNC/PRESENT] 16.7ms (med 6.9, ×2.4) — present/vsync-bound (rest 13.0ms, gpu 0.5ms) | proc 3.2 rcpu 0.5 gpu 0.5 rest 13.0 | alloc 48KB | ticks 3, remote.ents 22[0m
[portal] 'Portal_0' facing=True onScreen=False -> RENDER near=32.50 size=(384, 384) camQ=<1040, 240, 27.031252> inO=<1216, 208, 32> inF=<-4.371139E-08, 1, 0>
[portal] dump portal0: camG=(-560, 75.03125, -400) near=32.50 size=(384, 384) halfR=64 halfU=64 exitC=<-592, 224, 80>
[portal] 'Portal_1' facing=False onScreen=True -> RENDER near=1.50 size=(384, 384) camQ=<1040, 240, 27.031252> inO=<-592, 224, 80> inF=<-1, -8.742278E-08, 0>
[portal] dump portal1: camG=(1200.0001, -20.96875, -1840) near=1.50 size=(384, 384) halfR=64 halfU=64 exitC=<1216, 208, 32>
[lb]hitch EXTERNAL] 147.0ms (8 dropped @60Hz) (med 6.9, ×21.2) — rest-dominated, game-side quiet — OS/compositor/driver | proc 5.1 rcpu 0.5 gpu 0.6 rest 141.4 | alloc 48KB | ticks 3, remote.ents 22 | watchdog: 302/302 samples in '(unscoped)'[0m
[lb]hitch]   gpu: draws 454, pipeline compiles +0, vram 3206MB[0m
[lb]hitch]   prev: 6.9 6.9 6.9 6.9 6.9 6.9 6.9 6.9[0m
[lb]hitch VSYNC/PRESENT] 16.7ms (med 6.9, ×2.4) — present/vsync-bound (rest 11.9ms, gpu 0.6ms) | proc 4.3 rcpu 0.5 gpu 0.6 rest 11.9 | alloc 169KB | ticks 3, remote.ents 22 | watchdog: 3/3 samples in '(unscoped)'[0m
[portal] 'Portal_0' facing=True onScreen=False -> RENDER near=32.50 size=(384, 384) camQ=<1040, 240, 27.031252> inO=<1216, 208, 32> inF=<-4.371139E-08, 1, 0>
[portal] dump portal0: camG=(-560, 75.03125, -400) near=32.50 size=(384, 384) halfR=64 halfU=64 exitC=<-592, 224, 80>
[portal] 'Portal_1' facing=False onScreen=True -> RENDER near=1.50 size=(384, 384) camQ=<1040, 240, 27.031252> inO=<-592, 224, 80> inF=<-1, -8.742278E-08, 0>
[portal] dump portal1: camG=(1200.0001, -20.96875, -1840) near=1.50 size=(384, 384) halfR=64 halfU=64 exitC=<1216, 208, 32>
[lb]hitch VSYNC/PRESENT ×2] 15.1–16.7ms over 0.0s (med 6.9) — present/vsync-bound (rest 11.9ms, gpu 0.6ms)[0m
[lb]hitch EXTERNAL] 137.9ms (7 dropped @60Hz) (med 6.9, ×19.9) — rest-dominated, game-side quiet — OS/compositor/driver | proc 3.8 rcpu 0.4 gpu 0.6 rest 133.7 | alloc 48KB | ticks 3, remote.ents 22 | watchdog: 277/277 samples in '(unscoped)'[0m
[lb]hitch]   gpu: draws 454, pipeline compiles +0, vram 3206MB[0m
[lb]hitch]   prev: 6.9 6.9 6.9 6.9 6.9 6.9 6.9 6.9[0m
[lb]hitch VSYNC/PRESENT] 16.7ms (med 6.9, ×2.4) — present/vsync-bound (rest 13.2ms, gpu 0.6ms) | proc 3.0 rcpu 0.5 gpu 0.6 rest 13.2 | alloc 178KB | ticks 3, remote.ents 22[0m
[portal] 'Portal_0' facing=True onScreen=False -> RENDER near=32.50 size=(384, 384) camQ=<1040, 240, 27.031252> inO=<1216, 208, 32> inF=<-4.371139E-08, 1, 0>
[portal] dump portal0: camG=(-560, 75.03125, -400) near=32.50 size=(384, 384) halfR=64 halfU=64 exitC=<-592, 224, 80>
[portal] 'Portal_1' facing=False onScreen=True -> RENDER near=1.50 size=(384, 384) camQ=<1040, 240, 27.031252> inO=<-592, 224, 80> inF=<-1, -8.742278E-08, 0>
[portal] dump portal1: camG=(1200.0001, -20.96875, -1840) near=1.50 size=(384, 384) halfR=64 halfU=64 exitC=<1216, 208, 32>
[lb]hitch VSYNC/PRESENT ×2] 16.7–24.2ms over 0.1s (med 6.9) — present/vsync-bound (rest 13.2ms, gpu 0.6ms)[0m
[lb]hitch EXTERNAL] 137.0ms (7 dropped @60Hz) (med 6.9, ×19.7) — rest-dominated, game-side quiet — OS/compositor/driver | proc 3.0 rcpu 0.4 gpu 0.8 rest 133.5 | alloc 48KB | ticks 3, remote.ents 22 | watchdog: 273/273 samples in '(unscoped)'[0m
[lb]hitch]   gpu: draws 454, pipeline compiles +0, vram 3206MB[0m
[lb]hitch]   prev: 6.9 6.9 6.9 6.9 6.9 6.9 6.9 6.9[0m
[lb]hitch VSYNC/PRESENT] 16.7ms (med 6.9, ×2.4) — present/vsync-bound (rest 13.3ms, gpu 0.9ms) | proc 2.8 rcpu 0.5 gpu 0.9 rest 13.3 | alloc 190KB | ticks 3, remote.ents 22[0m
[wz] cross client=True 'player' o <1230.1547, 206.15332, -7.968749>-><-593.8467, 209.84534, 40.03125> v <-217.70808, -316.20148, 0>-><-316.2015, 217.70807, 0> a <1.1264542, 215.12778, 0>-><1.1264648, 125.12778, 0> | in o=<1216, 208, 32> f=<-4.371139E-08, 1, 0> | out o=<-592, 224, 80> f=<-1, -8.742278E-08, 0>
[lb]hitch CPU-LOGIC] 14.2ms (med 6.9, ×2.0) — proc:other 4.3ms (typ 0.9ms, 5× over) | proc 8.7 rcpu 0.5 gpu 0.6 rest 4.9 | alloc 90.6MB | ticks 1, remote.ents 21[0m
[lb]hitch MIXED] 20.3ms (med 6.9, ×2.9) — mixed — ng.process 3.6ms | proc 8.0 rcpu 1.1 gpu 0.7 rest 11.1 | alloc 112.3MB | ticks 2, remote.ents 21[0m
[lb]hitch VSYNC/PRESENT] 16.2ms (med 6.9, ×2.3) — present/vsync-bound (rest 10.0ms, gpu 0.7ms) | proc 5.3 rcpu 0.9 gpu 0.7 rest 10.0 | alloc 68.1MB | ticks 1, remote.ents 21 | watchdog: 7/7 samples in '(unscoped)'[0m
[lb]hitch VSYNC/PRESENT ×3] 13.3–16.2ms over 0.0s (med 6.9) — present/vsync-bound (rest 10.0ms, gpu 0.7ms)[0m
[lb]hitch MIXED] 13.0ms (med 6.9, ×1.9) — mixed — proc:other 3.0ms | proc 5.9 rcpu 0.7 gpu 0.7 rest 6.4 | alloc 349KB | ticks 1, remote.ents 21[0m
[lb]hitch]   gpu: draws 445, pipeline compiles +0, vram 3206MB[0m
[lb]hitch]   events: [lb]-7f] stream: idle-warm models/player/nyx.iqm tex textures/shadowheadfb_pants built (0.0ms); [lb]-7f] stream: idle-warm models/player/nyx.iqm tex textures/nyxfullbright_pants built (0.0ms); [lb]-7f] stream: idle-warm models/player/pyria.iqm tex textures/pyriahair built (0.0ms); [lb]-7f] stream: idle-warm models/player/pyria.iqm tex textures/pyriahair_norm built (0.0ms); [lb]-7f] stream: idle-warm models/player/pyria.iqm tex textures/pyriahair_glow built (0.0ms); [lb]-7f] stream: idle-warm models/player/pyria.iqm tex textures/pyriahair_reflect built (0.0ms); [lb]-7f] stream: idle-warm models/player/pyria.iqm tex textures/pyriahair_shirt built (0.0ms); [lb]-7f] stream: idle-warm models/player/pyria.iqm tex textures/pyriahair_pants built (0.0ms); [lb]-7f] stream: idle-warm models/player/pyria.iqm tex textures/pyriafullbright_pants built (0.0ms); [lb]-6f] stream: idle-warm models/player/nyx.iqm tex textures/shadowheadfb_glow built (0.0ms); [lb]-6f] stream: idle-warm models/player/nyx.iqm tex textures/shadowheadfb_reflect built (0.0ms); [lb]-6f] stream: idle-warm models/player/nyx.iqm tex textures/shadowheadfb_shirt built (0.0ms); [lb]-6f] stream: idle-warm models/player/pyria.iqm tex textures/pyriahair_gloss built (0.0ms); [lb]-6f] stream: idle-warm models/player/seraphina.iqm tex textures/seraphina_pants built (0.0ms); [lb]-6f] stream: idle-warm models/player/seraphina.iqm tex textures/ignisfullbright built (0.0ms); [lb]-6f] stream: idle-warm models/player/seraphina.iqm tex textures/ignisfullbright_norm built (0.0ms); [lb]-6f] stream: idle-warm models/player/seraphina.iqm tex textures/ignisfullbright_gloss built (0.0ms); [lb]-6f] stream: idle-warm models/player/seraphina.iqm tex textures/ignisfullbright_glow built (0.0ms); [lb]-6f] stream: idle-warm models/player/seraphina.iqm tex textures/ignisfullbright_reflect built (0.0ms); [lb]-6f] stream: idle-warm models/player/seraphina.iqm tex textures/ignisfullbright_shirt built (0.0ms); [lb]-6f] stream: idle-warm models/player/seraphina.iqm tex textures/ignisfullbright_pants built (0.0ms); [lb]-5f] stream: idle-warm models/player/nyx.iqm tex textures/shadowheadfb built (0.0ms); [lb]-5f] stream: idle-warm models/player/nyx.iqm tex textures/shadowheadfb_norm built (0.0ms); [lb]-5f] stream: idle-warm models/player/nyx.iqm tex textures/shadowheadfb_gloss built (0.0ms); [lb]-5f] stream: idle-warm models/player/seraphina.iqm tex textures/seraphina_shirt built (0.0ms); [lb]-4f] stream: idle-warm models/player/pyria.iqm tex textures/pyriafullbright_reflect built (0.0ms); [lb]-4f] stream: idle-warm models/player/seraphina.iqm tex textures/seraphina_gloss built (0.0ms); [lb]-4f] stream: idle-warm models/player/seraphina.iqm tex textures/seraphina_reflect built (0.0ms); [lb]-4f] stream: idle-warm models/player/umbra.iqm tex textures/umbrafullbright_pants built (0.0ms); [lb]-2f] stream: idle-warm models/player/umbra.iqm tex textures/umbrafullbright_reflect built (0.0ms); [lb]-1f] stream: idle-warm models/player/pyria.iqm tex textures/pyriafullbright_gloss built (0.0ms); stream: idle-warm models/player/umbra.iqm tex textures/umbrafullbright_gloss built (0.0ms)[0m
[lb]hitch]   prev: 8.0 14.2 20.3 16.2 13.3 8.8 13.3 12.5[0m
[portal] 'Portal_0' facing=True onScreen=False -> RENDER near=32.50 size=(384, 384) camQ=<1040, 240, 27.031252> inO=<1216, 208, 32> inF=<-4.371139E-08, 1, 0>
[portal] dump portal0: camG=(-560, 75.03125, -400) near=32.50 size=(384, 384) halfR=64 halfU=64 exitC=<-592, 224, 80>
[portal] 'Portal_1' facing=False onScreen=True -> RENDER near=1.50 size=(384, 384) camQ=<1040, 240, 27.031252> inO=<-592, 224, 80> inF=<-1, -8.742278E-08, 0>
[portal] dump portal1: camG=(1200.0001, -20.96875, -1840) near=1.50 size=(384, 384) halfR=64 halfU=64 exitC=<1216, 208, 32>
[lb]hitch MIXED ×2] 13.0–13.0ms over 0.0s (med 6.9) — mixed — proc:other 3.0ms[0m
[lb]hitch ASSET-BUILD] 16.7ms (med 6.9, ×2.4) — iqm.anims 228.3ms (asset build/upload) | proc 16.7 rcpu 0.7 gpu 0.7 rest 0.0 | alloc 1.1MB | ticks 1, remote.ents 21 | watchdog: 289/291 samples in '(unscoped)'[0m
[lb]hitch EXTERNAL] 137.0ms (7 dropped @60Hz) (med 6.9, ×19.7) — rest-dominated, game-side quiet — OS/compositor/driver | proc 22.9 rcpu 2.2 gpu 0.7 rest 112.0 | alloc 30.0MB | ticks 3, remote.ents 21 | watchdog: 5/11 samples in 'stream.build'[0m
[lb]hitch EXTERNAL ×2] 34.1–137.0ms over 0.0s (med 6.9) — rest-dominated, game-side quiet — OS/compositor/driver[0m
[lb]hitch MIXED] 15.9ms (med 6.9, ×2.3) — mixed — stream.build 4.0ms | proc 8.4 rcpu 0.6 gpu 0.7 rest 6.9 | alloc 537KB | ticks 3, remote.ents 21[0m
[lb]hitch MIXED ×2] 15.9–16.7ms over 0.0s (med 6.9) — mixed — stream.build 4.0ms[0m
[lb]hitch CPU-LOGIC] 16.7ms (med 6.9, ×2.4) — stream.build 4.3ms | proc 10.6 rcpu 0.6 gpu 0.7 rest 5.5 | alloc 963KB | ticks 3, remote.ents 21 | watchdog: 2/3 samples in '(unscoped)'[0m
[lb]frameprofile] scene: nodes 2899 objs-drawn 1921 draws 529 vram 3218MB[0m
[lb]frameprofile] census: Label 876  HBoxContainer 218  Control 157  Dependent 113  Button 110  CvarCheckBox 104  VBoxContainer 78  HSlider 62  CvarSlider 58  MarginContainer 52[0m
[lb]frameprofile] 491 frames: p50 6.9 p95 16.6 p99 133.1 p99.9 143.9ms (max 147.0) | 11 EXTERNAL, 1 ASSET-BUILD, 1 PIPELINE-COMPILE, 1 GC-PAUSE, 15 VSYNC/PRESENT, 4 CPU-LOGIC, 5 MIXED | alloc 163MB/s heap 785.7MB | proc 10.6 gpu 0.7[0m
[lb]frameprofile] ms/frame: ng.process 2.2  server.tick 1.8  sim.move 1.3  move.in 1.0  bot.think 1.0  bot.strategy 0.9  proc:other 0.7  iqm.anims 0.5  bot.path 0.3  cw.process 0.3[0m
[lb]hitch CPU-LOGIC ×2] 16.7–20.8ms over 0.0s (med 6.9) — stream.build 4.3ms[0m
[lb]hitch MIXED] 20.0ms (med 6.9, ×2.9) — mixed — stream.build 4.0ms | proc 8.6 rcpu 0.5 gpu 0.7 rest 10.9 | alloc 2.0MB | ticks 1, remote.ents 21[0m
[lb]hitch MIXED ×3] 16.7–20.0ms over 0.0s (med 6.9) — mixed — stream.build 4.0ms[0m
[lb]hitch CPU-LOGIC] 15.0ms (med 6.9, ×2.2) — stream.build 4.2ms | proc 8.6 rcpu 0.4 gpu 0.7 rest 5.9 | alloc 2.0MB | ticks 2, remote.ents 21[0m
[lb]hitch VSYNC/PRESENT] 14.2ms (med 6.9, ×2.0) — present/vsync-bound (rest 9.1ms, gpu 0.7ms) | proc 4.6 rcpu 0.5 gpu 0.7 rest 9.1 | alloc 2.1MB | ticks 1, remote.ents 21 | watchdog: 5/5 samples in '(unscoped)'[0m
[IdleWarmer] asset warm queue drained — full asset set is hot.
[portal] 'Portal_0' facing=True onScreen=True -> RENDER near=38.40 size=(384, 384) camQ=<1036.984, 247.52858, 27.031252> inO=<1216, 208, 32> inF=<-4.371139E-08, 1, 0>
[portal] dump portal0: camG=(-554.0979, 75.03125, -402.42517) near=38.40 size=(384, 384) halfR=64 halfU=64 exitC=<-592, 224, 80>
[portal] 'Portal_1' facing=False onScreen=True -> RENDER near=1.50 size=(384, 384) camQ=<1036.984, 247.52858, 27.031252> inO=<-592, 224, 80> inF=<-1, -8.742278E-08, 0>
[portal] dump portal1: camG=(1194.0979, -20.96875, -1837.5748) near=1.50 size=(384, 384) halfR=64 halfU=64 exitC=<1216, 208, 32>
[lb]hitch EXTERNAL] 137.4ms (7 dropped @60Hz) (med 6.9, ×19.8) — rest-dominated, game-side quiet — OS/compositor/driver | proc 3.0 rcpu 0.4 gpu 0.6 rest 134.0 | alloc 48KB | ticks 3, remote.ents 21 | watchdog: 260/260 samples in '(unscoped)'[0m
[lb]hitch]   gpu: draws 359, pipeline compiles +0, vram 3322MB[0m
[lb]hitch]   prev: 6.9 6.9 6.9 7.9 6.0 6.9 6.9 6.9[0m
[lb]hitch VSYNC/PRESENT] 13.6ms (med 6.9, ×2.0) — present/vsync-bound (rest 10.5ms, gpu 0.6ms) | proc 2.8 rcpu 0.4 gpu 0.6 rest 10.5 | alloc 0B | ticks 1, remote.ents 22 | watchdog: 4/5 samples in '(unscoped)'[0m
[portal] 'Portal_0' facing=True onScreen=True -> RENDER near=264.32 size=(384, 384) camQ=<1049.1929, 473.9894, 24.790602> inO=<1216, 208, 32> inF=<-4.371139E-08, 1, 0>
[portal] dump portal0: camG=(-328.17978, 71.40171, -392.23547) near=264.32 size=(384, 384) halfR=64 halfU=64 exitC=<-592, 224, 80>
[portal] 'Portal_1' facing=False onScreen=True -> RENDER near=1.50 size=(384, 384) camQ=<1049.1929, 473.9894, 24.790602> inO=<-592, 224, 80> inF=<-1, -8.742278E-08, 0>
[portal] dump portal1: camG=(968.1798, -24.59829, -1847.7645) near=1.50 size=(384, 384) halfR=64 halfU=64 exitC=<1216, 208, 32>
[lb]hitch VSYNC/PRESENT ×3] 13.6–19.1ms over 0.1s (med 6.9) — present/vsync-bound (rest 10.5ms, gpu 0.6ms)[0m
[lb]hitch EXTERNAL] 136.9ms (7 dropped @60Hz) (med 6.9, ×19.7) — rest-dominated, game-side quiet — OS/compositor/driver | proc 6.7 rcpu 0.5 gpu 1.5 rest 129.8 | alloc 56KB | ticks 3, remote.ents 36[0m
[lb]hitch]   gpu: draws 304, pipeline compiles +0, vram 3321MB[0m
[lb]hitch]   prev: 6.9 6.9 6.9 6.9 6.9 6.9 6.9 6.9[0m
[lb]hitch VSYNC/PRESENT] 16.7ms (med 6.9, ×2.4) — present/vsync-bound (rest 12.4ms, gpu 2.0ms) | proc 3.8 rcpu 0.4 gpu 2.0 rest 12.4 | alloc 170KB | ticks 3, remote.ents 36 | watchdog: 4/5 samples in '(unscoped)'[0m
[portal] 'Portal_0' facing=True onScreen=True -> RENDER near=240.36 size=(384, 384) camQ=<1154.4102, 447.85583, 27.03125> inO=<1216, 208, 32> inF=<-4.371139E-08, 1, 0>
[portal] dump portal0: camG=(-352.14417, 75.03125, -285.58984) near=240.36 size=(384, 384) halfR=64 halfU=64 exitC=<-592, 224, 80>
[portal] 'Portal_1' facing=False onScreen=False -> RENDER near=1.50 size=(384, 384) camQ=<1154.4102, 447.85583, 27.03125> inO=<-592, 224, 80> inF=<-1, -8.742278E-08, 0>
[portal] dump portal1: camG=(992.1442, -20.96875, -1954.4102) near=1.50 size=(384, 384) halfR=64 halfU=64 exitC=<1216, 208, 32>
[lb]hitch VSYNC/PRESENT ×2] 13.6–16.7ms over 0.4s (med 6.9) — present/vsync-bound (rest 12.4ms, gpu 2.0ms)[0m
[lb]hitch EXTERNAL] 141.3ms (7 dropped @60Hz) (med 6.9, ×20.4) — rest-dominated, game-side quiet — OS/compositor/driver | proc 8.3 rcpu 0.5 gpu 0.5 rest 132.5 | alloc 57KB | ticks 3, remote.ents 37[0m
[lb]hitch]   gpu: draws 376, pipeline compiles +0, vram 3322MB[0m
[lb]hitch]   prev: 7.4 7.1 7.1 7.1 7.1 7.1 7.4 7.4[0m
[lb]hitch VSYNC/PRESENT] 17.6ms (med 6.9, ×2.5) — present/vsync-bound (rest 13.7ms, gpu 0.5ms) | proc 3.4 rcpu 0.5 gpu 0.5 rest 13.7 | alloc 182KB | ticks 3, remote.ents 37 | watchdog: 4/5 samples in '(unscoped)'[0m
[portal] 'Portal_0' facing=True onScreen=True -> RENDER near=240.36 size=(384, 384) camQ=<1154.4102, 447.85583, 27.03125> inO=<1216, 208, 32> inF=<-4.371139E-08, 1, 0>
[portal] dump portal0: camG=(-352.14417, 75.03125, -285.58984) near=240.36 size=(384, 384) halfR=64 halfU=64 exitC=<-592, 224, 80>
[portal] 'Portal_1' facing=False onScreen=False -> RENDER near=1.50 size=(384, 384) camQ=<1154.4102, 447.85583, 27.03125> inO=<-592, 224, 80> inF=<-1, -8.742278E-08, 0>
[portal] dump portal1: camG=(992.1442, -20.96875, -1954.4102) near=1.50 size=(384, 384) halfR=64 halfU=64 exitC=<1216, 208, 32>
[lb]hitch VSYNC/PRESENT] 136.1ms (7 dropped @60Hz) (med 6.9, ×19.6) — present/vsync-bound (rest 91.9ms, gpu 0.5ms) | proc 43.8 rcpu 0.4 gpu 0.5 rest 91.9 | alloc 96KB | ticks 3, remote.ents 37 | watchdog: 12/23 samples in 'bot.path'[0m
[lb]hitch]   gpu: draws 376, pipeline compiles +0, vram 3322MB[0m
[lb]hitch]   prev: 6.9 6.9 6.9 6.9 8.9 5.6 6.9 6.9[0m
[lb]hitch EXTERNAL] 52.1ms (2 dropped @60Hz) (med 6.9, ×7.5) — rest-dominated, game-side quiet — OS/compositor/driver | proc 4.2 rcpu 0.5 gpu 0.5 rest 47.3 | alloc 146KB | ticks 3, remote.ents 37 | watchdog: 12/28 samples in 'bot.path'[0m
[lb]hitch CPU-LOGIC] 14.6ms (med 6.9, ×2.1) — ng.process 23.2ms (typ 6.0ms, 4× over) | proc 14.6 rcpu 0.5 gpu 0.5 rest 0.0 | alloc 48KB | ticks 3, remote.ents 37 | watchdog: 7/13 samples in 'bot.path'[0m
[lb]hitch EXTERNAL] 28.3ms (1 dropped @60Hz) (med 6.9, ×4.1) — rest-dominated, game-side quiet — OS/compositor/driver | proc 4.1 rcpu 0.5 gpu 0.5 rest 23.7 | alloc 56KB | ticks 3, remote.ents 37 | watchdog: 7/17 samples in 'bot.path'[0m
[lb]hitch VSYNC/PRESENT] 15.9ms (med 6.9, ×2.3) — present/vsync-bound (rest 11.6ms, gpu 0.5ms) | proc 3.9 rcpu 0.5 gpu 0.5 rest 11.6 | alloc 40KB | ticks 3, remote.ents 37[0m
[portal] 'Portal_0' facing=True onScreen=True -> RENDER near=35.41 size=(384, 384) camQ=<1197.4796, 242.3416, 27.03125> inO=<1216, 208, 32> inF=<-4.371139E-08, 1, 0>
[portal] dump portal0: camG=(-557.0926, 75.03125, -242.7041) near=35.41 size=(384, 384) halfR=64 halfU=64 exitC=<-592, 224, 80>
[portal] 'Portal_1' facing=False onScreen=False -> RENDER near=1.50 size=(384, 384) camQ=<1197.4796, 242.3416, 27.03125> inO=<-592, 224, 80> inF=<-1, -8.742278E-08, 0>
[portal] dump portal1: camG=(1197.0927, -20.96875, -1997.2959) near=1.50 size=(384, 384) halfR=64 halfU=64 exitC=<1216, 208, 32>
[lb]hitch EXTERNAL] 141.4ms (7 dropped @60Hz) (med 6.9, ×20.4) — rest-dominated, game-side quiet — OS/compositor/driver | proc 4.4 rcpu 0.4 gpu 1.0 rest 136.6 | alloc 48KB | ticks 3, remote.ents 22 | watchdog: 185/185 samples in '(unscoped)'[0m
[lb]hitch]   gpu: draws 400, pipeline compiles +0, vram 3322MB[0m
[lb]hitch]   prev: 6.7 6.7 6.9 6.7 6.7 6.7 7.0 6.9[0m
[lb]hitch VSYNC/PRESENT] 16.8ms (med 6.9, ×2.4) — present/vsync-bound (rest 13.4ms, gpu 1.0ms) | proc 3.0 rcpu 0.4 gpu 1.0 rest 13.4 | alloc 172KB | ticks 3, remote.ents 22 | watchdog: 3/3 samples in '(unscoped)'[0m
[lb]hitch EXTERNAL] 90.6ms (4 dropped @60Hz) (med 6.9, ×13.0) — rest-dominated, game-side quiet — OS/compositor/driver | proc 2.8 rcpu 0.4 gpu 2.2 rest 87.4 | alloc 48KB | ticks 3, remote.ents 22 | watchdog: 26/50 samples in 'bot.path'[0m
[lb]hitch VSYNC/PRESENT] 15.4ms (med 6.9, ×2.2) — present/vsync-bound (rest 12.2ms, gpu 3.0ms) | proc 2.9 rcpu 0.4 gpu 3.0 rest 12.2 | alloc 40KB | ticks 2, remote.ents 22[0m
[portal] 'Portal_0' facing=True onScreen=True -> RENDER near=30.57 size=(384, 384) camQ=<1198.8667, 238.07048, 27.03125> inO=<1216, 208, 32> inF=<-4.371139E-08, 1, 0>
[portal] dump portal0: camG=(-561.9295, 75.03125, -241.1333) near=30.57 size=(384, 384) halfR=64 halfU=64 exitC=<-592, 224, 80>
[portal] 'Portal_1' facing=False onScreen=False -> RENDER near=1.50 size=(384, 384) camQ=<1198.8667, 238.07048, 27.03125> inO=<-592, 224, 80> inF=<-1, -8.742278E-08, 0>
[portal] dump portal1: camG=(1201.9296, -20.96875, -1998.8667) near=1.50 size=(384, 384) halfR=64 halfU=64 exitC=<1216, 208, 32>
[lb]hitch EXTERNAL] 136.4ms (7 dropped @60Hz) (med 6.9, ×19.7) — rest-dominated, game-side quiet — OS/compositor/driver | proc 3.5 rcpu 0.4 gpu 2.1 rest 132.5 | alloc 40KB | ticks 3, remote.ents 22 | watchdog: 183/198 samples in '(unscoped)'[0m
[lb]hitch]   gpu: draws 401, pipeline compiles +0, vram 3321MB[0m
[lb]hitch]   prev: 7.6 6.7 6.7 6.9 8.5 6.9 6.9 6.9[0m
[lb]hitch VSYNC/PRESENT] 17.3ms (med 6.9, ×2.5) — present/vsync-bound (rest 13.6ms, gpu 0.6ms) | proc 3.2 rcpu 0.4 gpu 0.6 rest 13.6 | alloc 172KB | ticks 3, remote.ents 22[0m
[lb]frameprofile] scene: nodes 2877 objs-drawn 1856 draws 401 vram 3321MB[0m
[lb]frameprofile] census: Label 876  HBoxContainer 218  Control 157  Dependent 113  Button 110  CvarCheckBox 104  VBoxContainer 78  HSlider 62  CvarSlider 58  MarginContainer 52[0m
[lb]frameprofile] 564 frames: p50 6.9 p95 10.1 p99 90.6 p99.9 141.4ms (max 141.4) | 8 EXTERNAL, 14 VSYNC/PRESENT, 3 CPU-LOGIC, 3 MIXED | alloc 5MB/s heap 823.8MB | proc 1.2 gpu 0.6[0m
[lb]frameprofile] ms/frame: ng.process 1.6  server.tick 1.3  sim.move 0.9  proc:other 0.7  move.in 0.6  bot.think 0.6  bot.strategy 0.6  net.send 0.2  move.pm 0.2  bot.path 0.2[0m
[portal] 'Portal_0' facing=True onScreen=True -> RENDER near=30.57 size=(384, 384) camQ=<1198.8667, 238.07048, 27.03125> inO=<1216, 208, 32> inF=<-4.371139E-08, 1, 0>
[portal] dump portal0: camG=(-561.9295, 75.03125, -241.1333) near=30.57 size=(384, 384) halfR=64 halfU=64 exitC=<-592, 224, 80>
[portal] 'Portal_1' facing=False onScreen=False -> RENDER near=1.50 size=(384, 384) camQ=<1198.8667, 238.07048, 27.03125> inO=<-592, 224, 80> inF=<-1, -8.742278E-08, 0>
[portal] dump portal1: camG=(1201.9296, -20.96875, -1998.8667) near=1.50 size=(384, 384) halfR=64 halfU=64 exitC=<1216, 208, 32>
[lb]hitch VSYNC/PRESENT ×3] 17.0–20.7ms over 0.2s (med 6.9) — present/vsync-bound (rest 13.6ms, gpu 0.6ms)[0m
[lb]hitch EXTERNAL] 135.6ms (7 dropped @60Hz) (med 6.9, ×19.5) — rest-dominated, game-side quiet — OS/compositor/driver | proc 3.2 rcpu 0.4 gpu 0.6 rest 132.0 | alloc 40KB | ticks 3, remote.ents 22 | watchdog: 183/183 samples in '(unscoped)'[0m
[lb]hitch]   gpu: draws 401, pipeline compiles +0, vram 3321MB[0m
[lb]hitch]   prev: 6.9 6.9 6.9 6.9 6.9 6.9 6.9 6.9[0m
[lb]hitch EXTERNAL ×2] 73.1–135.6ms over 0.3s (med 6.9) — rest-dominated, game-side quiet — OS/compositor/driver[0m
[lb]hitch VSYNC/PRESENT] 16.7ms (med 6.9, ×2.4) — present/vsync-bound (rest 12.2ms, gpu 0.6ms) | proc 4.1 rcpu 0.4 gpu 0.6 rest 12.2 | alloc 48KB | ticks 3, remote.ents 22[0m
[lb]hitch EXTERNAL] 33.6ms (1 dropped @60Hz) (med 6.9, ×4.8) — rest-dominated, game-side quiet — OS/compositor/driver | proc 3.1 rcpu 0.4 gpu 0.6 rest 30.1 | alloc 48KB | ticks 2, remote.ents 22 | watchdog: 9/13 samples in 'bot.strategy'[0m
[lb]hitch VSYNC/PRESENT] 16.7ms (med 6.9, ×2.4) — present/vsync-bound (rest 14.2ms, gpu 0.6ms) | proc 2.0 rcpu 0.4 gpu 0.6 rest 14.2 | alloc 48KB | ticks 1, remote.ents 22[0m
[portal] 'Portal_0' facing=True onScreen=True -> RENDER near=30.57 size=(384, 384) camQ=<1198.8667, 238.07048, 27.03125> inO=<1216, 208, 32> inF=<-4.371139E-08, 1, 0>
[portal] dump portal0: camG=(-561.9295, 75.03125, -241.1333) near=30.57 size=(384, 384) halfR=64 halfU=64 exitC=<-592, 224, 80>
[portal] 'Portal_1' facing=False onScreen=False -> RENDER near=1.50 size=(384, 384) camQ=<1198.8667, 238.07048, 27.03125> inO=<-592, 224, 80> inF=<-1, -8.742278E-08, 0>
[portal] dump portal1: camG=(1201.9296, -20.96875, -1998.8667) near=1.50 size=(384, 384) halfR=64 halfU=64 exitC=<1216, 208, 32>
[lb]hitch EXTERNAL] 133.2ms (7 dropped @60Hz) (med 6.9, ×19.2) — rest-dominated, game-side quiet — OS/compositor/driver | proc 3.3 rcpu 0.4 gpu 0.8 rest 129.4 | alloc 48KB | ticks 3, remote.ents 22 | watchdog: 214/214 samples in '(unscoped)'[0m
[lb]hitch]   gpu: draws 381, pipeline compiles +0, vram 3321MB[0m
[lb]hitch]   prev: 6.7 6.7 6.7 6.7 6.7 6.7 6.7 6.7[0m
[lb]hitch VSYNC/PRESENT] 12.5ms (med 6.9, ×1.8) — present/vsync-bound (rest 10.9ms, gpu 0.9ms) | proc 1.2 rcpu 0.4 gpu 0.9 rest 10.9 | alloc 32KB | ticks 0, remote.ents 22[0m
[portal] 'Portal_0' facing=True onScreen=True -> RENDER near=30.57 size=(384, 384) camQ=<1198.8667, 238.07048, 27.03125> inO=<1216, 208, 32> inF=<-4.371139E-08, 1, 0>
[portal] dump portal0: camG=(-561.9295, 75.03125, -241.1333) near=30.57 size=(384, 384) halfR=64 halfU=64 exitC=<-592, 224, 80>
[portal] 'Portal_1' facing=False onScreen=False -> RENDER near=1.50 size=(384, 384) camQ=<1198.8667, 238.07048, 27.03125> inO=<-592, 224, 80> inF=<-1, -8.742278E-08, 0>
[portal] dump portal1: camG=(1201.9296, -20.96875, -1998.8667) near=1.50 size=(384, 384) halfR=64 halfU=64 exitC=<1216, 208, 32>
[lb]hitch VSYNC/PRESENT ×2] 12.5–18.5ms over 0.4s (med 6.7) — present/vsync-bound (rest 10.9ms, gpu 0.9ms)[0m
[lb]hitch EXTERNAL] 140.3ms (7 dropped @60Hz) (med 6.7, ×21.0) — rest-dominated, game-side quiet — OS/compositor/driver | proc 4.3 rcpu 0.4 gpu 1.0 rest 135.6 | alloc 40KB | ticks 3, remote.ents 22 | watchdog: 208/208 samples in '(unscoped)'[0m
[lb]hitch]   gpu: draws 352, pipeline compiles +0, vram 3321MB[0m
[lb]hitch]   prev: 6.7 6.7 6.7 6.7 6.7 6.7 6.7 6.7[0m
[lb]hitch VSYNC/PRESENT] 16.7ms (med 6.7, ×2.5) — present/vsync-bound (rest 13.0ms, gpu 0.6ms) | proc 3.3 rcpu 0.4 gpu 0.6 rest 13.0 | alloc 192KB | ticks 3, remote.ents 22[0m
[lb]hitch EXTERNAL] 87.2ms (4 dropped @60Hz) (med 6.7, ×13.1) — rest-dominated, game-side quiet — OS/compositor/driver | proc 4.2 rcpu 0.4 gpu 0.6 rest 82.6 | alloc 48KB | ticks 3, remote.ents 22 | watchdog: 22/46 samples in 'bot.strategy'[0m
[lb]hitch]   gpu: draws 352, pipeline compiles +0, vram 3322MB[0m
[lb]hitch]   prev: 6.9 6.9 6.9 5.6 6.9 6.9 6.9 6.9[0m
[lb]hitch CPU-LOGIC] 18.3ms (med 6.7, ×2.7) — ng.process 10.0ms | proc 10.8 rcpu 0.4 gpu 0.6 rest 7.1 | alloc 178KB | ticks 3, remote.ents 22 | watchdog: 2/4 samples in 'bot.strategy'[0m
[portal] 'Portal_0' facing=True onScreen=True -> RENDER near=61.91 size=(384, 384) camQ=<1168.0312, 269.9165, 27.03125> inO=<1216, 208, 32> inF=<-4.371139E-08, 1, 0>
[portal] dump portal0: camG=(-530.5874, 75.03125, -271.96875) near=61.91 size=(384, 384) halfR=64 halfU=64 exitC=<-592, 224, 80>
[portal] 'Portal_1' facing=False onScreen=False -> RENDER near=1.50 size=(384, 384) camQ=<1168.0312, 269.9165, 27.03125> inO=<-592, 224, 80> inF=<-1, -8.742278E-08, 0>
[portal] dump portal1: camG=(1170.5875, -20.96875, -1968.0312) near=1.50 size=(384, 384) halfR=64 halfU=64 exitC=<1216, 208, 32>
[lb]hitch EXTERNAL] 143.9ms (8 dropped @60Hz) (med 6.7, ×21.6) — rest-dominated, game-side quiet — OS/compositor/driver | proc 3.5 rcpu 0.3 gpu 0.6 rest 140.1 | alloc 42KB | ticks 3, remote.ents 22 | watchdog: 212/212 samples in '(unscoped)'[0m
[lb]hitch VSYNC/PRESENT] 17.1ms (med 6.7, ×2.6) — present/vsync-bound (rest 14.1ms, gpu 0.6ms) | proc 2.7 rcpu 0.4 gpu 0.6 rest 14.1 | alloc 49KB | ticks 3, remote.ents 22[0m
=== frame profiler session summary (40s, 1619 frames) ===[0m
  fps: avg 89.9  1%low 7  0.1%low 7  (median 6.9ms, worst 150.0ms)[0m
  hitches: 85 total — 29 EXTERNAL, 1 ASSET-BUILD, 2 PIPELINE-COMPILE, 1 GC-PAUSE, 36 VSYNC/PRESENT, 8 CPU-LOGIC, 8 MIXED[0m
    worst[lb]1]: 147.0ms EXTERNAL (ng.process) @ t=27.1s[0m
    worst[lb]2]: 146.1ms EXTERNAL (ng.process) @ t=23.1s[0m
    worst[lb]3]: 144.0ms EXTERNAL (ng.process) @ t=25.1s[0m
    worst[lb]4]: 143.9ms EXTERNAL (ng.process) @ t=40.0s[0m
    worst[lb]5]: 141.4ms EXTERNAL (ng.process) @ t=35.0s[0m
  gc: g0+85 g1+58 g2+34, total pause 247ms[0m
  alloc: 2.7GB total, 5MB/s recent, peak 433.8MB in one frame @ t=5.6s, heap 821.2MB[0m
