Godot Engine v4.6.3.stable.mono.official.7d41c59c4 - https://godotengine.org
Vulkan 1.4.341 - Forward+ - Using Device #0: NVIDIA - NVIDIA GeForce RTX 3080

[lb]frameprofiler] env: managed-debugger=False godot-context=debug csharp=Debug vsync=Enabled maxfps=0 refresh=60Hz cpu=24c gpu=NVIDIA GeForce RTX 3080[0m
[lb]frameprofiler] columns: proc=all _Process CPU | rcpu=render-thread submit | gpu=main viewport GPU | rest=present/vsync/stall (ms-proc-rcpu) | alloc=managed garbage/frame | pipe=shader-pipeline compiles[0m
=== XonoticGodot boot ===[0m
Weapons:   27[0m
Items:     21[0m
Mutators:  46[0m
GameTypes: 20[0m
[lb]MenuState] config: 6462 cvars from 25 cfg files (374 aliases, 0 missing).[0m
[lb]shell] --cvar sv_warpzone_trace = "1"[0m
[lb]shell] --cvar wz_portal_force = "1"[0m
[lb]shell] --cvar wz_portal_dump = "1"[0m
[lb]shell] --cvar wz_portal_uvtest = "2"[0m
[lb]shell] --cvar wz_portal_lookat = "1"[0m
[lb]video] vid_vsync 2 → requested Mailbox, actual Mailbox[0m
[lb]video] cl_maxfps 256 -> Engine.MaxFps 144 (refresh 60Hz)[0m
[lb]video] process priority AboveNormal (sys_priority_boost 1)[0m
[MenuCommand] 'playerstats_update' has no client backend yet (inert).
[lb]Shell] hosting listen server: gametype=dm map=stormkeep bots=0 skill=0 timelimit=0 fraglimit=0[0m
[AssetSystem] loaded 2439 shaders from 185 scripts.
[NetTransport.Server] listening on UDP 26000 (max 16).
[ServerNet] LAN discovery: answering getinfo on UDP 26001 (game port 26000).
[NetTransport.Client] connecting to 127.0.0.1:26000 …
[EffectSystem] effectinfo: 301 effects, particlefont atlas: loaded, style overlay: 0 effects
[Particles] backend=original (cl_particles_modern=0)
[AssetLoader] model 'models/items/buff.md3' read failed: Asset not found in any mount: "models/items/buff.md3".
[AssetLoader] 'models/casing_shell.mdl' is not a known model (magic "IDPO?").
[MapLoader] occluder: 90016 verts / 107956 tris (r_occlusion_cull A/B)
[MapLoader] 'stormkeep' materials: lightmapped=34 vertexLit=3 plain=8 glow=4 normalMapped=34 (deluxe=True, internalPages=0, atlas=1p, cellSize=131072, cells=8, surfaces=188)
[MapLoader] 'stormkeep' portal surfaces: 2 (from 2 faces), pocket decor: 5 (from 5 faces)
[DecalSplats] geometry: 106027 render triangles, 502 grid cells
[Skybox] loaded 'env/extragalactic/asteroids'.
[PortalRenderer] 2 live portal(s)
[portal] 'Portal_0' facing=True onScreen=False -> RENDER near=0.05 size=(384, 384) camQ=<1216, 298, 40> inO=<1216, 208, 32> inF=<-4.371139E-08, 1, 0>
[portal] uvtest=2 applied to 'Portal_0' mat=True
[portal] dump portal0: camG=(0, 0, 0) near=0.05 size=(384, 384) halfR=64 halfU=64 exitC=<-592, 224, 80>
[portal] 'Portal_1' facing=False onScreen=False -> RENDER near=0.05 size=(384, 384) camQ=<1216, 298, 40> inO=<-592, 224, 80> inF=<-1, -8.742278E-08, 0>
[portal] uvtest=2 applied to 'Portal_1' mat=True
[portal] dump portal1: camG=(0, 0, 0) near=0.05 size=(384, 384) halfR=64 halfU=64 exitC=<1216, 208, 32>
[NetGame] map music: 'cdtracks/track005' (from mapinfo/worldspawn)
[portal] 'Portal_0' facing=True onScreen=True -> RENDER near=90.50 size=(384, 384) camQ=<1216, 298, 40> inO=<1216, 208, 32> inF=<-4.371139E-08, 1, 0>
[portal] uvtest=2 applied to 'Portal_0' mat=True
[portal] dump portal0: camG=(-502, 88, -224) near=90.50 size=(384, 384) halfR=64 halfU=64 exitC=<-592, 224, 80>
[portal] 'Portal_1' facing=False onScreen=False -> RENDER near=1.50 size=(384, 384) camQ=<1216, 298, 40> inO=<-592, 224, 80> inF=<-1, -8.742278E-08, 0>
[portal] uvtest=2 applied to 'Portal_1' mat=True
[portal] dump portal1: camG=(1142.0001, -8, -2016) near=1.50 size=(384, 384) halfR=64 halfU=64 exitC=<1216, 208, 32>
[portal] 'Portal_0' facing=True onScreen=True -> RENDER near=90.50 size=(384, 384) camQ=<1216, 298, 40> inO=<1216, 208, 32> inF=<-4.371139E-08, 1, 0>
[portal] uvtest=2 applied to 'Portal_0' mat=True
[portal] dump portal0: camG=(-502, 88, -224) near=90.50 size=(384, 384) halfR=64 halfU=64 exitC=<-592, 224, 80>
[portal] 'Portal_1' facing=False onScreen=False -> RENDER near=1.50 size=(384, 384) camQ=<1216, 298, 40> inO=<-592, 224, 80> inF=<-1, -8.742278E-08, 0>
[portal] uvtest=2 applied to 'Portal_1' mat=True
[portal] dump portal1: camG=(1142.0001, -8, -2016) near=1.50 size=(384, 384) halfR=64 halfU=64 exitC=<1216, 208, 32>
[portal] 'Portal_0' facing=True onScreen=True -> RENDER near=90.50 size=(384, 384) camQ=<1216, 298, 40> inO=<1216, 208, 32> inF=<-4.371139E-08, 1, 0>
[portal] uvtest=2 applied to 'Portal_0' mat=True
[portal] dump portal0: camG=(-502, 88, -224) near=90.50 size=(384, 384) halfR=64 halfU=64 exitC=<-592, 224, 80>
[portal] 'Portal_1' facing=False onScreen=False -> RENDER near=1.50 size=(384, 384) camQ=<1216, 298, 40> inO=<-592, 224, 80> inF=<-1, -8.742278E-08, 0>
[portal] uvtest=2 applied to 'Portal_1' mat=True
[portal] dump portal1: camG=(1142.0001, -8, -2016) near=1.50 size=(384, 384) halfR=64 halfU=64 exitC=<1216, 208, 32>
[portal] 'Portal_0' facing=True onScreen=True -> RENDER near=90.50 size=(384, 384) camQ=<1216, 298, 40> inO=<1216, 208, 32> inF=<-4.371139E-08, 1, 0>
[portal] uvtest=2 applied to 'Portal_0' mat=True
[portal] dump portal0: camG=(-502, 88, -224) near=90.50 size=(384, 384) halfR=64 halfU=64 exitC=<-592, 224, 80>
[portal] 'Portal_1' facing=False onScreen=False -> RENDER near=1.50 size=(384, 384) camQ=<1216, 298, 40> inO=<-592, 224, 80> inF=<-1, -8.742278E-08, 0>
[portal] uvtest=2 applied to 'Portal_1' mat=True
[portal] dump portal1: camG=(1142.0001, -8, -2016) near=1.50 size=(384, 384) halfR=64 halfU=64 exitC=<1216, 208, 32>
[portal] 'Portal_0' facing=True onScreen=True -> RENDER near=90.50 size=(384, 384) camQ=<1216, 298, 40> inO=<1216, 208, 32> inF=<-4.371139E-08, 1, 0>
[portal] uvtest=2 applied to 'Portal_0' mat=True
[portal] dump portal0: camG=(-502, 88, -224) near=90.50 size=(384, 384) halfR=64 halfU=64 exitC=<-592, 224, 80>
[portal] 'Portal_1' facing=False onScreen=False -> RENDER near=1.50 size=(384, 384) camQ=<1216, 298, 40> inO=<-592, 224, 80> inF=<-1, -8.742278E-08, 0>
[portal] uvtest=2 applied to 'Portal_1' mat=True
[portal] dump portal1: camG=(1142.0001, -8, -2016) near=1.50 size=(384, 384) halfR=64 halfU=64 exitC=<1216, 208, 32>
[NetGame] precached 24 weapon models, skipped 0 (lazy), 24 muzzle tags.
[portal] 'Portal_0' facing=True onScreen=True -> RENDER near=90.50 size=(384, 384) camQ=<1216, 298, 40> inO=<1216, 208, 32> inF=<-4.371139E-08, 1, 0>
[portal] uvtest=2 applied to 'Portal_0' mat=True
[portal] dump portal0: camG=(-502, 88, -224) near=90.50 size=(384, 384) halfR=64 halfU=64 exitC=<-592, 224, 80>
[portal] 'Portal_1' facing=False onScreen=False -> RENDER near=1.50 size=(384, 384) camQ=<1216, 298, 40> inO=<-592, 224, 80> inF=<-1, -8.742278E-08, 0>
[portal] uvtest=2 applied to 'Portal_1' mat=True
[portal] dump portal1: camG=(1142.0001, -8, -2016) near=1.50 size=(384, 384) halfR=64 halfU=64 exitC=<1216, 208, 32>
[portal] 'Portal_0' facing=True onScreen=True -> RENDER near=90.50 size=(384, 384) camQ=<1216, 298, 40> inO=<1216, 208, 32> inF=<-4.371139E-08, 1, 0>
[portal] uvtest=2 applied to 'Portal_0' mat=True
[portal] dump portal0: camG=(-502, 88, -224) near=90.50 size=(384, 384) halfR=64 halfU=64 exitC=<-592, 224, 80>
[portal] 'Portal_1' facing=False onScreen=False -> RENDER near=1.50 size=(384, 384) camQ=<1216, 298, 40> inO=<-592, 224, 80> inF=<-1, -8.742278E-08, 0>
[portal] uvtest=2 applied to 'Portal_1' mat=True
[portal] dump portal1: camG=(1142.0001, -8, -2016) near=1.50 size=(384, 384) halfR=64 halfU=64 exitC=<1216, 208, 32>
[portal] 'Portal_0' facing=True onScreen=True -> RENDER near=90.50 size=(384, 384) camQ=<1216, 298, 40> inO=<1216, 208, 32> inF=<-4.371139E-08, 1, 0>
[portal] uvtest=2 applied to 'Portal_0' mat=True
[portal] dump portal0: camG=(-502, 88, -224) near=90.50 size=(384, 384) halfR=64 halfU=64 exitC=<-592, 224, 80>
[portal] 'Portal_1' facing=False onScreen=False -> RENDER near=1.50 size=(384, 384) camQ=<1216, 298, 40> inO=<-592, 224, 80> inF=<-1, -8.742278E-08, 0>
[portal] uvtest=2 applied to 'Portal_1' mat=True
[portal] dump portal1: camG=(1142.0001, -8, -2016) near=1.50 size=(384, 384) halfR=64 halfU=64 exitC=<1216, 208, 32>
[portal] 'Portal_0' facing=True onScreen=True -> RENDER near=90.50 size=(384, 384) camQ=<1216, 298, 40> inO=<1216, 208, 32> inF=<-4.371139E-08, 1, 0>
[portal] uvtest=2 applied to 'Portal_0' mat=True
[portal] dump portal0: camG=(-502, 88, -224) near=90.50 size=(384, 384) halfR=64 halfU=64 exitC=<-592, 224, 80>
[portal] 'Portal_1' facing=False onScreen=False -> RENDER near=1.50 size=(384, 384) camQ=<1216, 298, 40> inO=<-592, 224, 80> inF=<-1, -8.742278E-08, 0>
[portal] uvtest=2 applied to 'Portal_1' mat=True
[portal] dump portal1: camG=(1142.0001, -8, -2016) near=1.50 size=(384, 384) halfR=64 halfU=64 exitC=<1216, 208, 32>
[portal] 'Portal_0' facing=True onScreen=True -> RENDER near=90.50 size=(384, 384) camQ=<1216, 298, 40> inO=<1216, 208, 32> inF=<-4.371139E-08, 1, 0>
[portal] uvtest=2 applied to 'Portal_0' mat=True
[portal] dump portal0: camG=(-502, 88, -224) near=90.50 size=(384, 384) halfR=64 halfU=64 exitC=<-592, 224, 80>
[portal] 'Portal_1' facing=False onScreen=False -> RENDER near=1.50 size=(384, 384) camQ=<1216, 298, 40> inO=<-592, 224, 80> inF=<-1, -8.742278E-08, 0>
[portal] uvtest=2 applied to 'Portal_1' mat=True
[portal] dump portal1: camG=(1142.0001, -8, -2016) near=1.50 size=(384, 384) halfR=64 halfU=64 exitC=<1216, 208, 32>
[NetGame] precached 36 combat sounds, 10 player models (rendered for pipeline warm).
[NetGame] listen server on 127.0.0.1:26000 (map 'stormkeep', dm, 0 bots) — self-connecting.
[ServerNet] peer 863453493 connected (awaiting handshake).
[ServerNet] peer 863453493 accepted as 'player' (netId 863453493, id 2f08dcf3).
[ClientNet] handshake accepted by 'Xonotic  Server': netId 1, tickrate 72 Hz.
[NetGame] handshake accepted by 'Xonotic  Server': netId 1.
[portal] 'Portal_0' facing=True onScreen=True -> RENDER near=90.50 size=(384, 384) camQ=<1216, 298, 40> inO=<1216, 208, 32> inF=<-4.371139E-08, 1, 0>
[portal] uvtest=2 applied to 'Portal_0' mat=True
[portal] dump portal0: camG=(-502, 88, -224) near=90.50 size=(384, 384) halfR=64 halfU=64 exitC=<-592, 224, 80>
[portal] 'Portal_1' facing=False onScreen=False -> RENDER near=1.50 size=(384, 384) camQ=<1216, 298, 40> inO=<-592, 224, 80> inF=<-1, -8.742278E-08, 0>
[portal] uvtest=2 applied to 'Portal_1' mat=True
[portal] dump portal1: camG=(1142.0001, -8, -2016) near=1.50 size=(384, 384) halfR=64 halfU=64 exitC=<1216, 208, 32>
[wzview] authoritative snap -> <0, 135, 0>
[portal] 'Portal_0' facing=True onScreen=True -> RENDER near=90.50 size=(384, 384) camQ=<1216, 298, 40> inO=<1216, 208, 32> inF=<-4.371139E-08, 1, 0>
[portal] uvtest=2 applied to 'Portal_0' mat=True
[portal] dump portal0: camG=(-502, 88, -224) near=90.50 size=(384, 384) halfR=64 halfU=64 exitC=<-592, 224, 80>
[portal] 'Portal_1' facing=False onScreen=False -> RENDER near=1.50 size=(384, 384) camQ=<1216, 298, 40> inO=<-592, 224, 80> inF=<-1, -8.742278E-08, 0>
[portal] uvtest=2 applied to 'Portal_1' mat=True
[portal] dump portal1: camG=(1142.0001, -8, -2016) near=1.50 size=(384, 384) halfR=64 halfU=64 exitC=<1216, 208, 32>
[lb]hitch EXTERNAL] 140.6ms (7 dropped @60Hz) (med 6.9, ×20.2) — rest-dominated, game-side quiet — OS/compositor/driver | proc 8.4 rcpu 0.5 gpu 0.4 rest 131.7 | alloc 812KB | ticks 3, remote.ents 21 | watchdog: 2/4 samples in '(unscoped)'[0m
[lb]hitch]   gpu: draws 307, pipeline compiles +0, vram 3211MB[0m
[lb]hitch]   events: [lb]-1f] net: PREDICTION DESYNC 1067qu (predicted vs acked-replay origin)[0m
[lb]hitch]   prev: 6.9 6.9 6.9 6.9 6.9 6.9 6.9 6.9[0m
[portal] 'Portal_0' facing=True onScreen=True -> RENDER near=90.50 size=(384, 384) camQ=<1216, 298, 40> inO=<1216, 208, 32> inF=<-4.371139E-08, 1, 0>
[portal] uvtest=2 applied to 'Portal_0' mat=True
[portal] dump portal0: camG=(-502, 88, -224) near=90.50 size=(384, 384) halfR=64 halfU=64 exitC=<-592, 224, 80>
[portal] 'Portal_1' facing=False onScreen=False -> RENDER near=1.50 size=(384, 384) camQ=<1216, 298, 40> inO=<-592, 224, 80> inF=<-1, -8.742278E-08, 0>
[portal] uvtest=2 applied to 'Portal_1' mat=True
[portal] dump portal1: camG=(1142.0001, -8, -2016) near=1.50 size=(384, 384) halfR=64 halfU=64 exitC=<1216, 208, 32>
[lb]hitch EXTERNAL ×2] 39.0–140.6ms over 0.0s (med 6.9) — rest-dominated, game-side quiet — OS/compositor/driver[0m
[lb]hitch EXTERNAL] 130.3ms (7 dropped @60Hz) (med 6.9, ×18.8) — rest-dominated, game-side quiet — OS/compositor/driver | proc 2.3 rcpu 0.4 gpu 0.4 rest 127.6 | alloc 40KB | ticks 3, remote.ents 21 | watchdog: 224/224 samples in '(unscoped)'[0m
[lb]hitch]   gpu: draws 340, pipeline compiles +0, vram 3212MB[0m
[lb]hitch]   prev: 3.9 6.9 6.9 6.9 6.9 6.9 6.9 7.0[0m
[lb]frameprofile] scene: nodes 2852 objs-drawn 1687 draws 340 vram 3212MB[0m
[lb]frameprofile] census: Label 876  HBoxContainer 218  Control 157  Dependent 113  Button 110  CvarCheckBox 104  VBoxContainer 78  HSlider 62  CvarSlider 58  MarginContainer 52[0m
[lb]frameprofile] 253 frames: p50 6.9 p95 133.4 p99 146.9 p99.9 149.9ms (max 150.0) | 3 EXTERNAL | alloc 123MB/s heap 214.2MB | proc 1.1 gpu 0.7[0m
[lb]frameprofile] ms/frame: iqm.mesh 31.0  iqm.materials 30.6  proc:other 5.8  iqm.anims 5.5  cev.process 1.4  ng.process 1.3  server.tick 0.7  net.send 0.3  cw.process 0.1  net.poll 0.1[0m
[lb]bots] waypoints for 'stormkeep': nodes=99 (file=loaded, cache=yes)[0m
[lb]hitch CPU-LOGIC] 103.5ms (5 dropped @60Hz) (med 6.9, ×14.9) — ng.process 92.2ms (typ 10.6ms, 9× over) | proc 103.5 rcpu 0.5 gpu 1.6 rest 0.0 | alloc 264KB | ticks 3, remote.ents 22 | watchdog: 28/63 samples in 'bot.path'[0m
[lb]hitch PIPELINE-COMPILE] 133.3ms (7 dropped @60Hz) (med 6.9, ×19.2) — 1 pipeline compile(s) — SYNC[lb]surface+1 draw+0] async[lb]mesh+0 spec+0] canvas+0 | proc 19.2 rcpu 0.4 gpu 0.8 rest 113.7 | alloc 128KB | ticks 3, remote.ents 22 | watchdog: 3/8 samples in 'bot.strategy'[0m
[lb]hitch]   gpu: draws 340, pipeline compiles +1 — SYNC[lb]surface+1 draw+0] async[lb]mesh+0 spec+0] canvas+0, vram 3214MB[0m
[lb]hitch]   events: [lb]-1f] anim cache HIT models/player/ignismasked.iqm; stream: player model models/player/ignismasked.iqm (parse) built (1.0ms)[0m
[lb]hitch]   prev: 6.9 6.9 6.9 6.9 6.9 6.9 6.9 103.5[0m
[lb]hitch GC-PAUSE] 37.5ms (1 dropped @60Hz) (med 6.9, ×5.4) — GC g0+1 g1+1 g2+1, pause 1.4ms, 190.1MB allocated | proc 5.6 rcpu 0.5 gpu 0.8 rest 31.4 | alloc 190.1MB | ticks 3, remote.ents 22 | watchdog: 11/19 samples in '(unscoped)'[0m
[portal] 'Portal_0' facing=True onScreen=True -> RENDER near=90.50 size=(384, 384) camQ=<1216, 298, 40> inO=<1216, 208, 32> inF=<-4.371139E-08, 1, 0>
[portal] uvtest=2 applied to 'Portal_0' mat=True
[portal] dump portal0: camG=(-502, 88, -224) near=90.50 size=(384, 384) halfR=64 halfU=64 exitC=<-592, 224, 80>
[portal] 'Portal_1' facing=False onScreen=False -> RENDER near=1.50 size=(384, 384) camQ=<1216, 298, 40> inO=<-592, 224, 80> inF=<-1, -8.742278E-08, 0>
[portal] uvtest=2 applied to 'Portal_1' mat=True
[portal] dump portal1: camG=(1142.0001, -8, -2016) near=1.50 size=(384, 384) halfR=64 halfU=64 exitC=<1216, 208, 32>
[lb]hitch CPU-LOGIC] 15.9ms (med 6.9, ×2.3) — proc:other 11.9ms (typ 1.2ms, 10× over) | proc 15.9 rcpu 0.5 gpu 1.3 rest 0.0 | alloc 64.2MB | ticks 3, remote.ents 22 | watchdog: 253/253 samples in '(unscoped)'[0m
[lb]hitch EXTERNAL] 150.0ms (8 dropped @60Hz) (med 6.9, ×21.6) — rest-dominated, game-side quiet — OS/compositor/driver | proc 9.8 rcpu 0.7 gpu 0.8 rest 139.6 | alloc 147KB | ticks 3, remote.ents 22 | watchdog: 2/3 samples in 'stream.build'[0m
[lb]hitch VSYNC/PRESENT] 23.2ms (med 6.9, ×3.3) — present/vsync-bound (rest 15.8ms, gpu 0.9ms) | proc 6.9 rcpu 0.4 gpu 0.9 rest 15.8 | alloc 52KB | ticks 3, remote.ents 22[0m
[portal] 'Portal_0' facing=True onScreen=True -> RENDER near=90.50 size=(384, 384) camQ=<1216, 298, 40> inO=<1216, 208, 32> inF=<-4.371139E-08, 1, 0>
[portal] uvtest=2 applied to 'Portal_0' mat=True
[portal] dump portal0: camG=(-502, 88, -224) near=90.50 size=(384, 384) halfR=64 halfU=64 exitC=<-592, 224, 80>
[portal] 'Portal_1' facing=False onScreen=False -> RENDER near=1.50 size=(384, 384) camQ=<1216, 298, 40> inO=<-592, 224, 80> inF=<-1, -8.742278E-08, 0>
[portal] uvtest=2 applied to 'Portal_1' mat=True
[portal] dump portal1: camG=(1142.0001, -8, -2016) near=1.50 size=(384, 384) halfR=64 halfU=64 exitC=<1216, 208, 32>
[lb]hitch VSYNC/PRESENT ×2] 13.9–23.2ms over 0.0s (med 6.9) — present/vsync-bound (rest 15.8ms, gpu 0.9ms)[0m
[lb]hitch EXTERNAL] 138.8ms (7 dropped @60Hz) (med 6.9, ×20.0) — rest-dominated, game-side quiet — OS/compositor/driver | proc 5.9 rcpu 0.4 gpu 0.8 rest 132.4 | alloc 48KB | ticks 3, remote.ents 22 | watchdog: 228/228 samples in '(unscoped)'[0m
[lb]hitch]   gpu: draws 340, pipeline compiles +0, vram 3202MB[0m
[lb]hitch]   prev: 6.3 6.7 6.7 6.7 6.7 6.7 6.7 6.7[0m
[lb]hitch VSYNC/PRESENT] 17.5ms (med 6.9, ×2.5) — present/vsync-bound (rest 13.4ms, gpu 3.8ms) | proc 3.6 rcpu 0.4 gpu 3.8 rest 13.4 | alloc 177KB | ticks 3, remote.ents 22 | watchdog: 4/4 samples in '(unscoped)'[0m
[lb]hitch VSYNC/PRESENT ×2] 15.9–17.5ms over 0.0s (med 6.9) — present/vsync-bound (rest 13.4ms, gpu 3.8ms)[0m
[lb]hitch EXTERNAL] 57.8ms (2 dropped @60Hz) (med 6.9, ×8.3) — rest-dominated, game-side quiet — OS/compositor/driver | proc 4.5 rcpu 0.4 gpu 2.1 rest 52.9 | alloc 0B | ticks 3, remote.ents 22[0m
[lb]hitch VSYNC/PRESENT] 18.9ms (med 6.9, ×2.7) — present/vsync-bound (rest 15.3ms, gpu 2.1ms) | proc 3.2 rcpu 0.4 gpu 2.1 rest 15.3 | alloc 50KB | ticks 2, remote.ents 22 | watchdog: 4/4 samples in '(unscoped)'[0m
[lb]hitch EXTERNAL] 45.8ms (2 dropped @60Hz) (med 6.9, ×6.6) — rest-dominated, game-side quiet — OS/compositor/driver | proc 3.7 rcpu 0.4 gpu 0.7 rest 41.7 | alloc 48KB | ticks 3, remote.ents 22 | watchdog: 20/22 samples in 'bot.strategy'[0m
[lb]hitch VSYNC/PRESENT] 16.7ms (med 6.9, ×2.4) — present/vsync-bound (rest 13.3ms, gpu 0.7ms) | proc 2.9 rcpu 0.4 gpu 0.7 rest 13.3 | alloc 56KB | ticks 1, remote.ents 22[0m
[portal] 'Portal_0' facing=True onScreen=True -> RENDER near=90.50 size=(384, 384) camQ=<1216, 298, 40> inO=<1216, 208, 32> inF=<-4.371139E-08, 1, 0>
[portal] uvtest=2 applied to 'Portal_0' mat=True
[portal] dump portal0: camG=(-502, 88, -224) near=90.50 size=(384, 384) halfR=64 halfU=64 exitC=<-592, 224, 80>
[portal] 'Portal_1' facing=False onScreen=False -> RENDER near=1.50 size=(384, 384) camQ=<1216, 298, 40> inO=<-592, 224, 80> inF=<-1, -8.742278E-08, 0>
[portal] uvtest=2 applied to 'Portal_1' mat=True
[portal] dump portal1: camG=(1142.0001, -8, -2016) near=1.50 size=(384, 384) halfR=64 halfU=64 exitC=<1216, 208, 32>
[lb]hitch VSYNC/PRESENT ×3] 13.8–16.7ms over 0.2s (med 6.9) — present/vsync-bound (rest 13.3ms, gpu 0.7ms)[0m
[lb]hitch EXTERNAL] 138.4ms (7 dropped @60Hz) (med 6.9, ×19.9) — rest-dominated, game-side quiet — OS/compositor/driver | proc 5.6 rcpu 0.5 gpu 0.7 rest 132.4 | alloc 57KB | ticks 3, remote.ents 22[0m
[lb]hitch]   gpu: draws 340, pipeline compiles +0, vram 3202MB[0m
[lb]hitch]   prev: 15.2 13.8 12.3 11.1 11.1 11.1 11.1 7.7[0m
[lb]hitch VSYNC/PRESENT] 21.5ms (med 6.9, ×3.1) — present/vsync-bound (rest 16.7ms, gpu 0.7ms) | proc 4.4 rcpu 0.4 gpu 0.7 rest 16.7 | alloc 170KB | ticks 3, remote.ents 22 | watchdog: 5/5 samples in '(unscoped)'[0m
[lb]hitch EXTERNAL] 96.8ms (5 dropped @60Hz) (med 6.9, ×13.9) — rest-dominated, game-side quiet — OS/compositor/driver | proc 4.2 rcpu 0.7 gpu 0.7 rest 91.8 | alloc 48KB | ticks 3, remote.ents 22 | watchdog: 36/60 samples in 'bot.path'[0m
[lb]hitch VSYNC/PRESENT] 17.0ms (med 6.9, ×2.5) — present/vsync-bound (rest 10.3ms, gpu 0.7ms) | proc 6.2 rcpu 0.4 gpu 0.7 rest 10.3 | alloc 48KB | ticks 3, remote.ents 22[0m
[portal] 'Portal_0' facing=True onScreen=True -> RENDER near=90.50 size=(384, 384) camQ=<1216, 298, 40> inO=<1216, 208, 32> inF=<-4.371139E-08, 1, 0>
[portal] uvtest=2 applied to 'Portal_0' mat=True
[portal] dump portal0: camG=(-502, 88, -224) near=90.50 size=(384, 384) halfR=64 halfU=64 exitC=<-592, 224, 80>
[portal] 'Portal_1' facing=False onScreen=False -> RENDER near=1.50 size=(384, 384) camQ=<1216, 298, 40> inO=<-592, 224, 80> inF=<-1, -8.742278E-08, 0>
[portal] uvtest=2 applied to 'Portal_1' mat=True
[portal] dump portal1: camG=(1142.0001, -8, -2016) near=1.50 size=(384, 384) halfR=64 halfU=64 exitC=<1216, 208, 32>
[lb]hitch EXTERNAL] 139.3ms (7 dropped @60Hz) (med 6.9, ×20.1) — rest-dominated, game-side quiet — OS/compositor/driver | proc 3.7 rcpu 0.4 gpu 0.7 rest 135.1 | alloc 40KB | ticks 3, remote.ents 22 | watchdog: 217/217 samples in '(unscoped)'[0m
[lb]hitch]   gpu: draws 340, pipeline compiles +0, vram 3202MB[0m
[lb]hitch]   prev: 6.9 6.9 6.9 6.9 6.9 6.9 6.9 6.9[0m
[lb]hitch VSYNC/PRESENT] 16.7ms (med 6.9, ×2.4) — present/vsync-bound (rest 12.9ms, gpu 0.7ms) | proc 3.3 rcpu 0.5 gpu 0.7 rest 12.9 | alloc 170KB | ticks 3, remote.ents 22[0m
[portal] 'Portal_0' facing=True onScreen=True -> RENDER near=90.50 size=(384, 384) camQ=<1216, 298, 40> inO=<1216, 208, 32> inF=<-4.371139E-08, 1, 0>
[portal] uvtest=2 applied to 'Portal_0' mat=True
[portal] dump portal0: camG=(-502, 88, -224) near=90.50 size=(384, 384) halfR=64 halfU=64 exitC=<-592, 224, 80>
[portal] 'Portal_1' facing=False onScreen=False -> RENDER near=1.50 size=(384, 384) camQ=<1216, 298, 40> inO=<-592, 224, 80> inF=<-1, -8.742278E-08, 0>
[portal] uvtest=2 applied to 'Portal_1' mat=True
[portal] dump portal1: camG=(1142.0001, -8, -2016) near=1.50 size=(384, 384) halfR=64 halfU=64 exitC=<1216, 208, 32>
[lb]hitch VSYNC/PRESENT ×2] 16.7–21.2ms over 0.0s (med 6.9) — present/vsync-bound (rest 12.9ms, gpu 0.7ms)[0m
[lb]hitch EXTERNAL] 138.5ms (7 dropped @60Hz) (med 6.9, ×19.9) — rest-dominated, game-side quiet — OS/compositor/driver | proc 25.2 rcpu 0.6 gpu 0.6 rest 112.6 | alloc 40KB | ticks 3, remote.ents 22 | watchdog: 11/14 samples in 'bot.strategy'[0m
[lb]hitch]   gpu: draws 340, pipeline compiles +0, vram 3202MB[0m
[lb]hitch]   prev: 6.9 6.9 6.9 6.9 6.9 6.9 6.9 6.9[0m
[lb]hitch EXTERNAL ×2] 33.9–138.5ms over 0.0s (med 6.9) — rest-dominated, game-side quiet — OS/compositor/driver[0m
[lb]hitch VSYNC/PRESENT] 13.2ms (med 6.9, ×1.9) — present/vsync-bound (rest 10.3ms, gpu 1.3ms) | proc 2.4 rcpu 0.5 gpu 1.3 rest 10.3 | alloc 40KB | ticks 1, remote.ents 22 | watchdog: 3/5 samples in '(unscoped)'[0m
[wz] cross client=True 'player' o <1230.1547, 206.15332, -7.968749>-><-593.8467, 209.84534, 40.03125> v <-217.70808, -316.20148, 0>-><-316.2015, 217.70807, 0> a <1.1264542, 215.12778, 0>-><1.1264648, 125.12778, 0> | in o=<1216, 208, 32> f=<-4.371139E-08, 1, 0> | out o=<-592, 224, 80> f=<-1, -8.742278E-08, 0>
[portal] 'Portal_0' facing=True onScreen=True -> RENDER near=90.50 size=(384, 384) camQ=<1216, 298, 40> inO=<1216, 208, 32> inF=<-4.371139E-08, 1, 0>
[portal] uvtest=2 applied to 'Portal_0' mat=True
[portal] dump portal0: camG=(-502, 88, -224) near=90.50 size=(384, 384) halfR=64 halfU=64 exitC=<-592, 224, 80>
[portal] 'Portal_1' facing=False onScreen=False -> RENDER near=1.50 size=(384, 384) camQ=<1216, 298, 40> inO=<-592, 224, 80> inF=<-1, -8.742278E-08, 0>
[portal] uvtest=2 applied to 'Portal_1' mat=True
[portal] dump portal1: camG=(1142.0001, -8, -2016) near=1.50 size=(384, 384) halfR=64 halfU=64 exitC=<1216, 208, 32>
[lb]hitch EXTERNAL] 136.6ms (7 dropped @60Hz) (med 6.9, ×19.7) — rest-dominated, game-side quiet — OS/compositor/driver | proc 2.9 rcpu 0.5 gpu 0.6 rest 133.2 | alloc 40KB | ticks 3, remote.ents 21 | watchdog: 234/234 samples in '(unscoped)'[0m
[lb]hitch]   gpu: draws 340, pipeline compiles +0, vram 3202MB[0m
[lb]hitch]   prev: 10.3 6.9 6.9 6.4 6.9 6.9 6.9 6.9[0m
[lb]hitch VSYNC/PRESENT] 12.8ms (med 6.9, ×1.8) — present/vsync-bound (rest 9.3ms, gpu 2.0ms) | proc 3.0 rcpu 0.4 gpu 2.0 rest 9.3 | alloc 32KB | ticks 1, remote.ents 21[0m
[lb]hitch VSYNC/PRESENT ×2] 12.8–19.5ms over 0.2s (med 6.9) — present/vsync-bound (rest 9.3ms, gpu 2.0ms)[0m
[lb]hitch MIXED] 14.5ms (med 6.9, ×2.1) — mixed — ng.process 3.0ms | proc 6.2 rcpu 0.8 gpu 1.9 rest 7.5 | alloc 67.0MB | ticks 1, remote.ents 21[0m
[lb]hitch MIXED ×2] 13.8–14.5ms over 0.0s (med 6.9) — mixed — ng.process 3.0ms[0m
[lb]hitch CPU-LOGIC] 15.8ms (med 6.9, ×2.3) — proc:other 6.7ms (typ 1.8ms, 4× over) | proc 14.4 rcpu 1.0 gpu 2.1 rest 0.3 | alloc 205KB | ticks 1, remote.ents 21 | watchdog: 5/7 samples in '(unscoped)'[0m
[lb]hitch CPU-LOGIC ×2] 15.8–29.9ms over 0.0s (med 6.9) — proc:other 6.7ms (typ 1.8ms, 4× over)[0m
[lb]hitch VSYNC/PRESENT] 55.4ms (2 dropped @60Hz) (med 6.9, ×8.0) — present/vsync-bound (rest 36.9ms, gpu 2.0ms) | proc 17.1 rcpu 1.4 gpu 2.0 rest 36.9 | alloc 686KB | ticks 3, remote.ents 21 | watchdog: 3/8 samples in 'stream.build'[0m
[lb]hitch EXTERNAL] 33.3ms (1 dropped @60Hz) (med 6.9, ×4.8) — rest-dominated, game-side quiet — OS/compositor/driver | proc 7.4 rcpu 1.3 gpu 2.2 rest 24.7 | alloc 1.0MB | ticks 3, remote.ents 21[0m
[lb]hitch MIXED] 15.2ms (med 6.9, ×2.2) — mixed — stream.build 3.4ms | proc 7.5 rcpu 0.5 gpu 2.0 rest 7.2 | alloc 666KB | ticks 2, remote.ents 21[0m
[lb]frameprofile] scene: nodes 2903 objs-drawn 1789 draws 394 vram 3213MB[0m
[lb]frameprofile] census: Label 876  HBoxContainer 218  Control 157  Dependent 113  Button 110  CvarCheckBox 104  VBoxContainer 78  HSlider 62  CvarSlider 58  MarginContainer 52[0m
[lb]frameprofile] 499 frames: p50 6.9 p95 15.9 p99 136.6 p99.9 139.4ms (max 150.0) | 11 EXTERNAL, 1 PIPELINE-COMPILE, 1 GC-PAUSE, 16 VSYNC/PRESENT, 4 CPU-LOGIC, 3 MIXED | alloc 157MB/s heap 756.0MB | proc 5.1 gpu 1.9[0m
[lb]frameprofile] ms/frame: ng.process 2.2  server.tick 1.8  sim.move 1.3  move.in 1.0  bot.think 1.0  bot.strategy 0.9  proc:other 0.7  iqm.anims 0.5  bot.path 0.3  cw.process 0.3[0m
[lb]hitch VSYNC/PRESENT] 20.8ms (med 6.9, ×3.0) — present/vsync-bound (rest 14.1ms, gpu 1.9ms) | proc 6.2 rcpu 0.6 gpu 1.9 rest 14.1 | alloc 30.6MB | ticks 2, remote.ents 21 | watchdog: 7/7 samples in '(unscoped)'[0m
[portal] 'Portal_0' facing=True onScreen=True -> RENDER near=90.50 size=(384, 384) camQ=<1216, 298, 40> inO=<1216, 208, 32> inF=<-4.371139E-08, 1, 0>
[portal] uvtest=2 applied to 'Portal_0' mat=True
[portal] dump portal0: camG=(-502, 88, -224) near=90.50 size=(384, 384) halfR=64 halfU=64 exitC=<-592, 224, 80>
[portal] 'Portal_1' facing=False onScreen=False -> RENDER near=1.50 size=(384, 384) camQ=<1216, 298, 40> inO=<-592, 224, 80> inF=<-1, -8.742278E-08, 0>
[portal] uvtest=2 applied to 'Portal_1' mat=True
[portal] dump portal1: camG=(1142.0001, -8, -2016) near=1.50 size=(384, 384) halfR=64 halfU=64 exitC=<1216, 208, 32>
[lb]hitch VSYNC/PRESENT ×3] 18.2–20.8ms over 0.2s (med 6.9) — present/vsync-bound (rest 14.1ms, gpu 1.9ms)[0m
[lb]hitch EXTERNAL] 146.7ms (8 dropped @60Hz) (med 6.9, ×21.1) — rest-dominated, game-side quiet — OS/compositor/driver | proc 4.8 rcpu 0.4 gpu 0.7 rest 141.5 | alloc 499KB | ticks 3, remote.ents 21 | watchdog: 225/225 samples in '(unscoped)'[0m
[lb]hitch]   gpu: draws 340, pipeline compiles +0, vram 3320MB[0m
[lb]hitch]   events: [lb]-7f] stream: idle-warm models/player/megaerebus.iqm tex textures/megaerebus_norm built (10.4ms); [lb]-3f] warm: GPU warm pass done (1 instances)[0m
[lb]hitch]   prev: 9.5 9.5 18.2 10.0 10.0 9.4 10.0 10.0[0m
[lb]hitch VSYNC/PRESENT] 16.7ms (med 6.9, ×2.4) — present/vsync-bound (rest 12.0ms, gpu 0.7ms) | proc 4.2 rcpu 0.4 gpu 0.7 rest 12.0 | alloc 601KB | ticks 3, remote.ents 21 | watchdog: 3/3 samples in '(unscoped)'[0m
[IdleWarmer] asset warm queue drained — full asset set is hot.
[lb]hitch EXTERNAL] 34.0ms (1 dropped @60Hz) (med 6.9, ×4.9) — rest-dominated, game-side quiet — OS/compositor/driver | proc 2.0 rcpu 0.5 gpu 0.7 rest 31.6 | alloc 40KB | ticks 2, remote.ents 21 | watchdog: 10/13 samples in 'bot.strategy'[0m
[lb]hitch VSYNC/PRESENT] 14.2ms (med 6.9, ×2.0) — present/vsync-bound (rest 11.7ms, gpu 0.7ms) | proc 2.1 rcpu 0.4 gpu 0.7 rest 11.7 | alloc 72KB | ticks 1, remote.ents 21 | watchdog: 10/13 samples in 'bot.strategy'[0m
[portal] 'Portal_0' facing=True onScreen=True -> RENDER near=90.50 size=(384, 384) camQ=<1216, 298, 40> inO=<1216, 208, 32> inF=<-4.371139E-08, 1, 0>
[portal] uvtest=2 applied to 'Portal_0' mat=True
[portal] dump portal0: camG=(-502, 88, -224) near=90.50 size=(384, 384) halfR=64 halfU=64 exitC=<-592, 224, 80>
[portal] 'Portal_1' facing=False onScreen=False -> RENDER near=1.50 size=(384, 384) camQ=<1216, 298, 40> inO=<-592, 224, 80> inF=<-1, -8.742278E-08, 0>
[portal] uvtest=2 applied to 'Portal_1' mat=True
[portal] dump portal1: camG=(1142.0001, -8, -2016) near=1.50 size=(384, 384) halfR=64 halfU=64 exitC=<1216, 208, 32>
[lb]hitch EXTERNAL] 135.7ms (7 dropped @60Hz) (med 6.8, ×19.9) — rest-dominated, game-side quiet — OS/compositor/driver | proc 3.5 rcpu 0.4 gpu 0.7 rest 131.8 | alloc 48KB | ticks 3, remote.ents 21 | watchdog: 218/218 samples in '(unscoped)'[0m
[lb]hitch]   gpu: draws 340, pipeline compiles +0, vram 3318MB[0m
[lb]hitch]   prev: 6.9 6.9 12.0 7.1 7.1 4.0 7.1 7.1[0m
[lb]hitch VSYNC/PRESENT] 16.7ms (med 6.8, ×2.4) — present/vsync-bound (rest 13.1ms, gpu 0.7ms) | proc 3.2 rcpu 0.4 gpu 0.7 rest 13.1 | alloc 153KB | ticks 3, remote.ents 21[0m
[portal] 'Portal_0' facing=True onScreen=True -> RENDER near=90.50 size=(384, 384) camQ=<1216, 298, 40> inO=<1216, 208, 32> inF=<-4.371139E-08, 1, 0>
[portal] uvtest=2 applied to 'Portal_0' mat=True
[portal] dump portal0: camG=(-502, 88, -224) near=90.50 size=(384, 384) halfR=64 halfU=64 exitC=<-592, 224, 80>
[portal] 'Portal_1' facing=False onScreen=False -> RENDER near=1.50 size=(384, 384) camQ=<1216, 298, 40> inO=<-592, 224, 80> inF=<-1, -8.742278E-08, 0>
[portal] uvtest=2 applied to 'Portal_1' mat=True
[portal] dump portal1: camG=(1142.0001, -8, -2016) near=1.50 size=(384, 384) halfR=64 halfU=64 exitC=<1216, 208, 32>
[lb]hitch EXTERNAL] 147.5ms (8 dropped @60Hz) (med 6.9, ×21.2) — rest-dominated, game-side quiet — OS/compositor/driver | proc 3.5 rcpu 0.4 gpu 0.6 rest 143.6 | alloc 48KB | ticks 3, remote.ents 21 | watchdog: 222/222 samples in '(unscoped)'[0m
[lb]hitch]   gpu: draws 347, pipeline compiles +0, vram 3318MB[0m
[lb]hitch]   prev: 6.9 6.9 6.9 6.9 6.9 6.9 6.9 6.9[0m
[lb]hitch CPU-LOGIC] 16.7ms (med 6.9, ×2.4) — ng.process 12.0ms (typ 1.6ms, 8× over) | proc 12.8 rcpu 0.4 gpu 0.6 rest 3.4 | alloc 181KB | ticks 3, remote.ents 21 | watchdog: 2/4 samples in 'bot.strategy'[0m
[lb]hitch VSYNC/PRESENT] 16.7ms (med 6.9, ×2.4) — present/vsync-bound (rest 13.5ms, gpu 0.6ms) | proc 2.7 rcpu 0.4 gpu 0.6 rest 13.5 | alloc 48KB | ticks 3, remote.ents 21 | watchdog: 3/7 samples in '(unscoped)'[0m
[portal] 'Portal_0' facing=True onScreen=True -> RENDER near=90.50 size=(384, 384) camQ=<1216, 298, 40> inO=<1216, 208, 32> inF=<-4.371139E-08, 1, 0>
[portal] uvtest=2 applied to 'Portal_0' mat=True
[portal] dump portal0: camG=(-502, 88, -224) near=90.50 size=(384, 384) halfR=64 halfU=64 exitC=<-592, 224, 80>
[portal] 'Portal_1' facing=False onScreen=False -> RENDER near=1.50 size=(384, 384) camQ=<1216, 298, 40> inO=<-592, 224, 80> inF=<-1, -8.742278E-08, 0>
[portal] uvtest=2 applied to 'Portal_1' mat=True
[portal] dump portal1: camG=(1142.0001, -8, -2016) near=1.50 size=(384, 384) halfR=64 halfU=64 exitC=<1216, 208, 32>
[lb]hitch VSYNC/PRESENT ×3] 13.7–16.7ms over 0.5s (med 6.9) — present/vsync-bound (rest 13.5ms, gpu 0.6ms)[0m
[lb]hitch EXTERNAL] 132.3ms (7 dropped @60Hz) (med 6.9, ×19.0) — rest-dominated, game-side quiet — OS/compositor/driver | proc 3.4 rcpu 0.4 gpu 0.6 rest 128.5 | alloc 40KB | ticks 3, remote.ents 21 | watchdog: 220/220 samples in '(unscoped)'[0m
[lb]hitch]   gpu: draws 355, pipeline compiles +0, vram 3318MB[0m
[lb]hitch]   prev: 7.6 7.6 7.6 7.6 7.6 7.6 7.4 7.4[0m
[lb]hitch VSYNC/PRESENT] 14.9ms (med 6.9, ×2.1) — present/vsync-bound (rest 9.0ms, gpu 0.6ms) | proc 5.4 rcpu 0.5 gpu 0.6 rest 9.0 | alloc 64KB | ticks 3, remote.ents 21[0m
[lb]hitch EXTERNAL] 80.9ms (4 dropped @60Hz) (med 6.9, ×11.6) — rest-dominated, game-side quiet — OS/compositor/driver | proc 3.5 rcpu 0.4 gpu 1.2 rest 76.9 | alloc 56KB | ticks 3, remote.ents 21 | watchdog: 31/53 samples in 'bot.strategy'[0m
[lb]hitch VSYNC/PRESENT] 16.7ms (med 6.9, ×2.4) — present/vsync-bound (rest 12.8ms, gpu 0.6ms) | proc 3.4 rcpu 0.4 gpu 0.6 rest 12.8 | alloc 56KB | ticks 3, remote.ents 21 | watchdog: 31/53 samples in 'bot.strategy'[0m
[lb]hitch EXTERNAL] 26.7ms (1 dropped @60Hz) (med 6.9, ×3.8) — rest-dominated, game-side quiet — OS/compositor/driver | proc 2.4 rcpu 0.4 gpu 0.6 rest 23.9 | alloc 40KB | ticks 2, remote.ents 21 | watchdog: 6/13 samples in 'bot.path'[0m
[lb]hitch VSYNC/PRESENT] 14.8ms (med 6.9, ×2.1) — present/vsync-bound (rest 11.4ms, gpu 0.6ms) | proc 2.9 rcpu 0.4 gpu 0.6 rest 11.4 | alloc 40KB | ticks 1, remote.ents 21 | watchdog: 6/13 samples in 'bot.path'[0m
[portal] 'Portal_0' facing=True onScreen=True -> RENDER near=90.50 size=(384, 384) camQ=<1216, 298, 40> inO=<1216, 208, 32> inF=<-4.371139E-08, 1, 0>
[portal] uvtest=2 applied to 'Portal_0' mat=True
[portal] dump portal0: camG=(-502, 88, -224) near=90.50 size=(384, 384) halfR=64 halfU=64 exitC=<-592, 224, 80>
[portal] 'Portal_1' facing=False onScreen=False -> RENDER near=1.50 size=(384, 384) camQ=<1216, 298, 40> inO=<-592, 224, 80> inF=<-1, -8.742278E-08, 0>
[portal] uvtest=2 applied to 'Portal_1' mat=True
[portal] dump portal1: camG=(1142.0001, -8, -2016) near=1.50 size=(384, 384) halfR=64 halfU=64 exitC=<1216, 208, 32>
[lb]hitch EXTERNAL] 133.5ms (7 dropped @60Hz) (med 6.9, ×19.2) — rest-dominated, game-side quiet — OS/compositor/driver | proc 6.0 rcpu 0.4 gpu 0.6 rest 127.1 | alloc 56KB | ticks 3, remote.ents 21 | watchdog: 224/224 samples in '(unscoped)'[0m
[lb]hitch]   gpu: draws 355, pipeline compiles +0, vram 3318MB[0m
[lb]hitch]   prev: 6.9 6.9 6.9 6.9 6.9 6.9 6.9 6.9[0m
[lb]hitch VSYNC/PRESENT] 16.7ms (med 6.9, ×2.4) — present/vsync-bound (rest 11.9ms, gpu 0.6ms) | proc 4.4 rcpu 0.4 gpu 0.6 rest 11.9 | alloc 168KB | ticks 3, remote.ents 21 | watchdog: 3/3 samples in '(unscoped)'[0m
[lb]hitch EXTERNAL] 108.3ms (5 dropped @60Hz) (med 6.9, ×15.6) — rest-dominated, game-side quiet — OS/compositor/driver | proc 5.6 rcpu 0.5 gpu 0.6 rest 102.2 | alloc 48KB | ticks 3, remote.ents 21 | watchdog: 29/59 samples in 'bot.strategy'[0m
[lb]hitch VSYNC/PRESENT] 18.3ms (med 6.9, ×2.6) — present/vsync-bound (rest 13.2ms, gpu 0.6ms) | proc 4.4 rcpu 0.6 gpu 0.6 rest 13.2 | alloc 80KB | ticks 3, remote.ents 21 | watchdog: 3/3 samples in '(unscoped)'[0m
[portal] 'Portal_0' facing=True onScreen=True -> RENDER near=90.50 size=(384, 384) camQ=<1216, 298, 40> inO=<1216, 208, 32> inF=<-4.371139E-08, 1, 0>
[portal] uvtest=2 applied to 'Portal_0' mat=True
[portal] dump portal0: camG=(-502, 88, -224) near=90.50 size=(384, 384) halfR=64 halfU=64 exitC=<-592, 224, 80>
[portal] 'Portal_1' facing=False onScreen=False -> RENDER near=1.50 size=(384, 384) camQ=<1216, 298, 40> inO=<-592, 224, 80> inF=<-1, -8.742278E-08, 0>
[portal] uvtest=2 applied to 'Portal_1' mat=True
[portal] dump portal1: camG=(1142.0001, -8, -2016) near=1.50 size=(384, 384) halfR=64 halfU=64 exitC=<1216, 208, 32>
[lb]hitch VSYNC/PRESENT ×2] 18.3–24.3ms over 0.0s (med 6.9) — present/vsync-bound (rest 13.2ms, gpu 0.6ms)[0m
[lb]hitch EXTERNAL] 149.1ms (8 dropped @60Hz) (med 6.9, ×21.5) — rest-dominated, game-side quiet — OS/compositor/driver | proc 3.2 rcpu 0.4 gpu 0.6 rest 145.4 | alloc 40KB | ticks 3, remote.ents 21 | watchdog: 223/223 samples in '(unscoped)'[0m
[lb]hitch]   gpu: draws 359, pipeline compiles +0, vram 3318MB[0m
[lb]hitch]   prev: 6.1 6.1 6.1 7.2 6.1 6.1 6.4 6.9[0m
[lb]hitch VSYNC/PRESENT] 16.7ms (med 6.9, ×2.4) — present/vsync-bound (rest 12.0ms, gpu 0.6ms) | proc 4.2 rcpu 0.5 gpu 0.6 rest 12.0 | alloc 153KB | ticks 3, remote.ents 21[0m
[lb]hitch EXTERNAL] 29.3ms (1 dropped @60Hz) (med 6.9, ×4.2) — rest-dominated, game-side quiet — OS/compositor/driver | proc 3.4 rcpu 0.4 gpu 0.6 rest 25.4 | alloc 40KB | ticks 3, remote.ents 21 | watchdog: 15/19 samples in 'bot.strategy'[0m
[lb]hitch VSYNC/PRESENT] 16.7ms (med 6.9, ×2.4) — present/vsync-bound (rest 14.2ms, gpu 0.6ms) | proc 1.9 rcpu 0.5 gpu 0.6 rest 14.2 | alloc 56KB | ticks 1, remote.ents 21[0m
[portal] 'Portal_0' facing=True onScreen=True -> RENDER near=90.50 size=(384, 384) camQ=<1216, 298, 40> inO=<1216, 208, 32> inF=<-4.371139E-08, 1, 0>
[portal] uvtest=2 applied to 'Portal_0' mat=True
[portal] dump portal0: camG=(-502, 88, -224) near=90.50 size=(384, 384) halfR=64 halfU=64 exitC=<-592, 224, 80>
[portal] 'Portal_1' facing=False onScreen=False -> RENDER near=1.50 size=(384, 384) camQ=<1216, 298, 40> inO=<-592, 224, 80> inF=<-1, -8.742278E-08, 0>
[portal] uvtest=2 applied to 'Portal_1' mat=True
[portal] dump portal1: camG=(1142.0001, -8, -2016) near=1.50 size=(384, 384) halfR=64 halfU=64 exitC=<1216, 208, 32>
[lb]hitch VSYNC/PRESENT ×2] 13.7–16.7ms over 0.0s (med 6.9) — present/vsync-bound (rest 14.2ms, gpu 0.6ms)[0m
[lb]hitch EXTERNAL] 135.4ms (7 dropped @60Hz) (med 6.9, ×19.5) — rest-dominated, game-side quiet — OS/compositor/driver | proc 3.5 rcpu 0.4 gpu 2.1 rest 131.5 | alloc 40KB | ticks 3, remote.ents 21 | watchdog: 218/218 samples in '(unscoped)'[0m
[lb]hitch]   gpu: draws 359, pipeline compiles +0, vram 3318MB[0m
[lb]hitch]   prev: 6.9 6.9 6.9 6.9 6.9 6.9 6.9 6.9[0m
[lb]frameprofile] scene: nodes 2874 objs-drawn 1811 draws 359 vram 3318MB[0m
[lb]frameprofile] census: Label 876  HBoxContainer 218  Control 157  Dependent 113  Button 110  CvarCheckBox 104  VBoxContainer 78  HSlider 62  CvarSlider 58  MarginContainer 52[0m
[lb]frameprofile] 546 frames: p50 6.9 p95 14.1 p99 132.4 p99.9 147.4ms (max 149.1) | 12 EXTERNAL, 18 VSYNC/PRESENT, 1 CPU-LOGIC | alloc 4MB/s heap 822.5MB | proc 3.5 gpu 2.1[0m
[lb]frameprofile] ms/frame: ng.process 1.7  server.tick 1.3  sim.move 0.9  proc:other 0.7  move.in 0.6  bot.think 0.6  bot.strategy 0.6  net.send 0.2  move.pm 0.2  bot.path 0.2[0m
=== frame profiler session summary (36s, 1298 frames) ===[0m
  fps: avg 86.0  1%low 7  0.1%low 7  (median 6.9ms, worst 150.0ms)[0m
  hitches: 70 total — 26 EXTERNAL, 1 PIPELINE-COMPILE, 1 GC-PAUSE, 34 VSYNC/PRESENT, 5 CPU-LOGIC, 3 MIXED[0m
    worst[lb]1]: 150.0ms EXTERNAL (stream.build) @ t=24.4s[0m
    worst[lb]2]: 149.1ms EXTERNAL (ng.process) @ t=35.4s[0m
    worst[lb]3]: 147.5ms EXTERNAL (ng.process) @ t=32.4s[0m
    worst[lb]4]: 146.7ms EXTERNAL (proc:other) @ t=30.4s[0m
    worst[lb]5]: 140.6ms EXTERNAL (ng.process) @ t=22.2s[0m
  gc: g0+83 g1+58 g2+34, total pause 243ms[0m
  alloc: 2.7GB total, 4MB/s recent, peak 433.9MB in one frame @ t=5.5s, heap 822.5MB[0m
