Godot Engine v4.6.3.stable.mono.official.7d41c59c4 - https://godotengine.org
Vulkan 1.4.341 - Forward+ - Using Device #0: NVIDIA - NVIDIA GeForce RTX 3080

[lb]frameprofiler] env: managed-debugger=False godot-context=debug csharp=Debug vsync=Enabled maxfps=0 refresh=60Hz cpu=24c gpu=NVIDIA GeForce RTX 3080[0m
[lb]frameprofiler] columns: proc=all _Process CPU | rcpu=render-thread submit | gpu=main viewport GPU | rest=present/vsync/stall (ms-proc-rcpu) | alloc=managed garbage/frame | pipe=shader-pipeline compiles[0m
=== XonoticGodot boot ===[0m
Weapons:   27[0m
Items:     21[0m
Mutators:  46[0m
GameTypes: 20[0m
[lb]MenuState] config: 6462 cvars from 25 cfg files (374 aliases, 0 missing).[0m
[lb]shell] --cvar sv_warpzone_trace = "1"[0m
[lb]shell] --cvar wz_portal_force = "1"[0m
[lb]shell] --cvar wz_portal_dump = "1"[0m
[lb]shell] --cvar wz_portal_headon = "1"[0m
[lb]shell] --cvar r_pvs_cull = "0"[0m
[lb]shell] --cvar r_pvs_cull_entities = "0"[0m
[lb]video] vid_vsync 2 → requested Mailbox, actual Mailbox[0m
[lb]video] cl_maxfps 256 -> Engine.MaxFps 144 (refresh 60Hz)[0m
[lb]video] process priority AboveNormal (sys_priority_boost 1)[0m
[MenuCommand] 'playerstats_update' has no client backend yet (inert).
[lb]Shell] hosting listen server: gametype=dm map=stormkeep bots=0 skill=0 timelimit=0 fraglimit=0[0m
[AssetSystem] loaded 2439 shaders from 185 scripts.
[NetTransport.Server] listening on UDP 26000 (max 16).
[ServerNet] LAN discovery: answering getinfo on UDP 26001 (game port 26000).
[NetTransport.Client] connecting to 127.0.0.1:26000 …
[EffectSystem] effectinfo: 301 effects, particlefont atlas: loaded, style overlay: 0 effects
[Particles] backend=original (cl_particles_modern=0)
[AssetLoader] model 'models/items/buff.md3' read failed: Asset not found in any mount: "models/items/buff.md3".
[AssetLoader] 'models/casing_shell.mdl' is not a known model (magic "IDPO?").
[MapLoader] occluder: 90016 verts / 107956 tris (r_occlusion_cull A/B)
[MapLoader] 'stormkeep' materials: lightmapped=34 vertexLit=3 plain=8 glow=4 normalMapped=34 (deluxe=True, internalPages=0, atlas=1p, cellSize=131072, cells=8, surfaces=188)
[MapLoader] 'stormkeep' portal surfaces: 2 (from 2 faces), pocket decor: 5 (from 5 faces)
[DecalSplats] geometry: 106027 render triangles, 502 grid cells
[Skybox] loaded 'env/extragalactic/asteroids'.
[PortalRenderer] 2 live portal(s)
[portal] 'Portal_0' facing=False onScreen=False -> RENDER near=0.05 size=(384, 384) camQ=<0, -0, 0> inO=<1216, 208, 32> inF=<-4.371139E-08, 1, 0>
[portal] dump portal0: camG=(0, 0, 0) near=0.05 size=(384, 384) halfR=64 halfU=64 exitC=<-592, 224, 80>
[portal] 'Portal_1' facing=False onScreen=False -> RENDER near=0.05 size=(384, 384) camQ=<0, -0, 0> inO=<-592, 224, 80> inF=<-1, -8.742278E-08, 0>
[portal] dump portal1: camG=(0, 0, 0) near=0.05 size=(384, 384) halfR=64 halfU=64 exitC=<1216, 208, 32>
[NetGame] map music: 'cdtracks/track005' (from mapinfo/worldspawn)
[portal] 'Portal_0' facing=False onScreen=True -> RENDER near=100.00 size=(384, 384) camQ=<0, -0, 0> inO=<1216, 208, 32> inF=<-4.371139E-08, 1, 0>
[portal] dump portal0: camG=(-492, 80, -224.00002) near=100.00 size=(384, 384) halfR=64 halfU=64 exitC=<-592, 224, 80>
[portal] 'Portal_1' facing=False onScreen=True -> RENDER near=100.00 size=(384, 384) camQ=<0, -0, 0> inO=<-592, 224, 80> inF=<-1, -8.742278E-08, 0>
[portal] dump portal1: camG=(1216, 32, -108) near=100.00 size=(384, 384) halfR=64 halfU=64 exitC=<1216, 208, 32>
[portal] 'Portal_0' facing=False onScreen=True -> RENDER near=100.00 size=(384, 384) camQ=<0, -0, 0> inO=<1216, 208, 32> inF=<-4.371139E-08, 1, 0>
[portal] dump portal0: camG=(-492, 80, -224.00002) near=100.00 size=(384, 384) halfR=64 halfU=64 exitC=<-592, 224, 80>
[portal] 'Portal_1' facing=False onScreen=True -> RENDER near=100.00 size=(384, 384) camQ=<0, -0, 0> inO=<-592, 224, 80> inF=<-1, -8.742278E-08, 0>
[portal] dump portal1: camG=(1216, 32, -108) near=100.00 size=(384, 384) halfR=64 halfU=64 exitC=<1216, 208, 32>
[portal] 'Portal_0' facing=False onScreen=True -> RENDER near=100.00 size=(384, 384) camQ=<0, -0, 0> inO=<1216, 208, 32> inF=<-4.371139E-08, 1, 0>
[portal] dump portal0: camG=(-492, 80, -224.00002) near=100.00 size=(384, 384) halfR=64 halfU=64 exitC=<-592, 224, 80>
[portal] 'Portal_1' facing=False onScreen=True -> RENDER near=100.00 size=(384, 384) camQ=<0, -0, 0> inO=<-592, 224, 80> inF=<-1, -8.742278E-08, 0>
[portal] dump portal1: camG=(1216, 32, -108) near=100.00 size=(384, 384) halfR=64 halfU=64 exitC=<1216, 208, 32>
[portal] 'Portal_0' facing=False onScreen=True -> RENDER near=100.00 size=(384, 384) camQ=<0, -0, 0> inO=<1216, 208, 32> inF=<-4.371139E-08, 1, 0>
[portal] dump portal0: camG=(-492, 80, -224.00002) near=100.00 size=(384, 384) halfR=64 halfU=64 exitC=<-592, 224, 80>
[portal] 'Portal_1' facing=False onScreen=True -> RENDER near=100.00 size=(384, 384) camQ=<0, -0, 0> inO=<-592, 224, 80> inF=<-1, -8.742278E-08, 0>
[portal] dump portal1: camG=(1216, 32, -108) near=100.00 size=(384, 384) halfR=64 halfU=64 exitC=<1216, 208, 32>
[NetGame] precached 24 weapon models, skipped 0 (lazy), 24 muzzle tags.
[portal] 'Portal_0' facing=False onScreen=True -> RENDER near=100.00 size=(384, 384) camQ=<0, -0, 0> inO=<1216, 208, 32> inF=<-4.371139E-08, 1, 0>
[portal] dump portal0: camG=(-492, 80, -224.00002) near=100.00 size=(384, 384) halfR=64 halfU=64 exitC=<-592, 224, 80>
[portal] 'Portal_1' facing=False onScreen=True -> RENDER near=100.00 size=(384, 384) camQ=<0, -0, 0> inO=<-592, 224, 80> inF=<-1, -8.742278E-08, 0>
[portal] dump portal1: camG=(1216, 32, -108) near=100.00 size=(384, 384) halfR=64 halfU=64 exitC=<1216, 208, 32>
[portal] 'Portal_0' facing=False onScreen=True -> RENDER near=100.00 size=(384, 384) camQ=<0, -0, 0> inO=<1216, 208, 32> inF=<-4.371139E-08, 1, 0>
[portal] dump portal0: camG=(-492, 80, -224.00002) near=100.00 size=(384, 384) halfR=64 halfU=64 exitC=<-592, 224, 80>
[portal] 'Portal_1' facing=False onScreen=True -> RENDER near=100.00 size=(384, 384) camQ=<0, -0, 0> inO=<-592, 224, 80> inF=<-1, -8.742278E-08, 0>
[portal] dump portal1: camG=(1216, 32, -108) near=100.00 size=(384, 384) halfR=64 halfU=64 exitC=<1216, 208, 32>
[portal] 'Portal_0' facing=False onScreen=True -> RENDER near=100.00 size=(384, 384) camQ=<0, -0, 0> inO=<1216, 208, 32> inF=<-4.371139E-08, 1, 0>
[portal] dump portal0: camG=(-492, 80, -224.00002) near=100.00 size=(384, 384) halfR=64 halfU=64 exitC=<-592, 224, 80>
[portal] 'Portal_1' facing=False onScreen=True -> RENDER near=100.00 size=(384, 384) camQ=<0, -0, 0> inO=<-592, 224, 80> inF=<-1, -8.742278E-08, 0>
[portal] dump portal1: camG=(1216, 32, -108) near=100.00 size=(384, 384) halfR=64 halfU=64 exitC=<1216, 208, 32>
[portal] 'Portal_0' facing=False onScreen=True -> RENDER near=100.00 size=(384, 384) camQ=<0, -0, 0> inO=<1216, 208, 32> inF=<-4.371139E-08, 1, 0>
[portal] dump portal0: camG=(-492, 80, -224.00002) near=100.00 size=(384, 384) halfR=64 halfU=64 exitC=<-592, 224, 80>
[portal] 'Portal_1' facing=False onScreen=True -> RENDER near=100.00 size=(384, 384) camQ=<0, -0, 0> inO=<-592, 224, 80> inF=<-1, -8.742278E-08, 0>
[portal] dump portal1: camG=(1216, 32, -108) near=100.00 size=(384, 384) halfR=64 halfU=64 exitC=<1216, 208, 32>
[portal] 'Portal_0' facing=False onScreen=True -> RENDER near=100.00 size=(384, 384) camQ=<0, -0, 0> inO=<1216, 208, 32> inF=<-4.371139E-08, 1, 0>
[portal] dump portal0: camG=(-492, 80, -224.00002) near=100.00 size=(384, 384) halfR=64 halfU=64 exitC=<-592, 224, 80>
[portal] 'Portal_1' facing=False onScreen=True -> RENDER near=100.00 size=(384, 384) camQ=<0, -0, 0> inO=<-592, 224, 80> inF=<-1, -8.742278E-08, 0>
[portal] dump portal1: camG=(1216, 32, -108) near=100.00 size=(384, 384) halfR=64 halfU=64 exitC=<1216, 208, 32>
[NetGame] precached 36 combat sounds, 10 player models (rendered for pipeline warm).
[NetGame] listen server on 127.0.0.1:26000 (map 'stormkeep', dm, 0 bots) — self-connecting.
[ServerNet] peer 78260208 connected (awaiting handshake).
[ServerNet] peer 78260208 accepted as 'player' (netId 78260208, id ba698741).
[ClientNet] handshake accepted by 'Xonotic  Server': netId 1, tickrate 72 Hz.
[NetGame] handshake accepted by 'Xonotic  Server': netId 1.
[portal] 'Portal_0' facing=False onScreen=True -> RENDER near=100.00 size=(384, 384) camQ=<0, -0, 34.92284> inO=<1216, 208, 32> inF=<-4.371139E-08, 1, 0>
[portal] dump portal0: camG=(-492, 80, -224.00002) near=100.00 size=(384, 384) halfR=64 halfU=64 exitC=<-592, 224, 80>
[portal] 'Portal_1' facing=False onScreen=True -> RENDER near=100.00 size=(384, 384) camQ=<0, -0, 34.92284> inO=<-592, 224, 80> inF=<-1, -8.742278E-08, 0>
[portal] dump portal1: camG=(1216, 32, -108) near=100.00 size=(384, 384) halfR=64 halfU=64 exitC=<1216, 208, 32>
[lb]hitch EXTERNAL] 104.8ms (5 dropped @60Hz) (med 31.7, ×3.3) — rest-dominated, game-side quiet — OS/compositor/driver | proc 2.4 rcpu 0.4 gpu 2.2 rest 101.9 | alloc 131KB | ticks 3, remote.ents 79 | watchdog: 68/68 samples in '(unscoped)'[0m
[lb]hitch]   gpu: draws 533, pipeline compiles +0, vram 3210MB[0m
[lb]hitch]   prev: 7.6 5.1 5.8 6.7 6.7 6.9 6.9 6.9[0m
[wzview] authoritative snap -> <0, 135, 0>
[lb]hitch PIPELINE-COMPILE] 55.6ms (2 dropped @60Hz) (med 6.9, ×8.0) — 1 pipeline compile(s) — SYNC[lb]surface+0 draw+0] async[lb]mesh+0 spec+1] canvas+0 | proc 7.0 rcpu 0.4 gpu 0.4 rest 48.1 | alloc 836KB | ticks 3, remote.ents 21[0m
[lb]hitch]   gpu: draws 489, pipeline compiles +1 — SYNC[lb]surface+0 draw+0] async[lb]mesh+0 spec+1] canvas+0, vram 3212MB[0m
[lb]hitch]   events: [lb]-1f] net: PREDICTION DESYNC 1067qu (predicted vs acked-replay origin)[0m
[lb]hitch]   prev: 6.9 6.9 6.9 6.7 6.9 6.9 6.9 6.9[0m
[lb]hitch VSYNC/PRESENT] 20.7ms (med 6.9, ×3.0) — present/vsync-bound (rest 16.9ms, gpu 0.3ms) | proc 3.3 rcpu 0.5 gpu 0.3 rest 16.9 | alloc 204KB | ticks 2, remote.ents 21 | watchdog: 5/5 samples in '(unscoped)'[0m
[portal] 'Portal_0' facing=True onScreen=True -> RENDER near=100.00 size=(384, 384) camQ=<1040, 240, 27.03125> inO=<1216, 208, 32> inF=<-4.371139E-08, 1, 0>
[portal] dump portal0: camG=(-492, 80, -224.00002) near=100.00 size=(384, 384) halfR=64 halfU=64 exitC=<-592, 224, 80>
[portal] 'Portal_1' facing=False onScreen=True -> RENDER near=100.00 size=(384, 384) camQ=<1040, 240, 27.03125> inO=<-592, 224, 80> inF=<-1, -8.742278E-08, 0>
[portal] dump portal1: camG=(1216, 32, -108) near=100.00 size=(384, 384) halfR=64 halfU=64 exitC=<1216, 208, 32>
[lb]hitch VSYNC/PRESENT ×3] 12.6–20.7ms over 0.0s (med 6.9) — present/vsync-bound (rest 16.9ms, gpu 0.3ms)[0m
[lb]hitch EXTERNAL] 134.0ms (7 dropped @60Hz) (med 6.9, ×19.3) — rest-dominated, game-side quiet — OS/compositor/driver | proc 2.2 rcpu 0.4 gpu 0.4 rest 131.4 | alloc 40KB | ticks 3, remote.ents 21 | watchdog: 227/227 samples in '(unscoped)'[0m
[lb]frameprofile] scene: nodes 2852 objs-drawn 1872 draws 522 vram 3212MB[0m
[lb]frameprofile] census: Label 876  HBoxContainer 218  Control 157  Dependent 113  Button 110  CvarCheckBox 104  VBoxContainer 78  HSlider 62  CvarSlider 58  MarginContainer 52[0m
[lb]frameprofile] 257 frames: p50 6.9 p95 133.4 p99 146.9 p99.9 148.1ms (max 150.0) | 2 EXTERNAL, 1 PIPELINE-COMPILE, 3 VSYNC/PRESENT | alloc 90MB/s heap 213.5MB | proc 1.6 gpu 0.4[0m
[lb]frameprofile] ms/frame: iqm.mesh 30.3  iqm.materials 29.8  iqm.anims 5.4  proc:other 4.7  cev.process 1.4  ng.process 1.3  server.tick 0.7  net.send 0.3  cw.process 0.1  net.poll 0.1[0m
[portal] 'Portal_0' facing=True onScreen=True -> RENDER near=100.00 size=(384, 384) camQ=<1040, 240, 27.03125> inO=<1216, 208, 32> inF=<-4.371139E-08, 1, 0>
[portal] dump portal0: camG=(-492, 80, -224.00002) near=100.00 size=(384, 384) halfR=64 halfU=64 exitC=<-592, 224, 80>
[portal] 'Portal_1' facing=False onScreen=True -> RENDER near=100.00 size=(384, 384) camQ=<1040, 240, 27.03125> inO=<-592, 224, 80> inF=<-1, -8.742278E-08, 0>
[portal] dump portal1: camG=(1216, 32, -108) near=100.00 size=(384, 384) halfR=64 halfU=64 exitC=<1216, 208, 32>
[lb]bots] waypoints for 'stormkeep': nodes=99 (file=loaded, cache=yes)[0m
[lb]hitch EXTERNAL ×2] 134.0–134.2ms over 1.0s (med 6.9) — rest-dominated, game-side quiet — OS/compositor/driver[0m
[lb]hitch CPU-LOGIC] 112.6ms (6 dropped @60Hz) (med 6.9, ×16.2) — ng.process 94.8ms (typ 11.0ms, 9× over) | proc 106.6 rcpu 0.5 gpu 0.7 rest 5.4 | alloc 256KB | ticks 3, remote.ents 22 | watchdog: 28/65 samples in 'bot.path'[0m
[lb]hitch]   gpu: draws 522, pipeline compiles +0, vram 3212MB[0m
[lb]hitch]   events: anim cache HIT models/player/ignismasked.iqm[0m
[lb]hitch]   prev: 6.8 2.3 4.7 9.6 6.7 10.0 7.1 9.5[0m
[lb]hitch PIPELINE-COMPILE] 135.8ms (7 dropped @60Hz) (med 6.9, ×19.6) — 1 pipeline compile(s) — SYNC[lb]surface+1 draw+0] async[lb]mesh+0 spec+0] canvas+0 | proc 23.0 rcpu 0.4 gpu 0.7 rest 112.4 | alloc 78.1MB | ticks 3, remote.ents 22 | watchdog: 4/11 samples in 'bot.strategy'[0m
[lb]hitch GC-PAUSE] 35.0ms (1 dropped @60Hz) (med 6.9, ×5.0) — gen2/GC-pause tail (prior frame paused 1.7ms; this frame rest-dominated) | proc 5.3 rcpu 0.5 gpu 0.7 rest 29.2 | alloc 80.1MB | ticks 3, remote.ents 22 | watchdog: 8/17 samples in '(unscoped)'[0m
[lb]hitch VSYNC/PRESENT] 16.7ms (med 6.9, ×2.4) — present/vsync-bound (rest 11.1ms, gpu 0.8ms) | proc 4.8 rcpu 0.7 gpu 0.8 rest 11.1 | alloc 136KB | ticks 3, remote.ents 22 | watchdog: 3/3 samples in '(unscoped)'[0m
[portal] 'Portal_0' facing=True onScreen=True -> RENDER near=100.00 size=(384, 384) camQ=<1040, 240, 27.03125> inO=<1216, 208, 32> inF=<-4.371139E-08, 1, 0>
[portal] dump portal0: camG=(-492, 80, -224.00002) near=100.00 size=(384, 384) halfR=64 halfU=64 exitC=<-592, 224, 80>
[portal] 'Portal_1' facing=False onScreen=True -> RENDER near=100.00 size=(384, 384) camQ=<1040, 240, 27.03125> inO=<-592, 224, 80> inF=<-1, -8.742278E-08, 0>
[portal] dump portal1: camG=(1216, 32, -108) near=100.00 size=(384, 384) halfR=64 halfU=64 exitC=<1216, 208, 32>
[lb]hitch VSYNC/PRESENT ×2] 15.3–16.7ms over 0.0s (med 6.9) — present/vsync-bound (rest 11.1ms, gpu 0.8ms)[0m
[lb]hitch EXTERNAL] 133.1ms (7 dropped @60Hz) (med 6.9, ×19.2) — rest-dominated, game-side quiet — OS/compositor/driver | proc 3.8 rcpu 0.4 gpu 0.8 rest 128.9 | alloc 48KB | ticks 3, remote.ents 22 | watchdog: 226/226 samples in '(unscoped)'[0m
[lb]hitch]   gpu: draws 522, pipeline compiles +0, vram 3202MB[0m
[lb]hitch]   prev: 6.9 6.9 6.9 6.9 6.9 6.9 7.0 6.9[0m
[portal] 'Portal_0' facing=True onScreen=True -> RENDER near=100.00 size=(384, 384) camQ=<1040, 240, 27.03125> inO=<1216, 208, 32> inF=<-4.371139E-08, 1, 0>
[portal] dump portal0: camG=(-492, 80, -224.00002) near=100.00 size=(384, 384) halfR=64 halfU=64 exitC=<-592, 224, 80>
[portal] 'Portal_1' facing=False onScreen=True -> RENDER near=100.00 size=(384, 384) camQ=<1040, 240, 27.03125> inO=<-592, 224, 80> inF=<-1, -8.742278E-08, 0>
[portal] dump portal1: camG=(1216, 32, -108) near=100.00 size=(384, 384) halfR=64 halfU=64 exitC=<1216, 208, 32>
[lb]hitch CPU-LOGIC] 71.4ms (3 dropped @60Hz) (med 6.9, ×10.3) — proc:other 67.8ms (typ 3.9ms, 17× over) | proc 71.4 rcpu 0.4 gpu 0.9 rest 0.0 | alloc 48KB | ticks 3, remote.ents 22 | watchdog: 224/224 samples in '(unscoped)'[0m
[lb]hitch]   gpu: draws 522, pipeline compiles +0, vram 3202MB[0m
[lb]hitch]   prev: 6.9 6.9 6.9 6.9 6.9 6.9 6.9 6.9[0m
[lb]hitch EXTERNAL] 133.3ms (7 dropped @60Hz) (med 6.9, ×19.2) — rest-dominated, game-side quiet — OS/compositor/driver | proc 3.8 rcpu 0.4 gpu 1.9 rest 129.0 | alloc 140KB | ticks 3, remote.ents 22 | watchdog: 228/228 samples in '(unscoped)'[0m
[lb]hitch VSYNC/PRESENT] 16.7ms (med 6.9, ×2.4) — present/vsync-bound (rest 11.0ms, gpu 1.0ms) | proc 5.2 rcpu 0.4 gpu 1.0 rest 11.0 | alloc 48KB | ticks 3, remote.ents 22[0m
[lb]hitch VSYNC/PRESENT ×2] 16.7–19.2ms over 0.2s (med 6.9) — present/vsync-bound (rest 11.0ms, gpu 1.0ms)[0m
[lb]hitch EXTERNAL] 77.1ms (4 dropped @60Hz) (med 6.9, ×11.1) — rest-dominated, game-side quiet — OS/compositor/driver | proc 3.6 rcpu 0.4 gpu 0.7 rest 73.1 | alloc 48KB | ticks 3, remote.ents 22 | watchdog: 34/56 samples in 'bot.path'[0m
[lb]hitch]   gpu: draws 529, pipeline compiles +0, vram 3202MB[0m
[lb]hitch]   prev: 6.9 6.9 6.9 6.9 6.9 6.9 6.9 6.9[0m
[lb]hitch VSYNC/PRESENT] 16.7ms (med 6.9, ×2.4) — present/vsync-bound (rest 13.1ms, gpu 0.7ms) | proc 3.1 rcpu 0.4 gpu 0.7 rest 13.1 | alloc 168KB | ticks 3, remote.ents 22[0m
[portal] 'Portal_0' facing=True onScreen=True -> RENDER near=100.00 size=(384, 384) camQ=<1040, 240, 27.03125> inO=<1216, 208, 32> inF=<-4.371139E-08, 1, 0>
[portal] dump portal0: camG=(-492, 80, -224.00002) near=100.00 size=(384, 384) halfR=64 halfU=64 exitC=<-592, 224, 80>
[portal] 'Portal_1' facing=False onScreen=True -> RENDER near=100.00 size=(384, 384) camQ=<1040, 240, 27.03125> inO=<-592, 224, 80> inF=<-1, -8.742278E-08, 0>
[portal] dump portal1: camG=(1216, 32, -108) near=100.00 size=(384, 384) halfR=64 halfU=64 exitC=<1216, 208, 32>
[lb]hitch EXTERNAL] 147.9ms (8 dropped @60Hz) (med 6.9, ×21.3) — rest-dominated, game-side quiet — OS/compositor/driver | proc 3.6 rcpu 0.5 gpu 1.3 rest 143.9 | alloc 40KB | ticks 3, remote.ents 22 | watchdog: 216/216 samples in '(unscoped)'[0m
[lb]hitch VSYNC/PRESENT] 16.7ms (med 6.9, ×2.4) — present/vsync-bound (rest 12.6ms, gpu 0.7ms) | proc 3.6 rcpu 0.4 gpu 0.7 rest 12.6 | alloc 64KB | ticks 3, remote.ents 22[0m
[portal] 'Portal_0' facing=True onScreen=True -> RENDER near=100.00 size=(384, 384) camQ=<1040, 240, 27.03125> inO=<1216, 208, 32> inF=<-4.371139E-08, 1, 0>
[portal] dump portal0: camG=(-492, 80, -224.00002) near=100.00 size=(384, 384) halfR=64 halfU=64 exitC=<-592, 224, 80>
[portal] 'Portal_1' facing=False onScreen=True -> RENDER near=100.00 size=(384, 384) camQ=<1040, 240, 27.03125> inO=<-592, 224, 80> inF=<-1, -8.742278E-08, 0>
[portal] dump portal1: camG=(1216, 32, -108) near=100.00 size=(384, 384) halfR=64 halfU=64 exitC=<1216, 208, 32>
[lb]hitch VSYNC/PRESENT ×2] 16.7–20.4ms over 0.5s (med 6.9) — present/vsync-bound (rest 12.6ms, gpu 0.7ms)[0m
[lb]hitch EXTERNAL] 135.3ms (7 dropped @60Hz) (med 6.9, ×19.5) — rest-dominated, game-side quiet — OS/compositor/driver | proc 3.9 rcpu 0.4 gpu 1.1 rest 131.0 | alloc 48KB | ticks 3, remote.ents 22 | watchdog: 232/232 samples in '(unscoped)'[0m
[lb]hitch]   gpu: draws 529, pipeline compiles +0, vram 3202MB[0m
[lb]hitch]   prev: 6.9 6.9 6.9 6.9 6.9 6.9 6.9 6.9[0m
[lb]hitch VSYNC/PRESENT] 16.7ms (med 6.9, ×2.4) — present/vsync-bound (rest 12.5ms, gpu 0.7ms) | proc 3.6 rcpu 0.5 gpu 0.7 rest 12.5 | alloc 136KB | ticks 3, remote.ents 22 | watchdog: 3/3 samples in '(unscoped)'[0m
[lb]hitch EXTERNAL] 36.6ms (1 dropped @60Hz) (med 6.9, ×5.3) — rest-dominated, game-side quiet — OS/compositor/driver | proc 3.0 rcpu 0.5 gpu 0.9 rest 33.1 | alloc 40KB | ticks 2, remote.ents 22 | watchdog: 11/15 samples in 'bot.strategy'[0m
[lb]hitch VSYNC/PRESENT] 16.7ms (med 6.9, ×2.4) — present/vsync-bound (rest 13.5ms, gpu 0.9ms) | proc 2.7 rcpu 0.5 gpu 0.9 rest 13.5 | alloc 72KB | ticks 1, remote.ents 22[0m
[portal] 'Portal_0' facing=True onScreen=True -> RENDER near=100.00 size=(384, 384) camQ=<1040, 240, 27.03125> inO=<1216, 208, 32> inF=<-4.371139E-08, 1, 0>
[portal] dump portal0: camG=(-492, 80, -224.00002) near=100.00 size=(384, 384) halfR=64 halfU=64 exitC=<-592, 224, 80>
[portal] 'Portal_1' facing=False onScreen=True -> RENDER near=100.00 size=(384, 384) camQ=<1040, 240, 27.03125> inO=<-592, 224, 80> inF=<-1, -8.742278E-08, 0>
[portal] dump portal1: camG=(1216, 32, -108) near=100.00 size=(384, 384) halfR=64 halfU=64 exitC=<1216, 208, 32>
[lb]hitch EXTERNAL] 143.6ms (8 dropped @60Hz) (med 6.9, ×20.7) — rest-dominated, game-side quiet — OS/compositor/driver | proc 3.0 rcpu 0.5 gpu 1.3 rest 140.1 | alloc 40KB | ticks 3, remote.ents 22 | watchdog: 235/235 samples in '(unscoped)'[0m
[lb]hitch]   gpu: draws 537, pipeline compiles +0, vram 3204MB[0m
[lb]hitch]   prev: 6.3 6.3 6.3 6.3 6.3 6.3 6.3 6.4[0m
[lb]hitch VSYNC/PRESENT] 12.8ms (med 6.9, ×1.8) — present/vsync-bound (rest 9.8ms, gpu 0.9ms) | proc 2.6 rcpu 0.4 gpu 0.9 rest 9.8 | alloc 40KB | ticks 3, remote.ents 22[0m
[wz] cross client=True 'player' o <1230.1547, 206.15332, -7.968749>-><-593.8467, 209.84534, 40.03125> v <-217.70808, -316.20148, 0>-><-316.2015, 217.70807, 0> a <1.1264542, 215.12778, 0>-><1.1264648, 125.12778, 0> | in o=<1216, 208, 32> f=<-4.371139E-08, 1, 0> | out o=<-592, 224, 80> f=<-1, -8.742278E-08, 0>
[portal] 'Portal_0' facing=True onScreen=True -> RENDER near=100.00 size=(384, 384) camQ=<1040, 240, 27.03125> inO=<1216, 208, 32> inF=<-4.371139E-08, 1, 0>
[portal] dump portal0: camG=(-492, 80, -224.00002) near=100.00 size=(384, 384) halfR=64 halfU=64 exitC=<-592, 224, 80>
[portal] 'Portal_1' facing=False onScreen=True -> RENDER near=100.00 size=(384, 384) camQ=<1040, 240, 27.03125> inO=<-592, 224, 80> inF=<-1, -8.742278E-08, 0>
[portal] dump portal1: camG=(1216, 32, -108) near=100.00 size=(384, 384) halfR=64 halfU=64 exitC=<1216, 208, 32>
[lb]hitch VSYNC/PRESENT ×2] 12.8–14.2ms over 0.3s (med 6.9) — present/vsync-bound (rest 9.8ms, gpu 0.9ms)[0m
[lb]hitch EXTERNAL] 136.6ms (7 dropped @60Hz) (med 6.9, ×19.7) — rest-dominated, game-side quiet — OS/compositor/driver | proc 13.2 rcpu 0.5 gpu 1.0 rest 123.0 | alloc 29.9MB | ticks 3, remote.ents 21 | watchdog: 3/6 samples in 'stream.build'[0m
[lb]hitch]   gpu: draws 522, pipeline compiles +0, vram 3203MB[0m
[lb]hitch]   events: [lb]-1f] anim cache HIT models/player/nyx.iqm; [lb]-1f] anim cache HIT models/player/pyria.iqm; [lb]-1f] anim cache HIT models/player/seraphina.iqm; [lb]-1f] anim cache HIT models/player/umbra.iqm; [lb]-1f] stream: idle-warm models/player/nyx.iqm (parse) built (0.2ms); [lb]-1f] stream: idle-warm models/player/pyria.iqm (parse) built (0.0ms); [lb]-1f] stream: idle-warm models/player/seraphina.iqm (parse) built (0.0ms); [lb]-1f] stream: idle-warm models/player/umbra.iqm (parse) built (0.0ms); [lb]-1f] anim cache MISS models/player/megaerebus.iqm; stream: idle-warm models/player/megaerebus.iqm (parse) built (0.0ms); stream: idle-warm models/player/nyx.iqm tex textures/shadowheadfb built (0.0ms); stream: idle-warm models/player/nyx.iqm tex textures/shadowheadfb_norm built (0.0ms); stream: idle-warm models/player/nyx.iqm tex textures/shadowheadfb_gloss built (0.0ms); stream: idle-warm models/player/nyx.iqm tex textures/shadowheadfb_glow built (0.0ms); stream: idle-warm models/player/nyx.iqm tex textures/shadowheadfb_reflect built (0.0ms); stream: idle-warm models/player/nyx.iqm tex textures/shadowheadfb_shirt built (0.0ms); stream: idle-warm models/player/nyx.iqm tex textures/shadowheadfb_pants built (0.0ms); stream: idle-warm models/player/nyx.iqm tex textures/nyxfullbright built (0.0ms); stream: idle-warm models/player/nyx.iqm tex textures/nyxfullbright_norm built (0.0ms); stream: idle-warm models/player/nyx.iqm tex textures/nyxfullbright_gloss built (0.0ms); stream: idle-warm models/player/nyx.iqm tex textures/nyxfullbright_glow built (0.0ms); stream: idle-warm models/player/nyx.iqm tex textures/nyxfullbright_reflect built (0.0ms); stream: idle-warm models/player/nyx.iqm tex textures/nyxfullbright_shirt built (0.0ms); stream: idle-warm models/player/nyx.iqm tex textures/nyxfullbright_pants built (7.7ms)[0m
[lb]hitch]   prev: 6.9 6.9 6.9 6.9 6.9 6.9 6.9 6.9[0m
[lb]hitch VSYNC/PRESENT] 22.3ms (med 6.9, ×3.2) — present/vsync-bound (rest 14.1ms, gpu 0.9ms) | proc 7.6 rcpu 0.6 gpu 0.9 rest 14.1 | alloc 638KB | ticks 3, remote.ents 21[0m
[lb]hitch CPU-LOGIC] 13.3ms (med 6.9, ×1.9) — ng.process 5.0ms (typ 1.2ms, 4× over) | proc 11.1 rcpu 0.5 gpu 2.5 rest 1.8 | alloc 492KB | ticks 3, remote.ents 21 | watchdog: 2/4 samples in '(unscoped)'[0m
[lb]hitch CPU-LOGIC ×2] 13.3–17.2ms over 0.0s (med 6.9) — ng.process 5.0ms (typ 1.2ms, 4× over)[0m
[lb]hitch MIXED] 21.4ms (med 6.9, ×3.1) — mixed — stream.build 3.4ms | proc 9.3 rcpu 0.7 gpu 1.0 rest 11.4 | alloc 313KB | ticks 3, remote.ents 21[0m
[lb]hitch MIXED ×2] 20.0–21.4ms over 0.0s (med 6.9) — mixed — stream.build 3.4ms[0m
[lb]hitch CPU-LOGIC] 19.4ms (med 6.9, ×2.8) — stream.build 5.0ms | proc 10.8 rcpu 0.5 gpu 0.9 rest 8.1 | alloc 314KB | ticks 1, remote.ents 21 | watchdog: 3/4 samples in '(unscoped)'[0m
[lb]hitch VSYNC/PRESENT] 19.0ms (med 6.9, ×2.7) — present/vsync-bound (rest 10.9ms, gpu 1.0ms) | proc 7.3 rcpu 0.9 gpu 1.0 rest 10.9 | alloc 367KB | ticks 1, remote.ents 21[0m
[lb]hitch MIXED] 13.7ms (med 6.9, ×2.0) — mixed — stream.build 3.3ms | proc 7.2 rcpu 0.5 gpu 0.9 rest 6.0 | alloc 448KB | ticks 1, remote.ents 21[0m
[lb]frameprofile] scene: nodes 2867 objs-drawn 1939 draws 522 vram 3298MB[0m
[lb]frameprofile] census: Label 876  HBoxContainer 218  Control 157  Dependent 113  Button 110  CvarCheckBox 104  VBoxContainer 78  HSlider 62  CvarSlider 58  MarginContainer 52[0m
[lb]frameprofile] 508 frames: p50 6.9 p95 16.6 p99 133.4 p99.9 143.6ms (max 147.9) | 9 EXTERNAL, 1 PIPELINE-COMPILE, 1 GC-PAUSE, 13 VSYNC/PRESENT, 5 CPU-LOGIC, 3 MIXED | alloc 177MB/s heap 782.9MB | proc 7.2 gpu 0.9[0m
[lb]frameprofile] ms/frame: ng.process 2.0  server.tick 1.7  sim.move 1.2  move.in 1.0  bot.think 1.0  bot.strategy 0.9  proc:other 0.8  iqm.anims 0.4  bot.path 0.3  cw.process 0.3[0m
[lb]hitch CPU-LOGIC] 15.4ms (med 6.9, ×2.2) — stream.build 4.4ms | proc 8.6 rcpu 0.4 gpu 1.0 rest 6.4 | alloc 1.3MB | ticks 2, remote.ents 21[0m
[lb]hitch VSYNC/PRESENT] 13.6ms (med 6.9, ×2.0) — present/vsync-bound (rest 9.2ms, gpu 1.0ms) | proc 3.9 rcpu 0.5 gpu 1.0 rest 9.2 | alloc 147KB | ticks 1, remote.ents 21 | watchdog: 4/5 samples in '(unscoped)'[0m
[IdleWarmer] asset warm queue drained — full asset set is hot.
[portal] 'Portal_0' facing=True onScreen=True -> RENDER near=100.00 size=(384, 384) camQ=<1040, 240, 27.03125> inO=<1216, 208, 32> inF=<-4.371139E-08, 1, 0>
[portal] dump portal0: camG=(-492, 80, -224.00002) near=100.00 size=(384, 384) halfR=64 halfU=64 exitC=<-592, 224, 80>
[portal] 'Portal_1' facing=False onScreen=True -> RENDER near=100.00 size=(384, 384) camQ=<1040, 240, 27.03125> inO=<-592, 224, 80> inF=<-1, -8.742278E-08, 0>
[portal] dump portal1: camG=(1216, 32, -108) near=100.00 size=(384, 384) halfR=64 halfU=64 exitC=<1216, 208, 32>
[lb]hitch EXTERNAL] 140.9ms (7 dropped @60Hz) (med 6.7, ×21.0) — rest-dominated, game-side quiet — OS/compositor/driver | proc 4.4 rcpu 0.4 gpu 0.4 rest 136.1 | alloc 0B | ticks 3, remote.ents 21 | watchdog: 219/219 samples in '(unscoped)'[0m
[lb]hitch]   gpu: draws 522, pipeline compiles +0, vram 3319MB[0m
[lb]hitch]   gc: g0+1 g1+1 g2+0 pause 5.4ms alloc 0B (rate 197MB/s, heap 820.1MB)[0m
[lb]hitch]   prev: 6.7 6.7 6.7 6.7 6.7 6.7 6.7 6.9[0m
[portal] 'Portal_0' facing=True onScreen=True -> RENDER near=100.00 size=(384, 384) camQ=<1040, 240, 27.03125> inO=<1216, 208, 32> inF=<-4.371139E-08, 1, 0>
[portal] dump portal0: camG=(-492, 80, -224.00002) near=100.00 size=(384, 384) halfR=64 halfU=64 exitC=<-592, 224, 80>
[portal] 'Portal_1' facing=False onScreen=True -> RENDER near=100.00 size=(384, 384) camQ=<1040, 240, 27.03125> inO=<-592, 224, 80> inF=<-1, -8.742278E-08, 0>
[portal] dump portal1: camG=(1216, 32, -108) near=100.00 size=(384, 384) halfR=64 halfU=64 exitC=<1216, 208, 32>
[lb]hitch EXTERNAL ×3] 31.2–140.9ms over 1.0s (med 6.9) — rest-dominated, game-side quiet — OS/compositor/driver[0m
[lb]hitch VSYNC/PRESENT] 16.7ms (med 6.9, ×2.4) — present/vsync-bound (rest 13.1ms, gpu 0.4ms) | proc 3.1 rcpu 0.4 gpu 0.4 rest 13.1 | alloc 48KB | ticks 3, remote.ents 21 | watchdog: 212/213 samples in '(unscoped)'[0m
[lb]hitch]   gpu: draws 522, pipeline compiles +0, vram 3318MB[0m
[lb]hitch]   prev: 7.1 7.1 7.1 7.1 7.1 7.1 7.1 137.0[0m
[lb]hitch PIPELINE-COMPILE] 13.6ms (med 6.9, ×2.0) — 1 pipeline compile(s) — SYNC[lb]surface+0 draw+0] async[lb]mesh+0 spec+0] canvas+1 | proc 2.1 rcpu 0.4 gpu 0.4 rest 11.1 | alloc 48KB | ticks 1, remote.ents 21 | watchdog: 5/5 samples in '(unscoped)'[0m
[lb]hitch VSYNC/PRESENT] 18.7ms (med 7.1, ×2.6) — present/vsync-bound (rest 16.3ms, gpu 0.7ms) | proc 1.9 rcpu 0.4 gpu 0.7 rest 16.3 | alloc 40KB | ticks 1, remote.ents 21 | watchdog: 17/20 samples in 'bot.strategy'[0m
[lb]hitch]   gpu: draws 537, pipeline compiles +0, vram 3318MB[0m
[lb]hitch]   prev: 7.1 7.1 7.1 7.1 7.1 7.1 7.1 7.0[0m
[portal] 'Portal_0' facing=True onScreen=True -> RENDER near=100.00 size=(384, 384) camQ=<1040, 240, 27.03125> inO=<1216, 208, 32> inF=<-4.371139E-08, 1, 0>
[portal] dump portal0: camG=(-492, 80, -224.00002) near=100.00 size=(384, 384) halfR=64 halfU=64 exitC=<-592, 224, 80>
[portal] 'Portal_1' facing=False onScreen=True -> RENDER near=100.00 size=(384, 384) camQ=<1040, 240, 27.03125> inO=<-592, 224, 80> inF=<-1, -8.742278E-08, 0>
[portal] dump portal1: camG=(1216, 32, -108) near=100.00 size=(384, 384) halfR=64 halfU=64 exitC=<1216, 208, 32>
[lb]hitch EXTERNAL] 127.8ms (7 dropped @60Hz) (med 7.0, ×18.3) — rest-dominated, game-side quiet — OS/compositor/driver | proc 3.4 rcpu 0.4 gpu 0.7 rest 124.0 | alloc 48KB | ticks 3, remote.ents 21 | watchdog: 222/222 samples in '(unscoped)'[0m
[lb]hitch CPU-LOGIC] 15.1ms (med 7.0, ×2.2) — ng.process 21.1ms (typ 3.0ms, 7× over) | proc 15.1 rcpu 0.4 gpu 0.7 rest 0.0 | alloc 38KB | ticks 3, remote.ents 21 | watchdog: 6/10 samples in 'bot.strategy'[0m
[lb]hitch VSYNC/PRESENT] 24.9ms (med 7.0, ×3.6) — present/vsync-bound (rest 20.8ms, gpu 0.8ms) | proc 3.6 rcpu 0.4 gpu 0.8 rest 20.8 | alloc 48KB | ticks 3, remote.ents 21 | watchdog: 6/13 samples in 'bot.strategy'[0m
[portal] 'Portal_0' facing=True onScreen=True -> RENDER near=100.00 size=(384, 384) camQ=<1040, 240, 27.03125> inO=<1216, 208, 32> inF=<-4.371139E-08, 1, 0>
[portal] dump portal0: camG=(-492, 80, -224.00002) near=100.00 size=(384, 384) halfR=64 halfU=64 exitC=<-592, 224, 80>
[portal] 'Portal_1' facing=False onScreen=True -> RENDER near=100.00 size=(384, 384) camQ=<1040, 240, 27.03125> inO=<-592, 224, 80> inF=<-1, -8.742278E-08, 0>
[portal] dump portal1: camG=(1216, 32, -108) near=100.00 size=(384, 384) halfR=64 halfU=64 exitC=<1216, 208, 32>
[lb]hitch VSYNC/PRESENT ×4] 14.5–134.7ms over 1.0s (med 7.0) — present/vsync-bound (rest 20.8ms, gpu 0.8ms)[0m
[lb]hitch EXTERNAL] 66.7ms (3 dropped @60Hz) (med 7.0, ×9.6) — rest-dominated, game-side quiet — OS/compositor/driver | proc 4.5 rcpu 0.4 gpu 1.5 rest 61.8 | alloc 48KB | ticks 3, remote.ents 21 | watchdog: 12/29 samples in 'bot.path'[0m
[lb]hitch]   gpu: draws 537, pipeline compiles +0, vram 3318MB[0m
[lb]hitch]   prev: 6.9 6.9 6.9 6.9 6.9 6.9 6.9 134.7[0m
[lb]hitch EXTERNAL ×2] 46.8–66.7ms over 0.1s (med 7.0) — rest-dominated, game-side quiet — OS/compositor/driver[0m
[lb]hitch VSYNC/PRESENT] 14.2ms (med 7.0, ×2.0) — present/vsync-bound (rest 10.5ms, gpu 1.5ms) | proc 3.2 rcpu 0.4 gpu 1.5 rest 10.5 | alloc 40KB | ticks 3, remote.ents 21[0m
[portal] 'Portal_0' facing=True onScreen=True -> RENDER near=100.00 size=(384, 384) camQ=<1040, 240, 27.03125> inO=<1216, 208, 32> inF=<-4.371139E-08, 1, 0>
[portal] dump portal0: camG=(-492, 80, -224.00002) near=100.00 size=(384, 384) halfR=64 halfU=64 exitC=<-592, 224, 80>
[portal] 'Portal_1' facing=False onScreen=True -> RENDER near=100.00 size=(384, 384) camQ=<1040, 240, 27.03125> inO=<-592, 224, 80> inF=<-1, -8.742278E-08, 0>
[portal] dump portal1: camG=(1216, 32, -108) near=100.00 size=(384, 384) halfR=64 halfU=64 exitC=<1216, 208, 32>
[lb]hitch EXTERNAL] 131.1ms (7 dropped @60Hz) (med 6.9, ×18.9) — rest-dominated, game-side quiet — OS/compositor/driver | proc 3.1 rcpu 0.5 gpu 0.9 rest 127.6 | alloc 48KB | ticks 3, remote.ents 21 | watchdog: 218/218 samples in '(unscoped)'[0m
[lb]hitch]   gpu: draws 540, pipeline compiles +0, vram 3318MB[0m
[lb]hitch]   prev: 6.9 6.9 6.9 6.9 6.9 6.9 6.9 6.9[0m
[lb]hitch VSYNC/PRESENT] 14.7ms (med 6.9, ×2.1) — present/vsync-bound (rest 11.3ms, gpu 1.0ms) | proc 2.9 rcpu 0.5 gpu 1.0 rest 11.3 | alloc 40KB | ticks 3, remote.ents 21[0m
[lb]hitch EXTERNAL] 52.7ms (2 dropped @60Hz) (med 6.9, ×7.6) — rest-dominated, game-side quiet — OS/compositor/driver | proc 4.8 rcpu 0.5 gpu 1.0 rest 47.5 | alloc 58KB | ticks 3, remote.ents 21 | watchdog: 25/31 samples in 'bot.strategy'[0m
[lb]hitch VSYNC/PRESENT] 14.0ms (med 6.9, ×2.0) — present/vsync-bound (rest 10.6ms, gpu 1.0ms) | proc 2.8 rcpu 0.6 gpu 1.0 rest 10.6 | alloc 40KB | ticks 1, remote.ents 21[0m
[portal] 'Portal_0' facing=True onScreen=True -> RENDER near=100.00 size=(384, 384) camQ=<1040, 240, 27.03125> inO=<1216, 208, 32> inF=<-4.371139E-08, 1, 0>
[portal] dump portal0: camG=(-492, 80, -224.00002) near=100.00 size=(384, 384) halfR=64 halfU=64 exitC=<-592, 224, 80>
[portal] 'Portal_1' facing=False onScreen=True -> RENDER near=100.00 size=(384, 384) camQ=<1040, 240, 27.03125> inO=<-592, 224, 80> inF=<-1, -8.742278E-08, 0>
[portal] dump portal1: camG=(1216, 32, -108) near=100.00 size=(384, 384) halfR=64 halfU=64 exitC=<1216, 208, 32>
[lb]hitch VSYNC/PRESENT ×3] 14.0–16.7ms over 0.0s (med 6.9) — present/vsync-bound (rest 10.6ms, gpu 1.0ms)[0m
[lb]hitch EXTERNAL] 141.8ms (8 dropped @60Hz) (med 6.9, ×20.4) — rest-dominated, game-side quiet — OS/compositor/driver | proc 3.8 rcpu 0.4 gpu 1.0 rest 137.6 | alloc 48KB | ticks 3, remote.ents 21 | watchdog: 222/222 samples in '(unscoped)'[0m
[lb]hitch]   gpu: draws 540, pipeline compiles +0, vram 3318MB[0m
[lb]hitch]   prev: 6.9 6.9 6.9 6.9 6.9 6.9 6.9 6.9[0m
[lb]hitch MIXED] 15.8ms (med 6.9, ×2.3) — mixed — ng.process 5.8ms | proc 6.7 rcpu 0.4 gpu 1.0 rest 8.7 | alloc 40KB | ticks 3, remote.ents 21 | watchdog: 3/6 samples in '(unscoped)'[0m
[lb]hitch VSYNC/PRESENT] 15.6ms (med 6.9, ×2.2) — present/vsync-bound (rest 11.0ms, gpu 1.0ms) | proc 4.1 rcpu 0.5 gpu 1.0 rest 11.0 | alloc 48KB | ticks 3, remote.ents 21 | watchdog: 3/3 samples in '(unscoped)'[0m
[lb]frameprofile] scene: nodes 2874 objs-drawn 1995 draws 540 vram 3318MB[0m
[lb]frameprofile] census: Label 876  HBoxContainer 218  Control 157  Dependent 113  Button 110  CvarCheckBox 104  VBoxContainer 78  HSlider 62  CvarSlider 58  MarginContainer 52[0m
[lb]frameprofile] 574 frames: p50 6.9 p95 11.1 p99 66.6 p99.9 140.9ms (max 141.8) | 9 EXTERNAL, 1 PIPELINE-COMPILE, 14 VSYNC/PRESENT, 2 CPU-LOGIC, 1 MIXED | alloc 5MB/s heap 823.6MB | proc 6.9 gpu 1.0[0m
[lb]frameprofile] ms/frame: ng.process 1.8  server.tick 1.4  sim.move 1.0  move.in 0.7  bot.think 0.7  proc:other 0.7  bot.strategy 0.7  net.send 0.2  move.pm 0.2  bot.path 0.2[0m
[lb]hitch VSYNC/PRESENT ×2] 12.5–15.6ms over 0.0s (med 6.7) — present/vsync-bound (rest 11.0ms, gpu 1.0ms)[0m
[lb]hitch EXTERNAL] 29.2ms (1 dropped @60Hz) (med 6.7, ×4.4) — rest-dominated, game-side quiet — OS/compositor/driver | proc 4.5 rcpu 0.4 gpu 1.0 rest 24.3 | alloc 136KB | ticks 2, remote.ents 21 | watchdog: 5/10 samples in '(unscoped)'[0m
[lb]hitch]   gpu: draws 540, pipeline compiles +0, vram 3318MB[0m
[lb]hitch]   prev: 6.9 6.9 6.9 6.9 6.9 6.9 6.9 6.9[0m
[lb]hitch VSYNC/PRESENT] 16.7ms (med 6.7, ×2.5) — present/vsync-bound (rest 14.0ms, gpu 1.8ms) | proc 2.3 rcpu 0.4 gpu 1.8 rest 14.0 | alloc 134KB | ticks 1, remote.ents 21 | watchdog: 3/3 samples in '(unscoped)'[0m
[portal] 'Portal_0' facing=True onScreen=True -> RENDER near=100.00 size=(384, 384) camQ=<1040, 240, 27.031254> inO=<1216, 208, 32> inF=<-4.371139E-08, 1, 0>
[portal] dump portal0: camG=(-492, 80, -224.00002) near=100.00 size=(384, 384) halfR=64 halfU=64 exitC=<-592, 224, 80>
[portal] 'Portal_1' facing=False onScreen=True -> RENDER near=100.00 size=(384, 384) camQ=<1040, 240, 27.031254> inO=<-592, 224, 80> inF=<-1, -8.742278E-08, 0>
[portal] dump portal1: camG=(1216, 32, -108) near=100.00 size=(384, 384) halfR=64 halfU=64 exitC=<1216, 208, 32>
[lb]hitch EXTERNAL] 149.6ms (8 dropped @60Hz) (med 6.7, ×22.4) — rest-dominated, game-side quiet — OS/compositor/driver | proc 3.4 rcpu 0.5 gpu 1.0 rest 145.7 | alloc 40KB | ticks 3, remote.ents 21 | watchdog: 221/221 samples in '(unscoped)'[0m
[lb]hitch VSYNC/PRESENT] 16.7ms (med 6.7, ×2.5) — present/vsync-bound (rest 13.2ms, gpu 5.1ms) | proc 3.0 rcpu 0.4 gpu 5.1 rest 13.2 | alloc 48KB | ticks 3, remote.ents 21[0m
[portal] 'Portal_0' facing=True onScreen=True -> RENDER near=100.00 size=(384, 384) camQ=<1040, 240, 27.03125> inO=<1216, 208, 32> inF=<-4.371139E-08, 1, 0>
[portal] dump portal0: camG=(-492, 80, -224.00002) near=100.00 size=(384, 384) halfR=64 halfU=64 exitC=<-592, 224, 80>
[portal] 'Portal_1' facing=False onScreen=True -> RENDER near=100.00 size=(384, 384) camQ=<1040, 240, 27.03125> inO=<-592, 224, 80> inF=<-1, -8.742278E-08, 0>
[portal] dump portal1: camG=(1216, 32, -108) near=100.00 size=(384, 384) halfR=64 halfU=64 exitC=<1216, 208, 32>
[lb]hitch EXTERNAL] 135.0ms (7 dropped @60Hz) (med 6.9, ×19.5) — rest-dominated, game-side quiet — OS/compositor/driver | proc 3.9 rcpu 0.5 gpu 0.4 rest 130.6 | alloc 104KB | ticks 3, remote.ents 21 | watchdog: 230/230 samples in '(unscoped)'[0m
[lb]hitch]   gpu: draws 541, pipeline compiles +0, vram 3318MB[0m
[lb]hitch]   prev: 6.7 6.9 6.9 6.9 6.9 6.9 6.9 6.9[0m
[lb]hitch VSYNC/PRESENT] 16.7ms (med 6.9, ×2.4) — present/vsync-bound (rest 12.6ms, gpu 0.4ms) | proc 3.6 rcpu 0.5 gpu 0.4 rest 12.6 | alloc 134KB | ticks 3, remote.ents 21 | watchdog: 3/3 samples in '(unscoped)'[0m
[portal] 'Portal_0' facing=True onScreen=True -> RENDER near=100.00 size=(384, 384) camQ=<1040, 240, 27.03125> inO=<1216, 208, 32> inF=<-4.371139E-08, 1, 0>
[portal] dump portal0: camG=(-492, 80, -224.00002) near=100.00 size=(384, 384) halfR=64 halfU=64 exitC=<-592, 224, 80>
[portal] 'Portal_1' facing=False onScreen=True -> RENDER near=100.00 size=(384, 384) camQ=<1040, 240, 27.03125> inO=<-592, 224, 80> inF=<-1, -8.742278E-08, 0>
[portal] dump portal1: camG=(1216, 32, -108) near=100.00 size=(384, 384) halfR=64 halfU=64 exitC=<1216, 208, 32>
[lb]hitch EXTERNAL] 139.6ms (7 dropped @60Hz) (med 6.9, ×20.1) — rest-dominated, game-side quiet — OS/compositor/driver | proc 3.5 rcpu 0.5 gpu 0.4 rest 135.6 | alloc 40KB | ticks 3, remote.ents 21 | watchdog: 229/229 samples in '(unscoped)'[0m
[lb]hitch]   gpu: draws 541, pipeline compiles +0, vram 3318MB[0m
[lb]hitch]   prev: 6.9 6.9 6.9 6.9 6.9 6.9 6.9 6.9[0m
[portal] 'Portal_0' facing=True onScreen=True -> RENDER near=100.00 size=(384, 384) camQ=<1040, 240, 27.03125> inO=<1216, 208, 32> inF=<-4.371139E-08, 1, 0>
[portal] dump portal0: camG=(-492, 80, -224.00002) near=100.00 size=(384, 384) halfR=64 halfU=64 exitC=<-592, 224, 80>
[portal] 'Portal_1' facing=False onScreen=True -> RENDER near=100.00 size=(384, 384) camQ=<1040, 240, 27.03125> inO=<-592, 224, 80> inF=<-1, -8.742278E-08, 0>
[portal] dump portal1: camG=(1216, 32, -108) near=100.00 size=(384, 384) halfR=64 halfU=64 exitC=<1216, 208, 32>
[lb]hitch EXTERNAL ×3] 67.7–141.9ms over 1.0s (med 6.9) — rest-dominated, game-side quiet — OS/compositor/driver[0m
[lb]hitch VSYNC/PRESENT] 16.7ms (med 6.9, ×2.4) — present/vsync-bound (rest 10.7ms, gpu 0.8ms) | proc 5.5 rcpu 0.4 gpu 0.8 rest 10.7 | alloc 81KB | ticks 3, remote.ents 21[0m
[lb]hitch]   gpu: draws 547, pipeline compiles +0, vram 3318MB[0m
[lb]hitch]   prev: 6.9 6.9 6.9 6.9 6.9 7.0 6.9 141.9[0m
[lb]hitch EXTERNAL] 51.6ms (2 dropped @60Hz) (med 6.9, ×7.4) — rest-dominated, game-side quiet — OS/compositor/driver | proc 5.1 rcpu 0.5 gpu 0.8 rest 46.0 | alloc 59KB | ticks 3, remote.ents 21 | watchdog: 15/30 samples in 'bot.strategy'[0m
[lb]hitch EXTERNAL ×2] 39.4–51.6ms over 0.1s (med 6.9) — rest-dominated, game-side quiet — OS/compositor/driver[0m
[lb]hitch VSYNC/PRESENT] 16.0ms (med 6.9, ×2.3) — present/vsync-bound (rest 13.3ms, gpu 0.8ms) | proc 2.2 rcpu 0.5 gpu 0.8 rest 13.3 | alloc 40KB | ticks 1, remote.ents 21[0m
=== frame profiler session summary (39s, 1668 frames) ===[0m
  fps: avg 92.6  1%low 7  0.1%low 7  (median 6.9ms, worst 150.0ms)[0m
  hitches: 78 total — 28 EXTERNAL, 3 PIPELINE-COMPILE, 1 GC-PAUSE, 35 VSYNC/PRESENT, 7 CPU-LOGIC, 4 MIXED[0m
    worst[lb]1]: 149.6ms EXTERNAL (ng.process) @ t=35.7s[0m
    worst[lb]2]: 147.9ms EXTERNAL (ng.process) @ t=25.6s[0m
    worst[lb]3]: 143.6ms EXTERNAL (ng.process) @ t=27.6s[0m
    worst[lb]4]: 141.9ms EXTERNAL (ng.process) @ t=38.7s[0m
    worst[lb]5]: 141.8ms EXTERNAL (ng.process) @ t=34.7s[0m
  gc: g0+85 g1+58 g2+34, total pause 250ms[0m
  alloc: 2.7GB total, 4MB/s recent, peak 433.9MB in one frame @ t=5.6s, heap 820.9MB[0m
