Godot Engine v4.6.3.stable.mono.official.7d41c59c4 - https://godotengine.org
Vulkan 1.4.341 - Forward+ - Using Device #0: NVIDIA - NVIDIA GeForce RTX 3080

[lb]frameprofiler] env: managed-debugger=False godot-context=debug csharp=Debug vsync=Enabled maxfps=0 refresh=60Hz cpu=24c gpu=NVIDIA GeForce RTX 3080[0m
[lb]frameprofiler] columns: proc=all _Process CPU | rcpu=render-thread submit | gpu=main viewport GPU | rest=present/vsync/stall (ms-proc-rcpu) | alloc=managed garbage/frame | pipe=shader-pipeline compiles[0m
=== XonoticGodot boot ===[0m
Weapons:   27[0m
Items:     21[0m
Mutators:  46[0m
GameTypes: 20[0m
[lb]MenuState] config: 6462 cvars from 25 cfg files (374 aliases, 0 missing).[0m
[lb]shell] --cvar sv_warpzone_trace = "1"[0m
[lb]shell] --cvar wz_portal_force = "1"[0m
[lb]shell] --cvar wz_portal_dump = "1"[0m
[lb]shell] --cvar wz_portal_uvtest = "1"[0m
[lb]shell] --cvar wz_portal_lookat = "1"[0m
[lb]video] vid_vsync 2 → requested Mailbox, actual Mailbox[0m
[lb]video] cl_maxfps 256 -> Engine.MaxFps 144 (refresh 60Hz)[0m
[lb]video] process priority AboveNormal (sys_priority_boost 1)[0m
[MenuCommand] 'playerstats_update' has no client backend yet (inert).
[lb]Shell] hosting listen server: gametype=dm map=stormkeep bots=0 skill=0 timelimit=0 fraglimit=0[0m
[AssetSystem] loaded 2439 shaders from 185 scripts.
[NetTransport.Server] listening on UDP 26000 (max 16).
[ServerNet] LAN discovery: answering getinfo on UDP 26001 (game port 26000).
[NetTransport.Client] connecting to 127.0.0.1:26000 …
[EffectSystem] effectinfo: 301 effects, particlefont atlas: loaded, style overlay: 0 effects
[Particles] backend=original (cl_particles_modern=0)
[AssetLoader] model 'models/items/buff.md3' read failed: Asset not found in any mount: "models/items/buff.md3".
[AssetLoader] 'models/casing_shell.mdl' is not a known model (magic "IDPO?").
[MapLoader] occluder: 90016 verts / 107956 tris (r_occlusion_cull A/B)
[MapLoader] 'stormkeep' materials: lightmapped=34 vertexLit=3 plain=8 glow=4 normalMapped=34 (deluxe=True, internalPages=0, atlas=1p, cellSize=131072, cells=8, surfaces=188)
[MapLoader] 'stormkeep' portal surfaces: 2 (from 2 faces), pocket decor: 5 (from 5 faces)
[DecalSplats] geometry: 106027 render triangles, 502 grid cells
[Skybox] loaded 'env/extragalactic/asteroids'.
[PortalRenderer] 2 live portal(s)
[portal] 'Portal_0' facing=True onScreen=False -> RENDER near=0.05 size=(384, 384) camQ=<1216, 298, 40> inO=<1216, 208, 32> inF=<-4.371139E-08, 1, 0>
[portal] dump portal0: camG=(0, 0, 0) near=0.05 size=(384, 384) halfR=64 halfU=64 exitC=<-592, 224, 80>
[portal] 'Portal_1' facing=False onScreen=False -> RENDER near=0.05 size=(384, 384) camQ=<1216, 298, 40> inO=<-592, 224, 80> inF=<-1, -8.742278E-08, 0>
[portal] dump portal1: camG=(0, 0, 0) near=0.05 size=(384, 384) halfR=64 halfU=64 exitC=<1216, 208, 32>
[NetGame] map music: 'cdtracks/track005' (from mapinfo/worldspawn)
[portal] 'Portal_0' facing=True onScreen=True -> RENDER near=90.50 size=(384, 384) camQ=<1216, 298, 40> inO=<1216, 208, 32> inF=<-4.371139E-08, 1, 0>
[portal] dump portal0: camG=(-502, 88, -224) near=90.50 size=(384, 384) halfR=64 halfU=64 exitC=<-592, 224, 80>
[portal] 'Portal_1' facing=False onScreen=False -> RENDER near=1.50 size=(384, 384) camQ=<1216, 298, 40> inO=<-592, 224, 80> inF=<-1, -8.742278E-08, 0>
[portal] dump portal1: camG=(1142.0001, -8, -2016) near=1.50 size=(384, 384) halfR=64 halfU=64 exitC=<1216, 208, 32>
[portal] 'Portal_0' facing=True onScreen=True -> RENDER near=90.50 size=(384, 384) camQ=<1216, 298, 40> inO=<1216, 208, 32> inF=<-4.371139E-08, 1, 0>
[portal] dump portal0: camG=(-502, 88, -224) near=90.50 size=(384, 384) halfR=64 halfU=64 exitC=<-592, 224, 80>
[portal] 'Portal_1' facing=False onScreen=False -> RENDER near=1.50 size=(384, 384) camQ=<1216, 298, 40> inO=<-592, 224, 80> inF=<-1, -8.742278E-08, 0>
[portal] dump portal1: camG=(1142.0001, -8, -2016) near=1.50 size=(384, 384) halfR=64 halfU=64 exitC=<1216, 208, 32>
[portal] 'Portal_0' facing=True onScreen=True -> RENDER near=90.50 size=(384, 384) camQ=<1216, 298, 40> inO=<1216, 208, 32> inF=<-4.371139E-08, 1, 0>
[portal] dump portal0: camG=(-502, 88, -224) near=90.50 size=(384, 384) halfR=64 halfU=64 exitC=<-592, 224, 80>
[portal] 'Portal_1' facing=False onScreen=False -> RENDER near=1.50 size=(384, 384) camQ=<1216, 298, 40> inO=<-592, 224, 80> inF=<-1, -8.742278E-08, 0>
[portal] dump portal1: camG=(1142.0001, -8, -2016) near=1.50 size=(384, 384) halfR=64 halfU=64 exitC=<1216, 208, 32>
[portal] 'Portal_0' facing=True onScreen=True -> RENDER near=90.50 size=(384, 384) camQ=<1216, 298, 40> inO=<1216, 208, 32> inF=<-4.371139E-08, 1, 0>
[portal] dump portal0: camG=(-502, 88, -224) near=90.50 size=(384, 384) halfR=64 halfU=64 exitC=<-592, 224, 80>
[portal] 'Portal_1' facing=False onScreen=False -> RENDER near=1.50 size=(384, 384) camQ=<1216, 298, 40> inO=<-592, 224, 80> inF=<-1, -8.742278E-08, 0>
[portal] dump portal1: camG=(1142.0001, -8, -2016) near=1.50 size=(384, 384) halfR=64 halfU=64 exitC=<1216, 208, 32>
[portal] 'Portal_0' facing=True onScreen=True -> RENDER near=90.50 size=(384, 384) camQ=<1216, 298, 40> inO=<1216, 208, 32> inF=<-4.371139E-08, 1, 0>
[portal] dump portal0: camG=(-502, 88, -224) near=90.50 size=(384, 384) halfR=64 halfU=64 exitC=<-592, 224, 80>
[portal] 'Portal_1' facing=False onScreen=False -> RENDER near=1.50 size=(384, 384) camQ=<1216, 298, 40> inO=<-592, 224, 80> inF=<-1, -8.742278E-08, 0>
[portal] dump portal1: camG=(1142.0001, -8, -2016) near=1.50 size=(384, 384) halfR=64 halfU=64 exitC=<1216, 208, 32>
[NetGame] precached 24 weapon models, skipped 0 (lazy), 24 muzzle tags.
[portal] 'Portal_0' facing=True onScreen=True -> RENDER near=90.50 size=(384, 384) camQ=<1216, 298, 40> inO=<1216, 208, 32> inF=<-4.371139E-08, 1, 0>
[portal] dump portal0: camG=(-502, 88, -224) near=90.50 size=(384, 384) halfR=64 halfU=64 exitC=<-592, 224, 80>
[portal] 'Portal_1' facing=False onScreen=False -> RENDER near=1.50 size=(384, 384) camQ=<1216, 298, 40> inO=<-592, 224, 80> inF=<-1, -8.742278E-08, 0>
[portal] dump portal1: camG=(1142.0001, -8, -2016) near=1.50 size=(384, 384) halfR=64 halfU=64 exitC=<1216, 208, 32>
[portal] 'Portal_0' facing=True onScreen=True -> RENDER near=90.50 size=(384, 384) camQ=<1216, 298, 40> inO=<1216, 208, 32> inF=<-4.371139E-08, 1, 0>
[portal] dump portal0: camG=(-502, 88, -224) near=90.50 size=(384, 384) halfR=64 halfU=64 exitC=<-592, 224, 80>
[portal] 'Portal_1' facing=False onScreen=False -> RENDER near=1.50 size=(384, 384) camQ=<1216, 298, 40> inO=<-592, 224, 80> inF=<-1, -8.742278E-08, 0>
[portal] dump portal1: camG=(1142.0001, -8, -2016) near=1.50 size=(384, 384) halfR=64 halfU=64 exitC=<1216, 208, 32>
[portal] 'Portal_0' facing=True onScreen=True -> RENDER near=90.50 size=(384, 384) camQ=<1216, 298, 40> inO=<1216, 208, 32> inF=<-4.371139E-08, 1, 0>
[portal] dump portal0: camG=(-502, 88, -224) near=90.50 size=(384, 384) halfR=64 halfU=64 exitC=<-592, 224, 80>
[portal] 'Portal_1' facing=False onScreen=False -> RENDER near=1.50 size=(384, 384) camQ=<1216, 298, 40> inO=<-592, 224, 80> inF=<-1, -8.742278E-08, 0>
[portal] dump portal1: camG=(1142.0001, -8, -2016) near=1.50 size=(384, 384) halfR=64 halfU=64 exitC=<1216, 208, 32>
[portal] 'Portal_0' facing=True onScreen=True -> RENDER near=90.50 size=(384, 384) camQ=<1216, 298, 40> inO=<1216, 208, 32> inF=<-4.371139E-08, 1, 0>
[portal] dump portal0: camG=(-502, 88, -224) near=90.50 size=(384, 384) halfR=64 halfU=64 exitC=<-592, 224, 80>
[portal] 'Portal_1' facing=False onScreen=False -> RENDER near=1.50 size=(384, 384) camQ=<1216, 298, 40> inO=<-592, 224, 80> inF=<-1, -8.742278E-08, 0>
[portal] dump portal1: camG=(1142.0001, -8, -2016) near=1.50 size=(384, 384) halfR=64 halfU=64 exitC=<1216, 208, 32>
[portal] 'Portal_0' facing=True onScreen=True -> RENDER near=90.50 size=(384, 384) camQ=<1216, 298, 40> inO=<1216, 208, 32> inF=<-4.371139E-08, 1, 0>
[portal] dump portal0: camG=(-502, 88, -224) near=90.50 size=(384, 384) halfR=64 halfU=64 exitC=<-592, 224, 80>
[portal] 'Portal_1' facing=False onScreen=False -> RENDER near=1.50 size=(384, 384) camQ=<1216, 298, 40> inO=<-592, 224, 80> inF=<-1, -8.742278E-08, 0>
[portal] dump portal1: camG=(1142.0001, -8, -2016) near=1.50 size=(384, 384) halfR=64 halfU=64 exitC=<1216, 208, 32>
[NetGame] precached 36 combat sounds, 10 player models (rendered for pipeline warm).
[NetGame] listen server on 127.0.0.1:26000 (map 'stormkeep', dm, 0 bots) — self-connecting.
[ServerNet] peer 605780825 connected (awaiting handshake).
[ServerNet] peer 605780825 accepted as 'player' (netId 605780825, id 27781a79).
[ClientNet] handshake accepted by 'Xonotic  Server': netId 1, tickrate 72 Hz.
[NetGame] handshake accepted by 'Xonotic  Server': netId 1.
[portal] 'Portal_0' facing=True onScreen=True -> RENDER near=90.50 size=(384, 384) camQ=<1216, 298, 40> inO=<1216, 208, 32> inF=<-4.371139E-08, 1, 0>
[portal] dump portal0: camG=(-502, 88, -224) near=90.50 size=(384, 384) halfR=64 halfU=64 exitC=<-592, 224, 80>
[portal] 'Portal_1' facing=False onScreen=False -> RENDER near=1.50 size=(384, 384) camQ=<1216, 298, 40> inO=<-592, 224, 80> inF=<-1, -8.742278E-08, 0>
[portal] dump portal1: camG=(1142.0001, -8, -2016) near=1.50 size=(384, 384) halfR=64 halfU=64 exitC=<1216, 208, 32>
[wzview] authoritative snap -> <0, 135, 0>
[lb]hitch EXTERNAL] 59.6ms (3 dropped @60Hz) (med 11.1, ×5.4) — rest-dominated, game-side quiet — OS/compositor/driver | proc 7.6 rcpu 0.5 gpu 0.4 rest 51.5 | alloc 836KB | ticks 3, remote.ents 21[0m
[lb]hitch]   gpu: draws 307, pipeline compiles +0, vram 3211MB[0m
[lb]hitch]   events: [lb]-1f] net: PREDICTION DESYNC 1067qu (predicted vs acked-replay origin)[0m
[lb]hitch]   prev: 6.7 6.7 6.7 6.7 6.7 6.7 6.7 6.7[0m
[portal] 'Portal_0' facing=True onScreen=True -> RENDER near=90.50 size=(384, 384) camQ=<1216, 298, 40> inO=<1216, 208, 32> inF=<-4.371139E-08, 1, 0>
[portal] dump portal0: camG=(-502, 88, -224) near=90.50 size=(384, 384) halfR=64 halfU=64 exitC=<-592, 224, 80>
[portal] 'Portal_1' facing=False onScreen=False -> RENDER near=1.50 size=(384, 384) camQ=<1216, 298, 40> inO=<-592, 224, 80> inF=<-1, -8.742278E-08, 0>
[portal] dump portal1: camG=(1142.0001, -8, -2016) near=1.50 size=(384, 384) halfR=64 halfU=64 exitC=<1216, 208, 32>
[lb]hitch EXTERNAL ×3] 27.6–137.2ms over 0.6s (med 6.9) — rest-dominated, game-side quiet — OS/compositor/driver[0m
[lb]hitch VSYNC/PRESENT] 16.7ms (med 6.9, ×2.4) — present/vsync-bound (rest 14.3ms, gpu 0.4ms) | proc 1.8 rcpu 0.6 gpu 0.4 rest 14.3 | alloc 40KB | ticks 3, remote.ents 21 | watchdog: 220/220 samples in '(unscoped)'[0m
[portal] 'Portal_0' facing=True onScreen=True -> RENDER near=90.50 size=(384, 384) camQ=<1216, 298, 40> inO=<1216, 208, 32> inF=<-4.371139E-08, 1, 0>
[portal] dump portal0: camG=(-502, 88, -224) near=90.50 size=(384, 384) halfR=64 halfU=64 exitC=<-592, 224, 80>
[portal] 'Portal_1' facing=False onScreen=False -> RENDER near=1.50 size=(384, 384) camQ=<1216, 298, 40> inO=<-592, 224, 80> inF=<-1, -8.742278E-08, 0>
[portal] dump portal1: camG=(1142.0001, -8, -2016) near=1.50 size=(384, 384) halfR=64 halfU=64 exitC=<1216, 208, 32>
[lb]hitch EXTERNAL] 129.3ms (7 dropped @60Hz) (med 6.9, ×18.6) — rest-dominated, game-side quiet — OS/compositor/driver | proc 2.5 rcpu 0.4 gpu 0.4 rest 126.4 | alloc 88KB | ticks 3, remote.ents 21 | watchdog: 224/224 samples in '(unscoped)'[0m
[lb]hitch]   gpu: draws 340, pipeline compiles +0, vram 3210MB[0m
[lb]hitch]   prev: 6.9 6.9 6.9 6.9 6.9 6.9 6.9 6.9[0m
[lb]frameprofile] scene: nodes 2852 objs-drawn 1667 draws 340 vram 3210MB[0m
[lb]frameprofile] census: Label 876  HBoxContainer 218  Control 157  Dependent 113  Button 110  CvarCheckBox 104  VBoxContainer 78  HSlider 62  CvarSlider 58  MarginContainer 52[0m
[lb]frameprofile] 238 frames: p50 6.9 p95 133.6 p99 143.4 p99.9 146.1ms (max 150.0) | 4 EXTERNAL, 1 VSYNC/PRESENT | alloc 396MB/s heap 219.9MB | proc 2.5 gpu 0.4[0m
[lb]frameprofile] ms/frame: iqm.mesh 32.7  iqm.materials 32.3  proc:other 6.1  iqm.anims 5.7  cev.process 1.5  ng.process 1.3  server.tick 0.7  net.send 0.3  net.poll 0.1  cw.process 0.1[0m
[lb]hitch VSYNC/PRESENT] 20.8ms (med 6.9, ×3.0) — present/vsync-bound (rest 18.1ms, gpu 1.2ms) | proc 2.3 rcpu 0.4 gpu 1.2 rest 18.1 | alloc 199KB | ticks 3, remote.ents 21 | watchdog: 6/6 samples in '(unscoped)'[0m
[lb]bots] waypoints for 'stormkeep': nodes=99 (file=loaded, cache=yes)[0m
[lb]hitch CPU-LOGIC] 121.3ms (6 dropped @60Hz) (med 6.9, ×17.5) — ng.process 93.1ms (typ 10.8ms, 9× over) | proc 105.7 rcpu 0.4 gpu 0.7 rest 15.2 | alloc 272KB | ticks 3, remote.ents 22 | watchdog: 29/64 samples in 'bot.path'[0m
[lb]hitch PIPELINE-COMPILE] 133.3ms (7 dropped @60Hz) (med 6.9, ×19.2) — 1 pipeline compile(s) — SYNC[lb]surface+1 draw+0] async[lb]mesh+0 spec+0] canvas+0 | proc 19.6 rcpu 0.4 gpu 0.8 rest 113.4 | alloc 120KB | ticks 3, remote.ents 22 | watchdog: 3/9 samples in 'bot.path'[0m
[lb]hitch GC-PAUSE] 33.3ms (1 dropped @60Hz) (med 6.9, ×4.8) — GC g0+1 g1+1 g2+1, pause 0.7ms, 174.0MB allocated | proc 7.0 rcpu 0.4 gpu 0.8 rest 25.9 | alloc 174.0MB | ticks 3, remote.ents 22[0m
[lb]hitch VSYNC/PRESENT] 16.7ms (med 6.9, ×2.4) — present/vsync-bound (rest 11.9ms, gpu 1.3ms) | proc 4.0 rcpu 0.8 gpu 1.3 rest 11.9 | alloc 144KB | ticks 3, remote.ents 22 | watchdog: 4/4 samples in '(unscoped)'[0m
[portal] 'Portal_0' facing=True onScreen=True -> RENDER near=90.50 size=(384, 384) camQ=<1216, 298, 40> inO=<1216, 208, 32> inF=<-4.371139E-08, 1, 0>
[portal] dump portal0: camG=(-502, 88, -224) near=90.50 size=(384, 384) halfR=64 halfU=64 exitC=<-592, 224, 80>
[portal] 'Portal_1' facing=False onScreen=False -> RENDER near=1.50 size=(384, 384) camQ=<1216, 298, 40> inO=<-592, 224, 80> inF=<-1, -8.742278E-08, 0>
[portal] dump portal1: camG=(1142.0001, -8, -2016) near=1.50 size=(384, 384) halfR=64 halfU=64 exitC=<1216, 208, 32>
[lb]hitch VSYNC/PRESENT ×3] 12.7–16.7ms over 0.1s (med 6.9) — present/vsync-bound (rest 11.9ms, gpu 1.3ms)[0m
[lb]hitch EXTERNAL] 146.0ms (8 dropped @60Hz) (med 6.9, ×21.0) — rest-dominated, game-side quiet — OS/compositor/driver | proc 4.2 rcpu 0.4 gpu 0.8 rest 141.5 | alloc 212KB | ticks 3, remote.ents 22 | watchdog: 228/228 samples in '(unscoped)'[0m
[lb]hitch]   gpu: draws 340, pipeline compiles +0, vram 3201MB[0m
[lb]hitch]   prev: 8.3 9.1 9.1 8.3 8.3 8.3 8.3 8.1[0m
[lb]hitch VSYNC/PRESENT] 16.8ms (med 6.9, ×2.4) — present/vsync-bound (rest 12.8ms, gpu 0.9ms) | proc 3.5 rcpu 0.4 gpu 0.9 rest 12.8 | alloc 152KB | ticks 3, remote.ents 22 | watchdog: 4/4 samples in '(unscoped)'[0m
[portal] 'Portal_0' facing=True onScreen=True -> RENDER near=90.50 size=(384, 384) camQ=<1216, 298, 40> inO=<1216, 208, 32> inF=<-4.371139E-08, 1, 0>
[portal] dump portal0: camG=(-502, 88, -224) near=90.50 size=(384, 384) halfR=64 halfU=64 exitC=<-592, 224, 80>
[portal] 'Portal_1' facing=False onScreen=False -> RENDER near=1.50 size=(384, 384) camQ=<1216, 298, 40> inO=<-592, 224, 80> inF=<-1, -8.742278E-08, 0>
[portal] dump portal1: camG=(1142.0001, -8, -2016) near=1.50 size=(384, 384) halfR=64 halfU=64 exitC=<1216, 208, 32>
[lb]hitch EXTERNAL] 145.6ms (8 dropped @60Hz) (med 6.9, ×21.0) — rest-dominated, game-side quiet — OS/compositor/driver | proc 4.5 rcpu 0.4 gpu 0.9 rest 140.6 | alloc 53KB | ticks 3, remote.ents 22 | watchdog: 228/264 samples in '(unscoped)'[0m
[lb]hitch]   gpu: draws 340, pipeline compiles +0, vram 3201MB[0m
[lb]hitch]   prev: 6.9 6.9 6.9 6.9 6.9 6.9 6.9 6.9[0m
[lb]hitch VSYNC/PRESENT] 23.6ms (med 6.9, ×3.4) — present/vsync-bound (rest 19.2ms, gpu 1.1ms) | proc 4.0 rcpu 0.4 gpu 1.1 rest 19.2 | alloc 134KB | ticks 3, remote.ents 22 | watchdog: 6/6 samples in '(unscoped)'[0m
[lb]hitch VSYNC/PRESENT ×3] 12.6–23.6ms over 0.0s (med 6.9) — present/vsync-bound (rest 19.2ms, gpu 1.1ms)[0m
[lb]hitch EXTERNAL] 27.1ms (1 dropped @60Hz) (med 6.9, ×3.9) — rest-dominated, game-side quiet — OS/compositor/driver | proc 3.2 rcpu 0.4 gpu 1.7 rest 23.5 | alloc 20KB | ticks 2, remote.ents 22 | watchdog: 20/23 samples in 'bot.strategy'[0m
[lb]hitch EXTERNAL ×2] 27.1–87.4ms over 0.5s (med 6.9) — rest-dominated, game-side quiet — OS/compositor/driver[0m
[lb]hitch MIXED] 12.6ms (med 6.9, ×1.8) — mixed — ng.process 4.7ms | proc 5.8 rcpu 0.4 gpu 2.0 rest 6.3 | alloc 40KB | ticks 2, remote.ents 22[0m
[lb]hitch]   gpu: draws 340, pipeline compiles +0, vram 3201MB[0m
[lb]hitch]   prev: 6.9 6.9 6.9 6.9 6.9 6.9 87.4 7.0[0m
[portal] 'Portal_0' facing=True onScreen=True -> RENDER near=90.50 size=(384, 384) camQ=<1216, 298, 40> inO=<1216, 208, 32> inF=<-4.371139E-08, 1, 0>
[portal] dump portal0: camG=(-502, 88, -224) near=90.50 size=(384, 384) halfR=64 halfU=64 exitC=<-592, 224, 80>
[portal] 'Portal_1' facing=False onScreen=False -> RENDER near=1.50 size=(384, 384) camQ=<1216, 298, 40> inO=<-592, 224, 80> inF=<-1, -8.742278E-08, 0>
[portal] dump portal1: camG=(1142.0001, -8, -2016) near=1.50 size=(384, 384) halfR=64 halfU=64 exitC=<1216, 208, 32>
[lb]hitch EXTERNAL] 137.7ms (7 dropped @60Hz) (med 6.9, ×19.8) — rest-dominated, game-side quiet — OS/compositor/driver | proc 4.9 rcpu 0.4 gpu 2.0 rest 132.4 | alloc 48KB | ticks 3, remote.ents 22 | watchdog: 233/233 samples in '(unscoped)'[0m
[lb]hitch VSYNC/PRESENT] 15.3ms (med 6.9, ×2.2) — present/vsync-bound (rest 12.6ms, gpu 2.3ms) | proc 2.2 rcpu 0.5 gpu 2.3 rest 12.6 | alloc 40KB | ticks 1, remote.ents 22[0m
[portal] 'Portal_0' facing=True onScreen=True -> RENDER near=90.50 size=(384, 384) camQ=<1216, 298, 40> inO=<1216, 208, 32> inF=<-4.371139E-08, 1, 0>
[portal] dump portal0: camG=(-502, 88, -224) near=90.50 size=(384, 384) halfR=64 halfU=64 exitC=<-592, 224, 80>
[portal] 'Portal_1' facing=False onScreen=False -> RENDER near=1.50 size=(384, 384) camQ=<1216, 298, 40> inO=<-592, 224, 80> inF=<-1, -8.742278E-08, 0>
[portal] dump portal1: camG=(1142.0001, -8, -2016) near=1.50 size=(384, 384) halfR=64 halfU=64 exitC=<1216, 208, 32>
[lb]hitch VSYNC/PRESENT ×2] 15.3–20.2ms over 0.5s (med 6.9) — present/vsync-bound (rest 12.6ms, gpu 2.3ms)[0m
[lb]hitch EXTERNAL] 138.2ms (7 dropped @60Hz) (med 6.9, ×19.9) — rest-dominated, game-side quiet — OS/compositor/driver | proc 4.0 rcpu 0.5 gpu 0.6 rest 133.8 | alloc 48KB | ticks 3, remote.ents 22 | watchdog: 218/218 samples in '(unscoped)'[0m
[lb]hitch]   gpu: draws 340, pipeline compiles +0, vram 3201MB[0m
[lb]hitch]   prev: 6.9 7.7 7.7 8.3 5.9 5.1 6.9 6.9[0m
[lb]hitch VSYNC/PRESENT] 16.7ms (med 6.9, ×2.4) — present/vsync-bound (rest 13.0ms, gpu 0.6ms) | proc 3.2 rcpu 0.4 gpu 0.6 rest 13.0 | alloc 185KB | ticks 3, remote.ents 22[0m
[lb]hitch EXTERNAL] 25.7ms (1 dropped @60Hz) (med 6.9, ×3.7) — rest-dominated, game-side quiet — OS/compositor/driver | proc 2.0 rcpu 0.4 gpu 0.6 rest 23.2 | alloc 40KB | ticks 1, remote.ents 22 | watchdog: 10/13 samples in 'bot.strategy'[0m
[portal] 'Portal_0' facing=True onScreen=True -> RENDER near=90.50 size=(384, 384) camQ=<1216, 298, 40> inO=<1216, 208, 32> inF=<-4.371139E-08, 1, 0>
[portal] dump portal0: camG=(-502, 88, -224) near=90.50 size=(384, 384) halfR=64 halfU=64 exitC=<-592, 224, 80>
[portal] 'Portal_1' facing=False onScreen=False -> RENDER near=1.50 size=(384, 384) camQ=<1216, 298, 40> inO=<-592, 224, 80> inF=<-1, -8.742278E-08, 0>
[portal] dump portal1: camG=(1142.0001, -8, -2016) near=1.50 size=(384, 384) halfR=64 halfU=64 exitC=<1216, 208, 32>
[lb]hitch EXTERNAL ×2] 25.7–139.8ms over 0.5s (med 6.9) — rest-dominated, game-side quiet — OS/compositor/driver[0m
[lb]hitch CPU-LOGIC] 16.7ms (med 6.9, ×2.4) — ng.process 8.3ms (typ 1.7ms, 5× over) | proc 9.4 rcpu 0.4 gpu 0.6 rest 6.9 | alloc 40KB | ticks 3, remote.ents 22 | watchdog: 1/3 samples in 'bot.path'[0m
[lb]hitch]   gpu: draws 340, pipeline compiles +0, vram 3201MB[0m
[lb]hitch]   prev: 6.9 6.9 6.9 6.9 6.9 6.9 6.9 139.8[0m
[lb]hitch VSYNC/PRESENT] 16.7ms (med 6.9, ×2.4) — present/vsync-bound (rest 13.5ms, gpu 0.6ms) | proc 2.8 rcpu 0.4 gpu 0.6 rest 13.5 | alloc 153KB | ticks 3, remote.ents 22 | watchdog: 4/6 samples in '(unscoped)'[0m
[wz] cross client=True 'player' o <1230.1547, 206.15332, -7.968749>-><-593.8467, 209.84534, 40.03125> v <-217.70808, -316.20148, 0>-><-316.2015, 217.70807, 0> a <1.1264542, 215.12778, 0>-><1.1264648, 125.12778, 0> | in o=<1216, 208, 32> f=<-4.371139E-08, 1, 0> | out o=<-592, 224, 80> f=<-1, -8.742278E-08, 0>
[portal] 'Portal_0' facing=True onScreen=True -> RENDER near=90.50 size=(384, 384) camQ=<1216, 298, 40> inO=<1216, 208, 32> inF=<-4.371139E-08, 1, 0>
[portal] dump portal0: camG=(-502, 88, -224) near=90.50 size=(384, 384) halfR=64 halfU=64 exitC=<-592, 224, 80>
[portal] 'Portal_1' facing=False onScreen=False -> RENDER near=1.50 size=(384, 384) camQ=<1216, 298, 40> inO=<-592, 224, 80> inF=<-1, -8.742278E-08, 0>
[portal] dump portal1: camG=(1142.0001, -8, -2016) near=1.50 size=(384, 384) halfR=64 halfU=64 exitC=<1216, 208, 32>
[lb]hitch VSYNC/PRESENT ×2] 12.7–16.7ms over 0.3s (med 6.9) — present/vsync-bound (rest 13.5ms, gpu 0.6ms)[0m
[lb]hitch EXTERNAL] 145.8ms (8 dropped @60Hz) (med 6.9, ×21.0) — rest-dominated, game-side quiet — OS/compositor/driver | proc 7.7 rcpu 0.4 gpu 0.9 rest 137.8 | alloc 59.9MB | ticks 3, remote.ents 21 | watchdog: 3/3 samples in '(unscoped)'[0m
[lb]hitch]   gpu: draws 340, pipeline compiles +0, vram 3200MB[0m
[lb]hitch]   events: anim cache HIT models/player/nyx.iqm; anim cache HIT models/player/pyria.iqm; anim cache HIT models/player/seraphina.iqm; anim cache HIT models/player/umbra.iqm; stream: idle-warm models/player/nyx.iqm (parse) built (0.3ms); stream: idle-warm models/player/pyria.iqm (parse) built (0.0ms); stream: idle-warm models/player/seraphina.iqm (parse) built (0.0ms); stream: idle-warm models/player/umbra.iqm (parse) built (0.0ms)[0m
[lb]hitch]   prev: 6.9 6.9 6.9 6.9 6.9 6.9 6.9 6.9[0m
[lb]hitch MIXED] 33.3ms (1 dropped @60Hz) (med 6.9, ×4.8) — mixed — ng.process 11.5ms | proc 15.0 rcpu 0.5 gpu 1.0 rest 17.8 | alloc 152.1MB | ticks 3, remote.ents 21 | watchdog: 2/4 samples in '(unscoped)'[0m
[lb]hitch VSYNC/PRESENT] 24.2ms (med 6.9, ×3.5) — present/vsync-bound (rest 15.8ms, gpu 1.0ms) | proc 7.4 rcpu 1.1 gpu 1.0 rest 15.8 | alloc 114.7MB | ticks 3, remote.ents 21[0m
[lb]hitch CPU-LOGIC] 13.2ms (med 6.9, ×1.9) — ng.process 14.8ms (typ 2.4ms, 6× over) | proc 13.2 rcpu 1.0 gpu 1.0 rest 0.0 | alloc 16.4MB | ticks 3, remote.ents 21 | watchdog: 5/8 samples in 'bot.strategy'[0m
[lb]hitch VSYNC/PRESENT] 24.3ms (med 6.9, ×3.5) — present/vsync-bound (rest 17.2ms, gpu 1.0ms) | proc 6.4 rcpu 0.7 gpu 1.0 rest 17.2 | alloc 448KB | ticks 3, remote.ents 21 | watchdog: 5/12 samples in 'bot.strategy'[0m
[lb]hitch VSYNC/PRESENT ×3] 15.3–24.3ms over 0.0s (med 6.9) — present/vsync-bound (rest 17.2ms, gpu 1.0ms)[0m
[lb]hitch CPU-LOGIC] 14.6ms (med 6.9, ×2.1) — proc:other 3.7ms | proc 8.2 rcpu 0.8 gpu 2.2 rest 5.6 | alloc 210KB | ticks 1, remote.ents 21 | watchdog: 3/3 samples in '(unscoped)'[0m
[lb]hitch CPU-LOGIC ×2] 14.6–20.3ms over 0.0s (med 6.9) — proc:other 3.7ms[0m
[lb]hitch VSYNC/PRESENT] 32.8ms (1 dropped @60Hz) (med 6.9, ×4.7) — present/vsync-bound (rest 21.8ms, gpu 2.0ms) | proc 8.4 rcpu 2.5 gpu 2.0 rest 21.8 | alloc 208KB | ticks 3, remote.ents 21 | watchdog: 3/3 samples in '(unscoped)'[0m
[lb]hitch MIXED] 25.0ms (1 dropped @60Hz) (med 6.9, ×3.6) — mixed — stream.build 6.4ms | proc 11.5 rcpu 1.8 gpu 2.1 rest 11.7 | alloc 642KB | ticks 2, remote.ents 21 | watchdog: 2/4 samples in 'stream.build'[0m
[lb]hitch VSYNC/PRESENT] 25.0ms (1 dropped @60Hz) (med 6.9, ×3.6) — present/vsync-bound (rest 17.4ms, gpu 2.1ms) | proc 6.4 rcpu 1.2 gpu 2.1 rest 17.4 | alloc 490KB | ticks 1, remote.ents 21 | watchdog: 5/7 samples in '(unscoped)'[0m
[lb]frameprofile] scene: nodes 2887 objs-drawn 1741 draws 346 vram 3203MB[0m
[lb]frameprofile] census: Label 876  HBoxContainer 218  Control 157  Dependent 113  Button 110  CvarCheckBox 104  VBoxContainer 78  HSlider 62  CvarSlider 58  MarginContainer 52[0m
[lb]frameprofile] 510 frames: p50 6.9 p95 16.6 p99 133.4 p99.9 145.9ms (max 146.0) | 9 EXTERNAL, 1 PIPELINE-COMPILE, 1 GC-PAUSE, 19 VSYNC/PRESENT, 5 CPU-LOGIC, 3 MIXED | alloc 155MB/s heap 752.8MB | proc 6.4 gpu 2.1[0m
[lb]frameprofile] ms/frame: ng.process 2.1  server.tick 1.7  sim.move 1.3  move.in 1.0  bot.think 1.0  bot.strategy 0.9  proc:other 0.7  bot.path 0.3  cw.process 0.3  net.send 0.3[0m
[lb]hitch VSYNC/PRESENT ×3] 14.6–25.0ms over 0.1s (med 6.9) — present/vsync-bound (rest 17.4ms, gpu 2.1ms)[0m
[lb]hitch ASSET-BUILD] 12.8ms (med 6.9, ×1.8) — stream.build 6.2ms (asset build/upload) | proc 10.3 rcpu 0.8 gpu 2.8 rest 1.7 | alloc 1.3MB | ticks 1, remote.ents 21 | watchdog: 2/3 samples in '(unscoped)'[0m
[lb]hitch ASSET-BUILD ×2] 12.8–14.9ms over 0.0s (med 6.9) — stream.build 6.2ms (asset build/upload)[0m
[lb]hitch VSYNC/PRESENT] 18.9ms (med 6.9, ×2.7) — present/vsync-bound (rest 14.6ms, gpu 2.9ms) | proc 3.9 rcpu 0.5 gpu 2.9 rest 14.6 | alloc 703KB | ticks 2, remote.ents 21 | watchdog: 5/8 samples in '(unscoped)'[0m
[lb]hitch MIXED] 13.3ms (med 6.9, ×1.9) — mixed — ng.process 4.6ms | proc 7.2 rcpu 0.5 gpu 2.0 rest 5.6 | alloc 299KB | ticks 1, remote.ents 21[0m
[lb]hitch VSYNC/PRESENT] 13.1ms (med 6.9, ×1.9) — present/vsync-bound (rest 8.8ms, gpu 2.1ms) | proc 3.9 rcpu 0.4 gpu 2.1 rest 8.8 | alloc 243KB | ticks 1, remote.ents 21 | watchdog: 3/3 samples in '(unscoped)'[0m
[IdleWarmer] asset warm queue drained — full asset set is hot.
[portal] 'Portal_0' facing=True onScreen=True -> RENDER near=90.50 size=(384, 384) camQ=<1216, 298, 40> inO=<1216, 208, 32> inF=<-4.371139E-08, 1, 0>
[portal] dump portal0: camG=(-502, 88, -224) near=90.50 size=(384, 384) halfR=64 halfU=64 exitC=<-592, 224, 80>
[portal] 'Portal_1' facing=False onScreen=False -> RENDER near=1.50 size=(384, 384) camQ=<1216, 298, 40> inO=<-592, 224, 80> inF=<-1, -8.742278E-08, 0>
[portal] dump portal1: camG=(1142.0001, -8, -2016) near=1.50 size=(384, 384) halfR=64 halfU=64 exitC=<1216, 208, 32>
[lb]hitch EXTERNAL] 130.3ms (7 dropped @60Hz) (med 6.9, ×18.8) — rest-dominated, game-side quiet — OS/compositor/driver | proc 3.1 rcpu 0.5 gpu 1.9 rest 126.8 | alloc 48KB | ticks 3, remote.ents 21 | watchdog: 224/224 samples in '(unscoped)'[0m
[lb]hitch]   gpu: draws 340, pipeline compiles +0, vram 3317MB[0m
[lb]hitch]   prev: 6.7 6.7 6.7 6.7 6.3 6.3 6.3 6.3[0m
[lb]hitch VSYNC/PRESENT] 15.5ms (med 6.9, ×2.2) — present/vsync-bound (rest 13.2ms, gpu 2.0ms) | proc 2.0 rcpu 0.4 gpu 2.0 rest 13.2 | alloc 40KB | ticks 1, remote.ents 21 | watchdog: 11/14 samples in 'bot.strategy'[0m
[portal] 'Portal_0' facing=True onScreen=True -> RENDER near=90.50 size=(384, 384) camQ=<1216, 298, 40> inO=<1216, 208, 32> inF=<-4.371139E-08, 1, 0>
[portal] dump portal0: camG=(-502, 88, -224) near=90.50 size=(384, 384) halfR=64 halfU=64 exitC=<-592, 224, 80>
[portal] 'Portal_1' facing=False onScreen=False -> RENDER near=1.50 size=(384, 384) camQ=<1216, 298, 40> inO=<-592, 224, 80> inF=<-1, -8.742278E-08, 0>
[portal] dump portal1: camG=(1142.0001, -8, -2016) near=1.50 size=(384, 384) halfR=64 halfU=64 exitC=<1216, 208, 32>
[lb]hitch VSYNC/PRESENT ×2] 15.5–20.5ms over 0.2s (med 6.9) — present/vsync-bound (rest 13.2ms, gpu 2.0ms)[0m
[lb]hitch EXTERNAL] 142.0ms (8 dropped @60Hz) (med 6.9, ×20.4) — rest-dominated, game-side quiet — OS/compositor/driver | proc 6.8 rcpu 0.4 gpu 0.6 rest 134.8 | alloc 48KB | ticks 3, remote.ents 21[0m
[lb]hitch]   gpu: draws 340, pipeline compiles +0, vram 3316MB[0m
[lb]hitch]   prev: 6.9 6.9 6.9 6.9 6.9 6.9 6.9 6.9[0m
[lb]hitch VSYNC/PRESENT] 17.5ms (med 6.9, ×2.5) — present/vsync-bound (rest 13.1ms, gpu 0.6ms) | proc 3.9 rcpu 0.5 gpu 0.6 rest 13.1 | alloc 178KB | ticks 3, remote.ents 21 | watchdog: 4/4 samples in '(unscoped)'[0m
[portal] 'Portal_0' facing=True onScreen=True -> RENDER near=90.50 size=(384, 384) camQ=<1216, 298, 40> inO=<1216, 208, 32> inF=<-4.371139E-08, 1, 0>
[portal] dump portal0: camG=(-502, 88, -224) near=90.50 size=(384, 384) halfR=64 halfU=64 exitC=<-592, 224, 80>
[portal] 'Portal_1' facing=False onScreen=False -> RENDER near=1.50 size=(384, 384) camQ=<1216, 298, 40> inO=<-592, 224, 80> inF=<-1, -8.742278E-08, 0>
[portal] dump portal1: camG=(1142.0001, -8, -2016) near=1.50 size=(384, 384) halfR=64 halfU=64 exitC=<1216, 208, 32>
[lb]hitch EXTERNAL] 132.7ms (7 dropped @60Hz) (med 7.1, ×18.6) — rest-dominated, game-side quiet — OS/compositor/driver | proc 3.5 rcpu 0.4 gpu 0.6 rest 128.8 | alloc 96KB | ticks 3, remote.ents 21 | watchdog: 226/226 samples in '(unscoped)'[0m
[lb]hitch]   gpu: draws 355, pipeline compiles +0, vram 3317MB[0m
[lb]hitch]   prev: 7.1 7.1 7.1 7.1 7.1 7.1 7.1 7.1[0m
[lb]hitch VSYNC/PRESENT] 13.0ms (med 7.1, ×1.8) — present/vsync-bound (rest 10.4ms, gpu 0.6ms) | proc 2.2 rcpu 0.4 gpu 0.6 rest 10.4 | alloc 40KB | ticks 1, remote.ents 21[0m
[lb]hitch CPU-LOGIC] 50.7ms (2 dropped @60Hz) (med 6.9, ×7.3) — ng.process 42.5ms (typ 5.2ms, 8× over) | proc 43.6 rcpu 0.4 gpu 0.6 rest 6.8 | alloc 48KB | ticks 3, remote.ents 21 | watchdog: 14/24 samples in 'bot.path'[0m
[lb]hitch]   gpu: draws 355, pipeline compiles +0, vram 3317MB[0m
[lb]hitch]   prev: 6.9 6.9 6.9 6.9 8.6 6.9 6.9 6.9[0m
[lb]hitch EXTERNAL] 52.4ms (2 dropped @60Hz) (med 6.9, ×7.6) — rest-dominated, game-side quiet — OS/compositor/driver | proc 3.8 rcpu 0.4 gpu 0.6 rest 48.2 | alloc 185KB | ticks 3, remote.ents 21 | watchdog: 14/28 samples in 'bot.path'[0m
[portal] 'Portal_0' facing=True onScreen=True -> RENDER near=90.50 size=(384, 384) camQ=<1216, 298, 40> inO=<1216, 208, 32> inF=<-4.371139E-08, 1, 0>
[portal] dump portal0: camG=(-502, 88, -224) near=90.50 size=(384, 384) halfR=64 halfU=64 exitC=<-592, 224, 80>
[portal] 'Portal_1' facing=False onScreen=False -> RENDER near=1.50 size=(384, 384) camQ=<1216, 298, 40> inO=<-592, 224, 80> inF=<-1, -8.742278E-08, 0>
[portal] dump portal1: camG=(1142.0001, -8, -2016) near=1.50 size=(384, 384) halfR=64 halfU=64 exitC=<1216, 208, 32>
[lb]hitch CPU-LOGIC] 14.2ms (med 6.9, ×2.0) — ng.process 21.9ms (typ 5.9ms, 4× over) | proc 14.2 rcpu 0.5 gpu 0.6 rest 0.0 | alloc 48KB | ticks 2, remote.ents 21 | watchdog: 214/224 samples in '(unscoped)'[0m
[lb]hitch EXTERNAL] 147.3ms (8 dropped @60Hz) (med 6.9, ×21.2) — rest-dominated, game-side quiet — OS/compositor/driver | proc 3.7 rcpu 0.5 gpu 0.6 rest 143.1 | alloc 56KB | ticks 3, remote.ents 21 | watchdog: 217/227 samples in '(unscoped)'[0m
[portal] 'Portal_0' facing=True onScreen=True -> RENDER near=90.50 size=(384, 384) camQ=<1216, 298, 40> inO=<1216, 208, 32> inF=<-4.371139E-08, 1, 0>
[portal] dump portal0: camG=(-502, 88, -224) near=90.50 size=(384, 384) halfR=64 halfU=64 exitC=<-592, 224, 80>
[portal] 'Portal_1' facing=False onScreen=False -> RENDER near=1.50 size=(384, 384) camQ=<1216, 298, 40> inO=<-592, 224, 80> inF=<-1, -8.742278E-08, 0>
[portal] dump portal1: camG=(1142.0001, -8, -2016) near=1.50 size=(384, 384) halfR=64 halfU=64 exitC=<1216, 208, 32>
[lb]hitch EXTERNAL] 138.9ms (7 dropped @60Hz) (med 6.9, ×20.0) — rest-dominated, game-side quiet — OS/compositor/driver | proc 3.9 rcpu 0.4 gpu 0.6 rest 134.5 | alloc 96KB | ticks 3, remote.ents 21 | watchdog: 215/215 samples in '(unscoped)'[0m
[lb]hitch]   gpu: draws 359, pipeline compiles +0, vram 3317MB[0m
[lb]hitch]   prev: 6.9 6.9 6.9 2.9 6.9 6.9 6.9 6.9[0m
[lb]hitch VSYNC/PRESENT] 16.7ms (med 6.9, ×2.4) — present/vsync-bound (rest 13.3ms, gpu 0.6ms) | proc 2.9 rcpu 0.4 gpu 0.6 rest 13.3 | alloc 137KB | ticks 3, remote.ents 21[0m
[lb]hitch EXTERNAL] 94.4ms (5 dropped @60Hz) (med 6.9, ×13.6) — rest-dominated, game-side quiet — OS/compositor/driver | proc 2.9 rcpu 0.4 gpu 0.6 rest 91.1 | alloc 48KB | ticks 3, remote.ents 21 | watchdog: 24/51 samples in 'bot.path'[0m
[lb]hitch VSYNC/PRESENT] 13.3ms (med 6.9, ×1.9) — present/vsync-bound (rest 10.1ms, gpu 0.9ms) | proc 2.8 rcpu 0.4 gpu 0.9 rest 10.1 | alloc 40KB | ticks 2, remote.ents 21[0m
[portal] 'Portal_0' facing=True onScreen=True -> RENDER near=90.50 size=(384, 384) camQ=<1216, 298, 40> inO=<1216, 208, 32> inF=<-4.371139E-08, 1, 0>
[portal] dump portal0: camG=(-502, 88, -224) near=90.50 size=(384, 384) halfR=64 halfU=64 exitC=<-592, 224, 80>
[portal] 'Portal_1' facing=False onScreen=False -> RENDER near=1.50 size=(384, 384) camQ=<1216, 298, 40> inO=<-592, 224, 80> inF=<-1, -8.742278E-08, 0>
[portal] dump portal1: camG=(1142.0001, -8, -2016) near=1.50 size=(384, 384) halfR=64 halfU=64 exitC=<1216, 208, 32>
[lb]hitch EXTERNAL] 135.3ms (7 dropped @60Hz) (med 6.9, ×19.5) — rest-dominated, game-side quiet — OS/compositor/driver | proc 24.6 rcpu 0.4 gpu 1.9 rest 110.3 | alloc 48KB | ticks 3, remote.ents 21 | watchdog: 10/12 samples in 'bot.strategy'[0m
[lb]hitch]   gpu: draws 359, pipeline compiles +0, vram 3317MB[0m
[lb]hitch]   prev: 6.9 6.9 6.9 6.9 6.9 6.9 6.9 6.9[0m
[lb]hitch EXTERNAL ×2] 33.3–135.3ms over 0.0s (med 6.9) — rest-dominated, game-side quiet — OS/compositor/driver[0m
[lb]hitch VSYNC/PRESENT] 16.3ms (med 6.9, ×2.4) — present/vsync-bound (rest 13.2ms, gpu 2.1ms) | proc 2.7 rcpu 0.4 gpu 2.1 rest 13.2 | alloc 40KB | ticks 3, remote.ents 21 | watchdog: 3/7 samples in '(unscoped)'[0m
[lb]frameprofile] scene: nodes 2870 objs-drawn 1816 draws 359 vram 3317MB[0m
[lb]frameprofile] census: Label 876  HBoxContainer 218  Control 157  Dependent 113  Button 110  CvarCheckBox 104  VBoxContainer 78  HSlider 62  CvarSlider 58  MarginContainer 52[0m
[lb]frameprofile] 562 frames: p50 6.9 p95 11.1 p99 94.4 p99.9 142.1ms (max 147.3) | 9 EXTERNAL, 2 ASSET-BUILD, 12 VSYNC/PRESENT, 2 CPU-LOGIC, 1 MIXED | alloc 4MB/s heap 822.4MB | proc 2.3 gpu 0.6[0m
[lb]frameprofile] ms/frame: ng.process 1.7  server.tick 1.3  sim.move 0.9  proc:other 0.7  move.in 0.6  bot.think 0.6  bot.strategy 0.6  iqm.anims 0.5  net.send 0.2  move.pm 0.2[0m
[portal] 'Portal_0' facing=True onScreen=True -> RENDER near=90.50 size=(384, 384) camQ=<1216, 298, 40> inO=<1216, 208, 32> inF=<-4.371139E-08, 1, 0>
[portal] dump portal0: camG=(-502, 88, -224) near=90.50 size=(384, 384) halfR=64 halfU=64 exitC=<-592, 224, 80>
[portal] 'Portal_1' facing=False onScreen=False -> RENDER near=1.50 size=(384, 384) camQ=<1216, 298, 40> inO=<-592, 224, 80> inF=<-1, -8.742278E-08, 0>
[portal] dump portal1: camG=(1142.0001, -8, -2016) near=1.50 size=(384, 384) halfR=64 halfU=64 exitC=<1216, 208, 32>
[lb]hitch VSYNC/PRESENT ×2] 13.2–16.3ms over 0.1s (med 6.9) — present/vsync-bound (rest 13.2ms, gpu 2.1ms)[0m
[lb]hitch EXTERNAL] 127.7ms (7 dropped @60Hz) (med 6.9, ×18.4) — rest-dominated, game-side quiet — OS/compositor/driver | proc 3.4 rcpu 0.4 gpu 0.6 rest 123.8 | alloc 40KB | ticks 3, remote.ents 21 | watchdog: 225/225 samples in '(unscoped)'[0m
[lb]hitch]   gpu: draws 359, pipeline compiles +0, vram 3317MB[0m
[lb]hitch]   prev: 6.9 6.9 6.9 6.9 6.9 6.9 6.9 6.9[0m
[lb]hitch VSYNC/PRESENT] 13.9ms (med 6.9, ×2.0) — present/vsync-bound (rest 10.5ms, gpu 0.6ms) | proc 2.9 rcpu 0.4 gpu 0.6 rest 10.5 | alloc 48KB | ticks 3, remote.ents 21[0m
[lb]hitch EXTERNAL] 69.3ms (3 dropped @60Hz) (med 6.9, ×10.0) — rest-dominated, game-side quiet — OS/compositor/driver | proc 3.4 rcpu 0.4 gpu 0.6 rest 65.4 | alloc 40KB | ticks 3, remote.ents 21 | watchdog: 23/42 samples in 'bot.strategy'[0m
[lb]hitch VSYNC/PRESENT] 23.5ms (med 6.9, ×3.4) — present/vsync-bound (rest 20.3ms, gpu 0.6ms) | proc 2.8 rcpu 0.4 gpu 0.6 rest 20.3 | alloc 40KB | ticks 2, remote.ents 21 | watchdog: 5/11 samples in 'bot.path'[0m
[lb]hitch EXTERNAL] 42.7ms (2 dropped @60Hz) (med 6.9, ×6.1) — rest-dominated, game-side quiet — OS/compositor/driver | proc 3.3 rcpu 0.5 gpu 0.6 rest 38.9 | alloc 40KB | ticks 3, remote.ents 21 | watchdog: 13/29 samples in 'bot.strategy'[0m
[lb]hitch VSYNC/PRESENT] 20.6ms (med 6.9, ×3.0) — present/vsync-bound (rest 17.3ms, gpu 0.6ms) | proc 2.9 rcpu 0.4 gpu 0.6 rest 17.3 | alloc 48KB | ticks 1, remote.ents 21 | watchdog: 13/29 samples in 'bot.strategy'[0m
[portal] 'Portal_0' facing=True onScreen=True -> RENDER near=90.50 size=(384, 384) camQ=<1216, 298, 40> inO=<1216, 208, 32> inF=<-4.371139E-08, 1, 0>
[portal] dump portal0: camG=(-502, 88, -224) near=90.50 size=(384, 384) halfR=64 halfU=64 exitC=<-592, 224, 80>
[portal] 'Portal_1' facing=False onScreen=False -> RENDER near=1.50 size=(384, 384) camQ=<1216, 298, 40> inO=<-592, 224, 80> inF=<-1, -8.742278E-08, 0>
[portal] dump portal1: camG=(1142.0001, -8, -2016) near=1.50 size=(384, 384) halfR=64 halfU=64 exitC=<1216, 208, 32>
[lb]hitch VSYNC/PRESENT ×3] 18.0–23.3ms over 0.1s (med 6.9) — present/vsync-bound (rest 17.3ms, gpu 0.6ms)[0m
[lb]hitch EXTERNAL] 140.6ms (7 dropped @60Hz) (med 6.9, ×20.2) — rest-dominated, game-side quiet — OS/compositor/driver | proc 3.4 rcpu 0.4 gpu 0.6 rest 136.8 | alloc 48KB | ticks 3, remote.ents 21 | watchdog: 220/220 samples in '(unscoped)'[0m
[lb]hitch]   gpu: draws 360, pipeline compiles +0, vram 3317MB[0m
[lb]hitch]   prev: 6.7 6.7 6.7 8.1 6.7 6.7 6.7 6.7[0m
[lb]hitch EXTERNAL ×2] 25.4–140.6ms over 0.0s (med 6.9) — rest-dominated, game-side quiet — OS/compositor/driver[0m
[lb]hitch VSYNC/PRESENT] 15.2ms (med 6.9, ×2.2) — present/vsync-bound (rest 10.9ms, gpu 0.6ms) | proc 3.9 rcpu 0.5 gpu 0.6 rest 10.9 | alloc 40KB | ticks 3, remote.ents 21 | watchdog: 7/14 samples in 'bot.strategy'[0m
[portal] 'Portal_0' facing=True onScreen=True -> RENDER near=90.50 size=(384, 384) camQ=<1216, 298, 40> inO=<1216, 208, 32> inF=<-4.371139E-08, 1, 0>
[portal] dump portal0: camG=(-502, 88, -224) near=90.50 size=(384, 384) halfR=64 halfU=64 exitC=<-592, 224, 80>
[portal] 'Portal_1' facing=False onScreen=False -> RENDER near=1.50 size=(384, 384) camQ=<1216, 298, 40> inO=<-592, 224, 80> inF=<-1, -8.742278E-08, 0>
[portal] dump portal1: camG=(1142.0001, -8, -2016) near=1.50 size=(384, 384) halfR=64 halfU=64 exitC=<1216, 208, 32>
[lb]hitch VSYNC/PRESENT ×2] 15.2–24.9ms over 0.5s (med 6.9) — present/vsync-bound (rest 10.9ms, gpu 0.6ms)[0m
[lb]hitch EXTERNAL] 133.8ms (7 dropped @60Hz) (med 6.9, ×19.3) — rest-dominated, game-side quiet — OS/compositor/driver | proc 3.8 rcpu 0.4 gpu 2.0 rest 129.5 | alloc 48KB | ticks 3, remote.ents 21 | watchdog: 224/224 samples in '(unscoped)'[0m
[lb]hitch]   gpu: draws 360, pipeline compiles +0, vram 3317MB[0m
[lb]hitch]   prev: 8.3 8.3 8.3 8.3 8.3 8.3 7.9 8.3[0m
[lb]hitch VSYNC/PRESENT] 16.7ms (med 6.9, ×2.4) — present/vsync-bound (rest 12.5ms, gpu 1.0ms) | proc 3.8 rcpu 0.4 gpu 1.0 rest 12.5 | alloc 184KB | ticks 3, remote.ents 21[0m
[portal] 'Portal_0' facing=True onScreen=True -> RENDER near=90.50 size=(384, 384) camQ=<1216, 298, 40> inO=<1216, 208, 32> inF=<-4.371139E-08, 1, 0>
[portal] dump portal0: camG=(-502, 88, -224) near=90.50 size=(384, 384) halfR=64 halfU=64 exitC=<-592, 224, 80>
[portal] 'Portal_1' facing=False onScreen=False -> RENDER near=1.50 size=(384, 384) camQ=<1216, 298, 40> inO=<-592, 224, 80> inF=<-1, -8.742278E-08, 0>
[portal] dump portal1: camG=(1142.0001, -8, -2016) near=1.50 size=(384, 384) halfR=64 halfU=64 exitC=<1216, 208, 32>
[lb]hitch EXTERNAL] 140.9ms (7 dropped @60Hz) (med 6.9, ×20.3) — rest-dominated, game-side quiet — OS/compositor/driver | proc 3.3 rcpu 0.5 gpu 0.6 rest 137.2 | alloc 48KB | ticks 3, remote.ents 21 | watchdog: 219/219 samples in '(unscoped)'[0m
[lb]hitch]   gpu: draws 368, pipeline compiles +0, vram 3317MB[0m
[lb]hitch]   prev: 6.9 6.9 6.9 6.9 6.9 6.9 6.9 6.9[0m
[lb]hitch VSYNC/PRESENT] 16.7ms (med 6.9, ×2.4) — present/vsync-bound (rest 12.7ms, gpu 0.6ms) | proc 3.5 rcpu 0.4 gpu 0.6 rest 12.7 | alloc 184KB | ticks 3, remote.ents 21[0m
[lb]hitch VSYNC/PRESENT ×2] 16.7–19.9ms over 0.0s (med 6.9) — present/vsync-bound (rest 12.7ms, gpu 0.6ms)[0m
[lb]hitch EXTERNAL] 36.7ms (1 dropped @60Hz) (med 6.9, ×5.3) — rest-dominated, game-side quiet — OS/compositor/driver | proc 4.5 rcpu 0.4 gpu 0.6 rest 31.8 | alloc 48KB | ticks 3, remote.ents 21 | watchdog: 11/21 samples in 'bot.path'[0m
[lb]hitch VSYNC/PRESENT] 16.7ms (med 6.9, ×2.4) — present/vsync-bound (rest 14.2ms, gpu 0.6ms) | proc 2.1 rcpu 0.4 gpu 0.6 rest 14.2 | alloc 40KB | ticks 1, remote.ents 21[0m
=== frame profiler session summary (40s, 1619 frames) ===[0m
  fps: avg 89.9  1%low 7  0.1%low 7  (median 6.9ms, worst 150.0ms)[0m
  hitches: 88 total — 30 EXTERNAL, 2 ASSET-BUILD, 1 PIPELINE-COMPILE, 1 GC-PAUSE, 43 VSYNC/PRESENT, 7 CPU-LOGIC, 4 MIXED[0m
    worst[lb]1]: 147.3ms EXTERNAL (ng.process) @ t=33.4s[0m
    worst[lb]2]: 146.0ms EXTERNAL (ng.process) @ t=24.3s[0m
    worst[lb]3]: 145.8ms EXTERNAL (proc:other) @ t=29.4s[0m
    worst[lb]4]: 145.6ms EXTERNAL (ng.process) @ t=25.4s[0m
    worst[lb]5]: 142.0ms EXTERNAL (ng.process) @ t=31.4s[0m
  gc: g0+85 g1+58 g2+34, total pause 241ms[0m
  alloc: 2.7GB total, 4MB/s recent, peak 433.9MB in one frame @ t=5.6s, heap 826.9MB[0m
