Godot Engine v4.6.3.stable.mono.official.7d41c59c4 - https://godotengine.org
Vulkan 1.4.341 - Forward+ - Using Device #0: NVIDIA - NVIDIA GeForce RTX 3080

[lb]frameprofiler] env: managed-debugger=False godot-context=debug csharp=Debug vsync=Enabled maxfps=0 refresh=60Hz cpu=24c gpu=NVIDIA GeForce RTX 3080[0m
[lb]frameprofiler] columns: proc=all _Process CPU | rcpu=render-thread submit | gpu=main viewport GPU | rest=present/vsync/stall (ms-proc-rcpu) | alloc=managed garbage/frame | pipe=shader-pipeline compiles[0m
=== XonoticGodot boot ===[0m
Weapons:   27[0m
Items:     21[0m
Mutators:  46[0m
GameTypes: 20[0m
[lb]MenuState] config: 6462 cvars from 25 cfg files (374 aliases, 0 missing).[0m
[lb]shell] --cvar sv_warpzone_trace = "1"[0m
[lb]shell] --cvar wz_portal_force = "1"[0m
[lb]shell] --cvar wz_portal_dump = "1"[0m
[lb]shell] --cvar wz_portal_headon = "3"[0m
[lb]video] vid_vsync 2 → requested Mailbox, actual Mailbox[0m
[lb]video] cl_maxfps 256 -> Engine.MaxFps 144 (refresh 60Hz)[0m
[lb]video] process priority AboveNormal (sys_priority_boost 1)[0m
[MenuCommand] 'playerstats_update' has no client backend yet (inert).
[lb]Shell] hosting listen server: gametype=dm map=stormkeep bots=0 skill=0 timelimit=0 fraglimit=0[0m
[AssetSystem] loaded 2439 shaders from 185 scripts.
[NetTransport.Server] listening on UDP 26000 (max 16).
[ServerNet] LAN discovery: answering getinfo on UDP 26001 (game port 26000).
[NetTransport.Client] connecting to 127.0.0.1:26000 …
[EffectSystem] effectinfo: 301 effects, particlefont atlas: loaded, style overlay: 0 effects
[Particles] backend=original (cl_particles_modern=0)
[AssetLoader] model 'models/items/buff.md3' read failed: Asset not found in any mount: "models/items/buff.md3".
[AssetLoader] 'models/casing_shell.mdl' is not a known model (magic "IDPO?").
[MapLoader] occluder: 90016 verts / 107956 tris (r_occlusion_cull A/B)
[MapLoader] 'stormkeep' materials: lightmapped=34 vertexLit=3 plain=8 glow=4 normalMapped=34 (deluxe=True, internalPages=0, atlas=1p, cellSize=131072, cells=8, surfaces=188)
[MapLoader] 'stormkeep' portal surfaces: 2 (from 2 faces), pocket decor: 5 (from 5 faces)
[DecalSplats] geometry: 106027 render triangles, 502 grid cells
[Skybox] loaded 'env/extragalactic/asteroids'.
[PortalRenderer] 2 live portal(s)
[portal] 'Portal_0' facing=False onScreen=False -> RENDER near=0.05 size=(384, 384) camQ=<0, -0, 0> inO=<1216, 208, 32> inF=<-4.371139E-08, 1, 0>
[portal] dump portal0: camG=(0, 0, 0) near=0.05 size=(384, 384) halfR=64 halfU=64 exitC=<-592, 224, 80>
[portal] 'Portal_1' facing=False onScreen=False -> RENDER near=0.05 size=(384, 384) camQ=<0, -0, 0> inO=<-592, 224, 80> inF=<-1, -8.742278E-08, 0>
[portal] dump portal1: camG=(0, 0, 0) near=0.05 size=(384, 384) halfR=64 halfU=64 exitC=<1216, 208, 32>
[NetGame] map music: 'cdtracks/track005' (from mapinfo/worldspawn)
[portal] 'Portal_0' facing=False onScreen=True -> RENDER near=100.00 size=(384, 384) camQ=<0, -0, 0> inO=<1216, 208, 32> inF=<-4.371139E-08, 1, 0>
[portal] dump portal0: camG=(-492, 80, -224.00002) near=100.00 size=(384, 384) halfR=64 halfU=64 exitC=<-592, 224, 80>
[portal] 'Portal_1' facing=False onScreen=True -> RENDER near=100.00 size=(384, 384) camQ=<0, -0, 0> inO=<-592, 224, 80> inF=<-1, -8.742278E-08, 0>
[portal] dump portal1: camG=(1216, 32, -108) near=100.00 size=(384, 384) halfR=64 halfU=64 exitC=<1216, 208, 32>
[portal] 'Portal_0' facing=False onScreen=True -> RENDER near=100.00 size=(384, 384) camQ=<0, -0, 0> inO=<1216, 208, 32> inF=<-4.371139E-08, 1, 0>
[portal] dump portal0: camG=(-492, 80, -224.00002) near=100.00 size=(384, 384) halfR=64 halfU=64 exitC=<-592, 224, 80>
[portal] 'Portal_1' facing=False onScreen=True -> RENDER near=100.00 size=(384, 384) camQ=<0, -0, 0> inO=<-592, 224, 80> inF=<-1, -8.742278E-08, 0>
[portal] dump portal1: camG=(1216, 32, -108) near=100.00 size=(384, 384) halfR=64 halfU=64 exitC=<1216, 208, 32>
[portal] 'Portal_0' facing=False onScreen=True -> RENDER near=100.00 size=(384, 384) camQ=<0, -0, 0> inO=<1216, 208, 32> inF=<-4.371139E-08, 1, 0>
[portal] dump portal0: camG=(-492, 80, -224.00002) near=100.00 size=(384, 384) halfR=64 halfU=64 exitC=<-592, 224, 80>
[portal] 'Portal_1' facing=False onScreen=True -> RENDER near=100.00 size=(384, 384) camQ=<0, -0, 0> inO=<-592, 224, 80> inF=<-1, -8.742278E-08, 0>
[portal] dump portal1: camG=(1216, 32, -108) near=100.00 size=(384, 384) halfR=64 halfU=64 exitC=<1216, 208, 32>
[portal] 'Portal_0' facing=False onScreen=True -> RENDER near=100.00 size=(384, 384) camQ=<0, -0, 0> inO=<1216, 208, 32> inF=<-4.371139E-08, 1, 0>
[portal] dump portal0: camG=(-492, 80, -224.00002) near=100.00 size=(384, 384) halfR=64 halfU=64 exitC=<-592, 224, 80>
[portal] 'Portal_1' facing=False onScreen=True -> RENDER near=100.00 size=(384, 384) camQ=<0, -0, 0> inO=<-592, 224, 80> inF=<-1, -8.742278E-08, 0>
[portal] dump portal1: camG=(1216, 32, -108) near=100.00 size=(384, 384) halfR=64 halfU=64 exitC=<1216, 208, 32>
[NetGame] precached 24 weapon models, skipped 0 (lazy), 24 muzzle tags.
[portal] 'Portal_0' facing=False onScreen=True -> RENDER near=100.00 size=(384, 384) camQ=<0, -0, 0> inO=<1216, 208, 32> inF=<-4.371139E-08, 1, 0>
[portal] dump portal0: camG=(-492, 80, -224.00002) near=100.00 size=(384, 384) halfR=64 halfU=64 exitC=<-592, 224, 80>
[portal] 'Portal_1' facing=False onScreen=True -> RENDER near=100.00 size=(384, 384) camQ=<0, -0, 0> inO=<-592, 224, 80> inF=<-1, -8.742278E-08, 0>
[portal] dump portal1: camG=(1216, 32, -108) near=100.00 size=(384, 384) halfR=64 halfU=64 exitC=<1216, 208, 32>
[portal] 'Portal_0' facing=False onScreen=True -> RENDER near=100.00 size=(384, 384) camQ=<0, -0, 0> inO=<1216, 208, 32> inF=<-4.371139E-08, 1, 0>
[portal] dump portal0: camG=(-492, 80, -224.00002) near=100.00 size=(384, 384) halfR=64 halfU=64 exitC=<-592, 224, 80>
[portal] 'Portal_1' facing=False onScreen=True -> RENDER near=100.00 size=(384, 384) camQ=<0, -0, 0> inO=<-592, 224, 80> inF=<-1, -8.742278E-08, 0>
[portal] dump portal1: camG=(1216, 32, -108) near=100.00 size=(384, 384) halfR=64 halfU=64 exitC=<1216, 208, 32>
[portal] 'Portal_0' facing=False onScreen=True -> RENDER near=100.00 size=(384, 384) camQ=<0, -0, 0> inO=<1216, 208, 32> inF=<-4.371139E-08, 1, 0>
[portal] dump portal0: camG=(-492, 80, -224.00002) near=100.00 size=(384, 384) halfR=64 halfU=64 exitC=<-592, 224, 80>
[portal] 'Portal_1' facing=False onScreen=True -> RENDER near=100.00 size=(384, 384) camQ=<0, -0, 0> inO=<-592, 224, 80> inF=<-1, -8.742278E-08, 0>
[portal] dump portal1: camG=(1216, 32, -108) near=100.00 size=(384, 384) halfR=64 halfU=64 exitC=<1216, 208, 32>
[portal] 'Portal_0' facing=False onScreen=True -> RENDER near=100.00 size=(384, 384) camQ=<0, -0, 0> inO=<1216, 208, 32> inF=<-4.371139E-08, 1, 0>
[portal] dump portal0: camG=(-492, 80, -224.00002) near=100.00 size=(384, 384) halfR=64 halfU=64 exitC=<-592, 224, 80>
[portal] 'Portal_1' facing=False onScreen=True -> RENDER near=100.00 size=(384, 384) camQ=<0, -0, 0> inO=<-592, 224, 80> inF=<-1, -8.742278E-08, 0>
[portal] dump portal1: camG=(1216, 32, -108) near=100.00 size=(384, 384) halfR=64 halfU=64 exitC=<1216, 208, 32>
[portal] 'Portal_0' facing=False onScreen=True -> RENDER near=100.00 size=(384, 384) camQ=<0, -0, 0> inO=<1216, 208, 32> inF=<-4.371139E-08, 1, 0>
[portal] dump portal0: camG=(-492, 80, -224.00002) near=100.00 size=(384, 384) halfR=64 halfU=64 exitC=<-592, 224, 80>
[portal] 'Portal_1' facing=False onScreen=True -> RENDER near=100.00 size=(384, 384) camQ=<0, -0, 0> inO=<-592, 224, 80> inF=<-1, -8.742278E-08, 0>
[portal] dump portal1: camG=(1216, 32, -108) near=100.00 size=(384, 384) halfR=64 halfU=64 exitC=<1216, 208, 32>
[NetGame] precached 36 combat sounds, 10 player models (rendered for pipeline warm).
[NetGame] listen server on 127.0.0.1:26000 (map 'stormkeep', dm, 0 bots) — self-connecting.
[ServerNet] peer 1832593983 connected (awaiting handshake).
[ServerNet] peer 1832593983 accepted as 'player' (netId 1832593983, id 023ad555).
[ClientNet] handshake accepted by 'Xonotic  Server': netId 1, tickrate 72 Hz.
[NetGame] handshake accepted by 'Xonotic  Server': netId 1.
[portal] 'Portal_0' facing=False onScreen=True -> RENDER near=100.00 size=(384, 384) camQ=<0, -0, 34.82002> inO=<1216, 208, 32> inF=<-4.371139E-08, 1, 0>
[portal] dump portal0: camG=(-492, 80, -224.00002) near=100.00 size=(384, 384) halfR=64 halfU=64 exitC=<-592, 224, 80>
[portal] 'Portal_1' facing=False onScreen=True -> RENDER near=100.00 size=(384, 384) camQ=<0, -0, 34.82002> inO=<-592, 224, 80> inF=<-1, -8.742278E-08, 0>
[portal] dump portal1: camG=(1216, 32, -108) near=100.00 size=(384, 384) halfR=64 halfU=64 exitC=<1216, 208, 32>
[lb]hitch EXTERNAL] 121.4ms (6 dropped @60Hz) (med 33.3, ×3.6) — rest-dominated, game-side quiet — OS/compositor/driver | proc 2.2 rcpu 0.5 gpu 5.2 rest 118.7 | alloc 131KB | ticks 3, remote.ents 79 | watchdog: 74/74 samples in '(unscoped)'[0m
[lb]hitch]   gpu: draws 533, pipeline compiles +0, vram 3210MB[0m
[lb]hitch]   prev: 10.6 10.6 10.6 8.8 11.1 11.1 10.6 10.6[0m
[wzview] authoritative snap -> <0, 135, 0>
[lb]hitch PIPELINE-COMPILE] 57.3ms (2 dropped @60Hz) (med 7.0, ×8.2) — 1 pipeline compile(s) — SYNC[lb]surface+0 draw+0] async[lb]mesh+0 spec+1] canvas+0 | proc 7.2 rcpu 0.4 gpu 0.5 rest 49.6 | alloc 836KB | ticks 3, remote.ents 21[0m
[lb]hitch VSYNC/PRESENT] 19.2ms (med 7.0, ×2.8) — present/vsync-bound (rest 15.6ms, gpu 0.4ms) | proc 3.1 rcpu 0.5 gpu 0.4 rest 15.6 | alloc 112KB | ticks 2, remote.ents 21 | watchdog: 3/4 samples in '(unscoped)'[0m
[portal] 'Portal_0' facing=True onScreen=True -> RENDER near=100.00 size=(384, 384) camQ=<1040, 240, 27.03125> inO=<1216, 208, 32> inF=<-4.371139E-08, 1, 0>
[portal] dump portal0: camG=(-492, 80, -224.00002) near=100.00 size=(384, 384) halfR=64 halfU=64 exitC=<-592, 224, 80>
[portal] 'Portal_1' facing=False onScreen=True -> RENDER near=100.00 size=(384, 384) camQ=<1040, 240, 27.03125> inO=<-592, 224, 80> inF=<-1, -8.742278E-08, 0>
[portal] dump portal1: camG=(1216, 32, -108) near=100.00 size=(384, 384) halfR=64 halfU=64 exitC=<1216, 208, 32>
[lb]hitch VSYNC/PRESENT ×2] 14.2–19.2ms over 0.0s (med 6.9) — present/vsync-bound (rest 15.6ms, gpu 0.4ms)[0m
[lb]hitch EXTERNAL] 142.6ms (8 dropped @60Hz) (med 6.9, ×20.5) — rest-dominated, game-side quiet — OS/compositor/driver | proc 2.2 rcpu 0.4 gpu 0.5 rest 140.0 | alloc 40KB | ticks 3, remote.ents 21 | watchdog: 227/227 samples in '(unscoped)'[0m
[lb]hitch]   gpu: draws 522, pipeline compiles +0, vram 3212MB[0m
[lb]hitch]   prev: 6.9 6.9 6.9 6.9 6.9 6.9 6.9 6.9[0m
[lb]hitch VSYNC/PRESENT] 16.9ms (med 6.9, ×2.4) — present/vsync-bound (rest 14.5ms, gpu 0.5ms) | proc 1.9 rcpu 0.4 gpu 0.5 rest 14.5 | alloc 154KB | ticks 3, remote.ents 21[0m
[lb]frameprofile] scene: nodes 2852 objs-drawn 1868 draws 522 vram 3212MB[0m
[lb]frameprofile] census: Label 876  HBoxContainer 218  Control 157  Dependent 113  Button 110  CvarCheckBox 104  VBoxContainer 78  HSlider 62  CvarSlider 58  MarginContainer 52[0m
[lb]frameprofile] 250 frames: p50 6.9 p95 133.4 p99 149.6 p99.9 149.9ms (max 150.0) | 2 EXTERNAL, 1 PIPELINE-COMPILE, 3 VSYNC/PRESENT | alloc 164MB/s heap 213.6MB | proc 1.1 gpu 0.5[0m
[lb]frameprofile] ms/frame: iqm.mesh 30.8  iqm.materials 30.3  iqm.anims 5.5  proc:other 4.8  cev.process 1.4  ng.process 1.3  server.tick 0.7  net.send 0.3  net.poll 0.1  cw.process 0.1[0m
[portal] 'Portal_0' facing=True onScreen=True -> RENDER near=100.00 size=(384, 384) camQ=<1040, 240, 27.03125> inO=<1216, 208, 32> inF=<-4.371139E-08, 1, 0>
[portal] dump portal0: camG=(-492, 80, -224.00002) near=100.00 size=(384, 384) halfR=64 halfU=64 exitC=<-592, 224, 80>
[portal] 'Portal_1' facing=False onScreen=True -> RENDER near=100.00 size=(384, 384) camQ=<1040, 240, 27.03125> inO=<-592, 224, 80> inF=<-1, -8.742278E-08, 0>
[portal] dump portal1: camG=(1216, 32, -108) near=100.00 size=(384, 384) halfR=64 halfU=64 exitC=<1216, 208, 32>
[lb]hitch VSYNC/PRESENT ×2] 14.4–16.9ms over 0.5s (med 6.9) — present/vsync-bound (rest 14.5ms, gpu 0.5ms)[0m
[lb]hitch EXTERNAL] 128.3ms (7 dropped @60Hz) (med 6.9, ×18.5) — rest-dominated, game-side quiet — OS/compositor/driver | proc 2.1 rcpu 0.4 gpu 0.5 rest 125.7 | alloc 40KB | ticks 3, remote.ents 21 | watchdog: 225/225 samples in '(unscoped)'[0m
[lb]hitch]   gpu: draws 522, pipeline compiles +0, vram 3212MB[0m
[lb]hitch]   prev: 7.1 7.1 7.1 7.1 7.1 7.1 7.1 7.1[0m
[lb]bots] waypoints for 'stormkeep': nodes=99 (file=loaded, cache=yes)[0m
[lb]hitch CPU-LOGIC] 114.2ms (6 dropped @60Hz) (med 6.9, ×16.4) — ng.process 95.2ms (typ 10.9ms, 9× over) | proc 107.1 rcpu 0.4 gpu 0.8 rest 6.6 | alloc 264KB | ticks 3, remote.ents 22 | watchdog: 29/65 samples in 'bot.path'[0m
[lb]hitch PIPELINE-COMPILE] 132.4ms (7 dropped @60Hz) (med 6.9, ×19.1) — 1 pipeline compile(s) — SYNC[lb]surface+1 draw+0] async[lb]mesh+0 spec+0] canvas+0 | proc 23.0 rcpu 0.4 gpu 0.7 rest 108.9 | alloc 78.0MB | ticks 3, remote.ents 22 | watchdog: 4/12 samples in 'bot.strategy'[0m
[lb]hitch GC-PAUSE] 36.8ms (1 dropped @60Hz) (med 6.9, ×5.3) — gen2/GC-pause tail (prior frame paused 1.2ms; this frame rest-dominated) | proc 4.0 rcpu 0.5 gpu 0.8 rest 32.3 | alloc 112.1MB | ticks 3, remote.ents 22 | watchdog: 9/19 samples in '(unscoped)'[0m
[lb]hitch VSYNC/PRESENT] 16.7ms (med 6.9, ×2.4) — present/vsync-bound (rest 11.2ms, gpu 0.8ms) | proc 4.6 rcpu 0.8 gpu 0.8 rest 11.2 | alloc 136KB | ticks 3, remote.ents 22 | watchdog: 3/3 samples in '(unscoped)'[0m
[lb]hitch VSYNC/PRESENT ×3] 14.7–16.7ms over 0.0s (med 6.9) — present/vsync-bound (rest 11.2ms, gpu 0.8ms)[0m
[lb]hitch CPU-LOGIC] 14.9ms (med 6.9, ×2.1) — ng.process 5.7ms | proc 10.8 rcpu 0.5 gpu 0.8 rest 3.6 | alloc 80KB | ticks 1, remote.ents 22 | watchdog: 3/5 samples in '(unscoped)'[0m
[lb]hitch MIXED] 14.4ms (med 6.9, ×2.1) — mixed — ng.process 4.2ms | proc 6.9 rcpu 1.0 gpu 0.8 rest 6.6 | alloc 62KB | ticks 2, remote.ents 22[0m
[lb]hitch VSYNC/PRESENT] 19.4ms (med 6.9, ×2.8) — present/vsync-bound (rest 10.9ms, gpu 1.5ms) | proc 6.1 rcpu 2.4 gpu 1.5 rest 10.9 | alloc 74KB | ticks 1, remote.ents 22 | watchdog: 9/9 samples in '(unscoped)'[0m
[lb]hitch VSYNC/PRESENT ×2] 16.7–19.4ms over 0.0s (med 6.9) — present/vsync-bound (rest 10.9ms, gpu 1.5ms)[0m
[lb]hitch MIXED] 16.7ms (med 6.9, ×2.4) — mixed — stream.build 6.4ms | proc 8.6 rcpu 0.7 gpu 0.8 rest 7.4 | alloc 66KB | ticks 1, remote.ents 22 | watchdog: 2/3 samples in 'stream.build'[0m
[lb]hitch VSYNC/PRESENT] 16.7ms (med 6.9, ×2.4) — present/vsync-bound (rest 9.4ms, gpu 0.8ms) | proc 6.8 rcpu 0.5 gpu 0.8 rest 9.4 | alloc 46KB | ticks 2, remote.ents 22[0m
[portal] 'Portal_0' facing=True onScreen=True -> RENDER near=100.00 size=(384, 384) camQ=<1040, 240, 27.03125> inO=<1216, 208, 32> inF=<-4.371139E-08, 1, 0>
[portal] dump portal0: camG=(-492, 80, -224.00002) near=100.00 size=(384, 384) halfR=64 halfU=64 exitC=<-592, 224, 80>
[portal] 'Portal_1' facing=False onScreen=True -> RENDER near=100.00 size=(384, 384) camQ=<1040, 240, 27.03125> inO=<-592, 224, 80> inF=<-1, -8.742278E-08, 0>
[portal] dump portal1: camG=(1216, 32, -108) near=100.00 size=(384, 384) halfR=64 halfU=64 exitC=<1216, 208, 32>
[lb]hitch VSYNC/PRESENT ×2] 14.3–16.7ms over 0.0s (med 6.9) — present/vsync-bound (rest 9.4ms, gpu 0.8ms)[0m
[lb]hitch EXTERNAL] 142.2ms (8 dropped @60Hz) (med 6.9, ×20.5) — rest-dominated, game-side quiet — OS/compositor/driver | proc 3.6 rcpu 0.5 gpu 0.8 rest 138.1 | alloc 48KB | ticks 3, remote.ents 22 | watchdog: 225/225 samples in '(unscoped)'[0m
[lb]hitch]   gpu: draws 522, pipeline compiles +0, vram 3202MB[0m
[lb]hitch]   prev: 6.7 6.7 6.7 6.7 6.7 6.7 6.7 6.7[0m
[lb]hitch VSYNC/PRESENT] 16.7ms (med 6.9, ×2.4) — present/vsync-bound (rest 9.5ms, gpu 2.3ms) | proc 6.6 rcpu 0.5 gpu 2.3 rest 9.5 | alloc 172KB | ticks 3, remote.ents 22[0m
[lb]hitch VSYNC/PRESENT ×2] 16.7–16.7ms over 0.0s (med 6.9) — present/vsync-bound (rest 9.5ms, gpu 2.3ms)[0m
[lb]hitch EXTERNAL] 74.3ms (3 dropped @60Hz) (med 6.9, ×10.7) — rest-dominated, game-side quiet — OS/compositor/driver | proc 4.2 rcpu 0.7 gpu 0.6 rest 69.3 | alloc 48KB | ticks 3, remote.ents 22 | watchdog: 23/39 samples in 'bot.path'[0m
[lb]hitch]   gpu: draws 522, pipeline compiles +0, vram 3202MB[0m
[lb]hitch]   prev: 6.9 6.9 6.9 6.9 6.9 6.9 6.9 6.9[0m
[lb]hitch VSYNC/PRESENT] 16.7ms (med 6.9, ×2.4) — present/vsync-bound (rest 12.1ms, gpu 0.6ms) | proc 4.2 rcpu 0.4 gpu 0.6 rest 12.1 | alloc 176KB | ticks 3, remote.ents 22 | watchdog: 4/4 samples in '(unscoped)'[0m
[portal] 'Portal_0' facing=True onScreen=True -> RENDER near=100.00 size=(384, 384) camQ=<1040, 240, 27.03125> inO=<1216, 208, 32> inF=<-4.371139E-08, 1, 0>
[portal] dump portal0: camG=(-492, 80, -224.00002) near=100.00 size=(384, 384) halfR=64 halfU=64 exitC=<-592, 224, 80>
[portal] 'Portal_1' facing=False onScreen=True -> RENDER near=100.00 size=(384, 384) camQ=<1040, 240, 27.03125> inO=<-592, 224, 80> inF=<-1, -8.742278E-08, 0>
[portal] dump portal1: camG=(1216, 32, -108) near=100.00 size=(384, 384) halfR=64 halfU=64 exitC=<1216, 208, 32>
[lb]hitch EXTERNAL] 140.2ms (7 dropped @60Hz) (med 6.9, ×20.2) — rest-dominated, game-side quiet — OS/compositor/driver | proc 6.3 rcpu 0.4 gpu 0.6 rest 133.5 | alloc 58KB | ticks 3, remote.ents 22 | watchdog: 216/216 samples in '(unscoped)'[0m
[lb]hitch EXTERNAL ×2] 35.2–140.2ms over 0.1s (med 6.9) — rest-dominated, game-side quiet — OS/compositor/driver[0m
[lb]hitch VSYNC/PRESENT] 16.7ms (med 6.9, ×2.4) — present/vsync-bound (rest 13.3ms, gpu 0.6ms) | proc 2.9 rcpu 0.4 gpu 0.6 rest 13.3 | alloc 40KB | ticks 1, remote.ents 22 | watchdog: 20/24 samples in 'bot.strategy'[0m
[lb]hitch VSYNC/PRESENT ×2] 14.8–16.7ms over 0.0s (med 6.7) — present/vsync-bound (rest 13.3ms, gpu 0.6ms)[0m
[lb]hitch EXTERNAL] 94.1ms (5 dropped @60Hz) (med 6.7, ×14.1) — rest-dominated, game-side quiet — OS/compositor/driver | proc 3.4 rcpu 0.4 gpu 0.6 rest 90.3 | alloc 48KB | ticks 3, remote.ents 22 | watchdog: 36/56 samples in 'bot.path'[0m
[lb]hitch]   gpu: draws 529, pipeline compiles +0, vram 3202MB[0m
[lb]hitch]   prev: 6.7 6.7 6.7 6.7 6.7 6.7 6.7 6.7[0m
[lb]hitch VSYNC/PRESENT] 16.7ms (med 6.7, ×2.5) — present/vsync-bound (rest 13.2ms, gpu 0.6ms) | proc 3.0 rcpu 0.4 gpu 0.6 rest 13.2 | alloc 163KB | ticks 3, remote.ents 22 | watchdog: 3/3 samples in '(unscoped)'[0m
[portal] 'Portal_0' facing=True onScreen=True -> RENDER near=100.00 size=(384, 384) camQ=<1040, 240, 27.03125> inO=<1216, 208, 32> inF=<-4.371139E-08, 1, 0>
[portal] dump portal0: camG=(-492, 80, -224.00002) near=100.00 size=(384, 384) halfR=64 halfU=64 exitC=<-592, 224, 80>
[portal] 'Portal_1' facing=False onScreen=True -> RENDER near=100.00 size=(384, 384) camQ=<1040, 240, 27.03125> inO=<-592, 224, 80> inF=<-1, -8.742278E-08, 0>
[portal] dump portal1: camG=(1216, 32, -108) near=100.00 size=(384, 384) halfR=64 halfU=64 exitC=<1216, 208, 32>
[lb]hitch EXTERNAL] 135.9ms (7 dropped @60Hz) (med 6.7, ×20.4) — rest-dominated, game-side quiet — OS/compositor/driver | proc 5.3 rcpu 0.4 gpu 0.6 rest 130.2 | alloc 57KB | ticks 3, remote.ents 22 | watchdog: 219/219 samples in '(unscoped)'[0m
[lb]hitch VSYNC/PRESENT] 16.7ms (med 6.7, ×2.5) — present/vsync-bound (rest 12.9ms, gpu 1.1ms) | proc 3.3 rcpu 0.4 gpu 1.1 rest 12.9 | alloc 56KB | ticks 3, remote.ents 22 | watchdog: 3/3 samples in '(unscoped)'[0m
[portal] 'Portal_0' facing=True onScreen=True -> RENDER near=100.00 size=(384, 384) camQ=<1040, 240, 27.03125> inO=<1216, 208, 32> inF=<-4.371139E-08, 1, 0>
[portal] dump portal0: camG=(-492, 80, -224.00002) near=100.00 size=(384, 384) halfR=64 halfU=64 exitC=<-592, 224, 80>
[portal] 'Portal_1' facing=False onScreen=True -> RENDER near=100.00 size=(384, 384) camQ=<1040, 240, 27.03125> inO=<-592, 224, 80> inF=<-1, -8.742278E-08, 0>
[portal] dump portal1: camG=(1216, 32, -108) near=100.00 size=(384, 384) halfR=64 halfU=64 exitC=<1216, 208, 32>
[lb]hitch VSYNC/PRESENT ×2] 16.7–21.0ms over 0.4s (med 6.7) — present/vsync-bound (rest 12.9ms, gpu 1.1ms)[0m
[lb]hitch EXTERNAL] 136.4ms (7 dropped @60Hz) (med 6.7, ×20.5) — rest-dominated, game-side quiet — OS/compositor/driver | proc 3.6 rcpu 0.5 gpu 0.6 rest 132.2 | alloc 48KB | ticks 3, remote.ents 22 | watchdog: 241/241 samples in '(unscoped)'[0m
[lb]hitch]   gpu: draws 529, pipeline compiles +0, vram 3202MB[0m
[lb]hitch]   prev: 6.9 6.9 6.9 6.9 6.9 6.9 6.9 6.9[0m
[lb]hitch VSYNC/PRESENT] 16.7ms (med 6.7, ×2.5) — present/vsync-bound (rest 13.2ms, gpu 0.6ms) | proc 3.0 rcpu 0.5 gpu 0.6 rest 13.2 | alloc 142KB | ticks 3, remote.ents 22[0m
[lb]hitch EXTERNAL] 36.1ms (1 dropped @60Hz) (med 6.9, ×5.2) — rest-dominated, game-side quiet — OS/compositor/driver | proc 3.0 rcpu 0.5 gpu 0.6 rest 32.6 | alloc 40KB | ticks 2, remote.ents 22 | watchdog: 12/16 samples in 'bot.strategy'[0m
[lb]hitch VSYNC/PRESENT] 16.7ms (med 6.9, ×2.4) — present/vsync-bound (rest 13.1ms, gpu 0.6ms) | proc 3.1 rcpu 0.4 gpu 0.6 rest 13.1 | alloc 72KB | ticks 2, remote.ents 22[0m
[portal] 'Portal_0' facing=True onScreen=True -> RENDER near=100.00 size=(384, 384) camQ=<1040, 240, 27.03125> inO=<1216, 208, 32> inF=<-4.371139E-08, 1, 0>
[portal] dump portal0: camG=(-492, 80, -224.00002) near=100.00 size=(384, 384) halfR=64 halfU=64 exitC=<-592, 224, 80>
[portal] 'Portal_1' facing=False onScreen=True -> RENDER near=100.00 size=(384, 384) camQ=<1040, 240, 27.03125> inO=<-592, 224, 80> inF=<-1, -8.742278E-08, 0>
[portal] dump portal1: camG=(1216, 32, -108) near=100.00 size=(384, 384) halfR=64 halfU=64 exitC=<1216, 208, 32>
[lb]hitch EXTERNAL] 144.1ms (8 dropped @60Hz) (med 6.7, ×21.6) — rest-dominated, game-side quiet — OS/compositor/driver | proc 9.6 rcpu 0.5 gpu 0.6 rest 134.0 | alloc 40KB | ticks 3, remote.ents 22 | watchdog: 1/3 samples in 'bot.path'[0m
[lb]hitch]   gpu: draws 537, pipeline compiles +0, vram 3203MB[0m
[lb]hitch]   prev: 6.7 6.7 6.7 6.7 6.7 6.7 6.7 6.7[0m
[lb]hitch VSYNC/PRESENT] 19.6ms (med 6.7, ×2.9) — present/vsync-bound (rest 16.4ms, gpu 0.6ms) | proc 2.7 rcpu 0.4 gpu 0.6 rest 16.4 | alloc 152KB | ticks 3, remote.ents 22 | watchdog: 4/6 samples in '(unscoped)'[0m
[wz] cross client=True 'player' o <1230.1547, 206.15332, -7.968749>-><-593.8467, 209.84534, 40.03125> v <-217.70808, -316.20148, 0>-><-316.2015, 217.70807, 0> a <1.1264542, 215.12778, 0>-><1.1264648, 125.12778, 0> | in o=<1216, 208, 32> f=<-4.371139E-08, 1, 0> | out o=<-592, 224, 80> f=<-1, -8.742278E-08, 0>
[lb]hitch VSYNC/PRESENT ×4] 13.6–19.6ms over 0.2s (med 6.9) — present/vsync-bound (rest 16.4ms, gpu 0.6ms)[0m
[lb]hitch GC-PAUSE] 15.1ms (med 6.9, ×2.2) — GC g0+1 g1+0 g2+0, pause 5.3ms, 113.9MB allocated | proc 8.6 rcpu 0.5 gpu 0.8 rest 6.0 | alloc 113.9MB | ticks 2, remote.ents 21[0m
[lb]hitch]   gpu: draws 522, pipeline compiles +0, vram 3203MB[0m
[lb]hitch]   gc: g0+1 g1+0 g2+0 pause 5.3ms alloc 113.9MB (rate 120MB/s, heap 635.3MB)[0m
[lb]hitch]   events: [lb]-1f] anim cache HIT models/player/umbra.iqm; [lb]-1f] anim cache HIT models/player/nyx.iqm; [lb]-1f] anim cache HIT models/player/pyria.iqm; [lb]-1f] anim cache HIT models/player/seraphina.iqm; [lb]-1f] stream: idle-warm models/player/nyx.iqm (parse) built (0.2ms); [lb]-1f] stream: idle-warm models/player/pyria.iqm (parse) built (0.1ms); [lb]-1f] stream: idle-warm models/player/seraphina.iqm (parse) built (0.0ms); [lb]-1f] stream: idle-warm models/player/umbra.iqm (parse) built (0.0ms); stream: idle-warm models/player/nyx.iqm tex textures/shadowheadfb_pants built (0.0ms); stream: idle-warm models/player/nyx.iqm tex textures/nyxfullbright_pants built (0.0ms); stream: idle-warm models/player/pyria.iqm tex textures/pyriahair built (0.0ms); stream: idle-warm models/player/pyria.iqm tex textures/pyriahair_norm built (0.0ms); stream: idle-warm models/player/pyria.iqm tex textures/pyriahair_gloss built (0.0ms); stream: idle-warm models/player/pyria.iqm tex textures/pyriahair_glow built (0.0ms); stream: idle-warm models/player/pyria.iqm tex textures/pyriahair_reflect built (0.0ms); stream: idle-warm models/player/pyria.iqm tex textures/pyriahair_shirt built (0.0ms); stream: idle-warm models/player/pyria.iqm tex textures/pyriahair_pants built (0.0ms); stream: idle-warm models/player/pyria.iqm tex textures/pyriafullbright_pants built (0.0ms)[0m
[lb]hitch]   prev: 7.1 7.1 7.1 7.1 7.1 7.1 6.9 7.1[0m
[lb]hitch MIXED] 20.7ms (med 6.9, ×3.0) — mixed — ng.process 4.3ms | proc 9.1 rcpu 1.2 gpu 0.8 rest 10.4 | alloc 82.2MB | ticks 1, remote.ents 21[0m
[lb]hitch VSYNC/PRESENT] 16.6ms (med 6.9, ×2.4) — present/vsync-bound (rest 10.9ms, gpu 0.8ms) | proc 4.8 rcpu 0.9 gpu 0.8 rest 10.9 | alloc 32.4MB | ticks 1, remote.ents 21 | watchdog: 7/7 samples in '(unscoped)'[0m
[portal] 'Portal_0' facing=True onScreen=True -> RENDER near=100.00 size=(384, 384) camQ=<1040, 240, 27.03125> inO=<1216, 208, 32> inF=<-4.371139E-08, 1, 0>
[portal] dump portal0: camG=(-492, 80, -224.00002) near=100.00 size=(384, 384) halfR=64 halfU=64 exitC=<-592, 224, 80>
[portal] 'Portal_1' facing=False onScreen=True -> RENDER near=100.00 size=(384, 384) camQ=<1040, 240, 27.03125> inO=<-592, 224, 80> inF=<-1, -8.742278E-08, 0>
[portal] dump portal1: camG=(1216, 32, -108) near=100.00 size=(384, 384) halfR=64 halfU=64 exitC=<1216, 208, 32>
[lb]hitch ASSET-BUILD] 13.3ms (med 6.9, ×1.9) — iqm.anims 233.2ms (asset build/upload) | proc 13.3 rcpu 0.8 gpu 0.8 rest 0.0 | alloc 1.3MB | ticks 1, remote.ents 21 | watchdog: 260/260 samples in '(unscoped)'[0m
[lb]hitch EXTERNAL] 137.7ms (7 dropped @60Hz) (med 6.9, ×19.8) — rest-dominated, game-side quiet — OS/compositor/driver | proc 13.8 rcpu 0.7 gpu 0.8 rest 123.2 | alloc 29.9MB | ticks 3, remote.ents 21 | watchdog: 2/4 samples in 'stream.build'[0m
[lb]hitch VSYNC/PRESENT] 22.3ms (med 6.9, ×3.2) — present/vsync-bound (rest 13.1ms, gpu 0.9ms) | proc 8.7 rcpu 0.5 gpu 0.9 rest 13.1 | alloc 400KB | ticks 3, remote.ents 21[0m
[lb]hitch CPU-LOGIC] 14.1ms (med 6.9, ×2.0) — ng.process 10.2ms (typ 1.9ms, 5× over) | proc 14.1 rcpu 0.5 gpu 0.9 rest 0.0 | alloc 408KB | ticks 3, remote.ents 21 | watchdog: 2/7 samples in 'bot.strategy'[0m
[lb]hitch EXTERNAL] 30.3ms (1 dropped @60Hz) (med 6.9, ×4.4) — rest-dominated, game-side quiet — OS/compositor/driver | proc 7.6 rcpu 0.6 gpu 0.9 rest 22.1 | alloc 377KB | ticks 3, remote.ents 21[0m
[lb]hitch MIXED] 16.7ms (med 6.9, ×2.4) — mixed — stream.build 3.2ms | proc 8.4 rcpu 0.8 gpu 0.9 rest 7.5 | alloc 271KB | ticks 3, remote.ents 21[0m
[lb]frameprofile] scene: nodes 2898 objs-drawn 2028 draws 606 vram 3216MB[0m
[lb]frameprofile] census: Label 876  HBoxContainer 218  Control 157  Dependent 113  Button 110  CvarCheckBox 104  VBoxContainer 78  HSlider 62  CvarSlider 58  MarginContainer 52[0m
[lb]frameprofile] 495 frames: p50 6.9 p95 16.6 p99 135.9 p99.9 142.1ms (max 144.1) | 12 EXTERNAL, 1 ASSET-BUILD, 1 PIPELINE-COMPILE, 2 GC-PAUSE, 24 VSYNC/PRESENT, 3 CPU-LOGIC, 4 MIXED | alloc 174MB/s heap 782.6MB | proc 8.4 gpu 0.9[0m
[lb]frameprofile] ms/frame: ng.process 2.1  server.tick 1.7  sim.move 1.3  move.in 1.0  bot.think 1.0  bot.strategy 0.9  proc:other 0.7  iqm.anims 0.5  bot.path 0.3  cw.process 0.3[0m
[lb]hitch CPU-LOGIC] 21.0ms (med 6.9, ×3.0) — stream.build 6.1ms (typ 2.0ms, 3× over) | proc 12.4 rcpu 0.7 gpu 1.0 rest 7.9 | alloc 389KB | ticks 3, remote.ents 21 | watchdog: 2/4 samples in 'iqm.materials'[0m
[lb]hitch MIXED] 19.8ms (med 6.9, ×2.9) — mixed — stream.build 4.2ms | proc 8.5 rcpu 0.7 gpu 1.0 rest 10.6 | alloc 1.3MB | ticks 1, remote.ents 21[0m
[lb]hitch MIXED ×2] 13.3–19.8ms over 0.0s (med 6.9) — mixed — stream.build 4.2ms[0m
[lb]hitch VSYNC/PRESENT] 12.5ms (med 6.9, ×1.8) — present/vsync-bound (rest 9.0ms, gpu 1.0ms) | proc 3.2 rcpu 0.4 gpu 1.0 rest 9.0 | alloc 2.0MB | ticks 0, remote.ents 21 | watchdog: 5/5 samples in '(unscoped)'[0m
[IdleWarmer] asset warm queue drained — full asset set is hot.
[portal] 'Portal_0' facing=True onScreen=True -> RENDER near=100.00 size=(384, 384) camQ=<1040, 240, 27.03125> inO=<1216, 208, 32> inF=<-4.371139E-08, 1, 0>
[portal] dump portal0: camG=(-492, 80, -224.00002) near=100.00 size=(384, 384) halfR=64 halfU=64 exitC=<-592, 224, 80>
[portal] 'Portal_1' facing=False onScreen=True -> RENDER near=100.00 size=(384, 384) camQ=<1040, 240, 27.03125> inO=<-592, 224, 80> inF=<-1, -8.742278E-08, 0>
[portal] dump portal1: camG=(1216, 32, -108) near=100.00 size=(384, 384) halfR=64 halfU=64 exitC=<1216, 208, 32>
[lb]hitch EXTERNAL] 148.6ms (8 dropped @60Hz) (med 6.9, ×21.4) — rest-dominated, game-side quiet — OS/compositor/driver | proc 2.9 rcpu 0.4 gpu 0.4 rest 145.3 | alloc 40KB | ticks 3, remote.ents 21 | watchdog: 211/211 samples in '(unscoped)'[0m
[lb]hitch]   gpu: draws 522, pipeline compiles +0, vram 3319MB[0m
[lb]hitch]   prev: 6.9 6.9 6.9 6.9 6.9 6.9 6.9 6.9[0m
[lb]hitch GC-PAUSE] 20.6ms (med 6.9, ×3.0) — GC g0+1 g1+1 g2+0, pause 6.5ms, 10KB allocated | proc 4.3 rcpu 0.4 gpu 0.4 rest 15.9 | alloc 10KB | ticks 3, remote.ents 21 | watchdog: 4/4 samples in '(unscoped)'[0m
[lb]hitch VSYNC/PRESENT] 12.8ms (med 6.9, ×1.8) — present/vsync-bound (rest 8.6ms, gpu 0.4ms) | proc 2.9 rcpu 1.3 gpu 0.4 rest 8.6 | alloc 56KB | ticks 3, remote.ents 21[0m
[lb]hitch VSYNC/PRESENT ×3] 12.7–13.2ms over 0.2s (med 6.9) — present/vsync-bound (rest 8.6ms, gpu 0.4ms)[0m
[lb]hitch EXTERNAL] 29.0ms (1 dropped @60Hz) (med 6.9, ×4.2) — rest-dominated, game-side quiet — OS/compositor/driver | proc 2.3 rcpu 0.4 gpu 0.4 rest 26.2 | alloc 40KB | ticks 2, remote.ents 21 | watchdog: 8/15 samples in 'bot.path'[0m
[portal] 'Portal_0' facing=True onScreen=True -> RENDER near=100.00 size=(384, 384) camQ=<1040, 240, 27.03125> inO=<1216, 208, 32> inF=<-4.371139E-08, 1, 0>
[portal] dump portal0: camG=(-492, 80, -224.00002) near=100.00 size=(384, 384) halfR=64 halfU=64 exitC=<-592, 224, 80>
[portal] 'Portal_1' facing=False onScreen=True -> RENDER near=100.00 size=(384, 384) camQ=<1040, 240, 27.03125> inO=<-592, 224, 80> inF=<-1, -8.742278E-08, 0>
[portal] dump portal1: camG=(1216, 32, -108) near=100.00 size=(384, 384) halfR=64 halfU=64 exitC=<1216, 208, 32>
[lb]hitch EXTERNAL ×2] 29.0–137.5ms over 0.7s (med 6.9) — rest-dominated, game-side quiet — OS/compositor/driver[0m
[lb]hitch VSYNC/PRESENT] 17.4ms (med 6.9, ×2.5) — present/vsync-bound (rest 13.7ms, gpu 0.4ms) | proc 3.2 rcpu 0.5 gpu 0.4 rest 13.7 | alloc 40KB | ticks 3, remote.ents 21[0m
[lb]hitch]   gpu: draws 522, pipeline compiles +0, vram 3318MB[0m
[lb]hitch]   prev: 6.9 6.9 6.9 6.9 6.9 6.9 6.9 137.5[0m
[lb]hitch VSYNC/PRESENT ×2] 15.9–17.4ms over 0.0s (med 6.9) — present/vsync-bound (rest 13.7ms, gpu 0.4ms)[0m
[lb]hitch PIPELINE-COMPILE] 16.7ms (med 6.9, ×2.4) — 1 pipeline compile(s) — SYNC[lb]surface+0 draw+0] async[lb]mesh+0 spec+0] canvas+1 | proc 2.1 rcpu 0.4 gpu 0.4 rest 14.2 | alloc 48KB | ticks 1, remote.ents 21 | watchdog: 6/6 samples in '(unscoped)'[0m
[lb]hitch VSYNC/PRESENT] 14.4ms (med 6.9, ×2.1) — present/vsync-bound (rest 11.4ms, gpu 1.1ms) | proc 2.5 rcpu 0.5 gpu 1.1 rest 11.4 | alloc 40KB | ticks 1, remote.ents 21 | watchdog: 3/6 samples in '(unscoped)'[0m
[portal] 'Portal_0' facing=True onScreen=True -> RENDER near=100.00 size=(384, 384) camQ=<1040, 240, 27.03125> inO=<1216, 208, 32> inF=<-4.371139E-08, 1, 0>
[portal] dump portal0: camG=(-492, 80, -224.00002) near=100.00 size=(384, 384) halfR=64 halfU=64 exitC=<-592, 224, 80>
[portal] 'Portal_1' facing=False onScreen=True -> RENDER near=100.00 size=(384, 384) camQ=<1040, 240, 27.03125> inO=<-592, 224, 80> inF=<-1, -8.742278E-08, 0>
[portal] dump portal1: camG=(1216, 32, -108) near=100.00 size=(384, 384) halfR=64 halfU=64 exitC=<1216, 208, 32>
[lb]hitch EXTERNAL] 133.3ms (7 dropped @60Hz) (med 6.9, ×19.2) — rest-dominated, game-side quiet — OS/compositor/driver | proc 4.8 rcpu 0.5 gpu 0.7 rest 128.0 | alloc 40KB | ticks 3, remote.ents 21 | watchdog: 224/224 samples in '(unscoped)'[0m
[lb]hitch]   gpu: draws 537, pipeline compiles +0, vram 3318MB[0m
[lb]hitch]   prev: 6.7 6.7 6.7 6.7 6.3 6.3 6.3 5.4[0m
[lb]hitch VSYNC/PRESENT] 16.7ms (med 6.9, ×2.4) — present/vsync-bound (rest 12.9ms, gpu 1.3ms) | proc 3.2 rcpu 0.5 gpu 1.3 rest 12.9 | alloc 157KB | ticks 3, remote.ents 21 | watchdog: 4/4 samples in '(unscoped)'[0m
[lb]hitch VSYNC/PRESENT ×2] 16.7–16.7ms over 0.0s (med 6.9) — present/vsync-bound (rest 12.9ms, gpu 1.3ms)[0m
[lb]hitch CPU-LOGIC] 52.6ms (2 dropped @60Hz) (med 6.9, ×7.6) — ng.process 42.7ms (typ 5.3ms, 8× over) | proc 44.1 rcpu 0.4 gpu 0.8 rest 8.1 | alloc 40KB | ticks 3, remote.ents 21 | watchdog: 13/25 samples in 'bot.path'[0m
[lb]hitch]   gpu: draws 537, pipeline compiles +0, vram 3318MB[0m
[lb]hitch]   prev: 7.0 6.9 6.9 6.9 9.1 4.9 6.9 7.1[0m
[lb]hitch EXTERNAL] 55.7ms (2 dropped @60Hz) (med 6.9, ×8.0) — rest-dominated, game-side quiet — OS/compositor/driver | proc 4.2 rcpu 0.5 gpu 0.8 rest 51.0 | alloc 188KB | ticks 3, remote.ents 21 | watchdog: 13/28 samples in 'bot.path'[0m
[portal] 'Portal_0' facing=True onScreen=True -> RENDER near=100.00 size=(384, 384) camQ=<1040, 240, 27.03125> inO=<1216, 208, 32> inF=<-4.371139E-08, 1, 0>
[portal] dump portal0: camG=(-492, 80, -224.00002) near=100.00 size=(384, 384) halfR=64 halfU=64 exitC=<-592, 224, 80>
[portal] 'Portal_1' facing=False onScreen=True -> RENDER near=100.00 size=(384, 384) camQ=<1040, 240, 27.03125> inO=<-592, 224, 80> inF=<-1, -8.742278E-08, 0>
[portal] dump portal1: camG=(1216, 32, -108) near=100.00 size=(384, 384) halfR=64 halfU=64 exitC=<1216, 208, 32>
[lb]hitch EXTERNAL ×3] 25.4–144.5ms over 0.4s (med 6.9) — rest-dominated, game-side quiet — OS/compositor/driver[0m
[lb]hitch VSYNC/PRESENT] 14.7ms (med 6.9, ×2.1) — present/vsync-bound (rest 11.2ms, gpu 0.9ms) | proc 3.0 rcpu 0.4 gpu 0.9 rest 11.2 | alloc 40KB | ticks 3, remote.ents 21[0m
[portal] 'Portal_0' facing=True onScreen=True -> RENDER near=100.00 size=(384, 384) camQ=<1040, 240, 27.03125> inO=<1216, 208, 32> inF=<-4.371139E-08, 1, 0>
[portal] dump portal0: camG=(-492, 80, -224.00002) near=100.00 size=(384, 384) halfR=64 halfU=64 exitC=<-592, 224, 80>
[portal] 'Portal_1' facing=False onScreen=True -> RENDER near=100.00 size=(384, 384) camQ=<1040, 240, 27.03125> inO=<-592, 224, 80> inF=<-1, -8.742278E-08, 0>
[portal] dump portal1: camG=(1216, 32, -108) near=100.00 size=(384, 384) halfR=64 halfU=64 exitC=<1216, 208, 32>
[lb]hitch EXTERNAL] 138.9ms (7 dropped @60Hz) (med 6.9, ×20.0) — rest-dominated, game-side quiet — OS/compositor/driver | proc 3.5 rcpu 0.5 gpu 0.9 rest 134.9 | alloc 40KB | ticks 3, remote.ents 21 | watchdog: 226/226 samples in '(unscoped)'[0m
[lb]hitch]   gpu: draws 540, pipeline compiles +0, vram 3318MB[0m
[lb]hitch]   prev: 6.9 6.9 6.9 6.9 6.9 6.9 6.9 6.9[0m
[lb]hitch VSYNC/PRESENT] 16.7ms (med 6.9, ×2.4) — present/vsync-bound (rest 13.3ms, gpu 1.6ms) | proc 2.9 rcpu 0.4 gpu 1.6 rest 13.3 | alloc 178KB | ticks 3, remote.ents 21[0m
[lb]hitch EXTERNAL] 89.1ms (4 dropped @60Hz) (med 6.9, ×12.9) — rest-dominated, game-side quiet — OS/compositor/driver | proc 3.3 rcpu 0.4 gpu 1.0 rest 85.3 | alloc 48KB | ticks 3, remote.ents 21 | watchdog: 24/53 samples in 'bot.strategy'[0m
[lb]hitch VSYNC/PRESENT] 16.6ms (med 6.9, ×2.4) — present/vsync-bound (rest 13.9ms, gpu 1.0ms) | proc 2.2 rcpu 0.5 gpu 1.0 rest 13.9 | alloc 38KB | ticks 1, remote.ents 21 | watchdog: 15/19 samples in 'bot.strategy'[0m
[lb]hitch]   gpu: draws 540, pipeline compiles +0, vram 3318MB[0m
[lb]hitch]   prev: 6.9 6.9 6.9 6.9 6.9 6.9 6.9 6.9[0m
[portal] 'Portal_0' facing=True onScreen=True -> RENDER near=100.00 size=(384, 384) camQ=<1040, 240, 27.03125> inO=<1216, 208, 32> inF=<-4.371139E-08, 1, 0>
[portal] dump portal0: camG=(-492, 80, -224.00002) near=100.00 size=(384, 384) halfR=64 halfU=64 exitC=<-592, 224, 80>
[portal] 'Portal_1' facing=False onScreen=True -> RENDER near=100.00 size=(384, 384) camQ=<1040, 240, 27.03125> inO=<-592, 224, 80> inF=<-1, -8.742278E-08, 0>
[portal] dump portal1: camG=(1216, 32, -108) near=100.00 size=(384, 384) halfR=64 halfU=64 exitC=<1216, 208, 32>
[lb]hitch EXTERNAL] 143.4ms (8 dropped @60Hz) (med 6.9, ×20.7) — rest-dominated, game-side quiet — OS/compositor/driver | proc 5.1 rcpu 0.5 gpu 1.0 rest 137.8 | alloc 57KB | ticks 3, remote.ents 21 | watchdog: 224/227 samples in '(unscoped)'[0m
[lb]hitch VSYNC/PRESENT] 17.4ms (med 6.9, ×2.5) — present/vsync-bound (rest 14.1ms, gpu 1.0ms) | proc 2.8 rcpu 0.4 gpu 1.0 rest 14.1 | alloc 56KB | ticks 3, remote.ents 21[0m
[lb]frameprofile] scene: nodes 2871 objs-drawn 1995 draws 540 vram 3318MB[0m
[lb]frameprofile] census: Label 876  HBoxContainer 218  Control 157  Dependent 113  Button 110  CvarCheckBox 104  VBoxContainer 78  HSlider 62  CvarSlider 58  MarginContainer 52[0m
[lb]frameprofile] 560 frames: p50 6.9 p95 12.6 p99 89.1 p99.9 144.6ms (max 148.6) | 10 EXTERNAL, 1 PIPELINE-COMPILE, 1 GC-PAUSE, 13 VSYNC/PRESENT, 2 CPU-LOGIC, 2 MIXED | alloc 4MB/s heap 822.5MB | proc 1.1 gpu 2.1[0m
[lb]frameprofile] ms/frame: ng.process 1.7  server.tick 1.3  sim.move 0.9  proc:other 0.7  move.in 0.6  bot.think 0.6  bot.strategy 0.5  net.send 0.2  move.pm 0.2  bot.path 0.2[0m
[portal] 'Portal_0' facing=True onScreen=True -> RENDER near=100.00 size=(384, 384) camQ=<1040, 240, 27.03125> inO=<1216, 208, 32> inF=<-4.371139E-08, 1, 0>
[portal] dump portal0: camG=(-492, 80, -224.00002) near=100.00 size=(384, 384) halfR=64 halfU=64 exitC=<-592, 224, 80>
[portal] 'Portal_1' facing=False onScreen=True -> RENDER near=100.00 size=(384, 384) camQ=<1040, 240, 27.03125> inO=<-592, 224, 80> inF=<-1, -8.742278E-08, 0>
[portal] dump portal1: camG=(1216, 32, -108) near=100.00 size=(384, 384) halfR=64 halfU=64 exitC=<1216, 208, 32>
[lb]hitch EXTERNAL] 144.1ms (8 dropped @60Hz) (med 6.9, ×20.8) — rest-dominated, game-side quiet — OS/compositor/driver | proc 3.2 rcpu 0.5 gpu 0.6 rest 140.4 | alloc 48KB | ticks 3, remote.ents 21 | watchdog: 272/272 samples in '(unscoped)'[0m
[lb]hitch]   gpu: draws 540, pipeline compiles +0, vram 3318MB[0m
[lb]hitch]   prev: 6.9 6.9 6.9 6.9 6.9 6.9 6.9 6.9[0m
[lb]hitch VSYNC/PRESENT] 12.6ms (med 6.9, ×1.8) — present/vsync-bound (rest 9.3ms, gpu 0.6ms) | proc 2.8 rcpu 0.5 gpu 0.6 rest 9.3 | alloc 48KB | ticks 3, remote.ents 21[0m
[lb]hitch EXTERNAL] 64.9ms (3 dropped @60Hz) (med 6.9, ×9.4) — rest-dominated, game-side quiet — OS/compositor/driver | proc 3.5 rcpu 0.5 gpu 0.6 rest 60.9 | alloc 48KB | ticks 3, remote.ents 21 | watchdog: 33/39 samples in 'bot.strategy'[0m
[portal] 'Portal_0' facing=True onScreen=True -> RENDER near=100.00 size=(384, 384) camQ=<1040, 240, 27.03125> inO=<1216, 208, 32> inF=<-4.371139E-08, 1, 0>
[portal] dump portal0: camG=(-492, 80, -224.00002) near=100.00 size=(384, 384) halfR=64 halfU=64 exitC=<-592, 224, 80>
[portal] 'Portal_1' facing=False onScreen=True -> RENDER near=100.00 size=(384, 384) camQ=<1040, 240, 27.03125> inO=<-592, 224, 80> inF=<-1, -8.742278E-08, 0>
[portal] dump portal1: camG=(1216, 32, -108) near=100.00 size=(384, 384) halfR=64 halfU=64 exitC=<1216, 208, 32>
[lb]hitch EXTERNAL ×2] 64.9–136.0ms over 0.8s (med 6.9) — rest-dominated, game-side quiet — OS/compositor/driver[0m
[lb]hitch VSYNC/PRESENT] 15.0ms (med 6.9, ×2.2) — present/vsync-bound (rest 12.0ms, gpu 0.6ms) | proc 2.4 rcpu 0.5 gpu 0.6 rest 12.0 | alloc 40KB | ticks 1, remote.ents 21 | watchdog: 7/14 samples in 'bot.path'[0m
[lb]hitch]   gpu: draws 541, pipeline compiles +0, vram 3318MB[0m
[lb]hitch]   prev: 6.9 6.9 136.0 8.3 7.0 8.7 8.3 10.0[0m
[portal] 'Portal_0' facing=True onScreen=True -> RENDER near=100.00 size=(384, 384) camQ=<1040, 240, 27.03125> inO=<1216, 208, 32> inF=<-4.371139E-08, 1, 0>
[portal] dump portal0: camG=(-492, 80, -224.00002) near=100.00 size=(384, 384) halfR=64 halfU=64 exitC=<-592, 224, 80>
[portal] 'Portal_1' facing=False onScreen=True -> RENDER near=100.00 size=(384, 384) camQ=<1040, 240, 27.03125> inO=<-592, 224, 80> inF=<-1, -8.742278E-08, 0>
[portal] dump portal1: camG=(1216, 32, -108) near=100.00 size=(384, 384) halfR=64 halfU=64 exitC=<1216, 208, 32>
[lb]hitch VSYNC/PRESENT ×2] 13.4–15.0ms over 0.4s (med 6.9) — present/vsync-bound (rest 12.0ms, gpu 0.6ms)[0m
[lb]hitch EXTERNAL] 131.2ms (7 dropped @60Hz) (med 6.9, ×18.9) — rest-dominated, game-side quiet — OS/compositor/driver | proc 4.0 rcpu 0.5 gpu 0.8 rest 126.7 | alloc 40KB | ticks 3, remote.ents 21 | watchdog: 232/232 samples in '(unscoped)'[0m
[lb]hitch]   gpu: draws 543, pipeline compiles +0, vram 3318MB[0m
[lb]hitch]   prev: 7.1 7.1 7.1 7.1 7.1 7.1 7.1 7.1[0m
[lb]hitch EXTERNAL ×2] 30.7–131.2ms over 0.0s (med 6.9) — rest-dominated, game-side quiet — OS/compositor/driver[0m
[lb]hitch VSYNC/PRESENT] 16.7ms (med 6.9, ×2.4) — present/vsync-bound (rest 13.4ms, gpu 0.9ms) | proc 2.7 rcpu 0.6 gpu 0.9 rest 13.4 | alloc 40KB | ticks 2, remote.ents 21 | watchdog: 3/7 samples in '(unscoped)'[0m
[portal] 'Portal_0' facing=True onScreen=True -> RENDER near=100.00 size=(384, 384) camQ=<1040, 240, 27.03125> inO=<1216, 208, 32> inF=<-4.371139E-08, 1, 0>
[portal] dump portal0: camG=(-492, 80, -224.00002) near=100.00 size=(384, 384) halfR=64 halfU=64 exitC=<-592, 224, 80>
[portal] 'Portal_1' facing=False onScreen=True -> RENDER near=100.00 size=(384, 384) camQ=<1040, 240, 27.03125> inO=<-592, 224, 80> inF=<-1, -8.742278E-08, 0>
[portal] dump portal1: camG=(1216, 32, -108) near=100.00 size=(384, 384) halfR=64 halfU=64 exitC=<1216, 208, 32>
[lb]hitch EXTERNAL] 133.3ms (7 dropped @60Hz) (med 6.9, ×19.2) — rest-dominated, game-side quiet — OS/compositor/driver | proc 4.4 rcpu 0.4 gpu 0.6 rest 128.5 | alloc 48KB | ticks 3, remote.ents 21 | watchdog: 222/222 samples in '(unscoped)'[0m
[lb]hitch]   gpu: draws 543, pipeline compiles +0, vram 3318MB[0m
[lb]hitch]   prev: 6.9 6.9 6.9 6.9 6.9 6.9 6.9 6.9[0m
[lb]hitch VSYNC/PRESENT] 16.7ms (med 6.9, ×2.4) — present/vsync-bound (rest 11.5ms, gpu 0.6ms) | proc 4.6 rcpu 0.5 gpu 0.6 rest 11.5 | alloc 186KB | ticks 3, remote.ents 21 | watchdog: 3/3 samples in '(unscoped)'[0m
[lb]hitch EXTERNAL] 70.0ms (3 dropped @60Hz) (med 6.9, ×10.1) — rest-dominated, game-side quiet — OS/compositor/driver | proc 3.4 rcpu 0.5 gpu 0.6 rest 66.2 | alloc 48KB | ticks 3, remote.ents 21 | watchdog: 21/43 samples in 'bot.path'[0m
[lb]hitch CPU-LOGIC] 16.7ms (med 6.9, ×2.4) — ng.process 11.2ms | proc 12.1 rcpu 0.5 gpu 0.6 rest 4.2 | alloc 48KB | ticks 3, remote.ents 21 | watchdog: 2/3 samples in 'bot.path'[0m
[lb]hitch VSYNC/PRESENT] 16.7ms (med 6.9, ×2.4) — present/vsync-bound (rest 14.3ms, gpu 0.6ms) | proc 1.9 rcpu 0.5 gpu 0.6 rest 14.3 | alloc 40KB | ticks 1, remote.ents 21 | watchdog: 3/6 samples in '(unscoped)'[0m
=== frame profiler session summary (39s, 1632 frames) ===[0m
  fps: avg 90.6  1%low 7  0.1%low 7  (median 6.9ms, worst 150.0ms)[0m
  hitches: 96 total — 31 EXTERNAL, 1 ASSET-BUILD, 3 PIPELINE-COMPILE, 3 GC-PAUSE, 46 VSYNC/PRESENT, 6 CPU-LOGIC, 6 MIXED[0m
    worst[lb]1]: 148.6ms EXTERNAL (ng.process) @ t=29.5s[0m
    worst[lb]2]: 144.5ms EXTERNAL (ng.process) @ t=32.5s[0m
    worst[lb]3]: 144.1ms EXTERNAL (ng.process) @ t=35.6s[0m
    worst[lb]4]: 144.1ms EXTERNAL (ng.process) @ t=27.5s[0m
    worst[lb]5]: 143.4ms EXTERNAL (ng.process) @ t=34.5s[0m
  gc: g0+85 g1+58 g2+34, total pause 259ms[0m
  alloc: 2.7GB total, 4MB/s recent, peak 433.9MB in one frame @ t=5.6s, heap 819.9MB[0m
