Godot Engine v4.6.3.stable.mono.official.7d41c59c4 - https://godotengine.org
Vulkan 1.4.341 - Forward+ - Using Device #0: NVIDIA - NVIDIA GeForce RTX 3080

[lb]frameprofiler] env: managed-debugger=False godot-context=debug csharp=Debug vsync=Enabled maxfps=0 refresh=60Hz cpu=24c gpu=NVIDIA GeForce RTX 3080[0m
[lb]frameprofiler] columns: proc=all _Process CPU | rcpu=render-thread submit | gpu=main viewport GPU | rest=present/vsync/stall (ms-proc-rcpu) | alloc=managed garbage/frame | pipe=shader-pipeline compiles[0m
=== XonoticGodot boot ===[0m
Weapons:   27[0m
Items:     21[0m
Mutators:  46[0m
GameTypes: 20[0m
[lb]MenuState] config: 6462 cvars from 25 cfg files (374 aliases, 0 missing).[0m
[lb]shell] --cvar sv_warpzone_trace = "1"[0m
[lb]shell] --cvar wz_portal_force = "1"[0m
[lb]shell] --cvar wz_portal_dump = "1"[0m
[lb]shell] --cvar wz_portal_lookat = "1"[0m
[lb]video] vid_vsync 2 → requested Mailbox, actual Mailbox[0m
[lb]video] cl_maxfps 256 -> Engine.MaxFps 144 (refresh 60Hz)[0m
[lb]video] process priority AboveNormal (sys_priority_boost 1)[0m
[MenuCommand] 'playerstats_update' has no client backend yet (inert).
[lb]Shell] hosting listen server: gametype=dm map=stormkeep bots=0 skill=0 timelimit=0 fraglimit=0[0m
[AssetSystem] loaded 2439 shaders from 185 scripts.
[NetTransport.Server] listening on UDP 26000 (max 16).
[ServerNet] LAN discovery: answering getinfo on UDP 26001 (game port 26000).
[NetTransport.Client] connecting to 127.0.0.1:26000 …
[EffectSystem] effectinfo: 301 effects, particlefont atlas: loaded, style overlay: 0 effects
[Particles] backend=original (cl_particles_modern=0)
[AssetLoader] model 'models/items/buff.md3' read failed: Asset not found in any mount: "models/items/buff.md3".
[AssetLoader] 'models/casing_shell.mdl' is not a known model (magic "IDPO?").
[MapLoader] occluder: 90016 verts / 107956 tris (r_occlusion_cull A/B)
[MapLoader] 'stormkeep' materials: lightmapped=34 vertexLit=3 plain=8 glow=4 normalMapped=34 (deluxe=True, internalPages=0, atlas=1p, cellSize=131072, cells=8, surfaces=188)
[MapLoader] 'stormkeep' portal surfaces: 2 (from 2 faces), pocket decor: 5 (from 5 faces)
[DecalSplats] geometry: 106027 render triangles, 502 grid cells
[Skybox] loaded 'env/extragalactic/asteroids'.
[PortalRenderer] 2 live portal(s)
[portal] 'Portal_0' facing=True onScreen=False -> RENDER near=0.05 size=(384, 384) camQ=<1216, 298, 40> inO=<1216, 208, 32> inF=<-4.371139E-08, 1, 0>
[portal] dump portal0: camG=(0, 0, 0) near=0.05 size=(384, 384) halfR=64 halfU=64 exitC=<-592, 224, 80>
[portal-scan] '/root/Main/Shell/ListenServer/Map/Portals/PortalDecor_4' visible=True layers=80001 aabb=(1152, -32, -144)+(128, 128, 1.5258789E-05) mat=ShaderMaterial
[portal-scan] '/root/Main/Shell/ListenServer/Map/Portals/PortalDecor_2' visible=True layers=80001 aabb=(1152, -32, -208.25)+(128, 128, 1.5258789E-05) mat=StandardMaterial3D
[portal-scan] '/root/Main/Shell/ListenServer/Map/Portals/Portal_0' visible=True layers=80001 aabb=(1152, -32, -208)+(128, 128, 1.5258789E-05) mat=ShaderMaterial(override)
[portal-scan] '/root/Main/Shell/ListenServer/Map/Geometry_0_-1_0' visible=True layers=1 aabb=(-832, -640, -160)+(2752, 928, 1376) mat=ShaderMaterial
[portal-scan] '/root/Main/Shell/ListenServer/Map/Geometry_0_0_-1' visible=True layers=1 aabb=(-272, -64, -1472)+(2064, 666.625, 1680) mat=ShaderMaterial
[portal-scan] '/root/Main/Shell/ListenServer/Map/Geometry_0_-1_-1' visible=True layers=1 aabb=(-256, -256, -1408.0007)+(2048, 288, 1504.0007) mat=StandardMaterial3D
[portal-scan] '/root/Main/Shell/ListenServer/Map/Geometry_0_0_0' visible=True layers=1 aabb=(-384, -288, -192)+(2304, 864, 1472) mat=ShaderMaterial
[portal] 'Portal_1' facing=False onScreen=False -> RENDER near=0.05 size=(384, 384) camQ=<1216, 298, 40> inO=<-592, 224, 80> inF=<-1, -8.742278E-08, 0>
[portal] dump portal1: camG=(0, 0, 0) near=0.05 size=(384, 384) halfR=64 halfU=64 exitC=<1216, 208, 32>
[NetGame] map music: 'cdtracks/track005' (from mapinfo/worldspawn)
[portal] 'Portal_0' facing=True onScreen=True -> RENDER near=90.50 size=(384, 384) camQ=<1216, 298, 40> inO=<1216, 208, 32> inF=<-4.371139E-08, 1, 0>
[portal] dump portal0: camG=(-502, 88, -224) near=90.50 size=(384, 384) halfR=64 halfU=64 exitC=<-592, 224, 80>
[portal] 'Portal_1' facing=False onScreen=False -> RENDER near=1.50 size=(384, 384) camQ=<1216, 298, 40> inO=<-592, 224, 80> inF=<-1, -8.742278E-08, 0>
[portal] dump portal1: camG=(1142.0001, -8, -2016) near=1.50 size=(384, 384) halfR=64 halfU=64 exitC=<1216, 208, 32>
[portal] 'Portal_0' facing=True onScreen=True -> RENDER near=90.50 size=(384, 384) camQ=<1216, 298, 40> inO=<1216, 208, 32> inF=<-4.371139E-08, 1, 0>
[portal] dump portal0: camG=(-502, 88, -224) near=90.50 size=(384, 384) halfR=64 halfU=64 exitC=<-592, 224, 80>
[portal] 'Portal_1' facing=False onScreen=False -> RENDER near=1.50 size=(384, 384) camQ=<1216, 298, 40> inO=<-592, 224, 80> inF=<-1, -8.742278E-08, 0>
[portal] dump portal1: camG=(1142.0001, -8, -2016) near=1.50 size=(384, 384) halfR=64 halfU=64 exitC=<1216, 208, 32>
[portal] 'Portal_0' facing=True onScreen=True -> RENDER near=90.50 size=(384, 384) camQ=<1216, 298, 40> inO=<1216, 208, 32> inF=<-4.371139E-08, 1, 0>
[portal] dump portal0: camG=(-502, 88, -224) near=90.50 size=(384, 384) halfR=64 halfU=64 exitC=<-592, 224, 80>
[portal] 'Portal_1' facing=False onScreen=False -> RENDER near=1.50 size=(384, 384) camQ=<1216, 298, 40> inO=<-592, 224, 80> inF=<-1, -8.742278E-08, 0>
[portal] dump portal1: camG=(1142.0001, -8, -2016) near=1.50 size=(384, 384) halfR=64 halfU=64 exitC=<1216, 208, 32>
[portal] 'Portal_0' facing=True onScreen=True -> RENDER near=90.50 size=(384, 384) camQ=<1216, 298, 40> inO=<1216, 208, 32> inF=<-4.371139E-08, 1, 0>
[portal] dump portal0: camG=(-502, 88, -224) near=90.50 size=(384, 384) halfR=64 halfU=64 exitC=<-592, 224, 80>
[portal] 'Portal_1' facing=False onScreen=False -> RENDER near=1.50 size=(384, 384) camQ=<1216, 298, 40> inO=<-592, 224, 80> inF=<-1, -8.742278E-08, 0>
[portal] dump portal1: camG=(1142.0001, -8, -2016) near=1.50 size=(384, 384) halfR=64 halfU=64 exitC=<1216, 208, 32>
[portal] 'Portal_0' facing=True onScreen=True -> RENDER near=90.50 size=(384, 384) camQ=<1216, 298, 40> inO=<1216, 208, 32> inF=<-4.371139E-08, 1, 0>
[portal] dump portal0: camG=(-502, 88, -224) near=90.50 size=(384, 384) halfR=64 halfU=64 exitC=<-592, 224, 80>
[portal] 'Portal_1' facing=False onScreen=False -> RENDER near=1.50 size=(384, 384) camQ=<1216, 298, 40> inO=<-592, 224, 80> inF=<-1, -8.742278E-08, 0>
[portal] dump portal1: camG=(1142.0001, -8, -2016) near=1.50 size=(384, 384) halfR=64 halfU=64 exitC=<1216, 208, 32>
[NetGame] precached 24 weapon models, skipped 0 (lazy), 24 muzzle tags.
[portal] 'Portal_0' facing=True onScreen=True -> RENDER near=90.50 size=(384, 384) camQ=<1216, 298, 40> inO=<1216, 208, 32> inF=<-4.371139E-08, 1, 0>
[portal] dump portal0: camG=(-502, 88, -224) near=90.50 size=(384, 384) halfR=64 halfU=64 exitC=<-592, 224, 80>
[portal] 'Portal_1' facing=False onScreen=False -> RENDER near=1.50 size=(384, 384) camQ=<1216, 298, 40> inO=<-592, 224, 80> inF=<-1, -8.742278E-08, 0>
[portal] dump portal1: camG=(1142.0001, -8, -2016) near=1.50 size=(384, 384) halfR=64 halfU=64 exitC=<1216, 208, 32>
[portal] 'Portal_0' facing=True onScreen=True -> RENDER near=90.50 size=(384, 384) camQ=<1216, 298, 40> inO=<1216, 208, 32> inF=<-4.371139E-08, 1, 0>
[portal] dump portal0: camG=(-502, 88, -224) near=90.50 size=(384, 384) halfR=64 halfU=64 exitC=<-592, 224, 80>
[portal] 'Portal_1' facing=False onScreen=False -> RENDER near=1.50 size=(384, 384) camQ=<1216, 298, 40> inO=<-592, 224, 80> inF=<-1, -8.742278E-08, 0>
[portal] dump portal1: camG=(1142.0001, -8, -2016) near=1.50 size=(384, 384) halfR=64 halfU=64 exitC=<1216, 208, 32>
[portal] 'Portal_0' facing=True onScreen=True -> RENDER near=90.50 size=(384, 384) camQ=<1216, 298, 40> inO=<1216, 208, 32> inF=<-4.371139E-08, 1, 0>
[portal] dump portal0: camG=(-502, 88, -224) near=90.50 size=(384, 384) halfR=64 halfU=64 exitC=<-592, 224, 80>
[portal] 'Portal_1' facing=False onScreen=False -> RENDER near=1.50 size=(384, 384) camQ=<1216, 298, 40> inO=<-592, 224, 80> inF=<-1, -8.742278E-08, 0>
[portal] dump portal1: camG=(1142.0001, -8, -2016) near=1.50 size=(384, 384) halfR=64 halfU=64 exitC=<1216, 208, 32>
[portal] 'Portal_0' facing=True onScreen=True -> RENDER near=90.50 size=(384, 384) camQ=<1216, 298, 40> inO=<1216, 208, 32> inF=<-4.371139E-08, 1, 0>
[portal] dump portal0: camG=(-502, 88, -224) near=90.50 size=(384, 384) halfR=64 halfU=64 exitC=<-592, 224, 80>
[portal] 'Portal_1' facing=False onScreen=False -> RENDER near=1.50 size=(384, 384) camQ=<1216, 298, 40> inO=<-592, 224, 80> inF=<-1, -8.742278E-08, 0>
[portal] dump portal1: camG=(1142.0001, -8, -2016) near=1.50 size=(384, 384) halfR=64 halfU=64 exitC=<1216, 208, 32>
[portal] 'Portal_0' facing=True onScreen=True -> RENDER near=90.50 size=(384, 384) camQ=<1216, 298, 40> inO=<1216, 208, 32> inF=<-4.371139E-08, 1, 0>
[portal] dump portal0: camG=(-502, 88, -224) near=90.50 size=(384, 384) halfR=64 halfU=64 exitC=<-592, 224, 80>
[portal] 'Portal_1' facing=False onScreen=False -> RENDER near=1.50 size=(384, 384) camQ=<1216, 298, 40> inO=<-592, 224, 80> inF=<-1, -8.742278E-08, 0>
[portal] dump portal1: camG=(1142.0001, -8, -2016) near=1.50 size=(384, 384) halfR=64 halfU=64 exitC=<1216, 208, 32>
[NetGame] precached 36 combat sounds, 10 player models (rendered for pipeline warm).
[NetGame] listen server on 127.0.0.1:26000 (map 'stormkeep', dm, 0 bots) — self-connecting.
[ServerNet] peer 1700958545 connected (awaiting handshake).
[ServerNet] peer 1700958545 accepted as 'player' (netId 1700958545, id 96035d6d).
[ClientNet] handshake accepted by 'Xonotic  Server': netId 1, tickrate 72 Hz.
[NetGame] handshake accepted by 'Xonotic  Server': netId 1.
[portal] 'Portal_0' facing=True onScreen=True -> RENDER near=90.50 size=(384, 384) camQ=<1216, 298, 40> inO=<1216, 208, 32> inF=<-4.371139E-08, 1, 0>
[portal] dump portal0: camG=(-502, 88, -224) near=90.50 size=(384, 384) halfR=64 halfU=64 exitC=<-592, 224, 80>
[portal] 'Portal_1' facing=False onScreen=False -> RENDER near=1.50 size=(384, 384) camQ=<1216, 298, 40> inO=<-592, 224, 80> inF=<-1, -8.742278E-08, 0>
[portal] dump portal1: camG=(1142.0001, -8, -2016) near=1.50 size=(384, 384) halfR=64 halfU=64 exitC=<1216, 208, 32>
[lb]hitch EXTERNAL] 149.3ms (8 dropped @60Hz) (med 66.7, ×2.2) — rest-dominated, game-side quiet — OS/compositor/driver | proc 2.3 rcpu 0.4 gpu 4.4 rest 146.6 | alloc 123KB | ticks 3, remote.ents 79 | watchdog: 122/122 samples in '(unscoped)'[0m
[lb]hitch]   gpu: draws 359, pipeline compiles +0, vram 3209MB[0m
[lb]hitch]   prev: 9.0 8.3 9.3 8.3 9.1 9.6 9.1 8.3[0m
[wzview] authoritative snap -> <0, 135, 0>
[portal] 'Portal_0' facing=True onScreen=True -> RENDER near=90.50 size=(384, 384) camQ=<1216, 298, 40> inO=<1216, 208, 32> inF=<-4.371139E-08, 1, 0>
[portal] dump portal0: camG=(-502, 88, -224) near=90.50 size=(384, 384) halfR=64 halfU=64 exitC=<-592, 224, 80>
[portal] 'Portal_1' facing=False onScreen=False -> RENDER near=1.50 size=(384, 384) camQ=<1216, 298, 40> inO=<-592, 224, 80> inF=<-1, -8.742278E-08, 0>
[portal] dump portal1: camG=(1142.0001, -8, -2016) near=1.50 size=(384, 384) halfR=64 halfU=64 exitC=<1216, 208, 32>
[portal] 'Portal_0' facing=True onScreen=True -> RENDER near=90.50 size=(384, 384) camQ=<1216, 298, 40> inO=<1216, 208, 32> inF=<-4.371139E-08, 1, 0>
[portal] dump portal0: camG=(-502, 88, -224) near=90.50 size=(384, 384) halfR=64 halfU=64 exitC=<-592, 224, 80>
[portal] 'Portal_1' facing=False onScreen=False -> RENDER near=1.50 size=(384, 384) camQ=<1216, 298, 40> inO=<-592, 224, 80> inF=<-1, -8.742278E-08, 0>
[portal] dump portal1: camG=(1142.0001, -8, -2016) near=1.50 size=(384, 384) halfR=64 halfU=64 exitC=<1216, 208, 32>
[lb]frameprofile] scene: nodes 2852 objs-drawn 1660 draws 340 vram 3211MB[0m
[lb]frameprofile] census: Label 876  HBoxContainer 218  Control 157  Dependent 113  Button 110  CvarCheckBox 104  VBoxContainer 78  HSlider 62  CvarSlider 58  MarginContainer 52[0m
[lb]frameprofile] 235 frames: p50 6.9 p95 137.6 p99 149.4 p99.9 149.9ms (max 150.0) | 4 EXTERNAL | alloc 397MB/s heap 219.8MB | proc 2.0 gpu 0.4[0m
[lb]frameprofile] ms/frame: iqm.mesh 33.1  iqm.materials 32.6  proc:other 6.2  iqm.anims 5.8  cev.process 1.5  ng.process 1.3  server.tick 0.7  net.send 0.3  net.poll 0.1  cw.process 0.1[0m
[lb]hitch EXTERNAL ×4] 47.9–149.3ms over 2.2s (med 6.9) — rest-dominated, game-side quiet — OS/compositor/driver[0m
[lb]hitch VSYNC/PRESENT] 21.5ms (med 6.9, ×3.1) — present/vsync-bound (rest 19.3ms, gpu 0.8ms) | proc 1.7 rcpu 0.4 gpu 0.8 rest 19.3 | alloc 104KB | ticks 3, remote.ents 21 | watchdog: 5/5 samples in '(unscoped)'[0m
[lb]hitch]   gpu: draws 340, pipeline compiles +0, vram 3211MB[0m
[lb]hitch]   prev: 6.9 6.9 6.9 6.9 6.9 6.9 6.9 145.1[0m
[lb]bots] waypoints for 'stormkeep': nodes=99 (file=loaded, cache=yes)[0m
[lb]hitch CPU-LOGIC] 124.9ms (6 dropped @60Hz) (med 6.9, ×18.0) — ng.process 93.2ms (typ 10.6ms, 9× over) | proc 105.8 rcpu 0.4 gpu 0.8 rest 18.7 | alloc 264KB | ticks 3, remote.ents 22 | watchdog: 28/64 samples in 'bot.path'[0m
[lb]hitch PIPELINE-COMPILE] 129.8ms (7 dropped @60Hz) (med 6.9, ×18.7) — 1 pipeline compile(s) — SYNC[lb]surface+1 draw+0] async[lb]mesh+0 spec+0] canvas+0 | proc 18.9 rcpu 0.4 gpu 0.8 rest 110.5 | alloc 128KB | ticks 3, remote.ents 22 | watchdog: 3/8 samples in 'bot.path'[0m
[lb]hitch GC-PAUSE] 30.5ms (1 dropped @60Hz) (med 6.9, ×4.4) — GC g0+1 g1+1 g2+1, pause 0.9ms, 238.0MB allocated | proc 5.8 rcpu 0.4 gpu 0.8 rest 24.2 | alloc 238.0MB | ticks 3, remote.ents 22 | watchdog: 8/16 samples in '(unscoped)'[0m
[lb]hitch VSYNC/PRESENT] 14.9ms (med 6.9, ×2.2) — present/vsync-bound (rest 9.7ms, gpu 0.8ms) | proc 4.8 rcpu 0.4 gpu 0.8 rest 9.7 | alloc 173KB | ticks 3, remote.ents 22[0m
[portal] 'Portal_0' facing=True onScreen=True -> RENDER near=90.50 size=(384, 384) camQ=<1216, 298, 40> inO=<1216, 208, 32> inF=<-4.371139E-08, 1, 0>
[portal] dump portal0: camG=(-502, 88, -224) near=90.50 size=(384, 384) halfR=64 halfU=64 exitC=<-592, 224, 80>
[portal] 'Portal_1' facing=False onScreen=False -> RENDER near=1.50 size=(384, 384) camQ=<1216, 298, 40> inO=<-592, 224, 80> inF=<-1, -8.742278E-08, 0>
[portal] dump portal1: camG=(1142.0001, -8, -2016) near=1.50 size=(384, 384) halfR=64 halfU=64 exitC=<1216, 208, 32>
[lb]hitch VSYNC/PRESENT ×2] 13.3–14.9ms over 0.0s (med 6.9) — present/vsync-bound (rest 9.7ms, gpu 0.8ms)[0m
[lb]hitch EXTERNAL] 134.8ms (7 dropped @60Hz) (med 6.9, ×19.4) — rest-dominated, game-side quiet — OS/compositor/driver | proc 8.7 rcpu 0.8 gpu 0.9 rest 125.4 | alloc 67KB | ticks 3, remote.ents 22[0m
[lb]hitch]   gpu: draws 340, pipeline compiles +0, vram 3201MB[0m
[lb]hitch]   events: [lb]-4f] stream: player model models/player/ignismasked.iqm tex textures/ignisfullbright_reflect built (0.0ms); [lb]-3f] stream: player model models/player/ignismasked.iqm tex textures/ignisheadfb_reflect built (0.0ms); [lb]-1f] stream: player model models/player/ignismasked.iqm tex textures/ignisheadfb built (0.0ms); stream: player model models/player/ignismasked.iqm tex textures/ignisfullbright built (0.0ms); stream: player model models/player/ignismasked.iqm tex textures/ignisfullbright_norm built (0.0ms); stream: player model models/player/ignismasked.iqm tex textures/ignisfullbright_gloss built (0.0ms); stream: player model models/player/ignismasked.iqm tex textures/ignisfullbright_glow built (0.0ms); stream: player model models/player/ignismasked.iqm tex textures/ignisfullbright_shirt built (0.0ms); stream: player model models/player/ignismasked.iqm tex textures/ignisheadfb_norm built (0.0ms); stream: player model models/player/ignismasked.iqm tex textures/ignisheadfb_gloss built (0.0ms); stream: player model models/player/ignismasked.iqm tex textures/ignisheadfb_glow built (0.0ms); stream: player model models/player/ignismasked.iqm tex textures/ignisheadfb_shirt built (5.7ms)[0m
[lb]hitch]   prev: 7.4 7.6 6.1 6.3 8.3 8.3 8.3 8.3[0m
[lb]hitch VSYNC/PRESENT] 21.0ms (med 6.9, ×3.0) — present/vsync-bound (rest 14.0ms, gpu 1.0ms) | proc 6.5 rcpu 0.4 gpu 1.0 rest 14.0 | alloc 202KB | ticks 3, remote.ents 22[0m
[portal] 'Portal_0' facing=True onScreen=True -> RENDER near=90.50 size=(384, 384) camQ=<1216, 298, 40> inO=<1216, 208, 32> inF=<-4.371139E-08, 1, 0>
[portal] dump portal0: camG=(-502, 88, -224) near=90.50 size=(384, 384) halfR=64 halfU=64 exitC=<-592, 224, 80>
[portal] 'Portal_1' facing=False onScreen=False -> RENDER near=1.50 size=(384, 384) camQ=<1216, 298, 40> inO=<-592, 224, 80> inF=<-1, -8.742278E-08, 0>
[portal] dump portal1: camG=(1142.0001, -8, -2016) near=1.50 size=(384, 384) halfR=64 halfU=64 exitC=<1216, 208, 32>
[lb]hitch VSYNC/PRESENT ×3] 13.7–21.0ms over 0.4s (med 6.9) — present/vsync-bound (rest 14.0ms, gpu 1.0ms)[0m
[lb]hitch EXTERNAL] 133.3ms (7 dropped @60Hz) (med 6.9, ×19.2) — rest-dominated, game-side quiet — OS/compositor/driver | proc 3.5 rcpu 0.4 gpu 1.9 rest 129.4 | alloc 40KB | ticks 3, remote.ents 22 | watchdog: 260/260 samples in '(unscoped)'[0m
[lb]hitch]   gpu: draws 340, pipeline compiles +0, vram 3201MB[0m
[lb]hitch]   prev: 6.9 6.9 6.9 6.9 6.9 6.9 6.9 6.9[0m
[lb]hitch VSYNC/PRESENT] 16.7ms (med 6.9, ×2.4) — present/vsync-bound (rest 12.3ms, gpu 1.6ms) | proc 3.9 rcpu 0.4 gpu 1.6 rest 12.3 | alloc 191KB | ticks 3, remote.ents 22[0m
[lb]hitch EXTERNAL] 53.3ms (2 dropped @60Hz) (med 6.9, ×7.7) — rest-dominated, game-side quiet — OS/compositor/driver | proc 3.9 rcpu 0.4 gpu 1.6 rest 49.0 | alloc 48KB | ticks 3, remote.ents 22 | watchdog: 21/37 samples in 'bot.path'[0m
[lb]hitch VSYNC/PRESENT] 16.7ms (med 6.9, ×2.4) — present/vsync-bound (rest 12.8ms, gpu 1.6ms) | proc 3.4 rcpu 0.4 gpu 1.6 rest 12.8 | alloc 48KB | ticks 2, remote.ents 22[0m
[lb]hitch VSYNC/PRESENT ×2] 14.9–16.7ms over 0.0s (med 6.9) — present/vsync-bound (rest 12.8ms, gpu 1.6ms)[0m
[lb]hitch EXTERNAL] 41.8ms (2 dropped @60Hz) (med 6.9, ×6.0) — rest-dominated, game-side quiet — OS/compositor/driver | proc 3.8 rcpu 0.4 gpu 0.6 rest 37.6 | alloc 40KB | ticks 3, remote.ents 22 | watchdog: 20/23 samples in 'bot.strategy'[0m
[lb]hitch VSYNC/PRESENT] 16.7ms (med 6.9, ×2.4) — present/vsync-bound (rest 13.2ms, gpu 0.6ms) | proc 3.0 rcpu 0.4 gpu 0.6 rest 13.2 | alloc 64KB | ticks 1, remote.ents 22[0m
[portal] 'Portal_0' facing=True onScreen=True -> RENDER near=90.50 size=(384, 384) camQ=<1216, 298, 40> inO=<1216, 208, 32> inF=<-4.371139E-08, 1, 0>
[portal] dump portal0: camG=(-502, 88, -224) near=90.50 size=(384, 384) halfR=64 halfU=64 exitC=<-592, 224, 80>
[portal] 'Portal_1' facing=False onScreen=False -> RENDER near=1.50 size=(384, 384) camQ=<1216, 298, 40> inO=<-592, 224, 80> inF=<-1, -8.742278E-08, 0>
[portal] dump portal1: camG=(1142.0001, -8, -2016) near=1.50 size=(384, 384) halfR=64 halfU=64 exitC=<1216, 208, 32>
[lb]hitch EXTERNAL] 146.6ms (8 dropped @60Hz) (med 6.7, ×22.0) — rest-dominated, game-side quiet — OS/compositor/driver | proc 4.3 rcpu 0.4 gpu 0.6 rest 141.9 | alloc 48KB | ticks 3, remote.ents 22 | watchdog: 255/255 samples in '(unscoped)'[0m
[lb]hitch]   gpu: draws 340, pipeline compiles +0, vram 3201MB[0m
[lb]hitch]   prev: 6.7 6.7 6.7 6.7 6.7 6.7 6.7 6.7[0m
[lb]hitch VSYNC/PRESENT] 16.7ms (med 6.7, ×2.5) — present/vsync-bound (rest 11.7ms, gpu 0.6ms) | proc 4.3 rcpu 0.6 gpu 0.6 rest 11.7 | alloc 171KB | ticks 3, remote.ents 22[0m
[lb]hitch EXTERNAL] 93.4ms (5 dropped @60Hz) (med 6.7, ×14.0) — rest-dominated, game-side quiet — OS/compositor/driver | proc 3.6 rcpu 0.5 gpu 0.6 rest 89.3 | alloc 48KB | ticks 3, remote.ents 22 | watchdog: 34/57 samples in 'bot.path'[0m
[lb]hitch VSYNC/PRESENT] 12.7ms (med 6.7, ×1.9) — present/vsync-bound (rest 9.7ms, gpu 0.6ms) | proc 2.6 rcpu 0.4 gpu 0.6 rest 9.7 | alloc 40KB | ticks 1, remote.ents 22[0m
[portal] 'Portal_0' facing=True onScreen=True -> RENDER near=90.50 size=(384, 384) camQ=<1216, 298, 40> inO=<1216, 208, 32> inF=<-4.371139E-08, 1, 0>
[portal] dump portal0: camG=(-502, 88, -224) near=90.50 size=(384, 384) halfR=64 halfU=64 exitC=<-592, 224, 80>
[portal] 'Portal_1' facing=False onScreen=False -> RENDER near=1.50 size=(384, 384) camQ=<1216, 298, 40> inO=<-592, 224, 80> inF=<-1, -8.742278E-08, 0>
[portal] dump portal1: camG=(1142.0001, -8, -2016) near=1.50 size=(384, 384) halfR=64 halfU=64 exitC=<1216, 208, 32>
[lb]hitch EXTERNAL] 146.0ms (8 dropped @60Hz) (med 6.7, ×21.9) — rest-dominated, game-side quiet — OS/compositor/driver | proc 3.9 rcpu 0.4 gpu 0.6 rest 141.8 | alloc 40KB | ticks 3, remote.ents 22 | watchdog: 266/266 samples in '(unscoped)'[0m
[lb]hitch]   gpu: draws 340, pipeline compiles +0, vram 3201MB[0m
[lb]hitch]   prev: 6.9 6.9 6.9 6.9 6.9 6.9 7.0 6.9[0m
[lb]hitch VSYNC/PRESENT] 16.7ms (med 6.7, ×2.5) — present/vsync-bound (rest 12.8ms, gpu 0.6ms) | proc 3.5 rcpu 0.4 gpu 0.6 rest 12.8 | alloc 171KB | ticks 3, remote.ents 22[0m
[portal] 'Portal_0' facing=True onScreen=True -> RENDER near=90.50 size=(384, 384) camQ=<1216, 298, 40> inO=<1216, 208, 32> inF=<-4.371139E-08, 1, 0>
[portal] dump portal0: camG=(-502, 88, -224) near=90.50 size=(384, 384) halfR=64 halfU=64 exitC=<-592, 224, 80>
[portal] 'Portal_1' facing=False onScreen=False -> RENDER near=1.50 size=(384, 384) camQ=<1216, 298, 40> inO=<-592, 224, 80> inF=<-1, -8.742278E-08, 0>
[portal] dump portal1: camG=(1142.0001, -8, -2016) near=1.50 size=(384, 384) halfR=64 halfU=64 exitC=<1216, 208, 32>
[lb]hitch VSYNC/PRESENT ×2] 16.7–20.7ms over 0.0s (med 6.7) — present/vsync-bound (rest 12.8ms, gpu 0.6ms)[0m
[lb]hitch EXTERNAL] 137.7ms (7 dropped @60Hz) (med 6.7, ×20.7) — rest-dominated, game-side quiet — OS/compositor/driver | proc 3.4 rcpu 0.4 gpu 0.6 rest 134.0 | alloc 95KB | ticks 3, remote.ents 22 | watchdog: 277/277 samples in '(unscoped)'[0m
[lb]hitch]   gpu: draws 340, pipeline compiles +0, vram 3201MB[0m
[lb]hitch]   prev: 6.9 6.9 6.9 6.9 6.9 6.9 6.9 6.9[0m
[lb]hitch VSYNC/PRESENT] 16.7ms (med 6.7, ×2.5) — present/vsync-bound (rest 13.3ms, gpu 0.6ms) | proc 3.0 rcpu 0.4 gpu 0.6 rest 13.3 | alloc 147KB | ticks 3, remote.ents 22 | watchdog: 3/3 samples in '(unscoped)'[0m
[portal] 'Portal_0' facing=True onScreen=True -> RENDER near=90.50 size=(384, 384) camQ=<1216, 298, 40> inO=<1216, 208, 32> inF=<-4.371139E-08, 1, 0>
[portal] dump portal0: camG=(-502, 88, -224) near=90.50 size=(384, 384) halfR=64 halfU=64 exitC=<-592, 224, 80>
[portal] 'Portal_1' facing=False onScreen=False -> RENDER near=1.50 size=(384, 384) camQ=<1216, 298, 40> inO=<-592, 224, 80> inF=<-1, -8.742278E-08, 0>
[portal] dump portal1: camG=(1142.0001, -8, -2016) near=1.50 size=(384, 384) halfR=64 halfU=64 exitC=<1216, 208, 32>
[lb]hitch VSYNC/PRESENT ×2] 16.7–18.1ms over 0.0s (med 6.9) — present/vsync-bound (rest 13.3ms, gpu 0.6ms)[0m
[lb]hitch EXTERNAL] 134.9ms (7 dropped @60Hz) (med 6.9, ×19.4) — rest-dominated, game-side quiet — OS/compositor/driver | proc 4.5 rcpu 0.4 gpu 0.7 rest 130.0 | alloc 48KB | ticks 3, remote.ents 22 | watchdog: 261/261 samples in '(unscoped)'[0m
[lb]hitch]   gpu: draws 356, pipeline compiles +0, vram 3201MB[0m
[lb]hitch]   prev: 6.9 6.9 6.9 6.9 6.9 6.9 6.9 6.9[0m
[wz] cross client=True 'player' o <1230.1547, 206.15332, -7.968749>-><-593.8467, 209.84534, 40.03125> v <-217.70808, -316.20148, 0>-><-316.2015, 217.70807, 0> a <1.1264542, 215.12778, 0>-><1.1264648, 125.12778, 0> | in o=<1216, 208, 32> f=<-4.371139E-08, 1, 0> | out o=<-592, 224, 80> f=<-1, -8.742278E-08, 0>
[lb]hitch VSYNC/PRESENT] 15.7ms (med 6.9, ×2.3) — present/vsync-bound (rest 13.4ms, gpu 0.6ms) | proc 1.9 rcpu 0.4 gpu 0.6 rest 13.4 | alloc 40KB | ticks 1, remote.ents 21 | watchdog: 2/5 samples in 'bot.path'[0m
[lb]hitch MIXED] 19.7ms (med 6.9, ×2.8) — mixed — proc:other 3.7ms | proc 8.1 rcpu 1.9 gpu 2.0 rest 9.7 | alloc 71.2MB | ticks 1, remote.ents 21[0m
[lb]hitch VSYNC/PRESENT] 19.5ms (med 6.9, ×2.8) — present/vsync-bound (rest 12.8ms, gpu 1.9ms) | proc 5.9 rcpu 0.8 gpu 1.9 rest 12.8 | alloc 67.3MB | ticks 2, remote.ents 21 | watchdog: 7/7 samples in '(unscoped)'[0m
[lb]hitch VSYNC/PRESENT ×4] 13.3–19.5ms over 0.0s (med 6.9) — present/vsync-bound (rest 12.8ms, gpu 1.9ms)[0m
[lb]hitch MIXED] 13.3ms (med 6.9, ×1.9) — mixed — proc:other 2.8ms | proc 5.9 rcpu 0.7 gpu 1.7 rest 6.7 | alloc 316KB | ticks 1, remote.ents 21[0m
[lb]hitch VSYNC/PRESENT] 13.3ms (med 6.9, ×1.9) — present/vsync-bound (rest 7.7ms, gpu 1.7ms) | proc 4.9 rcpu 0.8 gpu 1.7 rest 7.7 | alloc 302KB | ticks 1, remote.ents 21 | watchdog: 4/4 samples in '(unscoped)'[0m
[lb]hitch MIXED] 12.5ms (med 6.9, ×1.8) — mixed — proc:other 3.0ms | proc 6.2 rcpu 0.7 gpu 1.7 rest 5.6 | alloc 253KB | ticks 1, remote.ents 21 | watchdog: 4/4 samples in '(unscoped)'[0m
[lb]hitch CPU-LOGIC] 13.3ms (med 6.9, ×1.9) — proc:other 3.6ms | proc 7.6 rcpu 0.9 gpu 1.8 rest 4.9 | alloc 240KB | ticks 1, remote.ents 21 | watchdog: 3/3 samples in '(unscoped)'[0m
[lb]hitch CPU-LOGIC ×2] 13.3–13.8ms over 0.1s (med 6.9) — proc:other 3.6ms[0m
[lb]hitch VSYNC/PRESENT] 53.6ms (2 dropped @60Hz) (med 6.9, ×7.7) — present/vsync-bound (rest 33.1ms, gpu 1.7ms) | proc 17.8 rcpu 2.7 gpu 1.7 rest 33.1 | alloc 554KB | ticks 3, remote.ents 21 | watchdog: 5/8 samples in 'stream.build'[0m
[lb]hitch]   gpu: draws 340, pipeline compiles +0, vram 3201MB[0m
[lb]hitch]   events: [lb]-7f] stream: idle-warm models/player/umbra.iqm tex textures/umbrafullbright_reflect built (0.0ms); [lb]-6f] stream: idle-warm models/player/pyria.iqm tex textures/pyriafullbright_gloss built (0.0ms); [lb]-4f] stream: idle-warm models/player/nyx.iqm tex textures/nyxfullbright_reflect built (0.0ms); [lb]-4f] stream: idle-warm models/player/umbra.iqm tex textures/umbrafullbright_gloss built (0.0ms); [lb]-1f] stream: idle-warm models/player/nyx.iqm tex textures/nyxfullbright_glow built (0.0ms); [lb]-1f] stream: idle-warm models/player/nyx.iqm tex textures/nyxfullbright_shirt built (0.0ms); stream: idle-warm models/player/nyx.iqm tex textures/nyxfullbright built (0.0ms); stream: idle-warm models/player/nyx.iqm tex textures/nyxfullbright_norm built (0.0ms); stream: idle-warm models/player/nyx.iqm tex textures/nyxfullbright_gloss built (8.8ms)[0m
[lb]hitch]   prev: 13.9 9.1 13.3 13.3 13.3 12.5 13.3 13.8[0m
[lb]hitch EXTERNAL] 33.3ms (1 dropped @60Hz) (med 6.9, ×4.8) — rest-dominated, game-side quiet — OS/compositor/driver | proc 8.4 rcpu 1.3 gpu 2.1 rest 23.6 | alloc 1.4MB | ticks 3, remote.ents 21[0m
[portal] 'Portal_0' facing=True onScreen=True -> RENDER near=90.50 size=(384, 384) camQ=<1216, 298, 40> inO=<1216, 208, 32> inF=<-4.371139E-08, 1, 0>
[portal] dump portal0: camG=(-502, 88, -224) near=90.50 size=(384, 384) halfR=64 halfU=64 exitC=<-592, 224, 80>
[portal] 'Portal_1' facing=False onScreen=False -> RENDER near=1.50 size=(384, 384) camQ=<1216, 298, 40> inO=<-592, 224, 80> inF=<-1, -8.742278E-08, 0>
[portal] dump portal1: camG=(1142.0001, -8, -2016) near=1.50 size=(384, 384) halfR=64 halfU=64 exitC=<1216, 208, 32>
[lb]hitch ASSET-BUILD] 16.8ms (med 6.9, ×2.4) — iqm.anims 256.5ms (asset build/upload) | proc 16.8 rcpu 0.6 gpu 1.9 rest 0.0 | alloc 580KB | ticks 2, remote.ents 21 | watchdog: 295/295 samples in '(unscoped)'[0m
[lb]hitch EXTERNAL] 149.8ms (8 dropped @60Hz) (med 6.9, ×21.6) — rest-dominated, game-side quiet — OS/compositor/driver | proc 13.4 rcpu 0.7 gpu 1.8 rest 135.7 | alloc 30.7MB | ticks 3, remote.ents 21 | watchdog: 3/5 samples in '(unscoped)'[0m
[lb]frameprofile] scene: nodes 2905 objs-drawn 1804 draws 394 vram 3210MB[0m
[lb]frameprofile] census: Label 876  HBoxContainer 218  Control 157  Dependent 113  Button 110  CvarCheckBox 104  VBoxContainer 78  HSlider 62  CvarSlider 58  MarginContainer 52[0m
[lb]frameprofile] 505 frames: p50 6.9 p95 16.6 p99 133.4 p99.9 146.6ms (max 149.8) | 11 EXTERNAL, 1 ASSET-BUILD, 1 PIPELINE-COMPILE, 1 GC-PAUSE, 23 VSYNC/PRESENT, 3 CPU-LOGIC, 3 MIXED | alloc 161MB/s heap 785.3MB | proc 13.4 gpu 1.8[0m
[lb]frameprofile] ms/frame: ng.process 2.1  server.tick 1.7  sim.move 1.3  move.in 1.0  bot.think 1.0  bot.strategy 0.9  proc:other 0.7  iqm.anims 0.5  bot.path 0.3  cw.process 0.3[0m
[lb]hitch EXTERNAL ×2] 33.3–149.8ms over 0.0s (med 6.9) — rest-dominated, game-side quiet — OS/compositor/driver[0m
[lb]hitch MIXED] 13.0ms (med 6.9, ×1.9) — mixed — ng.process 3.1ms | proc 6.3 rcpu 0.5 gpu 2.7 rest 6.2 | alloc 1.4MB | ticks 1, remote.ents 21[0m
[lb]hitch ASSET-BUILD] 13.9ms (med 6.9, ×2.0) — stream.build 5.9ms (asset build/upload) | proc 10.3 rcpu 0.5 gpu 2.5 rest 3.1 | alloc 1.2MB | ticks 1, remote.ents 21 | watchdog: 1/3 samples in 'iqm.materials'[0m
[lb]hitch ASSET-BUILD ×2] 13.9–14.5ms over 0.0s (med 6.9) — stream.build 5.9ms (asset build/upload)[0m
[lb]hitch VSYNC/PRESENT] 20.0ms (med 6.9, ×2.9) — present/vsync-bound (rest 14.6ms, gpu 2.2ms) | proc 4.9 rcpu 0.4 gpu 2.2 rest 14.6 | alloc 743KB | ticks 2, remote.ents 21 | watchdog: 5/9 samples in '(unscoped)'[0m
[lb]hitch VSYNC/PRESENT ×2] 12.8–20.0ms over 0.0s (med 6.9) — present/vsync-bound (rest 14.6ms, gpu 2.2ms)[0m
[lb]hitch CPU-LOGIC] 13.6ms (med 6.9, ×2.0) — ng.process 5.2ms | proc 8.0 rcpu 0.5 gpu 1.8 rest 5.1 | alloc 1.2MB | ticks 1, remote.ents 21[0m
[lb]hitch VSYNC/PRESENT] 13.3ms (med 6.9, ×1.9) — present/vsync-bound (rest 9.3ms, gpu 1.8ms) | proc 3.6 rcpu 0.5 gpu 1.8 rest 9.3 | alloc 1.7MB | ticks 0, remote.ents 21 | watchdog: 5/5 samples in '(unscoped)'[0m
[IdleWarmer] asset warm queue drained — full asset set is hot.
[portal] 'Portal_0' facing=True onScreen=True -> RENDER near=90.50 size=(384, 384) camQ=<1216, 298, 40> inO=<1216, 208, 32> inF=<-4.371139E-08, 1, 0>
[portal] dump portal0: camG=(-502, 88, -224) near=90.50 size=(384, 384) halfR=64 halfU=64 exitC=<-592, 224, 80>
[portal] 'Portal_1' facing=False onScreen=False -> RENDER near=1.50 size=(384, 384) camQ=<1216, 298, 40> inO=<-592, 224, 80> inF=<-1, -8.742278E-08, 0>
[portal] dump portal1: camG=(1142.0001, -8, -2016) near=1.50 size=(384, 384) halfR=64 halfU=64 exitC=<1216, 208, 32>
[lb]hitch VSYNC/PRESENT ×2] 13.3–13.3ms over 0.0s (med 6.9) — present/vsync-bound (rest 9.3ms, gpu 1.8ms)[0m
[lb]hitch EXTERNAL] 140.0ms (7 dropped @60Hz) (med 6.9, ×20.2) — rest-dominated, game-side quiet — OS/compositor/driver | proc 3.0 rcpu 0.4 gpu 1.7 rest 136.6 | alloc 48KB | ticks 3, remote.ents 21 | watchdog: 283/283 samples in '(unscoped)'[0m
[lb]hitch]   gpu: draws 340, pipeline compiles +0, vram 3318MB[0m
[lb]hitch]   prev: 6.9 6.9 6.9 6.9 6.9 6.9 6.9 7.0[0m
[lb]hitch CPU-LOGIC] 13.7ms (med 6.9, ×2.0) — ng.process 22.4ms (typ 2.3ms, 10× over) | proc 13.7 rcpu 0.4 gpu 1.7 rest 0.0 | alloc 48KB | ticks 3, remote.ents 21 | watchdog: 9/11 samples in 'bot.strategy'[0m
[lb]hitch VSYNC/PRESENT] 19.3ms (med 6.9, ×2.8) — present/vsync-bound (rest 15.9ms, gpu 1.7ms) | proc 3.0 rcpu 0.4 gpu 1.7 rest 15.9 | alloc 48KB | ticks 3, remote.ents 21 | watchdog: 9/13 samples in 'bot.strategy'[0m
[lb]hitch VSYNC/PRESENT ×2] 14.9–19.3ms over 0.0s (med 6.9) — present/vsync-bound (rest 15.9ms, gpu 1.7ms)[0m
[lb]hitch EXTERNAL] 36.9ms (1 dropped @60Hz) (med 6.9, ×5.3) — rest-dominated, game-side quiet — OS/compositor/driver | proc 2.2 rcpu 0.4 gpu 1.7 rest 34.3 | alloc 40KB | ticks 2, remote.ents 21 | watchdog: 8/15 samples in 'bot.path'[0m
[lb]hitch VSYNC/PRESENT] 14.7ms (med 6.9, ×2.1) — present/vsync-bound (rest 11.6ms, gpu 1.7ms) | proc 2.7 rcpu 0.4 gpu 1.7 rest 11.6 | alloc 56KB | ticks 2, remote.ents 21 | watchdog: 8/15 samples in 'bot.path'[0m
[portal] 'Portal_0' facing=True onScreen=True -> RENDER near=90.50 size=(384, 384) camQ=<1216, 298, 40> inO=<1216, 208, 32> inF=<-4.371139E-08, 1, 0>
[portal] dump portal0: camG=(-502, 88, -224) near=90.50 size=(384, 384) halfR=64 halfU=64 exitC=<-592, 224, 80>
[portal] 'Portal_1' facing=False onScreen=False -> RENDER near=1.50 size=(384, 384) camQ=<1216, 298, 40> inO=<-592, 224, 80> inF=<-1, -8.742278E-08, 0>
[portal] dump portal1: camG=(1142.0001, -8, -2016) near=1.50 size=(384, 384) halfR=64 halfU=64 exitC=<1216, 208, 32>
[lb]hitch EXTERNAL] 145.2ms (8 dropped @60Hz) (med 6.9, ×20.9) — rest-dominated, game-side quiet — OS/compositor/driver | proc 3.5 rcpu 0.4 gpu 0.6 rest 141.3 | alloc 40KB | ticks 3, remote.ents 21 | watchdog: 262/262 samples in '(unscoped)'[0m
[lb]hitch]   gpu: draws 340, pipeline compiles +0, vram 3317MB[0m
[lb]hitch]   prev: 6.9 6.9 6.9 6.9 6.9 6.9 6.9 6.9[0m
[lb]hitch PIPELINE-COMPILE] 16.0ms (med 6.9, ×2.3) — 1 pipeline compile(s) — SYNC[lb]surface+0 draw+0] async[lb]mesh+0 spec+0] canvas+1 | proc 2.5 rcpu 0.4 gpu 0.6 rest 13.2 | alloc 56KB | ticks 1, remote.ents 21 | watchdog: 5/5 samples in '(unscoped)'[0m
[lb]hitch VSYNC/PRESENT] 13.6ms (med 6.9, ×2.0) — present/vsync-bound (rest 11.4ms, gpu 0.6ms) | proc 1.8 rcpu 0.4 gpu 0.6 rest 11.4 | alloc 40KB | ticks 1, remote.ents 21 | watchdog: 2/5 samples in 'bot.strategy'[0m
[portal] 'Portal_0' facing=True onScreen=True -> RENDER near=90.50 size=(384, 384) camQ=<1216, 298, 40> inO=<1216, 208, 32> inF=<-4.371139E-08, 1, 0>
[portal] dump portal0: camG=(-502, 88, -224) near=90.50 size=(384, 384) halfR=64 halfU=64 exitC=<-592, 224, 80>
[portal] 'Portal_1' facing=False onScreen=False -> RENDER near=1.50 size=(384, 384) camQ=<1216, 298, 40> inO=<-592, 224, 80> inF=<-1, -8.742278E-08, 0>
[portal] dump portal1: camG=(1142.0001, -8, -2016) near=1.50 size=(384, 384) halfR=64 halfU=64 exitC=<1216, 208, 32>
[lb]hitch EXTERNAL] 140.0ms (7 dropped @60Hz) (med 6.9, ×20.2) — rest-dominated, game-side quiet — OS/compositor/driver | proc 3.2 rcpu 0.4 gpu 0.6 rest 136.4 | alloc 48KB | ticks 3, remote.ents 21 | watchdog: 264/264 samples in '(unscoped)'[0m
[lb]hitch]   gpu: draws 355, pipeline compiles +0, vram 3317MB[0m
[lb]hitch]   prev: 7.1 7.1 7.1 6.4 6.9 6.9 6.9 6.9[0m
[lb]hitch VSYNC/PRESENT] 14.4ms (med 6.9, ×2.1) — present/vsync-bound (rest 11.0ms, gpu 0.6ms) | proc 2.9 rcpu 0.5 gpu 0.6 rest 11.0 | alloc 40KB | ticks 3, remote.ents 21[0m
[portal] 'Portal_0' facing=True onScreen=True -> RENDER near=90.50 size=(384, 384) camQ=<1216, 298, 40> inO=<1216, 208, 32> inF=<-4.371139E-08, 1, 0>
[portal] dump portal0: camG=(-502, 88, -224) near=90.50 size=(384, 384) halfR=64 halfU=64 exitC=<-592, 224, 80>
[portal] 'Portal_1' facing=False onScreen=False -> RENDER near=1.50 size=(384, 384) camQ=<1216, 298, 40> inO=<-592, 224, 80> inF=<-1, -8.742278E-08, 0>
[portal] dump portal1: camG=(1142.0001, -8, -2016) near=1.50 size=(384, 384) halfR=64 halfU=64 exitC=<1216, 208, 32>
[lb]hitch CPU-LOGIC] 54.4ms (2 dropped @60Hz) (med 6.9, ×7.8) — ng.process 42.0ms (typ 5.1ms, 8× over) | proc 54.4 rcpu 0.4 gpu 1.7 rest 0.0 | alloc 88KB | ticks 3, remote.ents 21 | watchdog: 266/289 samples in '(unscoped)'[0m
[lb]hitch]   gpu: draws 355, pipeline compiles +0, vram 3317MB[0m
[lb]hitch]   prev: 6.9 6.9 6.9 6.9 7.9 6.9 6.9 6.9[0m
[lb]hitch EXTERNAL] 131.4ms (7 dropped @60Hz) (med 6.9, ×18.9) — rest-dominated, game-side quiet — OS/compositor/driver | proc 4.3 rcpu 0.5 gpu 2.0 rest 126.7 | alloc 154KB | ticks 3, remote.ents 21 | watchdog: 269/292 samples in '(unscoped)'[0m
[lb]hitch EXTERNAL ×2] 27.9–131.4ms over 0.0s (med 6.9) — rest-dominated, game-side quiet — OS/compositor/driver[0m
[lb]hitch VSYNC/PRESENT] 12.5ms (med 6.9, ×1.8) — present/vsync-bound (rest 8.8ms, gpu 1.6ms) | proc 3.3 rcpu 0.4 gpu 1.6 rest 8.8 | alloc 40KB | ticks 2, remote.ents 21[0m
[portal] 'Portal_0' facing=True onScreen=True -> RENDER near=90.50 size=(384, 384) camQ=<1216, 298, 40> inO=<1216, 208, 32> inF=<-4.371139E-08, 1, 0>
[portal] dump portal0: camG=(-502, 88, -224) near=90.50 size=(384, 384) halfR=64 halfU=64 exitC=<-592, 224, 80>
[portal] 'Portal_1' facing=False onScreen=False -> RENDER near=1.50 size=(384, 384) camQ=<1216, 298, 40> inO=<-592, 224, 80> inF=<-1, -8.742278E-08, 0>
[portal] dump portal1: camG=(1142.0001, -8, -2016) near=1.50 size=(384, 384) halfR=64 halfU=64 exitC=<1216, 208, 32>
[lb]hitch EXTERNAL] 138.9ms (7 dropped @60Hz) (med 6.9, ×20.0) — rest-dominated, game-side quiet — OS/compositor/driver | proc 3.7 rcpu 0.4 gpu 0.6 rest 134.8 | alloc 48KB | ticks 3, remote.ents 21 | watchdog: 262/262 samples in '(unscoped)'[0m
[lb]hitch]   gpu: draws 359, pipeline compiles +0, vram 3317MB[0m
[lb]hitch]   prev: 6.9 6.9 6.9 6.9 6.9 6.9 6.9 6.9[0m
[lb]hitch VSYNC/PRESENT] 18.0ms (med 6.9, ×2.6) — present/vsync-bound (rest 14.7ms, gpu 0.6ms) | proc 2.9 rcpu 0.5 gpu 0.6 rest 14.7 | alloc 176KB | ticks 3, remote.ents 21 | watchdog: 3/3 samples in '(unscoped)'[0m
[lb]hitch VSYNC/PRESENT ×2] 15.3–18.0ms over 0.0s (med 6.9) — present/vsync-bound (rest 14.7ms, gpu 0.6ms)[0m
[lb]hitch EXTERNAL] 91.1ms (4 dropped @60Hz) (med 6.9, ×13.1) — rest-dominated, game-side quiet — OS/compositor/driver | proc 3.0 rcpu 0.4 gpu 0.6 rest 87.7 | alloc 48KB | ticks 3, remote.ents 21 | watchdog: 26/55 samples in 'bot.path'[0m
[lb]hitch VSYNC/PRESENT] 16.7ms (med 6.9, ×2.4) — present/vsync-bound (rest 11.9ms, gpu 0.6ms) | proc 4.1 rcpu 0.6 gpu 0.6 rest 11.9 | alloc 72KB | ticks 3, remote.ents 21[0m
[portal] 'Portal_0' facing=True onScreen=True -> RENDER near=90.50 size=(384, 384) camQ=<1216, 298, 40> inO=<1216, 208, 32> inF=<-4.371139E-08, 1, 0>
[portal] dump portal0: camG=(-502, 88, -224) near=90.50 size=(384, 384) halfR=64 halfU=64 exitC=<-592, 224, 80>
[portal] 'Portal_1' facing=False onScreen=False -> RENDER near=1.50 size=(384, 384) camQ=<1216, 298, 40> inO=<-592, 224, 80> inF=<-1, -8.742278E-08, 0>
[portal] dump portal1: camG=(1142.0001, -8, -2016) near=1.50 size=(384, 384) halfR=64 halfU=64 exitC=<1216, 208, 32>
[lb]hitch VSYNC/PRESENT ×2] 16.3–16.7ms over 0.1s (med 6.9) — present/vsync-bound (rest 11.9ms, gpu 0.6ms)[0m
[lb]hitch EXTERNAL] 130.1ms (7 dropped @60Hz) (med 6.9, ×18.7) — rest-dominated, game-side quiet — OS/compositor/driver | proc 3.3 rcpu 0.4 gpu 0.6 rest 126.4 | alloc 48KB | ticks 3, remote.ents 21 | watchdog: 266/266 samples in '(unscoped)'[0m
[lb]hitch]   gpu: draws 359, pipeline compiles +0, vram 3317MB[0m
[lb]hitch]   prev: 6.9 6.9 6.9 6.9 6.9 6.9 6.9 6.9[0m
[portal] 'Portal_0' facing=True onScreen=True -> RENDER near=90.50 size=(384, 384) camQ=<1216, 298, 40> inO=<1216, 208, 32> inF=<-4.371139E-08, 1, 0>
[portal] dump portal0: camG=(-502, 88, -224) near=90.50 size=(384, 384) halfR=64 halfU=64 exitC=<-592, 224, 80>
[portal] 'Portal_1' facing=False onScreen=False -> RENDER near=1.50 size=(384, 384) camQ=<1216, 298, 40> inO=<-592, 224, 80> inF=<-1, -8.742278E-08, 0>
[portal] dump portal1: camG=(1142.0001, -8, -2016) near=1.50 size=(384, 384) halfR=64 halfU=64 exitC=<1216, 208, 32>
[lb]hitch EXTERNAL ×3] 36.8–142.2ms over 1.0s (med 6.9) — rest-dominated, game-side quiet — OS/compositor/driver[0m
=== frame profiler session summary (38s, 1279 frames) ===[0m
  fps: avg 84.5  1%low 7  0.1%low 7  (median 6.9ms, worst 150.0ms)[0m
  hitches: 80 total — 27 EXTERNAL, 3 ASSET-BUILD, 2 PIPELINE-COMPILE, 1 GC-PAUSE, 37 VSYNC/PRESENT, 6 CPU-LOGIC, 4 MIXED[0m
    worst[lb]1]: 149.8ms EXTERNAL (stream.build) @ t=30.5s[0m
    worst[lb]2]: 149.3ms EXTERNAL (ng.process) @ t=21.2s[0m
    worst[lb]3]: 146.6ms EXTERNAL (ng.process) @ t=26.4s[0m
    worst[lb]4]: 146.0ms EXTERNAL (ng.process) @ t=27.4s[0m
    worst[lb]5]: 145.2ms EXTERNAL (ng.process) @ t=32.4s[0m
  gc: g0+80 g1+56 g2+31, total pause 245ms[0m
  alloc: 2.7GB total, 4MB/s recent, peak 434.3MB in one frame @ t=5.5s, heap 821.6MB[0m
