Godot Engine v4.6.3.stable.mono.official.7d41c59c4 - https://godotengine.org
Vulkan 1.4.341 - Forward+ - Using Device #0: NVIDIA - NVIDIA GeForce RTX 3080

[lb]frameprofiler] env: managed-debugger=False godot-context=debug csharp=Debug vsync=Enabled maxfps=0 refresh=60Hz cpu=24c gpu=NVIDIA GeForce RTX 3080[0m
[lb]frameprofiler] columns: proc=all _Process CPU | rcpu=render-thread submit | gpu=main viewport GPU | rest=present/vsync/stall (ms-proc-rcpu) | alloc=managed garbage/frame | pipe=shader-pipeline compiles[0m
=== XonoticGodot boot ===[0m
Weapons:   27[0m
Items:     21[0m
Mutators:  46[0m
GameTypes: 20[0m
[lb]MenuState] config: 6462 cvars from 25 cfg files (374 aliases, 0 missing).[0m
[lb]shell] --cvar sv_warpzone_trace = "1"[0m
[lb]shell] --cvar wz_portal_force = "1"[0m
[lb]shell] --cvar wz_portal_dump = "1"[0m
[lb]shell] --cvar wz_portal_lookat = "1"[0m
[lb]video] vid_vsync 2 → requested Mailbox, actual Mailbox[0m
[lb]video] cl_maxfps 256 -> Engine.MaxFps 144 (refresh 60Hz)[0m
[lb]video] process priority AboveNormal (sys_priority_boost 1)[0m
[MenuCommand] 'playerstats_update' has no client backend yet (inert).
[lb]Shell] hosting listen server: gametype=dm map=stormkeep bots=0 skill=0 timelimit=0 fraglimit=0[0m
[AssetSystem] loaded 2439 shaders from 185 scripts.
[NetTransport.Server] listening on UDP 26000 (max 16).
[ServerNet] LAN discovery: answering getinfo on UDP 26001 (game port 26000).
[NetTransport.Client] connecting to 127.0.0.1:26000 …
[EffectSystem] effectinfo: 301 effects, particlefont atlas: loaded, style overlay: 0 effects
[Particles] backend=original (cl_particles_modern=0)
[AssetLoader] model 'models/items/buff.md3' read failed: Asset not found in any mount: "models/items/buff.md3".
[AssetLoader] 'models/casing_shell.mdl' is not a known model (magic "IDPO?").
[MapLoader] occluder: 90016 verts / 107956 tris (r_occlusion_cull A/B)
[MapLoader] 'stormkeep' materials: lightmapped=34 vertexLit=3 plain=8 glow=4 normalMapped=34 (deluxe=True, internalPages=0, atlas=1p, cellSize=131072, cells=8, surfaces=188)
[MapLoader] 'stormkeep' portal surfaces: 2 (from 2 faces), pocket decor: 5 (from 5 faces)
[DecalSplats] geometry: 106027 render triangles, 502 grid cells
[Skybox] loaded 'env/extragalactic/asteroids'.
[PortalRenderer] 2 live portal(s)
[portal] 'Portal_0' facing=True onScreen=False -> RENDER near=0.05 size=(384, 384) camQ=<1216, 298, 40> inO=<1216, 208, 32> inF=<-4.371139E-08, 1, 0>
[portal] dump portal0: camG=(0, 0, 0) near=0.05 size=(384, 384) halfR=64 halfU=64 exitC=<-592, 224, 80>
[portal-scan] '/root/Main/Shell/ListenServer/Map/Portals/PortalDecor_4' visible=True layers=80001 aabb=(1152, -32, -144)+(128, 128, 1.5258789E-05) mat=ShaderMaterial
[portal-scan] '/root/Main/Shell/ListenServer/Map/Portals/PortalDecor_2' visible=True layers=80001 aabb=(1152, -32, -208.25)+(128, 128, 1.5258789E-05) mat=StandardMaterial3D
[portal-scan] '/root/Main/Shell/ListenServer/Map/Portals/Portal_0' visible=True layers=80001 aabb=(1152, -32, -208)+(128, 128, 1.5258789E-05) mat=ShaderMaterial(override)
[portal-scan] '/root/Main/Shell/ListenServer/Map/Geometry_0_-1_0' visible=True layers=1 aabb=(-832, -640, -160)+(2752, 928, 1376) mat=ShaderMaterial
[portal-scan] '/root/Main/Shell/ListenServer/Map/Geometry_0_0_-1' visible=True layers=1 aabb=(-272, -64, -1472)+(2064, 666.625, 1680) mat=ShaderMaterial
[portal-scan] '/root/Main/Shell/ListenServer/Map/Geometry_0_-1_-1' visible=True layers=1 aabb=(-256, -256, -1408.0007)+(2048, 288, 1504.0007) mat=StandardMaterial3D
[portal-scan] '/root/Main/Shell/ListenServer/Map/Geometry_0_0_0' visible=True layers=1 aabb=(-384, -288, -192)+(2304, 864, 1472) mat=ShaderMaterial
[portal] 'Portal_1' facing=False onScreen=False -> RENDER near=0.05 size=(384, 384) camQ=<1216, 298, 40> inO=<-592, 224, 80> inF=<-1, -8.742278E-08, 0>
[portal] dump portal1: camG=(0, 0, 0) near=0.05 size=(384, 384) halfR=64 halfU=64 exitC=<1216, 208, 32>
[NetGame] map music: 'cdtracks/track005' (from mapinfo/worldspawn)
[portal] 'Portal_0' facing=True onScreen=True -> RENDER near=90.50 size=(640, 640) camQ=<1216, 298, 40> inO=<1216, 208, 32> inF=<-4.371139E-08, 1, 0>
[portal] dump portal0: camG=(-502, 88, -224) near=90.50 size=(640, 640) halfR=64 halfU=64 exitC=<-592, 224, 80>
[portal] 'Portal_1' facing=False onScreen=False -> RENDER near=0.05 size=(384, 384) camQ=<1216, 298, 40> inO=<-592, 224, 80> inF=<-1, -8.742278E-08, 0>
[portal] dump portal1: camG=(0, 0, 0) near=0.05 size=(384, 384) halfR=64 halfU=64 exitC=<1216, 208, 32>
[portal] 'Portal_0' facing=True onScreen=True -> RENDER near=90.50 size=(640, 640) camQ=<1216, 298, 40> inO=<1216, 208, 32> inF=<-4.371139E-08, 1, 0>
[portal] dump portal0: camG=(-502, 88, -224) near=90.50 size=(640, 640) halfR=64 halfU=64 exitC=<-592, 224, 80>
[portal] 'Portal_1' facing=False onScreen=False -> RENDER near=0.05 size=(384, 384) camQ=<1216, 298, 40> inO=<-592, 224, 80> inF=<-1, -8.742278E-08, 0>
[portal] dump portal1: camG=(0, 0, 0) near=0.05 size=(384, 384) halfR=64 halfU=64 exitC=<1216, 208, 32>
[portal] 'Portal_0' facing=True onScreen=True -> RENDER near=90.50 size=(640, 640) camQ=<1216, 298, 40> inO=<1216, 208, 32> inF=<-4.371139E-08, 1, 0>
[portal] dump portal0: camG=(-502, 88, -224) near=90.50 size=(640, 640) halfR=64 halfU=64 exitC=<-592, 224, 80>
[portal] 'Portal_1' facing=False onScreen=False -> RENDER near=0.05 size=(384, 384) camQ=<1216, 298, 40> inO=<-592, 224, 80> inF=<-1, -8.742278E-08, 0>
[portal] dump portal1: camG=(0, 0, 0) near=0.05 size=(384, 384) halfR=64 halfU=64 exitC=<1216, 208, 32>
[portal] 'Portal_0' facing=True onScreen=True -> RENDER near=90.50 size=(640, 640) camQ=<1216, 298, 40> inO=<1216, 208, 32> inF=<-4.371139E-08, 1, 0>
[portal] dump portal0: camG=(-502, 88, -224) near=90.50 size=(640, 640) halfR=64 halfU=64 exitC=<-592, 224, 80>
[portal] 'Portal_1' facing=False onScreen=False -> RENDER near=0.05 size=(384, 384) camQ=<1216, 298, 40> inO=<-592, 224, 80> inF=<-1, -8.742278E-08, 0>
[portal] dump portal1: camG=(0, 0, 0) near=0.05 size=(384, 384) halfR=64 halfU=64 exitC=<1216, 208, 32>
[portal] 'Portal_0' facing=True onScreen=True -> RENDER near=90.50 size=(640, 640) camQ=<1216, 298, 40> inO=<1216, 208, 32> inF=<-4.371139E-08, 1, 0>
[portal] dump portal0: camG=(-502, 88, -224) near=90.50 size=(640, 640) halfR=64 halfU=64 exitC=<-592, 224, 80>
[portal] 'Portal_1' facing=False onScreen=False -> RENDER near=0.05 size=(384, 384) camQ=<1216, 298, 40> inO=<-592, 224, 80> inF=<-1, -8.742278E-08, 0>
[portal] dump portal1: camG=(0, 0, 0) near=0.05 size=(384, 384) halfR=64 halfU=64 exitC=<1216, 208, 32>
[NetGame] precached 24 weapon models, skipped 0 (lazy), 24 muzzle tags.
[portal] 'Portal_0' facing=True onScreen=True -> RENDER near=90.50 size=(640, 640) camQ=<1216, 298, 40> inO=<1216, 208, 32> inF=<-4.371139E-08, 1, 0>
[portal] dump portal0: camG=(-502, 88, -224) near=90.50 size=(640, 640) halfR=64 halfU=64 exitC=<-592, 224, 80>
[portal] 'Portal_1' facing=False onScreen=False -> RENDER near=0.05 size=(384, 384) camQ=<1216, 298, 40> inO=<-592, 224, 80> inF=<-1, -8.742278E-08, 0>
[portal] dump portal1: camG=(0, 0, 0) near=0.05 size=(384, 384) halfR=64 halfU=64 exitC=<1216, 208, 32>
[portal] 'Portal_0' facing=True onScreen=True -> RENDER near=90.50 size=(640, 640) camQ=<1216, 298, 40> inO=<1216, 208, 32> inF=<-4.371139E-08, 1, 0>
[portal] dump portal0: camG=(-502, 88, -224) near=90.50 size=(640, 640) halfR=64 halfU=64 exitC=<-592, 224, 80>
[portal] 'Portal_1' facing=False onScreen=False -> RENDER near=0.05 size=(384, 384) camQ=<1216, 298, 40> inO=<-592, 224, 80> inF=<-1, -8.742278E-08, 0>
[portal] dump portal1: camG=(0, 0, 0) near=0.05 size=(384, 384) halfR=64 halfU=64 exitC=<1216, 208, 32>
[portal] 'Portal_0' facing=True onScreen=True -> RENDER near=90.50 size=(640, 640) camQ=<1216, 298, 40> inO=<1216, 208, 32> inF=<-4.371139E-08, 1, 0>
[portal] dump portal0: camG=(-502, 88, -224) near=90.50 size=(640, 640) halfR=64 halfU=64 exitC=<-592, 224, 80>
[portal] 'Portal_1' facing=False onScreen=False -> RENDER near=0.05 size=(384, 384) camQ=<1216, 298, 40> inO=<-592, 224, 80> inF=<-1, -8.742278E-08, 0>
[portal] dump portal1: camG=(0, 0, 0) near=0.05 size=(384, 384) halfR=64 halfU=64 exitC=<1216, 208, 32>
[portal] 'Portal_0' facing=True onScreen=True -> RENDER near=90.50 size=(640, 640) camQ=<1216, 298, 40> inO=<1216, 208, 32> inF=<-4.371139E-08, 1, 0>
[portal] dump portal0: camG=(-502, 88, -224) near=90.50 size=(640, 640) halfR=64 halfU=64 exitC=<-592, 224, 80>
[portal] 'Portal_1' facing=False onScreen=False -> RENDER near=0.05 size=(384, 384) camQ=<1216, 298, 40> inO=<-592, 224, 80> inF=<-1, -8.742278E-08, 0>
[portal] dump portal1: camG=(0, 0, 0) near=0.05 size=(384, 384) halfR=64 halfU=64 exitC=<1216, 208, 32>
[portal] 'Portal_0' facing=True onScreen=True -> RENDER near=90.50 size=(640, 640) camQ=<1216, 298, 40> inO=<1216, 208, 32> inF=<-4.371139E-08, 1, 0>
[portal] dump portal0: camG=(-502, 88, -224) near=90.50 size=(640, 640) halfR=64 halfU=64 exitC=<-592, 224, 80>
[portal] 'Portal_1' facing=False onScreen=False -> RENDER near=0.05 size=(384, 384) camQ=<1216, 298, 40> inO=<-592, 224, 80> inF=<-1, -8.742278E-08, 0>
[portal] dump portal1: camG=(0, 0, 0) near=0.05 size=(384, 384) halfR=64 halfU=64 exitC=<1216, 208, 32>
[portal] 'Portal_0' facing=True onScreen=True -> RENDER near=90.50 size=(640, 640) camQ=<1216, 298, 40> inO=<1216, 208, 32> inF=<-4.371139E-08, 1, 0>
[portal] dump portal0: camG=(-502, 88, -224) near=90.50 size=(640, 640) halfR=64 halfU=64 exitC=<-592, 224, 80>
[portal] 'Portal_1' facing=False onScreen=False -> RENDER near=0.05 size=(384, 384) camQ=<1216, 298, 40> inO=<-592, 224, 80> inF=<-1, -8.742278E-08, 0>
[portal] dump portal1: camG=(0, 0, 0) near=0.05 size=(384, 384) halfR=64 halfU=64 exitC=<1216, 208, 32>
[NetGame] precached 36 combat sounds, 10 player models (rendered for pipeline warm).
[NetGame] listen server on 127.0.0.1:26000 (map 'stormkeep', dm, 0 bots) — self-connecting.
[ServerNet] peer 2118913251 connected (awaiting handshake).
[ServerNet] peer 2118913251 accepted as 'player' (netId 2118913251, id da9f901a).
[ClientNet] handshake accepted by 'Xonotic  Server': netId 1, tickrate 72 Hz.
[NetGame] handshake accepted by 'Xonotic  Server': netId 1.
[portal] 'Portal_0' facing=True onScreen=True -> RENDER near=90.50 size=(640, 640) camQ=<1216, 298, 40> inO=<1216, 208, 32> inF=<-4.371139E-08, 1, 0>
[portal] dump portal0: camG=(-502, 88, -224) near=90.50 size=(640, 640) halfR=64 halfU=64 exitC=<-592, 224, 80>
[portal] 'Portal_1' facing=False onScreen=False -> RENDER near=0.05 size=(384, 384) camQ=<1216, 298, 40> inO=<-592, 224, 80> inF=<-1, -8.742278E-08, 0>
[portal] dump portal1: camG=(0, 0, 0) near=0.05 size=(384, 384) halfR=64 halfU=64 exitC=<1216, 208, 32>
[wzview] authoritative snap -> <0, 135, 0>
[lb]hitch EXTERNAL] 51.5ms (2 dropped @60Hz) (med 11.1, ×4.6) — rest-dominated, game-side quiet — OS/compositor/driver | proc 8.3 rcpu 0.5 gpu 0.3 rest 42.8 | alloc 812KB | ticks 3, remote.ents 21 | watchdog: 2/3 samples in '(unscoped)'[0m
[lb]hitch]   gpu: draws 306, pipeline compiles +0, vram 3324MB[0m
[lb]hitch]   events: [lb]-1f] net: PREDICTION DESYNC 1067qu (predicted vs acked-replay origin)[0m
[lb]hitch]   prev: 6.9 6.9 6.9 6.9 6.9 6.9 6.9 6.9[0m
[lb]hitch VSYNC/PRESENT] 22.2ms (med 11.1, ×2.0) — present/vsync-bound (rest 20.0ms, gpu 0.3ms) | proc 1.8 rcpu 0.5 gpu 0.3 rest 20.0 | alloc 199KB | ticks 2, remote.ents 21 | watchdog: 9/10 samples in '(unscoped)'[0m
[portal] 'Portal_0' facing=True onScreen=True -> RENDER near=90.50 size=(1024, 1024) camQ=<1216, 298, 40> inO=<1216, 208, 32> inF=<-4.371139E-08, 1, 0>
[portal] dump portal0: camG=(-502, 88, -224) near=90.50 size=(1024, 1024) halfR=64 halfU=64 exitC=<-592, 224, 80>
[portal] 'Portal_1' facing=False onScreen=False -> RENDER near=0.05 size=(384, 384) camQ=<1216, 298, 40> inO=<-592, 224, 80> inF=<-1, -8.742278E-08, 0>
[portal] dump portal1: camG=(0, 0, 0) near=0.05 size=(384, 384) halfR=64 halfU=64 exitC=<1216, 208, 32>
[lb]hitch EXTERNAL] 117.3ms (6 dropped @60Hz) (med 11.1, ×10.6) — rest-dominated, game-side quiet — OS/compositor/driver | proc 2.7 rcpu 0.4 gpu 0.4 rest 114.2 | alloc 76KB | ticks 3, remote.ents 21 | watchdog: 479/479 samples in '(unscoped)'[0m
[portal] 'Portal_0' facing=True onScreen=True -> RENDER near=90.50 size=(896, 896) camQ=<1216, 298, 40> inO=<1216, 208, 32> inF=<-4.371139E-08, 1, 0>
[portal] dump portal0: camG=(-502, 88, -224) near=90.50 size=(896, 896) halfR=64 halfU=64 exitC=<-592, 224, 80>
[portal] 'Portal_1' facing=False onScreen=False -> RENDER near=0.05 size=(384, 384) camQ=<1216, 298, 40> inO=<-592, 224, 80> inF=<-1, -8.742278E-08, 0>
[portal] dump portal1: camG=(0, 0, 0) near=0.05 size=(384, 384) halfR=64 halfU=64 exitC=<1216, 208, 32>
[portal] 'Portal_0' facing=True onScreen=True -> RENDER near=90.50 size=(640, 640) camQ=<1216, 298, 40> inO=<1216, 208, 32> inF=<-4.371139E-08, 1, 0>
[portal] dump portal0: camG=(-502, 88, -224) near=90.50 size=(640, 640) halfR=64 halfU=64 exitC=<-592, 224, 80>
[portal] 'Portal_1' facing=False onScreen=False -> RENDER near=0.05 size=(384, 384) camQ=<1216, 298, 40> inO=<-592, 224, 80> inF=<-1, -8.742278E-08, 0>
[portal] dump portal1: camG=(0, 0, 0) near=0.05 size=(384, 384) halfR=64 halfU=64 exitC=<1216, 208, 32>
[lb]frameprofile] scene: nodes 2852 objs-drawn 1535 draws 339 vram 3221MB[0m
[lb]frameprofile] census: Label 876  HBoxContainer 218  Control 157  Dependent 113  Button 110  CvarCheckBox 104  VBoxContainer 78  HSlider 62  CvarSlider 58  MarginContainer 52[0m
[lb]frameprofile] 205 frames: p50 6.9 p95 138.1 p99 146.1 p99.9 149.9ms (max 150.0) | 4 EXTERNAL, 1 VSYNC/PRESENT | alloc 402MB/s heap 218.9MB | proc 2.9 gpu 1.5[0m
[lb]frameprofile] ms/frame: iqm.mesh 38.0  iqm.materials 37.5  proc:other 7.7  iqm.anims 6.7  cev.process 1.7  ng.process 1.4  server.tick 0.8  net.send 0.3  net.poll 0.1  cw.process 0.1[0m
[lb]hitch EXTERNAL ×3] 117.3–141.3ms over 1.7s (med 6.9) — rest-dominated, game-side quiet — OS/compositor/driver[0m
[lb]hitch VSYNC/PRESENT] 19.9ms (med 6.9, ×2.9) — present/vsync-bound (rest 17.6ms, gpu 0.8ms) | proc 1.9 rcpu 0.5 gpu 0.8 rest 17.6 | alloc 120KB | ticks 3, remote.ents 21 | watchdog: 6/6 samples in '(unscoped)'[0m
[lb]hitch]   gpu: draws 339, pipeline compiles +0, vram 3221MB[0m
[lb]hitch]   prev: 6.9 6.9 6.9 6.9 6.9 6.9 6.9 131.8[0m
[lb]bots] waypoints for 'stormkeep': nodes=99 (file=loaded, cache=yes)[0m
[lb]hitch CPU-LOGIC] 132.3ms (7 dropped @60Hz) (med 6.9, ×19.1) — ng.process 100.9ms (typ 11.4ms, 9× over) | proc 113.6 rcpu 0.4 gpu 1.8 rest 18.3 | alloc 264KB | ticks 3, remote.ents 22 | watchdog: 31/68 samples in 'bot.path'[0m
[portal] 'Portal_0' facing=True onScreen=True -> RENDER near=90.50 size=(640, 640) camQ=<1216, 298, 40> inO=<1216, 208, 32> inF=<-4.371139E-08, 1, 0>
[portal] dump portal0: camG=(-502, 88, -224) near=90.50 size=(640, 640) halfR=64 halfU=64 exitC=<-592, 224, 80>
[portal] 'Portal_1' facing=False onScreen=False -> RENDER near=0.05 size=(384, 384) camQ=<1216, 298, 40> inO=<-592, 224, 80> inF=<-1, -8.742278E-08, 0>
[portal] dump portal1: camG=(0, 0, 0) near=0.05 size=(384, 384) halfR=64 halfU=64 exitC=<1216, 208, 32>
[lb]hitch PIPELINE-COMPILE] 137.2ms (7 dropped @60Hz) (med 6.9, ×19.8) — 1 pipeline compile(s) — SYNC[lb]surface+1 draw+0] async[lb]mesh+0 spec+0] canvas+0 | proc 137.2 rcpu 0.5 gpu 1.7 rest 0.0 | alloc 254.3MB | ticks 3, remote.ents 22 | watchdog: 323/332 samples in '(unscoped)'[0m
[lb]hitch GC-PAUSE] 131.3ms (7 dropped @60Hz) (med 6.9, ×18.9) — gen2/GC-pause tail (prior frame paused 1.9ms; this frame rest-dominated) | proc 10.0 rcpu 0.5 gpu 1.7 rest 120.9 | alloc 86KB | ticks 3, remote.ents 22[0m
[lb]hitch]   gpu: draws 339, pipeline compiles +0, vram 3211MB[0m
[lb]hitch]   events: [lb]-2f] anim cache HIT models/player/ignismasked.iqm; [lb]-1f] stream: player model models/player/ignismasked.iqm (parse) built (1.0ms); sim: backlog dropped (279ms behind); stream: player model models/player/ignismasked.iqm tex textures/ignisfullbright built (0.1ms); stream: player model models/player/ignismasked.iqm tex textures/ignisfullbright_norm built (0.0ms); stream: player model models/player/ignismasked.iqm tex textures/ignisfullbright_gloss built (0.0ms); stream: player model models/player/ignismasked.iqm tex textures/ignisfullbright_glow built (0.0ms); stream: player model models/player/ignismasked.iqm tex textures/ignisfullbright_reflect built (0.0ms); stream: player model models/player/ignismasked.iqm tex textures/ignisfullbright_shirt built (0.0ms); stream: player model models/player/ignismasked.iqm tex textures/ignisfullbright_pants built (0.0ms); stream: player model models/player/ignismasked.iqm tex textures/ignisheadfb built (0.0ms); stream: player model models/player/ignismasked.iqm tex textures/ignisheadfb_norm built (0.0ms); stream: player model models/player/ignismasked.iqm tex textures/ignisheadfb_gloss built (0.0ms); stream: player model models/player/ignismasked.iqm tex textures/ignisheadfb_glow built (0.0ms); stream: player model models/player/ignismasked.iqm tex textures/ignisheadfb_reflect built (0.0ms); stream: player model models/player/ignismasked.iqm tex textures/ignisheadfb_shirt built (0.0ms); stream: player model models/player/ignismasked.iqm tex textures/ignisheadfb_pants built (6.0ms)[0m
[lb]hitch]   prev: 6.9 6.9 6.9 6.9 6.9 6.9 132.3 137.2[0m
[lb]hitch VSYNC/PRESENT] 18.7ms (med 6.9, ×2.7) — present/vsync-bound (rest 11.3ms, gpu 1.8ms) | proc 6.9 rcpu 0.5 gpu 1.8 rest 11.3 | alloc 212KB | ticks 1, remote.ents 22[0m
[portal] 'Portal_0' facing=True onScreen=True -> RENDER near=90.50 size=(640, 640) camQ=<1216, 298, 40> inO=<1216, 208, 32> inF=<-4.371139E-08, 1, 0>
[portal] dump portal0: camG=(-502, 88, -224) near=90.50 size=(640, 640) halfR=64 halfU=64 exitC=<-592, 224, 80>
[portal] 'Portal_1' facing=False onScreen=False -> RENDER near=0.05 size=(384, 384) camQ=<1216, 298, 40> inO=<-592, 224, 80> inF=<-1, -8.742278E-08, 0>
[portal] dump portal1: camG=(0, 0, 0) near=0.05 size=(384, 384) halfR=64 halfU=64 exitC=<1216, 208, 32>
[lb]hitch EXTERNAL] 132.9ms (7 dropped @60Hz) (med 6.9, ×19.1) — rest-dominated, game-side quiet — OS/compositor/driver | proc 3.8 rcpu 0.4 gpu 0.5 rest 128.6 | alloc 40KB | ticks 3, remote.ents 22 | watchdog: 308/308 samples in '(unscoped)'[0m
[lb]hitch]   gpu: draws 339, pipeline compiles +0, vram 3211MB[0m
[lb]hitch]   prev: 7.1 7.1 7.1 7.1 7.1 7.1 7.1 7.1[0m
[lb]hitch VSYNC/PRESENT] 13.5ms (med 6.9, ×1.9) — present/vsync-bound (rest 10.7ms, gpu 0.5ms) | proc 2.3 rcpu 0.4 gpu 0.5 rest 10.7 | alloc 40KB | ticks 1, remote.ents 22 | watchdog: 2/3 samples in '(unscoped)'[0m
[portal] 'Portal_0' facing=True onScreen=True -> RENDER near=90.50 size=(640, 640) camQ=<1216, 298, 40> inO=<1216, 208, 32> inF=<-4.371139E-08, 1, 0>
[portal] dump portal0: camG=(-502, 88, -224) near=90.50 size=(640, 640) halfR=64 halfU=64 exitC=<-592, 224, 80>
[portal] 'Portal_1' facing=False onScreen=False -> RENDER near=0.05 size=(384, 384) camQ=<1216, 298, 40> inO=<-592, 224, 80> inF=<-1, -8.742278E-08, 0>
[portal] dump portal1: camG=(0, 0, 0) near=0.05 size=(384, 384) halfR=64 halfU=64 exitC=<1216, 208, 32>
[lb]hitch MIXED] 134.3ms (7 dropped @60Hz) (med 6.9, ×19.4) — mixed — ng.process 66.7ms | proc 68.1 rcpu 0.4 gpu 0.5 rest 65.9 | alloc 104KB | ticks 3, remote.ents 22 | watchdog: 25/41 samples in 'bot.path'[0m
[lb]hitch]   gpu: draws 339, pipeline compiles +0, vram 3211MB[0m
[lb]hitch]   prev: 6.9 6.9 6.9 6.9 6.9 6.9 6.9 6.9[0m
[lb]hitch EXTERNAL] 83.3ms (4 dropped @60Hz) (med 6.9, ×12.0) — rest-dominated, game-side quiet — OS/compositor/driver | proc 4.3 rcpu 0.4 gpu 0.5 rest 78.6 | alloc 138KB | ticks 3, remote.ents 22 | watchdog: 25/44 samples in 'bot.path'[0m
[lb]hitch EXTERNAL ×2] 34.1–83.3ms over 0.1s (med 6.9) — rest-dominated, game-side quiet — OS/compositor/driver[0m
[lb]hitch VSYNC/PRESENT] 13.2ms (med 6.9, ×1.9) — present/vsync-bound (rest 9.9ms, gpu 1.7ms) | proc 2.9 rcpu 0.4 gpu 1.7 rest 9.9 | alloc 40KB | ticks 1, remote.ents 22 | watchdog: 21/24 samples in 'bot.strategy'[0m
[portal] 'Portal_0' facing=True onScreen=True -> RENDER near=90.50 size=(640, 640) camQ=<1216, 298, 40> inO=<1216, 208, 32> inF=<-4.371139E-08, 1, 0>
[portal] dump portal0: camG=(-502, 88, -224) near=90.50 size=(640, 640) halfR=64 halfU=64 exitC=<-592, 224, 80>
[portal] 'Portal_1' facing=False onScreen=False -> RENDER near=0.05 size=(384, 384) camQ=<1216, 298, 40> inO=<-592, 224, 80> inF=<-1, -8.742278E-08, 0>
[portal] dump portal1: camG=(0, 0, 0) near=0.05 size=(384, 384) halfR=64 halfU=64 exitC=<1216, 208, 32>
[lb]hitch CPU-LOGIC] 134.3ms (7 dropped @60Hz) (med 6.9, ×19.3) — ng.process 96.0ms (typ 6.1ms, 16× over) | proc 97.4 rcpu 0.4 gpu 0.5 rest 36.5 | alloc 73KB | ticks 3, remote.ents 22 | watchdog: 37/57 samples in 'bot.path'[0m
[lb]hitch]   gpu: draws 339, pipeline compiles +0, vram 3211MB[0m
[lb]hitch]   prev: 6.9 6.9 6.9 6.9 6.9 6.9 6.9 6.9[0m
[lb]hitch PIPELINE-COMPILE] 119.2ms (6 dropped @60Hz) (med 6.9, ×17.2) — 1 pipeline compile(s) — SYNC[lb]surface+0 draw+0] async[lb]mesh+0 spec+0] canvas+1 | proc 4.2 rcpu 0.4 gpu 0.6 rest 114.5 | alloc 161KB | ticks 3, remote.ents 22 | watchdog: 37/64 samples in 'bot.path'[0m
[lb]hitch VSYNC/PRESENT] 14.2ms (med 6.9, ×2.0) — present/vsync-bound (rest 9.9ms, gpu 0.6ms) | proc 3.3 rcpu 1.0 gpu 0.6 rest 9.9 | alloc 48KB | ticks 3, remote.ents 22 | watchdog: 4/4 samples in '(unscoped)'[0m
[portal] 'Portal_0' facing=True onScreen=True -> RENDER near=90.50 size=(640, 640) camQ=<1216, 298, 40> inO=<1216, 208, 32> inF=<-4.371139E-08, 1, 0>
[portal] dump portal0: camG=(-502, 88, -224) near=90.50 size=(640, 640) halfR=64 halfU=64 exitC=<-592, 224, 80>
[portal] 'Portal_1' facing=False onScreen=False -> RENDER near=0.05 size=(384, 384) camQ=<1216, 298, 40> inO=<-592, 224, 80> inF=<-1, -8.742278E-08, 0>
[portal] dump portal1: camG=(0, 0, 0) near=0.05 size=(384, 384) halfR=64 halfU=64 exitC=<1216, 208, 32>
[lb]hitch EXTERNAL] 144.4ms (8 dropped @60Hz) (med 6.9, ×20.8) — rest-dominated, game-side quiet — OS/compositor/driver | proc 3.8 rcpu 0.6 gpu 0.6 rest 140.1 | alloc 48KB | ticks 3, remote.ents 22 | watchdog: 233/233 samples in '(unscoped)'[0m
[lb]hitch]   gpu: draws 592, pipeline compiles +0, vram 3220MB[0m
[lb]hitch]   prev: 6.7 6.7 6.7 6.7 6.7 6.7 6.7 6.7[0m
[lb]hitch VSYNC/PRESENT] 16.7ms (med 6.9, ×2.4) — present/vsync-bound (rest 13.3ms, gpu 0.5ms) | proc 3.0 rcpu 0.4 gpu 0.5 rest 13.3 | alloc 48KB | ticks 1, remote.ents 22 | watchdog: 5/10 samples in 'bot.strategy'[0m
[portal] 'Portal_0' facing=True onScreen=True -> RENDER near=90.50 size=(640, 640) camQ=<1216, 298, 40> inO=<1216, 208, 32> inF=<-4.371139E-08, 1, 0>
[portal] dump portal0: camG=(-502, 88, -224) near=90.50 size=(640, 640) halfR=64 halfU=64 exitC=<-592, 224, 80>
[portal] 'Portal_1' facing=False onScreen=False -> RENDER near=0.05 size=(384, 384) camQ=<1216, 298, 40> inO=<-592, 224, 80> inF=<-1, -8.742278E-08, 0>
[portal] dump portal1: camG=(0, 0, 0) near=0.05 size=(384, 384) halfR=64 halfU=64 exitC=<1216, 208, 32>
[lb]hitch VSYNC/PRESENT ×2] 13.3–16.7ms over 0.0s (med 6.9) — present/vsync-bound (rest 13.3ms, gpu 0.5ms)[0m
[lb]hitch EXTERNAL] 140.5ms (7 dropped @60Hz) (med 6.9, ×20.2) — rest-dominated, game-side quiet — OS/compositor/driver | proc 3.2 rcpu 0.4 gpu 0.5 rest 136.9 | alloc 48KB | ticks 3, remote.ents 22 | watchdog: 314/314 samples in '(unscoped)'[0m
[lb]hitch]   gpu: draws 339, pipeline compiles +0, vram 3220MB[0m
[lb]hitch]   prev: 6.9 6.9 6.9 6.9 6.9 6.9 6.9 6.9[0m
[lb]hitch VSYNC/PRESENT] 22.3ms (med 6.9, ×3.2) — present/vsync-bound (rest 18.6ms, gpu 0.5ms) | proc 3.2 rcpu 0.4 gpu 0.5 rest 18.6 | alloc 40KB | ticks 3, remote.ents 22 | watchdog: 11/14 samples in 'bot.strategy'[0m
[portal] 'Portal_0' facing=True onScreen=True -> RENDER near=90.50 size=(640, 640) camQ=<1216, 298, 40> inO=<1216, 208, 32> inF=<-4.371139E-08, 1, 0>
[portal] dump portal0: camG=(-502, 88, -224) near=90.50 size=(640, 640) halfR=64 halfU=64 exitC=<-592, 224, 80>
[portal] 'Portal_1' facing=False onScreen=False -> RENDER near=0.05 size=(384, 384) camQ=<1216, 298, 40> inO=<-592, 224, 80> inF=<-1, -8.742278E-08, 0>
[portal] dump portal1: camG=(0, 0, 0) near=0.05 size=(384, 384) halfR=64 halfU=64 exitC=<1216, 208, 32>
[lb]hitch VSYNC/PRESENT ×2] 15.3–22.3ms over 0.0s (med 6.9) — present/vsync-bound (rest 18.6ms, gpu 0.5ms)[0m
[lb]hitch EXTERNAL] 127.8ms (7 dropped @60Hz) (med 6.9, ×18.4) — rest-dominated, game-side quiet — OS/compositor/driver | proc 4.9 rcpu 0.4 gpu 0.6 rest 122.5 | alloc 40KB | ticks 3, remote.ents 22[0m
[lb]hitch]   gpu: draws 355, pipeline compiles +0, vram 3220MB[0m
[lb]hitch]   prev: 6.9 6.9 6.9 6.9 6.9 6.2 6.9 6.9[0m
[lb]hitch VSYNC/PRESENT] 13.0ms (med 6.9, ×1.9) — present/vsync-bound (rest 9.2ms, gpu 1.3ms) | proc 3.3 rcpu 0.5 gpu 1.3 rest 9.2 | alloc 187KB | ticks 3, remote.ents 22 | watchdog: 5/5 samples in '(unscoped)'[0m
[wz] cross client=True 'player' o <1230.1547, 206.15332, -7.968749>-><-593.8467, 209.84534, 40.03125> v <-217.70808, -316.20148, 0>-><-316.2015, 217.70807, 0> a <1.1264542, 215.12778, 0>-><1.1264648, 125.12778, 0> | in o=<1216, 208, 32> f=<-4.371139E-08, 1, 0> | out o=<-592, 224, 80> f=<-1, -8.742278E-08, 0>
[lb]hitch VSYNC/PRESENT ×3] 13.0–14.8ms over 0.0s (med 6.9) — present/vsync-bound (rest 9.2ms, gpu 1.3ms)[0m
[lb]hitch MIXED] 15.8ms (med 6.9, ×2.3) — mixed — ng.process 3.3ms | proc 7.5 rcpu 1.5 gpu 0.6 rest 6.8 | alloc 67.4MB | ticks 1, remote.ents 21[0m
[lb]hitch VSYNC/PRESENT] 14.7ms (med 6.9, ×2.1) — present/vsync-bound (rest 8.2ms, gpu 0.6ms) | proc 5.3 rcpu 1.2 gpu 0.6 rest 8.2 | alloc 36.0MB | ticks 2, remote.ents 21 | watchdog: 6/6 samples in '(unscoped)'[0m
[lb]hitch MIXED] 13.3ms (med 6.9, ×1.9) — mixed — proc:other 2.9ms | proc 5.3 rcpu 0.7 gpu 0.6 rest 7.3 | alloc 351KB | ticks 1, remote.ents 21 | watchdog: 3/3 samples in '(unscoped)'[0m
[lb]hitch VSYNC/PRESENT] 13.1ms (med 6.9, ×1.9) — present/vsync-bound (rest 8.0ms, gpu 0.5ms) | proc 4.3 rcpu 0.7 gpu 0.5 rest 8.0 | alloc 380KB | ticks 0, remote.ents 21 | watchdog: 3/3 samples in '(unscoped)'[0m
[lb]hitch MIXED] 13.3ms (med 6.9, ×1.9) — mixed — proc:other 2.7ms | proc 5.6 rcpu 0.7 gpu 0.6 rest 7.1 | alloc 246KB | ticks 1, remote.ents 21 | watchdog: 3/3 samples in '(unscoped)'[0m
[lb]hitch CPU-LOGIC] 18.0ms (med 6.9, ×2.6) — proc:other 6.0ms (typ 1.9ms, 3× over) | proc 13.4 rcpu 1.0 gpu 2.0 rest 3.6 | alloc 303KB | ticks 1, remote.ents 21 | watchdog: 3/5 samples in '(unscoped)'[0m
[lb]hitch VSYNC/PRESENT] 46.3ms (2 dropped @60Hz) (med 6.9, ×6.7) — present/vsync-bound (rest 32.2ms, gpu 2.5ms) | proc 13.0 rcpu 1.1 gpu 2.5 rest 32.2 | alloc 303KB | ticks 3, remote.ents 21 | watchdog: 3/6 samples in '(unscoped)'[0m
[lb]hitch VSYNC/PRESENT ×2] 26.8–46.3ms over 0.0s (med 6.9) — present/vsync-bound (rest 32.2ms, gpu 2.5ms)[0m
[lb]hitch CPU-LOGIC] 25.6ms (1 dropped @60Hz) (med 6.9, ×3.7) — ng.process 7.8ms | proc 18.0 rcpu 0.8 gpu 2.0 rest 6.8 | alloc 502KB | ticks 1, remote.ents 21 | watchdog: 2/7 samples in 'iqm.mesh'[0m
[lb]hitch VSYNC/PRESENT] 25.4ms (1 dropped @60Hz) (med 6.9, ×3.7) — present/vsync-bound (rest 15.8ms, gpu 1.8ms) | proc 8.7 rcpu 0.9 gpu 1.8 rest 15.8 | alloc 459KB | ticks 2, remote.ents 21[0m
[lb]hitch ASSET-BUILD] 14.5ms (med 6.9, ×2.1) — iqm.anims 258.5ms (asset build/upload) | proc 12.1 rcpu 0.6 gpu 1.9 rest 1.8 | alloc 29.9MB | ticks 1, remote.ents 21 | watchdog: 2/4 samples in '(unscoped)'[0m
[lb]frameprofile] scene: nodes 2893 objs-drawn 1782 draws 363 vram 3226MB[0m
[lb]frameprofile] census: Label 876  HBoxContainer 218  Control 157  Dependent 113  Button 110  CvarCheckBox 104  VBoxContainer 78  HSlider 62  CvarSlider 58  MarginContainer 52[0m
[lb]frameprofile] 495 frames: p50 6.9 p95 14.6 p99 132.9 p99.9 140.4ms (max 144.4) | 6 EXTERNAL, 1 ASSET-BUILD, 2 PIPELINE-COMPILE, 1 GC-PAUSE, 17 VSYNC/PRESENT, 4 CPU-LOGIC, 4 MIXED | alloc 171MB/s heap 781.6MB | proc 12.1 gpu 1.9[0m
[lb]frameprofile] ms/frame: ng.process 2.2  server.tick 1.8  sim.move 1.3  move.in 1.1  bot.think 1.0  bot.strategy 1.0  proc:other 0.9  iqm.anims 0.5  bot.path 0.3  cw.process 0.3[0m
[lb]hitch VSYNC/PRESENT] 24.8ms (med 6.9, ×3.6) — present/vsync-bound (rest 16.7ms, gpu 1.7ms) | proc 7.4 rcpu 0.7 gpu 1.7 rest 16.7 | alloc 1.2MB | ticks 2, remote.ents 21[0m
[lb]hitch VSYNC/PRESENT ×2] 14.2–24.8ms over 0.0s (med 6.9) — present/vsync-bound (rest 16.7ms, gpu 1.7ms)[0m
[lb]hitch ASSET-BUILD] 13.7ms (med 6.9, ×2.0) — stream.build 7.7ms (asset build/upload) | proc 13.1 rcpu 0.5 gpu 2.0 rest 0.0 | alloc 1.2MB | ticks 1, remote.ents 21 | watchdog: 3/6 samples in 'iqm.materials'[0m
[portal] 'Portal_0' facing=True onScreen=True -> RENDER near=90.50 size=(640, 640) camQ=<1216, 298, 40> inO=<1216, 208, 32> inF=<-4.371139E-08, 1, 0>
[portal] dump portal0: camG=(-502, 88, -224) near=90.50 size=(640, 640) halfR=64 halfU=64 exitC=<-592, 224, 80>
[portal] 'Portal_1' facing=False onScreen=False -> RENDER near=0.05 size=(384, 384) camQ=<1216, 298, 40> inO=<-592, 224, 80> inF=<-1, -8.742278E-08, 0>
[portal] dump portal1: camG=(0, 0, 0) near=0.05 size=(384, 384) halfR=64 halfU=64 exitC=<1216, 208, 32>
[lb]hitch ASSET-BUILD ×2] 13.7–16.7ms over 0.6s (med 6.9) — stream.build 7.7ms (asset build/upload)[0m
[lb]hitch EXTERNAL] 141.8ms (8 dropped @60Hz) (med 6.9, ×20.4) — rest-dominated, game-side quiet — OS/compositor/driver | proc 11.1 rcpu 0.7 gpu 1.9 rest 130.0 | alloc 1.3MB | ticks 3, remote.ents 21 | watchdog: 2/4 samples in 'iqm.materials'[0m
[lb]hitch]   gpu: draws 339, pipeline compiles +0, vram 3293MB[0m
[lb]hitch]   events: [lb]-7f] stream: idle-warm models/player/megaerebus.iqm tex textures/megaerebus_shirt built (0.0ms); [lb]-7f] stream: idle-warm models/player/megaerebus.iqm tex textures/megaerebus_pants built (0.0ms); [lb]-7f] stream: idle-warm models/player/megaerebus.iqm tex textures/shadowheadfb built (0.0ms); [lb]-7f] stream: idle-warm models/player/megaerebus.iqm tex textures/shadowheadfb_norm built (0.0ms); [lb]-7f] stream: idle-warm models/player/megaerebus.iqm tex textures/shadowheadfb_gloss built (0.0ms); [lb]-7f] stream: idle-warm models/player/megaerebus.iqm tex textures/shadowheadfb_glow built (0.0ms); [lb]-7f] stream: idle-warm models/player/megaerebus.iqm tex textures/shadowheadfb_reflect built (0.0ms); [lb]-7f] stream: idle-warm models/player/megaerebus.iqm tex textures/shadowheadfb_shirt built (0.0ms); [lb]-7f] stream: idle-warm models/player/megaerebus.iqm tex textures/shadowheadfb_pants built (0.0ms); [lb]-7f] warm: GPU warm pass done (1 instances); [lb]-6f] warm: GPU warm pass done (1 instances); [lb]-5f] warm: GPU warm pass done (1 instances); [lb]-4f] warm: GPU warm pass done (1 instances); [lb]-3f] stream: idle-warm models/player/megaerebus.iqm tex textures/megaerebus_reflect built (4.2ms); [lb]-2f] stream: idle-warm models/player/megaerebus.iqm tex textures/megaerebus_glow built (7.7ms); [lb]-1f] stream: idle-warm models/player/megaerebus.iqm tex textures/megaerebus built (7.5ms); stream: idle-warm models/player/megaerebus.iqm tex textures/megaerebus_norm built (5.9ms)[0m
[lb]hitch]   prev: 24.8 14.2 9.4 11.4 11.7 9.6 13.7 16.7[0m
[lb]hitch CPU-LOGIC] 23.6ms (med 6.9, ×3.4) — ng.process 11.3ms (typ 2.8ms, 4× over) | proc 23.6 rcpu 0.5 gpu 1.8 rest 0.0 | alloc 2.2MB | ticks 3, remote.ents 21 | watchdog: 4/14 samples in 'iqm.materials'[0m
[lb]hitch EXTERNAL] 33.3ms (1 dropped @60Hz) (med 6.9, ×4.8) — rest-dominated, game-side quiet — OS/compositor/driver | proc 4.8 rcpu 0.5 gpu 3.6 rest 28.0 | alloc 1.4MB | ticks 3, remote.ents 21 | watchdog: 6/17 samples in '(unscoped)'[0m
[IdleWarmer] asset warm queue drained — full asset set is hot.
[portal] 'Portal_0' facing=True onScreen=True -> RENDER near=90.50 size=(640, 640) camQ=<1216, 298, 40> inO=<1216, 208, 32> inF=<-4.371139E-08, 1, 0>
[portal] dump portal0: camG=(-502, 88, -224) near=90.50 size=(640, 640) halfR=64 halfU=64 exitC=<-592, 224, 80>
[portal] 'Portal_1' facing=False onScreen=False -> RENDER near=0.05 size=(384, 384) camQ=<1216, 298, 40> inO=<-592, 224, 80> inF=<-1, -8.742278E-08, 0>
[portal] dump portal1: camG=(0, 0, 0) near=0.05 size=(384, 384) halfR=64 halfU=64 exitC=<1216, 208, 32>
[lb]hitch EXTERNAL ×2] 33.3–140.4ms over 0.9s (med 6.9) — rest-dominated, game-side quiet — OS/compositor/driver[0m
[lb]hitch VSYNC/PRESENT] 14.0ms (med 6.9, ×2.0) — present/vsync-bound (rest 11.4ms, gpu 1.4ms) | proc 2.3 rcpu 0.4 gpu 1.4 rest 11.4 | alloc 40KB | ticks 1, remote.ents 21 | watchdog: 10/14 samples in 'bot.strategy'[0m
[lb]hitch]   gpu: draws 339, pipeline compiles +0, vram 3336MB[0m
[lb]hitch]   prev: 6.9 6.9 6.9 6.9 6.9 6.9 6.9 6.9[0m
[portal] 'Portal_0' facing=True onScreen=True -> RENDER near=90.50 size=(640, 640) camQ=<1216, 298, 40> inO=<1216, 208, 32> inF=<-4.371139E-08, 1, 0>
[portal] dump portal0: camG=(-502, 88, -224) near=90.50 size=(640, 640) halfR=64 halfU=64 exitC=<-592, 224, 80>
[portal] 'Portal_1' facing=False onScreen=False -> RENDER near=0.05 size=(384, 384) camQ=<1216, 298, 40> inO=<-592, 224, 80> inF=<-1, -8.742278E-08, 0>
[portal] dump portal1: camG=(0, 0, 0) near=0.05 size=(384, 384) halfR=64 halfU=64 exitC=<1216, 208, 32>
[lb]hitch VSYNC/PRESENT ×2] 14.0–14.6ms over 0.2s (med 7.0) — present/vsync-bound (rest 11.4ms, gpu 1.4ms)[0m
[lb]hitch EXTERNAL] 142.5ms (8 dropped @60Hz) (med 7.0, ×20.5) — rest-dominated, game-side quiet — OS/compositor/driver | proc 3.4 rcpu 0.4 gpu 0.6 rest 138.6 | alloc 40KB | ticks 3, remote.ents 21 | watchdog: 310/310 samples in '(unscoped)'[0m
[portal] 'Portal_0' facing=True onScreen=True -> RENDER near=90.50 size=(640, 640) camQ=<1216, 298, 40> inO=<1216, 208, 32> inF=<-4.371139E-08, 1, 0>
[portal] dump portal0: camG=(-502, 88, -224) near=90.50 size=(640, 640) halfR=64 halfU=64 exitC=<-592, 224, 80>
[portal] 'Portal_1' facing=False onScreen=False -> RENDER near=0.05 size=(384, 384) camQ=<1216, 298, 40> inO=<-592, 224, 80> inF=<-1, -8.742278E-08, 0>
[portal] dump portal1: camG=(0, 0, 0) near=0.05 size=(384, 384) halfR=64 halfU=64 exitC=<1216, 208, 32>
[lb]hitch EXTERNAL] 142.9ms (8 dropped @60Hz) (med 6.9, ×20.6) — rest-dominated, game-side quiet — OS/compositor/driver | proc 3.7 rcpu 0.4 gpu 1.2 rest 138.7 | alloc 40KB | ticks 3, remote.ents 21 | watchdog: 312/312 samples in '(unscoped)'[0m
[lb]hitch]   gpu: draws 346, pipeline compiles +0, vram 3336MB[0m
[lb]hitch]   prev: 6.9 6.9 6.9 6.9 6.9 6.9 6.9 6.9[0m
[lb]hitch VSYNC/PRESENT] 12.9ms (med 7.0, ×1.9) — present/vsync-bound (rest 8.7ms, gpu 0.6ms) | proc 3.7 rcpu 0.5 gpu 0.6 rest 8.7 | alloc 48KB | ticks 3, remote.ents 21[0m
[portal] 'Portal_0' facing=True onScreen=True -> RENDER near=90.50 size=(640, 640) camQ=<1216, 298, 40> inO=<1216, 208, 32> inF=<-4.371139E-08, 1, 0>
[portal] dump portal0: camG=(-502, 88, -224) near=90.50 size=(640, 640) halfR=64 halfU=64 exitC=<-592, 224, 80>
[portal] 'Portal_1' facing=False onScreen=False -> RENDER near=0.05 size=(384, 384) camQ=<1216, 298, 40> inO=<-592, 224, 80> inF=<-1, -8.742278E-08, 0>
[portal] dump portal1: camG=(0, 0, 0) near=0.05 size=(384, 384) halfR=64 halfU=64 exitC=<1216, 208, 32>
[lb]hitch VSYNC/PRESENT ×2] 12.9–15.8ms over 0.0s (med 6.9) — present/vsync-bound (rest 8.7ms, gpu 0.6ms)[0m
[lb]hitch EXTERNAL] 127.7ms (7 dropped @60Hz) (med 6.9, ×18.4) — rest-dominated, game-side quiet — OS/compositor/driver | proc 4.3 rcpu 0.5 gpu 0.6 rest 122.9 | alloc 40KB | ticks 3, remote.ents 21 | watchdog: 328/328 samples in '(unscoped)'[0m
[lb]hitch]   gpu: draws 354, pipeline compiles +0, vram 3336MB[0m
[lb]hitch]   prev: 6.9 6.9 6.9 6.9 6.9 6.9 6.9 6.9[0m
[lb]hitch VSYNC/PRESENT] 16.7ms (med 6.9, ×2.4) — present/vsync-bound (rest 13.5ms, gpu 0.6ms) | proc 2.7 rcpu 0.5 gpu 0.6 rest 13.5 | alloc 139KB | ticks 3, remote.ents 21[0m
[lb]hitch VSYNC/PRESENT ×2] 12.9–16.7ms over 0.0s (med 6.9) — present/vsync-bound (rest 13.5ms, gpu 0.6ms)[0m
[lb]hitch CPU-LOGIC] 54.4ms (2 dropped @60Hz) (med 6.9, ×7.8) — ng.process 45.6ms (typ 5.5ms, 8× over) | proc 46.7 rcpu 0.6 gpu 1.8 rest 7.2 | alloc 40KB | ticks 3, remote.ents 21 | watchdog: 14/27 samples in 'bot.path'[0m
[lb]hitch EXTERNAL] 51.1ms (2 dropped @60Hz) (med 6.9, ×7.4) — rest-dominated, game-side quiet — OS/compositor/driver | proc 3.9 rcpu 0.5 gpu 1.8 rest 46.6 | alloc 80KB | ticks 3, remote.ents 21 | watchdog: 14/29 samples in 'bot.path'[0m
[portal] 'Portal_0' facing=True onScreen=True -> RENDER near=90.50 size=(640, 640) camQ=<1216, 298, 40> inO=<1216, 208, 32> inF=<-4.371139E-08, 1, 0>
[portal] dump portal0: camG=(-502, 88, -224) near=90.50 size=(640, 640) halfR=64 halfU=64 exitC=<-592, 224, 80>
[portal] 'Portal_1' facing=False onScreen=False -> RENDER near=0.05 size=(384, 384) camQ=<1216, 298, 40> inO=<-592, 224, 80> inF=<-1, -8.742278E-08, 0>
[portal] dump portal1: camG=(0, 0, 0) near=0.05 size=(384, 384) halfR=64 halfU=64 exitC=<1216, 208, 32>
[lb]hitch EXTERNAL ×3] 26.9–144.0ms over 0.6s (med 6.9) — rest-dominated, game-side quiet — OS/compositor/driver[0m
[lb]hitch VSYNC/PRESENT] 15.0ms (med 6.9, ×2.2) — present/vsync-bound (rest 11.4ms, gpu 2.0ms) | proc 3.1 rcpu 0.5 gpu 2.0 rest 11.4 | alloc 40KB | ticks 3, remote.ents 21[0m
[lb]hitch]   gpu: draws 354, pipeline compiles +0, vram 3336MB[0m
[lb]hitch]   prev: 6.9 6.9 6.9 6.9 6.9 6.9 144.0 7.4[0m
[portal] 'Portal_0' facing=True onScreen=True -> RENDER near=90.50 size=(640, 640) camQ=<1216, 298, 40> inO=<1216, 208, 32> inF=<-4.371139E-08, 1, 0>
[portal] dump portal0: camG=(-502, 88, -224) near=90.50 size=(640, 640) halfR=64 halfU=64 exitC=<-592, 224, 80>
[portal] 'Portal_1' facing=False onScreen=False -> RENDER near=0.05 size=(384, 384) camQ=<1216, 298, 40> inO=<-592, 224, 80> inF=<-1, -8.742278E-08, 0>
[portal] dump portal1: camG=(0, 0, 0) near=0.05 size=(384, 384) halfR=64 halfU=64 exitC=<1216, 208, 32>
[lb]hitch VSYNC/PRESENT ×2] 14.1–15.0ms over 0.0s (med 6.9) — present/vsync-bound (rest 11.4ms, gpu 2.0ms)[0m
[lb]hitch EXTERNAL] 133.3ms (7 dropped @60Hz) (med 6.9, ×19.2) — rest-dominated, game-side quiet — OS/compositor/driver | proc 3.9 rcpu 0.4 gpu 0.5 rest 128.9 | alloc 48KB | ticks 3, remote.ents 21 | watchdog: 311/311 samples in '(unscoped)'[0m
[lb]hitch]   gpu: draws 358, pipeline compiles +0, vram 3336MB[0m
[lb]hitch]   prev: 6.9 6.9 6.9 6.9 6.9 6.9 6.9 6.9[0m
[lb]hitch VSYNC/PRESENT] 16.7ms (med 6.9, ×2.4) — present/vsync-bound (rest 12.5ms, gpu 0.5ms) | proc 3.7 rcpu 0.5 gpu 0.5 rest 12.5 | alloc 177KB | ticks 3, remote.ents 21 | watchdog: 3/3 samples in '(unscoped)'[0m
[lb]hitch EXTERNAL] 99.9ms (5 dropped @60Hz) (med 6.9, ×14.4) — rest-dominated, game-side quiet — OS/compositor/driver | proc 2.8 rcpu 0.5 gpu 0.5 rest 96.6 | alloc 40KB | ticks 3, remote.ents 21 | watchdog: 28/58 samples in 'bot.path'[0m
[lb]hitch VSYNC/PRESENT] 16.7ms (med 6.9, ×2.4) — present/vsync-bound (rest 12.0ms, gpu 0.5ms) | proc 4.1 rcpu 0.5 gpu 0.5 rest 12.0 | alloc 64KB | ticks 3, remote.ents 21[0m
[portal] 'Portal_0' facing=True onScreen=True -> RENDER near=90.50 size=(640, 640) camQ=<1216, 298, 40> inO=<1216, 208, 32> inF=<-4.371139E-08, 1, 0>
[portal] dump portal0: camG=(-502, 88, -224) near=90.50 size=(640, 640) halfR=64 halfU=64 exitC=<-592, 224, 80>
[portal] 'Portal_1' facing=False onScreen=False -> RENDER near=0.05 size=(384, 384) camQ=<1216, 298, 40> inO=<-592, 224, 80> inF=<-1, -8.742278E-08, 0>
[portal] dump portal1: camG=(0, 0, 0) near=0.05 size=(384, 384) halfR=64 halfU=64 exitC=<1216, 208, 32>
[lb]hitch VSYNC/PRESENT ×2] 16.7–19.6ms over 0.1s (med 6.9) — present/vsync-bound (rest 12.0ms, gpu 0.5ms)[0m
[lb]hitch EXTERNAL] 143.8ms (8 dropped @60Hz) (med 6.9, ×20.7) — rest-dominated, game-side quiet — OS/compositor/driver | proc 34.2 rcpu 0.4 gpu 0.5 rest 109.2 | alloc 48KB | ticks 3, remote.ents 21 | watchdog: 17/19 samples in 'bot.strategy'[0m
[lb]hitch]   gpu: draws 358, pipeline compiles +0, vram 3336MB[0m
[lb]hitch]   prev: 6.9 6.9 6.9 6.9 6.9 6.9 6.9 6.9[0m
[lb]hitch EXTERNAL ×2] 39.7–143.8ms over 0.0s (med 6.9) — rest-dominated, game-side quiet — OS/compositor/driver[0m
[lb]hitch VSYNC/PRESENT] 14.6ms (med 6.9, ×2.1) — present/vsync-bound (rest 11.0ms, gpu 0.5ms) | proc 3.1 rcpu 0.5 gpu 0.5 rest 11.0 | alloc 40KB | ticks 3, remote.ents 21 | watchdog: 17/21 samples in 'bot.strategy'[0m
=== frame profiler session summary (41s, 1208 frames) ===[0m
  fps: avg 80.5  1%low 7  0.1%low 7  (median 6.9ms, worst 150.0ms)[0m
  hitches: 71 total — 23 EXTERNAL, 3 ASSET-BUILD, 2 PIPELINE-COMPILE, 1 GC-PAUSE, 32 VSYNC/PRESENT, 6 CPU-LOGIC, 4 MIXED[0m
    worst[lb]1]: 144.4ms EXTERNAL (ng.process) @ t=31.0s[0m
    worst[lb]2]: 144.0ms EXTERNAL (ng.process) @ t=39.1s[0m
    worst[lb]3]: 143.8ms EXTERNAL (ng.process) @ t=41.2s[0m
    worst[lb]4]: 142.9ms EXTERNAL (ng.process) @ t=37.1s[0m
    worst[lb]5]: 142.5ms EXTERNAL (ng.process) @ t=36.1s[0m
  gc: g0+83 g1+59 g2+34, total pause 259ms[0m
  alloc: 2.7GB total, 4MB/s recent, peak 434.2MB in one frame @ t=6.2s, heap 828.0MB[0m
