Godot Engine v4.6.3.stable.mono.official.7d41c59c4 - https://godotengine.org
Vulkan 1.4.341 - Forward+ - Using Device #0: NVIDIA - NVIDIA GeForce RTX 3080

[lb]frameprofiler] env: managed-debugger=False godot-context=debug csharp=Debug vsync=Enabled maxfps=0 refresh=60Hz cpu=24c gpu=NVIDIA GeForce RTX 3080[0m
[lb]frameprofiler] columns: proc=all _Process CPU | rcpu=render-thread submit | gpu=main viewport GPU | rest=present/vsync/stall (ms-proc-rcpu) | alloc=managed garbage/frame | pipe=shader-pipeline compiles[0m
=== XonoticGodot boot ===[0m
Weapons:   27[0m
Items:     21[0m
Mutators:  46[0m
GameTypes: 20[0m
[lb]MenuState] config: 6462 cvars from 25 cfg files (374 aliases, 0 missing).[0m
[lb]shell] --cvar sv_warpzone_trace = "1"[0m
[lb]shell] --cvar wz_portal_force = "1"[0m
[lb]shell] --cvar wz_portal_dump = "1"[0m
[lb]shell] --cvar wz_portal_lookat = "1"[0m
[lb]video] vid_vsync 2 → requested Mailbox, actual Mailbox[0m
[lb]video] cl_maxfps 256 -> Engine.MaxFps 144 (refresh 60Hz)[0m
[lb]video] process priority AboveNormal (sys_priority_boost 1)[0m
[MenuCommand] 'playerstats_update' has no client backend yet (inert).
[lb]Shell] hosting listen server: gametype=dm map=stormkeep bots=0 skill=0 timelimit=0 fraglimit=0[0m
[AssetSystem] loaded 2439 shaders from 185 scripts.
[NetTransport.Server] listening on UDP 26000 (max 16).
[ServerNet] LAN discovery: answering getinfo on UDP 26001 (game port 26000).
[NetTransport.Client] connecting to 127.0.0.1:26000 …
[EffectSystem] effectinfo: 301 effects, particlefont atlas: loaded, style overlay: 0 effects
[Particles] backend=original (cl_particles_modern=0)
[AssetLoader] model 'models/items/buff.md3' read failed: Asset not found in any mount: "models/items/buff.md3".
[AssetLoader] 'models/casing_shell.mdl' is not a known model (magic "IDPO?").
[MapLoader] occluder: 90016 verts / 107956 tris (r_occlusion_cull A/B)
[MapLoader] 'stormkeep' materials: lightmapped=34 vertexLit=3 plain=8 glow=4 normalMapped=34 (deluxe=True, internalPages=0, atlas=1p, cellSize=131072, cells=8, surfaces=188)
[MapLoader] 'stormkeep' portal surfaces: 2 (from 2 faces), pocket decor: 5 (from 5 faces)
[DecalSplats] geometry: 106027 render triangles, 502 grid cells
[Skybox] loaded 'env/extragalactic/asteroids'.
[PortalRenderer] 2 live portal(s)
[portal] 'Portal_0' facing=True onScreen=False -> RENDER near=0.05 size=(384, 384) camQ=<1216, 298, 40> inO=<1216, 208, 32> inF=<-4.371139E-08, 1, 0>
[portal] dump portal0: camG=(0, 0, 0) near=0.05 size=(384, 384) halfR=64 halfU=64 exitC=<-592, 224, 80>
[portal-scan] '/root/Main/Shell/ListenServer/Map/Portals/PortalDecor_4' visible=True layers=80001 aabb=(1152, -32, -144)+(128, 128, 1.5258789E-05) mat=ShaderMaterial
[portal-scan] '/root/Main/Shell/ListenServer/Map/Portals/PortalDecor_2' visible=True layers=80001 aabb=(1152, -32, -208.25)+(128, 128, 1.5258789E-05) mat=StandardMaterial3D
[portal-scan] '/root/Main/Shell/ListenServer/Map/Portals/Portal_0' visible=True layers=80001 aabb=(1152, -32, -208)+(128, 128, 1.5258789E-05) mat=ShaderMaterial(override)
[portal-scan] '/root/Main/Shell/ListenServer/Map/Geometry_0_-1_0' visible=True layers=1 aabb=(-832, -640, -160)+(2752, 928, 1376) mat=ShaderMaterial
[portal-scan] '/root/Main/Shell/ListenServer/Map/Geometry_0_0_-1' visible=True layers=1 aabb=(-272, -64, -1472)+(2064, 666.625, 1680) mat=ShaderMaterial
[portal-scan] '/root/Main/Shell/ListenServer/Map/Geometry_0_-1_-1' visible=True layers=1 aabb=(-256, -256, -1408.0007)+(2048, 288, 1504.0007) mat=StandardMaterial3D
[portal-scan] '/root/Main/Shell/ListenServer/Map/Geometry_0_0_0' visible=True layers=1 aabb=(-384, -288, -192)+(2304, 864, 1472) mat=ShaderMaterial
[portal] 'Portal_1' facing=False onScreen=False -> RENDER near=0.05 size=(384, 384) camQ=<1216, 298, 40> inO=<-592, 224, 80> inF=<-1, -8.742278E-08, 0>
[portal] dump portal1: camG=(0, 0, 0) near=0.05 size=(384, 384) halfR=64 halfU=64 exitC=<1216, 208, 32>
[NetGame] map music: 'cdtracks/track005' (from mapinfo/worldspawn)
[portal] 'Portal_0' facing=True onScreen=True -> RENDER near=90.50 size=(384, 384) camQ=<1216, 298, 40> inO=<1216, 208, 32> inF=<-4.371139E-08, 1, 0>
[portal] dump portal0: camG=(-502, 88, -224) near=90.50 size=(384, 384) halfR=64 halfU=64 exitC=<-592, 224, 80>
[portal] 'Portal_1' facing=False onScreen=False -> RENDER near=1.50 size=(384, 384) camQ=<1216, 298, 40> inO=<-592, 224, 80> inF=<-1, -8.742278E-08, 0>
[portal] dump portal1: camG=(1142.0001, -8, -2016) near=1.50 size=(384, 384) halfR=64 halfU=64 exitC=<1216, 208, 32>
[portal] 'Portal_0' facing=True onScreen=True -> RENDER near=90.50 size=(384, 384) camQ=<1216, 298, 40> inO=<1216, 208, 32> inF=<-4.371139E-08, 1, 0>
[portal] dump portal0: camG=(-502, 88, -224) near=90.50 size=(384, 384) halfR=64 halfU=64 exitC=<-592, 224, 80>
[portal] 'Portal_1' facing=False onScreen=False -> RENDER near=1.50 size=(384, 384) camQ=<1216, 298, 40> inO=<-592, 224, 80> inF=<-1, -8.742278E-08, 0>
[portal] dump portal1: camG=(1142.0001, -8, -2016) near=1.50 size=(384, 384) halfR=64 halfU=64 exitC=<1216, 208, 32>
[portal] 'Portal_0' facing=True onScreen=True -> RENDER near=90.50 size=(384, 384) camQ=<1216, 298, 40> inO=<1216, 208, 32> inF=<-4.371139E-08, 1, 0>
[portal] dump portal0: camG=(-502, 88, -224) near=90.50 size=(384, 384) halfR=64 halfU=64 exitC=<-592, 224, 80>
[portal] 'Portal_1' facing=False onScreen=False -> RENDER near=1.50 size=(384, 384) camQ=<1216, 298, 40> inO=<-592, 224, 80> inF=<-1, -8.742278E-08, 0>
[portal] dump portal1: camG=(1142.0001, -8, -2016) near=1.50 size=(384, 384) halfR=64 halfU=64 exitC=<1216, 208, 32>
[portal] 'Portal_0' facing=True onScreen=True -> RENDER near=90.50 size=(384, 384) camQ=<1216, 298, 40> inO=<1216, 208, 32> inF=<-4.371139E-08, 1, 0>
[portal] dump portal0: camG=(-502, 88, -224) near=90.50 size=(384, 384) halfR=64 halfU=64 exitC=<-592, 224, 80>
[portal] 'Portal_1' facing=False onScreen=False -> RENDER near=1.50 size=(384, 384) camQ=<1216, 298, 40> inO=<-592, 224, 80> inF=<-1, -8.742278E-08, 0>
[portal] dump portal1: camG=(1142.0001, -8, -2016) near=1.50 size=(384, 384) halfR=64 halfU=64 exitC=<1216, 208, 32>
[NetGame] precached 24 weapon models, skipped 0 (lazy), 24 muzzle tags.
[portal] 'Portal_0' facing=True onScreen=True -> RENDER near=90.50 size=(384, 384) camQ=<1216, 298, 40> inO=<1216, 208, 32> inF=<-4.371139E-08, 1, 0>
[portal] dump portal0: camG=(-502, 88, -224) near=90.50 size=(384, 384) halfR=64 halfU=64 exitC=<-592, 224, 80>
[portal] 'Portal_1' facing=False onScreen=False -> RENDER near=1.50 size=(384, 384) camQ=<1216, 298, 40> inO=<-592, 224, 80> inF=<-1, -8.742278E-08, 0>
[portal] dump portal1: camG=(1142.0001, -8, -2016) near=1.50 size=(384, 384) halfR=64 halfU=64 exitC=<1216, 208, 32>
[portal] 'Portal_0' facing=True onScreen=True -> RENDER near=90.50 size=(384, 384) camQ=<1216, 298, 40> inO=<1216, 208, 32> inF=<-4.371139E-08, 1, 0>
[portal] dump portal0: camG=(-502, 88, -224) near=90.50 size=(384, 384) halfR=64 halfU=64 exitC=<-592, 224, 80>
[portal] 'Portal_1' facing=False onScreen=False -> RENDER near=1.50 size=(384, 384) camQ=<1216, 298, 40> inO=<-592, 224, 80> inF=<-1, -8.742278E-08, 0>
[portal] dump portal1: camG=(1142.0001, -8, -2016) near=1.50 size=(384, 384) halfR=64 halfU=64 exitC=<1216, 208, 32>
[portal] 'Portal_0' facing=True onScreen=True -> RENDER near=90.50 size=(384, 384) camQ=<1216, 298, 40> inO=<1216, 208, 32> inF=<-4.371139E-08, 1, 0>
[portal] dump portal0: camG=(-502, 88, -224) near=90.50 size=(384, 384) halfR=64 halfU=64 exitC=<-592, 224, 80>
[portal] 'Portal_1' facing=False onScreen=False -> RENDER near=1.50 size=(384, 384) camQ=<1216, 298, 40> inO=<-592, 224, 80> inF=<-1, -8.742278E-08, 0>
[portal] dump portal1: camG=(1142.0001, -8, -2016) near=1.50 size=(384, 384) halfR=64 halfU=64 exitC=<1216, 208, 32>
[portal] 'Portal_0' facing=True onScreen=True -> RENDER near=90.50 size=(384, 384) camQ=<1216, 298, 40> inO=<1216, 208, 32> inF=<-4.371139E-08, 1, 0>
[portal] dump portal0: camG=(-502, 88, -224) near=90.50 size=(384, 384) halfR=64 halfU=64 exitC=<-592, 224, 80>
[portal] 'Portal_1' facing=False onScreen=False -> RENDER near=1.50 size=(384, 384) camQ=<1216, 298, 40> inO=<-592, 224, 80> inF=<-1, -8.742278E-08, 0>
[portal] dump portal1: camG=(1142.0001, -8, -2016) near=1.50 size=(384, 384) halfR=64 halfU=64 exitC=<1216, 208, 32>
[portal] 'Portal_0' facing=True onScreen=True -> RENDER near=90.50 size=(384, 384) camQ=<1216, 298, 40> inO=<1216, 208, 32> inF=<-4.371139E-08, 1, 0>
[portal] dump portal0: camG=(-502, 88, -224) near=90.50 size=(384, 384) halfR=64 halfU=64 exitC=<-592, 224, 80>
[portal] 'Portal_1' facing=False onScreen=False -> RENDER near=1.50 size=(384, 384) camQ=<1216, 298, 40> inO=<-592, 224, 80> inF=<-1, -8.742278E-08, 0>
[portal] dump portal1: camG=(1142.0001, -8, -2016) near=1.50 size=(384, 384) halfR=64 halfU=64 exitC=<1216, 208, 32>
[NetGame] precached 36 combat sounds, 10 player models (rendered for pipeline warm).
[NetGame] listen server on 127.0.0.1:26000 (map 'stormkeep', dm, 0 bots) — self-connecting.
[ServerNet] peer 480825462 connected (awaiting handshake).
[ServerNet] peer 480825462 accepted as 'player' (netId 480825462, id 75bcff25).
[ClientNet] handshake accepted by 'Xonotic  Server': netId 1, tickrate 72 Hz.
[NetGame] handshake accepted by 'Xonotic  Server': netId 1.
[portal] 'Portal_0' facing=True onScreen=True -> RENDER near=90.50 size=(384, 384) camQ=<1216, 298, 40> inO=<1216, 208, 32> inF=<-4.371139E-08, 1, 0>
[portal] dump portal0: camG=(-502, 88, -224) near=90.50 size=(384, 384) halfR=64 halfU=64 exitC=<-592, 224, 80>
[portal] 'Portal_1' facing=False onScreen=False -> RENDER near=1.50 size=(384, 384) camQ=<1216, 298, 40> inO=<-592, 224, 80> inF=<-1, -8.742278E-08, 0>
[portal] dump portal1: camG=(1142.0001, -8, -2016) near=1.50 size=(384, 384) halfR=64 halfU=64 exitC=<1216, 208, 32>
[wzview] authoritative snap -> <0, 135, 0>
[lb]hitch EXTERNAL] 57.1ms (2 dropped @60Hz) (med 6.9, ×8.2) — rest-dominated, game-side quiet — OS/compositor/driver | proc 7.2 rcpu 0.4 gpu 0.4 rest 49.5 | alloc 836KB | ticks 3, remote.ents 21 | watchdog: 2/3 samples in '(unscoped)'[0m
[lb]hitch]   gpu: draws 307, pipeline compiles +0, vram 3211MB[0m
[lb]hitch]   events: [lb]-1f] net: PREDICTION DESYNC 1067qu (predicted vs acked-replay origin)[0m
[lb]hitch]   prev: 6.9 6.9 6.9 6.9 6.9 6.9 6.9 6.9[0m
[lb]hitch EXTERNAL ×2] 27.6–57.1ms over 0.0s (med 6.9) — rest-dominated, game-side quiet — OS/compositor/driver[0m
[lb]hitch VSYNC/PRESENT] 12.5ms (med 6.9, ×1.8) — present/vsync-bound (rest 10.3ms, gpu 0.4ms) | proc 1.8 rcpu 0.4 gpu 0.4 rest 10.3 | alloc 76KB | ticks 1, remote.ents 21[0m
[portal] 'Portal_0' facing=True onScreen=True -> RENDER near=90.50 size=(384, 384) camQ=<1216, 298, 40> inO=<1216, 208, 32> inF=<-4.371139E-08, 1, 0>
[portal] dump portal0: camG=(-502, 88, -224) near=90.50 size=(384, 384) halfR=64 halfU=64 exitC=<-592, 224, 80>
[portal] 'Portal_1' facing=False onScreen=False -> RENDER near=1.50 size=(384, 384) camQ=<1216, 298, 40> inO=<-592, 224, 80> inF=<-1, -8.742278E-08, 0>
[portal] dump portal1: camG=(1142.0001, -8, -2016) near=1.50 size=(384, 384) halfR=64 halfU=64 exitC=<1216, 208, 32>
[lb]hitch EXTERNAL] 137.9ms (7 dropped @60Hz) (med 6.9, ×19.9) — rest-dominated, game-side quiet — OS/compositor/driver | proc 2.3 rcpu 0.4 gpu 0.4 rest 135.2 | alloc 40KB | ticks 3, remote.ents 21 | watchdog: 216/216 samples in '(unscoped)'[0m
[portal] 'Portal_0' facing=True onScreen=True -> RENDER near=90.50 size=(384, 384) camQ=<1216, 298, 40> inO=<1216, 208, 32> inF=<-4.371139E-08, 1, 0>
[portal] dump portal0: camG=(-502, 88, -224) near=90.50 size=(384, 384) halfR=64 halfU=64 exitC=<-592, 224, 80>
[portal] 'Portal_1' facing=False onScreen=False -> RENDER near=1.50 size=(384, 384) camQ=<1216, 298, 40> inO=<-592, 224, 80> inF=<-1, -8.742278E-08, 0>
[portal] dump portal1: camG=(1142.0001, -8, -2016) near=1.50 size=(384, 384) halfR=64 halfU=64 exitC=<1216, 208, 32>
[lb]hitch EXTERNAL] 146.8ms (8 dropped @60Hz) (med 6.9, ×21.1) — rest-dominated, game-side quiet — OS/compositor/driver | proc 2.0 rcpu 0.4 gpu 0.7 rest 144.4 | alloc 88KB | ticks 3, remote.ents 21 | watchdog: 219/219 samples in '(unscoped)'[0m
[lb]hitch]   gpu: draws 340, pipeline compiles +0, vram 3211MB[0m
[lb]hitch]   prev: 6.9 6.9 6.9 6.9 6.9 6.9 6.9 6.9[0m
[lb]frameprofile] scene: nodes 2852 objs-drawn 1686 draws 340 vram 3211MB[0m
[lb]frameprofile] census: Label 876  HBoxContainer 218  Control 157  Dependent 113  Button 110  CvarCheckBox 104  VBoxContainer 78  HSlider 62  CvarSlider 58  MarginContainer 52[0m
[lb]frameprofile] 245 frames: p50 6.9 p95 133.6 p99 145.6 p99.9 147.6ms (max 148.4) | 4 EXTERNAL, 1 VSYNC/PRESENT | alloc 304MB/s heap 213.5MB | proc 2.0 gpu 0.7[0m
[lb]frameprofile] ms/frame: iqm.mesh 31.2  iqm.materials 30.7  iqm.anims 5.6  proc:other 5.5  cev.process 1.4  ng.process 1.3  server.tick 0.7  net.send 0.3  net.poll 0.1  cw.process 0.1[0m
[lb]hitch VSYNC/PRESENT] 16.7ms (med 6.9, ×2.4) — present/vsync-bound (rest 14.4ms, gpu 0.8ms) | proc 1.9 rcpu 0.4 gpu 0.8 rest 14.4 | alloc 195KB | ticks 3, remote.ents 21 | watchdog: 6/6 samples in '(unscoped)'[0m
[lb]bots] waypoints for 'stormkeep': nodes=99 (file=loaded, cache=yes)[0m
[lb]hitch CPU-LOGIC] 126.1ms (7 dropped @60Hz) (med 6.9, ×18.2) — ng.process 95.0ms (typ 10.7ms, 9× over) | proc 107.0 rcpu 0.4 gpu 1.6 rest 18.6 | alloc 264KB | ticks 3, remote.ents 22 | watchdog: 29/63 samples in 'bot.path'[0m
[lb]hitch PIPELINE-COMPILE] 131.5ms (7 dropped @60Hz) (med 6.9, ×18.9) — 1 pipeline compile(s) — SYNC[lb]surface+1 draw+0] async[lb]mesh+0 spec+0] canvas+0 | proc 22.1 rcpu 0.4 gpu 0.8 rest 108.9 | alloc 78.0MB | ticks 3, remote.ents 22 | watchdog: 3/10 samples in 'bot.path'[0m
[lb]hitch GC-PAUSE] 41.3ms (1 dropped @60Hz) (med 6.9, ×5.9) — gen2/GC-pause tail (prior frame paused 2.4ms; this frame rest-dominated) | proc 3.9 rcpu 0.4 gpu 0.8 rest 36.9 | alloc 80.1MB | ticks 3, remote.ents 22 | watchdog: 8/16 samples in '(unscoped)'[0m
[lb]hitch VSYNC/PRESENT] 14.7ms (med 6.9, ×2.1) — present/vsync-bound (rest 10.1ms, gpu 0.9ms) | proc 3.5 rcpu 1.1 gpu 0.9 rest 10.1 | alloc 47KB | ticks 1, remote.ents 22 | watchdog: 5/5 samples in '(unscoped)'[0m
[lb]hitch]   gpu: draws 340, pipeline compiles +0, vram 3201MB[0m
[lb]hitch]   events: [lb]-7f] stream: player model models/player/ignismasked.iqm tex textures/ignisfullbright_reflect built (0.0ms); [lb]-2f] stream: player model models/player/ignismasked.iqm tex textures/ignisfullbright_glow built (0.0ms); [lb]-1f] stream: player model models/player/ignismasked.iqm tex textures/ignisheadfb_shirt built (0.0ms); stream: player model models/player/ignismasked.iqm tex textures/ignisfullbright_shirt built (0.0ms); stream: player model models/player/ignismasked.iqm tex textures/ignisheadfb_glow built (0.0ms)[0m
[lb]hitch]   prev: 8.3 6.7 6.7 6.7 6.7 6.7 6.8 6.9[0m
[portal] 'Portal_0' facing=True onScreen=True -> RENDER near=90.50 size=(384, 384) camQ=<1216, 298, 40> inO=<1216, 208, 32> inF=<-4.371139E-08, 1, 0>
[portal] dump portal0: camG=(-502, 88, -224) near=90.50 size=(384, 384) halfR=64 halfU=64 exitC=<-592, 224, 80>
[portal] 'Portal_1' facing=False onScreen=False -> RENDER near=1.50 size=(384, 384) camQ=<1216, 298, 40> inO=<-592, 224, 80> inF=<-1, -8.742278E-08, 0>
[portal] dump portal1: camG=(1142.0001, -8, -2016) near=1.50 size=(384, 384) halfR=64 halfU=64 exitC=<1216, 208, 32>
[lb]hitch VSYNC/PRESENT ×2] 14.7–15.2ms over 0.0s (med 6.9) — present/vsync-bound (rest 10.1ms, gpu 0.9ms)[0m
[lb]hitch EXTERNAL] 143.3ms (8 dropped @60Hz) (med 6.9, ×20.6) — rest-dominated, game-side quiet — OS/compositor/driver | proc 4.6 rcpu 0.4 gpu 0.9 rest 138.3 | alloc 135KB | ticks 3, remote.ents 22 | watchdog: 228/228 samples in '(unscoped)'[0m
[lb]hitch VSYNC/PRESENT] 16.7ms (med 6.9, ×2.4) — present/vsync-bound (rest 11.9ms, gpu 1.0ms) | proc 4.1 rcpu 0.6 gpu 1.0 rest 11.9 | alloc 72KB | ticks 3, remote.ents 22 | watchdog: 3/3 samples in '(unscoped)'[0m
[portal] 'Portal_0' facing=True onScreen=True -> RENDER near=90.50 size=(384, 384) camQ=<1216, 298, 40> inO=<1216, 208, 32> inF=<-4.371139E-08, 1, 0>
[portal] dump portal0: camG=(-502, 88, -224) near=90.50 size=(384, 384) halfR=64 halfU=64 exitC=<-592, 224, 80>
[portal] 'Portal_1' facing=False onScreen=False -> RENDER near=1.50 size=(384, 384) camQ=<1216, 298, 40> inO=<-592, 224, 80> inF=<-1, -8.742278E-08, 0>
[portal] dump portal1: camG=(1142.0001, -8, -2016) near=1.50 size=(384, 384) halfR=64 halfU=64 exitC=<1216, 208, 32>
[lb]hitch EXTERNAL] 139.6ms (7 dropped @60Hz) (med 6.9, ×20.1) — rest-dominated, game-side quiet — OS/compositor/driver | proc 4.2 rcpu 0.4 gpu 1.0 rest 135.0 | alloc 45KB | ticks 3, remote.ents 22 | watchdog: 224/261 samples in '(unscoped)'[0m
[lb]hitch]   gpu: draws 340, pipeline compiles +0, vram 3201MB[0m
[lb]hitch]   prev: 6.9 6.9 6.9 6.9 6.9 6.9 6.9 6.9[0m
[lb]hitch VSYNC/PRESENT] 12.7ms (med 6.9, ×1.8) — present/vsync-bound (rest 8.0ms, gpu 1.1ms) | proc 4.3 rcpu 0.4 gpu 1.1 rest 8.0 | alloc 52KB | ticks 3, remote.ents 22 | watchdog: 3/3 samples in '(unscoped)'[0m
[lb]hitch EXTERNAL] 37.7ms (1 dropped @60Hz) (med 6.9, ×5.4) — rest-dominated, game-side quiet — OS/compositor/driver | proc 3.7 rcpu 0.4 gpu 2.3 rest 33.5 | alloc 40KB | ticks 3, remote.ents 22 | watchdog: 21/25 samples in 'bot.strategy'[0m
[lb]hitch VSYNC/PRESENT] 16.2ms (med 6.9, ×2.3) — present/vsync-bound (rest 13.0ms, gpu 2.1ms) | proc 2.8 rcpu 0.4 gpu 2.1 rest 13.0 | alloc 56KB | ticks 1, remote.ents 22[0m
[lb]hitch EXTERNAL] 96.1ms (5 dropped @60Hz) (med 6.9, ×13.8) — rest-dominated, game-side quiet — OS/compositor/driver | proc 3.8 rcpu 0.4 gpu 0.6 rest 91.9 | alloc 48KB | ticks 3, remote.ents 22 | watchdog: 34/55 samples in 'bot.path'[0m
[lb]hitch]   gpu: draws 340, pipeline compiles +0, vram 3201MB[0m
[lb]hitch]   prev: 6.7 6.7 6.7 6.7 6.7 6.7 6.7 6.7[0m
[lb]hitch VSYNC/PRESENT] 16.7ms (med 6.9, ×2.4) — present/vsync-bound (rest 13.1ms, gpu 0.6ms) | proc 3.1 rcpu 0.4 gpu 0.6 rest 13.1 | alloc 165KB | ticks 3, remote.ents 22[0m
[portal] 'Portal_0' facing=True onScreen=True -> RENDER near=90.50 size=(384, 384) camQ=<1216, 298, 40> inO=<1216, 208, 32> inF=<-4.371139E-08, 1, 0>
[portal] dump portal0: camG=(-502, 88, -224) near=90.50 size=(384, 384) halfR=64 halfU=64 exitC=<-592, 224, 80>
[portal] 'Portal_1' facing=False onScreen=False -> RENDER near=1.50 size=(384, 384) camQ=<1216, 298, 40> inO=<-592, 224, 80> inF=<-1, -8.742278E-08, 0>
[portal] dump portal1: camG=(1142.0001, -8, -2016) near=1.50 size=(384, 384) halfR=64 halfU=64 exitC=<1216, 208, 32>
[lb]hitch EXTERNAL] 146.7ms (8 dropped @60Hz) (med 6.9, ×21.1) — rest-dominated, game-side quiet — OS/compositor/driver | proc 5.2 rcpu 0.4 gpu 0.6 rest 141.1 | alloc 56KB | ticks 3, remote.ents 22 | watchdog: 218/218 samples in '(unscoped)'[0m
[lb]hitch VSYNC/PRESENT] 16.7ms (med 6.9, ×2.4) — present/vsync-bound (rest 13.1ms, gpu 0.6ms) | proc 3.2 rcpu 0.4 gpu 0.6 rest 13.1 | alloc 48KB | ticks 3, remote.ents 22[0m
[portal] 'Portal_0' facing=True onScreen=True -> RENDER near=90.50 size=(384, 384) camQ=<1216, 298, 40> inO=<1216, 208, 32> inF=<-4.371139E-08, 1, 0>
[portal] dump portal0: camG=(-502, 88, -224) near=90.50 size=(384, 384) halfR=64 halfU=64 exitC=<-592, 224, 80>
[portal] 'Portal_1' facing=False onScreen=False -> RENDER near=1.50 size=(384, 384) camQ=<1216, 298, 40> inO=<-592, 224, 80> inF=<-1, -8.742278E-08, 0>
[portal] dump portal1: camG=(1142.0001, -8, -2016) near=1.50 size=(384, 384) halfR=64 halfU=64 exitC=<1216, 208, 32>
[lb]hitch VSYNC/PRESENT ×2] 15.7–16.7ms over 0.3s (med 6.9) — present/vsync-bound (rest 13.1ms, gpu 0.6ms)[0m
[lb]hitch EXTERNAL] 137.3ms (7 dropped @60Hz) (med 6.9, ×19.8) — rest-dominated, game-side quiet — OS/compositor/driver | proc 4.0 rcpu 0.4 gpu 1.7 rest 132.8 | alloc 40KB | ticks 3, remote.ents 22 | watchdog: 229/229 samples in '(unscoped)'[0m
[lb]hitch]   gpu: draws 340, pipeline compiles +0, vram 3201MB[0m
[lb]hitch]   prev: 6.9 6.9 6.9 6.9 6.9 6.9 6.9 6.9[0m
[lb]hitch VSYNC/PRESENT] 17.7ms (med 6.9, ×2.6) — present/vsync-bound (rest 14.2ms, gpu 0.6ms) | proc 3.1 rcpu 0.4 gpu 0.6 rest 14.2 | alloc 141KB | ticks 3, remote.ents 22[0m
[lb]hitch EXTERNAL] 25.1ms (1 dropped @60Hz) (med 6.9, ×3.6) — rest-dominated, game-side quiet — OS/compositor/driver | proc 2.7 rcpu 0.4 gpu 0.8 rest 22.1 | alloc 40KB | ticks 2, remote.ents 22 | watchdog: 9/12 samples in 'bot.strategy'[0m
[portal] 'Portal_0' facing=True onScreen=True -> RENDER near=90.50 size=(384, 384) camQ=<1216, 298, 40> inO=<1216, 208, 32> inF=<-4.371139E-08, 1, 0>
[portal] dump portal0: camG=(-502, 88, -224) near=90.50 size=(384, 384) halfR=64 halfU=64 exitC=<-592, 224, 80>
[portal] 'Portal_1' facing=False onScreen=False -> RENDER near=1.50 size=(384, 384) camQ=<1216, 298, 40> inO=<-592, 224, 80> inF=<-1, -8.742278E-08, 0>
[portal] dump portal1: camG=(1142.0001, -8, -2016) near=1.50 size=(384, 384) halfR=64 halfU=64 exitC=<1216, 208, 32>
[lb]hitch EXTERNAL ×2] 25.1–144.4ms over 0.5s (med 6.9) — rest-dominated, game-side quiet — OS/compositor/driver[0m
[lb]hitch VSYNC/PRESENT] 16.7ms (med 6.9, ×2.4) — present/vsync-bound (rest 13.6ms, gpu 1.6ms) | proc 2.6 rcpu 0.4 gpu 1.6 rest 13.6 | alloc 40KB | ticks 3, remote.ents 22 | watchdog: 228/228 samples in '(unscoped)'[0m
[lb]hitch]   gpu: draws 340, pipeline compiles +0, vram 3201MB[0m
[lb]hitch]   prev: 6.9 6.9 6.9 6.9 6.9 6.9 6.9 144.4[0m
[wz] cross client=True 'player' o <1230.1547, 206.15332, -7.968749>-><-593.8467, 209.84534, 40.03125> v <-217.70808, -316.20148, 0>-><-316.2015, 217.70807, 0> a <1.1264542, 215.12778, 0>-><1.1264648, 125.12778, 0> | in o=<1216, 208, 32> f=<-4.371139E-08, 1, 0> | out o=<-592, 224, 80> f=<-1, -8.742278E-08, 0>
[portal] 'Portal_0' facing=True onScreen=True -> RENDER near=90.50 size=(384, 384) camQ=<1216, 298, 40> inO=<1216, 208, 32> inF=<-4.371139E-08, 1, 0>
[portal] dump portal0: camG=(-502, 88, -224) near=90.50 size=(384, 384) halfR=64 halfU=64 exitC=<-592, 224, 80>
[portal] 'Portal_1' facing=False onScreen=False -> RENDER near=1.50 size=(384, 384) camQ=<1216, 298, 40> inO=<-592, 224, 80> inF=<-1, -8.742278E-08, 0>
[portal] dump portal1: camG=(1142.0001, -8, -2016) near=1.50 size=(384, 384) halfR=64 halfU=64 exitC=<1216, 208, 32>
[lb]hitch VSYNC/PRESENT ×3] 12.9–16.7ms over 0.3s (med 6.9) — present/vsync-bound (rest 13.6ms, gpu 1.6ms)[0m
[lb]hitch EXTERNAL] 133.3ms (7 dropped @60Hz) (med 6.9, ×19.2) — rest-dominated, game-side quiet — OS/compositor/driver | proc 13.9 rcpu 0.5 gpu 0.6 rest 118.9 | alloc 29.9MB | ticks 3, remote.ents 21 | watchdog: 3/6 samples in 'stream.build'[0m
[lb]hitch]   gpu: draws 340, pipeline compiles +0, vram 3201MB[0m
[lb]hitch]   events: [lb]-1f] anim cache HIT models/player/nyx.iqm; [lb]-1f] anim cache HIT models/player/pyria.iqm; [lb]-1f] anim cache HIT models/player/seraphina.iqm; [lb]-1f] anim cache HIT models/player/umbra.iqm; [lb]-1f] stream: idle-warm models/player/nyx.iqm (parse) built (0.2ms); [lb]-1f] stream: idle-warm models/player/pyria.iqm (parse) built (0.0ms); [lb]-1f] stream: idle-warm models/player/seraphina.iqm (parse) built (0.0ms); [lb]-1f] stream: idle-warm models/player/umbra.iqm (parse) built (0.0ms); [lb]-1f] anim cache MISS models/player/megaerebus.iqm; stream: idle-warm models/player/megaerebus.iqm (parse) built (0.0ms); stream: idle-warm models/player/nyx.iqm tex textures/shadowheadfb built (0.0ms); stream: idle-warm models/player/nyx.iqm tex textures/shadowheadfb_norm built (0.0ms); stream: idle-warm models/player/nyx.iqm tex textures/shadowheadfb_gloss built (0.0ms); stream: idle-warm models/player/nyx.iqm tex textures/shadowheadfb_glow built (0.0ms); stream: idle-warm models/player/nyx.iqm tex textures/shadowheadfb_reflect built (0.0ms); stream: idle-warm models/player/nyx.iqm tex textures/shadowheadfb_shirt built (0.0ms); stream: idle-warm models/player/nyx.iqm tex textures/shadowheadfb_pants built (0.0ms); stream: idle-warm models/player/nyx.iqm tex textures/nyxfullbright built (0.0ms); stream: idle-warm models/player/nyx.iqm tex textures/nyxfullbright_norm built (0.0ms); stream: idle-warm models/player/nyx.iqm tex textures/nyxfullbright_gloss built (0.0ms); stream: idle-warm models/player/nyx.iqm tex textures/nyxfullbright_glow built (0.0ms); stream: idle-warm models/player/nyx.iqm tex textures/nyxfullbright_reflect built (0.0ms); stream: idle-warm models/player/nyx.iqm tex textures/nyxfullbright_shirt built (0.0ms); stream: idle-warm models/player/nyx.iqm tex textures/nyxfullbright_pants built (8.5ms)[0m
[lb]hitch]   prev: 7.1 7.1 7.1 7.1 7.1 7.1 7.1 7.1[0m
[lb]hitch VSYNC/PRESENT] 24.3ms (med 6.9, ×3.5) — present/vsync-bound (rest 16.7ms, gpu 0.6ms) | proc 7.2 rcpu 0.4 gpu 0.6 rest 16.7 | alloc 690KB | ticks 3, remote.ents 21[0m
[lb]hitch MIXED] 16.7ms (med 6.9, ×2.4) — mixed — stream.build 3.1ms | proc 8.2 rcpu 0.6 gpu 0.6 rest 7.9 | alloc 499KB | ticks 3, remote.ents 21[0m
[lb]hitch CPU-LOGIC] 16.7ms (med 6.9, ×2.4) — ng.process 10.5ms (typ 1.6ms, 6× over) | proc 16.6 rcpu 0.6 gpu 0.6 rest 0.0 | alloc 453KB | ticks 3, remote.ents 21 | watchdog: 3/7 samples in 'bot.strategy'[0m
[lb]hitch VSYNC/PRESENT] 20.8ms (med 6.9, ×3.0) — present/vsync-bound (rest 13.6ms, gpu 0.6ms) | proc 6.7 rcpu 0.5 gpu 0.6 rest 13.6 | alloc 364KB | ticks 3, remote.ents 21 | watchdog: 7/13 samples in '(unscoped)'[0m
[lb]hitch VSYNC/PRESENT ×2] 17.0–20.8ms over 0.0s (med 6.9) — present/vsync-bound (rest 13.6ms, gpu 0.6ms)[0m
[lb]hitch ASSET-BUILD] 12.5ms (med 6.9, ×1.8) — stream.build 5.7ms (asset build/upload) | proc 10.4 rcpu 0.5 gpu 0.6 rest 1.6 | alloc 289KB | ticks 1, remote.ents 21 | watchdog: 2/3 samples in '(unscoped)'[0m
[lb]hitch CPU-LOGIC] 16.0ms (med 6.9, ×2.3) — stream.build 4.7ms | proc 9.0 rcpu 0.5 gpu 0.6 rest 6.5 | alloc 704KB | ticks 1, remote.ents 21 | watchdog: 2/3 samples in '(unscoped)'[0m
[lb]hitch MIXED] 13.2ms (med 6.9, ×1.9) — mixed — stream.build 3.0ms | proc 6.6 rcpu 0.5 gpu 0.6 rest 6.2 | alloc 847KB | ticks 1, remote.ents 21 | watchdog: 4/5 samples in '(unscoped)'[0m
[lb]hitch VSYNC/PRESENT] 13.3ms (med 6.9, ×1.9) — present/vsync-bound (rest 9.2ms, gpu 0.6ms) | proc 3.7 rcpu 0.4 gpu 0.6 rest 9.2 | alloc 938KB | ticks 1, remote.ents 21 | watchdog: 5/6 samples in '(unscoped)'[0m
[lb]frameprofile] scene: nodes 2867 objs-drawn 1758 draws 340 vram 3318MB[0m
[lb]frameprofile] census: Label 876  HBoxContainer 218  Control 157  Dependent 113  Button 110  CvarCheckBox 104  VBoxContainer 78  HSlider 62  CvarSlider 58  MarginContainer 52[0m
[lb]frameprofile] 522 frames: p50 6.9 p95 14.6 p99 131.6 p99.9 144.4ms (max 146.7) | 9 EXTERNAL, 1 ASSET-BUILD, 1 PIPELINE-COMPILE, 1 GC-PAUSE, 17 VSYNC/PRESENT, 3 CPU-LOGIC, 2 MIXED | alloc 187MB/s heap 808.7MB | proc 3.9 gpu 0.6[0m
[lb]frameprofile] ms/frame: ng.process 2.0  server.tick 1.7  sim.move 1.2  move.in 1.0  bot.think 1.0  bot.strategy 0.9  proc:other 0.7  iqm.anims 0.5  bot.path 0.3  cw.process 0.3[0m
[IdleWarmer] asset warm queue drained — full asset set is hot.
[portal] 'Portal_0' facing=True onScreen=True -> RENDER near=90.50 size=(384, 384) camQ=<1216, 298, 40> inO=<1216, 208, 32> inF=<-4.371139E-08, 1, 0>
[portal] dump portal0: camG=(-502, 88, -224) near=90.50 size=(384, 384) halfR=64 halfU=64 exitC=<-592, 224, 80>
[portal] 'Portal_1' facing=False onScreen=False -> RENDER near=1.50 size=(384, 384) camQ=<1216, 298, 40> inO=<-592, 224, 80> inF=<-1, -8.742278E-08, 0>
[portal] dump portal1: camG=(1142.0001, -8, -2016) near=1.50 size=(384, 384) halfR=64 halfU=64 exitC=<1216, 208, 32>
[lb]hitch EXTERNAL] 139.5ms (7 dropped @60Hz) (med 6.9, ×20.1) — rest-dominated, game-side quiet — OS/compositor/driver | proc 2.8 rcpu 0.4 gpu 0.6 rest 136.2 | alloc 41KB | ticks 3, remote.ents 21 | watchdog: 223/223 samples in '(unscoped)'[0m
[lb]hitch]   gpu: draws 340, pipeline compiles +0, vram 3318MB[0m
[lb]hitch]   prev: 6.7 6.7 6.7 6.7 6.7 6.7 6.9 7.0[0m
[lb]hitch VSYNC/PRESENT] 22.1ms (med 6.9, ×3.2) — present/vsync-bound (rest 18.9ms, gpu 1.2ms) | proc 2.7 rcpu 0.4 gpu 1.2 rest 18.9 | alloc 16KB | ticks 3, remote.ents 21 | watchdog: 4/4 samples in '(unscoped)'[0m
[portal] 'Portal_0' facing=True onScreen=True -> RENDER near=90.50 size=(384, 384) camQ=<1216, 298, 40> inO=<1216, 208, 32> inF=<-4.371139E-08, 1, 0>
[portal] dump portal0: camG=(-502, 88, -224) near=90.50 size=(384, 384) halfR=64 halfU=64 exitC=<-592, 224, 80>
[portal] 'Portal_1' facing=False onScreen=False -> RENDER near=1.50 size=(384, 384) camQ=<1216, 298, 40> inO=<-592, 224, 80> inF=<-1, -8.742278E-08, 0>
[portal] dump portal1: camG=(1142.0001, -8, -2016) near=1.50 size=(384, 384) halfR=64 halfU=64 exitC=<1216, 208, 32>
[lb]hitch VSYNC/PRESENT ×2] 19.6–22.1ms over 0.2s (med 6.9) — present/vsync-bound (rest 18.9ms, gpu 1.2ms)[0m
[lb]hitch EXTERNAL] 141.0ms (7 dropped @60Hz) (med 6.9, ×20.3) — rest-dominated, game-side quiet — OS/compositor/driver | proc 3.6 rcpu 0.4 gpu 0.9 rest 137.0 | alloc 48KB | ticks 3, remote.ents 21 | watchdog: 223/223 samples in '(unscoped)'[0m
[lb]hitch]   gpu: draws 340, pipeline compiles +0, vram 3317MB[0m
[lb]hitch]   prev: 6.9 6.9 6.9 6.9 6.9 6.9 6.9 6.9[0m
[lb]hitch VSYNC/PRESENT] 14.8ms (med 6.9, ×2.1) — present/vsync-bound (rest 12.0ms, gpu 1.9ms) | proc 2.3 rcpu 0.5 gpu 1.9 rest 12.0 | alloc 40KB | ticks 1, remote.ents 21 | watchdog: 2/3 samples in '(unscoped)'[0m
[lb]hitch PIPELINE-COMPILE] 12.6ms (med 6.9, ×1.8) — 1 pipeline compile(s) — SYNC[lb]surface+0 draw+0] async[lb]mesh+0 spec+0] canvas+1 | proc 1.2 rcpu 0.4 gpu 1.0 rest 11.0 | alloc 48KB | ticks 0, remote.ents 21 | watchdog: 5/5 samples in '(unscoped)'[0m
[portal] 'Portal_0' facing=True onScreen=True -> RENDER near=90.50 size=(384, 384) camQ=<1216, 298, 40> inO=<1216, 208, 32> inF=<-4.371139E-08, 1, 0>
[portal] dump portal0: camG=(-502, 88, -224) near=90.50 size=(384, 384) halfR=64 halfU=64 exitC=<-592, 224, 80>
[portal] 'Portal_1' facing=False onScreen=False -> RENDER near=1.50 size=(384, 384) camQ=<1216, 298, 40> inO=<-592, 224, 80> inF=<-1, -8.742278E-08, 0>
[portal] dump portal1: camG=(1142.0001, -8, -2016) near=1.50 size=(384, 384) halfR=64 halfU=64 exitC=<1216, 208, 32>
[lb]hitch EXTERNAL] 141.5ms (7 dropped @60Hz) (med 6.9, ×20.4) — rest-dominated, game-side quiet — OS/compositor/driver | proc 11.1 rcpu 0.4 gpu 1.0 rest 130.0 | alloc 81KB | ticks 3, remote.ents 21 | watchdog: 1/3 samples in 'mp.weapon'[0m
[lb]hitch]   gpu: draws 355, pipeline compiles +0, vram 3317MB[0m
[lb]hitch]   prev: 7.1 7.1 7.1 7.1 7.1 7.1 7.1 7.1[0m
=== frame profiler session summary (32s, 996 frames) ===[0m
  fps: avg 82.1  1%low 7  0.1%low 7  (median 6.9ms, worst 148.4ms)[0m
  hitches: 46 total — 16 EXTERNAL, 1 ASSET-BUILD, 2 PIPELINE-COMPILE, 1 GC-PAUSE, 21 VSYNC/PRESENT, 3 CPU-LOGIC, 2 MIXED[0m
    worst[lb]1]: 146.8ms EXTERNAL (ng.process) @ t=22.9s[0m
    worst[lb]2]: 146.7ms EXTERNAL (ng.process) @ t=25.9s[0m
    worst[lb]3]: 144.4ms EXTERNAL (ng.process) @ t=27.9s[0m
    worst[lb]4]: 143.3ms EXTERNAL (ng.process) @ t=23.9s[0m
    worst[lb]5]: 141.5ms EXTERNAL (ng.process) @ t=31.9s[0m
  gc: g0+83 g1+58 g2+35, total pause 241ms[0m
  alloc: 2.7GB total, 19MB/s recent, peak 434.3MB in one frame @ t=5.5s, heap 827.0MB[0m
