Godot Engine v4.6.3.stable.mono.official.7d41c59c4 - https://godotengine.org
Vulkan 1.4.341 - Forward+ - Using Device #0: NVIDIA - NVIDIA GeForce RTX 3080

[lb]frameprofiler] env: managed-debugger=False godot-context=debug csharp=Debug vsync=Enabled maxfps=0 refresh=60Hz cpu=24c gpu=NVIDIA GeForce RTX 3080[0m
[lb]frameprofiler] columns: proc=all _Process CPU | rcpu=render-thread submit | gpu=main viewport GPU | rest=present/vsync/stall (ms-proc-rcpu) | alloc=managed garbage/frame | pipe=shader-pipeline compiles[0m
=== XonoticGodot boot ===[0m
Weapons:   27[0m
Items:     21[0m
Mutators:  46[0m
GameTypes: 20[0m
[lb]MenuState] config: 6462 cvars from 25 cfg files (374 aliases, 0 missing).[0m
[lb]shell] --cvar sv_warpzone_trace = "1"[0m
[lb]shell] --cvar wz_portal_force = "1"[0m
[lb]shell] --cvar wz_portal_dump = "1"[0m
[lb]shell] --cvar wz_portal_headon = "1"[0m
[lb]video] vid_vsync 2 → requested Mailbox, actual Mailbox[0m
[lb]video] cl_maxfps 256 -> Engine.MaxFps 144 (refresh 60Hz)[0m
[lb]video] process priority AboveNormal (sys_priority_boost 1)[0m
[MenuCommand] 'playerstats_update' has no client backend yet (inert).
[lb]Shell] hosting listen server: gametype=dm map=stormkeep bots=0 skill=0 timelimit=0 fraglimit=0[0m
[AssetSystem] loaded 2439 shaders from 185 scripts.
[NetTransport.Server] listening on UDP 26000 (max 16).
[ServerNet] LAN discovery: answering getinfo on UDP 26001 (game port 26000).
[NetTransport.Client] connecting to 127.0.0.1:26000 …
[EffectSystem] effectinfo: 301 effects, particlefont atlas: loaded, style overlay: 0 effects
[Particles] backend=original (cl_particles_modern=0)
[AssetLoader] model 'models/items/buff.md3' read failed: Asset not found in any mount: "models/items/buff.md3".
[AssetLoader] 'models/casing_shell.mdl' is not a known model (magic "IDPO?").
[MapLoader] occluder: 90016 verts / 107956 tris (r_occlusion_cull A/B)
[MapLoader] 'stormkeep' materials: lightmapped=34 vertexLit=3 plain=8 glow=4 normalMapped=34 (deluxe=True, internalPages=0, atlas=1p, cellSize=131072, cells=8, surfaces=188)
[MapLoader] 'stormkeep' portal surfaces: 2 (from 2 faces), pocket decor: 5 (from 5 faces)
[DecalSplats] geometry: 106027 render triangles, 502 grid cells
[Skybox] loaded 'env/extragalactic/asteroids'.
[PortalRenderer] 2 live portal(s)
[portal] 'Portal_0' facing=False onScreen=False -> RENDER near=0.05 size=(384, 384) camQ=<0, -0, 0> inO=<1216, 208, 32> inF=<-4.371139E-08, 1, 0>
[portal] dump portal0: camG=(0, 0, 0) near=0.05 size=(384, 384) halfR=64 halfU=64 exitC=<-592, 224, 80>
[portal] 'Portal_1' facing=False onScreen=False -> RENDER near=0.05 size=(384, 384) camQ=<0, -0, 0> inO=<-592, 224, 80> inF=<-1, -8.742278E-08, 0>
[portal] dump portal1: camG=(0, 0, 0) near=0.05 size=(384, 384) halfR=64 halfU=64 exitC=<1216, 208, 32>
[NetGame] map music: 'cdtracks/track005' (from mapinfo/worldspawn)
[portal] 'Portal_0' facing=False onScreen=True -> RENDER near=100.00 size=(384, 384) camQ=<0, -0, 0> inO=<1216, 208, 32> inF=<-4.371139E-08, 1, 0>
[portal] dump portal0: camG=(-492, 80, -224.00002) near=100.00 size=(384, 384) halfR=64 halfU=64 exitC=<-592, 224, 80>
[portal] 'Portal_1' facing=False onScreen=True -> RENDER near=100.00 size=(384, 384) camQ=<0, -0, 0> inO=<-592, 224, 80> inF=<-1, -8.742278E-08, 0>
[portal] dump portal1: camG=(1216, 32, -108) near=100.00 size=(384, 384) halfR=64 halfU=64 exitC=<1216, 208, 32>
[portal] 'Portal_0' facing=False onScreen=True -> RENDER near=100.00 size=(384, 384) camQ=<0, -0, 0> inO=<1216, 208, 32> inF=<-4.371139E-08, 1, 0>
[portal] dump portal0: camG=(-492, 80, -224.00002) near=100.00 size=(384, 384) halfR=64 halfU=64 exitC=<-592, 224, 80>
[portal] 'Portal_1' facing=False onScreen=True -> RENDER near=100.00 size=(384, 384) camQ=<0, -0, 0> inO=<-592, 224, 80> inF=<-1, -8.742278E-08, 0>
[portal] dump portal1: camG=(1216, 32, -108) near=100.00 size=(384, 384) halfR=64 halfU=64 exitC=<1216, 208, 32>
[portal] 'Portal_0' facing=False onScreen=True -> RENDER near=100.00 size=(384, 384) camQ=<0, -0, 0> inO=<1216, 208, 32> inF=<-4.371139E-08, 1, 0>
[portal] dump portal0: camG=(-492, 80, -224.00002) near=100.00 size=(384, 384) halfR=64 halfU=64 exitC=<-592, 224, 80>
[portal] 'Portal_1' facing=False onScreen=True -> RENDER near=100.00 size=(384, 384) camQ=<0, -0, 0> inO=<-592, 224, 80> inF=<-1, -8.742278E-08, 0>
[portal] dump portal1: camG=(1216, 32, -108) near=100.00 size=(384, 384) halfR=64 halfU=64 exitC=<1216, 208, 32>
[portal] 'Portal_0' facing=False onScreen=True -> RENDER near=100.00 size=(384, 384) camQ=<0, -0, 0> inO=<1216, 208, 32> inF=<-4.371139E-08, 1, 0>
[portal] dump portal0: camG=(-492, 80, -224.00002) near=100.00 size=(384, 384) halfR=64 halfU=64 exitC=<-592, 224, 80>
[portal] 'Portal_1' facing=False onScreen=True -> RENDER near=100.00 size=(384, 384) camQ=<0, -0, 0> inO=<-592, 224, 80> inF=<-1, -8.742278E-08, 0>
[portal] dump portal1: camG=(1216, 32, -108) near=100.00 size=(384, 384) halfR=64 halfU=64 exitC=<1216, 208, 32>
[NetGame] precached 24 weapon models, skipped 0 (lazy), 24 muzzle tags.
[portal] 'Portal_0' facing=False onScreen=True -> RENDER near=100.00 size=(384, 384) camQ=<0, -0, 0> inO=<1216, 208, 32> inF=<-4.371139E-08, 1, 0>
[portal] dump portal0: camG=(-492, 80, -224.00002) near=100.00 size=(384, 384) halfR=64 halfU=64 exitC=<-592, 224, 80>
[portal] 'Portal_1' facing=False onScreen=True -> RENDER near=100.00 size=(384, 384) camQ=<0, -0, 0> inO=<-592, 224, 80> inF=<-1, -8.742278E-08, 0>
[portal] dump portal1: camG=(1216, 32, -108) near=100.00 size=(384, 384) halfR=64 halfU=64 exitC=<1216, 208, 32>
[portal] 'Portal_0' facing=False onScreen=True -> RENDER near=100.00 size=(384, 384) camQ=<0, -0, 0> inO=<1216, 208, 32> inF=<-4.371139E-08, 1, 0>
[portal] dump portal0: camG=(-492, 80, -224.00002) near=100.00 size=(384, 384) halfR=64 halfU=64 exitC=<-592, 224, 80>
[portal] 'Portal_1' facing=False onScreen=True -> RENDER near=100.00 size=(384, 384) camQ=<0, -0, 0> inO=<-592, 224, 80> inF=<-1, -8.742278E-08, 0>
[portal] dump portal1: camG=(1216, 32, -108) near=100.00 size=(384, 384) halfR=64 halfU=64 exitC=<1216, 208, 32>
[portal] 'Portal_0' facing=False onScreen=True -> RENDER near=100.00 size=(384, 384) camQ=<0, -0, 0> inO=<1216, 208, 32> inF=<-4.371139E-08, 1, 0>
[portal] dump portal0: camG=(-492, 80, -224.00002) near=100.00 size=(384, 384) halfR=64 halfU=64 exitC=<-592, 224, 80>
[portal] 'Portal_1' facing=False onScreen=True -> RENDER near=100.00 size=(384, 384) camQ=<0, -0, 0> inO=<-592, 224, 80> inF=<-1, -8.742278E-08, 0>
[portal] dump portal1: camG=(1216, 32, -108) near=100.00 size=(384, 384) halfR=64 halfU=64 exitC=<1216, 208, 32>
[portal] 'Portal_0' facing=False onScreen=True -> RENDER near=100.00 size=(384, 384) camQ=<0, -0, 0> inO=<1216, 208, 32> inF=<-4.371139E-08, 1, 0>
[portal] dump portal0: camG=(-492, 80, -224.00002) near=100.00 size=(384, 384) halfR=64 halfU=64 exitC=<-592, 224, 80>
[portal] 'Portal_1' facing=False onScreen=True -> RENDER near=100.00 size=(384, 384) camQ=<0, -0, 0> inO=<-592, 224, 80> inF=<-1, -8.742278E-08, 0>
[portal] dump portal1: camG=(1216, 32, -108) near=100.00 size=(384, 384) halfR=64 halfU=64 exitC=<1216, 208, 32>
[portal] 'Portal_0' facing=False onScreen=True -> RENDER near=100.00 size=(384, 384) camQ=<0, -0, 0> inO=<1216, 208, 32> inF=<-4.371139E-08, 1, 0>
[portal] dump portal0: camG=(-492, 80, -224.00002) near=100.00 size=(384, 384) halfR=64 halfU=64 exitC=<-592, 224, 80>
[portal] 'Portal_1' facing=False onScreen=True -> RENDER near=100.00 size=(384, 384) camQ=<0, -0, 0> inO=<-592, 224, 80> inF=<-1, -8.742278E-08, 0>
[portal] dump portal1: camG=(1216, 32, -108) near=100.00 size=(384, 384) halfR=64 halfU=64 exitC=<1216, 208, 32>
[NetGame] precached 36 combat sounds, 10 player models (rendered for pipeline warm).
[NetGame] listen server on 127.0.0.1:26000 (map 'stormkeep', dm, 0 bots) — self-connecting.
[ServerNet] peer 1527441461 connected (awaiting handshake).
[ServerNet] peer 1527441461 accepted as 'player' (netId 1527441461, id efdffdbc).
[ClientNet] handshake accepted by 'Xonotic  Server': netId 1, tickrate 72 Hz.
[NetGame] handshake accepted by 'Xonotic  Server': netId 1.
[portal] 'Portal_0' facing=False onScreen=True -> RENDER near=100.00 size=(384, 384) camQ=<0, -0, 27.177782> inO=<1216, 208, 32> inF=<-4.371139E-08, 1, 0>
[portal] dump portal0: camG=(-492, 80, -224.00002) near=100.00 size=(384, 384) halfR=64 halfU=64 exitC=<-592, 224, 80>
[portal] 'Portal_1' facing=False onScreen=True -> RENDER near=100.00 size=(384, 384) camQ=<0, -0, 27.177782> inO=<-592, 224, 80> inF=<-1, -8.742278E-08, 0>
[portal] dump portal1: camG=(1216, 32, -108) near=100.00 size=(384, 384) halfR=64 halfU=64 exitC=<1216, 208, 32>
[wzview] authoritative snap -> <0, 135, 0>
[lb]hitch PIPELINE-COMPILE] 61.4ms (3 dropped @60Hz) (med 6.9, ×8.8) — 1 pipeline compile(s) — SYNC[lb]surface+0 draw+0] async[lb]mesh+0 spec+1] canvas+0 | proc 7.1 rcpu 0.4 gpu 0.4 rest 53.9 | alloc 836KB | ticks 3, remote.ents 21[0m
[lb]hitch]   gpu: draws 488, pipeline compiles +1 — SYNC[lb]surface+0 draw+0] async[lb]mesh+0 spec+1] canvas+0, vram 3212MB[0m
[lb]hitch]   events: [lb]-1f] net: PREDICTION DESYNC 1067qu (predicted vs acked-replay origin)[0m
[lb]hitch]   prev: 6.9 6.9 6.9 6.9 6.9 6.9 6.9 6.9[0m
[lb]hitch VSYNC/PRESENT] 22.9ms (med 6.9, ×3.3) — present/vsync-bound (rest 19.0ms, gpu 0.3ms) | proc 3.4 rcpu 0.5 gpu 0.3 rest 19.0 | alloc 185KB | ticks 3, remote.ents 21 | watchdog: 10/11 samples in '(unscoped)'[0m
[portal] 'Portal_0' facing=True onScreen=True -> RENDER near=100.00 size=(384, 384) camQ=<1040, 240, 27.031246> inO=<1216, 208, 32> inF=<-4.371139E-08, 1, 0>
[portal] dump portal0: camG=(-492, 80, -224.00002) near=100.00 size=(384, 384) halfR=64 halfU=64 exitC=<-592, 224, 80>
[portal] 'Portal_1' facing=False onScreen=True -> RENDER near=100.00 size=(384, 384) camQ=<1040, 240, 27.031246> inO=<-592, 224, 80> inF=<-1, -8.742278E-08, 0>
[portal] dump portal1: camG=(1216, 32, -108) near=100.00 size=(384, 384) halfR=64 halfU=64 exitC=<1216, 208, 32>
[lb]hitch VSYNC/PRESENT ×2] 17.0–22.9ms over 0.0s (med 6.9) — present/vsync-bound (rest 19.0ms, gpu 0.3ms)[0m
[lb]hitch EXTERNAL] 134.7ms (7 dropped @60Hz) (med 6.9, ×19.4) — rest-dominated, game-side quiet — OS/compositor/driver | proc 2.4 rcpu 0.4 gpu 0.4 rest 131.9 | alloc 40KB | ticks 3, remote.ents 21 | watchdog: 222/222 samples in '(unscoped)'[0m
[lb]frameprofile] scene: nodes 2852 objs-drawn 1875 draws 522 vram 3215MB[0m
[lb]frameprofile] census: Label 876  HBoxContainer 218  Control 157  Dependent 113  Button 110  CvarCheckBox 104  VBoxContainer 78  HSlider 62  CvarSlider 58  MarginContainer 52[0m
[lb]frameprofile] 243 frames: p50 6.9 p95 133.4 p99 143.6 p99.9 146.1ms (max 148.2) | 1 EXTERNAL, 1 PIPELINE-COMPILE, 2 VSYNC/PRESENT | alloc 394MB/s heap 214.3MB | proc 1.2 gpu 0.4[0m
[lb]frameprofile] ms/frame: iqm.mesh 32.1  iqm.materials 31.6  iqm.anims 5.7  proc:other 5.0  cev.process 1.5  ng.process 1.3  server.tick 0.7  net.send 0.3  cw.process 0.1  net.poll 0.1[0m
[lb]hitch VSYNC/PRESENT] 14.0ms (med 6.9, ×2.0) — present/vsync-bound (rest 11.8ms, gpu 0.4ms) | proc 1.8 rcpu 0.4 gpu 0.4 rest 11.8 | alloc 152KB | ticks 1, remote.ents 21 | watchdog: 5/5 samples in '(unscoped)'[0m
[lb]hitch]   gpu: draws 522, pipeline compiles +0, vram 3215MB[0m
[lb]hitch]   prev: 6.9 6.9 6.9 6.9 6.9 6.9 6.9 6.9[0m
[portal] 'Portal_0' facing=True onScreen=True -> RENDER near=100.00 size=(384, 384) camQ=<1040, 240, 27.03125> inO=<1216, 208, 32> inF=<-4.371139E-08, 1, 0>
[portal] dump portal0: camG=(-492, 80, -224.00002) near=100.00 size=(384, 384) halfR=64 halfU=64 exitC=<-592, 224, 80>
[portal] 'Portal_1' facing=False onScreen=True -> RENDER near=100.00 size=(384, 384) camQ=<1040, 240, 27.03125> inO=<-592, 224, 80> inF=<-1, -8.742278E-08, 0>
[portal] dump portal1: camG=(1216, 32, -108) near=100.00 size=(384, 384) halfR=64 halfU=64 exitC=<1216, 208, 32>
[lb]hitch EXTERNAL] 144.1ms (8 dropped @60Hz) (med 6.9, ×20.8) — rest-dominated, game-side quiet — OS/compositor/driver | proc 2.0 rcpu 0.5 gpu 0.4 rest 141.6 | alloc 40KB | ticks 3, remote.ents 21 | watchdog: 214/214 samples in '(unscoped)'[0m
[lb]bots] waypoints for 'stormkeep': nodes=99 (file=loaded, cache=yes)[0m
[lb]hitch CPU-LOGIC] 110.2ms (6 dropped @60Hz) (med 6.9, ×15.9) — ng.process 94.9ms (typ 10.9ms, 9× over) | proc 106.7 rcpu 0.5 gpu 0.4 rest 3.0 | alloc 272KB | ticks 3, remote.ents 22 | watchdog: 28/64 samples in 'bot.path'[0m
[lb]hitch]   gpu: draws 522, pipeline compiles +0, vram 3215MB[0m
[lb]hitch]   events: anim cache HIT models/player/ignismasked.iqm[0m
[lb]hitch]   prev: 6.9 6.9 6.9 6.9 6.9 6.9 6.9 6.9[0m
[lb]hitch PIPELINE-COMPILE] 133.3ms (7 dropped @60Hz) (med 6.9, ×19.2) — 1 pipeline compile(s) — SYNC[lb]surface+1 draw+0] async[lb]mesh+0 spec+0] canvas+0 | proc 21.1 rcpu 0.4 gpu 0.4 rest 111.8 | alloc 94.1MB | ticks 3, remote.ents 22 | watchdog: 3/10 samples in 'bot.path'[0m
[lb]hitch GC-PAUSE] 35.9ms (1 dropped @60Hz) (med 6.9, ×5.2) — gen2/GC-pause tail (prior frame paused 1.5ms; this frame rest-dominated) | proc 4.9 rcpu 0.4 gpu 0.7 rest 30.5 | alloc 64.1MB | ticks 3, remote.ents 22 | watchdog: 11/19 samples in '(unscoped)'[0m
[lb]hitch VSYNC/PRESENT] 14.1ms (med 6.9, ×2.0) — present/vsync-bound (rest 8.9ms, gpu 0.7ms) | proc 4.3 rcpu 1.0 gpu 0.7 rest 8.9 | alloc 135KB | ticks 3, remote.ents 22[0m
[portal] 'Portal_0' facing=True onScreen=True -> RENDER near=100.00 size=(384, 384) camQ=<1040, 240, 27.03125> inO=<1216, 208, 32> inF=<-4.371139E-08, 1, 0>
[portal] dump portal0: camG=(-492, 80, -224.00002) near=100.00 size=(384, 384) halfR=64 halfU=64 exitC=<-592, 224, 80>
[portal] 'Portal_1' facing=False onScreen=True -> RENDER near=100.00 size=(384, 384) camQ=<1040, 240, 27.03125> inO=<-592, 224, 80> inF=<-1, -8.742278E-08, 0>
[portal] dump portal1: camG=(1216, 32, -108) near=100.00 size=(384, 384) halfR=64 halfU=64 exitC=<1216, 208, 32>
[lb]hitch EXTERNAL] 142.3ms (8 dropped @60Hz) (med 6.9, ×20.5) — rest-dominated, game-side quiet — OS/compositor/driver | proc 10.1 rcpu 0.9 gpu 1.8 rest 131.4 | alloc 70KB | ticks 3, remote.ents 22 | watchdog: 3/3 samples in 'stream.build'[0m
[lb]hitch VSYNC/PRESENT] 16.7ms (med 6.9, ×2.4) — present/vsync-bound (rest 9.5ms, gpu 0.8ms) | proc 6.7 rcpu 0.5 gpu 0.8 rest 9.5 | alloc 60KB | ticks 3, remote.ents 22[0m
[portal] 'Portal_0' facing=True onScreen=True -> RENDER near=100.00 size=(384, 384) camQ=<1040, 240, 27.03125> inO=<1216, 208, 32> inF=<-4.371139E-08, 1, 0>
[portal] dump portal0: camG=(-492, 80, -224.00002) near=100.00 size=(384, 384) halfR=64 halfU=64 exitC=<-592, 224, 80>
[portal] 'Portal_1' facing=False onScreen=True -> RENDER near=100.00 size=(384, 384) camQ=<1040, 240, 27.03125> inO=<-592, 224, 80> inF=<-1, -8.742278E-08, 0>
[portal] dump portal1: camG=(1216, 32, -108) near=100.00 size=(384, 384) halfR=64 halfU=64 exitC=<1216, 208, 32>
[lb]hitch VSYNC/PRESENT ×3] 14.6–16.7ms over 0.4s (med 6.9) — present/vsync-bound (rest 9.5ms, gpu 0.8ms)[0m
[lb]hitch EXTERNAL] 145.3ms (8 dropped @60Hz) (med 6.9, ×20.9) — rest-dominated, game-side quiet — OS/compositor/driver | proc 4.7 rcpu 0.4 gpu 0.8 rest 140.2 | alloc 48KB | ticks 3, remote.ents 22 | watchdog: 221/221 samples in '(unscoped)'[0m
[lb]hitch]   gpu: draws 522, pipeline compiles +0, vram 3205MB[0m
[lb]hitch]   prev: 7.1 7.1 7.1 7.1 7.1 7.1 7.1 7.1[0m
[lb]hitch VSYNC/PRESENT] 16.9ms (med 6.9, ×2.4) — present/vsync-bound (rest 12.8ms, gpu 0.9ms) | proc 3.7 rcpu 0.5 gpu 0.9 rest 12.8 | alloc 190KB | ticks 3, remote.ents 22 | watchdog: 3/3 samples in '(unscoped)'[0m
[lb]hitch EXTERNAL] 66.2ms (3 dropped @60Hz) (med 6.9, ×9.5) — rest-dominated, game-side quiet — OS/compositor/driver | proc 4.1 rcpu 0.5 gpu 0.9 rest 61.6 | alloc 48KB | ticks 3, remote.ents 22 | watchdog: 22/38 samples in 'bot.path'[0m
[lb]hitch EXTERNAL ×2] 38.7–66.2ms over 0.2s (med 6.9) — rest-dominated, game-side quiet — OS/compositor/driver[0m
[lb]hitch VSYNC/PRESENT] 16.7ms (med 6.9, ×2.4) — present/vsync-bound (rest 12.9ms, gpu 0.9ms) | proc 3.3 rcpu 0.4 gpu 0.9 rest 12.9 | alloc 40KB | ticks 2, remote.ents 22 | watchdog: 19/23 samples in 'bot.strategy'[0m
[portal] 'Portal_0' facing=True onScreen=True -> RENDER near=100.00 size=(384, 384) camQ=<1040, 240, 27.03125> inO=<1216, 208, 32> inF=<-4.371139E-08, 1, 0>
[portal] dump portal0: camG=(-492, 80, -224.00002) near=100.00 size=(384, 384) halfR=64 halfU=64 exitC=<-592, 224, 80>
[portal] 'Portal_1' facing=False onScreen=True -> RENDER near=100.00 size=(384, 384) camQ=<1040, 240, 27.03125> inO=<-592, 224, 80> inF=<-1, -8.742278E-08, 0>
[portal] dump portal1: camG=(1216, 32, -108) near=100.00 size=(384, 384) halfR=64 halfU=64 exitC=<1216, 208, 32>
[lb]hitch CPU-LOGIC] 149.9ms (8 dropped @60Hz) (med 6.9, ×21.6) — ng.process 91.6ms (typ 5.7ms, 16× over) | proc 92.9 rcpu 0.5 gpu 0.9 rest 56.5 | alloc 48KB | ticks 3, remote.ents 22 | watchdog: 35/55 samples in 'bot.path'[0m
[lb]hitch]   gpu: draws 529, pipeline compiles +0, vram 3205MB[0m
[lb]hitch]   prev: 6.7 6.7 6.7 6.7 6.7 6.7 6.7 6.7[0m
[lb]hitch EXTERNAL] 102.7ms (5 dropped @60Hz) (med 6.9, ×14.8) — rest-dominated, game-side quiet — OS/compositor/driver | proc 3.6 rcpu 0.4 gpu 1.0 rest 98.6 | alloc 163KB | ticks 3, remote.ents 22 | watchdog: 35/59 samples in 'bot.path'[0m
[lb]hitch VSYNC/PRESENT] 14.0ms (med 6.9, ×2.0) — present/vsync-bound (rest 8.6ms, gpu 1.0ms) | proc 5.0 rcpu 0.4 gpu 1.0 rest 8.6 | alloc 56KB | ticks 3, remote.ents 22[0m
[portal] 'Portal_0' facing=True onScreen=True -> RENDER near=100.00 size=(384, 384) camQ=<1040, 240, 27.03125> inO=<1216, 208, 32> inF=<-4.371139E-08, 1, 0>
[portal] dump portal0: camG=(-492, 80, -224.00002) near=100.00 size=(384, 384) halfR=64 halfU=64 exitC=<-592, 224, 80>
[portal] 'Portal_1' facing=False onScreen=True -> RENDER near=100.00 size=(384, 384) camQ=<1040, 240, 27.03125> inO=<-592, 224, 80> inF=<-1, -8.742278E-08, 0>
[portal] dump portal1: camG=(1216, 32, -108) near=100.00 size=(384, 384) halfR=64 halfU=64 exitC=<1216, 208, 32>
[lb]hitch VSYNC/PRESENT ×2] 13.4–14.0ms over 0.0s (med 6.9) — present/vsync-bound (rest 8.6ms, gpu 1.0ms)[0m
[lb]hitch EXTERNAL] 137.6ms (7 dropped @60Hz) (med 6.9, ×19.8) — rest-dominated, game-side quiet — OS/compositor/driver | proc 4.0 rcpu 0.5 gpu 1.0 rest 133.1 | alloc 40KB | ticks 3, remote.ents 22 | watchdog: 219/226 samples in '(unscoped)'[0m
[lb]hitch]   gpu: draws 529, pipeline compiles +0, vram 3205MB[0m
[lb]hitch]   prev: 6.9 6.9 6.9 6.9 6.9 6.9 6.9 6.9[0m
[lb]hitch VSYNC/PRESENT] 18.2ms (med 6.9, ×2.6) — present/vsync-bound (rest 14.0ms, gpu 1.0ms) | proc 3.8 rcpu 0.4 gpu 1.0 rest 14.0 | alloc 175KB | ticks 3, remote.ents 22[0m
[lb]hitch EXTERNAL] 34.9ms (1 dropped @60Hz) (med 6.9, ×5.0) — rest-dominated, game-side quiet — OS/compositor/driver | proc 2.7 rcpu 0.4 gpu 0.6 rest 31.8 | alloc 40KB | ticks 2, remote.ents 22 | watchdog: 10/15 samples in 'bot.strategy'[0m
[lb]hitch]   gpu: draws 529, pipeline compiles +0, vram 3205MB[0m
[lb]hitch]   prev: 6.9 6.9 6.9 6.9 6.9 6.9 6.9 6.9[0m
[lb]hitch VSYNC/PRESENT] 16.7ms (med 6.9, ×2.4) — present/vsync-bound (rest 13.6ms, gpu 0.6ms) | proc 2.2 rcpu 0.8 gpu 0.6 rest 13.6 | alloc 181KB | ticks 1, remote.ents 22[0m
[portal] 'Portal_0' facing=True onScreen=True -> RENDER near=100.00 size=(384, 384) camQ=<1040, 240, 27.03125> inO=<1216, 208, 32> inF=<-4.371139E-08, 1, 0>
[portal] dump portal0: camG=(-492, 80, -224.00002) near=100.00 size=(384, 384) halfR=64 halfU=64 exitC=<-592, 224, 80>
[portal] 'Portal_1' facing=False onScreen=True -> RENDER near=100.00 size=(384, 384) camQ=<1040, 240, 27.03125> inO=<-592, 224, 80> inF=<-1, -8.742278E-08, 0>
[portal] dump portal1: camG=(1216, 32, -108) near=100.00 size=(384, 384) halfR=64 halfU=64 exitC=<1216, 208, 32>
[lb]hitch EXTERNAL] 133.4ms (7 dropped @60Hz) (med 6.9, ×19.2) — rest-dominated, game-side quiet — OS/compositor/driver | proc 3.2 rcpu 0.4 gpu 0.6 rest 129.8 | alloc 48KB | ticks 3, remote.ents 22 | watchdog: 224/224 samples in '(unscoped)'[0m
[wz] cross client=True 'player' o <1230.1547, 206.15332, -7.968749>-><-593.8467, 209.84534, 40.03125> v <-217.70808, -316.20148, 0>-><-316.2015, 217.70807, 0> a <1.1264542, 215.12778, 0>-><1.1264648, 125.12778, 0> | in o=<1216, 208, 32> f=<-4.371139E-08, 1, 0> | out o=<-592, 224, 80> f=<-1, -8.742278E-08, 0>
[lb]hitch MIXED] 15.0ms (med 6.9, ×2.2) — mixed — proc:other 3.2ms | proc 6.0 rcpu 1.2 gpu 0.7 rest 7.8 | alloc 76.3MB | ticks 1, remote.ents 21 | watchdog: 5/5 samples in '(unscoped)'[0m
[lb]hitch]   gpu: draws 522, pipeline compiles +0, vram 3206MB[0m
[lb]hitch]   events: [lb]-2f] anim cache HIT models/player/pyria.iqm; [lb]-2f] anim cache HIT models/player/nyx.iqm; [lb]-2f] anim cache HIT models/player/seraphina.iqm; [lb]-2f] anim cache HIT models/player/umbra.iqm; [lb]-2f] stream: idle-warm models/player/nyx.iqm (parse) built (0.3ms); [lb]-2f] stream: idle-warm models/player/pyria.iqm (parse) built (0.0ms); [lb]-2f] stream: idle-warm models/player/seraphina.iqm (parse) built (0.0ms); [lb]-2f] stream: idle-warm models/player/umbra.iqm (parse) built (0.0ms); [lb]-1f] stream: idle-warm models/player/nyx.iqm tex textures/shadowheadfb_pants built (0.0ms); [lb]-1f] stream: idle-warm models/player/nyx.iqm tex textures/nyxfullbright_pants built (0.0ms); [lb]-1f] stream: idle-warm models/player/pyria.iqm tex textures/pyriahair built (0.0ms); [lb]-1f] stream: idle-warm models/player/pyria.iqm tex textures/pyriahair_norm built (0.0ms); [lb]-1f] stream: idle-warm models/player/pyria.iqm tex textures/pyriahair_gloss built (0.0ms); [lb]-1f] stream: idle-warm models/player/pyria.iqm tex textures/pyriahair_glow built (0.0ms); [lb]-1f] stream: idle-warm models/player/pyria.iqm tex textures/pyriahair_reflect built (0.0ms); [lb]-1f] stream: idle-warm models/player/pyria.iqm tex textures/pyriahair_shirt built (0.0ms); [lb]-1f] stream: idle-warm models/player/pyria.iqm tex textures/pyriahair_pants built (0.0ms); stream: idle-warm models/player/nyx.iqm tex textures/shadowheadfb_reflect built (0.0ms); stream: idle-warm models/player/pyria.iqm tex textures/pyriafullbright_pants built (0.0ms); stream: idle-warm models/player/seraphina.iqm tex textures/seraphina_shirt built (0.0ms); stream: idle-warm models/player/seraphina.iqm tex textures/seraphina_pants built (0.0ms); stream: idle-warm models/player/seraphina.iqm tex textures/ignisfullbright built (0.0ms); stream: idle-warm models/player/seraphina.iqm tex textures/ignisfullbright_norm built (0.0ms); stream: idle-warm models/player/seraphina.iqm tex textures/ignisfullbright_gloss built (0.0ms); stream: idle-warm models/player/seraphina.iqm tex textures/ignisfullbright_glow built (0.0ms); stream: idle-warm models/player/seraphina.iqm tex textures/ignisfullbright_reflect built (0.0ms); stream: idle-warm models/player/seraphina.iqm tex textures/ignisfullbright_shirt built (0.0ms); stream: idle-warm models/player/seraphina.iqm tex textures/ignisfullbright_pants built (0.0ms)[0m
[lb]hitch]   prev: 6.9 6.9 6.9 6.9 6.9 6.9 6.9 9.9[0m
[lb]hitch VSYNC/PRESENT] 20.9ms (med 6.9, ×3.0) — present/vsync-bound (rest 14.2ms, gpu 0.6ms) | proc 5.8 rcpu 0.8 gpu 0.6 rest 14.2 | alloc 86.3MB | ticks 1, remote.ents 21 | watchdog: 9/9 samples in '(unscoped)'[0m
[lb]hitch MIXED] 13.3ms (med 6.9, ×1.9) — mixed — proc:other 2.7ms | proc 5.3 rcpu 0.8 gpu 0.6 rest 7.3 | alloc 379KB | ticks 1, remote.ents 21 | watchdog: 3/3 samples in '(unscoped)'[0m
[portal] 'Portal_0' facing=True onScreen=True -> RENDER near=100.00 size=(384, 384) camQ=<1040, 240, 27.03125> inO=<1216, 208, 32> inF=<-4.371139E-08, 1, 0>
[portal] dump portal0: camG=(-492, 80, -224.00002) near=100.00 size=(384, 384) halfR=64 halfU=64 exitC=<-592, 224, 80>
[portal] 'Portal_1' facing=False onScreen=True -> RENDER near=100.00 size=(384, 384) camQ=<1040, 240, 27.03125> inO=<-592, 224, 80> inF=<-1, -8.742278E-08, 0>
[portal] dump portal1: camG=(1216, 32, -108) near=100.00 size=(384, 384) halfR=64 halfU=64 exitC=<1216, 208, 32>
[lb]hitch EXTERNAL] 131.9ms (7 dropped @60Hz) (med 6.9, ×19.0) — rest-dominated, game-side quiet — OS/compositor/driver | proc 12.3 rcpu 0.8 gpu 0.6 rest 118.8 | alloc 30.0MB | ticks 3, remote.ents 21 | watchdog: 2/4 samples in 'stream.build'[0m
[lb]hitch VSYNC/PRESENT] 20.5ms (med 6.9, ×3.0) — present/vsync-bound (rest 12.4ms, gpu 0.6ms) | proc 7.7 rcpu 0.5 gpu 0.6 rest 12.4 | alloc 363KB | ticks 3, remote.ents 21[0m
[lb]hitch MIXED] 15.1ms (med 6.9, ×2.2) — mixed — stream.build 3.0ms | proc 7.5 rcpu 0.5 gpu 0.9 rest 7.1 | alloc 462KB | ticks 3, remote.ents 21[0m
[lb]frameprofile] scene: nodes 2894 objs-drawn 1964 draws 546 vram 3212MB[0m
[lb]frameprofile] census: Label 876  HBoxContainer 218  Control 157  Dependent 113  Button 110  CvarCheckBox 104  VBoxContainer 78  HSlider 62  CvarSlider 58  MarginContainer 52[0m
[lb]frameprofile] 505 frames: p50 6.9 p95 14.1 p99 133.4 p99.9 145.4ms (max 149.9) | 10 EXTERNAL, 1 PIPELINE-COMPILE, 1 GC-PAUSE, 13 VSYNC/PRESENT, 2 CPU-LOGIC, 3 MIXED | alloc 180MB/s heap 783.1MB | proc 7.5 gpu 0.9[0m
[lb]frameprofile] ms/frame: ng.process 2.0  server.tick 1.7  sim.move 1.2  move.in 1.0  bot.think 1.0  bot.strategy 0.9  proc:other 0.7  iqm.anims 0.5  bot.path 0.3  cw.process 0.3[0m
[lb]hitch MIXED ×2] 15.1–18.6ms over 0.0s (med 6.9) — mixed — stream.build 3.0ms[0m
[lb]hitch VSYNC/PRESENT] 20.8ms (med 6.9, ×3.0) — present/vsync-bound (rest 15.6ms, gpu 0.9ms) | proc 4.7 rcpu 0.6 gpu 0.9 rest 15.6 | alloc 833KB | ticks 3, remote.ents 21 | watchdog: 5/6 samples in '(unscoped)'[0m
[lb]hitch MIXED] 14.6ms (med 6.9, ×2.1) — mixed — stream.build 3.4ms | proc 8.0 rcpu 0.7 gpu 0.9 rest 5.9 | alloc 413KB | ticks 1, remote.ents 21[0m
[lb]hitch VSYNC/PRESENT] 15.5ms (med 6.9, ×2.2) — present/vsync-bound (rest 9.9ms, gpu 1.6ms) | proc 5.0 rcpu 0.6 gpu 1.6 rest 9.9 | alloc 1.0MB | ticks 1, remote.ents 21 | watchdog: 6/6 samples in '(unscoped)'[0m
[lb]hitch CPU-LOGIC] 13.1ms (med 6.9, ×1.9) — stream.build 3.7ms | proc 8.3 rcpu 0.6 gpu 0.8 rest 4.3 | alloc 2.0MB | ticks 1, remote.ents 21[0m
[lb]hitch VSYNC/PRESENT] 13.3ms (med 6.9, ×1.9) — present/vsync-bound (rest 9.2ms, gpu 0.8ms) | proc 3.7 rcpu 0.4 gpu 0.8 rest 9.2 | alloc 1.3MB | ticks 1, remote.ents 21 | watchdog: 5/7 samples in '(unscoped)'[0m
[IdleWarmer] asset warm queue drained — full asset set is hot.
[portal] 'Portal_0' facing=True onScreen=True -> RENDER near=100.00 size=(384, 384) camQ=<1040, 240, 27.03125> inO=<1216, 208, 32> inF=<-4.371139E-08, 1, 0>
[portal] dump portal0: camG=(-492, 80, -224.00002) near=100.00 size=(384, 384) halfR=64 halfU=64 exitC=<-592, 224, 80>
[portal] 'Portal_1' facing=False onScreen=True -> RENDER near=100.00 size=(384, 384) camQ=<1040, 240, 27.03125> inO=<-592, 224, 80> inF=<-1, -8.742278E-08, 0>
[portal] dump portal1: camG=(1216, 32, -108) near=100.00 size=(384, 384) halfR=64 halfU=64 exitC=<1216, 208, 32>
[lb]hitch EXTERNAL] 145.9ms (8 dropped @60Hz) (med 6.9, ×21.0) — rest-dominated, game-side quiet — OS/compositor/driver | proc 3.1 rcpu 0.4 gpu 0.9 rest 142.3 | alloc 48KB | ticks 3, remote.ents 21 | watchdog: 232/232 samples in '(unscoped)'[0m
[lb]hitch]   gpu: draws 522, pipeline compiles +0, vram 3321MB[0m
[lb]hitch]   prev: 6.7 6.7 6.7 6.7 6.7 6.7 6.7 6.7[0m
[lb]hitch VSYNC/PRESENT] 16.7ms (med 6.9, ×2.4) — present/vsync-bound (rest 10.5ms, gpu 0.9ms) | proc 5.8 rcpu 0.4 gpu 0.9 rest 10.5 | alloc 170KB | ticks 3, remote.ents 21[0m
[lb]hitch VSYNC/PRESENT ×2] 16.7–16.7ms over 0.0s (med 6.9) — present/vsync-bound (rest 10.5ms, gpu 0.9ms)[0m
[lb]hitch EXTERNAL] 25.4ms (1 dropped @60Hz) (med 6.9, ×3.7) — rest-dominated, game-side quiet — OS/compositor/driver | proc 2.2 rcpu 0.7 gpu 1.0 rest 22.6 | alloc 40KB | ticks 1, remote.ents 21 | watchdog: 9/12 samples in 'bot.strategy'[0m
[portal] 'Portal_0' facing=True onScreen=True -> RENDER near=100.00 size=(384, 384) camQ=<1040, 240, 27.03125> inO=<1216, 208, 32> inF=<-4.371139E-08, 1, 0>
[portal] dump portal0: camG=(-492, 80, -224.00002) near=100.00 size=(384, 384) halfR=64 halfU=64 exitC=<-592, 224, 80>
[portal] 'Portal_1' facing=False onScreen=True -> RENDER near=100.00 size=(384, 384) camQ=<1040, 240, 27.03125> inO=<-592, 224, 80> inF=<-1, -8.742278E-08, 0>
[portal] dump portal1: camG=(1216, 32, -108) near=100.00 size=(384, 384) halfR=64 halfU=64 exitC=<1216, 208, 32>
[lb]hitch EXTERNAL ×2] 25.4–131.5ms over 0.6s (med 6.9) — rest-dominated, game-side quiet — OS/compositor/driver[0m
[lb]hitch VSYNC/PRESENT] 14.3ms (med 6.9, ×2.1) — present/vsync-bound (rest 11.1ms, gpu 1.0ms) | proc 2.8 rcpu 0.4 gpu 1.0 rest 11.1 | alloc 40KB | ticks 3, remote.ents 21[0m
[lb]hitch]   gpu: draws 522, pipeline compiles +0, vram 3321MB[0m
[lb]hitch]   prev: 7.1 7.1 7.1 7.1 7.1 7.1 131.5 6.6[0m
[portal] 'Portal_0' facing=True onScreen=True -> RENDER near=100.00 size=(384, 384) camQ=<1040, 240, 27.03125> inO=<1216, 208, 32> inF=<-4.371139E-08, 1, 0>
[portal] dump portal0: camG=(-492, 80, -224.00002) near=100.00 size=(384, 384) halfR=64 halfU=64 exitC=<-592, 224, 80>
[portal] 'Portal_1' facing=False onScreen=True -> RENDER near=100.00 size=(384, 384) camQ=<1040, 240, 27.03125> inO=<-592, 224, 80> inF=<-1, -8.742278E-08, 0>
[portal] dump portal1: camG=(1216, 32, -108) near=100.00 size=(384, 384) halfR=64 halfU=64 exitC=<1216, 208, 32>
[lb]hitch EXTERNAL] 136.1ms (7 dropped @60Hz) (med 6.9, ×19.6) — rest-dominated, game-side quiet — OS/compositor/driver | proc 3.4 rcpu 0.4 gpu 0.4 rest 132.3 | alloc 48KB | ticks 3, remote.ents 21 | watchdog: 220/220 samples in '(unscoped)'[0m
[lb]hitch]   gpu: draws 530, pipeline compiles +0, vram 3321MB[0m
[lb]hitch]   prev: 6.9 6.9 6.9 6.9 6.9 6.9 6.9 6.9[0m
[lb]hitch CPU-LOGIC] 16.7ms (med 6.9, ×2.4) — ng.process 10.8ms (typ 1.6ms, 7× over) | proc 11.6 rcpu 0.5 gpu 0.4 rest 4.6 | alloc 182KB | ticks 3, remote.ents 21 | watchdog: 1/3 samples in 'bot.strategy'[0m
[lb]hitch VSYNC/PRESENT] 16.7ms (med 6.9, ×2.4) — present/vsync-bound (rest 13.3ms, gpu 0.4ms) | proc 3.0 rcpu 0.4 gpu 0.4 rest 13.3 | alloc 48KB | ticks 3, remote.ents 21 | watchdog: 3/6 samples in '(unscoped)'[0m
[portal] 'Portal_0' facing=True onScreen=True -> RENDER near=100.00 size=(384, 384) camQ=<1040, 240, 27.03125> inO=<1216, 208, 32> inF=<-4.371139E-08, 1, 0>
[portal] dump portal0: camG=(-492, 80, -224.00002) near=100.00 size=(384, 384) halfR=64 halfU=64 exitC=<-592, 224, 80>
[portal] 'Portal_1' facing=False onScreen=True -> RENDER near=100.00 size=(384, 384) camQ=<1040, 240, 27.03125> inO=<-592, 224, 80> inF=<-1, -8.742278E-08, 0>
[portal] dump portal1: camG=(1216, 32, -108) near=100.00 size=(384, 384) halfR=64 halfU=64 exitC=<1216, 208, 32>
[lb]hitch VSYNC/PRESENT ×2] 14.3–16.7ms over 0.0s (med 6.9) — present/vsync-bound (rest 13.3ms, gpu 0.4ms)[0m
[lb]hitch EXTERNAL] 136.7ms (7 dropped @60Hz) (med 6.9, ×19.7) — rest-dominated, game-side quiet — OS/compositor/driver | proc 3.0 rcpu 0.4 gpu 0.4 rest 133.3 | alloc 48KB | ticks 3, remote.ents 21 | watchdog: 218/218 samples in '(unscoped)'[0m
[lb]hitch]   gpu: draws 537, pipeline compiles +0, vram 3321MB[0m
[lb]hitch]   prev: 6.9 6.9 6.9 6.9 6.9 6.9 6.9 6.9[0m
[lb]hitch VSYNC/PRESENT] 16.7ms (med 6.9, ×2.4) — present/vsync-bound (rest 12.8ms, gpu 0.4ms) | proc 3.4 rcpu 0.5 gpu 0.4 rest 12.8 | alloc 185KB | ticks 3, remote.ents 21 | watchdog: 3/3 samples in '(unscoped)'[0m
[lb]hitch CPU-LOGIC] 42.1ms (2 dropped @60Hz) (med 6.9, ×6.1) — ng.process 43.1ms (typ 4.9ms, 9× over) | proc 42.1 rcpu 0.4 gpu 0.4 rest 0.0 | alloc 48KB | ticks 3, remote.ents 21 | watchdog: 14/25 samples in 'bot.path'[0m
[lb]hitch EXTERNAL] 50.6ms (2 dropped @60Hz) (med 6.9, ×7.3) — rest-dominated, game-side quiet — OS/compositor/driver | proc 3.6 rcpu 0.5 gpu 0.4 rest 46.6 | alloc 56KB | ticks 3, remote.ents 21 | watchdog: 14/28 samples in 'bot.path'[0m
[portal] 'Portal_0' facing=True onScreen=True -> RENDER near=100.00 size=(384, 384) camQ=<1040, 240, 27.03125> inO=<1216, 208, 32> inF=<-4.371139E-08, 1, 0>
[portal] dump portal0: camG=(-492, 80, -224.00002) near=100.00 size=(384, 384) halfR=64 halfU=64 exitC=<-592, 224, 80>
[portal] 'Portal_1' facing=False onScreen=True -> RENDER near=100.00 size=(384, 384) camQ=<1040, 240, 27.03125> inO=<-592, 224, 80> inF=<-1, -8.742278E-08, 0>
[portal] dump portal1: camG=(1216, 32, -108) near=100.00 size=(384, 384) halfR=64 halfU=64 exitC=<1216, 208, 32>
[lb]hitch EXTERNAL ×2] 50.6–130.7ms over 0.9s (med 6.9) — rest-dominated, game-side quiet — OS/compositor/driver[0m
[lb]hitch VSYNC/PRESENT] 14.4ms (med 6.9, ×2.1) — present/vsync-bound (rest 10.5ms, gpu 0.8ms) | proc 3.4 rcpu 0.5 gpu 0.8 rest 10.5 | alloc 40KB | ticks 3, remote.ents 21[0m
[lb]hitch]   gpu: draws 540, pipeline compiles +0, vram 3321MB[0m
[lb]hitch]   prev: 6.9 6.9 6.9 6.9 6.9 6.9 130.7 9.4[0m
[lb]hitch VSYNC/PRESENT ×2] 13.4–14.4ms over 0.0s (med 6.9) — present/vsync-bound (rest 10.5ms, gpu 0.8ms)[0m
[lb]hitch EXTERNAL] 59.2ms (3 dropped @60Hz) (med 6.9, ×8.5) — rest-dominated, game-side quiet — OS/compositor/driver | proc 3.0 rcpu 0.5 gpu 0.8 rest 55.7 | alloc 48KB | ticks 3, remote.ents 21 | watchdog: 26/29 samples in 'bot.strategy'[0m
[lb]hitch EXTERNAL ×2] 38.9–59.2ms over 0.2s (med 6.9) — rest-dominated, game-side quiet — OS/compositor/driver[0m
[lb]hitch VSYNC/PRESENT] 16.7ms (med 6.9, ×2.4) — present/vsync-bound (rest 12.4ms, gpu 0.8ms) | proc 3.8 rcpu 0.5 gpu 0.8 rest 12.4 | alloc 48KB | ticks 2, remote.ents 21 | watchdog: 25/31 samples in 'bot.path'[0m
[portal] 'Portal_0' facing=True onScreen=True -> RENDER near=100.00 size=(384, 384) camQ=<1040, 240, 27.031246> inO=<1216, 208, 32> inF=<-4.371139E-08, 1, 0>
[portal] dump portal0: camG=(-492, 80, -224.00002) near=100.00 size=(384, 384) halfR=64 halfU=64 exitC=<-592, 224, 80>
[portal] 'Portal_1' facing=False onScreen=True -> RENDER near=100.00 size=(384, 384) camQ=<1040, 240, 27.031246> inO=<-592, 224, 80> inF=<-1, -8.742278E-08, 0>
[portal] dump portal1: camG=(1216, 32, -108) near=100.00 size=(384, 384) halfR=64 halfU=64 exitC=<1216, 208, 32>
[lb]hitch EXTERNAL] 132.1ms (7 dropped @60Hz) (med 6.9, ×19.0) — rest-dominated, game-side quiet — OS/compositor/driver | proc 3.3 rcpu 0.4 gpu 0.9 rest 128.3 | alloc 48KB | ticks 3, remote.ents 21 | watchdog: 221/221 samples in '(unscoped)'[0m
[lb]hitch]   gpu: draws 540, pipeline compiles +0, vram 3321MB[0m
[lb]hitch]   prev: 8.9 6.9 5.5 6.9 6.9 6.9 6.9 5.6[0m
[lb]hitch EXTERNAL ×2] 28.2–132.1ms over 0.1s (med 6.9) — rest-dominated, game-side quiet — OS/compositor/driver[0m
[lb]hitch VSYNC/PRESENT] 14.4ms (med 6.9, ×2.1) — present/vsync-bound (rest 11.9ms, gpu 1.0ms) | proc 2.0 rcpu 0.4 gpu 1.0 rest 11.9 | alloc 40KB | ticks 1, remote.ents 21 | watchdog: 16/20 samples in 'bot.strategy'[0m
[lb]hitch CPU-LOGIC] 13.9ms (med 6.9, ×2.0) — ng.process 7.7ms | proc 8.7 rcpu 0.5 gpu 1.0 rest 4.7 | alloc 40KB | ticks 1, remote.ents 21[0m
[lb]hitch VSYNC/PRESENT] 14.3ms (med 6.9, ×2.1) — present/vsync-bound (rest 11.8ms, gpu 1.0ms) | proc 2.0 rcpu 0.4 gpu 1.0 rest 11.8 | alloc 40KB | ticks 1, remote.ents 21 | watchdog: 3/5 samples in '(unscoped)'[0m
[lb]frameprofile] scene: nodes 2870 objs-drawn 1995 draws 540 vram 3321MB[0m
[lb]frameprofile] census: Label 876  HBoxContainer 218  Control 157  Dependent 113  Button 110  CvarCheckBox 104  VBoxContainer 78  HSlider 62  CvarSlider 58  MarginContainer 52[0m
[lb]frameprofile] 564 frames: p50 6.9 p95 13.4 p99 59.1 p99.9 136.6ms (max 145.9) | 11 EXTERNAL, 15 VSYNC/PRESENT, 4 CPU-LOGIC, 2 MIXED | alloc 4MB/s heap 823.7MB | proc 1.3 gpu 1.0[0m
[lb]frameprofile] ms/frame: ng.process 1.6  server.tick 1.2  sim.move 0.8  proc:other 0.7  move.in 0.6  bot.think 0.6  bot.strategy 0.5  net.send 0.2  move.pm 0.2  bot.path 0.1[0m
[portal] 'Portal_0' facing=True onScreen=True -> RENDER near=100.00 size=(384, 384) camQ=<1040, 240, 27.03125> inO=<1216, 208, 32> inF=<-4.371139E-08, 1, 0>
[portal] dump portal0: camG=(-492, 80, -224.00002) near=100.00 size=(384, 384) halfR=64 halfU=64 exitC=<-592, 224, 80>
[portal] 'Portal_1' facing=False onScreen=True -> RENDER near=100.00 size=(384, 384) camQ=<1040, 240, 27.03125> inO=<-592, 224, 80> inF=<-1, -8.742278E-08, 0>
[portal] dump portal1: camG=(1216, 32, -108) near=100.00 size=(384, 384) halfR=64 halfU=64 exitC=<1216, 208, 32>
[lb]hitch VSYNC/PRESENT ×2] 13.8–14.3ms over 0.1s (med 6.9) — present/vsync-bound (rest 11.8ms, gpu 1.0ms)[0m
[lb]hitch EXTERNAL] 144.1ms (8 dropped @60Hz) (med 6.9, ×20.8) — rest-dominated, game-side quiet — OS/compositor/driver | proc 3.4 rcpu 0.4 gpu 1.0 rest 140.3 | alloc 40KB | ticks 3, remote.ents 21 | watchdog: 236/236 samples in '(unscoped)'[0m
[lb]hitch]   gpu: draws 540, pipeline compiles +0, vram 3321MB[0m
[lb]hitch]   prev: 6.9 6.9 6.9 6.9 6.9 6.9 6.9 6.9[0m
[lb]hitch VSYNC/PRESENT] 20.9ms (med 6.9, ×3.0) — present/vsync-bound (rest 17.2ms, gpu 1.7ms) | proc 3.2 rcpu 0.4 gpu 1.7 rest 17.2 | alloc 164KB | ticks 3, remote.ents 21 | watchdog: 4/4 samples in '(unscoped)'[0m
[lb]hitch EXTERNAL] 79.0ms (4 dropped @60Hz) (med 6.9, ×11.4) — rest-dominated, game-side quiet — OS/compositor/driver | proc 3.6 rcpu 0.4 gpu 1.0 rest 75.0 | alloc 48KB | ticks 3, remote.ents 21 | watchdog: 38/43 samples in 'bot.strategy'[0m
[lb]hitch VSYNC/PRESENT] 16.7ms (med 6.9, ×2.4) — present/vsync-bound (rest 12.0ms, gpu 0.9ms) | proc 4.2 rcpu 0.5 gpu 0.9 rest 12.0 | alloc 80KB | ticks 3, remote.ents 21[0m
[lb]hitch]   gpu: draws 541, pipeline compiles +0, vram 3321MB[0m
[lb]hitch]   prev: 6.9 6.9 6.9 6.9 6.9 6.9 6.9 79.0[0m
[lb]hitch EXTERNAL] 27.6ms (1 dropped @60Hz) (med 6.9, ×4.0) — rest-dominated, game-side quiet — OS/compositor/driver | proc 3.0 rcpu 0.5 gpu 1.0 rest 24.2 | alloc 48KB | ticks 2, remote.ents 21 | watchdog: 10/14 samples in 'bot.strategy'[0m
[portal] 'Portal_0' facing=True onScreen=True -> RENDER near=100.00 size=(384, 384) camQ=<1040, 240, 27.03125> inO=<1216, 208, 32> inF=<-4.371139E-08, 1, 0>
[portal] dump portal0: camG=(-492, 80, -224.00002) near=100.00 size=(384, 384) halfR=64 halfU=64 exitC=<-592, 224, 80>
[portal] 'Portal_1' facing=False onScreen=True -> RENDER near=100.00 size=(384, 384) camQ=<1040, 240, 27.03125> inO=<-592, 224, 80> inF=<-1, -8.742278E-08, 0>
[portal] dump portal1: camG=(1216, 32, -108) near=100.00 size=(384, 384) halfR=64 halfU=64 exitC=<1216, 208, 32>
[lb]hitch EXTERNAL ×2] 27.6–143.9ms over 0.4s (med 6.9) — rest-dominated, game-side quiet — OS/compositor/driver[0m
[lb]hitch VSYNC/PRESENT] 23.1ms (med 6.9, ×3.3) — present/vsync-bound (rest 18.5ms, gpu 0.9ms) | proc 4.2 rcpu 0.5 gpu 0.9 rest 18.5 | alloc 48KB | ticks 3, remote.ents 21 | watchdog: 6/10 samples in 'bot.path'[0m
[lb]hitch VSYNC/PRESENT ×2] 15.5–23.1ms over 0.0s (med 6.9) — present/vsync-bound (rest 18.5ms, gpu 0.9ms)[0m
[lb]hitch MIXED] 43.4ms (2 dropped @60Hz) (med 6.9, ×6.2) — mixed — ng.process 20.2ms | proc 21.2 rcpu 0.4 gpu 0.6 rest 21.8 | alloc 48KB | ticks 3, remote.ents 21 | watchdog: 5/11 samples in 'bot.path'[0m
[lb]hitch]   gpu: draws 541, pipeline compiles +0, vram 3321MB[0m
[lb]hitch]   prev: 6.9 7.0 6.9 6.9 6.9 6.9 6.9 7.0[0m
[lb]hitch EXTERNAL] 37.6ms (1 dropped @60Hz) (med 6.9, ×5.4) — rest-dominated, game-side quiet — OS/compositor/driver | proc 4.0 rcpu 0.5 gpu 0.6 rest 33.2 | alloc 169KB | ticks 3, remote.ents 21 | watchdog: 6/15 samples in '(unscoped)'[0m
[lb]hitch VSYNC/PRESENT] 17.0ms (med 6.9, ×2.5) — present/vsync-bound (rest 14.4ms, gpu 0.6ms) | proc 2.1 rcpu 0.5 gpu 0.6 rest 14.4 | alloc 40KB | ticks 1, remote.ents 21[0m
[portal] 'Portal_0' facing=True onScreen=True -> RENDER near=100.00 size=(384, 384) camQ=<1040, 240, 27.03125> inO=<1216, 208, 32> inF=<-4.371139E-08, 1, 0>
[portal] dump portal0: camG=(-492, 80, -224.00002) near=100.00 size=(384, 384) halfR=64 halfU=64 exitC=<-592, 224, 80>
[portal] 'Portal_1' facing=False onScreen=True -> RENDER near=100.00 size=(384, 384) camQ=<1040, 240, 27.03125> inO=<-592, 224, 80> inF=<-1, -8.742278E-08, 0>
[portal] dump portal1: camG=(1216, 32, -108) near=100.00 size=(384, 384) halfR=64 halfU=64 exitC=<1216, 208, 32>
[lb]hitch EXTERNAL] 137.3ms (7 dropped @60Hz) (med 6.9, ×19.8) — rest-dominated, game-side quiet — OS/compositor/driver | proc 4.3 rcpu 0.5 gpu 0.6 rest 132.6 | alloc 40KB | ticks 3, remote.ents 21 | watchdog: 230/230 samples in '(unscoped)'[0m
[lb]hitch VSYNC/PRESENT] 13.3ms (med 6.9, ×1.9) — present/vsync-bound (rest 9.1ms, gpu 0.6ms) | proc 3.7 rcpu 0.5 gpu 0.6 rest 9.1 | alloc 40KB | ticks 3, remote.ents 21[0m
[portal] 'Portal_0' facing=True onScreen=True -> RENDER near=100.00 size=(384, 384) camQ=<1040, 240, 27.03125> inO=<1216, 208, 32> inF=<-4.371139E-08, 1, 0>
[portal] dump portal0: camG=(-492, 80, -224.00002) near=100.00 size=(384, 384) halfR=64 halfU=64 exitC=<-592, 224, 80>
[portal] 'Portal_1' facing=False onScreen=True -> RENDER near=100.00 size=(384, 384) camQ=<1040, 240, 27.03125> inO=<-592, 224, 80> inF=<-1, -8.742278E-08, 0>
[portal] dump portal1: camG=(1216, 32, -108) near=100.00 size=(384, 384) halfR=64 halfU=64 exitC=<1216, 208, 32>
[lb]hitch VSYNC/PRESENT ×2] 13.3–13.8ms over 0.0s (med 6.7) — present/vsync-bound (rest 9.1ms, gpu 0.6ms)[0m
[lb]hitch EXTERNAL] 138.9ms (7 dropped @60Hz) (med 6.7, ×20.8) — rest-dominated, game-side quiet — OS/compositor/driver | proc 4.3 rcpu 0.5 gpu 0.6 rest 134.1 | alloc 83KB | ticks 3, remote.ents 21 | watchdog: 224/224 samples in '(unscoped)'[0m
[lb]hitch]   gpu: draws 543, pipeline compiles +0, vram 3321MB[0m
[lb]hitch]   prev: 6.9 6.9 6.9 6.8 6.9 6.9 6.9 6.9[0m
[lb]hitch VSYNC/PRESENT] 18.8ms (med 6.7, ×2.8) — present/vsync-bound (rest 15.1ms, gpu 0.6ms) | proc 3.2 rcpu 0.5 gpu 0.6 rest 15.1 | alloc 192KB | ticks 3, remote.ents 21 | watchdog: 3/3 samples in '(unscoped)'[0m
[lb]hitch VSYNC/PRESENT ×2] 14.6–18.8ms over 0.0s (med 6.7) — present/vsync-bound (rest 15.1ms, gpu 0.6ms)[0m
=== frame profiler session summary (39s, 1643 frames) ===[0m
  fps: avg 91.3  1%low 7  0.1%low 7  (median 6.9ms, worst 149.9ms)[0m
  hitches: 83 total — 29 EXTERNAL, 2 PIPELINE-COMPILE, 1 GC-PAUSE, 39 VSYNC/PRESENT, 6 CPU-LOGIC, 6 MIXED[0m
    worst[lb]1]: 149.9ms CPU-LOGIC (ng.process) @ t=25.8s[0m
    worst[lb]2]: 145.9ms EXTERNAL (ng.process) @ t=29.7s[0m
    worst[lb]3]: 145.3ms EXTERNAL (ng.process) @ t=24.7s[0m
    worst[lb]4]: 144.1ms EXTERNAL (ng.process) @ t=22.7s[0m
    worst[lb]5]: 144.1ms EXTERNAL (ng.process) @ t=35.8s[0m
  gc: g0+85 g1+58 g2+34, total pause 258ms[0m
  alloc: 2.7GB total, 4MB/s recent, peak 433.9MB in one frame @ t=5.7s, heap 821.1MB[0m
