Godot Engine v4.6.3.stable.mono.official.7d41c59c4 - https://godotengine.org
Vulkan 1.4.341 - Forward+ - Using Device #0: NVIDIA - NVIDIA GeForce RTX 3080

[lb]frameprofiler] env: managed-debugger=False godot-context=debug csharp=Debug vsync=Enabled maxfps=0 refresh=60Hz cpu=24c gpu=NVIDIA GeForce RTX 3080[0m
[lb]frameprofiler] columns: proc=all _Process CPU | rcpu=render-thread submit | gpu=main viewport GPU | rest=present/vsync/stall (ms-proc-rcpu) | alloc=managed garbage/frame | pipe=shader-pipeline compiles[0m
=== XonoticGodot boot ===[0m
Weapons:   27[0m
Items:     21[0m
Mutators:  46[0m
GameTypes: 20[0m
[lb]MenuState] config: 6462 cvars from 25 cfg files (374 aliases, 0 missing).[0m
[lb]shell] --cvar sv_warpzone_trace = "1"[0m
[lb]shell] --cvar wz_portal_force = "1"[0m
[lb]shell] --cvar wz_portal_dump = "1"[0m
[lb]shell] --cvar wz_portal_headon = "4"[0m
[lb]video] vid_vsync 2 → requested Mailbox, actual Mailbox[0m
[lb]video] cl_maxfps 256 -> Engine.MaxFps 144 (refresh 60Hz)[0m
[lb]video] process priority AboveNormal (sys_priority_boost 1)[0m
[MenuCommand] 'playerstats_update' has no client backend yet (inert).
[lb]Shell] hosting listen server: gametype=dm map=stormkeep bots=0 skill=0 timelimit=0 fraglimit=0[0m
[AssetSystem] loaded 2439 shaders from 185 scripts.
[NetTransport.Server] listening on UDP 26000 (max 16).
[ServerNet] LAN discovery: answering getinfo on UDP 26001 (game port 26000).
[NetTransport.Client] connecting to 127.0.0.1:26000 …
[EffectSystem] effectinfo: 301 effects, particlefont atlas: loaded, style overlay: 0 effects
[Particles] backend=original (cl_particles_modern=0)
[AssetLoader] model 'models/items/buff.md3' read failed: Asset not found in any mount: "models/items/buff.md3".
[AssetLoader] 'models/casing_shell.mdl' is not a known model (magic "IDPO?").
[MapLoader] occluder: 90016 verts / 107956 tris (r_occlusion_cull A/B)
[MapLoader] 'stormkeep' materials: lightmapped=34 vertexLit=3 plain=8 glow=4 normalMapped=34 (deluxe=True, internalPages=0, atlas=1p, cellSize=131072, cells=8, surfaces=188)
[MapLoader] 'stormkeep' portal surfaces: 2 (from 2 faces), pocket decor: 5 (from 5 faces)
[DecalSplats] geometry: 106027 render triangles, 502 grid cells
[Skybox] loaded 'env/extragalactic/asteroids'.
[PortalRenderer] 2 live portal(s)
[portal] 'Portal_0' facing=False onScreen=False -> RENDER near=0.05 size=(384, 384) camQ=<0, -0, 0> inO=<1216, 208, 32> inF=<-4.371139E-08, 1, 0>
[portal] dump portal0: camG=(0, 0, 0) near=0.05 size=(384, 384) halfR=64 halfU=64 exitC=<-592, 224, 80>
[portal] 'Portal_1' facing=False onScreen=False -> RENDER near=0.05 size=(384, 384) camQ=<0, -0, 0> inO=<-592, 224, 80> inF=<-1, -8.742278E-08, 0>
[portal] dump portal1: camG=(0, 0, 0) near=0.05 size=(384, 384) halfR=64 halfU=64 exitC=<1216, 208, 32>
[NetGame] map music: 'cdtracks/track005' (from mapinfo/worldspawn)
[portal] 'Portal_0' facing=False onScreen=False -> RENDER near=2.50 size=(384, 384) camQ=<0, -0, 0> inO=<1216, 208, 32> inF=<-4.371139E-08, 1, 0>
[portal] dump portal0: camG=(-590, 80, -224) near=2.50 size=(384, 384) halfR=64 halfU=64 exitC=<-592, 224, 80>
[portal] 'Portal_1' facing=False onScreen=True -> RENDER near=2.50 size=(384, 384) camQ=<0, -0, 0> inO=<-592, 224, 80> inF=<-1, -8.742278E-08, 0>
[portal] dump portal1: camG=(1216, 32, -206) near=2.50 size=(384, 384) halfR=64 halfU=64 exitC=<1216, 208, 32>
[portal] 'Portal_0' facing=False onScreen=False -> RENDER near=2.50 size=(384, 384) camQ=<0, -0, 0> inO=<1216, 208, 32> inF=<-4.371139E-08, 1, 0>
[portal] dump portal0: camG=(-590, 80, -224) near=2.50 size=(384, 384) halfR=64 halfU=64 exitC=<-592, 224, 80>
[portal] 'Portal_1' facing=False onScreen=True -> RENDER near=2.50 size=(384, 384) camQ=<0, -0, 0> inO=<-592, 224, 80> inF=<-1, -8.742278E-08, 0>
[portal] dump portal1: camG=(1216, 32, -206) near=2.50 size=(384, 384) halfR=64 halfU=64 exitC=<1216, 208, 32>
[portal] 'Portal_0' facing=False onScreen=False -> RENDER near=2.50 size=(384, 384) camQ=<0, -0, 0> inO=<1216, 208, 32> inF=<-4.371139E-08, 1, 0>
[portal] dump portal0: camG=(-590, 80, -224) near=2.50 size=(384, 384) halfR=64 halfU=64 exitC=<-592, 224, 80>
[portal] 'Portal_1' facing=False onScreen=True -> RENDER near=2.50 size=(384, 384) camQ=<0, -0, 0> inO=<-592, 224, 80> inF=<-1, -8.742278E-08, 0>
[portal] dump portal1: camG=(1216, 32, -206) near=2.50 size=(384, 384) halfR=64 halfU=64 exitC=<1216, 208, 32>
[portal] 'Portal_0' facing=False onScreen=False -> RENDER near=2.50 size=(384, 384) camQ=<0, -0, 0> inO=<1216, 208, 32> inF=<-4.371139E-08, 1, 0>
[portal] dump portal0: camG=(-590, 80, -224) near=2.50 size=(384, 384) halfR=64 halfU=64 exitC=<-592, 224, 80>
[portal] 'Portal_1' facing=False onScreen=True -> RENDER near=2.50 size=(384, 384) camQ=<0, -0, 0> inO=<-592, 224, 80> inF=<-1, -8.742278E-08, 0>
[portal] dump portal1: camG=(1216, 32, -206) near=2.50 size=(384, 384) halfR=64 halfU=64 exitC=<1216, 208, 32>
[portal] 'Portal_0' facing=False onScreen=False -> RENDER near=2.50 size=(384, 384) camQ=<0, -0, 0> inO=<1216, 208, 32> inF=<-4.371139E-08, 1, 0>
[portal] dump portal0: camG=(-590, 80, -224) near=2.50 size=(384, 384) halfR=64 halfU=64 exitC=<-592, 224, 80>
[portal] 'Portal_1' facing=False onScreen=True -> RENDER near=2.50 size=(384, 384) camQ=<0, -0, 0> inO=<-592, 224, 80> inF=<-1, -8.742278E-08, 0>
[portal] dump portal1: camG=(1216, 32, -206) near=2.50 size=(384, 384) halfR=64 halfU=64 exitC=<1216, 208, 32>
[NetGame] precached 24 weapon models, skipped 0 (lazy), 24 muzzle tags.
[portal] 'Portal_0' facing=False onScreen=False -> RENDER near=2.50 size=(384, 384) camQ=<0, -0, 0> inO=<1216, 208, 32> inF=<-4.371139E-08, 1, 0>
[portal] dump portal0: camG=(-590, 80, -224) near=2.50 size=(384, 384) halfR=64 halfU=64 exitC=<-592, 224, 80>
[portal] 'Portal_1' facing=False onScreen=True -> RENDER near=2.50 size=(384, 384) camQ=<0, -0, 0> inO=<-592, 224, 80> inF=<-1, -8.742278E-08, 0>
[portal] dump portal1: camG=(1216, 32, -206) near=2.50 size=(384, 384) halfR=64 halfU=64 exitC=<1216, 208, 32>
[portal] 'Portal_0' facing=False onScreen=False -> RENDER near=2.50 size=(384, 384) camQ=<0, -0, 0> inO=<1216, 208, 32> inF=<-4.371139E-08, 1, 0>
[portal] dump portal0: camG=(-590, 80, -224) near=2.50 size=(384, 384) halfR=64 halfU=64 exitC=<-592, 224, 80>
[portal] 'Portal_1' facing=False onScreen=True -> RENDER near=2.50 size=(384, 384) camQ=<0, -0, 0> inO=<-592, 224, 80> inF=<-1, -8.742278E-08, 0>
[portal] dump portal1: camG=(1216, 32, -206) near=2.50 size=(384, 384) halfR=64 halfU=64 exitC=<1216, 208, 32>
[portal] 'Portal_0' facing=False onScreen=False -> RENDER near=2.50 size=(384, 384) camQ=<0, -0, 0> inO=<1216, 208, 32> inF=<-4.371139E-08, 1, 0>
[portal] dump portal0: camG=(-590, 80, -224) near=2.50 size=(384, 384) halfR=64 halfU=64 exitC=<-592, 224, 80>
[portal] 'Portal_1' facing=False onScreen=True -> RENDER near=2.50 size=(384, 384) camQ=<0, -0, 0> inO=<-592, 224, 80> inF=<-1, -8.742278E-08, 0>
[portal] dump portal1: camG=(1216, 32, -206) near=2.50 size=(384, 384) halfR=64 halfU=64 exitC=<1216, 208, 32>
[portal] 'Portal_0' facing=False onScreen=False -> RENDER near=2.50 size=(384, 384) camQ=<0, -0, 0> inO=<1216, 208, 32> inF=<-4.371139E-08, 1, 0>
[portal] dump portal0: camG=(-590, 80, -224) near=2.50 size=(384, 384) halfR=64 halfU=64 exitC=<-592, 224, 80>
[portal] 'Portal_1' facing=False onScreen=True -> RENDER near=2.50 size=(384, 384) camQ=<0, -0, 0> inO=<-592, 224, 80> inF=<-1, -8.742278E-08, 0>
[portal] dump portal1: camG=(1216, 32, -206) near=2.50 size=(384, 384) halfR=64 halfU=64 exitC=<1216, 208, 32>
[portal] 'Portal_0' facing=False onScreen=False -> RENDER near=2.50 size=(384, 384) camQ=<0, -0, 0> inO=<1216, 208, 32> inF=<-4.371139E-08, 1, 0>
[portal] dump portal0: camG=(-590, 80, -224) near=2.50 size=(384, 384) halfR=64 halfU=64 exitC=<-592, 224, 80>
[portal] 'Portal_1' facing=False onScreen=True -> RENDER near=2.50 size=(384, 384) camQ=<0, -0, 0> inO=<-592, 224, 80> inF=<-1, -8.742278E-08, 0>
[portal] dump portal1: camG=(1216, 32, -206) near=2.50 size=(384, 384) halfR=64 halfU=64 exitC=<1216, 208, 32>
[NetGame] precached 36 combat sounds, 10 player models (rendered for pipeline warm).
[NetGame] listen server on 127.0.0.1:26000 (map 'stormkeep', dm, 0 bots) — self-connecting.
[ServerNet] peer 36448179 connected (awaiting handshake).
[ServerNet] peer 36448179 accepted as 'player' (netId 36448179, id 6ba59e0e).
[ClientNet] handshake accepted by 'Xonotic  Server': netId 1, tickrate 72 Hz.
[NetGame] handshake accepted by 'Xonotic  Server': netId 1.
[portal] 'Portal_0' facing=False onScreen=True -> RENDER near=2.50 size=(384, 384) camQ=<0, -0, 34.92558> inO=<1216, 208, 32> inF=<-4.371139E-08, 1, 0>
[portal] dump portal0: camG=(-590, 80, -224) near=2.50 size=(384, 384) halfR=64 halfU=64 exitC=<-592, 224, 80>
[portal] 'Portal_1' facing=False onScreen=True -> RENDER near=2.50 size=(384, 384) camQ=<0, -0, 34.92558> inO=<-592, 224, 80> inF=<-1, -8.742278E-08, 0>
[portal] dump portal1: camG=(1216, 32, -206) near=2.50 size=(384, 384) halfR=64 halfU=64 exitC=<1216, 208, 32>
[wzview] authoritative snap -> <0, 135, 0>
[lb]hitch EXTERNAL] 53.5ms (2 dropped @60Hz) (med 12.2, ×4.4) — rest-dominated, game-side quiet — OS/compositor/driver | proc 7.7 rcpu 0.4 gpu 0.4 rest 45.5 | alloc 812KB | ticks 3, remote.ents 21[0m
[lb]hitch]   gpu: draws 546, pipeline compiles +0, vram 3215MB[0m
[lb]hitch]   events: [lb]-1f] net: PREDICTION DESYNC 1067qu (predicted vs acked-replay origin)[0m
[lb]hitch]   prev: 6.7 6.7 6.7 6.7 6.7 6.7 6.7 6.7[0m
[portal] 'Portal_0' facing=True onScreen=False -> RENDER near=2.50 size=(384, 384) camQ=<1040, 240, 27.03125> inO=<1216, 208, 32> inF=<-4.371139E-08, 1, 0>
[portal] dump portal0: camG=(-590, 80, -224) near=2.50 size=(384, 384) halfR=64 halfU=64 exitC=<-592, 224, 80>
[portal] 'Portal_1' facing=False onScreen=True -> RENDER near=2.50 size=(384, 384) camQ=<1040, 240, 27.03125> inO=<-592, 224, 80> inF=<-1, -8.742278E-08, 0>
[portal] dump portal1: camG=(1216, 32, -206) near=2.50 size=(384, 384) halfR=64 halfU=64 exitC=<1216, 208, 32>
[portal] 'Portal_0' facing=True onScreen=False -> RENDER near=2.50 size=(384, 384) camQ=<1040, 240, 27.03125> inO=<1216, 208, 32> inF=<-4.371139E-08, 1, 0>
[portal] dump portal0: camG=(-590, 80, -224) near=2.50 size=(384, 384) halfR=64 halfU=64 exitC=<-592, 224, 80>
[portal] 'Portal_1' facing=False onScreen=True -> RENDER near=2.50 size=(384, 384) camQ=<1040, 240, 27.03125> inO=<-592, 224, 80> inF=<-1, -8.742278E-08, 0>
[portal] dump portal1: camG=(1216, 32, -206) near=2.50 size=(384, 384) halfR=64 halfU=64 exitC=<1216, 208, 32>
[lb]frameprofile] scene: nodes 2852 objs-drawn 1834 draws 581 vram 3214MB[0m
[lb]frameprofile] census: Label 876  HBoxContainer 218  Control 157  Dependent 113  Button 110  CvarCheckBox 104  VBoxContainer 78  HSlider 62  CvarSlider 58  MarginContainer 52[0m
[lb]frameprofile] 218 frames: p50 6.9 p95 136.6 p99 147.1 p99.9 149.9ms (max 150.0) | 3 EXTERNAL | alloc 403MB/s heap 218.9MB | proc 0.8 gpu 0.7[0m
[lb]frameprofile] ms/frame: iqm.mesh 35.7  iqm.materials 35.1  proc:other 6.7  iqm.anims 6.3  cev.process 1.7  ng.process 1.4  server.tick 0.8  net.send 0.3  net.poll 0.1  sim.move 0.1[0m
[lb]bots] waypoints for 'stormkeep': nodes=99 (file=loaded, cache=yes)[0m
[lb]hitch EXTERNAL ×3] 53.5–141.1ms over 1.7s (med 6.9) — rest-dominated, game-side quiet — OS/compositor/driver[0m
[lb]hitch CPU-LOGIC] 119.4ms (6 dropped @60Hz) (med 6.9, ×17.2) — ng.process 94.0ms (typ 10.9ms, 9× over) | proc 107.0 rcpu 0.4 gpu 0.7 rest 12.0 | alloc 264KB | ticks 3, remote.ents 22 | watchdog: 26/63 samples in 'bot.path'[0m
[lb]hitch]   gpu: draws 580, pipeline compiles +0, vram 3214MB[0m
[lb]hitch]   events: anim cache HIT models/player/ignismasked.iqm[0m
[lb]hitch]   prev: 6.7 6.7 6.7 6.7 6.7 6.7 6.7 6.7[0m
[portal] 'Portal_0' facing=True onScreen=False -> RENDER near=2.50 size=(384, 384) camQ=<1040, 240, 27.03125> inO=<1216, 208, 32> inF=<-4.371139E-08, 1, 0>
[portal] dump portal0: camG=(-590, 80, -224) near=2.50 size=(384, 384) halfR=64 halfU=64 exitC=<-592, 224, 80>
[portal] 'Portal_1' facing=False onScreen=True -> RENDER near=2.50 size=(384, 384) camQ=<1040, 240, 27.03125> inO=<-592, 224, 80> inF=<-1, -8.742278E-08, 0>
[portal] dump portal1: camG=(1216, 32, -206) near=2.50 size=(384, 384) halfR=64 halfU=64 exitC=<1216, 208, 32>
[lb]hitch PIPELINE-COMPILE] 133.9ms (7 dropped @60Hz) (med 6.9, ×19.3) — 2 pipeline compile(s) — SYNC[lb]surface+1 draw+0] async[lb]mesh+0 spec+1] canvas+0 | proc 133.9 rcpu 0.4 gpu 0.7 rest 0.0 | alloc 254.3MB | ticks 3, remote.ents 22 | watchdog: 293/302 samples in '(unscoped)'[0m
[lb]hitch GC-PAUSE] 134.9ms (7 dropped @60Hz) (med 6.9, ×19.4) — gen2/GC-pause tail (prior frame paused 2.4ms; this frame rest-dominated) | proc 9.7 rcpu 0.4 gpu 0.8 rest 124.7 | alloc 90KB | ticks 3, remote.ents 22 | watchdog: 2/3 samples in 'stream.build'[0m
[lb]hitch VSYNC/PRESENT] 21.1ms (med 6.9, ×3.0) — present/vsync-bound (rest 13.9ms, gpu 0.9ms) | proc 6.9 rcpu 0.4 gpu 0.9 rest 13.9 | alloc 53KB | ticks 1, remote.ents 22[0m
[portal] 'Portal_0' facing=True onScreen=False -> RENDER near=2.50 size=(384, 384) camQ=<1040, 240, 27.03125> inO=<1216, 208, 32> inF=<-4.371139E-08, 1, 0>
[portal] dump portal0: camG=(-590, 80, -224) near=2.50 size=(384, 384) halfR=64 halfU=64 exitC=<-592, 224, 80>
[portal] 'Portal_1' facing=False onScreen=True -> RENDER near=2.50 size=(384, 384) camQ=<1040, 240, 27.03125> inO=<-592, 224, 80> inF=<-1, -8.742278E-08, 0>
[portal] dump portal1: camG=(1216, 32, -206) near=2.50 size=(384, 384) halfR=64 halfU=64 exitC=<1216, 208, 32>
[lb]hitch VSYNC/PRESENT ×3] 13.7–21.1ms over 0.0s (med 6.9) — present/vsync-bound (rest 13.9ms, gpu 0.9ms)[0m
[lb]hitch EXTERNAL] 141.0ms (7 dropped @60Hz) (med 6.9, ×20.3) — rest-dominated, game-side quiet — OS/compositor/driver | proc 4.0 rcpu 0.4 gpu 0.9 rest 136.7 | alloc 48KB | ticks 3, remote.ents 22 | watchdog: 297/297 samples in '(unscoped)'[0m
[lb]hitch]   gpu: draws 551, pipeline compiles +0, vram 3205MB[0m
[lb]hitch]   prev: 6.7 6.7 6.7 6.7 6.7 6.8 7.0 6.8[0m
[lb]hitch VSYNC/PRESENT] 20.8ms (med 6.9, ×3.0) — present/vsync-bound (rest 13.2ms, gpu 1.0ms) | proc 6.9 rcpu 0.7 gpu 1.0 rest 13.2 | alloc 191KB | ticks 3, remote.ents 22[0m
[lb]hitch VSYNC/PRESENT ×5] 12.6–20.8ms over 0.4s (med 6.9) — present/vsync-bound (rest 13.2ms, gpu 1.0ms)[0m
[lb]hitch PIPELINE-COMPILE] 17.1ms (med 6.9, ×2.5) — 2 pipeline compile(s) — SYNC[lb]surface+0 draw+1] async[lb]mesh+0 spec+1] canvas+0 | proc 3.4 rcpu 0.4 gpu 1.1 rest 13.2 | alloc 56KB | ticks 1, remote.ents 37 | watchdog: 7/7 samples in '(unscoped)'[0m
[lb]hitch VSYNC/PRESENT] 13.2ms (med 6.9, ×1.9) — present/vsync-bound (rest 9.1ms, gpu 1.1ms) | proc 3.5 rcpu 0.6 gpu 1.1 rest 9.1 | alloc 91KB | ticks 1, remote.ents 37 | watchdog: 4/4 samples in '(unscoped)'[0m
[portal] 'Portal_0' facing=True onScreen=True -> RENDER near=2.50 size=(384, 384) camQ=<1049.6581, 453.2607, 27.03125> inO=<1216, 208, 32> inF=<-4.371139E-08, 1, 0>
[portal] dump portal0: camG=(-590, 80, -224) near=2.50 size=(384, 384) halfR=64 halfU=64 exitC=<-592, 224, 80>
[portal] 'Portal_1' facing=False onScreen=True -> RENDER near=2.50 size=(384, 384) camQ=<1049.6581, 453.2607, 27.03125> inO=<-592, 224, 80> inF=<-1, -8.742278E-08, 0>
[portal] dump portal1: camG=(1216, 32, -206) near=2.50 size=(384, 384) halfR=64 halfU=64 exitC=<1216, 208, 32>
[lb]hitch VSYNC/PRESENT ×2] 13.0–13.2ms over 0.0s (med 6.9) — present/vsync-bound (rest 9.1ms, gpu 1.1ms)[0m
[lb]hitch EXTERNAL] 133.3ms (7 dropped @60Hz) (med 6.9, ×19.2) — rest-dominated, game-side quiet — OS/compositor/driver | proc 5.2 rcpu 0.4 gpu 1.1 rest 127.8 | alloc 56KB | ticks 3, remote.ents 38 | watchdog: 285/323 samples in '(unscoped)'[0m
[lb]hitch]   gpu: draws 577, pipeline compiles +0, vram 3206MB[0m
[lb]hitch]   events: [lb]-7f] stream: player model models/player/gakmasked.iqm tex textures/gakfullbright built (0.0ms); [lb]-7f] stream: player model models/player/gakmasked.iqm tex textures/gakfullbright_glow built (0.0ms); [lb]-7f] stream: player model models/player/gakmasked.iqm tex textures/gakfullbright_shirt built (0.0ms); [lb]-6f] stream: player model models/player/gakmasked.iqm tex textures/gakfullbright_norm built (0.0ms); [lb]-5f] stream: player model models/player/gakmasked.iqm tex textures/gakfullbright_gloss built (0.0ms); [lb]-3f] anim cache HIT models/player/gakmasked.iqm; [lb]-2f] stream: player model models/player/gakmasked.iqm (parse) built (0.0ms); [lb]-1f] stream: player model models/player/gakmasked.iqm tex textures/gakfullbright built (0.0ms); [lb]-1f] stream: player model models/player/gakmasked.iqm tex textures/gakfullbright_norm built (0.0ms); [lb]-1f] stream: player model models/player/gakmasked.iqm tex textures/gakfullbright_gloss built (0.0ms); [lb]-1f] stream: player model models/player/gakmasked.iqm tex textures/gakfullbright_glow built (0.0ms); [lb]-1f] stream: player model models/player/gakmasked.iqm tex textures/gakfullbright_reflect built (0.0ms); [lb]-1f] stream: player model models/player/gakmasked.iqm tex textures/gakfullbright_shirt built (0.0ms); [lb]-1f] stream: player model models/player/gakmasked.iqm tex textures/gakfullbright_pants built (0.0ms); [lb]-1f] stream: player model models/player/gakmasked.iqm tex textures/gakarmorfb built (0.0ms); [lb]-1f] stream: player model models/player/gakmasked.iqm tex textures/gakarmorfb_norm built (0.0ms); [lb]-1f] stream: player model models/player/gakmasked.iqm tex textures/gakarmorfb_gloss built (0.0ms); [lb]-1f] stream: player model models/player/gakmasked.iqm tex textures/gakarmorfb_glow built (0.0ms); [lb]-1f] stream: player model models/player/gakmasked.iqm tex textures/gakarmorfb_reflect built (0.0ms); [lb]-1f] stream: player model models/player/gakmasked.iqm tex textures/gakarmorfb_shirt built (0.0ms); [lb]-1f] stream: player model models/player/gakmasked.iqm tex textures/gakarmorfb_pants built (1.8ms)[0m
[lb]hitch]   prev: 15.4 17.1 13.2 9.8 13.0 12.5 12.5 12.0[0m
[lb]hitch VSYNC/PRESENT] 16.7ms (med 6.9, ×2.4) — present/vsync-bound (rest 11.1ms, gpu 1.3ms) | proc 5.1 rcpu 0.4 gpu 1.3 rest 11.1 | alloc 265KB | ticks 3, remote.ents 38 | watchdog: 5/5 samples in '(unscoped)'[0m
[lb]hitch VSYNC/PRESENT ×3] 16.7–16.7ms over 0.0s (med 6.9) — present/vsync-bound (rest 11.1ms, gpu 1.3ms)[0m
[lb]hitch PIPELINE-COMPILE] 14.3ms (med 6.9, ×2.1) — 2 pipeline compile(s) — SYNC[lb]surface+0 draw+1] async[lb]mesh+0 spec+1] canvas+0 | proc 3.4 rcpu 0.9 gpu 1.3 rest 10.0 | alloc 48KB | ticks 1, remote.ents 38 | watchdog: 3/3 samples in '(unscoped)'[0m
[lb]hitch EXTERNAL] 35.1ms (1 dropped @60Hz) (med 6.9, ×5.1) — rest-dominated, game-side quiet — OS/compositor/driver | proc 3.1 rcpu 0.4 gpu 1.3 rest 31.6 | alloc 40KB | ticks 2, remote.ents 38 | watchdog: 21/26 samples in 'bot.strategy'[0m
[lb]hitch VSYNC/PRESENT] 15.8ms (med 6.9, ×2.3) — present/vsync-bound (rest 12.1ms, gpu 1.3ms) | proc 3.2 rcpu 0.4 gpu 1.3 rest 12.1 | alloc 40KB | ticks 1, remote.ents 37 | watchdog: 3/3 samples in '(unscoped)'[0m
[portal] 'Portal_0' facing=True onScreen=True -> RENDER near=2.50 size=(384, 384) camQ=<1080.9175, 453.52658, 27.03125> inO=<1216, 208, 32> inF=<-4.371139E-08, 1, 0>
[portal] dump portal0: camG=(-590, 80, -224) near=2.50 size=(384, 384) halfR=64 halfU=64 exitC=<-592, 224, 80>
[portal] 'Portal_1' facing=False onScreen=True -> RENDER near=2.50 size=(384, 384) camQ=<1080.9175, 453.52658, 27.03125> inO=<-592, 224, 80> inF=<-1, -8.742278E-08, 0>
[portal] dump portal1: camG=(1216, 32, -206) near=2.50 size=(384, 384) halfR=64 halfU=64 exitC=<1216, 208, 32>
[lb]hitch EXTERNAL] 133.3ms (7 dropped @60Hz) (med 6.7, ×20.0) — rest-dominated, game-side quiet — OS/compositor/driver | proc 3.8 rcpu 0.4 gpu 0.4 rest 129.1 | alloc 56KB | ticks 3, remote.ents 37 | watchdog: 280/332 samples in '(unscoped)'[0m
[lb]hitch]   gpu: draws 582, pipeline compiles +0, vram 3206MB[0m
[lb]hitch]   prev: 6.9 6.9 6.9 6.9 6.9 6.9 6.9 6.9[0m
[lb]hitch VSYNC/PRESENT] 16.7ms (med 6.7, ×2.5) — present/vsync-bound (rest 12.7ms, gpu 0.4ms) | proc 3.6 rcpu 0.4 gpu 0.4 rest 12.7 | alloc 162KB | ticks 3, remote.ents 37 | watchdog: 3/3 samples in '(unscoped)'[0m
[portal] 'Portal_0' facing=True onScreen=True -> RENDER near=2.50 size=(384, 384) camQ=<1109.6976, 412.9209, 27.03125> inO=<1216, 208, 32> inF=<-4.371139E-08, 1, 0>
[portal] dump portal0: camG=(-590, 80, -224) near=2.50 size=(384, 384) halfR=64 halfU=64 exitC=<-592, 224, 80>
[portal] 'Portal_1' facing=False onScreen=True -> RENDER near=2.50 size=(384, 384) camQ=<1109.6976, 412.9209, 27.03125> inO=<-592, 224, 80> inF=<-1, -8.742278E-08, 0>
[portal] dump portal1: camG=(1216, 32, -206) near=2.50 size=(384, 384) halfR=64 halfU=64 exitC=<1216, 208, 32>
[lb]hitch VSYNC/PRESENT ×2] 15.5–16.7ms over 0.4s (med 6.9) — present/vsync-bound (rest 12.7ms, gpu 0.4ms)[0m
[lb]hitch EXTERNAL] 147.2ms (8 dropped @60Hz) (med 6.9, ×21.2) — rest-dominated, game-side quiet — OS/compositor/driver | proc 4.0 rcpu 0.4 gpu 0.4 rest 142.8 | alloc 40KB | ticks 3, remote.ents 37 | watchdog: 275/275 samples in '(unscoped)'[0m
[lb]hitch]   gpu: draws 610, pipeline compiles +0, vram 3206MB[0m
[lb]hitch]   prev: 6.7 6.7 6.9 6.9 6.9 6.9 6.9 7.4[0m
[lb]hitch CPU-LOGIC] 15.8ms (med 6.9, ×2.3) — ng.process 18.3ms (typ 2.6ms, 7× over) | proc 15.8 rcpu 0.4 gpu 0.4 rest 0.0 | alloc 48KB | ticks 3, remote.ents 37 | watchdog: 6/9 samples in 'bot.strategy'[0m
[lb]hitch VSYNC/PRESENT] 23.7ms (med 6.9, ×3.4) — present/vsync-bound (rest 19.7ms, gpu 0.4ms) | proc 3.5 rcpu 0.4 gpu 0.4 rest 19.7 | alloc 56KB | ticks 3, remote.ents 37 | watchdog: 6/11 samples in 'bot.strategy'[0m
[portal] 'Portal_0' facing=True onScreen=True -> RENDER near=2.50 size=(384, 384) camQ=<1109.6976, 412.9209, 27.03125> inO=<1216, 208, 32> inF=<-4.371139E-08, 1, 0>
[portal] dump portal0: camG=(-590, 80, -224) near=2.50 size=(384, 384) halfR=64 halfU=64 exitC=<-592, 224, 80>
[portal] 'Portal_1' facing=False onScreen=True -> RENDER near=2.50 size=(384, 384) camQ=<1109.6976, 412.9209, 27.03125> inO=<-592, 224, 80> inF=<-1, -8.742278E-08, 0>
[portal] dump portal1: camG=(1216, 32, -206) near=2.50 size=(384, 384) halfR=64 halfU=64 exitC=<1216, 208, 32>
[lb]hitch VSYNC/PRESENT ×2] 15.9–23.7ms over 0.0s (med 6.9) — present/vsync-bound (rest 19.7ms, gpu 0.4ms)[0m
[lb]hitch CPU-LOGIC] 25.6ms (1 dropped @60Hz) (med 6.9, ×3.7) — proc:other 23.4ms (typ 1.7ms, 13× over) | proc 25.6 rcpu 0.4 gpu 0.7 rest 0.0 | alloc 56KB | ticks 2, remote.ents 37 | watchdog: 263/263 samples in '(unscoped)'[0m
[lb]hitch]   gpu: draws 584, pipeline compiles +0, vram 3205MB[0m
[lb]hitch]   prev: 6.9 6.9 6.9 6.9 6.9 6.9 6.9 6.9[0m
[lb]hitch PIPELINE-COMPILE] 138.5ms (7 dropped @60Hz) (med 6.9, ×20.0) — 1 pipeline compile(s) — SYNC[lb]surface+0 draw+0] async[lb]mesh+0 spec+0] canvas+1 | proc 3.4 rcpu 0.4 gpu 0.7 rest 134.7 | alloc 176KB | ticks 3, remote.ents 37 | watchdog: 279/279 samples in '(unscoped)'[0m
[lb]hitch VSYNC/PRESENT] 19.5ms (med 6.9, ×2.8) — present/vsync-bound (rest 15.7ms, gpu 0.8ms) | proc 2.9 rcpu 0.9 gpu 0.8 rest 15.7 | alloc 48KB | ticks 3, remote.ents 37 | watchdog: 4/4 samples in '(unscoped)'[0m
[lb]hitch PIPELINE-COMPILE] 74.5ms (3 dropped @60Hz) (med 6.9, ×10.7) — 2 pipeline compile(s) — SYNC[lb]surface+1 draw+0] async[lb]mesh+0 spec+1] canvas+0 | proc 4.6 rcpu 0.6 gpu 0.8 rest 69.4 | alloc 48KB | ticks 3, remote.ents 38 | watchdog: 21/44 samples in 'cev.process'[0m
[lb]hitch VSYNC/PRESENT] 21.1ms (med 6.9, ×3.0) — present/vsync-bound (rest 17.4ms, gpu 0.8ms) | proc 3.1 rcpu 0.6 gpu 0.8 rest 17.4 | alloc 56KB | ticks 3, remote.ents 38 | watchdog: 4/4 samples in '(unscoped)'[0m
[portal] 'Portal_0' facing=True onScreen=True -> RENDER near=2.50 size=(384, 384) camQ=<1109.6976, 412.9209, 27.03125> inO=<1216, 208, 32> inF=<-4.371139E-08, 1, 0>
[portal] dump portal0: camG=(-590, 80, -224) near=2.50 size=(384, 384) halfR=64 halfU=64 exitC=<-592, 224, 80>
[portal] 'Portal_1' facing=False onScreen=True -> RENDER near=2.50 size=(384, 384) camQ=<1109.6976, 412.9209, 27.03125> inO=<-592, 224, 80> inF=<-1, -8.742278E-08, 0>
[portal] dump portal1: camG=(1216, 32, -206) near=2.50 size=(384, 384) halfR=64 halfU=64 exitC=<1216, 208, 32>
[lb]hitch VSYNC/PRESENT ×3] 16.7–21.1ms over 0.0s (med 6.9) — present/vsync-bound (rest 17.4ms, gpu 0.8ms)[0m
[lb]hitch EXTERNAL] 128.2ms (7 dropped @60Hz) (med 6.9, ×18.5) — rest-dominated, game-side quiet — OS/compositor/driver | proc 3.6 rcpu 0.6 gpu 1.8 rest 124.0 | alloc 40KB | ticks 3, remote.ents 37 | watchdog: 213/213 samples in '(unscoped)'[0m
[lb]hitch]   gpu: draws 832, pipeline compiles +0, vram 3211MB[0m
[lb]hitch]   prev: 7.1 7.1 6.6 7.1 7.1 7.1 7.1 6.7[0m
[lb]hitch VSYNC/PRESENT] 15.3ms (med 6.9, ×2.2) — present/vsync-bound (rest 11.2ms, gpu 1.9ms) | proc 3.5 rcpu 0.6 gpu 1.9 rest 11.2 | alloc 173KB | ticks 3, remote.ents 37 | watchdog: 6/6 samples in '(unscoped)'[0m
[lb]hitch CPU-LOGIC] 13.8ms (med 6.9, ×2.0) — ng.process 7.0ms (typ 1.5ms, 5× over) | proc 13.8 rcpu 0.8 gpu 1.0 rest 0.0 | alloc 109.1MB | ticks 3, remote.ents 38 | watchdog: 4/7 samples in '(unscoped)'[0m
[lb]hitch MIXED] 29.9ms (1 dropped @60Hz) (med 6.9, ×4.3) — mixed — ng.process 9.5ms | proc 13.4 rcpu 0.7 gpu 1.9 rest 15.8 | alloc 179.2MB | ticks 3, remote.ents 38 | watchdog: 2/4 samples in '(unscoped)'[0m
[lb]hitch VSYNC/PRESENT] 25.0ms (1 dropped @60Hz) (med 6.9, ×3.6) — present/vsync-bound (rest 16.0ms, gpu 1.0ms) | proc 7.9 rcpu 1.1 gpu 1.0 rest 16.0 | alloc 98.5MB | ticks 3, remote.ents 38[0m
[lb]hitch VSYNC/PRESENT ×3] 21.1–25.0ms over 0.0s (med 6.9) — present/vsync-bound (rest 16.0ms, gpu 1.0ms)[0m
[lb]hitch MIXED] 14.1ms (med 6.9, ×2.0) — mixed — ng.process 2.9ms | proc 6.6 rcpu 0.9 gpu 1.9 rest 6.5 | alloc 379KB | ticks 1, remote.ents 37[0m
[lb]hitch MIXED ×5] 14.1–19.8ms over 0.1s (med 6.9) — mixed — ng.process 2.9ms[0m
[lb]hitch CPU-LOGIC] 25.9ms (1 dropped @60Hz) (med 6.9, ×3.7) — ng.process 12.0ms (typ 3.0ms, 4× over) | proc 18.7 rcpu 1.3 gpu 1.1 rest 5.8 | alloc 274KB | ticks 2, remote.ents 37 | watchdog: 3/10 samples in '(unscoped)'[0m
[lb]hitch VSYNC/PRESENT] 24.4ms (med 6.9, ×3.5) — present/vsync-bound (rest 16.2ms, gpu 1.1ms) | proc 6.7 rcpu 1.5 gpu 1.1 rest 16.2 | alloc 219KB | ticks 2, remote.ents 37[0m
[lb]hitch MIXED] 20.8ms (med 6.9, ×3.0) — mixed — ng.process 3.9ms | proc 9.0 rcpu 0.8 gpu 1.8 rest 11.0 | alloc 267KB | ticks 2, remote.ents 37 | watchdog: 3/3 samples in '(unscoped)'[0m
[lb]hitch ASSET-BUILD] 21.1ms (med 6.9, ×3.0) — iqm.anims 286.3ms (asset build/upload) | proc 10.8 rcpu 1.0 gpu 1.1 rest 9.3 | alloc 588KB | ticks 1, remote.ents 37 | watchdog: 3/4 samples in '(unscoped)'[0m
[lb]frameprofile] scene: nodes 2926 objs-drawn 3099 draws 781 vram 3211MB[0m
[lb]frameprofile] census: Label 876  HBoxContainer 218  Control 157  Dependent 113  Button 110  CvarCheckBox 104  VBoxContainer 78  HSlider 62  CvarSlider 58  MeshInstance3D 55[0m
[lb]frameprofile] 476 frames: p50 6.9 p95 20.1 p99 133.4 p99.9 141.1ms (max 147.2) | 6 EXTERNAL, 1 ASSET-BUILD, 5 PIPELINE-COMPILE, 1 GC-PAUSE, 27 VSYNC/PRESENT, 5 CPU-LOGIC, 7 MIXED | alloc 162MB/s heap 891.8MB | proc 10.8 gpu 1.1[0m
[lb]frameprofile] ms/frame: ng.process 2.3  server.tick 1.9  sim.move 1.4  move.in 1.1  bot.think 1.1  proc:other 1.0  bot.strategy 1.0  iqm.anims 0.6  cw.process 0.4  bot.path 0.3[0m
[lb]hitch MIXED] 26.1ms (1 dropped @60Hz) (med 6.9, ×3.8) — mixed — stream.build 7.0ms | proc 13.7 rcpu 0.8 gpu 1.1 rest 11.6 | alloc 29.9MB | ticks 2, remote.ents 37 | watchdog: 3/6 samples in 'stream.build'[0m
[lb]hitch VSYNC/PRESENT] 25.8ms (1 dropped @60Hz) (med 6.9, ×3.7) — present/vsync-bound (rest 16.3ms, gpu 1.1ms) | proc 8.8 rcpu 0.7 gpu 1.1 rest 16.3 | alloc 728KB | ticks 2, remote.ents 37[0m
[lb]hitch VSYNC/PRESENT ×2] 25.0–25.8ms over 0.0s (med 6.9) — present/vsync-bound (rest 16.3ms, gpu 1.1ms)[0m
[lb]hitch EXTERNAL] 25.0ms (1 dropped @60Hz) (med 6.9, ×3.6) — rest-dominated, game-side quiet — OS/compositor/driver | proc 5.3 rcpu 0.8 gpu 1.1 rest 18.9 | alloc 94KB | ticks 1, remote.ents 37 | watchdog: 7/7 samples in '(unscoped)'[0m
[lb]hitch MIXED] 25.0ms (1 dropped @60Hz) (med 6.9, ×3.6) — mixed — proc:other 3.8ms | proc 10.1 rcpu 1.2 gpu 1.1 rest 13.7 | alloc 1.3MB | ticks 2, remote.ents 37[0m
[lb]hitch MIXED ×2] 25.0–25.0ms over 0.0s (med 6.9) — mixed — proc:other 3.8ms[0m
[lb]hitch VSYNC/PRESENT] 21.3ms (med 6.9, ×3.1) — present/vsync-bound (rest 13.7ms, gpu 1.1ms) | proc 6.6 rcpu 1.0 gpu 1.1 rest 13.7 | alloc 1.3MB | ticks 2, remote.ents 37[0m
[lb]hitch MIXED] 15.4ms (med 6.9, ×2.2) — mixed — proc:other 3.2ms | proc 8.2 rcpu 0.8 gpu 1.1 rest 6.4 | alloc 2.0MB | ticks 1, remote.ents 37[0m
[lb]hitch MIXED ×2] 14.8–15.4ms over 0.0s (med 6.9) — mixed — proc:other 3.2ms[0m
[lb]hitch VSYNC/PRESENT] 16.7ms (med 6.9, ×2.4) — present/vsync-bound (rest 9.5ms, gpu 1.1ms) | proc 6.4 rcpu 0.8 gpu 1.1 rest 9.5 | alloc 1.3MB | ticks 1, remote.ents 38[0m
[lb]hitch]   gpu: draws 791, pipeline compiles +0, vram 3329MB[0m
[lb]hitch]   events: [lb]-7f] stream: idle-warm models/player/megaerebus.iqm tex textures/megaerebus_shirt built (0.0ms); [lb]-7f] stream: idle-warm models/player/megaerebus.iqm tex textures/megaerebus_pants built (0.0ms); [lb]-7f] stream: idle-warm models/player/megaerebus.iqm tex textures/shadowheadfb built (0.0ms); [lb]-7f] stream: idle-warm models/player/megaerebus.iqm tex textures/shadowheadfb_norm built (0.0ms); [lb]-7f] stream: idle-warm models/player/megaerebus.iqm tex textures/shadowheadfb_gloss built (0.0ms); [lb]-7f] stream: idle-warm models/player/megaerebus.iqm tex textures/shadowheadfb_glow built (0.0ms); [lb]-7f] stream: idle-warm models/player/megaerebus.iqm tex textures/shadowheadfb_reflect built (0.0ms); [lb]-7f] stream: idle-warm models/player/megaerebus.iqm tex textures/shadowheadfb_shirt built (0.0ms); [lb]-7f] stream: idle-warm models/player/megaerebus.iqm tex textures/shadowheadfb_pants built (0.0ms); [lb]-7f] warm: GPU warm pass done (1 instances); [lb]-6f] stream: idle-warm models/player/megaerebus.iqm tex textures/megaerebus_reflect built (3.5ms); [lb]-6f] warm: GPU warm pass done (1 instances); [lb]-5f] stream: idle-warm models/player/megaerebus.iqm tex textures/megaerebus_glow built (3.6ms); [lb]-5f] warm: GPU warm pass done (1 instances); [lb]-4f] warm: GPU warm pass done (1 instances); [lb]-3f] stream: idle-warm models/player/megaerebus.iqm tex textures/megaerebus built (2.6ms); [lb]-2f] stream: idle-warm models/player/megaerebus.iqm tex textures/megaerebus_norm built (2.5ms); [lb]-1f] stream: idle-warm models/player/megaerebus.iqm tex textures/megaerebus_gloss built (8.0ms); anim cache HIT models/player/seraphina.iqm[0m
[lb]hitch]   prev: 25.0 25.0 25.0 25.0 21.3 15.4 14.8 12.5[0m
[lb]hitch VSYNC/PRESENT ×2] 16.7–16.7ms over 0.0s (med 6.9) — present/vsync-bound (rest 9.5ms, gpu 1.1ms)[0m
[lb]hitch MIXED] 15.4ms (med 6.9, ×2.2) — mixed — proc:other 2.6ms | proc 7.1 rcpu 0.7 gpu 1.1 rest 7.6 | alloc 1.4MB | ticks 1, remote.ents 38[0m
[lb]hitch VSYNC/PRESENT] 14.3ms (med 7.0, ×2.1) — present/vsync-bound (rest 8.0ms, gpu 1.0ms) | proc 5.6 rcpu 0.7 gpu 1.0 rest 8.0 | alloc 1.4MB | ticks 1, remote.ents 38 | watchdog: 5/5 samples in '(unscoped)'[0m
[lb]hitch GC-PAUSE] 32.5ms (1 dropped @60Hz) (med 7.0, ×4.7) — gen2/GC-pause tail (prior frame paused 1.5ms; this frame rest-dominated) | proc 6.3 rcpu 0.6 gpu 1.1 rest 25.5 | alloc 1.9MB | ticks 2, remote.ents 38 | watchdog: 28/28 samples in '(unscoped)'[0m
[lb]hitch VSYNC/PRESENT] 16.7ms (med 7.0, ×2.4) — present/vsync-bound (rest 10.2ms, gpu 1.1ms) | proc 5.7 rcpu 0.8 gpu 1.1 rest 10.2 | alloc 220KB | ticks 2, remote.ents 38 | watchdog: 4/4 samples in '(unscoped)'[0m
[portal] 'Portal_0' facing=True onScreen=True -> RENDER near=2.50 size=(384, 384) camQ=<1109.6976, 412.9209, 27.03125> inO=<1216, 208, 32> inF=<-4.371139E-08, 1, 0>
[portal] dump portal0: camG=(-590, 80, -224) near=2.50 size=(384, 384) halfR=64 halfU=64 exitC=<-592, 224, 80>
[portal] 'Portal_1' facing=False onScreen=True -> RENDER near=2.50 size=(384, 384) camQ=<1109.6976, 412.9209, 27.03125> inO=<-592, 224, 80> inF=<-1, -8.742278E-08, 0>
[portal] dump portal1: camG=(1216, 32, -206) near=2.50 size=(384, 384) halfR=64 halfU=64 exitC=<1216, 208, 32>
[lb]hitch CPU-LOGIC] 16.7ms (med 7.0, ×2.4) — proc:other 14.3ms (typ 3.5ms, 4× over) | proc 16.7 rcpu 0.7 gpu 1.1 rest 0.0 | alloc 757KB | ticks 1, remote.ents 38 | watchdog: 216/216 samples in '(unscoped)'[0m
[lb]hitch EXTERNAL] 142.4ms (8 dropped @60Hz) (med 7.0, ×20.4) — rest-dominated, game-side quiet — OS/compositor/driver | proc 10.9 rcpu 0.7 gpu 1.1 rest 130.8 | alloc 2.0MB | ticks 3, remote.ents 39 | watchdog: 2/3 samples in '(unscoped)'[0m
[lb]hitch VSYNC/PRESENT] 19.0ms (med 7.0, ×2.7) — present/vsync-bound (rest 12.2ms, gpu 2.4ms) | proc 6.1 rcpu 0.6 gpu 2.4 rest 12.2 | alloc 1.8MB | ticks 3, remote.ents 39[0m
[lb]hitch MIXED] 15.2ms (med 7.1, ×2.2) — mixed — ng.process 3.0ms | proc 6.9 rcpu 0.7 gpu 2.4 rest 7.6 | alloc 1.8MB | ticks 3, remote.ents 39 | watchdog: 5/5 samples in '(unscoped)'[0m
[lb]hitch VSYNC/PRESENT] 16.7ms (med 7.1, ×2.3) — present/vsync-bound (rest 9.9ms, gpu 2.2ms) | proc 6.2 rcpu 0.6 gpu 2.2 rest 9.9 | alloc 1.0MB | ticks 3, remote.ents 39 | watchdog: 4/4 samples in '(unscoped)'[0m
[IdleWarmer] asset warm queue drained — full asset set is hot.
[portal] 'Portal_0' facing=True onScreen=True -> RENDER near=2.50 size=(384, 384) camQ=<1109.6976, 412.9209, 27.03125> inO=<1216, 208, 32> inF=<-4.371139E-08, 1, 0>
[portal] dump portal0: camG=(-590, 80, -224) near=2.50 size=(384, 384) halfR=64 halfU=64 exitC=<-592, 224, 80>
[portal] 'Portal_1' facing=False onScreen=True -> RENDER near=2.50 size=(384, 384) camQ=<1109.6976, 412.9209, 27.03125> inO=<-592, 224, 80> inF=<-1, -8.742278E-08, 0>
[portal] dump portal1: camG=(1216, 32, -206) near=2.50 size=(384, 384) halfR=64 halfU=64 exitC=<1216, 208, 32>
[lb]hitch VSYNC/PRESENT ×3] 15.2–16.7ms over 0.5s (med 7.4) — present/vsync-bound (rest 9.9ms, gpu 2.2ms)[0m
[lb]hitch EXTERNAL] 125.1ms (7 dropped @60Hz) (med 7.4, ×17.0) — rest-dominated, game-side quiet — OS/compositor/driver | proc 3.6 rcpu 0.8 gpu 0.6 rest 120.6 | alloc 48KB | ticks 3, remote.ents 38 | watchdog: 207/207 samples in '(unscoped)'[0m
[lb]hitch]   gpu: draws 832, pipeline compiles +0, vram 3327MB[0m
[lb]hitch]   prev: 8.3 8.3 8.3 8.3 8.3 7.6 7.5 5.7[0m
[wz] cross client=True 'player' o <1212.2555, 205.85179, -7.968749>-><-594.1482, 227.7445, 40.03125> v <42.11478, -357.57986, 0>-><-357.57986, -42.114796, 0> a <13.11231, 211.12589, 0>-><13.112305, 121.125885, 0> | in o=<1216, 208, 32> f=<-4.371139E-08, 1, 0> | out o=<-592, 224, 80> f=<-1, -8.742278E-08, 0>
[lb]hitch PIPELINE-COMPILE] 14.8ms (med 7.4, ×2.0) — 1 pipeline compile(s) — SYNC[lb]surface+0 draw+0] async[lb]mesh+0 spec+0] canvas+1 | proc 2.4 rcpu 0.7 gpu 0.6 rest 11.7 | alloc 48KB | ticks 1, remote.ents 37 | watchdog: 6/6 samples in '(unscoped)'[0m
[portal] 'Portal_0' facing=True onScreen=True -> RENDER near=2.50 size=(384, 384) camQ=<1109.6976, 412.9209, 27.03125> inO=<1216, 208, 32> inF=<-4.371139E-08, 1, 0>
[portal] dump portal0: camG=(-590, 80, -224) near=2.50 size=(384, 384) halfR=64 halfU=64 exitC=<-592, 224, 80>
[portal] 'Portal_1' facing=False onScreen=True -> RENDER near=2.50 size=(384, 384) camQ=<1109.6976, 412.9209, 27.03125> inO=<-592, 224, 80> inF=<-1, -8.742278E-08, 0>
[portal] dump portal1: camG=(1216, 32, -206) near=2.50 size=(384, 384) halfR=64 halfU=64 exitC=<1216, 208, 32>
[lb]hitch EXTERNAL] 142.7ms (8 dropped @60Hz) (med 7.1, ×20.0) — rest-dominated, game-side quiet — OS/compositor/driver | proc 4.3 rcpu 0.6 gpu 0.6 rest 137.7 | alloc 48KB | ticks 3, remote.ents 37 | watchdog: 198/198 samples in '(unscoped)'[0m
[lb]hitch]   gpu: draws 785, pipeline compiles +0, vram 3327MB[0m
[lb]hitch]   prev: 6.9 7.0 6.9 6.9 6.9 6.9 6.9 6.9[0m
[lb]hitch MIXED] 29.2ms (1 dropped @60Hz) (med 7.1, ×4.1) — mixed — ng.process 11.8ms | proc 13.2 rcpu 0.6 gpu 1.1 rest 15.5 | alloc 56KB | ticks 3, remote.ents 37 | watchdog: 2/4 samples in 'bot.strategy'[0m
[lb]hitch VSYNC/PRESENT] 19.1ms (med 7.1, ×2.7) — present/vsync-bound (rest 13.6ms, gpu 0.6ms) | proc 4.9 rcpu 0.6 gpu 0.6 rest 13.6 | alloc 48KB | ticks 3, remote.ents 37 | watchdog: 4/8 samples in '(unscoped)'[0m
[lb]hitch VSYNC/PRESENT ×2] 19.1–19.5ms over 0.0s (med 6.7) — present/vsync-bound (rest 13.6ms, gpu 0.6ms)[0m
[lb]hitch EXTERNAL] 36.3ms (1 dropped @60Hz) (med 6.7, ×5.4) — rest-dominated, game-side quiet — OS/compositor/driver | proc 2.7 rcpu 0.6 gpu 2.8 rest 33.0 | alloc 48KB | ticks 3, remote.ents 37 | watchdog: 11/14 samples in 'bot.strategy'[0m
[lb]hitch]   gpu: draws 769, pipeline compiles +0, vram 3327MB[0m
[lb]hitch]   prev: 6.7 6.7 6.8 6.9 7.0 6.9 6.9 7.0[0m
[lb]hitch VSYNC/PRESENT] 16.7ms (med 6.7, ×2.5) — present/vsync-bound (rest 13.1ms, gpu 2.1ms) | proc 3.1 rcpu 0.5 gpu 2.1 rest 13.1 | alloc 177KB | ticks 1, remote.ents 37 | watchdog: 3/3 samples in '(unscoped)'[0m
[portal] 'Portal_0' facing=True onScreen=True -> RENDER near=2.50 size=(384, 384) camQ=<1109.6976, 412.9209, 27.03125> inO=<1216, 208, 32> inF=<-4.371139E-08, 1, 0>
[portal] dump portal0: camG=(-590, 80, -224) near=2.50 size=(384, 384) halfR=64 halfU=64 exitC=<-592, 224, 80>
[portal] 'Portal_1' facing=False onScreen=True -> RENDER near=2.50 size=(384, 384) camQ=<1109.6976, 412.9209, 27.03125> inO=<-592, 224, 80> inF=<-1, -8.742278E-08, 0>
[portal] dump portal1: camG=(1216, 32, -206) near=2.50 size=(384, 384) halfR=64 halfU=64 exitC=<1216, 208, 32>
[lb]hitch VSYNC/PRESENT ×2] 13.6–16.7ms over 0.0s (med 6.7) — present/vsync-bound (rest 13.1ms, gpu 2.1ms)[0m
[lb]hitch EXTERNAL] 145.5ms (8 dropped @60Hz) (med 6.7, ×21.8) — rest-dominated, game-side quiet — OS/compositor/driver | proc 3.3 rcpu 0.6 gpu 0.6 rest 141.6 | alloc 48KB | ticks 3, remote.ents 37 | watchdog: 199/199 samples in '(unscoped)'[0m
[lb]hitch VSYNC/PRESENT] 19.1ms (med 6.7, ×2.9) — present/vsync-bound (rest 15.4ms, gpu 1.0ms) | proc 3.1 rcpu 0.5 gpu 1.0 rest 15.4 | alloc 48KB | ticks 3, remote.ents 37 | watchdog: 3/8 samples in '(unscoped)'[0m
[lb]hitch VSYNC/PRESENT ×2] 16.6–19.1ms over 0.0s (med 6.7) — present/vsync-bound (rest 15.4ms, gpu 1.0ms)[0m
[lb]hitch CPU-LOGIC] 13.4ms (med 6.7, ×2.0) — ng.process 60.7ms (typ 5.5ms, 11× over) | proc 13.4 rcpu 0.6 gpu 0.6 rest 0.0 | alloc 40KB | ticks 1, remote.ents 37 | watchdog: 25/37 samples in 'bot.path'[0m
[lb]hitch EXTERNAL] 69.9ms (3 dropped @60Hz) (med 6.7, ×10.5) — rest-dominated, game-side quiet — OS/compositor/driver | proc 4.2 rcpu 0.6 gpu 0.6 rest 65.1 | alloc 64KB | ticks 3, remote.ents 37 | watchdog: 25/40 samples in 'bot.path'[0m
[lb]hitch VSYNC/PRESENT] 17.1ms (med 6.7, ×2.6) — present/vsync-bound (rest 11.6ms, gpu 0.6ms) | proc 4.8 rcpu 0.6 gpu 0.6 rest 11.6 | alloc 56KB | ticks 3, remote.ents 37 | watchdog: 3/3 samples in '(unscoped)'[0m
[lb]hitch MIXED] 16.3ms (med 6.7, ×2.4) — mixed — ng.process 6.6ms | proc 7.8 rcpu 0.5 gpu 0.6 rest 7.9 | alloc 48KB | ticks 1, remote.ents 37[0m
[lb]hitch VSYNC/PRESENT] 15.3ms (med 6.7, ×2.3) — present/vsync-bound (rest 12.2ms, gpu 0.6ms) | proc 2.5 rcpu 0.6 gpu 0.6 rest 12.2 | alloc 40KB | ticks 1, remote.ents 37[0m
[portal] 'Portal_0' facing=True onScreen=True -> RENDER near=2.50 size=(384, 384) camQ=<1109.6976, 412.9209, 27.03125> inO=<1216, 208, 32> inF=<-4.371139E-08, 1, 0>
[portal] dump portal0: camG=(-590, 80, -224) near=2.50 size=(384, 384) halfR=64 halfU=64 exitC=<-592, 224, 80>
[portal] 'Portal_1' facing=False onScreen=True -> RENDER near=2.50 size=(384, 384) camQ=<1109.6976, 412.9209, 27.03125> inO=<-592, 224, 80> inF=<-1, -8.742278E-08, 0>
[portal] dump portal1: camG=(1216, 32, -206) near=2.50 size=(384, 384) halfR=64 halfU=64 exitC=<1216, 208, 32>
[lb]hitch EXTERNAL] 136.3ms (7 dropped @60Hz) (med 6.7, ×20.4) — rest-dominated, game-side quiet — OS/compositor/driver | proc 6.7 rcpu 0.6 gpu 0.6 rest 129.0 | alloc 48KB | ticks 3, remote.ents 37[0m
[lb]hitch]   gpu: draws 786, pipeline compiles +0, vram 3327MB[0m
[lb]hitch]   prev: 6.9 6.9 6.9 6.9 6.9 6.9 6.9 6.9[0m
[lb]hitch VSYNC/PRESENT] 17.7ms (med 6.7, ×2.7) — present/vsync-bound (rest 13.0ms, gpu 0.6ms) | proc 4.2 rcpu 0.6 gpu 0.6 rest 13.0 | alloc 168KB | ticks 3, remote.ents 37 | watchdog: 5/5 samples in '(unscoped)'[0m
[portal] 'Portal_0' facing=True onScreen=True -> RENDER near=2.50 size=(384, 384) camQ=<1109.6976, 412.9209, 27.03125> inO=<1216, 208, 32> inF=<-4.371139E-08, 1, 0>
[portal] dump portal0: camG=(-590, 80, -224) near=2.50 size=(384, 384) halfR=64 halfU=64 exitC=<-592, 224, 80>
[portal] 'Portal_1' facing=False onScreen=True -> RENDER near=2.50 size=(384, 384) camQ=<1109.6976, 412.9209, 27.03125> inO=<-592, 224, 80> inF=<-1, -8.742278E-08, 0>
[portal] dump portal1: camG=(1216, 32, -206) near=2.50 size=(384, 384) halfR=64 halfU=64 exitC=<1216, 208, 32>
[lb]hitch VSYNC/PRESENT ×3] 15.6–17.7ms over 0.0s (med 6.7) — present/vsync-bound (rest 13.0ms, gpu 0.6ms)[0m
[lb]hitch EXTERNAL] 140.3ms (7 dropped @60Hz) (med 6.7, ×21.0) — rest-dominated, game-side quiet — OS/compositor/driver | proc 3.4 rcpu 0.5 gpu 0.8 rest 136.4 | alloc 40KB | ticks 3, remote.ents 37 | watchdog: 205/205 samples in '(unscoped)'[0m
[lb]hitch]   gpu: draws 764, pipeline compiles +0, vram 3327MB[0m
[lb]hitch]   prev: 6.9 6.9 6.9 6.9 6.9 6.9 6.9 6.9[0m
[lb]hitch VSYNC/PRESENT] 19.1ms (med 6.7, ×2.9) — present/vsync-bound (rest 14.8ms, gpu 2.0ms) | proc 3.7 rcpu 0.6 gpu 2.0 rest 14.8 | alloc 197KB | ticks 3, remote.ents 37 | watchdog: 3/3 samples in '(unscoped)'[0m
[lb]frameprofile] scene: nodes 2919 objs-drawn 3280 draws 734 vram 3327MB[0m
[lb]frameprofile] census: Label 876  HBoxContainer 218  Control 157  Dependent 113  Button 110  CvarCheckBox 104  VBoxContainer 78  HSlider 62  CvarSlider 58  MeshInstance3D 54[0m
[lb]frameprofile] 525 frames: p50 6.6 p95 16.6 p99 69.9 p99.9 142.6ms (max 145.5) | 9 EXTERNAL, 1 PIPELINE-COMPILE, 1 GC-PAUSE, 25 VSYNC/PRESENT, 2 CPU-LOGIC, 9 MIXED | alloc 5MB/s heap 489.8MB | proc 1.6 gpu 0.6[0m
[lb]frameprofile] ms/frame: ng.process 1.5  server.tick 1.1  proc:other 0.8  sim.move 0.7  cw.process 0.4  move.in 0.4  bot.think 0.4  bot.strategy 0.4  cw.players 0.3  net.send 0.3[0m
[portal] 'Portal_0' facing=True onScreen=True -> RENDER near=2.50 size=(384, 384) camQ=<1109.6976, 412.9209, 27.03125> inO=<1216, 208, 32> inF=<-4.371139E-08, 1, 0>
[portal] dump portal0: camG=(-590, 80, -224) near=2.50 size=(384, 384) halfR=64 halfU=64 exitC=<-592, 224, 80>
[portal] 'Portal_1' facing=False onScreen=True -> RENDER near=2.50 size=(384, 384) camQ=<1109.6976, 412.9209, 27.03125> inO=<-592, 224, 80> inF=<-1, -8.742278E-08, 0>
[portal] dump portal1: camG=(1216, 32, -206) near=2.50 size=(384, 384) halfR=64 halfU=64 exitC=<1216, 208, 32>
[lb]hitch VSYNC/PRESENT ×3] 14.2–19.1ms over 0.0s (med 6.9) — present/vsync-bound (rest 14.8ms, gpu 2.0ms)[0m
[lb]hitch EXTERNAL] 134.7ms (7 dropped @60Hz) (med 6.9, ×19.4) — rest-dominated, game-side quiet — OS/compositor/driver | proc 3.8 rcpu 0.6 gpu 0.9 rest 130.3 | alloc 40KB | ticks 3, remote.ents 37 | watchdog: 206/206 samples in '(unscoped)'[0m
[lb]hitch]   gpu: draws 800, pipeline compiles +0, vram 3327MB[0m
[lb]hitch]   prev: 6.9 6.9 6.9 6.9 6.9 6.9 6.9 6.9[0m
[lb]hitch VSYNC/PRESENT] 17.5ms (med 6.9, ×2.5) — present/vsync-bound (rest 13.8ms, gpu 0.6ms) | proc 3.1 rcpu 0.6 gpu 0.6 rest 13.8 | alloc 160KB | ticks 3, remote.ents 37 | watchdog: 4/4 samples in '(unscoped)'[0m
[wz] cross client=True 'player' o <-591.2932, 237.40657, 40.556824>-><1202.5934, 208.70679, -7.4431763> v <72.65415, -14.301299, 0>-><14.301303, 72.65415, 0> a <0.17552796, 45.275383, 0>-><0.17553711, 135.27538, 0> | in o=<-592, 224, 80> f=<-1, -8.742278E-08, 0> | out o=<1216, 208, 32> f=<-4.371139E-08, 1, 0>
[lb]hitch EXTERNAL] 62.4ms (3 dropped @60Hz) (med 6.9, ×9.0) — rest-dominated, game-side quiet — OS/compositor/driver | proc 5.2 rcpu 0.6 gpu 0.6 rest 56.6 | alloc 57KB | ticks 3, remote.ents 38 | watchdog: 16/32 samples in 'bot.strategy'[0m
[lb]hitch]   gpu: draws 827, pipeline compiles +0, vram 3328MB[0m
[lb]hitch]   prev: 7.6 6.9 6.9 6.9 6.9 6.9 6.9 6.4[0m
[lb]hitch VSYNC/PRESENT] 12.6ms (med 6.9, ×1.8) — present/vsync-bound (rest 8.6ms, gpu 0.6ms) | proc 3.3 rcpu 0.7 gpu 0.6 rest 8.6 | alloc 181KB | ticks 2, remote.ents 38 | watchdog: 4/4 samples in '(unscoped)'[0m
[portal] 'Portal_0' facing=True onScreen=True -> RENDER near=2.50 size=(384, 384) camQ=<1109.6976, 412.9209, 27.03125> inO=<1216, 208, 32> inF=<-4.371139E-08, 1, 0>
[portal] dump portal0: camG=(-590, 80, -224) near=2.50 size=(384, 384) halfR=64 halfU=64 exitC=<-592, 224, 80>
[portal] 'Portal_1' facing=False onScreen=True -> RENDER near=2.50 size=(384, 384) camQ=<1109.6976, 412.9209, 27.03125> inO=<-592, 224, 80> inF=<-1, -8.742278E-08, 0>
[portal] dump portal1: camG=(1216, 32, -206) near=2.50 size=(384, 384) halfR=64 halfU=64 exitC=<1216, 208, 32>
[lb]hitch EXTERNAL] 137.7ms (7 dropped @60Hz) (med 6.9, ×19.8) — rest-dominated, game-side quiet — OS/compositor/driver | proc 4.4 rcpu 0.6 gpu 0.6 rest 132.8 | alloc 40KB | ticks 3, remote.ents 38 | watchdog: 202/202 samples in '(unscoped)'[0m
[lb]hitch VSYNC/PRESENT] 16.7ms (med 6.9, ×2.4) — present/vsync-bound (rest 12.6ms, gpu 1.2ms) | proc 3.5 rcpu 0.6 gpu 1.2 rest 12.6 | alloc 48KB | ticks 3, remote.ents 38[0m
[portal] 'Portal_0' facing=True onScreen=True -> RENDER near=2.50 size=(384, 384) camQ=<1109.6976, 412.9209, 27.03125> inO=<1216, 208, 32> inF=<-4.371139E-08, 1, 0>
[portal] dump portal0: camG=(-590, 80, -224) near=2.50 size=(384, 384) halfR=64 halfU=64 exitC=<-592, 224, 80>
[portal] 'Portal_1' facing=False onScreen=True -> RENDER near=2.50 size=(384, 384) camQ=<1109.6976, 412.9209, 27.03125> inO=<-592, 224, 80> inF=<-1, -8.742278E-08, 0>
[portal] dump portal1: camG=(1216, 32, -206) near=2.50 size=(384, 384) halfR=64 halfU=64 exitC=<1216, 208, 32>
[lb]hitch VSYNC/PRESENT ×3] 13.4–16.7ms over 0.6s (med 6.9) — present/vsync-bound (rest 12.6ms, gpu 1.2ms)[0m
[lb]hitch EXTERNAL] 134.1ms (7 dropped @60Hz) (med 6.9, ×19.3) — rest-dominated, game-side quiet — OS/compositor/driver | proc 4.8 rcpu 0.6 gpu 0.5 rest 128.8 | alloc 48KB | ticks 3, remote.ents 38 | watchdog: 207/207 samples in '(unscoped)'[0m
[lb]hitch]   gpu: draws 770, pipeline compiles +0, vram 3328MB[0m
[lb]hitch]   prev: 6.7 6.6 6.9 6.9 6.9 6.9 6.9 6.9[0m
[lb]hitch VSYNC/PRESENT] 18.8ms (med 6.9, ×2.7) — present/vsync-bound (rest 13.9ms, gpu 0.5ms) | proc 4.4 rcpu 0.6 gpu 0.5 rest 13.9 | alloc 185KB | ticks 3, remote.ents 38 | watchdog: 4/4 samples in '(unscoped)'[0m
[portal] 'Portal_0' facing=True onScreen=True -> RENDER near=2.50 size=(384, 384) camQ=<1109.6976, 412.9209, 27.03125> inO=<1216, 208, 32> inF=<-4.371139E-08, 1, 0>
[portal] dump portal0: camG=(-590, 80, -224) near=2.50 size=(384, 384) halfR=64 halfU=64 exitC=<-592, 224, 80>
[portal] 'Portal_1' facing=False onScreen=True -> RENDER near=2.50 size=(384, 384) camQ=<1109.6976, 412.9209, 27.03125> inO=<-592, 224, 80> inF=<-1, -8.742278E-08, 0>
[portal] dump portal1: camG=(1216, 32, -206) near=2.50 size=(384, 384) halfR=64 halfU=64 exitC=<1216, 208, 32>
[lb]hitch EXTERNAL] 133.6ms (7 dropped @60Hz) (med 6.9, ×19.2) — rest-dominated, game-side quiet — OS/compositor/driver | proc 5.0 rcpu 0.7 gpu 0.5 rest 128.0 | alloc 48KB | ticks 3, remote.ents 38 | watchdog: 204/204 samples in '(unscoped)'[0m
[lb]hitch]   gpu: draws 766, pipeline compiles +0, vram 3328MB[0m
[lb]hitch]   prev: 6.9 6.9 6.9 6.9 6.9 6.9 6.9 6.9[0m
[lb]hitch VSYNC/PRESENT] 16.7ms (med 6.9, ×2.4) — present/vsync-bound (rest 12.4ms, gpu 0.5ms) | proc 3.7 rcpu 0.5 gpu 0.5 rest 12.4 | alloc 193KB | ticks 3, remote.ents 38 | watchdog: 4/4 samples in '(unscoped)'[0m
=== frame profiler session summary (41s, 1555 frames) ===[0m
  fps: avg 86.4  1%low 7  0.1%low 7  (median 6.9ms, worst 150.0ms)[0m
  hitches: 114 total — 23 EXTERNAL, 1 ASSET-BUILD, 6 PIPELINE-COMPILE, 2 GC-PAUSE, 59 VSYNC/PRESENT, 7 CPU-LOGIC, 16 MIXED[0m
    worst[lb]1]: 147.2ms EXTERNAL (ng.process) @ t=28.6s[0m
    worst[lb]2]: 145.5ms EXTERNAL (ng.process) @ t=34.5s[0m
    worst[lb]3]: 142.7ms EXTERNAL (ng.process) @ t=33.5s[0m
    worst[lb]4]: 142.4ms EXTERNAL (ng.process) @ t=31.6s[0m
    worst[lb]5]: 141.1ms EXTERNAL (ng.process) @ t=23.5s[0m
  gc: g0+86 g1+59 g2+35, total pause 247ms[0m
  alloc: 2.8GB total, 4MB/s recent, peak 433.8MB in one frame @ t=5.5s, heap 487.8MB[0m
