Godot Engine v4.6.3.stable.mono.official.7d41c59c4 - https://godotengine.org
Vulkan 1.4.341 - Forward+ - Using Device #0: NVIDIA - NVIDIA GeForce RTX 3080

[lb]frameprofiler] env: managed-debugger=False godot-context=debug csharp=Debug vsync=Enabled maxfps=0[0m
=== XonoticGodot boot ===[0m
Weapons:   24[0m
Items:     19[0m
Mutators:  41[0m
GameTypes: 20[0m
[lb]MenuState] config: 6462 cvars from 25 cfg files (374 aliases, 0 missing).[0m
[lb]shell] --cvar cl_frameprofiler = "2"[0m
[lb]shell] --cvar sv_threaded = "1"[0m
[lb]video] vid_vsync 2 → requested Mailbox, actual Mailbox[0m
[lb]Shell] hosting listen server: gametype=dm map=stormkeep bots=6 skill=0 timelimit=0 fraglimit=0[0m
[AssetSystem] loaded 2439 shaders from 185 scripts.
[NetTransport.Server] listening on UDP 26000 (max 16).
[ServerNet] LAN discovery: answering getinfo on UDP 26001 (game port 26000).
[NetGame] sv_threaded 1 — server simulation running on a dedicated worker thread (XG-ServerSim).
[NetTransport.Client] connecting to 127.0.0.1:26000 …
[EffectSystem] effectinfo: 301 effects, particlefont atlas: loaded, style overlay: 0 effects
[Particles] backend=original (cl_particles_modern=0)
[MapLoader] 'stormkeep' materials: lightmapped=35 vertexLit=3 plain=10 glow=4 normalMapped=34 (deluxe=True, internalPages=0, atlas=1p, cells=31, surfaces=388)
[DecalSplats] geometry: 106027 render triangles, 502 grid cells
[Skybox] loaded 'env/extragalactic/asteroids'.
[NetGame] map music: 'cdtracks/track005' (from mapinfo/worldspawn)
[lb]frameprofile] med 132.2ms p99 146.8ms | proc 2.3 rcpu 0.8 gpu 13.7 rest 129.1 | draws 341 | iqm.mesh 218.8ms, iqm.materials 211.1ms, net.send 2.7ms, sim.start 1.7ms | ticks 1[0m
[NetGame] precached 24 weapon models, skipped 0 (lazy), 24 muzzle tags.
[NetGame] precached 36 combat sounds, 1 player models.
[NetGame] listen server on 127.0.0.1:26000 (map 'stormkeep', dm, 6 bots) — self-connecting.
[ServerNet] peer 669230865 connected (awaiting handshake).
[ServerNet] peer 669230865 accepted as 'player' (netId 669230865, id 36d7c49b).
[lb]bots] waypoints for 'stormkeep': nodes=99 (file=loaded, cache=yes)[0m
[ClientNet] handshake accepted by 'Xonotic  Server': netId 1, tickrate 72 Hz.
[NetGame] handshake accepted by 'Xonotic  Server': netId 1.
[lb]frameprofile] med 128.9ms p99 150.0ms | proc 31.7 rcpu 1.6 gpu 10.2 rest 95.7 | draws 198 | proc:other 11.3ms, ng.process 10.0ms, stream.build 6.0ms, iqm.materials 5.9ms[0m
[lb]frameprofile] med 92.5ms p99 150.0ms | proc 61.0 rcpu 0.8 gpu 10.1 rest 30.7 | draws 228 | ng.process 42.9ms, stream.build 9.7ms, iqm.materials 9.6ms, proc:other 5.8ms | ticks 3[0m
[lb]frameprofile] med 102.0ms p99 150.0ms | proc 116.6 rcpu 0.7 gpu 6.5 rest 0.0 | draws 228 | ng.process 104.4ms, sim.move 6.2ms, particles.cpu 4.3ms, move.pm 4.0ms | ticks 4[0m
[lb]frameprofile] med 103.4ms p99 150.0ms | proc 93.5 rcpu 0.7 gpu 12.3 rest 9.2 | draws 228 | ng.process 82.5ms, sim.move 4.8ms, proc:other 4.3ms, move.pm 3.5ms | ticks 4[0m
[IdleWarmer] asset warm queue drained — full asset set is hot.
[lb]frameprofile] med 103.4ms p99 150.0ms | proc 24.5 rcpu 0.7 gpu 13.8 rest 78.2 | draws 228 | ng.process 13.0ms, sim.move 10.4ms, move.pm 8.5ms, proc:other 6.6ms | ticks 4[0m
[lb]frameprofile] med 12.4ms p99 150.0ms | proc 6.3 rcpu 0.7 gpu 0.7 rest 5.5 | draws 243 | proc:other 2.1ms, cw.process 1.5ms, cw.players 1.4ms, particles.cpu 1.4ms | ticks 1[0m
[lb]frameprofile] med 9.1ms p99 129.5ms | proc 5.6 rcpu 0.6 gpu 0.7 rest 2.8 | draws 244 | proc:other 1.9ms, particles.cpu 1.5ms, cw.process 1.5ms, cw.players 1.4ms | ticks 1[0m
[lb]hitch] 105.5ms (med 9.5) | proc 17.0 rcpu 0.7 gpu 1.4 phys 1.8 rest 87.7 | alloc 103KB | top: sim.move 12.7ms, move.in 10.3ms, bot.think 10.2ms | ticks 1[0m
[lb]hitch]   scopes: sim.move 12.7ms/2KB, move.in 10.3ms/1KB, bot.think 10.2ms, bot.path 9.3ms, ng.process 6.5ms/38KB, particles.cpu 5.7ms, proc:other 2.4ms, move.pm 1.8ms, cw.process 1.5ms, cw.players 1.3ms, sim.integrate 1.2ms/1KB, net.send 1.2ms/5KB[0m
[lb]hitch]   gpu: draws 264, pipeline compiles +2 (uber +1, spec/draw +1), vram 3402MB[0m
[lb]hitch]   prev: 9.7 9.7 9.5 9.5 9.5 9.5 9.5 9.7[0m
[lb]hitch] 29.3ms (med 9.5) | proc 9.7 rcpu 50.4 gpu 1.4 phys 1.8 rest 0.0 | alloc 96KB | top: ng.process 3.5ms, proc:other 2.1ms, particles.cpu 2.0ms | ticks 2[0m
[lb]hitch] 19.9ms (med 9.5) | proc 7.5 rcpu 0.8 gpu 1.4 phys 1.8 rest 11.6 | alloc 48KB | top: proc:other 2.4ms, particles.cpu 1.7ms, ng.process 1.5ms[0m
[lb]frameprofile] med 9.5ms p99 19.9ms | proc 5.3 rcpu 0.8 gpu 1.4 rest 3.4 | draws 268 | proc:other 1.9ms, particles.cpu 1.7ms, cw.process 1.5ms, cw.players 1.4ms | ticks 1[0m
[lb]frameprofile] med 9.1ms p99 19.9ms | proc 5.2 rcpu 0.7 gpu 1.6 rest 3.2 | draws 274 | proc:other 2.0ms, cw.process 1.4ms, cw.players 1.3ms, particles.cpu 1.2ms | ticks 0[0m
[lb]frameprofile] med 9.1ms p99 19.9ms | proc 6.2 rcpu 0.9 gpu 1.7 rest 2.0 | draws 281 | proc:other 2.4ms, particles.cpu 1.9ms, cw.process 1.4ms, cw.players 1.3ms | ticks 0[0m
[lb]frameprofile] med 9.1ms p99 10.4ms | proc 6.6 rcpu 1.1 gpu 1.7 rest 1.3 | draws 269 | proc:other 2.9ms, cw.process 1.7ms, cw.players 1.5ms, particles.cpu 1.4ms[0m
[lb]frameprofile] med 9.1ms p99 10.1ms | proc 5.3 rcpu 0.7 gpu 1.8 rest 3.1 | draws 268 | proc:other 2.2ms, cw.process 1.5ms, cw.players 1.4ms, particles.cpu 1.0ms | ticks 0[0m
[lb]frameprofile] med 8.8ms p99 9.3ms | proc 4.8 rcpu 0.7 gpu 1.8 rest 3.3 | draws 268 | proc:other 2.1ms, cw.process 1.5ms, cw.players 1.4ms, particles.cpu 1.0ms[0m
[lb]frameprofile] med 8.3ms p99 10.4ms | proc 5.5 rcpu 0.7 gpu 2.8 rest 2.1 | draws 271 | proc:other 2.0ms, cw.process 1.6ms, cw.players 1.4ms, particles.cpu 1.1ms[0m
[lb]frameprofile] med 8.4ms p99 10.8ms | proc 5.3 rcpu 0.7 gpu 1.9 rest 2.3 | draws 271 | proc:other 2.0ms, cw.process 1.5ms, cw.players 1.4ms, particles.cpu 1.1ms[0m
[lb]frameprofile] med 8.3ms p99 9.3ms | proc 5.5 rcpu 0.7 gpu 1.9 rest 2.2 | draws 264 | proc:other 1.9ms, cw.process 1.5ms, cw.players 1.4ms, particles.cpu 1.4ms[0m
[lb]frameprofile] med 8.3ms p99 9.1ms | proc 5.1 rcpu 0.6 gpu 1.8 rest 2.6 | draws 264 | proc:other 1.8ms, cw.process 1.4ms, cw.players 1.3ms, particles.cpu 1.1ms[0m
[lb]frameprofile] med 8.3ms p99 9.1ms | proc 5.5 rcpu 0.8 gpu 1.9 rest 2.1 | draws 283 | proc:other 2.0ms, cw.process 1.5ms, cw.players 1.4ms, particles.cpu 1.1ms | ticks 1[0m
[lb]frameprofile] med 8.7ms p99 10.5ms | proc 6.0 rcpu 0.9 gpu 2.0 rest 1.9 | draws 291 | proc:other 2.0ms, cw.process 1.7ms, cw.players 1.5ms, particles.cpu 1.5ms | ticks 1[0m
[lb]frameprofile] med 9.3ms p99 12.6ms | proc 5.6 rcpu 0.7 gpu 2.9 rest 3.0 | draws 296 | proc:other 2.0ms, particles.cpu 1.5ms, cw.process 1.5ms, cw.players 1.3ms | ticks 1[0m
[lb]frameprofile] med 9.1ms p99 12.6ms | proc 6.1 rcpu 0.7 gpu 3.0 rest 2.3 | draws 262 | proc:other 2.4ms, cw.process 1.6ms, cw.players 1.5ms, particles.cpu 1.1ms | ticks 1[0m
[lb]frameprofile] med 9.1ms p99 10.2ms | proc 5.0 rcpu 0.7 gpu 1.8 rest 3.4 | draws 237 | proc:other 2.0ms, cw.process 1.5ms, cw.players 1.3ms, particles.cpu 1.2ms | ticks 1[0m
[lb]frameprofile] med 9.1ms p99 11.1ms | proc 8.3 rcpu 0.6 gpu 1.8 rest 0.2 | draws 207 | sim.move 5.7ms, proc:other 5.3ms, move.in 5.0ms, bot.think 5.0ms | ticks 1[0m
[lb]frameprofile] med 8.3ms p99 11.0ms | proc 4.9 rcpu 0.5 gpu 1.8 rest 2.9 | draws 188 | proc:other 1.8ms, cw.process 1.4ms, cw.players 1.3ms, particles.cpu 1.1ms | ticks 1[0m
[lb]frameprofile] med 7.6ms p99 9.1ms | proc 4.8 rcpu 0.6 gpu 1.8 rest 2.2 | draws 195 | proc:other 1.8ms, cw.process 1.4ms, cw.players 1.3ms, particles.cpu 1.1ms[0m
[lb]frameprofile] med 8.0ms p99 8.3ms | proc 5.1 rcpu 0.6 gpu 1.9 rest 2.4 | draws 212 | proc:other 1.8ms, sim.move 1.5ms, cw.process 1.4ms, cw.players 1.3ms | ticks 1[0m
[lb]frameprofile] med 8.3ms p99 9.3ms | proc 4.6 rcpu 0.7 gpu 2.9 rest 3.0 | draws 227 | proc:other 1.8ms, cw.process 1.5ms, cw.players 1.4ms, particles.cpu 1.0ms | ticks 1[0m
[lb]frameprofile] med 8.3ms p99 11.0ms | proc 4.5 rcpu 0.7 gpu 2.5 rest 3.1 | draws 250 | proc:other 1.8ms, cw.process 1.4ms, cw.players 1.3ms, particles.cpu 1.0ms[0m
[lb]frameprofile] med 8.3ms p99 10.4ms | proc 5.4 rcpu 0.7 gpu 1.8 rest 2.3 | draws 242 | proc:other 2.0ms, cw.process 1.5ms, sim.move 1.4ms, cw.players 1.4ms | ticks 1[0m
[lb]frameprofile] med 8.3ms p99 9.1ms | proc 4.6 rcpu 0.7 gpu 2.0 rest 3.1 | draws 251 | proc:other 1.7ms, cw.process 1.4ms, cw.players 1.3ms, particles.cpu 1.0ms | ticks 1[0m
[lb]frameprofile] med 8.3ms p99 9.7ms | proc 5.4 rcpu 0.8 gpu 2.6 rest 2.1 | draws 244 | proc:other 2.3ms, cw.process 1.5ms, cw.players 1.4ms, particles.cpu 1.3ms | ticks 1[0m
[lb]frameprofile] med 8.3ms p99 10.8ms | proc 6.0 rcpu 0.8 gpu 3.4 rest 1.5 | draws 255 | proc:other 2.3ms, cw.process 1.6ms, particles.cpu 1.6ms, cw.players 1.4ms[0m
[lb]hitch] 20.1ms (med 8.8) | proc 5.4 rcpu 0.8 gpu 1.9 phys 0.5 rest 13.9 | alloc 40KB | top: proc:other 1.9ms, cw.process 1.5ms, particles.cpu 1.4ms[0m
[lb]hitch]   scopes: proc:other 1.9ms, cw.process 1.5ms, particles.cpu 1.4ms, cw.players 1.4ms, ng.process 0.4ms/2KB, entitynode 0.1ms, cw.csqc 0.1ms[0m
[lb]hitch]   gpu: draws 248, pipeline compiles +0, vram 3403MB[0m
[lb]hitch]   prev: 9.1 9.1 9.1 9.1 9.1 11.4 9.3 10.9[0m
[lb]frameprofile] med 9.0ms p99 13.3ms | proc 4.7 rcpu 0.6 gpu 1.9 rest 3.7 | draws 244 | proc:other 1.8ms, cw.process 1.4ms, cw.players 1.3ms, particles.cpu 1.1ms | ticks 1[0m
[lb]frameprofile] med 8.1ms p99 13.3ms | proc 5.0 rcpu 0.7 gpu 1.8 rest 2.4 | draws 243 | proc:other 1.9ms, cw.process 1.4ms, particles.cpu 1.3ms, cw.players 1.3ms | ticks 0[0m
[lb]frameprofile] med 8.3ms p99 9.1ms | proc 4.8 rcpu 0.7 gpu 3.1 rest 2.7 | draws 246 | proc:other 1.7ms, cw.process 1.5ms, cw.players 1.4ms, particles.cpu 1.1ms | ticks 1[0m
[lb]frameprofile] med 8.3ms p99 9.1ms | proc 4.8 rcpu 0.7 gpu 1.9 rest 2.9 | draws 252 | proc:other 1.7ms, cw.process 1.4ms, cw.players 1.3ms, particles.cpu 1.2ms[0m
[lb]frameprofile] med 8.3ms p99 9.4ms | proc 5.1 rcpu 0.7 gpu 1.8 rest 2.6 | draws 243 | proc:other 1.8ms, cw.process 1.5ms, cw.players 1.3ms, particles.cpu 1.3ms | ticks 1[0m
[lb]frameprofile] med 8.3ms p99 10.1ms | proc 5.9 rcpu 0.8 gpu 2.0 rest 1.7 | draws 241 | proc:other 2.0ms, particles.cpu 1.6ms, cw.process 1.5ms, cw.players 1.4ms[0m
[lb]frameprofile] med 8.3ms p99 9.2ms | proc 5.0 rcpu 0.9 gpu 1.9 rest 2.5 | draws 240 | proc:other 1.9ms, cw.process 1.4ms, cw.players 1.3ms, particles.cpu 1.0ms | ticks 1[0m
[lb]frameprofile] med 8.3ms p99 9.1ms | proc 4.3 rcpu 0.6 gpu 2.0 rest 3.4 | draws 246 | proc:other 1.7ms, cw.process 1.4ms, cw.players 1.3ms, particles.cpu 1.0ms[0m
[lb]frameprofile] med 8.3ms p99 9.7ms | proc 5.8 rcpu 0.6 gpu 1.9 rest 1.9 | draws 233 | proc:other 1.9ms, particles.cpu 1.8ms, cw.process 1.5ms, cw.players 1.4ms | ticks 1[0m
[lb]frameprofile] med 8.3ms p99 11.6ms | proc 5.5 rcpu 0.6 gpu 1.7 rest 2.2 | draws 226 | proc:other 2.5ms, cw.process 1.4ms, cw.players 1.3ms, particles.cpu 1.0ms | ticks 1[0m
[lb]frameprofile] med 8.3ms p99 11.6ms | proc 6.1 rcpu 0.7 gpu 1.7 rest 1.5 | draws 239 | particles.cpu 2.2ms, proc:other 2.0ms, cw.process 1.7ms, cw.players 1.6ms | ticks 1[0m
[lb]frameprofile] med 8.3ms p99 11.5ms | proc 5.1 rcpu 0.7 gpu 2.1 rest 2.6 | draws 256 | proc:other 1.9ms, cw.process 1.5ms, particles.cpu 1.4ms, cw.players 1.4ms | ticks 1[0m
[lb]frameprofile] med 8.7ms p99 11.7ms | proc 5.2 rcpu 0.7 gpu 1.7 rest 2.8 | draws 239 | proc:other 2.0ms, cw.process 1.5ms, cw.players 1.4ms, particles.cpu 1.2ms[0m
[lb]frameprofile] med 9.1ms p99 11.7ms | proc 5.3 rcpu 0.7 gpu 1.8 rest 3.1 | draws 227 | proc:other 2.0ms, cw.process 1.5ms, particles.cpu 1.4ms, cw.players 1.4ms | ticks 0[0m
[lb]frameprofile] med 9.1ms p99 10.7ms | proc 10.0 rcpu 1.0 gpu 2.0 rest 0.0 | draws 243 | ng.process 317.5ms, sim.move 317.1ms, move.in 316.7ms, bot.think 316.7ms | ticks 1[0m
[lb]hitch] 145.1ms (med 9.1) | proc 11.1 rcpu 1.0 gpu 2.0 phys 0.1 rest 133.0 | alloc 94KB | top: particles.cpu 5.8ms, sim.move 5.0ms, move.pm 2.7ms | ticks 4 | EXTERNAL? (rest-dominated; OS/compositor/driver)[0m
[lb]hitch]   scopes: particles.cpu 5.8ms, sim.move 5.0ms/4KB, move.pm 2.7ms, proc:other 2.4ms, move.post 1.5ms/4KB, cw.process 1.5ms, cw.players 1.4ms, ng.process 1.1ms/40KB, move.in 0.7ms, bot.think 0.7ms, net.send 0.2ms/1KB, md3.morph 0.2ms[0m
[lb]hitch]   gpu: draws 243, pipeline compiles +0, vram 3404MB[0m
[lb]hitch]   events: net: input backlog trimmed 12 -> 2 (player)[0m
[lb]hitch]   prev: 10.0 10.0 9.7 9.7 10.0 10.0 10.0 10.0[0m
[lb]hitch] 20.5ms (med 9.1) | proc 20.5 rcpu 0.7 gpu 2.2 phys 0.1 rest 0.0 | alloc 265KB | top: particles.cpu 524.4ms, sim.move 524.1ms, move.in 522.0ms | ticks 4[0m
[lb]hitch] 129.5ms (med 9.1) | proc 10.6 rcpu 0.7 gpu 3.0 phys 0.1 rest 118.2 | alloc 80KB | top: particles.cpu 5.6ms, sim.move 3.6ms, proc:other 2.2ms | ticks 4 | EXTERNAL? (rest-dominated; OS/compositor/driver)[0m
[lb]hitch] 21.4ms (med 9.1) | proc 8.3 rcpu 0.8 gpu 3.8 phys 0.2 rest 12.4 | alloc 128KB | top: ng.process 3.0ms, proc:other 2.1ms, cw.process 1.5ms | ticks 1[0m
[lb]hitch] 60.1ms (med 9.1) | proc 16.8 rcpu 0.7 gpu 2.6 phys 0.2 rest 42.5 | alloc 48KB | top: particles.cpu 11.2ms, sim.move 9.4ms, move.in 6.4ms | ticks 4 | EXTERNAL? (rest-dominated; OS/compositor/driver)[0m
[lb]hitch] 29.7ms (med 9.1) | proc 7.6 rcpu 1.0 gpu 2.6 phys 0.2 rest 21.1 | alloc 56KB | top: proc:other 4.1ms, sim.move 2.2ms, move.pm 1.6ms | ticks 2 | EXTERNAL? (rest-dominated; OS/compositor/driver)[0m
[lb]hitch] 16.7ms (med 9.1) | proc 16.7 rcpu 0.7 gpu 3.8 phys 0.2 rest 0.0 | alloc 40KB | top: particles.cpu 28.6ms, sim.move 26.7ms, move.in 25.5ms | ticks 1[0m
[lb]hitch] 20.6ms (med 9.1) | proc 5.6 rcpu 0.7 gpu 2.6 phys 0.2 rest 14.3 | alloc 48KB | top: proc:other 2.2ms, cw.process 1.4ms, particles.cpu 1.4ms[0m
[lb]hitch] 16.7ms (med 9.1) | proc 5.2 rcpu 0.9 gpu 4.6 phys 0.2 rest 10.5 | alloc 40KB | top: sim.move 2.6ms, move.pm 1.9ms, proc:other 1.9ms | ticks 2[0m
[lb]hitch] 16.7ms (med 9.1) | proc 5.8 rcpu 0.8 gpu 4.5 phys 0.2 rest 10.1 | alloc 48KB | top: particles.cpu 1.8ms, proc:other 1.8ms, cw.process 1.7ms | ticks 1[0m
[lb]hitch] 137.7ms (med 9.1) | proc 6.3 rcpu 0.7 gpu 8.0 phys 0.2 rest 130.7 | alloc 80KB | top: proc:other 2.0ms, cw.process 1.4ms, cw.players 1.3ms | EXTERNAL? (rest-dominated; OS/compositor/driver)[0m
[lb]hitch]   scopes: proc:other 2.0ms, cw.process 1.4ms, cw.players 1.3ms, ng.process 1.2ms/35KB, particles.cpu 1.2ms, md3.morph 0.3ms, entitynode 0.1ms, cw.csqc 0.1ms, net.poll 0.1ms, sim.start 0.1ms, move.pm 0.1ms, hud.mgr 0.1ms[0m
[lb]hitch]   gpu: draws 248, pipeline compiles +0, vram 3404MB[0m
[lb]hitch]   events: net: input backlog trimmed 11 -> 2 (player)[0m
[lb]hitch]   prev: 8.6 8.4 10.2 8.0 9.1 8.6 8.6 8.4[0m
[lb]hitch] 16.8ms (med 9.1) | proc 6.4 rcpu 0.7 gpu 5.1 phys 0.2 rest 9.7 | alloc 71KB | top: sim.move 2.9ms, move.pm 2.2ms, proc:other 2.1ms | ticks 4[0m
[lb]hitch] 16.6ms (med 9.1) | proc 4.8 rcpu 0.8 gpu 4.1 phys 0.2 rest 11.0 | alloc 48KB | top: sim.move 2.6ms, proc:other 1.9ms, cw.process 1.5ms | ticks 4[0m
[lb]hitch] 16.7ms (med 9.1) | proc 4.9 rcpu 0.8 gpu 5.1 phys 0.2 rest 11.0 | alloc 40KB | top: proc:other 1.7ms, cw.process 1.4ms, cw.players 1.3ms[0m
[lb]frameprofile] med 9.1ms p99 129.5ms | proc 4.9 rcpu 1.1 gpu 4.1 rest 3.0 | draws 251 | proc:other 2.1ms, cw.process 1.4ms, cw.players 1.3ms, particles.cpu 1.0ms | ticks 0[0m
[lb]frameprofile] med 9.1ms p99 129.5ms | proc 5.6 rcpu 0.7 gpu 1.1 rest 2.8 | draws 250 | proc:other 1.9ms, particles.cpu 1.9ms, cw.process 1.4ms, cw.players 1.3ms | ticks 1[0m
[lb]frameprofile] med 8.3ms p99 10.7ms | proc 4.4 rcpu 0.7 gpu 1.4 rest 3.2 | draws 249 | proc:other 1.7ms, cw.process 1.4ms, cw.players 1.3ms, particles.cpu 1.0ms[0m
[lb]frameprofile] med 8.3ms p99 10.7ms | proc 6.7 rcpu 0.8 gpu 1.5 rest 0.9 | draws 248 | proc:other 2.9ms, cw.process 1.8ms, cw.players 1.7ms, particles.cpu 1.5ms | ticks 1[0m
[lb]frameprofile] med 8.3ms p99 9.3ms | proc 4.9 rcpu 0.7 gpu 1.5 rest 2.7 | draws 236 | proc:other 1.9ms, cw.process 1.5ms, cw.players 1.4ms, particles.cpu 1.3ms | ticks 1[0m
[lb]frameprofile] med 8.3ms p99 9.1ms | proc 5.2 rcpu 0.7 gpu 1.6 rest 2.5 | draws 228 | proc:other 2.0ms, cw.process 1.5ms, cw.players 1.4ms, particles.cpu 1.2ms | ticks 1[0m
[lb]frameprofile] med 8.3ms p99 11.8ms | proc 6.0 rcpu 1.0 gpu 1.7 rest 1.3 | draws 226 | proc:other 2.6ms, cw.process 1.5ms, particles.cpu 1.4ms, cw.players 1.4ms | ticks 1[0m
[lb]frameprofile] med 8.3ms p99 10.4ms | proc 4.8 rcpu 0.6 gpu 1.8 rest 2.9 | draws 229 | proc:other 1.8ms, cw.process 1.4ms, cw.players 1.3ms, particles.cpu 1.2ms[0m
[lb]frameprofile] med 8.3ms p99 10.4ms | proc 5.1 rcpu 0.7 gpu 1.8 rest 2.5 | draws 223 | proc:other 2.0ms, cw.process 1.5ms, cw.players 1.4ms, particles.cpu 1.4ms | ticks 0[0m
[lb]frameprofile] med 8.3ms p99 9.1ms | proc 5.1 rcpu 0.6 gpu 2.6 rest 2.6 | draws 216 | proc:other 1.8ms, cw.process 1.6ms, cw.players 1.4ms, particles.cpu 1.3ms[0m
[lb]frameprofile] med 8.3ms p99 10.1ms | proc 5.7 rcpu 0.8 gpu 1.7 rest 1.8 | draws 211 | particles.cpu 2.0ms, proc:other 1.8ms, cw.process 1.5ms, cw.players 1.4ms | ticks 1[0m
[lb]frameprofile] med 8.8ms p99 10.4ms | proc 7.0 rcpu 0.6 gpu 1.8 rest 1.2 | draws 200 | particles.cpu 3.4ms, sim.move 2.6ms, move.in 2.2ms, bot.think 2.2ms | ticks 1[0m
[lb]frameprofile] med 8.6ms p99 11.3ms | proc 7.5 rcpu 0.6 gpu 1.8 rest 0.5 | draws 196 | particles.cpu 3.5ms, sim.move 2.4ms, proc:other 2.0ms, move.post 1.9ms | ticks 1[0m
[lb]hitch] 15.8ms (med 8.5) | proc 7.4 rcpu 0.6 gpu 1.8 phys 0.2 rest 7.7 | alloc 40KB | top: particles.cpu 2.6ms, proc:other 2.2ms, cw.process 1.5ms | ticks 1[0m
[lb]hitch]   scopes: particles.cpu 2.6ms, proc:other 2.2ms, cw.process 1.5ms, cw.players 1.4ms, ng.process 1.0ms/3KB, sim.move 0.4ms, move.pm 0.3ms, net.send 0.2ms, entitynode 0.1ms, cw.csqc 0.1ms, sim.integrate 0.1ms[0m
[lb]hitch]   gpu: draws 192, pipeline compiles +0, vram 3405MB[0m
[lb]hitch]   prev: 9.1 9.1 9.1 9.1 9.1 9.1 9.1 10.1[0m
[lb]frameprofile] med 9.1ms p99 13.0ms | proc 5.8 rcpu 0.7 gpu 1.8 rest 2.6 | draws 194 | proc:other 1.9ms, particles.cpu 1.9ms, cw.process 1.6ms, cw.players 1.4ms | ticks 1[0m
[lb]frameprofile] med 8.3ms p99 11.7ms | proc 5.5 rcpu 0.7 gpu 1.7 rest 2.1 | draws 188 | proc:other 2.2ms, cw.process 1.7ms, cw.players 1.6ms, particles.cpu 1.3ms | ticks 1[0m
[lb]frameprofile] med 8.3ms p99 9.3ms | proc 5.4 rcpu 0.5 gpu 1.7 rest 2.4 | draws 184 | proc:other 2.0ms, cw.process 1.5ms, cw.players 1.4ms, particles.cpu 1.3ms | ticks 1[0m
[lb]frameprofile] med 8.3ms p99 9.6ms | proc 4.9 rcpu 0.6 gpu 1.8 rest 2.9 | draws 180 | proc:other 1.8ms, cw.process 1.6ms, cw.players 1.4ms, particles.cpu 1.1ms | ticks 1[0m
[lb]frameprofile] med 8.3ms p99 9.1ms | proc 4.7 rcpu 0.6 gpu 2.6 rest 3.1 | draws 180 | proc:other 1.8ms, cw.process 1.4ms, cw.players 1.3ms, particles.cpu 1.1ms[0m
[lb]frameprofile] med 8.3ms p99 9.7ms | proc 5.2 rcpu 0.6 gpu 1.8 rest 2.6 | draws 180 | proc:other 2.0ms, cw.process 1.5ms, cw.players 1.4ms, particles.cpu 1.3ms | ticks 1[0m
[lb]frameprofile] med 8.3ms p99 9.7ms | proc 4.8 rcpu 0.9 gpu 1.7 rest 2.7 | draws 183 | proc:other 1.8ms, cw.process 1.4ms, cw.players 1.3ms, particles.cpu 1.1ms | ticks 1[0m
[lb]hitch] 16.7ms (med 8.3) | proc 8.1 rcpu 0.8 gpu 1.7 phys 0.2 rest 7.8 | alloc 48KB | top: proc:other 2.9ms, particles.cpu 1.8ms, ng.process 1.7ms | ticks 1[0m
[lb]hitch]   scopes: proc:other 2.9ms, particles.cpu 1.8ms, ng.process 1.7ms/3KB, cw.process 1.5ms, cw.players 1.3ms, sim.move 0.8ms, move.pm 0.5ms, net.send 0.3ms, move.in 0.2ms, bot.think 0.2ms, entitynode 0.2ms, sim.start 0.1ms[0m
[lb]hitch]   gpu: draws 183, pipeline compiles +0, vram 3405MB[0m
[lb]hitch]   prev: 9.1 9.1 9.1 9.1 10.0 9.1 9.1 11.5[0m
[lb]frameprofile] med 8.3ms p99 11.7ms | proc 5.2 rcpu 0.7 gpu 1.7 rest 2.5 | draws 183 | proc:other 1.9ms, cw.process 1.5ms, particles.cpu 1.4ms, cw.players 1.4ms | ticks 1[0m
[lb]frameprofile] med 8.3ms p99 12.3ms | proc 5.7 rcpu 0.6 gpu 1.9 rest 2.0 | draws 183 | proc:other 2.0ms, cw.process 1.6ms, particles.cpu 1.5ms, cw.players 1.4ms[0m
[lb]frameprofile] med 8.6ms p99 11.5ms | proc 4.9 rcpu 0.6 gpu 1.9 rest 3.1 | draws 182 | proc:other 1.9ms, cw.process 1.5ms, cw.players 1.3ms, particles.cpu 1.2ms | ticks 1[0m
[lb]frameprofile] med 8.3ms p99 9.7ms | proc 5.8 rcpu 0.6 gpu 1.8 rest 1.9 | draws 182 | particles.cpu 2.2ms, proc:other 1.9ms, cw.process 1.5ms, cw.players 1.4ms | ticks 1[0m
[lb]frameprofile] med 8.3ms p99 9.7ms | proc 5.7 rcpu 0.6 gpu 1.8 rest 2.0 | draws 182 | proc:other 2.6ms, cw.process 1.5ms, cw.players 1.4ms, particles.cpu 1.3ms[0m
[lb]frameprofile] med 9.1ms p99 10.1ms | proc 4.8 rcpu 0.6 gpu 1.8 rest 3.7 | draws 182 | proc:other 1.9ms, cw.process 1.5ms, cw.players 1.4ms, particles.cpu 1.1ms[0m
[lb]frameprofile] med 8.3ms p99 10.0ms | proc 5.0 rcpu 0.6 gpu 1.8 rest 2.8 | draws 180 | proc:other 2.0ms, cw.process 1.5ms, cw.players 1.4ms, particles.cpu 1.0ms[0m
[lb]frameprofile] med 8.3ms p99 10.4ms | proc 4.7 rcpu 0.6 gpu 1.8 rest 3.1 | draws 180 | proc:other 1.7ms, cw.process 1.4ms, cw.players 1.4ms, particles.cpu 1.0ms[0m
[lb]frameprofile] med 8.3ms p99 11.2ms | proc 4.8 rcpu 0.6 gpu 1.8 rest 3.0 | draws 182 | proc:other 1.7ms, cw.process 1.4ms, cw.players 1.3ms, particles.cpu 1.2ms[0m
[lb]frameprofile] med 8.3ms p99 9.6ms | proc 5.0 rcpu 0.6 gpu 1.8 rest 2.7 | draws 184 | proc:other 1.9ms, cw.process 1.5ms, cw.players 1.4ms, particles.cpu 1.1ms[0m
[lb]frameprofile] med 8.3ms p99 9.1ms | proc 5.5 rcpu 0.7 gpu 1.8 rest 2.1 | draws 186 | proc:other 2.1ms, cw.process 1.5ms, cw.players 1.4ms, particles.cpu 1.1ms | ticks 1[0m
[lb]frameprofile] med 8.3ms p99 9.4ms | proc 4.9 rcpu 0.9 gpu 1.8 rest 2.6 | draws 186 | proc:other 1.8ms, cw.process 1.4ms, cw.players 1.3ms, particles.cpu 1.3ms[0m
[lb]frameprofile] med 8.3ms p99 10.4ms | proc 4.6 rcpu 0.6 gpu 1.8 rest 3.1 | draws 186 | proc:other 1.7ms, cw.process 1.4ms, cw.players 1.3ms, particles.cpu 1.1ms[0m
[lb]frameprofile] med 8.3ms p99 11.4ms | proc 5.4 rcpu 0.6 gpu 1.8 rest 2.4 | draws 188 | proc:other 2.0ms, particles.cpu 1.4ms, cw.process 1.4ms, cw.players 1.3ms | ticks 1[0m
[lb]frameprofile] med 8.3ms p99 11.4ms | proc 4.8 rcpu 0.6 gpu 2.5 rest 2.9 | draws 188 | proc:other 1.8ms, cw.process 1.4ms, cw.players 1.3ms, particles.cpu 1.2ms | ticks 1[0m
[lb]frameprofile] med 8.2ms p99 8.8ms | proc 5.8 rcpu 0.7 gpu 2.5 rest 1.8 | draws 188 | proc:other 2.1ms, cw.process 1.4ms, cw.players 1.3ms, particles.cpu 1.2ms[0m
[lb]frameprofile] med 8.3ms p99 10.5ms | proc 5.3 rcpu 0.7 gpu 1.8 rest 2.3 | draws 188 | proc:other 1.8ms, particles.cpu 1.6ms, cw.process 1.5ms, cw.players 1.4ms | ticks 1[0m
[lb]frameprofile] med 8.3ms p99 12.8ms | proc 6.6 rcpu 1.2 gpu 2.1 rest 0.6 | draws 622 | proc:other 2.7ms, particles.cpu 2.0ms, cw.process 1.5ms, cw.players 1.4ms | ticks 1[0m
[lb]frameprofile] med 9.1ms p99 14.2ms | proc 7.3 rcpu 1.6 gpu 3.3 rest 0.2 | draws 594 | proc:other 3.0ms, particles.cpu 1.9ms, cw.process 1.5ms, cw.players 1.4ms | ticks 1[0m
[lb]frameprofile] med 12.1ms p99 15.7ms | proc 7.5 rcpu 1.1 gpu 3.4 rest 3.5 | draws 477 | proc:other 3.0ms, particles.cpu 2.4ms, cw.process 1.5ms, cw.players 1.3ms | ticks 1[0m
[lb]frameprofile] med 12.5ms p99 15.7ms | proc 8.0 rcpu 1.0 gpu 2.6 rest 3.5 | draws 456 | proc:other 3.4ms, particles.cpu 2.5ms, cw.process 1.6ms, cw.players 1.4ms | ticks 1[0m
[lb]frameprofile] med 12.6ms p99 15.7ms | proc 6.0 rcpu 0.9 gpu 2.8 rest 5.6 | draws 411 | proc:other 2.1ms, particles.cpu 1.8ms, cw.process 1.5ms, cw.players 1.4ms[0m
[lb]frameprofile] med 12.1ms p99 15.7ms | proc 7.8 rcpu 0.8 gpu 4.2 rest 3.5 | draws 319 | particles.cpu 2.3ms, proc:other 2.3ms, cw.process 1.8ms, cw.players 1.6ms | ticks 1[0m
[lb]frameprofile] med 11.8ms p99 14.3ms | proc 6.6 rcpu 0.6 gpu 1.1 rest 4.6 | draws 209 | particles.cpu 2.2ms, proc:other 2.2ms, cw.process 1.5ms, cw.players 1.4ms | ticks 1[0m
[lb]frameprofile] med 11.7ms p99 14.3ms | proc 6.4 rcpu 0.7 gpu 1.1 rest 4.5 | draws 285 | proc:other 2.9ms, particles.cpu 1.5ms, cw.process 1.5ms, cw.players 1.4ms | ticks 1[0m
[lb]frameprofile] med 11.2ms p99 12.9ms | proc 6.7 rcpu 0.6 gpu 1.6 rest 3.8 | draws 150 | proc:other 2.2ms, ng.process 1.6ms, cw.process 1.5ms, cw.players 1.4ms | ticks 1[0m
[lb]frameprofile] med 10.6ms p99 13.1ms | proc 4.9 rcpu 0.5 gpu 1.7 rest 5.2 | draws 192 | proc:other 2.0ms, cw.process 1.5ms, cw.players 1.4ms, particles.cpu 0.9ms | ticks 0[0m
[lb]frameprofile] med 10.2ms p99 15.2ms | proc 7.3 rcpu 1.4 gpu 2.0 rest 1.6 | draws 691 | proc:other 3.9ms, cw.process 1.6ms, cw.players 1.5ms, particles.cpu 1.3ms | ticks 1[0m
[lb]frameprofile] med 10.2ms p99 15.2ms | proc 5.1 rcpu 0.7 gpu 2.0 rest 4.4 | draws 242 | proc:other 2.0ms, cw.process 1.5ms, cw.players 1.4ms, particles.cpu 1.4ms[0m
[lb]frameprofile] med 11.0ms p99 16.2ms | proc 8.4 rcpu 1.6 gpu 2.3 rest 1.1 | draws 631 | proc:other 3.0ms, particles.cpu 2.4ms, cw.process 1.6ms, cw.players 1.5ms | ticks 1[0m
[lb]frameprofile] med 11.0ms p99 15.2ms | proc 5.1 rcpu 0.7 gpu 2.2 rest 5.3 | draws 246 | proc:other 1.9ms, cw.process 1.4ms, cw.players 1.3ms, particles.cpu 1.2ms[0m
[lb]hitch] 23.9ms (med 12.0) | proc 16.8 rcpu 1.1 gpu 3.6 phys 0.6 rest 6.1 | alloc 64KB | top: proc:other 7.7ms, particles.cpu 5.3ms, sim.move 5.3ms | ticks 1[0m
[lb]hitch]   scopes: proc:other 7.7ms, particles.cpu 5.3ms, sim.move 5.3ms/1KB, move.in 3.9ms, bot.think 3.9ms, bot.path 2.2ms, cw.process 2.0ms, cw.players 1.8ms, ng.process 1.5ms/3KB, move.pm 0.8ms, net.send 0.6ms/2KB, cw.csqc 0.2ms[0m
[lb]hitch]   gpu: draws 546, pipeline compiles +0, vram 3405MB[0m
[lb]hitch]   prev: 13.4 11.0 11.7 11.7 11.9 11.9 12.0 13.9[0m
[lb]hitch] 28.2ms (med 12.1) | proc 13.1 rcpu 1.8 gpu 2.4 phys 0.6 rest 13.3 | alloc 72KB | top: proc:other 7.0ms, particles.cpu 3.3ms, sim.move 1.7ms | ticks 1[0m
[lb]hitch] 22.7ms (med 12.1) | proc 10.5 rcpu 2.3 gpu 2.4 phys 0.6 rest 9.9 | alloc 56KB | top: proc:other 6.3ms, particles.cpu 2.0ms, cw.process 1.5ms | ticks 1[0m
[lb]frameprofile] med 12.6ms p99 22.7ms | proc 8.3 rcpu 1.1 gpu 3.4 rest 3.2 | draws 520 | proc:other 4.5ms, particles.cpu 1.5ms, cw.process 1.5ms, cw.players 1.4ms | ticks 1[0m
[lb]frameprofile] med 11.2ms p99 22.7ms | proc 8.3 rcpu 1.0 gpu 1.2 rest 1.8 | draws 508 | proc:other 3.9ms, particles.cpu 1.5ms, cw.process 1.5ms, cw.players 1.3ms | ticks 1[0m
[lb]frameprofile] med 12.2ms p99 22.7ms | proc 7.9 rcpu 1.1 gpu 1.1 rest 3.2 | draws 561 | proc:other 3.1ms, particles.cpu 2.4ms, cw.process 1.8ms, cw.players 1.6ms | ticks 1[0m
[lb]frameprofile] med 12.0ms p99 14.3ms | proc 5.5 rcpu 0.7 gpu 1.4 rest 5.8 | draws 232 | proc:other 1.8ms, cw.process 1.5ms, particles.cpu 1.5ms, cw.players 1.4ms | ticks 1[0m
[lb]frameprofile] med 12.1ms p99 14.3ms | proc 7.5 rcpu 1.1 gpu 1.8 rest 3.5 | draws 478 | proc:other 3.0ms, particles.cpu 2.2ms, cw.process 1.5ms, cw.players 1.4ms | ticks 1[0m
[lb]frameprofile] med 10.6ms p99 14.9ms | proc 7.7 rcpu 0.6 gpu 1.9 rest 2.3 | draws 209 | particles.cpu 2.7ms, proc:other 2.2ms, cw.process 1.8ms, cw.players 1.7ms | ticks 1[0m
[lb]frameprofile] med 10.4ms p99 13.8ms | proc 5.5 rcpu 0.6 gpu 1.9 rest 4.2 | draws 216 | proc:other 2.3ms, cw.process 1.5ms, cw.players 1.4ms, particles.cpu 1.1ms | ticks 1[0m
[lb]frameprofile] med 10.0ms p99 11.2ms | proc 4.7 rcpu 0.6 gpu 2.1 rest 4.6 | draws 240 | proc:other 1.9ms, cw.process 1.5ms, cw.players 1.4ms, particles.cpu 0.9ms[0m
[lb]frameprofile] med 10.0ms p99 15.4ms | proc 8.6 rcpu 1.2 gpu 1.3 rest 0.2 | draws 574 | proc:other 4.7ms, cw.process 1.9ms, cw.players 1.7ms, particles.cpu 1.4ms | ticks 1[0m
[lb]frameprofile] med 11.5ms p99 15.4ms | proc 7.1 rcpu 0.8 gpu 1.1 rest 3.6 | draws 392 | proc:other 3.1ms, cw.process 1.5ms, cw.players 1.4ms, particles.cpu 1.2ms | ticks 1[0m
[lb]frameprofile] med 11.8ms p99 15.4ms | proc 9.6 rcpu 1.3 gpu 3.1 rest 0.9 | draws 650 | particles.cpu 4.7ms, sim.move 3.6ms, move.post 3.0ms, proc:other 2.8ms | ticks 1[0m
[lb]frameprofile] med 12.5ms p99 15.5ms | proc 11.0 rcpu 1.2 gpu 2.0 rest 0.3 | draws 539 | proc:other 4.1ms, particles.cpu 4.0ms, cw.process 1.8ms, cw.players 1.7ms | ticks 1[0m
[lb]frameprofile] med 13.3ms p99 15.8ms | proc 8.3 rcpu 0.9 gpu 2.3 rest 4.1 | draws 447 | proc:other 3.4ms, particles.cpu 2.9ms, cw.process 1.5ms, cw.players 1.4ms | ticks 1[0m
[lb]frameprofile] med 13.3ms p99 15.8ms | proc 8.8 rcpu 0.9 gpu 2.2 rest 3.7 | draws 382 | particles.cpu 4.1ms, proc:other 2.4ms, cw.process 1.5ms, cw.players 1.4ms | ticks 1[0m
[lb]frameprofile] med 12.5ms p99 15.0ms | proc 7.3 rcpu 0.9 gpu 4.4 rest 4.4 | draws 382 | proc:other 2.6ms, particles.cpu 1.9ms, cw.process 1.6ms, cw.players 1.5ms | ticks 1[0m
[lb]frameprofile] med 12.1ms p99 15.3ms | proc 8.8 rcpu 1.2 gpu 2.6 rest 2.1 | draws 505 | particles.cpu 3.8ms, proc:other 2.9ms, cw.process 1.5ms, cw.players 1.4ms | ticks 1[0m
[lb]hitch] 22.1ms (med 12.1) | proc 22.1 rcpu 0.8 gpu 2.7 phys 0.4 rest 0.0 | alloc 56KB | top: particles.cpu 54.0ms, ng.process 1.7ms, cw.process 1.5ms | ticks 1[0m
[lb]hitch]   scopes: particles.cpu 54.0ms, ng.process 1.7ms/5KB, cw.process 1.5ms, cw.players 1.4ms, sim.move 1.3ms, move.pm 0.6ms, move.in 0.6ms, bot.think 0.6ms, net.send 0.4ms/2KB, md3.morph 0.2ms, sim.start 0.2ms, entitynode 0.1ms[0m
[lb]hitch]   gpu: draws 374, pipeline compiles +0, vram 3408MB[0m
[lb]hitch]   prev: 14.4 14.3 14.3 14.3 14.3 14.3 14.3 14.6[0m
[lb]hitch] 75.8ms (med 12.1) | proc 75.8 rcpu 0.9 gpu 2.7 phys 0.4 rest 0.0 | alloc 88KB | top: particles.cpu 232.4ms, ng.process 5.6ms, sim.move 3.9ms | ticks 1[0m
[lb]hitch] 141.5ms (med 12.1) | proc 12.0 rcpu 0.9 gpu 2.8 phys 0.4 rest 128.6 | alloc 128KB | top: particles.cpu 4.7ms, sim.move 3.2ms, ng.process 2.9ms | ticks 4 | EXTERNAL? (rest-dominated; OS/compositor/driver)[0m
[lb]frameprofile] med 12.1ms p99 22.1ms | proc 12.0 rcpu 0.9 gpu 2.8 rest 0.0 | draws 378 | particles.cpu 4.7ms, sim.move 3.2ms, ng.process 2.9ms, proc:other 2.6ms | ticks 4[0m
[lb]hitch] 33.3ms (med 12.1) | proc 9.5 rcpu 0.9 gpu 3.1 phys 0.4 rest 22.9 | alloc 125KB | top: proc:other 3.8ms, particles.cpu 3.6ms, sim.move 2.2ms | ticks 4[0m
[lb]frameprofile] med 12.6ms p99 33.3ms | proc 7.0 rcpu 1.0 gpu 1.3 rest 4.6 | draws 486 | proc:other 2.6ms, particles.cpu 2.5ms, cw.process 1.5ms, cw.players 1.3ms | ticks 1[0m
[lb]frameprofile] med 13.3ms p99 33.3ms | proc 7.9 rcpu 0.9 gpu 1.2 rest 4.6 | draws 400 | particles.cpu 3.3ms, proc:other 2.5ms, cw.process 1.5ms, cw.players 1.4ms | ticks 1[0m
[lb]frameprofile] med 13.0ms p99 33.3ms | proc 7.3 rcpu 1.3 gpu 1.8 rest 4.4 | draws 416 | particles.cpu 2.8ms, proc:other 2.6ms, cw.process 1.5ms, cw.players 1.4ms | ticks 1[0m
[lb]frameprofile] med 13.0ms p99 14.0ms | proc 8.3 rcpu 0.9 gpu 3.4 rest 3.8 | draws 406 | particles.cpu 3.3ms, proc:other 2.9ms, cw.process 1.4ms, cw.players 1.3ms | ticks 1[0m
[lb]frameprofile] med 12.5ms p99 14.3ms | proc 8.1 rcpu 0.8 gpu 2.1 rest 3.6 | draws 341 | proc:other 3.0ms, particles.cpu 2.4ms, cw.process 1.4ms, cw.players 1.3ms | ticks 1[0m
[lb]frameprofile] med 12.5ms p99 14.8ms | proc 7.6 rcpu 1.0 gpu 2.3 rest 3.9 | draws 482 | particles.cpu 3.2ms, proc:other 2.2ms, cw.process 1.5ms, cw.players 1.4ms | ticks 1[0m
[lb]frameprofile] med 12.5ms p99 15.0ms | proc 7.6 rcpu 1.2 gpu 2.8 rest 3.8 | draws 555 | proc:other 3.0ms, particles.cpu 2.6ms, cw.process 1.4ms, cw.players 1.3ms | ticks 1[0m
[lb]frameprofile] med 12.5ms p99 15.0ms | proc 7.0 rcpu 1.1 gpu 3.4 rest 4.4 | draws 535 | proc:other 2.7ms, particles.cpu 2.1ms, cw.process 1.5ms, cw.players 1.4ms | ticks 1[0m
[lb]frameprofile] med 12.9ms p99 17.3ms | proc 7.3 rcpu 1.5 gpu 4.2 rest 4.2 | draws 476 | proc:other 3.0ms, particles.cpu 2.1ms, cw.process 1.5ms, cw.players 1.4ms | ticks 1[0m
[lb]frameprofile] med 13.0ms p99 17.1ms | proc 7.2 rcpu 1.0 gpu 2.7 rest 4.8 | draws 475 | proc:other 2.8ms, particles.cpu 2.2ms, cw.process 1.5ms, cw.players 1.4ms | ticks 1[0m
[lb]frameprofile] med 12.1ms p99 17.1ms | proc 7.2 rcpu 0.8 gpu 2.5 rest 4.2 | draws 358 | proc:other 2.3ms, particles.cpu 2.1ms, cw.process 1.4ms, cw.players 1.3ms | ticks 1[0m
[lb]frameprofile] med 11.7ms p99 14.2ms | proc 7.1 rcpu 1.1 gpu 2.5 rest 3.5 | draws 470 | proc:other 2.9ms, particles.cpu 2.0ms, cw.process 1.5ms, cw.players 1.4ms | ticks 1[0m
[lb]frameprofile] med 11.7ms p99 13.7ms | proc 7.4 rcpu 1.1 gpu 2.5 rest 3.2 | draws 505 | proc:other 3.3ms, particles.cpu 2.2ms, cw.process 1.5ms, cw.players 1.4ms | ticks 1[0m
[lb]frameprofile] med 11.7ms p99 14.4ms | proc 8.3 rcpu 1.1 gpu 2.7 rest 2.3 | draws 484 | particles.cpu 3.0ms, proc:other 2.6ms, cw.process 1.5ms, cw.players 1.4ms | ticks 1[0m
[lb]frameprofile] med 12.5ms p99 14.6ms | proc 11.3 rcpu 1.0 gpu 2.8 rest 0.2 | draws 493 | proc:other 3.7ms, ng.process 3.2ms, particles.cpu 2.7ms, cw.process 1.4ms | ticks 1[0m
[lb]frameprofile] med 13.0ms p99 15.7ms | proc 7.8 rcpu 1.0 gpu 3.0 rest 4.2 | draws 474 | proc:other 3.3ms, particles.cpu 2.5ms, cw.process 1.5ms, cw.players 1.4ms | ticks 0[0m
[lb]frameprofile] med 13.0ms p99 15.8ms | proc 6.7 rcpu 1.2 gpu 2.7 rest 5.0 | draws 446 | proc:other 2.4ms, particles.cpu 2.2ms, cw.process 1.5ms, cw.players 1.4ms[0m
[lb]frameprofile] med 13.0ms p99 16.1ms | proc 7.5 rcpu 1.2 gpu 3.5 rest 4.2 | draws 614 | proc:other 3.6ms, particles.cpu 1.8ms, cw.process 1.6ms, cw.players 1.4ms | ticks 1[0m
[lb]frameprofile] med 13.0ms p99 15.8ms | proc 8.1 rcpu 1.1 gpu 3.9 rest 3.8 | draws 537 | particles.cpu 3.3ms, proc:other 2.4ms, cw.process 1.8ms, cw.players 1.6ms | ticks 1[0m
[lb]frameprofile] med 12.9ms p99 13.7ms | proc 7.2 rcpu 1.0 gpu 3.0 rest 4.7 | draws 390 | proc:other 2.6ms, particles.cpu 2.2ms, cw.process 1.5ms, cw.players 1.4ms | ticks 1[0m
[lb]frameprofile] med 13.0ms p99 13.9ms | proc 8.4 rcpu 1.0 gpu 3.8 rest 3.6 | draws 439 | particles.cpu 3.2ms, proc:other 3.1ms, cw.process 1.5ms, cw.players 1.4ms | ticks 1[0m
[lb]frameprofile] med 13.0ms p99 14.6ms | proc 8.0 rcpu 1.1 gpu 2.8 rest 3.9 | draws 509 | particles.cpu 3.4ms, proc:other 2.5ms, cw.process 1.4ms, cw.players 1.3ms | ticks 1[0m
[lb]frameprofile] med 13.0ms p99 15.5ms | proc 7.0 rcpu 0.9 gpu 2.8 rest 5.0 | draws 415 | proc:other 2.9ms, particles.cpu 2.1ms, cw.process 1.5ms, cw.players 1.4ms | ticks 1[0m
[lb]frameprofile] med 13.0ms p99 16.2ms | proc 8.7 rcpu 1.1 gpu 2.7 rest 3.2 | draws 449 | proc:other 3.1ms, particles.cpu 2.7ms, cw.process 1.6ms, sim.move 1.6ms | ticks 1[0m
[lb]frameprofile] med 13.0ms p99 15.5ms | proc 9.3 rcpu 1.0 gpu 2.8 rest 2.7 | draws 410 | particles.cpu 3.5ms, proc:other 3.0ms, cw.process 1.6ms, cw.players 1.4ms | ticks 1[0m
[lb]frameprofile] med 13.0ms p99 19.2ms | proc 10.5 rcpu 1.1 gpu 5.5 rest 1.4 | draws 555 | particles.cpu 4.8ms, sim.move 3.3ms, proc:other 3.0ms, move.in 3.0ms | ticks 1[0m
[lb]frameprofile] med 13.0ms p99 18.2ms | proc 9.0 rcpu 1.2 gpu 2.6 rest 2.7 | draws 395 | proc:other 3.3ms, ng.process 2.2ms, particles.cpu 1.9ms, cw.process 1.5ms | ticks 1[0m
[lb]frameprofile] med 13.0ms p99 18.2ms | proc 8.4 rcpu 1.4 gpu 1.2 rest 3.2 | draws 500 | particles.cpu 2.5ms, proc:other 2.5ms, ng.process 1.6ms, cw.process 1.5ms | ticks 1[0m
[lb]frameprofile] med 13.0ms p99 14.4ms | proc 6.2 rcpu 1.0 gpu 1.1 rest 5.8 | draws 427 | particles.cpu 2.0ms, proc:other 2.0ms, cw.process 1.5ms, cw.players 1.4ms | ticks 1[0m
[lb]frameprofile] med 12.5ms p99 14.4ms | proc 6.7 rcpu 1.1 gpu 2.0 rest 4.7 | draws 498 | proc:other 2.7ms, particles.cpu 2.0ms, cw.process 1.4ms, cw.players 1.3ms | ticks 1[0m
[lb]frameprofile] med 12.6ms p99 16.9ms | proc 7.7 rcpu 1.1 gpu 2.2 rest 3.9 | draws 508 | particles.cpu 2.8ms, proc:other 2.7ms, cw.process 1.5ms, cw.players 1.4ms | ticks 1[0m
[lb]frameprofile] med 13.0ms p99 16.0ms | proc 7.1 rcpu 1.1 gpu 4.2 rest 4.8 | draws 523 | proc:other 2.8ms, particles.cpu 2.4ms, cw.process 1.4ms, cw.players 1.4ms | ticks 1[0m
[lb]frameprofile] med 13.0ms p99 16.4ms | proc 10.9 rcpu 1.2 gpu 3.4 rest 0.9 | draws 588 | proc:other 4.8ms, particles.cpu 3.4ms, cw.process 1.9ms, cw.players 1.7ms | ticks 1[0m
[lb]frameprofile] med 12.7ms p99 16.4ms | proc 7.8 rcpu 1.3 gpu 2.6 rest 3.6 | draws 590 | proc:other 3.2ms, particles.cpu 2.9ms, cw.process 1.5ms, cw.players 1.3ms | ticks 1[0m
[lb]frameprofile] med 12.5ms p99 16.0ms | proc 7.0 rcpu 1.2 gpu 2.8 rest 4.3 | draws 582 | proc:other 2.9ms, particles.cpu 2.0ms, cw.process 1.5ms, cw.players 1.4ms | ticks 1[0m
[lb]frameprofile] med 12.5ms p99 15.6ms | proc 6.5 rcpu 1.7 gpu 2.7 rest 4.3 | draws 607 | proc:other 2.5ms, particles.cpu 1.9ms, cw.process 1.5ms, cw.players 1.3ms | ticks 1[0m
[lb]frameprofile] med 13.0ms p99 15.7ms | proc 8.0 rcpu 1.9 gpu 2.8 rest 3.1 | draws 556 | particles.cpu 2.9ms, proc:other 2.8ms, cw.process 1.6ms, cw.players 1.5ms | ticks 1[0m
[lb]frameprofile] med 13.0ms p99 15.7ms | proc 7.1 rcpu 1.8 gpu 2.6 rest 4.1 | draws 558 | particles.cpu 2.8ms, proc:other 2.2ms, cw.process 1.5ms, cw.players 1.3ms | ticks 1[0m
[lb]frameprofile] med 12.1ms p99 15.4ms | proc 6.1 rcpu 1.2 gpu 2.4 rest 4.8 | draws 486 | proc:other 2.0ms, particles.cpu 1.9ms, cw.process 1.5ms, cw.players 1.4ms | ticks 0[0m
[lb]frameprofile] med 12.1ms p99 12.9ms | proc 6.1 rcpu 0.9 gpu 2.3 rest 5.2 | draws 348 | proc:other 2.1ms, particles.cpu 1.8ms, cw.process 1.5ms, cw.players 1.4ms | ticks 1[0m
[lb]frameprofile] med 11.7ms p99 14.6ms | proc 6.8 rcpu 0.7 gpu 6.5 rest 4.2 | draws 223 | particles.cpu 2.2ms, proc:other 2.1ms, cw.process 1.7ms, cw.players 1.5ms | ticks 0[0m
[lb]frameprofile] med 10.9ms p99 14.6ms | proc 8.8 rcpu 0.6 gpu 0.8 rest 1.6 | draws 149 | proc:other 4.8ms, sim.move 2.2ms, cw.process 1.6ms, particles.cpu 1.6ms | ticks 1[0m
[lb]frameprofile] med 11.7ms p99 16.1ms | proc 12.5 rcpu 1.3 gpu 1.0 rest 0.0 | draws 425 | ng.process 5.4ms, proc:other 3.8ms, sim.move 3.1ms, move.post 1.6ms | ticks 1[0m
[lb]frameprofile] med 12.1ms p99 16.1ms | proc 8.8 rcpu 1.0 gpu 1.2 rest 2.4 | draws 376 | particles.cpu 3.2ms, proc:other 2.6ms, cw.process 1.5ms, cw.players 1.4ms | ticks 1[0m
[lb]frameprofile] med 12.5ms p99 16.1ms | proc 9.3 rcpu 1.0 gpu 1.2 rest 2.2 | draws 396 | proc:other 3.2ms, particles.cpu 2.9ms, cw.process 1.9ms, cw.players 1.7ms | ticks 1[0m
[lb]frameprofile] med 12.1ms p99 14.3ms | proc 7.1 rcpu 0.8 gpu 1.7 rest 4.2 | draws 337 | proc:other 2.4ms, cw.process 1.9ms, cw.players 1.7ms, particles.cpu 1.5ms | ticks 1[0m
[lb]frameprofile] med 10.9ms p99 13.7ms | proc 5.3 rcpu 0.7 gpu 1.9 rest 4.9 | draws 261 | proc:other 2.2ms, cw.process 1.5ms, particles.cpu 1.4ms, cw.players 1.3ms | ticks 1[0m
[lb]frameprofile] med 10.6ms p99 13.6ms | proc 7.8 rcpu 1.3 gpu 2.9 rest 1.5 | draws 706 | proc:other 3.2ms, particles.cpu 2.4ms, cw.process 1.4ms, cw.players 1.3ms | ticks 1[0m
[lb]frameprofile] med 10.6ms p99 14.0ms | proc 7.6 rcpu 1.7 gpu 2.4 rest 1.2 | draws 723 | proc:other 3.9ms, particles.cpu 1.6ms, cw.process 1.5ms, cw.players 1.4ms | ticks 1[0m
[lb]frameprofile] med 13.0ms p99 15.2ms | proc 9.1 rcpu 1.3 gpu 3.5 rest 2.6 | draws 669 | proc:other 3.6ms, particles.cpu 2.7ms, cw.process 1.5ms, cw.players 1.4ms | ticks 1[0m
[lb]frameprofile] med 13.3ms p99 14.9ms | proc 12.3 rcpu 1.2 gpu 2.7 rest 0.0 | draws 609 | proc:other 4.6ms, particles.cpu 3.7ms, ng.process 2.0ms, cw.process 1.8ms | ticks 1[0m
[lb]frameprofile] med 13.3ms p99 16.1ms | proc 8.2 rcpu 1.1 gpu 2.9 rest 4.1 | draws 487 | proc:other 3.8ms, particles.cpu 2.1ms, cw.process 1.6ms, cw.players 1.4ms | ticks 1[0m
[lb]frameprofile] med 13.3ms p99 16.1ms | proc 7.8 rcpu 1.0 gpu 2.7 rest 4.5 | draws 421 | proc:other 2.8ms, particles.cpu 2.8ms, cw.process 1.5ms, cw.players 1.4ms | ticks 1[0m
[lb]frameprofile] med 12.5ms p99 16.1ms | proc 8.5 rcpu 1.1 gpu 4.9 rest 2.8 | draws 531 | proc:other 3.2ms, particles.cpu 2.1ms, ng.process 1.5ms, cw.process 1.4ms | ticks 1[0m
[lb]frameprofile] med 12.5ms p99 15.5ms | proc 8.2 rcpu 1.3 gpu 2.8 rest 3.0 | draws 592 | proc:other 3.4ms, particles.cpu 2.5ms, cw.process 1.5ms, cw.players 1.4ms | ticks 1[0m
[lb]frameprofile] med 13.3ms p99 16.8ms | proc 8.1 rcpu 1.3 gpu 2.8 rest 4.0 | draws 557 | proc:other 3.2ms, particles.cpu 2.7ms, cw.process 1.5ms, cw.players 1.3ms | ticks 0[0m
[lb]frameprofile] med 13.6ms p99 16.8ms | proc 7.3 rcpu 1.2 gpu 2.7 rest 5.1 | draws 509 | proc:other 3.1ms, particles.cpu 2.1ms, cw.process 1.5ms, cw.players 1.4ms | ticks 1[0m
[lb]frameprofile] med 13.6ms p99 17.1ms | proc 10.5 rcpu 1.1 gpu 2.8 rest 2.0 | draws 560 | proc:other 4.2ms, particles.cpu 3.5ms, cw.process 1.9ms, cw.players 1.7ms | ticks 1[0m
[lb]frameprofile] med 13.0ms p99 17.1ms | proc 7.3 rcpu 1.0 gpu 4.5 rest 4.7 | draws 444 | particles.cpu 2.6ms, proc:other 2.6ms, cw.process 1.5ms, cw.players 1.4ms | ticks 1[0m
[lb]frameprofile] med 12.5ms p99 16.2ms | proc 8.5 rcpu 1.2 gpu 6.8 rest 2.8 | draws 472 | proc:other 2.9ms, particles.cpu 2.6ms, cw.process 1.5ms, cw.players 1.4ms | ticks 1[0m
[lb]frameprofile] med 12.5ms p99 13.8ms | proc 8.1 rcpu 0.9 gpu 1.1 rest 3.6 | draws 339 | particles.cpu 3.5ms, proc:other 2.3ms, cw.process 1.5ms, cw.players 1.4ms | ticks 1[0m
[lb]frameprofile] med 12.3ms p99 14.3ms | proc 7.0 rcpu 1.1 gpu 1.2 rest 4.2 | draws 560 | proc:other 2.5ms, particles.cpu 2.5ms, cw.process 1.5ms, cw.players 1.4ms | ticks 1[0m
ERROR: 1 RID allocations of type 'N10RendererRD14TextureStorage7TextureE' were leaked at exit.
ERROR: Parameter "RenderingServer::get_singleton()" is null.
   at: ~ImageTexture (scene/resources/image_texture.cpp:230)
WARNING: 2 RIDs of type "Texture" were leaked.
   at: finalize (servers/rendering/rendering_device.cpp:7505)
