Godot Engine v4.6.3.stable.mono.official.7d41c59c4 - https://godotengine.org
Vulkan 1.4.341 - Forward+ - Using Device #0: NVIDIA - NVIDIA GeForce RTX 3080

[lb]frameprofiler] env: managed-debugger=False godot-context=debug csharp=Debug vsync=Enabled maxfps=0 refresh=60Hz cpu=24c gpu=NVIDIA GeForce RTX 3080[0m
[lb]frameprofiler] columns: proc=all _Process CPU | rcpu=render-thread submit | gpu=main viewport GPU | rest=present/vsync/stall (ms-proc-rcpu) | alloc=managed garbage/frame | pipe=shader-pipeline compiles[0m
=== XonoticGodot boot ===[0m
Weapons:   27[0m
Items:     21[0m
Mutators:  46[0m
GameTypes: 20[0m
[lb]MenuState] config: 6462 cvars from 25 cfg files (374 aliases, 0 missing).[0m
[lb]video] vid_vsync 2 → requested Mailbox, actual Mailbox[0m
[lb]video] cl_maxfps 256 -> Engine.MaxFps 144 (refresh 60Hz)[0m
[lb]video] process priority AboveNormal (sys_priority_boost 1)[0m
[MenuCommand] 'playerstats_update' has no client backend yet (inert).
[lb]Shell] hosting listen server: gametype=dm map=stormkeep bots=0 skill=0 timelimit=0 fraglimit=0[0m
[AssetSystem] loaded 2439 shaders from 185 scripts.
[NetTransport.Server] listening on UDP 26000 (max 16).
[ServerNet] LAN discovery: answering getinfo on UDP 26001 (game port 26000).
[NetTransport.Client] connecting to 127.0.0.1:26000 …
[EffectSystem] effectinfo: 301 effects, particlefont atlas: loaded, style overlay: 0 effects
[Particles] backend=original (cl_particles_modern=0)
[AssetLoader] model 'models/items/buff.md3' read failed: Asset not found in any mount: "models/items/buff.md3".
[AssetLoader] 'models/casing_shell.mdl' is not a known model (magic "IDPO?").
[MapLoader] occluder: 90016 verts / 107956 tris (r_occlusion_cull A/B)
[MapLoader] 'stormkeep' materials: lightmapped=34 vertexLit=3 plain=8 glow=4 normalMapped=34 (deluxe=True, internalPages=0, atlas=1p, cellSize=131072, cells=8, surfaces=188)
[MapLoader] 'stormkeep' portal surfaces: 7 (from 7 faces)
[DecalSplats] geometry: 106027 render triangles, 502 grid cells
[Skybox] loaded 'env/extragalactic/asteroids'.
[PortalRenderer] 6 live portal(s)
[NetGame] map music: 'cdtracks/track005' (from mapinfo/worldspawn)
[NetGame] precached 24 weapon models, skipped 0 (lazy), 24 muzzle tags.
[NetGame] precached 36 combat sounds, 10 player models (rendered for pipeline warm).
[NetGame] listen server on 127.0.0.1:26000 (map 'stormkeep', dm, 0 bots) — self-connecting.
[ServerNet] peer 657301051 connected (awaiting handshake).
[ServerNet] peer 657301051 accepted as 'player' (netId 657301051, id b9950040).
[ClientNet] handshake accepted by 'Xonotic  Server': netId 1, tickrate 72 Hz.
[NetGame] handshake accepted by 'Xonotic  Server': netId 1.
[lb]hitch EXTERNAL] 68.1ms (3 dropped @60Hz) (med 6.7, ×10.2) — rest-dominated, game-side quiet — OS/compositor/driver | proc 8.6 rcpu 0.4 gpu 0.4 rest 59.0 | alloc 804KB | ticks 3, remote.ents 21 | watchdog: 1/3 samples in 'net.send'[0m
[lb]hitch]   gpu: draws 1302, pipeline compiles +0, vram 3657MB[0m
[lb]hitch]   events: [lb]-1f] net: PREDICTION DESYNC 1067qu (predicted vs acked-replay origin)[0m
[lb]hitch]   prev: 6.7 6.7 6.7 6.7 6.7 6.7 6.7 6.7[0m
[lb]frameprofile] scene: nodes 2861 objs-drawn 2864 draws 1511 vram 3661MB[0m
[lb]frameprofile] census: Label 876  HBoxContainer 218  Control 157  Dependent 113  Button 110  CvarCheckBox 104  VBoxContainer 78  HSlider 62  CvarSlider 58  MarginContainer 52[0m
[lb]frameprofile] 252 frames: p50 6.9 p95 133.4 p99 142.9 p99.9 150.1ms (max 150.0) | 2 EXTERNAL | alloc 120MB/s heap 220.2MB | proc 1.1 gpu 0.4[0m
[lb]frameprofile] ms/frame: iqm.mesh 34.3  iqm.materials 33.7  iqm.anims 5.6  cev.process 1.6  ng.process 1.3  proc:other 1.2  server.tick 0.8  net.send 0.3  net.poll 0.1  cw.process 0.1[0m
[lb]hitch EXTERNAL ×2] 33.3–68.1ms over 0.0s (med 6.9) — rest-dominated, game-side quiet — OS/compositor/driver[0m
[lb]bots] waypoints for 'stormkeep': nodes=99 (file=loaded, cache=yes)[0m
[lb]hitch CPU-LOGIC] 115.9ms (6 dropped @60Hz) (med 7.1, ×16.4) — ng.process 325.8ms (typ 22.4ms, 15× over) | proc 115.9 rcpu 0.4 gpu 0.4 rest 0.0 | alloc 144KB | ticks 3, remote.ents 37 | watchdog: 186/204 samples in 'bot.think'[0m
[lb]hitch]   gpu: draws 796, pipeline compiles +0, vram 3662MB[0m
[lb]hitch]   prev: 6.3 7.3 6.6 7.6 7.0 7.4 7.6 7.6[0m
[lb]hitch CPU-LOGIC ×2] 115.9–129.0ms over 0.2s (med 7.2) — ng.process 325.8ms (typ 22.4ms, 15× over)[0m
[lb]hitch EXTERNAL] 121.0ms (6 dropped @60Hz) (med 7.2, ×16.8) — rest-dominated, game-side quiet — OS/compositor/driver | proc 3.0 rcpu 0.4 gpu 0.5 rest 117.5 | alloc 48KB | ticks 3, remote.ents 36 | watchdog: 78/91 samples in 'bot.think'[0m
[lb]hitch EXTERNAL ×2] 105.7–121.0ms over 0.4s (med 6.9) — rest-dominated, game-side quiet — OS/compositor/driver[0m
[lb]hitch VSYNC/PRESENT] 16.7ms (med 6.9, ×2.4) — present/vsync-bound (rest 14.0ms, gpu 0.5ms) | proc 2.2 rcpu 0.4 gpu 0.5 rest 14.0 | alloc 40KB | ticks 1, remote.ents 36 | watchdog: 3/4 samples in '(unscoped)'[0m
[lb]hitch]   gpu: draws 1007, pipeline compiles +0, vram 3662MB[0m
[lb]hitch]   prev: 7.5 7.6 6.7 6.7 6.8 105.7 10.1 12.0[0m
[lb]hitch VSYNC/PRESENT ×3] 13.3–16.7ms over 0.0s (med 7.0) — present/vsync-bound (rest 14.0ms, gpu 0.5ms)[0m
[lb]hitch EXTERNAL] 110.4ms (6 dropped @60Hz) (med 7.0, ×15.8) — rest-dominated, game-side quiet — OS/compositor/driver | proc 9.5 rcpu 0.5 gpu 0.5 rest 100.4 | alloc 64KB | ticks 3, remote.ents 36 | watchdog: 2/3 samples in 'ng.process'[0m
[lb]hitch VSYNC/PRESENT] 19.4ms (med 7.0, ×2.8) — present/vsync-bound (rest 14.7ms, gpu 0.5ms) | proc 4.3 rcpu 0.4 gpu 0.5 rest 14.7 | alloc 56KB | ticks 3, remote.ents 36 | watchdog: 4/7 samples in '(unscoped)'[0m
[lb]hitch PIPELINE-COMPILE] 65.5ms (3 dropped @60Hz) (med 7.1, ×9.2) — 2 pipeline compile(s) — SYNC[lb]surface+1 draw+0] async[lb]mesh+0 spec+1] canvas+0 | proc 65.5 rcpu 0.4 gpu 0.5 rest 0.0 | alloc 93KB | ticks 3, remote.ents 37 | watchdog: 65/73 samples in 'bot.think'[0m
[lb]hitch GC-PAUSE] 133.6ms (7 dropped @60Hz) (med 7.1, ×18.7) — GC g0+1 g1+1 g2+1, pause 4.4ms, 157.0MB allocated | proc 13.0 rcpu 0.5 gpu 0.5 rest 120.1 | alloc 157.0MB | ticks 3, remote.ents 37 | watchdog: 3/4 samples in '(unscoped)'[0m
[lb]hitch]   gpu: draws 914, pipeline compiles +0, vram 3664MB[0m
[lb]hitch]   gc: g0+1 g1+1 g2+1 pause 4.4ms alloc 157.0MB (rate 65MB/s, heap 382.3MB)[0m
[lb]hitch]   events: [lb]-2f] anim cache HIT models/player/seraphina.iqm; [lb]-1f] stream: player model models/player/seraphina.iqm (parse) built (1.2ms); stream: player model models/player/seraphina.iqm tex textures/seraphina_gloss built (0.2ms); stream: player model models/player/seraphina.iqm tex textures/seraphina_reflect built (0.0ms); stream: player model models/player/seraphina.iqm tex textures/seraphina_shirt built (0.0ms); stream: player model models/player/seraphina.iqm tex textures/seraphina_pants built (0.0ms); stream: player model models/player/seraphina.iqm tex textures/ignisfullbright_pants built (0.0ms)[0m
[lb]hitch]   prev: 6.7 6.7 6.7 7.1 7.1 7.1 7.1 65.5[0m
[lb]hitch GC-PAUSE ×2] 34.3–133.6ms over 0.0s (med 7.3) — GC g0+1 g1+1 g2+1, pause 4.4ms, 157.0MB allocated[0m
[lb]hitch CPU-LOGIC] 15.7ms (med 7.3, ×2.1) — ng.process 121.3ms (typ 16.3ms, 7× over) | proc 15.7 rcpu 0.8 gpu 0.5 rest 0.0 | alloc 194KB | ticks 3, remote.ents 37 | watchdog: 69/77 samples in 'bot.think'[0m
[lb]hitch GC-PAUSE] 133.3ms (7 dropped @60Hz) (med 7.3, ×18.2) — gen2/GC-pause tail (prior frame paused 4.4ms; this frame rest-dominated) | proc 9.5 rcpu 0.9 gpu 0.5 rest 122.9 | alloc 80KB | ticks 3, remote.ents 38[0m
[lb]hitch CPU-LOGIC] 23.6ms (med 7.4, ×3.2) — ng.process 110.9ms (typ 20.4ms, 5× over) | proc 23.6 rcpu 0.5 gpu 0.5 rest 0.0 | alloc 31.3MB | ticks 3, remote.ents 38 | watchdog: 68/70 samples in 'bot.think'[0m
[lb]hitch EXTERNAL] 126.4ms (7 dropped @60Hz) (med 7.5, ×16.9) — rest-dominated, game-side quiet — OS/compositor/driver | proc 3.8 rcpu 0.5 gpu 0.5 rest 122.1 | alloc 56KB | ticks 3, remote.ents 38 | watchdog: 68/84 samples in 'bot.think'[0m
[lb]hitch VSYNC/PRESENT] 19.3ms (med 7.5, ×2.6) — present/vsync-bound (rest 15.7ms, gpu 0.5ms) | proc 3.0 rcpu 0.6 gpu 0.5 rest 15.7 | alloc 48KB | ticks 1, remote.ents 38 | watchdog: 4/4 samples in '(unscoped)'[0m
[lb]hitch VSYNC/PRESENT ×5] 14.1–19.3ms over 0.1s (med 7.6) — present/vsync-bound (rest 15.7ms, gpu 0.5ms)[0m
[lb]hitch PIPELINE-COMPILE] 31.6ms (1 dropped @60Hz) (med 7.6, ×4.1) — 2 pipeline compile(s) — SYNC[lb]surface+1 draw+0] async[lb]mesh+0 spec+1] canvas+0 | proc 5.3 rcpu 0.9 gpu 0.5 rest 25.4 | alloc 48KB | ticks 2, remote.ents 37 | watchdog: 23/27 samples in 'cev.process'[0m
[lb]hitch VSYNC/PRESENT] 20.8ms (med 7.7, ×2.7) — present/vsync-bound (rest 17.5ms, gpu 0.5ms) | proc 2.7 rcpu 0.5 gpu 0.5 rest 17.5 | alloc 48KB | ticks 2, remote.ents 37 | watchdog: 4/4 samples in '(unscoped)'[0m
[lb]hitch]   gpu: draws 804, pipeline compiles +0, vram 3653MB[0m
[lb]hitch]   events: [lb]-5f] stream: player model models/player/ignismasked.iqm tex textures/ignisheadfb_reflect built (0.0ms); [lb]-3f] stream: player model models/player/ignismasked.iqm tex textures/ignisheadfb_glow built (0.0ms); [lb]-2f] stream: player model models/player/ignismasked.iqm tex textures/ignisheadfb built (0.0ms); [lb]-2f] stream: player model models/player/ignismasked.iqm tex textures/ignisheadfb_norm built (0.0ms); [lb]-2f] stream: player model models/player/ignismasked.iqm tex textures/ignisheadfb_gloss built (0.0ms); [lb]-2f] stream: player model models/player/ignismasked.iqm tex textures/ignisheadfb_shirt built (0.0ms)[0m
[lb]hitch]   prev: 14.1 16.7 11.7 11.9 16.7 14.3 11.9 31.6[0m
[lb]hitch VSYNC/PRESENT ×2] 14.6–20.8ms over 0.0s (med 8.3) — present/vsync-bound (rest 17.5ms, gpu 0.5ms)[0m
[lb]hitch CPU-LOGIC] 125.4ms (7 dropped @60Hz) (med 8.3, ×15.1) — ng.process 95.6ms (typ 12.7ms, 8× over) | proc 97.2 rcpu 0.5 gpu 0.5 rest 27.8 | alloc 57KB | ticks 3, remote.ents 37 | watchdog: 54/58 samples in 'bot.think'[0m
[lb]hitch]   gpu: draws 862, pipeline compiles +0, vram 3653MB[0m
[lb]hitch]   prev: 9.1 9.1 9.1 9.1 9.1 9.1 9.1 8.2[0m
[lb]hitch EXTERNAL] 112.3ms (6 dropped @60Hz) (med 8.3, ×13.5) — rest-dominated, game-side quiet — OS/compositor/driver | proc 5.7 rcpu 0.4 gpu 0.5 rest 106.1 | alloc 233KB | ticks 3, remote.ents 38 | watchdog: 54/67 samples in 'bot.think'[0m
[lb]hitch VSYNC/PRESENT] 24.0ms (med 8.3, ×2.9) — present/vsync-bound (rest 19.9ms, gpu 0.6ms) | proc 3.6 rcpu 0.5 gpu 0.6 rest 19.9 | alloc 88KB | ticks 3, remote.ents 37 | watchdog: 10/10 samples in '(unscoped)'[0m
[lb]hitch VSYNC/PRESENT ×4] 15.8–24.0ms over 0.0s (med 7.4) — present/vsync-bound (rest 19.9ms, gpu 0.6ms)[0m
[lb]hitch CPU-LOGIC] 102.3ms (5 dropped @60Hz) (med 7.4, ×13.8) — ng.process 89.1ms (typ 9.5ms, 9× over) | proc 90.5 rcpu 0.6 gpu 0.5 rest 11.2 | alloc 52KB | ticks 3, remote.ents 38 | watchdog: 50/53 samples in 'bot.think'[0m
[lb]hitch]   gpu: draws 755, pipeline compiles +0, vram 3654MB[0m
[lb]hitch]   prev: 8.3 8.3 8.3 8.3 8.3 8.3 8.3 8.3[0m
[lb]hitch EXTERNAL] 100.0ms (5 dropped @60Hz) (med 7.5, ×13.4) — rest-dominated, game-side quiet — OS/compositor/driver | proc 3.9 rcpu 0.4 gpu 0.5 rest 95.7 | alloc 183KB | ticks 3, remote.ents 38 | watchdog: 50/62 samples in 'bot.think'[0m
[lb]hitch VSYNC/PRESENT] 20.0ms (med 7.5, ×2.7) — present/vsync-bound (rest 15.7ms, gpu 0.5ms) | proc 4.0 rcpu 0.4 gpu 0.5 rest 15.7 | alloc 48KB | ticks 3, remote.ents 38 | watchdog: 5/5 samples in '(unscoped)'[0m
[lb]hitch VSYNC/PRESENT ×3] 16.7–20.0ms over 0.0s (med 8.3) — present/vsync-bound (rest 15.7ms, gpu 0.5ms)[0m
[lb]hitch EXTERNAL] 101.5ms (5 dropped @60Hz) (med 8.3, ×12.2) — rest-dominated, game-side quiet — OS/compositor/driver | proc 6.0 rcpu 0.4 gpu 0.5 rest 95.1 | alloc 58KB | ticks 3, remote.ents 37[0m
[lb]hitch]   gpu: draws 780, pipeline compiles +0, vram 3653MB[0m
[lb]hitch]   prev: 5.9 7.3 5.8 6.2 6.9 5.6 6.3 6.3[0m
[lb]hitch CPU-LOGIC] 20.6ms (med 8.3, ×2.5) — ng.process 199.8ms (typ 16.6ms, 12× over) | proc 20.6 rcpu 0.5 gpu 0.8 rest 0.0 | alloc 160KB | ticks 3, remote.ents 37 | watchdog: 124/127 samples in 'bot.think'[0m
[lb]hitch CPU-LOGIC ×3] 20.6–142.7ms over 0.5s (med 8.5) — ng.process 199.8ms (typ 16.6ms, 12× over)[0m
[lb]hitch EXTERNAL] 120.5ms (6 dropped @60Hz) (med 8.5, ×14.2) — rest-dominated, game-side quiet — OS/compositor/driver | proc 4.6 rcpu 0.4 gpu 0.5 rest 115.5 | alloc 88KB | ticks 3, remote.ents 22 | watchdog: 63/69 samples in 'bot.think'[0m
[lb]hitch CPU-LOGIC] 99.8ms (5 dropped @60Hz) (med 8.5, ×11.7) — ng.process 95.1ms | proc 95.9 rcpu 0.4 gpu 0.5 rest 3.5 | alloc 40KB | ticks 3, remote.ents 7 | watchdog: 57/58 samples in 'bot.think'[0m
[lb]hitch]   gpu: draws 603, pipeline compiles +0, vram 3652MB[0m
[lb]hitch]   events: [lb]-3f] sim: backlog dropped (242ms behind)[0m
[lb]hitch]   prev: 6.3 6.3 101.5 20.6 142.7 140.7 120.5 12.8[0m
[lb]frameprofile] scene: nodes 2921 objs-drawn 1982 draws 595 vram 3652MB[0m
[lb]frameprofile] census: Label 876  HBoxContainer 218  Control 157  Dependent 113  Button 110  CvarCheckBox 104  VBoxContainer 78  HSlider 62  CvarSlider 58  MarginContainer 52[0m
[lb]frameprofile] 342 frames: p50 8.1 p95 65.4 p99 129.1 p99.9 140.6ms (max 142.7) | 8 EXTERNAL, 2 PIPELINE-COMPILE, 3 GC-PAUSE, 18 VSYNC/PRESENT, 11 CPU-LOGIC | alloc 117MB/s heap 588.8MB | proc 100.2 gpu 0.5[0m
[lb]frameprofile] ms/frame: ng.process 8.8  server.tick 8.3  sim.move 7.8  move.in 7.4  bot.think 7.4  proc:other 0.6  cev.process 0.3  net.send 0.3  cw.process 0.3  bot.path 0.3[0m
[lb]hitch CPU-LOGIC ×2] 99.8–100.2ms over 0.1s (med 8.5) — ng.process 95.1ms[0m
[lb]hitch EXTERNAL] 129.8ms (7 dropped @60Hz) (med 8.5, ×15.3) — rest-dominated, game-side quiet — OS/compositor/driver | proc 21.6 rcpu 0.4 gpu 0.5 rest 107.7 | alloc 49.7MB | ticks 3, remote.ents 20 | watchdog: 4/10 samples in 'iqm.mesh'[0m
[lb]hitch ASSET-BUILD] 36.9ms (1 dropped @60Hz) (med 8.5, ×4.3) — iqm.anims 214.0ms (asset build/upload) | proc 36.9 rcpu 0.6 gpu 0.8 rest 0.0 | alloc 125.3MB | ticks 2, remote.ents 20 | watchdog: 95/99 samples in 'bot.think'[0m
[lb]hitch CPU-LOGIC] 150.0ms (8 dropped @60Hz) (med 8.5, ×17.7) — ng.process 147.2ms | proc 150.0 rcpu 0.7 gpu 0.9 rest 0.0 | alloc 133.9MB | ticks 3, remote.ents 20 | watchdog: 85/93 samples in 'bot.think'[0m
[lb]hitch EXTERNAL] 127.1ms (7 dropped @60Hz) (med 8.5, ×15.0) — rest-dominated, game-side quiet — OS/compositor/driver | proc 13.8 rcpu 0.6 gpu 0.9 rest 112.7 | alloc 251KB | ticks 3, remote.ents 20 | watchdog: 2/6 samples in '(unscoped)'[0m
[lb]hitch]   gpu: draws 1547, pipeline compiles +0, vram 3655MB[0m
[lb]hitch]   events: [lb]-4f] anim cache HIT models/player/pyria.iqm; [lb]-4f] anim cache HIT models/player/nyx.iqm; [lb]-4f] anim cache HIT models/player/seraphina.iqm; [lb]-4f] anim cache HIT models/player/umbra.iqm; [lb]-4f] stream: idle-warm models/player/nyx.iqm (parse) built (0.3ms); [lb]-4f] stream: idle-warm models/player/pyria.iqm (parse) built (0.0ms); [lb]-4f] stream: idle-warm models/player/seraphina.iqm (parse) built (0.0ms); [lb]-4f] stream: idle-warm models/player/umbra.iqm (parse) built (0.0ms); [lb]-3f] sim: backlog dropped (255ms behind); [lb]-3f] stream: idle-warm models/player/nyx.iqm tex textures/shadowheadfb_pants built (0.0ms); [lb]-3f] stream: idle-warm models/player/nyx.iqm tex textures/nyxfullbright_pants built (0.0ms); [lb]-3f] stream: idle-warm models/player/pyria.iqm tex textures/pyriahair built (0.0ms); [lb]-3f] stream: idle-warm models/player/pyria.iqm tex textures/pyriahair_norm built (0.0ms); [lb]-3f] stream: idle-warm models/player/pyria.iqm tex textures/pyriahair_gloss built (0.0ms); [lb]-3f] stream: idle-warm models/player/pyria.iqm tex textures/pyriahair_glow built (0.0ms); [lb]-3f] stream: idle-warm models/player/pyria.iqm tex textures/pyriahair_reflect built (0.0ms); [lb]-3f] stream: idle-warm models/player/pyria.iqm tex textures/pyriahair_shirt built (0.0ms); [lb]-3f] stream: idle-warm models/player/pyria.iqm tex textures/pyriahair_pants built (0.0ms); [lb]-3f] stream: idle-warm models/player/pyria.iqm tex textures/pyriafullbright_pants built (0.0ms); [lb]-3f] stream: idle-warm models/player/seraphina.iqm tex textures/seraphina built (0.0ms); [lb]-3f] stream: idle-warm models/player/seraphina.iqm tex textures/seraphina_norm built (0.0ms); [lb]-3f] stream: idle-warm models/player/seraphina.iqm tex textures/seraphina_gloss built (0.0ms); [lb]-3f] stream: idle-warm models/player/seraphina.iqm tex textures/seraphina_glow built (0.0ms); [lb]-3f] stream: idle-warm models/player/seraphina.iqm tex textures/seraphina_reflect built (0.0ms); [lb]-3f] stream: idle-warm models/player/seraphina.iqm tex textures/seraphina_shirt built (0.0ms); [lb]-3f] stream: idle-warm models/player/seraphina.iqm tex textures/seraphina_pants built (0.0ms); [lb]-3f] stream: idle-warm models/player/seraphina.iqm tex textures/ignisfullbright built (0.0ms); [lb]-3f] stream: idle-warm models/player/seraphina.iqm tex textures/ignisfullbright_norm built (0.0ms); [lb]-3f] stream: idle-warm models/player/seraphina.iqm tex textures/ignisfullbright_gloss built (0.0ms); [lb]-3f] stream: idle-warm models/player/seraphina.iqm tex textures/ignisfullbright_glow built (0.0ms); [lb]-3f] stream: idle-warm models/player/seraphina.iqm tex textures/ignisfullbright_reflect built (0.0ms); [lb]-3f] stream: idle-warm models/player/seraphina.iqm tex textures/ignisfullbright_shirt built (0.0ms); [lb]-3f] stream: idle-warm models/player/seraphina.iqm tex textures/ignisfullbright_pants built (13.3ms); [lb]-2f] anim cache HIT models/player/gakmasked.iqm; [lb]-2f] anim cache HIT models/player/ignismasked.iqm; [lb]-2f] anim cache HIT models/player/ignismasked.iqm; [lb]-2f] anim cache MISS models/player/megaerebus.iqm; [lb]-2f] stream: player model models/player/gakmasked.iqm (parse) built (0.0ms); [lb]-2f] stream: player model models/player/ignismasked.iqm (parse) built (0.0ms); [lb]-2f] stream: player model models/player/ignismasked.iqm (parse) built (0.0ms); [lb]-2f] stream: idle-warm models/player/megaerebus.iqm (parse) built (0.0ms); [lb]-2f] stream: idle-warm models/player/nyx.iqm tex textures/shadowheadfb built (0.0ms); [lb]-2f] stream: idle-warm models/player/nyx.iqm tex textures/shadowheadfb_norm built (0.0ms); [lb]-2f] stream: idle-warm models/player/nyx.iqm tex textures/shadowheadfb_gloss built (0.0ms); [lb]-2f] stream: idle-warm models/player/nyx.iqm tex textures/shadowheadfb_glow built (0.0ms); [lb]-2f] stream: idle-warm models/player/nyx.iqm tex textures/shadowheadfb_reflect built (0.0ms); [lb]-2f] stream: idle-warm models/player/nyx.iqm tex textures/shadowheadfb_shirt built (0.0ms); [lb]-2f] stream: idle-warm models/player/nyx.iqm tex textures/nyxfullbright_norm built (0.0ms); [lb]-2f] stream: idle-warm models/player/nyx.iqm tex textures/nyxfullbright_glow built (0.0ms); [lb]-2f] stream: idle-warm models/player/nyx.iqm tex textures/nyxfullbright_reflect built (0.0ms); [lb]-2f] stream: idle-warm models/player/pyria.iqm tex textures/pyriafullbright_gloss built (0.0ms); [lb]-2f] stream: idle-warm models/player/pyria.iqm tex textures/pyriafullbright_reflect built (0.0ms); [lb]-2f] stream: idle-warm models/player/umbra.iqm tex textures/umbrafullbright_gloss built (0.0ms); [lb]-2f] stream: idle-warm models/player/umbra.iqm tex textures/umbrafullbright_reflect built (0.0ms); [lb]-2f] stream: idle-warm models/player/umbra.iqm tex textures/umbrafullbright_pants built (0.0ms); [lb]-1f] stream: player model models/player/gakmasked.iqm tex textures/gakfullbright_pants built (0.0ms); [lb]-1f] stream: player model models/player/gakmasked.iqm tex textures/gakarmorfb built (0.0ms); [lb]-1f] stream: player model models/player/gakmasked.iqm tex textures/gakarmorfb_norm built (0.0ms); [lb]-1f] stream: player model models/player/gakmasked.iqm tex textures/gakarmorfb_gloss built (0.0ms); [lb]-1f] stream: player model models/player/gakmasked.iqm tex textures/gakarmorfb_glow built (0.0ms); [lb]-1f] stream: player model models/player/gakmasked.iqm tex textures/gakarmorfb_reflect built (0.0ms); [lb]-1f] stream: player model models/player/gakmasked.iqm tex textures/gakarmorfb_shirt built (0.0ms); [lb]-1f] stream: player model models/player/gakmasked.iqm tex textures/gakarmorfb_pants built (0.0ms); [lb]-1f] stream: player model models/player/ignismasked.iqm tex textures/ignisfullbright built (0.0ms); [lb]-1f] stream: player model models/player/ignismasked.iqm tex textures/ignisfullbright_norm built (0.0ms); [lb]-1f] stream: player model models/player/ignismasked.iqm tex textures/ignisfullbright_gloss built (0.0ms); [lb]-1f] stream: player model models/player/ignismasked.iqm tex textures/ignisfullbright_glow built (0.0ms); [lb]-1f] stream: player model models/player/ignismasked.iqm tex textures/ignisfullbright_reflect built (0.0ms); [lb]-1f] stream: player model models/player/ignismasked.iqm tex textures/ignisfullbright_shirt built (0.0ms); [lb]-1f] stream: player model models/player/ignismasked.iqm tex textures/ignisfullbright_pants built (0.0ms); [lb]-1f] stream: player model models/player/ignismasked.iqm tex textures/ignisheadfb built (0.0ms); [lb]-1f] stream: player model models/player/ignismasked.iqm tex textures/ignisheadfb_norm built (0.0ms); [lb]-1f] stream: player model models/player/ignismasked.iqm tex textures/ignisheadfb_gloss built (0.0ms); [lb]-1f] stream: player model models/player/ignismasked.iqm tex textures/ignisheadfb_glow built (0.0ms); [lb]-1f] stream: player model models/player/ignismasked.iqm tex textures/ignisheadfb_reflect built (0.0ms); [lb]-1f] stream: player model models/player/ignismasked.iqm tex textures/ignisheadfb_shirt built (0.0ms); [lb]-1f] stream: player model models/player/ignismasked.iqm tex textures/ignisheadfb_pants built (3.9ms); stream: player model models/player/gakmasked.iqm tex textures/gakfullbright_glow built (0.0ms); stream: player model models/player/ignismasked.iqm tex textures/ignisfullbright built (0.0ms); stream: player model models/player/ignismasked.iqm tex textures/ignisfullbright_norm built (0.0ms); stream: player model models/player/ignismasked.iqm tex textures/ignisfullbright_gloss built (0.0ms); stream: player model models/player/ignismasked.iqm tex textures/ignisfullbright_glow built (0.0ms); stream: player model models/player/ignismasked.iqm tex textures/ignisfullbright_reflect built (0.0ms); stream: player model models/player/ignismasked.iqm tex textures/ignisfullbright_shirt built (0.0ms); stream: player model models/player/ignismasked.iqm tex textures/ignisfullbright_pants built (0.0ms); stream: player model models/player/ignismasked.iqm tex textures/ignisheadfb built (0.0ms); stream: player model models/player/ignismasked.iqm tex textures/ignisheadfb_norm built (0.0ms); stream: player model models/player/ignismasked.iqm tex textures/ignisheadfb_gloss built (0.0ms); stream: player model models/player/ignismasked.iqm tex textures/ignisheadfb_glow built (0.0ms); stream: player model models/player/ignismasked.iqm tex textures/ignisheadfb_reflect built (0.0ms); stream: player model models/player/ignismasked.iqm tex textures/ignisheadfb_shirt built (0.0ms); stream: player model models/player/ignismasked.iqm tex textures/ignisheadfb_pants built (2.3ms)[0m
[lb]hitch]   prev: 140.7 120.5 12.8 99.8 100.2 129.8 36.9 150.0[0m
[lb]hitch CPU-LOGIC] 39.6ms (1 dropped @60Hz) (med 8.5, ×4.7) — ng.process 95.4ms | proc 39.6 rcpu 0.5 gpu 0.9 rest 0.0 | alloc 1.8MB | ticks 3, remote.ents 21 | watchdog: 55/63 samples in 'bot.think'[0m
[lb]hitch CPU-LOGIC ×3] 39.6–113.3ms over 0.2s (med 8.7) — ng.process 95.4ms[0m
[lb]hitch EXTERNAL] 99.3ms (5 dropped @60Hz) (med 8.7, ×11.4) — rest-dominated, game-side quiet — OS/compositor/driver | proc 11.2 rcpu 0.7 gpu 1.0 rest 87.4 | alloc 365KB | ticks 3, remote.ents 29 | watchdog: 2/4 samples in 'cev.process'[0m
[lb]hitch CPU-LOGIC] 19.9ms (med 8.8, ×2.3) — ng.process 106.1ms | proc 19.9 rcpu 0.5 gpu 1.0 rest 0.0 | alloc 207KB | ticks 3, remote.ents 23 | watchdog: 62/67 samples in 'bot.think'[0m
[lb]hitch CPU-LOGIC ×3] 19.9–131.7ms over 0.2s (med 8.8) — ng.process 106.1ms[0m
[lb]hitch PIPELINE-COMPILE] 124.2ms (6 dropped @60Hz) (med 8.8, ×14.1) — 2 pipeline compile(s) — SYNC[lb]surface+0 draw+1] async[lb]mesh+0 spec+1] canvas+0 | proc 12.9 rcpu 0.5 gpu 2.1 rest 110.9 | alloc 235KB | ticks 3, remote.ents 23 | watchdog: 3/5 samples in '(unscoped)'[0m
[lb]hitch]   gpu: draws 1587, pipeline compiles +2 — SYNC[lb]surface+0 draw+1] async[lb]mesh+0 spec+1] canvas+0, vram 3745MB[0m
[lb]hitch]   events: [lb]-7f] stream: player model models/player/gakmasked.iqm tex textures/gakfullbright built (0.0ms); [lb]-7f] stream: player model models/player/gakmasked.iqm tex textures/gakfullbright_norm built (0.0ms); [lb]-7f] stream: player model models/player/gakmasked.iqm tex textures/gakfullbright_gloss built (0.0ms); [lb]-7f] stream: player model models/player/gakmasked.iqm tex textures/gakfullbright_reflect built (0.0ms); [lb]-7f] stream: player model models/player/gakmasked.iqm tex textures/gakfullbright_shirt built (1.7ms); [lb]-7f] stream: idle-warm models/player/nyx.iqm tex textures/nyxfullbright built (0.0ms); [lb]-7f] stream: idle-warm models/player/nyx.iqm tex textures/nyxfullbright_gloss built (0.0ms); [lb]-7f] stream: idle-warm models/player/nyx.iqm tex textures/nyxfullbright_shirt built (2.6ms); [lb]-7f] warm: GPU warm pass done (1 instances); [lb]-6f] sim: backlog dropped (272ms behind); [lb]-6f] stream: idle-warm models/player/pyria.iqm tex textures/pyriafullbright built (0.0ms); [lb]-6f] stream: idle-warm models/player/pyria.iqm tex textures/pyriafullbright_norm built (0.0ms); [lb]-6f] stream: idle-warm models/player/pyria.iqm tex textures/pyriafullbright_glow built (0.0ms); [lb]-6f] stream: idle-warm models/player/pyria.iqm tex textures/pyriafullbright_shirt built (2.7ms); [lb]-5f] stream: idle-warm models/player/umbra.iqm tex textures/umbrafullbright built (0.0ms); [lb]-5f] stream: idle-warm models/player/umbra.iqm tex textures/umbrafullbright_norm built (0.0ms); [lb]-5f] stream: idle-warm models/player/umbra.iqm tex textures/umbrafullbright_glow built (0.0ms); [lb]-5f] stream: idle-warm models/player/umbra.iqm tex textures/umbrafullbright_shirt built (2.2ms); [lb]-4f] stream: idle-warm models/player/megaerebus.iqm tex textures/megaerebus built (2.2ms); [lb]-3f] stream: idle-warm models/player/megaerebus.iqm tex textures/megaerebus_norm built (2.0ms); [lb]-3f] warm: GPU warm pass done (1 instances); [lb]-2f] stream: idle-warm models/player/megaerebus.iqm tex textures/megaerebus_gloss built (6.0ms); [lb]-2f] warm: GPU warm pass done (1 instances); [lb]-1f] sim: backlog dropped (260ms behind); [lb]-1f] stream: idle-warm models/player/megaerebus.iqm tex textures/megaerebus_glow built (5.8ms); [lb]-1f] warm: GPU warm pass done (1 instances); stream: idle-warm models/player/megaerebus.iqm tex textures/megaerebus_reflect built (6.1ms)[0m
[lb]hitch]   prev: 127.1 39.6 113.3 101.5 99.3 19.9 116.0 131.7[0m
[lb]hitch CPU-LOGIC] 27.4ms (1 dropped @60Hz) (med 8.8, ×3.1) — ng.process 84.8ms | proc 27.4 rcpu 0.4 gpu 2.1 rest 0.0 | alloc 583KB | ticks 3, remote.ents 23 | watchdog: 49/56 samples in 'bot.think'[0m
[lb]hitch CPU-LOGIC ×3] 27.4–95.7ms over 0.2s (med 8.9) — ng.process 84.8ms[0m
[lb]hitch EXTERNAL] 115.0ms (6 dropped @60Hz) (med 8.9, ×13.0) — rest-dominated, game-side quiet — OS/compositor/driver | proc 7.2 rcpu 0.4 gpu 2.2 rest 107.3 | alloc 184KB | ticks 3, remote.ents 23[0m
[lb]hitch CPU-LOGIC] 18.4ms (med 8.9, ×2.1) — ng.process 99.3ms | proc 18.4 rcpu 0.5 gpu 2.5 rest 0.0 | alloc 178KB | ticks 1, remote.ents 23 | watchdog: 59/63 samples in 'bot.think'[0m
[lb]hitch EXTERNAL] 108.8ms (6 dropped @60Hz) (med 9.0, ×12.1) — rest-dominated, game-side quiet — OS/compositor/driver | proc 6.7 rcpu 0.4 gpu 2.3 rest 101.6 | alloc 108KB | ticks 3, remote.ents 23[0m
[lb]hitch CPU-LOGIC] 109.2ms (6 dropped @60Hz) (med 9.1, ×12.0) — ng.process 104.0ms | proc 107.8 rcpu 0.5 gpu 2.3 rest 0.9 | alloc 180KB | ticks 3, remote.ents 23 | watchdog: 63/66 samples in 'bot.think'[0m
[lb]hitch]   gpu: draws 1566, pipeline compiles +0, vram 3766MB[0m
[lb]hitch]   events: [lb]-7f] stream: idle-warm models/player/megaerebus.iqm tex textures/megaerebus_shirt built (0.0ms); [lb]-7f] stream: idle-warm models/player/megaerebus.iqm tex textures/megaerebus_pants built (0.0ms); [lb]-7f] stream: idle-warm models/player/megaerebus.iqm tex textures/shadowheadfb built (0.0ms); [lb]-7f] stream: idle-warm models/player/megaerebus.iqm tex textures/shadowheadfb_norm built (0.0ms); [lb]-7f] stream: idle-warm models/player/megaerebus.iqm tex textures/shadowheadfb_gloss built (0.0ms); [lb]-7f] stream: idle-warm models/player/megaerebus.iqm tex textures/shadowheadfb_glow built (0.0ms); [lb]-7f] stream: idle-warm models/player/megaerebus.iqm tex textures/shadowheadfb_reflect built (0.0ms); [lb]-7f] stream: idle-warm models/player/megaerebus.iqm tex textures/shadowheadfb_shirt built (0.0ms); [lb]-7f] stream: idle-warm models/player/megaerebus.iqm tex textures/shadowheadfb_pants built (3.8ms); [lb]-4f] sim: backlog dropped (242ms behind); [lb]-3f] warm: GPU warm pass done (1 instances)[0m
[lb]hitch]   prev: 124.2 27.4 95.7 87.6 115.0 18.4 108.8 15.4[0m
[lb]hitch CPU-LOGIC ×2] 109.2–116.7ms over 0.1s (med 9.1) — ng.process 104.0ms[0m
[lb]hitch EXTERNAL] 116.7ms (6 dropped @60Hz) (med 9.1, ×12.8) — rest-dominated, game-side quiet — OS/compositor/driver | proc 6.4 rcpu 0.5 gpu 3.9 rest 109.8 | alloc 182KB | ticks 3, remote.ents 23 | watchdog: 61/72 samples in 'bot.think'[0m
[lb]hitch CPU-LOGIC] 16.7ms (med 9.1, ×1.8) — ng.process 104.7ms | proc 16.7 rcpu 0.4 gpu 2.4 rest 0.0 | alloc 171KB | ticks 1, remote.ents 21 | watchdog: 63/67 samples in 'bot.think'[0m
[lb]hitch EXTERNAL] 116.7ms (6 dropped @60Hz) (med 9.1, ×12.8) — rest-dominated, game-side quiet — OS/compositor/driver | proc 7.6 rcpu 0.4 gpu 2.7 rest 108.7 | alloc 216KB | ticks 3, remote.ents 21[0m
[lb]hitch CPU-LOGIC] 18.5ms (med 9.1, ×2.0) — ng.process 98.6ms | proc 18.5 rcpu 0.6 gpu 2.5 rest 0.0 | alloc 544KB | ticks 3, remote.ents 21 | watchdog: 58/63 samples in 'bot.think'[0m
[lb]hitch CPU-LOGIC ×3] 18.5–134.7ms over 0.3s (med 9.1) — ng.process 98.6ms[0m
[lb]hitch EXTERNAL] 116.7ms (6 dropped @60Hz) (med 9.1, ×12.8) — rest-dominated, game-side quiet — OS/compositor/driver | proc 7.4 rcpu 0.5 gpu 2.5 rest 108.8 | alloc 83KB | ticks 3, remote.ents 21[0m
[lb]hitch]   gpu: draws 1659, pipeline compiles +0, vram 3766MB[0m
[lb]hitch]   events: [lb]-6f] sim: backlog dropped (263ms behind); sim: backlog dropped (294ms behind)[0m
[lb]hitch]   prev: 109.2 116.7 116.7 16.7 116.7 18.5 113.5 134.7[0m
[lb]hitch CPU-LOGIC] 18.7ms (med 9.1, ×2.1) — ng.process 94.7ms | proc 18.7 rcpu 0.4 gpu 2.5 rest 0.0 | alloc 167KB | ticks 1, remote.ents 21 | watchdog: 56/59 samples in 'bot.think'[0m
[lb]hitch EXTERNAL] 114.5ms (6 dropped @60Hz) (med 9.1, ×12.6) — rest-dominated, game-side quiet — OS/compositor/driver | proc 7.1 rcpu 0.5 gpu 2.4 rest 107.0 | alloc 83KB | ticks 3, remote.ents 21[0m
[lb]hitch CPU-LOGIC] 16.8ms (med 9.1, ×1.8) — ng.process 98.5ms | proc 16.8 rcpu 0.4 gpu 2.6 rest 0.0 | alloc 120KB | ticks 3, remote.ents 21 | watchdog: 59/63 samples in 'bot.think'[0m
[lb]hitch CPU-LOGIC ×3] 16.8–112.6ms over 0.2s (med 9.1) — ng.process 98.5ms[0m
[lb]hitch EXTERNAL] 111.6ms (6 dropped @60Hz) (med 9.1, ×12.3) — rest-dominated, game-side quiet — OS/compositor/driver | proc 7.9 rcpu 0.4 gpu 4.2 rest 103.3 | alloc 814KB | ticks 3, remote.ents 20[0m
[lb]hitch CPU-LOGIC] 21.8ms (med 9.1, ×2.4) — ng.process 83.1ms | proc 21.8 rcpu 0.4 gpu 2.1 rest 0.0 | alloc 187KB | ticks 1, remote.ents 20 | watchdog: 48/51 samples in 'bot.think'[0m
[lb]hitch]   gpu: draws 1610, pipeline compiles +0, vram 3766MB[0m
[lb]hitch]   events: [lb]-7f] sim: backlog dropped (294ms behind); [lb]-1f] sim: backlog dropped (256ms behind)[0m
[lb]hitch]   prev: 134.7 116.7 18.7 114.5 16.8 112.6 104.1 111.6[0m
[lb]hitch EXTERNAL] 97.2ms (5 dropped @60Hz) (med 9.1, ×10.7) — rest-dominated, game-side quiet — OS/compositor/driver | proc 6.8 rcpu 0.4 gpu 2.1 rest 90.0 | alloc 895KB | ticks 3, remote.ents 20 | watchdog: 48/61 samples in 'bot.think'[0m
[lb]hitch CPU-LOGIC] 19.5ms (med 9.1, ×2.1) — ng.process 84.0ms | proc 19.5 rcpu 0.4 gpu 3.5 rest 0.0 | alloc 118KB | ticks 3, remote.ents 20 | watchdog: 49/52 samples in 'bot.think'[0m
[lb]hitch CPU-LOGIC ×7] 19.5–103.2ms over 0.6s (med 9.1) — ng.process 84.0ms[0m
[lb]hitch EXTERNAL] 103.4ms (5 dropped @60Hz) (med 9.1, ×11.4) — rest-dominated, game-side quiet — OS/compositor/driver | proc 6.2 rcpu 0.4 gpu 2.4 rest 96.8 | alloc 708KB | ticks 3, remote.ents 23[0m
[lb]hitch]   gpu: draws 1532, pipeline compiles +0, vram 3767MB[0m
[lb]hitch]   events: [lb]-4f] anim cache HIT models/player/seraphina.iqm; [lb]-3f] sim: backlog dropped (275ms behind); [lb]-3f] stream: player model models/player/seraphina.iqm (parse) built (0.0ms); [lb]-2f] stream: player model models/player/seraphina.iqm tex textures/seraphina built (0.0ms); [lb]-2f] stream: player model models/player/seraphina.iqm tex textures/seraphina_norm built (0.0ms); [lb]-2f] stream: player model models/player/seraphina.iqm tex textures/seraphina_gloss built (0.0ms); [lb]-2f] stream: player model models/player/seraphina.iqm tex textures/seraphina_glow built (0.0ms); [lb]-2f] stream: player model models/player/seraphina.iqm tex textures/seraphina_reflect built (0.0ms); [lb]-2f] stream: player model models/player/seraphina.iqm tex textures/seraphina_shirt built (0.0ms); [lb]-2f] stream: player model models/player/seraphina.iqm tex textures/seraphina_pants built (0.0ms); [lb]-2f] stream: player model models/player/seraphina.iqm tex textures/ignisfullbright built (0.0ms); [lb]-2f] stream: player model models/player/seraphina.iqm tex textures/ignisfullbright_norm built (0.0ms); [lb]-2f] stream: player model models/player/seraphina.iqm tex textures/ignisfullbright_gloss built (0.0ms); [lb]-2f] stream: player model models/player/seraphina.iqm tex textures/ignisfullbright_glow built (0.0ms); [lb]-2f] stream: player model models/player/seraphina.iqm tex textures/ignisfullbright_reflect built (0.0ms); [lb]-2f] stream: player model models/player/seraphina.iqm tex textures/ignisfullbright_shirt built (0.0ms); [lb]-2f] stream: player model models/player/seraphina.iqm tex textures/ignisfullbright_pants built (1.9ms)[0m
[lb]hitch]   prev: 97.2 19.5 98.1 98.7 103.2 100.4 102.8 100.7[0m
[lb]hitch CPU-LOGIC] 26.0ms (1 dropped @60Hz) (med 9.1, ×2.9) — ng.process 84.0ms | proc 26.0 rcpu 0.4 gpu 2.5 rest 0.0 | alloc 855KB | ticks 3, remote.ents 23 | watchdog: 48/53 samples in 'bot.think'[0m
[lb]hitch CPU-LOGIC ×3] 26.0–100.6ms over 0.2s (med 9.1) — ng.process 84.0ms[0m
[lb]hitch EXTERNAL] 101.7ms (5 dropped @60Hz) (med 9.1, ×11.2) — rest-dominated, game-side quiet — OS/compositor/driver | proc 6.8 rcpu 0.4 gpu 5.0 rest 94.5 | alloc 701KB | ticks 3, remote.ents 37[0m
[lb]hitch CPU-LOGIC] 17.3ms (med 9.1, ×1.9) — ng.process 83.4ms | proc 17.3 rcpu 0.4 gpu 2.5 rest 0.0 | alloc 753KB | ticks 3, remote.ents 37 | watchdog: 49/52 samples in 'bot.think'[0m
[lb]hitch CPU-LOGIC ×3] 17.3–100.0ms over 0.2s (med 9.1) — ng.process 83.4ms[0m
[lb]hitch PIPELINE-COMPILE] 117.2ms (6 dropped @60Hz) (med 9.1, ×12.9) — 1 pipeline compile(s) — SYNC[lb]surface+0 draw+0] async[lb]mesh+0 spec+0] canvas+1 | proc 5.7 rcpu 0.4 gpu 2.5 rest 111.0 | alloc 753KB | ticks 3, remote.ents 37[0m
[lb]hitch]   gpu: draws 1291, pipeline compiles +1 — SYNC[lb]surface+0 draw+0] async[lb]mesh+0 spec+0] canvas+1, vram 3768MB[0m
[lb]hitch]   events: [lb]-5f] sim: backlog dropped (281ms behind); sim: backlog dropped (227ms behind)[0m
[lb]hitch]   prev: 103.4 26.0 96.9 100.6 101.7 17.3 100.0 99.5[0m
[lb]hitch CPU-LOGIC] 17.7ms (med 9.1, ×1.9) — ng.process 93.2ms | proc 17.7 rcpu 0.8 gpu 2.2 rest 0.0 | alloc 838KB | ticks 1, remote.ents 37 | watchdog: 56/58 samples in 'bot.think'[0m
[lb]hitch EXTERNAL] 99.0ms (5 dropped @60Hz) (med 9.1, ×10.9) — rest-dominated, game-side quiet — OS/compositor/driver | proc 7.5 rcpu 0.4 gpu 4.8 rest 91.0 | alloc 1.2MB | ticks 3, remote.ents 37[0m
[lb]hitch CPU-LOGIC] 20.7ms (med 9.1, ×2.3) — ng.process 96.3ms | proc 20.7 rcpu 0.5 gpu 2.2 rest 0.0 | alloc 89KB | ticks 3, remote.ents 37 | watchdog: 55/59 samples in 'bot.think'[0m
[lb]hitch CPU-LOGIC ×3] 20.7–120.5ms over 0.2s (med 9.1) — ng.process 96.3ms[0m
[lb]hitch EXTERNAL] 100.0ms (5 dropped @60Hz) (med 9.1, ×11.0) — rest-dominated, game-side quiet — OS/compositor/driver | proc 6.7 rcpu 0.5 gpu 3.3 rest 92.8 | alloc 73KB | ticks 3, remote.ents 37[0m
[lb]hitch CPU-LOGIC] 21.6ms (med 9.1, ×2.4) — ng.process 87.0ms | proc 21.6 rcpu 0.4 gpu 3.6 rest 0.0 | alloc 5KB | ticks 1, remote.ents 37 | watchdog: 51/54 samples in 'bot.think'[0m
[lb]hitch EXTERNAL] 108.7ms (6 dropped @60Hz) (med 9.1, ×12.0) — rest-dominated, game-side quiet — OS/compositor/driver | proc 6.9 rcpu 0.4 gpu 2.2 rest 101.4 | alloc 193KB | ticks 3, remote.ents 37[0m
[lb]hitch]   gpu: draws 1234, pipeline compiles +0, vram 3768MB[0m
[lb]hitch]   events: [lb]-2f] sim: backlog dropped (244ms behind)[0m
[lb]hitch]   prev: 117.2 17.7 99.0 20.7 108.8 120.5 100.0 21.6[0m
[lb]frameprofile] scene: nodes 2925 objs-drawn 2611 draws 1234 vram 3768MB[0m
[lb]frameprofile] census: Label 876  HBoxContainer 218  Control 157  Dependent 113  Button 110  CvarCheckBox 104  VBoxContainer 78  HSlider 62  CvarSlider 58  MeshInstance3D 54[0m
[lb]frameprofile] 60 frames: p50 100.6 p95 129.9 p99 134.6 p99.9 134.6ms (max 150.0) | 16 EXTERNAL, 1 ASSET-BUILD, 2 PIPELINE-COMPILE, 40 CPU-LOGIC | alloc 72MB/s heap 911.8MB | proc 6.9 gpu 2.2[0m
[lb]frameprofile] ms/frame: ng.process 69.7  server.tick 68.9  sim.move 68.0  move.in 66.8  bot.think 66.8  iqm.anims 3.6  proc:other 1.9  stream.build 1.0  move.pm 0.9  cw.process 0.6[0m
[lb]hitch CPU-LOGIC] 21.5ms (med 9.1, ×2.4) — ng.process 91.3ms | proc 21.5 rcpu 0.5 gpu 3.2 rest 0.0 | alloc 231KB | ticks 3, remote.ents 37 | watchdog: 53/57 samples in 'bot.think'[0m
[lb]hitch CPU-LOGIC ×3] 21.5–120.3ms over 0.2s (med 9.3) — ng.process 91.3ms[0m
[lb]hitch EXTERNAL] 104.2ms (5 dropped @60Hz) (med 9.3, ×11.3) — rest-dominated, game-side quiet — OS/compositor/driver | proc 5.8 rcpu 0.5 gpu 2.3 rest 97.9 | alloc 1.1MB | ticks 3, remote.ents 37 | watchdog: 55/62 samples in 'bot.think'[0m
[lb]hitch CPU-LOGIC] 16.7ms (med 9.3, ×1.8) — ng.process 91.2ms | proc 16.7 rcpu 0.5 gpu 2.0 rest 0.0 | alloc 130KB | ticks 1, remote.ents 37 | watchdog: 52/55 samples in 'bot.think'[0m
[lb]hitch CPU-LOGIC ×3] 16.7–131.0ms over 0.2s (med 9.3) — ng.process 91.2ms[0m
[lb]hitch EXTERNAL] 106.5ms (5 dropped @60Hz) (med 9.3, ×11.5) — rest-dominated, game-side quiet — OS/compositor/driver | proc 6.0 rcpu 0.4 gpu 2.2 rest 100.0 | alloc 909KB | ticks 3, remote.ents 23[0m
[lb]hitch]   gpu: draws 760, pipeline compiles +0, vram 3762MB[0m
[lb]hitch]   events: [lb]-4f] sim: backlog dropped (261ms behind)[0m
[lb]hitch]   prev: 108.7 21.5 107.0 120.3 104.2 16.7 98.1 131.0[0m
[lb]hitch EXTERNAL ×2] 106.5–132.7ms over 0.4s (med 10.5) — rest-dominated, game-side quiet — OS/compositor/driver[0m
[lb]hitch GC-PAUSE] 32.6ms (1 dropped @60Hz) (med 10.5, ×3.1) — gen2/GC-pause tail (prior frame paused 1.1ms; this frame rest-dominated) | proc 6.3 rcpu 0.5 gpu 0.4 rest 25.8 | alloc 1.5MB | ticks 2, remote.ents 23[0m
[lb]hitch]   gpu: draws 1487, pipeline compiles +0, vram 3762MB[0m
[lb]hitch]   prev: 132.7 17.3 16.7 7.3 16.7 14.9 12.9 11.8[0m
[IdleWarmer] asset warm queue drained — full asset set is hot.
[lb]hitch GC-PAUSE ×2] 25.2–32.6ms over 0.0s (med 11.7) — gen2/GC-pause tail (prior frame paused 1.1ms; this frame rest-dominated)[0m
[lb]hitch EXTERNAL] 131.8ms (7 dropped @60Hz) (med 11.7, ×11.3) — rest-dominated, game-side quiet — OS/compositor/driver | proc 4.1 rcpu 0.4 gpu 0.4 rest 127.3 | alloc 49KB | ticks 3, remote.ents 23 | watchdog: 76/84 samples in 'bot.think'[0m
[lb]hitch EXTERNAL ×6] 59.5–131.8ms over 1.3s (med 13.9) — rest-dominated, game-side quiet — OS/compositor/driver[0m
[lb]hitch CPU-LOGIC] 63.8ms (3 dropped @60Hz) (med 13.9, ×4.6) — ng.process 122.1ms (typ 18.4ms, 7× over) | proc 63.8 rcpu 0.5 gpu 0.6 rest 0.0 | alloc 48KB | ticks 3, remote.ents 38 | watchdog: 70/74 samples in 'bot.think'[0m
[lb]hitch]   gpu: draws 1196, pipeline compiles +0, vram 3763MB[0m
[lb]hitch]   prev: 10.0 10.0 9.7 9.6 59.5 16.7 116.7 16.7[0m
[lb]hitch CPU-LOGIC ×3] 63.8–136.9ms over 0.3s (med 14.5) — ng.process 122.1ms (typ 18.4ms, 7× over)[0m
[lb]hitch MIXED] 127.8ms (7 dropped @60Hz) (med 14.5, ×8.8) — mixed — ng.process 57.1ms | proc 58.7 rcpu 0.6 gpu 0.7 rest 68.5 | alloc 48KB | ticks 3, remote.ents 38 | watchdog: 32/35 samples in 'bot.think'[0m
[lb]hitch CPU-LOGIC] 72.6ms (3 dropped @60Hz) (med 14.6, ×5.0) — ng.process 123.2ms (typ 35.2ms, 3× over) | proc 72.6 rcpu 0.5 gpu 0.7 rest 0.0 | alloc 56KB | ticks 3, remote.ents 38 | watchdog: 74/76 samples in 'bot.think'[0m
[lb]hitch CPU-LOGIC ×2] 72.6–131.1ms over 0.1s (med 14.8) — ng.process 123.2ms (typ 35.2ms, 3× over)[0m
[lb]hitch MIXED] 135.5ms (7 dropped @60Hz) (med 14.8, ×9.1) — mixed — ng.process 67.6ms | proc 69.5 rcpu 0.5 gpu 0.8 rest 65.6 | alloc 48KB | ticks 3, remote.ents 38 | watchdog: 37/41 samples in 'bot.think'[0m
[lb]hitch]   gpu: draws 1012, pipeline compiles +0, vram 3763MB[0m
[lb]hitch]   events: [lb]-4f] sim: backlog dropped (272ms behind); sim: backlog dropped (300ms behind)[0m
[lb]hitch]   prev: 116.7 16.7 63.8 132.3 136.9 127.8 72.6 131.1[0m
[lb]hitch CPU-LOGIC] 87.7ms (4 dropped @60Hz) (med 14.8, ×5.9) — ng.process 58.9ms | proc 60.6 rcpu 0.5 gpu 0.8 rest 26.6 | alloc 138KB | ticks 3, remote.ents 38 | watchdog: 33/35 samples in 'bot.think'[0m
[lb]hitch CPU-LOGIC ×3] 78.9–125.5ms over 0.3s (med 14.9) — ng.process 58.9ms[0m
[lb]hitch MIXED] 133.0ms (7 dropped @60Hz) (med 14.9, ×8.9) — mixed — ng.process 68.6ms | proc 70.1 rcpu 0.5 gpu 0.8 rest 62.4 | alloc 48KB | ticks 3, remote.ents 38 | watchdog: 39/43 samples in 'bot.think'[0m
[lb]hitch CPU-LOGIC] 91.5ms (4 dropped @60Hz) (med 14.9, ×6.1) — ng.process 63.3ms | proc 64.8 rcpu 0.5 gpu 0.8 rest 26.2 | alloc 64KB | ticks 3, remote.ents 38 | watchdog: 33/37 samples in 'bot.think'[0m
[lb]hitch]   gpu: draws 610, pipeline compiles +0, vram 3763MB[0m
[lb]hitch]   events: [lb]-5f] sim: backlog dropped (300ms behind); [lb]-1f] sim: backlog dropped (259ms behind)[0m
[lb]hitch]   prev: 127.8 72.6 131.1 135.5 87.7 78.9 125.5 133.0[0m
[lb]hitch CPU-LOGIC ×4] 74.1–91.5ms over 0.3s (med 15.4) — ng.process 63.3ms[0m
[lb]hitch EXTERNAL] 78.6ms (4 dropped @60Hz) (med 15.4, ×5.1) — rest-dominated, game-side quiet — OS/compositor/driver | proc 4.3 rcpu 0.4 gpu 0.9 rest 73.9 | alloc 40KB | ticks 3, remote.ents 23 | watchdog: 39/52 samples in 'bot.think'[0m
[lb]hitch CPU-LOGIC] 60.8ms (3 dropped @60Hz) (med 16.2, ×3.8) — ng.process 85.4ms | proc 60.8 rcpu 0.4 gpu 0.9 rest 0.0 | alloc 40KB | ticks 3, remote.ents 23 | watchdog: 42/51 samples in 'bot.think'[0m
[lb]hitch CPU-LOGIC ×2] 60.8–89.2ms over 0.1s (med 16.7) — ng.process 85.4ms[0m
[lb]hitch EXTERNAL] 133.3ms (7 dropped @60Hz) (med 16.7, ×8.0) — rest-dominated, game-side quiet — OS/compositor/driver | proc 3.7 rcpu 0.4 gpu 0.9 rest 129.2 | alloc 40KB | ticks 3, remote.ents 23 | watchdog: 85/91 samples in 'bot.think'[0m
[lb]hitch]   gpu: draws 1492, pipeline compiles +0, vram 3763MB[0m
[lb]hitch]   events: [lb]-6f] net: PREDICTION DESYNC 1822qu (predicted vs acked-replay origin); [lb]-1f] sim: backlog dropped (241ms behind)[0m
[lb]hitch]   prev: 91.5 74.7 79.5 74.1 78.6 26.4 60.8 89.2[0m
[lb]hitch CPU-LOGIC] 80.5ms (4 dropped @60Hz) (med 16.7, ×4.8) — ng.process 74.6ms | proc 75.8 rcpu 0.4 gpu 1.0 rest 4.3 | alloc 40KB | ticks 3, remote.ents 23 | watchdog: 42/44 samples in 'bot.think'[0m
[lb]frameprofile] scene: nodes 2893 objs-drawn 2753 draws 1495 vram 3763MB[0m
[lb]frameprofile] census: Label 876  HBoxContainer 218  Control 157  Dependent 113  Button 110  CvarCheckBox 104  VBoxContainer 78  HSlider 62  CvarSlider 58  MarginContainer 52[0m
[lb]frameprofile] 160 frames: p50 13.4 p95 130.9 p99 133.4 p99.9 135.6ms (max 136.9) | 11 EXTERNAL, 2 GC-PAUSE, 22 CPU-LOGIC, 3 MIXED | alloc 56MB/s heap 537.8MB | proc 82.7 gpu 1.0[0m
[lb]frameprofile] ms/frame: ng.process 22.4  server.tick 22.0  sim.move 21.3  move.in 20.8  bot.think 20.8  proc:other 1.1  bot.path 0.7  move.pm 0.4  net.send 0.4  cw.process 0.3[0m
[lb]hitch CPU-LOGIC ×2] 80.5–82.7ms over 0.2s (med 16.7) — ng.process 74.6ms[0m
[lb]hitch EXTERNAL] 136.7ms (7 dropped @60Hz) (med 16.7, ×8.2) — rest-dominated, game-side quiet — OS/compositor/driver | proc 3.4 rcpu 0.4 gpu 1.1 rest 132.9 | alloc 88KB | ticks 3, remote.ents 23 | watchdog: 86/94 samples in 'bot.think'[0m
[lb]hitch EXTERNAL ×2] 80.2–136.7ms over 0.1s (med 16.7) — rest-dominated, game-side quiet — OS/compositor/driver[0m
[lb]hitch CPU-LOGIC] 74.0ms (3 dropped @60Hz) (med 16.7, ×4.4) — ng.process 74.3ms | proc 74.0 rcpu 0.5 gpu 1.7 rest 0.0 | alloc 48KB | ticks 3, remote.ents 23 | watchdog: 43/45 samples in 'bot.think'[0m
[lb]hitch CPU-LOGIC ×2] 74.0–84.6ms over 0.1s (med 16.7) — ng.process 74.3ms[0m
[lb]hitch EXTERNAL] 83.3ms (4 dropped @60Hz) (med 16.7, ×5.0) — rest-dominated, game-side quiet — OS/compositor/driver | proc 3.3 rcpu 0.4 gpu 1.8 rest 79.6 | alloc 48KB | ticks 3, remote.ents 23 | watchdog: 41/47 samples in 'bot.think'[0m
[lb]hitch]   gpu: draws 1585, pipeline compiles +0, vram 3763MB[0m
[lb]hitch]   events: [lb]-6f] sim: backlog dropped (242ms behind)[0m
[lb]hitch]   prev: 80.5 82.7 136.7 16.7 80.2 11.2 74.0 84.6[0m
[lb]hitch CPU-LOGIC] 76.2ms (4 dropped @60Hz) (med 16.7, ×4.6) — ng.process 61.0ms | proc 62.3 rcpu 0.4 gpu 1.1 rest 13.5 | alloc 48KB | ticks 3, remote.ents 23 | watchdog: 34/36 samples in 'bot.think'[0m
[lb]hitch CPU-LOGIC ×4] 67.4–76.8ms over 0.3s (med 16.7) — ng.process 61.0ms[0m
[lb]hitch EXTERNAL] 108.2ms (5 dropped @60Hz) (med 16.7, ×6.5) — rest-dominated, game-side quiet — OS/compositor/driver | proc 6.5 rcpu 0.4 gpu 1.4 rest 101.4 | alloc 290KB | ticks 3, remote.ents 21[0m
[lb]hitch CPU-LOGIC] 48.6ms (2 dropped @60Hz) (med 15.4, ×3.2) — ng.process 67.8ms (typ 19.9ms, 3× over) | proc 48.6 rcpu 0.4 gpu 0.4 rest 0.0 | alloc 40KB | ticks 3, remote.ents 20 | watchdog: 39/41 samples in 'bot.think'[0m
[lb]hitch]   gpu: draws 1636, pipeline compiles +0, vram 3765MB[0m
[lb]hitch]   prev: 9.4 7.9 7.4 8.1 7.7 9.2 8.9 7.6[0m
[lb]hitch EXTERNAL] 84.3ms (4 dropped @60Hz) (med 15.4, ×5.5) — rest-dominated, game-side quiet — OS/compositor/driver | proc 3.6 rcpu 0.4 gpu 0.4 rest 80.2 | alloc 136KB | ticks 3, remote.ents 20 | watchdog: 39/46 samples in 'bot.think'[0m
[lb]hitch EXTERNAL ×2] 70.3–84.3ms over 0.2s (med 12.5) — rest-dominated, game-side quiet — OS/compositor/driver[0m
[lb]hitch VSYNC/PRESENT] 79.1ms (4 dropped @60Hz) (med 12.5, ×6.3) — present/vsync-bound (rest 53.1ms, gpu 0.7ms) | proc 25.5 rcpu 0.4 gpu 0.7 rest 53.1 | alloc 145KB | ticks 3, remote.ents 22 | watchdog: 4/13 samples in 'sim.integrate'[0m
[lb]hitch]   gpu: draws 1651, pipeline compiles +0, vram 3765MB[0m
[lb]hitch]   prev: 8.3 8.3 8.3 8.3 8.3 9.1 9.1 9.1[0m
[lb]hitch CPU-LOGIC] 40.5ms (1 dropped @60Hz) (med 12.5, ×3.2) — ng.process 73.6ms (typ 11.9ms, 6× over) | proc 40.5 rcpu 0.5 gpu 0.4 rest 0.0 | alloc 154KB | ticks 3, remote.ents 22 | watchdog: 41/43 samples in 'bot.think'[0m
[lb]hitch CPU-LOGIC ×3] 40.5–97.7ms over 0.2s (med 12.5) — ng.process 73.6ms (typ 11.9ms, 6× over)[0m
[lb]hitch EXTERNAL] 81.0ms (4 dropped @60Hz) (med 12.5, ×6.5) — rest-dominated, game-side quiet — OS/compositor/driver | proc 9.7 rcpu 0.4 gpu 0.4 rest 70.9 | alloc 214KB | ticks 3, remote.ents 8 | watchdog: 1/3 samples in 'iqm.mesh'[0m
[lb]hitch CPU-LOGIC] 66.7ms (3 dropped @60Hz) (med 12.5, ×5.3) — ng.process 64.7ms | proc 66.7 rcpu 0.4 gpu 0.4 rest 0.0 | alloc 80KB | ticks 3, remote.ents 23 | watchdog: 37/39 samples in 'bot.think'[0m
[lb]hitch CPU-LOGIC ×2] 66.7–77.3ms over 0.1s (med 12.6) — ng.process 64.7ms[0m
[lb]hitch EXTERNAL] 66.6ms (3 dropped @60Hz) (med 12.6, ×5.3) — rest-dominated, game-side quiet — OS/compositor/driver | proc 3.4 rcpu 0.4 gpu 0.8 rest 62.7 | alloc 40KB | ticks 3, remote.ents 23 | watchdog: 32/38 samples in 'bot.think'[0m
[lb]hitch]   gpu: draws 1581, pipeline compiles +0, vram 3766MB[0m
[lb]hitch]   events: [lb]-4f] anim cache HIT models/player/seraphina.iqm; [lb]-3f] stream: player model models/player/seraphina.iqm (parse) built (0.0ms); [lb]-2f] stream: player model models/player/seraphina.iqm tex textures/seraphina built (0.0ms); [lb]-2f] stream: player model models/player/seraphina.iqm tex textures/seraphina_norm built (0.0ms); [lb]-2f] stream: player model models/player/seraphina.iqm tex textures/seraphina_gloss built (0.0ms); [lb]-2f] stream: player model models/player/seraphina.iqm tex textures/seraphina_glow built (0.0ms); [lb]-2f] stream: player model models/player/seraphina.iqm tex textures/seraphina_reflect built (0.0ms); [lb]-2f] stream: player model models/player/seraphina.iqm tex textures/seraphina_shirt built (0.0ms); [lb]-2f] stream: player model models/player/seraphina.iqm tex textures/seraphina_pants built (0.0ms); [lb]-2f] stream: player model models/player/seraphina.iqm tex textures/ignisfullbright built (0.0ms); [lb]-2f] stream: player model models/player/seraphina.iqm tex textures/ignisfullbright_norm built (0.0ms); [lb]-2f] stream: player model models/player/seraphina.iqm tex textures/ignisfullbright_gloss built (0.0ms); [lb]-2f] stream: player model models/player/seraphina.iqm tex textures/ignisfullbright_glow built (0.0ms); [lb]-2f] stream: player model models/player/seraphina.iqm tex textures/ignisfullbright_reflect built (0.0ms); [lb]-2f] stream: player model models/player/seraphina.iqm tex textures/ignisfullbright_shirt built (0.0ms); [lb]-2f] stream: player model models/player/seraphina.iqm tex textures/ignisfullbright_pants built (2.1ms); sim: backlog dropped (233ms behind)[0m
[lb]hitch]   prev: 79.1 40.5 76.2 97.7 81.0 21.3 66.7 77.3[0m
[lb]hitch EXTERNAL ×2] 66.6–66.7ms over 0.1s (med 12.3) — rest-dominated, game-side quiet — OS/compositor/driver[0m
[lb]hitch CPU-LOGIC] 59.8ms (3 dropped @60Hz) (med 12.3, ×4.9) — ng.process 60.5ms | proc 59.8 rcpu 0.4 gpu 0.4 rest 0.0 | alloc 48KB | ticks 3, remote.ents 38 | watchdog: 33/36 samples in 'bot.think'[0m
[lb]hitch CPU-LOGIC ×4] 59.8–74.3ms over 0.3s (med 12.3) — ng.process 60.5ms[0m
[lb]hitch MIXED] 138.9ms (7 dropped @60Hz) (med 12.3, ×11.3) — mixed — ng.process 62.6ms | proc 64.4 rcpu 0.4 gpu 0.4 rest 74.1 | alloc 40KB | ticks 3, remote.ents 38 | watchdog: 34/36 samples in 'bot.think'[0m
[lb]hitch]   gpu: draws 1664, pipeline compiles +0, vram 3768MB[0m
[lb]hitch]   events: [lb]-7f] anim cache HIT models/player/erebus.iqm; [lb]-6f] stream: player model models/player/erebus.iqm (parse) built (0.0ms); [lb]-5f] stream: player model models/player/erebus.iqm tex textures/erebusfullbright built (0.0ms); [lb]-5f] stream: player model models/player/erebus.iqm tex textures/erebusfullbright_norm built (0.0ms); [lb]-5f] stream: player model models/player/erebus.iqm tex textures/erebusfullbright_gloss built (0.0ms); [lb]-5f] stream: player model models/player/erebus.iqm tex textures/erebusfullbright_glow built (0.0ms); [lb]-5f] stream: player model models/player/erebus.iqm tex textures/erebusfullbright_reflect built (0.0ms); [lb]-5f] stream: player model models/player/erebus.iqm tex textures/erebusfullbright_shirt built (0.0ms); [lb]-5f] stream: player model models/player/erebus.iqm tex textures/erebusfullbright_pants built (0.0ms); [lb]-5f] stream: player model models/player/erebus.iqm tex textures/shadowheadfb built (0.0ms); [lb]-5f] stream: player model models/player/erebus.iqm tex textures/shadowheadfb_norm built (0.0ms); [lb]-5f] stream: player model models/player/erebus.iqm tex textures/shadowheadfb_gloss built (0.0ms); [lb]-5f] stream: player model models/player/erebus.iqm tex textures/shadowheadfb_glow built (0.0ms); [lb]-5f] stream: player model models/player/erebus.iqm tex textures/shadowheadfb_reflect built (0.0ms); [lb]-5f] stream: player model models/player/erebus.iqm tex textures/shadowheadfb_shirt built (0.0ms); [lb]-5f] stream: player model models/player/erebus.iqm tex textures/shadowheadfb_pants built (2.0ms)[0m
[lb]hitch]   prev: 12.2 10.5 66.7 20.3 59.8 62.5 74.1 74.3[0m
[lb]hitch CPU-LOGIC] 74.4ms (3 dropped @60Hz) (med 12.3, ×6.0) — ng.process 63.1ms | proc 64.8 rcpu 0.5 gpu 0.7 rest 9.2 | alloc 219KB | ticks 3, remote.ents 38 | watchdog: 36/38 samples in 'bot.think'[0m
[lb]hitch EXTERNAL] 79.0ms (4 dropped @60Hz) (med 12.3, ×6.4) — rest-dominated, game-side quiet — OS/compositor/driver | proc 4.0 rcpu 0.5 gpu 0.7 rest 74.5 | alloc 40KB | ticks 3, remote.ents 38 | watchdog: 36/43 samples in 'bot.think'[0m
[lb]hitch CPU-LOGIC] 75.4ms (4 dropped @60Hz) (med 12.3, ×6.1) — ng.process 68.0ms | proc 69.6 rcpu 0.5 gpu 0.7 rest 5.3 | alloc 48KB | ticks 3, remote.ents 38 | watchdog: 39/41 samples in 'bot.think'[0m
[lb]hitch EXTERNAL] 71.4ms (3 dropped @60Hz) (med 12.3, ×5.8) — rest-dominated, game-side quiet — OS/compositor/driver | proc 4.5 rcpu 0.4 gpu 0.7 rest 66.5 | alloc 88KB | ticks 3, remote.ents 24 | watchdog: 39/45 samples in 'bot.think'[0m
[lb]hitch CPU-LOGIC] 61.5ms (3 dropped @60Hz) (med 12.3, ×5.0) — ng.process 63.6ms | proc 61.5 rcpu 0.5 gpu 0.7 rest 0.0 | alloc 40KB | ticks 3, remote.ents 24 | watchdog: 36/38 samples in 'bot.think'[0m
[lb]hitch CPU-LOGIC ×2] 61.5–81.0ms over 0.1s (med 12.3) — ng.process 63.6ms[0m
[lb]hitch EXTERNAL] 72.3ms (3 dropped @60Hz) (med 12.3, ×5.9) — rest-dominated, game-side quiet — OS/compositor/driver | proc 4.3 rcpu 0.4 gpu 1.4 rest 67.6 | alloc 40KB | ticks 3, remote.ents 24 | watchdog: 37/42 samples in 'bot.think'[0m
[lb]hitch]   gpu: draws 1614, pipeline compiles +0, vram 3764MB[0m
[lb]hitch]   prev: 74.4 79.0 3.1 75.4 71.4 16.7 61.5 81.0[0m
[lb]hitch CPU-LOGIC] 68.4ms (3 dropped @60Hz) (med 12.3, ×5.6) — ng.process 59.6ms | proc 60.5 rcpu 0.4 gpu 0.8 rest 7.5 | alloc 96KB | ticks 3, remote.ents 19 | watchdog: 33/34 samples in 'bot.think'[0m
[lb]hitch CPU-LOGIC ×6] 67.4–138.0ms over 0.6s (med 12.5) — ng.process 59.6ms[0m
[lb]hitch EXTERNAL] 82.4ms (4 dropped @60Hz) (med 12.5, ×6.6) — rest-dominated, game-side quiet — OS/compositor/driver | proc 3.8 rcpu 0.4 gpu 1.0 rest 78.1 | alloc 48KB | ticks 3, remote.ents 20 | watchdog: 39/45 samples in 'bot.think'[0m
[lb]hitch]   gpu: draws 1644, pipeline compiles +0, vram 3766MB[0m
[lb]hitch]   events: [lb]-7f] anim cache HIT models/player/gakmasked.iqm; [lb]-7f] anim cache HIT models/player/ignismasked.iqm; [lb]-7f] anim cache HIT models/player/ignismasked.iqm; [lb]-6f] stream: player model models/player/gakmasked.iqm (parse) built (0.0ms); [lb]-6f] stream: player model models/player/ignismasked.iqm (parse) built (0.0ms); [lb]-6f] stream: player model models/player/ignismasked.iqm (parse) built (0.0ms); [lb]-5f] stream: player model models/player/gakmasked.iqm tex textures/gakfullbright built (0.0ms); [lb]-5f] stream: player model models/player/gakmasked.iqm tex textures/gakfullbright_norm built (0.0ms); [lb]-5f] stream: player model models/player/gakmasked.iqm tex textures/gakfullbright_gloss built (0.0ms); [lb]-5f] stream: player model models/player/gakmasked.iqm tex textures/gakfullbright_glow built (0.0ms); [lb]-5f] stream: player model models/player/gakmasked.iqm tex textures/gakfullbright_reflect built (0.0ms); [lb]-5f] stream: player model models/player/gakmasked.iqm tex textures/gakfullbright_shirt built (0.0ms); [lb]-5f] stream: player model models/player/gakmasked.iqm tex textures/gakfullbright_pants built (0.0ms); [lb]-5f] stream: player model models/player/gakmasked.iqm tex textures/gakarmorfb built (0.0ms); [lb]-5f] stream: player model models/player/gakmasked.iqm tex textures/gakarmorfb_norm built (0.0ms); [lb]-5f] stream: player model models/player/gakmasked.iqm tex textures/gakarmorfb_gloss built (0.0ms); [lb]-5f] stream: player model models/player/gakmasked.iqm tex textures/gakarmorfb_glow built (0.0ms); [lb]-5f] stream: player model models/player/gakmasked.iqm tex textures/gakarmorfb_reflect built (0.0ms); [lb]-5f] stream: player model models/player/gakmasked.iqm tex textures/gakarmorfb_shirt built (0.0ms); [lb]-5f] stream: player model models/player/gakmasked.iqm tex textures/gakarmorfb_pants built (1.8ms); [lb]-5f] stream: player model models/player/ignismasked.iqm tex textures/ignisfullbright built (0.0ms); [lb]-5f] stream: player model models/player/ignismasked.iqm tex textures/ignisfullbright_norm built (0.0ms); [lb]-5f] stream: player model models/player/ignismasked.iqm tex textures/ignisfullbright_gloss built (0.0ms); [lb]-5f] stream: player model models/player/ignismasked.iqm tex textures/ignisfullbright_glow built (0.0ms); [lb]-5f] stream: player model models/player/ignismasked.iqm tex textures/ignisfullbright_reflect built (0.0ms); [lb]-5f] stream: player model models/player/ignismasked.iqm tex textures/ignisfullbright_shirt built (0.0ms); [lb]-5f] stream: player model models/player/ignismasked.iqm tex textures/ignisfullbright_pants built (0.0ms); [lb]-5f] stream: player model models/player/ignismasked.iqm tex textures/ignisheadfb built (0.0ms); [lb]-5f] stream: player model models/player/ignismasked.iqm tex textures/ignisheadfb_norm built (0.0ms); [lb]-5f] stream: player model models/player/ignismasked.iqm tex textures/ignisheadfb_gloss built (0.0ms); [lb]-5f] stream: player model models/player/ignismasked.iqm tex textures/ignisheadfb_glow built (0.0ms); [lb]-5f] stream: player model models/player/ignismasked.iqm tex textures/ignisheadfb_reflect built (0.0ms); [lb]-5f] stream: player model models/player/ignismasked.iqm tex textures/ignisheadfb_shirt built (0.0ms); [lb]-5f] stream: player model models/player/ignismasked.iqm tex textures/ignisheadfb_pants built (1.6ms); [lb]-4f] stream: player model models/player/ignismasked.iqm tex textures/ignisfullbright built (0.0ms); [lb]-4f] stream: player model models/player/ignismasked.iqm tex textures/ignisfullbright_norm built (0.0ms); [lb]-4f] stream: player model models/player/ignismasked.iqm tex textures/ignisfullbright_gloss built (0.0ms); [lb]-4f] stream: player model models/player/ignismasked.iqm tex textures/ignisfullbright_glow built (0.0ms); [lb]-4f] stream: player model models/player/ignismasked.iqm tex textures/ignisfullbright_reflect built (0.0ms); [lb]-4f] stream: player model models/player/ignismasked.iqm tex textures/ignisfullbright_shirt built (0.0ms); [lb]-4f] stream: player model models/player/ignismasked.iqm tex textures/ignisfullbright_pants built (0.0ms); [lb]-4f] stream: player model models/player/ignismasked.iqm tex textures/ignisheadfb built (0.0ms); [lb]-4f] stream: player model models/player/ignismasked.iqm tex textures/ignisheadfb_norm built (0.0ms); [lb]-4f] stream: player model models/player/ignismasked.iqm tex textures/ignisheadfb_gloss built (0.0ms); [lb]-4f] stream: player model models/player/ignismasked.iqm tex textures/ignisheadfb_glow built (0.0ms); [lb]-4f] stream: player model models/player/ignismasked.iqm tex textures/ignisheadfb_reflect built (0.0ms); [lb]-4f] stream: player model models/player/ignismasked.iqm tex textures/ignisheadfb_shirt built (0.0ms); [lb]-4f] stream: player model models/player/ignismasked.iqm tex textures/ignisheadfb_pants built (1.7ms); [lb]-3f] sim: backlog dropped (301ms behind)[0m
[lb]hitch]   prev: 72.3 18.4 68.4 67.4 76.2 138.0 133.3 90.6[0m
[lb]hitch CPU-LOGIC] 88.2ms (4 dropped @60Hz) (med 12.5, ×7.1) — ng.process 75.4ms | proc 77.0 rcpu 0.4 gpu 1.0 rest 10.8 | alloc 40KB | ticks 3, remote.ents 20 | watchdog: 42/44 samples in 'bot.think'[0m
[lb]hitch CPU-LOGIC ×2] 85.1–88.2ms over 0.1s (med 13.0) — ng.process 75.4ms[0m
[lb]hitch EXTERNAL] 105.8ms (5 dropped @60Hz) (med 13.0, ×8.1) — rest-dominated, game-side quiet — OS/compositor/driver | proc 10.3 rcpu 0.4 gpu 1.0 rest 95.1 | alloc 231KB | ticks 3, remote.ents 9 | watchdog: 1/3 samples in 'cev.process'[0m
[lb]hitch EXTERNAL ×2] 74.4–105.8ms over 0.1s (med 12.6) — rest-dominated, game-side quiet — OS/compositor/driver[0m
[lb]hitch CPU-LOGIC] 138.9ms (7 dropped @60Hz) (med 12.6, ×11.0) — ng.process 111.1ms (typ 32.5ms, 3× over) | proc 112.8 rcpu 0.5 gpu 0.9 rest 25.6 | alloc 48KB | ticks 3, remote.ents 38 | watchdog: 49/68 samples in 'bot.think'[0m
[lb]hitch]   gpu: draws 1705, pipeline compiles +0, vram 3768MB[0m
[lb]hitch]   prev: 8.3 8.3 8.3 8.3 8.3 8.3 8.3 8.3[0m
[lb]hitch CPU-LOGIC ×2] 123.2–138.9ms over 0.2s (med 12.6) — ng.process 111.1ms (typ 32.5ms, 3× over)[0m
[lb]hitch EXTERNAL] 147.2ms (8 dropped @60Hz) (med 12.6, ×11.7) — rest-dominated, game-side quiet — OS/compositor/driver | proc 5.0 rcpu 0.5 gpu 0.9 rest 141.7 | alloc 48KB | ticks 3, remote.ents 38 | watchdog: 84/135 samples in 'bot.think'[0m
[lb]frameprofile] scene: nodes 2947 objs-drawn 3001 draws 1699 vram 3768MB[0m
[lb]frameprofile] census: Label 876  HBoxContainer 218  Control 157  Dependent 113  Button 110  CvarCheckBox 104  VBoxContainer 78  HSlider 62  CvarSlider 58  MeshInstance3D 56[0m
[lb]frameprofile] 145 frames: p50 15.1 p95 105.9 p99 138.9 p99.9 138.9ms (max 147.2) | 16 EXTERNAL, 1 VSYNC/PRESENT, 30 CPU-LOGIC, 1 MIXED | alloc 6MB/s heap 542.0MB | proc 5.0 gpu 0.9[0m
[lb]frameprofile] ms/frame: ng.process 26.5  server.tick 25.9  sim.move 25.2  move.in 24.6  bot.think 24.6  bot.path 1.4  cw.process 0.7  cw.players 0.5  proc:other 0.4  move.pm 0.4[0m
[lb]hitch CPU-LOGIC] 143.3ms (8 dropped @60Hz) (med 11.0, ×13.0) — ng.process 119.1ms (typ 16.7ms, 7× over) | proc 120.3 rcpu 0.4 gpu 0.6 rest 22.6 | alloc 48KB | ticks 3, remote.ents 25 | watchdog: 54/75 samples in 'bot.think'[0m
[lb]hitch]   gpu: draws 941, pipeline compiles +0, vram 3768MB[0m
[lb]hitch]   prev: 9.7 9.7 9.7 11.0 10.0 10.0 10.0 10.0[0m
[lb]hitch EXTERNAL] 133.3ms (7 dropped @60Hz) (med 11.0, ×12.1) — rest-dominated, game-side quiet — OS/compositor/driver | proc 4.2 rcpu 0.4 gpu 0.6 rest 128.7 | alloc 161KB | ticks 3, remote.ents 25 | watchdog: 54/81 samples in 'bot.think'[0m
[lb]hitch EXTERNAL ×2] 118.0–133.3ms over 0.2s (med 11.6) — rest-dominated, game-side quiet — OS/compositor/driver[0m
[lb]hitch CPU-LOGIC] 78.8ms (4 dropped @60Hz) (med 11.6, ×6.8) — ng.process 110.9ms (typ 18.9ms, 6× over) | proc 78.8 rcpu 0.5 gpu 1.4 rest 0.0 | alloc 40KB | ticks 3, remote.ents 20 | watchdog: 54/70 samples in 'bot.think'[0m
[lb]hitch]   gpu: draws 1591, pipeline compiles +0, vram 3766MB[0m
[lb]hitch]   prev: 16.7 12.5 11.6 8.9 11.1 10.7 7.9 8.5[0m
[lb]hitch CPU-LOGIC ×2] 78.8–128.3ms over 0.1s (med 11.6) — ng.process 110.9ms (typ 18.9ms, 6× over)[0m
[lb]hitch EXTERNAL] 106.5ms (5 dropped @60Hz) (med 11.6, ×9.2) — rest-dominated, game-side quiet — OS/compositor/driver | proc 4.8 rcpu 0.4 gpu 0.7 rest 101.3 | alloc 40KB | ticks 3, remote.ents 20 | watchdog: 49/64 samples in 'bot.think'[0m
[lb]hitch EXTERNAL ×2] 106.5–115.5ms over 0.2s (med 11.1) — rest-dominated, game-side quiet — OS/compositor/driver[0m
[lb]hitch CPU-LOGIC] 79.7ms (4 dropped @60Hz) (med 11.1, ×7.2) — ng.process 70.2ms | proc 71.8 rcpu 0.4 gpu 0.7 rest 7.4 | alloc 40KB | ticks 3, remote.ents 20 | watchdog: 38/41 samples in 'bot.think'[0m
[lb]hitch]   gpu: draws 1582, pipeline compiles +0, vram 3766MB[0m
[lb]hitch]   prev: 106.5 15.1 8.0 9.9 15.4 115.5 17.9 3.6[0m
[lb]hitch EXTERNAL] 83.3ms (4 dropped @60Hz) (med 11.1, ×7.5) — rest-dominated, game-side quiet — OS/compositor/driver | proc 4.7 rcpu 0.4 gpu 0.7 rest 78.1 | alloc 138KB | ticks 3, remote.ents 20 | watchdog: 38/48 samples in 'bot.think'[0m
[lb]hitch CPU-LOGIC] 113.0ms (6 dropped @60Hz) (med 11.1, ×10.2) — ng.process 96.6ms | proc 98.2 rcpu 0.4 gpu 0.7 rest 14.5 | alloc 48KB | ticks 3, remote.ents 20 | watchdog: 55/58 samples in 'bot.think'[0m
[lb]hitch CPU-LOGIC ×6] 100.4–150.0ms over 0.7s (med 11.1) — ng.process 96.6ms[0m
[lb]hitch EXTERNAL] 105.0ms (5 dropped @60Hz) (med 11.1, ×9.4) — rest-dominated, game-side quiet — OS/compositor/driver | proc 4.1 rcpu 0.4 gpu 2.2 rest 100.5 | alloc 48KB | ticks 3, remote.ents 20 | watchdog: 55/61 samples in 'bot.think'[0m
[lb]hitch]   gpu: draws 1522, pipeline compiles +0, vram 3766MB[0m
[lb]hitch]   events: [lb]-5f] sim: backlog dropped (272ms behind); [lb]-2f] sim: backlog dropped (242ms behind)[0m
[lb]hitch]   prev: 83.3 20.0 113.0 100.4 116.7 133.3 116.7 150.0[0m
[lb]hitch CPU-LOGIC] 97.1ms (5 dropped @60Hz) (med 11.1, ×8.7) — ng.process 103.8ms | proc 97.1 rcpu 0.4 gpu 2.3 rest 0.0 | alloc 48KB | ticks 3, remote.ents 20 | watchdog: 62/64 samples in 'bot.think'[0m
[lb]hitch CPU-LOGIC ×2] 97.1–116.7ms over 0.1s (med 11.1) — ng.process 103.8ms[0m
[lb]hitch EXTERNAL] 104.3ms (5 dropped @60Hz) (med 11.1, ×9.4) — rest-dominated, game-side quiet — OS/compositor/driver | proc 5.1 rcpu 0.4 gpu 3.1 rest 98.8 | alloc 56KB | ticks 3, remote.ents 19 | watchdog: 54/59 samples in 'bot.think'[0m
[lb]hitch CPU-LOGIC] 81.8ms (4 dropped @60Hz) (med 11.1, ×7.4) — ng.process 78.0ms | proc 79.4 rcpu 0.4 gpu 2.3 rest 1.9 | alloc 40KB | ticks 3, remote.ents 19 | watchdog: 45/47 samples in 'bot.think'[0m
[lb]hitch CPU-LOGIC ×2] 81.8–83.3ms over 0.1s (med 11.1) — ng.process 78.0ms[0m
[lb]hitch EXTERNAL] 108.6ms (6 dropped @60Hz) (med 11.1, ×9.8) — rest-dominated, game-side quiet — OS/compositor/driver | proc 4.0 rcpu 0.4 gpu 2.5 rest 104.2 | alloc 40KB | ticks 3, remote.ents 19 | watchdog: 55/61 samples in 'bot.think'[0m
[lb]hitch]   gpu: draws 1489, pipeline compiles +0, vram 3766MB[0m
[lb]hitch]   events: [lb]-5f] sim: backlog dropped (275ms behind); [lb]-2f] net: PREDICTION DESYNC 73qu (predicted vs acked-replay origin)[0m
[lb]hitch]   prev: 105.0 14.6 97.1 116.7 104.3 14.0 81.8 83.3[0m
[lb]hitch CPU-LOGIC] 105.6ms (5 dropped @60Hz) (med 11.1, ×9.5) — ng.process 221.8ms (typ 67.8ms, 3× over) | proc 105.6 rcpu 0.4 gpu 2.4 rest 0.0 | alloc 40KB | ticks 3, remote.ents 19 | watchdog: 119/134 samples in 'bot.think'[0m
[lb]hitch CPU-LOGIC ×2] 105.6–137.4ms over 0.1s (med 11.1) — ng.process 221.8ms (typ 67.8ms, 3× over)[0m
[lb]hitch PIPELINE-COMPILE] 124.7ms (6 dropped @60Hz) (med 11.1, ×11.2) — 1 pipeline compile(s) — SYNC[lb]surface+0 draw+0] async[lb]mesh+0 spec+0] canvas+1 | proc 71.5 rcpu 0.4 gpu 3.6 rest 52.8 | alloc 48KB | ticks 3, remote.ents 19 | watchdog: 39/42 samples in 'bot.think'[0m
[lb]hitch CPU-LOGIC] 92.0ms (5 dropped @60Hz) (med 11.1, ×8.3) — ng.process 65.4ms | proc 66.9 rcpu 0.9 gpu 2.4 rest 24.2 | alloc 56KB | ticks 3, remote.ents 19 | watchdog: 36/38 samples in 'bot.think'[0m
[lb]hitch CPU-LOGIC ×3] 70.6–92.0ms over 0.1s (med 11.1) — ng.process 65.4ms[0m
[lb]hitch EXTERNAL] 73.3ms (3 dropped @60Hz) (med 11.1, ×6.6) — rest-dominated, game-side quiet — OS/compositor/driver | proc 4.6 rcpu 0.5 gpu 2.5 rest 68.1 | alloc 40KB | ticks 3, remote.ents 19 | watchdog: 37/43 samples in 'bot.think'[0m
[lb]hitch]   gpu: draws 1688, pipeline compiles +0, vram 3775MB[0m
[lb]hitch]   events: [lb]-5f] sim: backlog dropped (317ms behind); sim: backlog dropped (225ms behind)[0m
[lb]hitch]   prev: 108.6 15.1 105.6 137.4 124.7 92.0 70.6 72.6[0m
[lb]hitch CPU-LOGIC] 63.0ms (3 dropped @60Hz) (med 11.1, ×5.7) — ng.process 185.1ms | proc 63.0 rcpu 0.5 gpu 4.7 rest 0.0 | alloc 40KB | ticks 3, remote.ents 19 | watchdog: 71/117 samples in 'bot.think'[0m
[lb]hitch MIXED] 137.0ms (7 dropped @60Hz) (med 11.1, ×12.3) — mixed — ng.process 67.1ms | proc 68.8 rcpu 0.8 gpu 2.3 rest 67.4 | alloc 48KB | ticks 3, remote.ents 19 | watchdog: 38/40 samples in 'bot.think'[0m
[lb]hitch CPU-LOGIC] 83.9ms (4 dropped @60Hz) (med 11.1, ×7.6) — ng.process 65.6ms | proc 66.9 rcpu 0.6 gpu 2.4 rest 16.5 | alloc 48KB | ticks 3, remote.ents 19 | watchdog: 38/39 samples in 'bot.think'[0m
[lb]hitch CPU-LOGIC ×2] 82.8–83.9ms over 0.1s (med 11.1) — ng.process 65.6ms[0m
[lb]hitch EXTERNAL] 66.7ms (3 dropped @60Hz) (med 11.1, ×6.0) — rest-dominated, game-side quiet — OS/compositor/driver | proc 4.5 rcpu 0.5 gpu 2.7 rest 61.6 | alloc 40KB | ticks 3, remote.ents 19 | watchdog: 38/44 samples in 'bot.think'[0m
[lb]hitch EXTERNAL ×2] 66.7–66.7ms over 0.1s (med 11.1) — rest-dominated, game-side quiet — OS/compositor/driver[0m
[lb]hitch CPU-LOGIC] 74.3ms (3 dropped @60Hz) (med 11.1, ×6.7) — ng.process 67.7ms | proc 69.0 rcpu 0.5 gpu 2.5 rest 4.8 | alloc 48KB | ticks 3, remote.ents 19 | watchdog: 39/42 samples in 'bot.think'[0m
[lb]hitch]   gpu: draws 1674, pipeline compiles +0, vram 3775MB[0m
[lb]hitch]   events: [lb]-4f] sim: backlog dropped (228ms behind)[0m
[lb]hitch]   prev: 63.0 137.0 83.9 82.8 66.7 16.7 66.7 18.9[0m
[lb]hitch CPU-LOGIC ×6] 73.5–101.5ms over 0.4s (med 11.1) — ng.process 67.7ms[0m
[lb]hitch EXTERNAL] 83.3ms (4 dropped @60Hz) (med 11.1, ×7.5) — rest-dominated, game-side quiet — OS/compositor/driver | proc 3.9 rcpu 0.5 gpu 4.8 rest 79.0 | alloc 48KB | ticks 3, remote.ents 20 | watchdog: 44/51 samples in 'bot.think'[0m
[lb]hitch]   gpu: draws 1663, pipeline compiles +0, vram 3775MB[0m
[lb]hitch]   events: [lb]-3f] anim cache HIT models/player/ignismasked.iqm; [lb]-2f] stream: player model models/player/ignismasked.iqm (parse) built (0.0ms); [lb]-1f] sim: backlog dropped (253ms behind); [lb]-1f] stream: player model models/player/ignismasked.iqm tex textures/ignisfullbright built (0.0ms); [lb]-1f] stream: player model models/player/ignismasked.iqm tex textures/ignisfullbright_norm built (0.0ms); [lb]-1f] stream: player model models/player/ignismasked.iqm tex textures/ignisfullbright_gloss built (0.0ms); [lb]-1f] stream: player model models/player/ignismasked.iqm tex textures/ignisfullbright_glow built (0.0ms); [lb]-1f] stream: player model models/player/ignismasked.iqm tex textures/ignisfullbright_reflect built (0.0ms); [lb]-1f] stream: player model models/player/ignismasked.iqm tex textures/ignisfullbright_shirt built (0.0ms); [lb]-1f] stream: player model models/player/ignismasked.iqm tex textures/ignisfullbright_pants built (0.0ms); [lb]-1f] stream: player model models/player/ignismasked.iqm tex textures/ignisheadfb built (0.0ms); [lb]-1f] stream: player model models/player/ignismasked.iqm tex textures/ignisheadfb_norm built (0.0ms); [lb]-1f] stream: player model models/player/ignismasked.iqm tex textures/ignisheadfb_gloss built (0.0ms); [lb]-1f] stream: player model models/player/ignismasked.iqm tex textures/ignisheadfb_glow built (0.0ms); [lb]-1f] stream: player model models/player/ignismasked.iqm tex textures/ignisheadfb_reflect built (0.0ms); [lb]-1f] stream: player model models/player/ignismasked.iqm tex textures/ignisheadfb_shirt built (0.0ms); [lb]-1f] stream: player model models/player/ignismasked.iqm tex textures/ignisheadfb_pants built (1.9ms)[0m
[lb]hitch]   prev: 66.7 18.9 74.3 73.5 81.8 101.5 83.3 83.3[0m
[lb]frameprofile] scene: nodes 2925 objs-drawn 3946 draws 1663 vram 3775MB[0m
[lb]frameprofile] census: Label 876  HBoxContainer 218  Control 157  Dependent 113  Button 110  CvarCheckBox 104  VBoxContainer 78  HSlider 62  CvarSlider 58  MarginContainer 52[0m
[lb]frameprofile] 121 frames: p50 11.9 p95 124.6 p99 137.4 p99.9 143.4ms (max 150.0) | 12 EXTERNAL, 1 PIPELINE-COMPILE, 28 CPU-LOGIC, 1 MIXED | alloc 2MB/s heap 541.3MB | proc 3.9 gpu 4.8[0m
[lb]frameprofile] ms/frame: ng.process 34.5  server.tick 33.8  sim.move 33.1  move.in 32.5  bot.think 32.5  bot.path 2.4  cw.process 0.6  move.pm 0.5  proc:other 0.5  cw.players 0.5[0m
[lb]hitch CPU-LOGIC] 40.0ms (1 dropped @60Hz) (med 11.1, ×3.6) — ng.process 88.5ms | proc 40.0 rcpu 0.6 gpu 7.1 rest 0.0 | alloc 269KB | ticks 3, remote.ents 20 | watchdog: 48/52 samples in 'bot.think'[0m
[lb]hitch CPU-LOGIC ×3] 40.0–104.1ms over 0.2s (med 11.1) — ng.process 88.5ms[0m
[lb]hitch EXTERNAL] 82.4ms (4 dropped @60Hz) (med 11.1, ×7.4) — rest-dominated, game-side quiet — OS/compositor/driver | proc 9.4 rcpu 0.6 gpu 2.3 rest 72.4 | alloc 120KB | ticks 3, remote.ents 21 | watchdog: 1/3 samples in 'ng.process'[0m
[lb]hitch CPU-LOGIC] 115.9ms (6 dropped @60Hz) (med 11.1, ×10.4) — ng.process 89.3ms | proc 90.9 rcpu 0.5 gpu 4.7 rest 24.4 | alloc 48KB | ticks 3, remote.ents 21 | watchdog: 51/54 samples in 'bot.think'[0m
[lb]hitch CPU-LOGIC ×2] 100.0–115.9ms over 0.1s (med 11.8) — ng.process 89.3ms[0m
[lb]hitch EXTERNAL] 116.7ms (6 dropped @60Hz) (med 11.8, ×9.9) — rest-dominated, game-side quiet — OS/compositor/driver | proc 6.0 rcpu 0.5 gpu 3.3 rest 110.1 | alloc 52KB | ticks 3, remote.ents 21 | watchdog: 67/73 samples in 'bot.think'[0m
[lb]hitch]   gpu: draws 1734, pipeline compiles +0, vram 3775MB[0m
[lb]hitch]   events: [lb]-2f] sim: backlog dropped (242ms behind)[0m
[lb]hitch]   prev: 83.3 40.0 89.3 104.1 82.4 18.5 115.9 100.0[0m
[lb]hitch CPU-LOGIC] 23.9ms (med 12.2, ×1.9) — ng.process 95.4ms | proc 23.9 rcpu 0.6 gpu 2.5 rest 0.0 | alloc 130KB | ticks 3, remote.ents 21 | watchdog: 56/58 samples in 'bot.think'[0m
[lb]hitch CPU-LOGIC ×3] 23.9–105.9ms over 0.4s (med 14.6) — ng.process 95.4ms[0m
[lb]hitch EXTERNAL] 129.2ms (7 dropped @60Hz) (med 14.6, ×8.9) — rest-dominated, game-side quiet — OS/compositor/driver | proc 3.7 rcpu 0.6 gpu 2.3 rest 124.9 | alloc 40KB | ticks 3, remote.ents 20 | watchdog: 145/160 samples in 'bot.think'[0m
[lb]hitch CPU-LOGIC] 80.8ms (4 dropped @60Hz) (med 14.7, ×5.5) — ng.process 82.7ms | proc 80.8 rcpu 0.5 gpu 2.3 rest 0.0 | alloc 48KB | ticks 3, remote.ents 20 | watchdog: 48/50 samples in 'bot.think'[0m
[lb]hitch CPU-LOGIC ×2] 80.8–85.9ms over 0.1s (med 14.9) — ng.process 82.7ms[0m
[lb]hitch EXTERNAL] 100.0ms (5 dropped @60Hz) (med 14.9, ×6.7) — rest-dominated, game-side quiet — OS/compositor/driver | proc 4.4 rcpu 0.5 gpu 2.3 rest 95.1 | alloc 40KB | ticks 3, remote.ents 20 | watchdog: 48/56 samples in 'bot.think'[0m
[lb]hitch]   gpu: draws 1681, pipeline compiles +0, vram 3775MB[0m
[lb]hitch]   events: [lb]-5f] sim: backlog dropped (242ms behind)[0m
[lb]hitch]   prev: 116.7 23.9 105.9 103.6 129.2 20.8 80.8 85.9[0m
[lb]hitch CPU-LOGIC] 83.3ms (4 dropped @60Hz) (med 14.9, ×5.6) — ng.process 85.4ms | proc 83.3 rcpu 0.5 gpu 4.7 rest 0.0 | alloc 40KB | ticks 3, remote.ents 20 | watchdog: 50/53 samples in 'bot.think'[0m
[lb]hitch CPU-LOGIC ×2] 83.3–100.0ms over 0.1s (med 15.1) — ng.process 85.4ms[0m
[lb]hitch EXTERNAL] 89.7ms (4 dropped @60Hz) (med 15.1, ×5.9) — rest-dominated, game-side quiet — OS/compositor/driver | proc 3.8 rcpu 0.5 gpu 3.2 rest 85.4 | alloc 40KB | ticks 3, remote.ents 20 | watchdog: 47/53 samples in 'bot.think'[0m
[lb]hitch CPU-LOGIC] 142.7ms (8 dropped @60Hz) (med 15.4, ×9.3) — ng.process 92.3ms | proc 93.9 rcpu 0.6 gpu 2.4 rest 48.3 | alloc 40KB | ticks 3, remote.ents 20 | watchdog: 53/55 samples in 'bot.think'[0m
[lb]hitch CPU-LOGIC ×2] 104.5–142.7ms over 0.2s (med 15.7) — ng.process 92.3ms[0m
=== frame profiler session summary (53s, 1103 frames) ===[0m
  fps: avg 34.3  1%low 7  0.1%low 7  (median 9.1ms, worst 150.0ms)[0m
  hitches: 250 total — 70 EXTERNAL, 1 ASSET-BUILD, 5 PIPELINE-COMPILE, 5 GC-PAUSE, 19 VSYNC/PRESENT, 145 CPU-LOGIC, 5 MIXED[0m
    worst[lb]1]: 150.0ms CPU-LOGIC (ng.process) @ t=30.0s[0m
    worst[lb]2]: 150.0ms CPU-LOGIC (ng.process) @ t=47.8s[0m
    worst[lb]3]: 147.2ms EXTERNAL (ng.process) @ t=45.2s[0m
    worst[lb]4]: 143.3ms CPU-LOGIC (ng.process) @ t=45.9s[0m
    worst[lb]5]: 142.7ms CPU-LOGIC (ng.process) @ t=52.5s[0m
  gc: g0+86 g1+59 g2+36, total pause 275ms[0m
  alloc: 2.8GB total, 2MB/s recent, peak 433.4MB in one frame @ t=7.0s, heap 542.8MB[0m
